Warning: no access to tty (Bad file descriptor).
Thus no job control in this shell.
Warning: no access to tty (Bad file descriptor).
Thus no job control in this shell.
Sat Dec 18 15:37:57 CET 2021
/usr/scratch4/magr4985/TRPL/BatchJobs/C2702_hzb/Run4
# Thread: 4
8733472887111075779 RNG Seed
Run 1
Starting optimization with optimizer DiffEvoOpt{FitPopulation{Float64}, RadiusLimitedSelector, BlackBoxOptim.DiffEvoRandBin{3}, RandomBound{ContinuousRectSearchSpace}}
0.00 secs, 0 evals, 0 steps
30.02 secs, 2948 evals, 2859 steps, improv/step: 0.295 (last = 0.2945), fitness=-264877946.751263976
60.03 secs, 6188 evals, 6099 steps, improv/step: 0.226 (last = 0.1648), fitness=-283436570.251072347
90.03 secs, 9635 evals, 9546 steps, improv/step: 0.200 (last = 0.1546), fitness=-287013885.969462991
120.06 secs, 13122 evals, 13033 steps, improv/step: 0.181 (last = 0.1299), fitness=-287126952.504761815
150.07 secs, 16550 evals, 16461 steps, improv/step: 0.160 (last = 0.0805), fitness=-287155768.844995737
180.09 secs, 19961 evals, 19872 steps, improv/step: 0.144 (last = 0.0648), fitness=-287167626.249643743
210.10 secs, 23491 evals, 23402 steps, improv/step: 0.134 (last = 0.0754), fitness=-287175739.749909401
240.10 secs, 26965 evals, 26876 steps, improv/step: 0.127 (last = 0.0815), fitness=-287186558.671862066
270.10 secs, 30480 evals, 30391 steps, improv/step: 0.121 (last = 0.0785), fitness=-287191366.538964152
300.11 secs, 34067 evals, 33978 steps, improv/step: 0.116 (last = 0.0677), fitness=-287194572.776452541
330.12 secs, 37533 evals, 37444 steps, improv/step: 0.111 (last = 0.0643), fitness=-287197423.598488212
360.12 secs, 41028 evals, 40939 steps, improv/step: 0.106 (last = 0.0575), fitness=-287199459.829050183
390.13 secs, 44457 evals, 44368 steps, improv/step: 0.102 (last = 0.0557), fitness=-287200367.845603764
420.13 secs, 47788 evals, 47701 steps, improv/step: 0.099 (last = 0.0534), fitness=-287201200.857408404
450.13 secs, 51169 evals, 51082 steps, improv/step: 0.094 (last = 0.0293), fitness=-287201419.087735415
480.13 secs, 54480 evals, 54395 steps, improv/step: 0.090 (last = 0.0281), fitness=-287201499.864168286
510.14 secs, 57768 evals, 57683 steps, improv/step: 0.087 (last = 0.0313), fitness=-287201590.458363771
540.14 secs, 61153 evals, 61069 steps, improv/step: 0.084 (last = 0.0413), fitness=-287201738.592144132
570.15 secs, 64483 evals, 64399 steps, improv/step: 0.082 (last = 0.0366), fitness=-287201817.802204370
600.15 secs, 67863 evals, 67779 steps, improv/step: 0.080 (last = 0.0382), fitness=-287201857.134510458
630.15 secs, 71225 evals, 71141 steps, improv/step: 0.078 (last = 0.0485), fitness=-287201908.251552641
660.15 secs, 74445 evals, 74361 steps, improv/step: 0.077 (last = 0.0547), fitness=-287201984.370300472
690.23 secs, 77767 evals, 77685 steps, improv/step: 0.076 (last = 0.0487), fitness=-287202024.475941062
720.25 secs, 81072 evals, 80990 steps, improv/step: 0.075 (last = 0.0517), fitness=-287202029.971780598
750.29 secs, 84468 evals, 84386 steps, improv/step: 0.075 (last = 0.0657), fitness=-287202048.797639489
780.36 secs, 87772 evals, 87690 steps, improv/step: 0.074 (last = 0.0569), fitness=-287202054.288401783
810.37 secs, 90950 evals, 90868 steps, improv/step: 0.073 (last = 0.0563), fitness=-287202058.288625121
840.37 secs, 94241 evals, 94160 steps, improv/step: 0.072 (last = 0.0477), fitness=-287202060.101932466
870.37 secs, 97491 evals, 97410 steps, improv/step: 0.071 (last = 0.0388), fitness=-287202061.037335277
900.37 secs, 100803 evals, 100723 steps, improv/step: 0.070 (last = 0.0414), fitness=-287202062.144217372
930.37 secs, 104175 evals, 104095 steps, improv/step: 0.069 (last = 0.0433), fitness=-287202062.726704478
960.38 secs, 107453 evals, 107373 steps, improv/step: 0.069 (last = 0.0415), fitness=-287202063.354984283
990.39 secs, 110632 evals, 110552 steps, improv/step: 0.068 (last = 0.0403), fitness=-287202063.713474751
1020.39 secs, 113890 evals, 113810 steps, improv/step: 0.067 (last = 0.0378), fitness=-287202063.735456705
1050.39 secs, 117150 evals, 117071 steps, improv/step: 0.066 (last = 0.0380), fitness=-287202063.813119888
1080.39 secs, 120388 evals, 120309 steps, improv/step: 0.066 (last = 0.0473), fitness=-287202063.909575880
1110.40 secs, 123862 evals, 123783 steps, improv/step: 0.065 (last = 0.0420), fitness=-287202063.975692868
1140.40 secs, 127332 evals, 127253 steps, improv/step: 0.064 (last = 0.0366), fitness=-287202064.001485109
1170.40 secs, 130793 evals, 130714 steps, improv/step: 0.064 (last = 0.0439), fitness=-287202064.035116613
1200.41 secs, 134224 evals, 134145 steps, improv/step: 0.063 (last = 0.0423), fitness=-287202064.047700763
1230.41 secs, 137714 evals, 137635 steps, improv/step: 0.062 (last = 0.0347), fitness=-287202064.069263279
1260.41 secs, 141187 evals, 141108 steps, improv/step: 0.062 (last = 0.0291), fitness=-287202064.077588141
1290.41 secs, 144870 evals, 144791 steps, improv/step: 0.061 (last = 0.0323), fitness=-287202064.091443479
1320.42 secs, 148526 evals, 148447 steps, improv/step: 0.060 (last = 0.0386), fitness=-287202064.108596921
1350.43 secs, 152058 evals, 151979 steps, improv/step: 0.060 (last = 0.0317), fitness=-287202064.118630588
1380.43 secs, 155872 evals, 155794 steps, improv/step: 0.059 (last = 0.0241), fitness=-287202064.127621293
1410.43 secs, 159656 evals, 159579 steps, improv/step: 0.058 (last = 0.0254), fitness=-287202064.127621293
1440.44 secs, 163587 evals, 163512 steps, improv/step: 0.057 (last = 0.0305), fitness=-287202064.131408751
1470.44 secs, 167356 evals, 167281 steps, improv/step: 0.057 (last = 0.0300), fitness=-287202064.137155592
1500.44 secs, 171126 evals, 171051 steps, improv/step: 0.056 (last = 0.0337), fitness=-287202064.139332294
1530.44 secs, 174856 evals, 174783 steps, improv/step: 0.056 (last = 0.0281), fitness=-287202064.143848956
1560.45 secs, 178555 evals, 178482 steps, improv/step: 0.055 (last = 0.0249), fitness=-287202064.145768762
1590.45 secs, 182202 evals, 182129 steps, improv/step: 0.054 (last = 0.0277), fitness=-287202064.150976360
1620.46 secs, 185765 evals, 185692 steps, improv/step: 0.054 (last = 0.0342), fitness=-287202064.154019475
1650.46 secs, 189410 evals, 189337 steps, improv/step: 0.054 (last = 0.0288), fitness=-287202064.158579350
1680.46 secs, 192870 evals, 192797 steps, improv/step: 0.053 (last = 0.0301), fitness=-287202064.162610710
1710.46 secs, 196321 evals, 196248 steps, improv/step: 0.053 (last = 0.0351), fitness=-287202064.165220737
1740.47 secs, 199776 evals, 199703 steps, improv/step: 0.052 (last = 0.0304), fitness=-287202064.171723723
1770.47 secs, 203309 evals, 203236 steps, improv/step: 0.052 (last = 0.0422), fitness=-287202064.175330639
1800.47 secs, 206815 evals, 206742 steps, improv/step: 0.052 (last = 0.0294), fitness=-287202064.178726077
1830.54 secs, 210598 evals, 210525 steps, improv/step: 0.051 (last = 0.0309), fitness=-287202064.187213182
1860.54 secs, 214193 evals, 214120 steps, improv/step: 0.051 (last = 0.0414), fitness=-287202064.196940482
1890.55 secs, 218053 evals, 217980 steps, improv/step: 0.051 (last = 0.0264), fitness=-287202064.200454175
1920.55 secs, 221777 evals, 221704 steps, improv/step: 0.051 (last = 0.0314), fitness=-287202064.205294847
1950.55 secs, 225386 evals, 225315 steps, improv/step: 0.050 (last = 0.0302), fitness=-287202064.215671122
1980.55 secs, 228877 evals, 228806 steps, improv/step: 0.050 (last = 0.0327), fitness=-287202064.234759331
2010.56 secs, 232708 evals, 232637 steps, improv/step: 0.050 (last = 0.0300), fitness=-287202064.250369132
2040.56 secs, 236592 evals, 236521 steps, improv/step: 0.049 (last = 0.0257), fitness=-287202064.262983084
2070.57 secs, 240163 evals, 240092 steps, improv/step: 0.049 (last = 0.0316), fitness=-287202064.280706465
2100.57 secs, 243606 evals, 243536 steps, improv/step: 0.049 (last = 0.0392), fitness=-287202064.301185608
2130.57 secs, 247227 evals, 247157 steps, improv/step: 0.049 (last = 0.0320), fitness=-287202064.331728160
2160.58 secs, 250563 evals, 250494 steps, improv/step: 0.048 (last = 0.0252), fitness=-287202064.362769842
2190.65 secs, 254071 evals, 254003 steps, improv/step: 0.048 (last = 0.0231), fitness=-287202064.377678335
2220.66 secs, 257583 evals, 257517 steps, improv/step: 0.047 (last = 0.0176), fitness=-287202064.377988994
2250.66 secs, 261226 evals, 261160 steps, improv/step: 0.047 (last = 0.0242), fitness=-287202064.416436613
2280.66 secs, 265056 evals, 264991 steps, improv/step: 0.047 (last = 0.0253), fitness=-287202064.430821657
2310.67 secs, 269011 evals, 268947 steps, improv/step: 0.046 (last = 0.0192), fitness=-287202064.451856911
2340.67 secs, 272795 evals, 272731 steps, improv/step: 0.046 (last = 0.0137), fitness=-287202064.468607366
2370.67 secs, 276468 evals, 276404 steps, improv/step: 0.046 (last = 0.0155), fitness=-287202064.500141442
2400.74 secs, 280085 evals, 280021 steps, improv/step: 0.045 (last = 0.0182), fitness=-287202064.526676834
2430.74 secs, 283732 evals, 283668 steps, improv/step: 0.045 (last = 0.0143), fitness=-287202064.550719559
2460.74 secs, 287300 evals, 287236 steps, improv/step: 0.044 (last = 0.0177), fitness=-287202064.596293628
2490.75 secs, 290881 evals, 290817 steps, improv/step: 0.044 (last = 0.0204), fitness=-287202064.596293628
2520.75 secs, 294651 evals, 294587 steps, improv/step: 0.044 (last = 0.0194), fitness=-287202064.606612325
2550.76 secs, 298362 evals, 298299 steps, improv/step: 0.044 (last = 0.0135), fitness=-287202064.639200389
2580.76 secs, 301976 evals, 301914 steps, improv/step: 0.043 (last = 0.0185), fitness=-287202064.767603397
2610.76 secs, 305328 evals, 305267 steps, improv/step: 0.043 (last = 0.0131), fitness=-287202064.767603397
2640.77 secs, 308978 evals, 308917 steps, improv/step: 0.043 (last = 0.0173), fitness=-287202064.833581626
2670.77 secs, 312508 evals, 312447 steps, improv/step: 0.042 (last = 0.0150), fitness=-287202064.850137115
2700.80 secs, 316234 evals, 316176 steps, improv/step: 0.042 (last = 0.0137), fitness=-287202064.899636626
2730.80 secs, 319947 evals, 319890 steps, improv/step: 0.042 (last = 0.0118), fitness=-287202064.933337212
2760.81 secs, 323645 evals, 323591 steps, improv/step: 0.041 (last = 0.0124), fitness=-287202065.032178998
2790.81 secs, 327682 evals, 327630 steps, improv/step: 0.041 (last = 0.0119), fitness=-287202065.131017745
2820.95 secs, 331419 evals, 331368 steps, improv/step: 0.041 (last = 0.0120), fitness=-287202065.272522330
2850.95 secs, 334922 evals, 334871 steps, improv/step: 0.040 (last = 0.0097), fitness=-287202065.286530375
2880.95 secs, 338885 evals, 338835 steps, improv/step: 0.040 (last = 0.0121), fitness=-287202065.317166686
2910.96 secs, 342741 evals, 342693 steps, improv/step: 0.040 (last = 0.0124), fitness=-287202065.392312527
2940.96 secs, 346540 evals, 346492 steps, improv/step: 0.039 (last = 0.0158), fitness=-287202065.495998383
2970.96 secs, 350366 evals, 350319 steps, improv/step: 0.039 (last = 0.0120), fitness=-287202065.612531304
3000.97 secs, 354168 evals, 354121 steps, improv/step: 0.039 (last = 0.0113), fitness=-287202065.776950657
3031.05 secs, 357931 evals, 357884 steps, improv/step: 0.038 (last = 0.0136), fitness=-287202065.776950657
3061.05 secs, 361760 evals, 361715 steps, improv/step: 0.038 (last = 0.0104), fitness=-287202065.855323315
3091.06 secs, 365468 evals, 365424 steps, improv/step: 0.038 (last = 0.0089), fitness=-287202065.920759976
3121.06 secs, 369192 evals, 369148 steps, improv/step: 0.038 (last = 0.0094), fitness=-287202066.039657235
3151.06 secs, 373069 evals, 373027 steps, improv/step: 0.037 (last = 0.0101), fitness=-287202066.041229784
3181.06 secs, 376850 evals, 376808 steps, improv/step: 0.037 (last = 0.0093), fitness=-287202066.053687871
3211.07 secs, 380545 evals, 380503 steps, improv/step: 0.037 (last = 0.0089), fitness=-287202066.118407488
3241.07 secs, 384048 evals, 384007 steps, improv/step: 0.036 (last = 0.0086), fitness=-287202066.172095656
3271.07 secs, 387596 evals, 387557 steps, improv/step: 0.036 (last = 0.0096), fitness=-287202066.246073306
3301.08 secs, 391205 evals, 391168 steps, improv/step: 0.036 (last = 0.0125), fitness=-287202066.300319254
3331.08 secs, 394942 evals, 394906 steps, improv/step: 0.036 (last = 0.0099), fitness=-287202066.333021700
3361.09 secs, 398640 evals, 398604 steps, improv/step: 0.036 (last = 0.0151), fitness=-287202066.354738891
3391.09 secs, 402360 evals, 402324 steps, improv/step: 0.035 (last = 0.0116), fitness=-287202066.403481245
3421.10 secs, 406106 evals, 406071 steps, improv/step: 0.035 (last = 0.0155), fitness=-287202066.456738770
3451.10 secs, 409864 evals, 409830 steps, improv/step: 0.035 (last = 0.0170), fitness=-287202066.528107524
3481.10 secs, 413540 evals, 413507 steps, improv/step: 0.035 (last = 0.0201), fitness=-287202066.611451447
3511.14 secs, 417393 evals, 417361 steps, improv/step: 0.035 (last = 0.0174), fitness=-287202066.693100631
3541.15 secs, 421101 evals, 421071 steps, improv/step: 0.035 (last = 0.0181), fitness=-287202066.759984493
3571.15 secs, 424411 evals, 424383 steps, improv/step: 0.034 (last = 0.0112), fitness=-287202066.801378846
3601.16 secs, 427932 evals, 427904 steps, improv/step: 0.034 (last = 0.0105), fitness=-287202066.834523678
3631.16 secs, 431467 evals, 431439 steps, improv/step: 0.034 (last = 0.0173), fitness=-287202066.864716351
3661.16 secs, 434912 evals, 434884 steps, improv/step: 0.034 (last = 0.0134), fitness=-287202066.990560770
3691.25 secs, 438338 evals, 438310 steps, improv/step: 0.034 (last = 0.0161), fitness=-287202066.990560770
3721.25 secs, 442089 evals, 442061 steps, improv/step: 0.034 (last = 0.0195), fitness=-287202067.211574256
3751.30 secs, 445744 evals, 445716 steps, improv/step: 0.033 (last = 0.0120), fitness=-287202067.261728644
3781.31 secs, 449247 evals, 449219 steps, improv/step: 0.033 (last = 0.0151), fitness=-287202067.358509779
3811.31 secs, 453021 evals, 452994 steps, improv/step: 0.033 (last = 0.0130), fitness=-287202067.468928814
3841.31 secs, 456729 evals, 456702 steps, improv/step: 0.033 (last = 0.0173), fitness=-287202067.520342231
3871.31 secs, 460210 evals, 460187 steps, improv/step: 0.033 (last = 0.0138), fitness=-287202067.642780542
3901.32 secs, 463992 evals, 463969 steps, improv/step: 0.033 (last = 0.0164), fitness=-287202067.646784902
3931.32 secs, 467667 evals, 467644 steps, improv/step: 0.033 (last = 0.0166), fitness=-287202067.669725299
3961.33 secs, 470996 evals, 470974 steps, improv/step: 0.032 (last = 0.0162), fitness=-287202067.698044717
3991.33 secs, 474644 evals, 474622 steps, improv/step: 0.032 (last = 0.0148), fitness=-287202067.769770741
4021.33 secs, 478321 evals, 478301 steps, improv/step: 0.032 (last = 0.0171), fitness=-287202067.779974461
4051.34 secs, 481906 evals, 481887 steps, improv/step: 0.032 (last = 0.0137), fitness=-287202067.877365530
4081.38 secs, 485583 evals, 485564 steps, improv/step: 0.032 (last = 0.0128), fitness=-287202067.969133735
4111.38 secs, 489048 evals, 489030 steps, improv/step: 0.032 (last = 0.0156), fitness=-287202068.007891417
4141.42 secs, 492304 evals, 492286 steps, improv/step: 0.032 (last = 0.0181), fitness=-287202068.019313574
4171.53 secs, 495692 evals, 495675 steps, improv/step: 0.032 (last = 0.0168), fitness=-287202068.036265135
4201.53 secs, 499310 evals, 499293 steps, improv/step: 0.032 (last = 0.0216), fitness=-287202068.143941879
4231.54 secs, 502839 evals, 502823 steps, improv/step: 0.031 (last = 0.0195), fitness=-287202068.203291535
4261.54 secs, 506420 evals, 506406 steps, improv/step: 0.031 (last = 0.0170), fitness=-287202068.203291535
4291.54 secs, 509901 evals, 509889 steps, improv/step: 0.031 (last = 0.0152), fitness=-287202068.286581993
4321.54 secs, 513290 evals, 513279 steps, improv/step: 0.031 (last = 0.0156), fitness=-287202068.291156769
4351.55 secs, 516704 evals, 516693 steps, improv/step: 0.031 (last = 0.0138), fitness=-287202068.376941562
4381.55 secs, 520242 evals, 520232 steps, improv/step: 0.031 (last = 0.0124), fitness=-287202068.378888011
4411.55 secs, 523614 evals, 523606 steps, improv/step: 0.031 (last = 0.0142), fitness=-287202068.413500965
4441.56 secs, 527201 evals, 527195 steps, improv/step: 0.031 (last = 0.0145), fitness=-287202068.502427995
4471.56 secs, 530781 evals, 530775 steps, improv/step: 0.031 (last = 0.0145), fitness=-287202068.530702531
4501.56 secs, 534216 evals, 534211 steps, improv/step: 0.030 (last = 0.0119), fitness=-287202068.674440801
4531.57 secs, 537524 evals, 537521 steps, improv/step: 0.030 (last = 0.0145), fitness=-287202068.705830574
4561.58 secs, 541110 evals, 541107 steps, improv/step: 0.030 (last = 0.0167), fitness=-287202068.775553465
4591.58 secs, 544738 evals, 544736 steps, improv/step: 0.030 (last = 0.0168), fitness=-287202068.875087380
4621.66 secs, 548334 evals, 548332 steps, improv/step: 0.030 (last = 0.0159), fitness=-287202068.957210362
4651.67 secs, 552038 evals, 552039 steps, improv/step: 0.030 (last = 0.0135), fitness=-287202069.008798778
4681.67 secs, 555668 evals, 555669 steps, improv/step: 0.030 (last = 0.0182), fitness=-287202069.055184722
4711.67 secs, 559206 evals, 559207 steps, improv/step: 0.030 (last = 0.0155), fitness=-287202069.088005126
4741.67 secs, 562937 evals, 562940 steps, improv/step: 0.030 (last = 0.0158), fitness=-287202069.151986718
4771.69 secs, 566825 evals, 566829 steps, improv/step: 0.030 (last = 0.0136), fitness=-287202069.206373453
4801.70 secs, 570481 evals, 570485 steps, improv/step: 0.030 (last = 0.0167), fitness=-287202069.255913854
4831.70 secs, 573840 evals, 573844 steps, improv/step: 0.029 (last = 0.0196), fitness=-287202069.277101278
4861.71 secs, 577330 evals, 577335 steps, improv/step: 0.029 (last = 0.0169), fitness=-287202069.367448688
4891.71 secs, 580908 evals, 580913 steps, improv/step: 0.029 (last = 0.0126), fitness=-287202069.450867772
4921.80 secs, 584476 evals, 584483 steps, improv/step: 0.029 (last = 0.0129), fitness=-287202069.508203447
4951.81 secs, 587986 evals, 587994 steps, improv/step: 0.029 (last = 0.0157), fitness=-287202069.516216278
4981.81 secs, 591639 evals, 591647 steps, improv/step: 0.029 (last = 0.0120), fitness=-287202069.568813086
5011.81 secs, 595301 evals, 595309 steps, improv/step: 0.029 (last = 0.0139), fitness=-287202069.701693118
5041.82 secs, 598791 evals, 598799 steps, improv/step: 0.029 (last = 0.0123), fitness=-287202069.701693118
5071.82 secs, 602350 evals, 602359 steps, improv/step: 0.029 (last = 0.0138), fitness=-287202069.773386240
5101.82 secs, 605711 evals, 605720 steps, improv/step: 0.029 (last = 0.0143), fitness=-287202069.876962125
5131.83 secs, 609015 evals, 609025 steps, improv/step: 0.029 (last = 0.0145), fitness=-287202069.876962125
5161.83 secs, 612698 evals, 612709 steps, improv/step: 0.029 (last = 0.0174), fitness=-287202070.057866752
5191.83 secs, 616324 evals, 616336 steps, improv/step: 0.028 (last = 0.0141), fitness=-287202070.090347290
5222.08 secs, 619837 evals, 619850 steps, improv/step: 0.028 (last = 0.0131), fitness=-287202070.107686996
5252.08 secs, 623263 evals, 623276 steps, improv/step: 0.028 (last = 0.0117), fitness=-287202070.121124148
5282.08 secs, 626780 evals, 626793 steps, improv/step: 0.028 (last = 0.0119), fitness=-287202070.201698542
5312.09 secs, 630387 evals, 630400 steps, improv/step: 0.028 (last = 0.0152), fitness=-287202070.309049070
5342.09 secs, 634078 evals, 634093 steps, improv/step: 0.028 (last = 0.0122), fitness=-287202070.352906227
5372.09 secs, 637700 evals, 637716 steps, improv/step: 0.028 (last = 0.0130), fitness=-287202070.409207582
5402.10 secs, 641320 evals, 641338 steps, improv/step: 0.028 (last = 0.0130), fitness=-287202070.462479115
5432.18 secs, 644835 evals, 644856 steps, improv/step: 0.028 (last = 0.0165), fitness=-287202070.535696268
5462.18 secs, 648567 evals, 648588 steps, improv/step: 0.028 (last = 0.0110), fitness=-287202070.558860242
5492.18 secs, 652097 evals, 652119 steps, improv/step: 0.028 (last = 0.0130), fitness=-287202070.603772998
5522.19 secs, 655736 evals, 655759 steps, improv/step: 0.028 (last = 0.0135), fitness=-287202070.616998792
5552.19 secs, 659546 evals, 659571 steps, improv/step: 0.027 (last = 0.0220), fitness=-287202070.670318127
5582.20 secs, 663154 evals, 663182 steps, improv/step: 0.027 (last = 0.0191), fitness=-287202070.702929616
5612.20 secs, 666519 evals, 666547 steps, improv/step: 0.027 (last = 0.0172), fitness=-287202070.762925744
5642.21 secs, 669987 evals, 670016 steps, improv/step: 0.027 (last = 0.0167), fitness=-287202070.811364233
5672.21 secs, 673689 evals, 673718 steps, improv/step: 0.027 (last = 0.0165), fitness=-287202070.815918565
5702.21 secs, 677500 evals, 677529 steps, improv/step: 0.027 (last = 0.0236), fitness=-287202070.838086545
5732.22 secs, 681257 evals, 681287 steps, improv/step: 0.027 (last = 0.0210), fitness=-287202070.856978536
5762.22 secs, 684696 evals, 684726 steps, improv/step: 0.027 (last = 0.0204), fitness=-287202070.899909019
5792.22 secs, 688413 evals, 688443 steps, improv/step: 0.027 (last = 0.0221), fitness=-287202070.938699365
5822.22 secs, 692138 evals, 692169 steps, improv/step: 0.027 (last = 0.0188), fitness=-287202070.941690922
5852.31 secs, 695775 evals, 695806 steps, improv/step: 0.027 (last = 0.0198), fitness=-287202070.980204701
5882.31 secs, 699373 evals, 699405 steps, improv/step: 0.027 (last = 0.0189), fitness=-287202070.989937603
5912.35 secs, 703028 evals, 703060 steps, improv/step: 0.027 (last = 0.0164), fitness=-287202071.038272023
5942.35 secs, 706719 evals, 706752 steps, improv/step: 0.027 (last = 0.0135), fitness=-287202071.043271124
5972.44 secs, 710342 evals, 710376 steps, improv/step: 0.027 (last = 0.0127), fitness=-287202071.131962359
6002.44 secs, 714070 evals, 714105 steps, improv/step: 0.027 (last = 0.0137), fitness=-287202071.221180737
6032.45 secs, 717804 evals, 717841 steps, improv/step: 0.027 (last = 0.0115), fitness=-287202071.221180737
6062.45 secs, 721360 evals, 721397 steps, improv/step: 0.027 (last = 0.0118), fitness=-287202071.240780056
6092.51 secs, 725002 evals, 725039 steps, improv/step: 0.027 (last = 0.0148), fitness=-287202071.245866477
6122.51 secs, 728568 evals, 728606 steps, improv/step: 0.026 (last = 0.0093), fitness=-287202071.283950329
6152.53 secs, 732187 evals, 732225 steps, improv/step: 0.026 (last = 0.0149), fitness=-287202071.316723704
6182.53 secs, 735784 evals, 735822 steps, improv/step: 0.026 (last = 0.0133), fitness=-287202071.320803165
6212.53 secs, 739351 evals, 739391 steps, improv/step: 0.026 (last = 0.0101), fitness=-287202071.346342444
6242.54 secs, 742971 evals, 743012 steps, improv/step: 0.026 (last = 0.0119), fitness=-287202071.384325027
6272.54 secs, 746618 evals, 746661 steps, improv/step: 0.026 (last = 0.0153), fitness=-287202071.444093049
6302.67 secs, 750324 evals, 750368 steps, improv/step: 0.026 (last = 0.0127), fitness=-287202071.508844376
6332.70 secs, 753929 evals, 753974 steps, improv/step: 0.026 (last = 0.0141), fitness=-287202071.527622283
6362.70 secs, 757413 evals, 757459 steps, improv/step: 0.026 (last = 0.0143), fitness=-287202071.593988061
6392.70 secs, 761072 evals, 761121 steps, improv/step: 0.026 (last = 0.0158), fitness=-287202071.593988061
6422.71 secs, 764621 evals, 764671 steps, improv/step: 0.026 (last = 0.0124), fitness=-287202071.593988061
6452.71 secs, 768138 evals, 768192 steps, improv/step: 0.026 (last = 0.0122), fitness=-287202071.662270904
6482.71 secs, 771460 evals, 771515 steps, improv/step: 0.026 (last = 0.0099), fitness=-287202071.671449065
6512.72 secs, 774757 evals, 774815 steps, improv/step: 0.026 (last = 0.0067), fitness=-287202071.671449065
6542.72 secs, 778279 evals, 778340 steps, improv/step: 0.026 (last = 0.0099), fitness=-287202071.712197602
6572.72 secs, 781771 evals, 781832 steps, improv/step: 0.025 (last = 0.0097), fitness=-287202071.714042544
6602.72 secs, 785235 evals, 785298 steps, improv/step: 0.025 (last = 0.0084), fitness=-287202071.739187360
6632.73 secs, 788716 evals, 788780 steps, improv/step: 0.025 (last = 0.0112), fitness=-287202071.865769684
6662.74 secs, 792311 evals, 792375 steps, improv/step: 0.025 (last = 0.0103), fitness=-287202071.865769684
6692.74 secs, 795826 evals, 795890 steps, improv/step: 0.025 (last = 0.0094), fitness=-287202071.880476177
6722.74 secs, 799349 evals, 799413 steps, improv/step: 0.025 (last = 0.0165), fitness=-287202071.930933118
6752.74 secs, 802819 evals, 802884 steps, improv/step: 0.025 (last = 0.0118), fitness=-287202071.946775913
6782.74 secs, 806267 evals, 806332 steps, improv/step: 0.025 (last = 0.0145), fitness=-287202071.989408493
6812.75 secs, 809734 evals, 809799 steps, improv/step: 0.025 (last = 0.0112), fitness=-287202071.989408493
6842.75 secs, 813296 evals, 813361 steps, improv/step: 0.025 (last = 0.0115), fitness=-287202072.037719965
6872.76 secs, 816851 evals, 816916 steps, improv/step: 0.025 (last = 0.0149), fitness=-287202072.099235892
6902.76 secs, 820299 evals, 820365 steps, improv/step: 0.025 (last = 0.0093), fitness=-287202072.100607693
6932.76 secs, 823732 evals, 823799 steps, improv/step: 0.025 (last = 0.0134), fitness=-287202072.159660518
6962.76 secs, 827239 evals, 827307 steps, improv/step: 0.025 (last = 0.0105), fitness=-287202072.193470597
6992.77 secs, 830776 evals, 830844 steps, improv/step: 0.025 (last = 0.0124), fitness=-287202072.293154478
7022.77 secs, 834380 evals, 834448 steps, improv/step: 0.025 (last = 0.0092), fitness=-287202072.325216055
7052.78 secs, 837703 evals, 837772 steps, improv/step: 0.025 (last = 0.0138), fitness=-287202072.356076479
7082.78 secs, 841201 evals, 841270 steps, improv/step: 0.025 (last = 0.0137), fitness=-287202072.377360582
7112.95 secs, 844798 evals, 844867 steps, improv/step: 0.024 (last = 0.0114), fitness=-287202072.411656022
7143.13 secs, 848422 evals, 848492 steps, improv/step: 0.024 (last = 0.0119), fitness=-287202072.439386368
7173.14 secs, 851700 evals, 851770 steps, improv/step: 0.024 (last = 0.0116), fitness=-287202072.480896473
7203.27 secs, 855160 evals, 855230 steps, improv/step: 0.024 (last = 0.0116), fitness=-287202072.550742567
7233.28 secs, 858544 evals, 858614 steps, improv/step: 0.024 (last = 0.0124), fitness=-287202072.620049357
7263.28 secs, 862021 evals, 862091 steps, improv/step: 0.024 (last = 0.0104), fitness=-287202072.708382666
7293.41 secs, 865631 evals, 865701 steps, improv/step: 0.024 (last = 0.0108), fitness=-287202072.769299746
7323.41 secs, 869133 evals, 869205 steps, improv/step: 0.024 (last = 0.0100), fitness=-287202072.769299746
7353.41 secs, 872596 evals, 872669 steps, improv/step: 0.024 (last = 0.0121), fitness=-287202072.793973804
7383.42 secs, 875894 evals, 875968 steps, improv/step: 0.024 (last = 0.0121), fitness=-287202072.873928189
7413.42 secs, 879417 evals, 879491 steps, improv/step: 0.024 (last = 0.0131), fitness=-287202072.883151114
7443.42 secs, 883017 evals, 883093 steps, improv/step: 0.024 (last = 0.0125), fitness=-287202072.917619467
7473.42 secs, 886609 evals, 886686 steps, improv/step: 0.024 (last = 0.0125), fitness=-287202073.020698488
7503.43 secs, 890182 evals, 890259 steps, improv/step: 0.024 (last = 0.0143), fitness=-287202073.051195502
7533.43 secs, 893655 evals, 893734 steps, improv/step: 0.024 (last = 0.0135), fitness=-287202073.154228091
7563.43 secs, 897107 evals, 897186 steps, improv/step: 0.024 (last = 0.0139), fitness=-287202073.251650870
7593.43 secs, 900610 evals, 900689 steps, improv/step: 0.024 (last = 0.0117), fitness=-287202073.348315179
7623.43 secs, 904112 evals, 904192 steps, improv/step: 0.024 (last = 0.0069), fitness=-287202073.348315179
7653.44 secs, 907573 evals, 907655 steps, improv/step: 0.024 (last = 0.0130), fitness=-287202073.368003309
7683.44 secs, 911068 evals, 911152 steps, improv/step: 0.024 (last = 0.0109), fitness=-287202073.461782575
7713.45 secs, 914512 evals, 914596 steps, improv/step: 0.024 (last = 0.0116), fitness=-287202073.546117604
7743.45 secs, 917846 evals, 917930 steps, improv/step: 0.023 (last = 0.0135), fitness=-287202073.617242813
7773.46 secs, 921388 evals, 921472 steps, improv/step: 0.023 (last = 0.0096), fitness=-287202073.698103905
7803.46 secs, 924906 evals, 924991 steps, improv/step: 0.023 (last = 0.0085), fitness=-287202073.698103905
7833.46 secs, 928439 evals, 928525 steps, improv/step: 0.023 (last = 0.0141), fitness=-287202073.705994904
7863.47 secs, 931882 evals, 931968 steps, improv/step: 0.023 (last = 0.0122), fitness=-287202073.749486387
7893.50 secs, 935319 evals, 935409 steps, improv/step: 0.023 (last = 0.0110), fitness=-287202073.816191912
7923.50 secs, 938874 evals, 938966 steps, improv/step: 0.023 (last = 0.0115), fitness=-287202073.919610381
7953.51 secs, 942427 evals, 942522 steps, improv/step: 0.023 (last = 0.0135), fitness=-287202073.955688238
7983.51 secs, 945935 evals, 946032 steps, improv/step: 0.023 (last = 0.0157), fitness=-287202074.199022114
8013.58 secs, 949421 evals, 949520 steps, improv/step: 0.023 (last = 0.0132), fitness=-287202074.268099487
8043.59 secs, 952721 evals, 952820 steps, improv/step: 0.023 (last = 0.0115), fitness=-287202074.278021514
8073.59 secs, 956225 evals, 956324 steps, improv/step: 0.023 (last = 0.0120), fitness=-287202074.322391510
8103.59 secs, 959516 evals, 959616 steps, improv/step: 0.023 (last = 0.0146), fitness=-287202074.457130551
8133.59 secs, 962971 evals, 963071 steps, improv/step: 0.023 (last = 0.0148), fitness=-287202074.519323230
8163.59 secs, 966397 evals, 966497 steps, improv/step: 0.023 (last = 0.0140), fitness=-287202074.676525593
8193.60 secs, 969830 evals, 969931 steps, improv/step: 0.023 (last = 0.0122), fitness=-287202074.680599749
8223.60 secs, 973265 evals, 973368 steps, improv/step: 0.023 (last = 0.0119), fitness=-287202074.715244591
8253.61 secs, 976819 evals, 976924 steps, improv/step: 0.023 (last = 0.0121), fitness=-287202074.801847696
8283.61 secs, 980298 evals, 980404 steps, improv/step: 0.023 (last = 0.0118), fitness=-287202074.801847696
8313.61 secs, 983726 evals, 983832 steps, improv/step: 0.023 (last = 0.0155), fitness=-287202074.837821662
8343.61 secs, 987107 evals, 987213 steps, improv/step: 0.023 (last = 0.0136), fitness=-287202074.935438752
8373.61 secs, 990573 evals, 990680 steps, improv/step: 0.023 (last = 0.0159), fitness=-287202075.057102203
8403.62 secs, 994085 evals, 994193 steps, improv/step: 0.023 (last = 0.0165), fitness=-287202075.057102203
8433.86 secs, 997627 evals, 997736 steps, improv/step: 0.023 (last = 0.0186), fitness=-287202075.091936469
8463.86 secs, 1001210 evals, 1001320 steps, improv/step: 0.023 (last = 0.0126), fitness=-287202075.210646570
8493.86 secs, 1004762 evals, 1004872 steps, improv/step: 0.023 (last = 0.0183), fitness=-287202075.289686799
8523.99 secs, 1008321 evals, 1008432 steps, improv/step: 0.023 (last = 0.0157), fitness=-287202075.312913775
8554.00 secs, 1011772 evals, 1011883 steps, improv/step: 0.023 (last = 0.0159), fitness=-287202075.378728807
8584.00 secs, 1015140 evals, 1015251 steps, improv/step: 0.023 (last = 0.0181), fitness=-287202075.596426249
8614.00 secs, 1018697 evals, 1018810 steps, improv/step: 0.023 (last = 0.0155), fitness=-287202075.666425347
8644.00 secs, 1022068 evals, 1022182 steps, improv/step: 0.022 (last = 0.0092), fitness=-287202075.698253214
8674.00 secs, 1025446 evals, 1025560 steps, improv/step: 0.022 (last = 0.0133), fitness=-287202075.953016222
8704.01 secs, 1028900 evals, 1029016 steps, improv/step: 0.022 (last = 0.0095), fitness=-287202076.019062877
8734.01 secs, 1032295 evals, 1032411 steps, improv/step: 0.022 (last = 0.0147), fitness=-287202076.019062877
8764.01 secs, 1035740 evals, 1035856 steps, improv/step: 0.022 (last = 0.0134), fitness=-287202076.088013768
8794.01 secs, 1039072 evals, 1039189 steps, improv/step: 0.022 (last = 0.0147), fitness=-287202076.091809034
8824.32 secs, 1042520 evals, 1042639 steps, improv/step: 0.022 (last = 0.0122), fitness=-287202076.168192267
8854.33 secs, 1045921 evals, 1046043 steps, improv/step: 0.022 (last = 0.0126), fitness=-287202076.306711495
8884.33 secs, 1049246 evals, 1049370 steps, improv/step: 0.022 (last = 0.0147), fitness=-287202076.337503791
8914.34 secs, 1052538 evals, 1052662 steps, improv/step: 0.022 (last = 0.0112), fitness=-287202076.417826056
8944.34 secs, 1055955 evals, 1056081 steps, improv/step: 0.022 (last = 0.0135), fitness=-287202076.483195901
8974.59 secs, 1059338 evals, 1059465 steps, improv/step: 0.022 (last = 0.0233), fitness=-287202076.623634875
9004.72 secs, 1063083 evals, 1063210 steps, improv/step: 0.022 (last = 0.0155), fitness=-287202076.815024793
9034.72 secs, 1066750 evals, 1066878 steps, improv/step: 0.022 (last = 0.0142), fitness=-287202076.815024793
9064.73 secs, 1070352 evals, 1070482 steps, improv/step: 0.022 (last = 0.0072), fitness=-287202076.897414088
9094.73 secs, 1074070 evals, 1074200 steps, improv/step: 0.022 (last = 0.0145), fitness=-287202076.924835801
9124.85 secs, 1077511 evals, 1077641 steps, improv/step: 0.022 (last = 0.0174), fitness=-287202077.114021420
9154.86 secs, 1080937 evals, 1081067 steps, improv/step: 0.022 (last = 0.0155), fitness=-287202077.203999281
9184.86 secs, 1084501 evals, 1084631 steps, improv/step: 0.022 (last = 0.0185), fitness=-287202077.270414472
9214.87 secs, 1088172 evals, 1088302 steps, improv/step: 0.022 (last = 0.0188), fitness=-287202077.325476766
9244.87 secs, 1091774 evals, 1091905 steps, improv/step: 0.022 (last = 0.0139), fitness=-287202077.413017273
9274.88 secs, 1095194 evals, 1095325 steps, improv/step: 0.022 (last = 0.0196), fitness=-287202077.472347260
9304.88 secs, 1098656 evals, 1098789 steps, improv/step: 0.022 (last = 0.0176), fitness=-287202077.565611839
9334.89 secs, 1102117 evals, 1102251 steps, improv/step: 0.022 (last = 0.0121), fitness=-287202077.619744778
9364.89 secs, 1105766 evals, 1105901 steps, improv/step: 0.022 (last = 0.0099), fitness=-287202077.619744778
9394.90 secs, 1109400 evals, 1109535 steps, improv/step: 0.022 (last = 0.0157), fitness=-287202077.812219918
9425.16 secs, 1113070 evals, 1113207 steps, improv/step: 0.022 (last = 0.0147), fitness=-287202077.860928416
9455.16 secs, 1116581 evals, 1116718 steps, improv/step: 0.022 (last = 0.0168), fitness=-287202077.860928416
9485.17 secs, 1120206 evals, 1120343 steps, improv/step: 0.022 (last = 0.0146), fitness=-287202077.953618705
9515.17 secs, 1123851 evals, 1123988 steps, improv/step: 0.022 (last = 0.0129), fitness=-287202078.033170581
9545.18 secs, 1127404 evals, 1127542 steps, improv/step: 0.022 (last = 0.0146), fitness=-287202078.076200485
9575.19 secs, 1130957 evals, 1131097 steps, improv/step: 0.022 (last = 0.0169), fitness=-287202078.090716302
9605.19 secs, 1134589 evals, 1134730 steps, improv/step: 0.022 (last = 0.0187), fitness=-287202078.185354233
9635.35 secs, 1138132 evals, 1138274 steps, improv/step: 0.022 (last = 0.0175), fitness=-287202078.215733409
9665.44 secs, 1141652 evals, 1141794 steps, improv/step: 0.022 (last = 0.0162), fitness=-287202078.304244101
9695.44 secs, 1145278 evals, 1145420 steps, improv/step: 0.022 (last = 0.0146), fitness=-287202078.304244101
9725.55 secs, 1148956 evals, 1149099 steps, improv/step: 0.022 (last = 0.0149), fitness=-287202078.321065128
9755.81 secs, 1152506 evals, 1152649 steps, improv/step: 0.022 (last = 0.0130), fitness=-287202078.330723822
9785.81 secs, 1156143 evals, 1156286 steps, improv/step: 0.022 (last = 0.0143), fitness=-287202078.345316648
9815.81 secs, 1159729 evals, 1159873 steps, improv/step: 0.022 (last = 0.0128), fitness=-287202078.370549738
9845.82 secs, 1163367 evals, 1163512 steps, improv/step: 0.022 (last = 0.0137), fitness=-287202078.410567999
9875.82 secs, 1166827 evals, 1166973 steps, improv/step: 0.022 (last = 0.0179), fitness=-287202078.455335975
9905.82 secs, 1170401 evals, 1170548 steps, improv/step: 0.022 (last = 0.0148), fitness=-287202078.468253195
9935.82 secs, 1173917 evals, 1174064 steps, improv/step: 0.021 (last = 0.0156), fitness=-287202078.501019239
9965.83 secs, 1177532 evals, 1177682 steps, improv/step: 0.021 (last = 0.0130), fitness=-287202078.528517365
9995.84 secs, 1181052 evals, 1181204 steps, improv/step: 0.021 (last = 0.0119), fitness=-287202078.544879496
10026.10 secs, 1184653 evals, 1184806 steps, improv/step: 0.021 (last = 0.0164), fitness=-287202078.554535806
10056.11 secs, 1188342 evals, 1188495 steps, improv/step: 0.021 (last = 0.0173), fitness=-287202078.575579107
10086.11 secs, 1191904 evals, 1192057 steps, improv/step: 0.021 (last = 0.0171), fitness=-287202078.617838919
10116.11 secs, 1195201 evals, 1195354 steps, improv/step: 0.021 (last = 0.0152), fitness=-287202078.647004366
10146.11 secs, 1198722 evals, 1198877 steps, improv/step: 0.021 (last = 0.0202), fitness=-287202078.661168098
10176.12 secs, 1202290 evals, 1202446 steps, improv/step: 0.021 (last = 0.0171), fitness=-287202078.677670002
10206.12 secs, 1205853 evals, 1206009 steps, improv/step: 0.021 (last = 0.0185), fitness=-287202078.716783643
10236.12 secs, 1209401 evals, 1209557 steps, improv/step: 0.021 (last = 0.0180), fitness=-287202078.728133619
10266.13 secs, 1212856 evals, 1213014 steps, improv/step: 0.021 (last = 0.0211), fitness=-287202078.745244205
10296.13 secs, 1216265 evals, 1216423 steps, improv/step: 0.021 (last = 0.0188), fitness=-287202078.749301791
10326.13 secs, 1219681 evals, 1219839 steps, improv/step: 0.021 (last = 0.0176), fitness=-287202078.767287016
10356.14 secs, 1223133 evals, 1223292 steps, improv/step: 0.021 (last = 0.0165), fitness=-287202078.791574299
10386.32 secs, 1226581 evals, 1226742 steps, improv/step: 0.021 (last = 0.0183), fitness=-287202078.800002277
10416.32 secs, 1230266 evals, 1230427 steps, improv/step: 0.021 (last = 0.0157), fitness=-287202078.815378547
10446.33 secs, 1233911 evals, 1234072 steps, improv/step: 0.021 (last = 0.0187), fitness=-287202078.844356239
10476.33 secs, 1237468 evals, 1237630 steps, improv/step: 0.021 (last = 0.0152), fitness=-287202078.873375237
10506.33 secs, 1241104 evals, 1241269 steps, improv/step: 0.021 (last = 0.0165), fitness=-287202078.880936801
10536.61 secs, 1244736 evals, 1244902 steps, improv/step: 0.021 (last = 0.0168), fitness=-287202078.889938653
10566.61 secs, 1248208 evals, 1248374 steps, improv/step: 0.021 (last = 0.0236), fitness=-287202078.917988181
10596.61 secs, 1251914 evals, 1252081 steps, improv/step: 0.021 (last = 0.0175), fitness=-287202078.937881052
10626.62 secs, 1255444 evals, 1255611 steps, improv/step: 0.021 (last = 0.0161), fitness=-287202078.955169499
10656.62 secs, 1258877 evals, 1259044 steps, improv/step: 0.021 (last = 0.0184), fitness=-287202078.994883895
10686.63 secs, 1262443 evals, 1262610 steps, improv/step: 0.021 (last = 0.0188), fitness=-287202079.020129800
10716.63 secs, 1266020 evals, 1266187 steps, improv/step: 0.021 (last = 0.0198), fitness=-287202079.043698311
10746.63 secs, 1269556 evals, 1269723 steps, improv/step: 0.021 (last = 0.0150), fitness=-287202079.068618536
10776.63 secs, 1273095 evals, 1273263 steps, improv/step: 0.021 (last = 0.0158), fitness=-287202079.068618536
10806.63 secs, 1276672 evals, 1276842 steps, improv/step: 0.021 (last = 0.0154), fitness=-287202079.085250020
10836.64 secs, 1280248 evals, 1280418 steps, improv/step: 0.021 (last = 0.0140), fitness=-287202079.111180246
10866.64 secs, 1283840 evals, 1284010 steps, improv/step: 0.021 (last = 0.0195), fitness=-287202079.127259135
10896.64 secs, 1287258 evals, 1287428 steps, improv/step: 0.021 (last = 0.0193), fitness=-287202079.164740086
10926.65 secs, 1290741 evals, 1290911 steps, improv/step: 0.021 (last = 0.0135), fitness=-287202079.189099073
10956.65 secs, 1294445 evals, 1294615 steps, improv/step: 0.021 (last = 0.0151), fitness=-287202079.271472275
10986.65 secs, 1298186 evals, 1298357 steps, improv/step: 0.021 (last = 0.0112), fitness=-287202079.303552389
11016.65 secs, 1301880 evals, 1302053 steps, improv/step: 0.021 (last = 0.0176), fitness=-287202079.317496061
11046.65 secs, 1305465 evals, 1305638 steps, improv/step: 0.021 (last = 0.0195), fitness=-287202079.359840631
11076.66 secs, 1309086 evals, 1309260 steps, improv/step: 0.021 (last = 0.0163), fitness=-287202079.382169724
11106.66 secs, 1312595 evals, 1312770 steps, improv/step: 0.021 (last = 0.0188), fitness=-287202079.382169724
11136.66 secs, 1316076 evals, 1316252 steps, improv/step: 0.021 (last = 0.0167), fitness=-287202079.433015347
11166.67 secs, 1319763 evals, 1319939 steps, improv/step: 0.021 (last = 0.0163), fitness=-287202079.433015347
11197.01 secs, 1323006 evals, 1323184 steps, improv/step: 0.021 (last = 0.0154), fitness=-287202079.446928918
11227.01 secs, 1326524 evals, 1326702 steps, improv/step: 0.021 (last = 0.0125), fitness=-287202079.486797333
11257.01 secs, 1330126 evals, 1330305 steps, improv/step: 0.021 (last = 0.0150), fitness=-287202079.497128069
11287.01 secs, 1333707 evals, 1333886 steps, improv/step: 0.021 (last = 0.0142), fitness=-287202079.502480149
11317.02 secs, 1337285 evals, 1337465 steps, improv/step: 0.021 (last = 0.0142), fitness=-287202079.517911315
11347.03 secs, 1340867 evals, 1341048 steps, improv/step: 0.021 (last = 0.0156), fitness=-287202079.529889226
11377.03 secs, 1344588 evals, 1344774 steps, improv/step: 0.021 (last = 0.0132), fitness=-287202079.556496501
11407.03 secs, 1348280 evals, 1348468 steps, improv/step: 0.021 (last = 0.0162), fitness=-287202079.562460303
11437.03 secs, 1351960 evals, 1352149 steps, improv/step: 0.021 (last = 0.0171), fitness=-287202079.572265267
11467.04 secs, 1355517 evals, 1355707 steps, improv/step: 0.021 (last = 0.0200), fitness=-287202079.597467184
11497.04 secs, 1359120 evals, 1359310 steps, improv/step: 0.021 (last = 0.0211), fitness=-287202079.636806011
11527.04 secs, 1362762 evals, 1362952 steps, improv/step: 0.021 (last = 0.0220), fitness=-287202079.682920039
11557.05 secs, 1366399 evals, 1366591 steps, improv/step: 0.021 (last = 0.0234), fitness=-287202079.726826608
11587.05 secs, 1369756 evals, 1369949 steps, improv/step: 0.021 (last = 0.0173), fitness=-287202079.750617385
11617.05 secs, 1373280 evals, 1373474 steps, improv/step: 0.021 (last = 0.0173), fitness=-287202079.768236756
11647.05 secs, 1376863 evals, 1377057 steps, improv/step: 0.021 (last = 0.0198), fitness=-287202079.799579561
11677.06 secs, 1380564 evals, 1380760 steps, improv/step: 0.021 (last = 0.0197), fitness=-287202079.833310962
11707.06 secs, 1384080 evals, 1384276 steps, improv/step: 0.021 (last = 0.0165), fitness=-287202079.842608869
11737.06 secs, 1387767 evals, 1387963 steps, improv/step: 0.021 (last = 0.0198), fitness=-287202079.852831006
11767.07 secs, 1391414 evals, 1391611 steps, improv/step: 0.021 (last = 0.0175), fitness=-287202079.873472095
11797.07 secs, 1395018 evals, 1395215 steps, improv/step: 0.021 (last = 0.0172), fitness=-287202079.893822193
11827.41 secs, 1398615 evals, 1398812 steps, improv/step: 0.021 (last = 0.0203), fitness=-287202079.896378160
11857.41 secs, 1402318 evals, 1402515 steps, improv/step: 0.021 (last = 0.0176), fitness=-287202079.933588922
11887.51 secs, 1405679 evals, 1405876 steps, improv/step: 0.021 (last = 0.0214), fitness=-287202079.953842402
11917.51 secs, 1408862 evals, 1409059 steps, improv/step: 0.021 (last = 0.0192), fitness=-287202079.977509379
11947.51 secs, 1412437 evals, 1412634 steps, improv/step: 0.021 (last = 0.0154), fitness=-287202079.978997111
11977.51 secs, 1416081 evals, 1416278 steps, improv/step: 0.021 (last = 0.0167), fitness=-287202080.004820704
12007.52 secs, 1419568 evals, 1419766 steps, improv/step: 0.021 (last = 0.0155), fitness=-287202080.017055273
12037.82 secs, 1423051 evals, 1423250 steps, improv/step: 0.021 (last = 0.0152), fitness=-287202080.020164967
12067.83 secs, 1426402 evals, 1426601 steps, improv/step: 0.021 (last = 0.0137), fitness=-287202080.030910969
12097.83 secs, 1429936 evals, 1430136 steps, improv/step: 0.021 (last = 0.0144), fitness=-287202080.042403758
12127.83 secs, 1433448 evals, 1433649 steps, improv/step: 0.021 (last = 0.0159), fitness=-287202080.056467414
12157.84 secs, 1437058 evals, 1437259 steps, improv/step: 0.021 (last = 0.0197), fitness=-287202080.072197318
12187.84 secs, 1440575 evals, 1440777 steps, improv/step: 0.021 (last = 0.0156), fitness=-287202080.093093693
12217.84 secs, 1444015 evals, 1444217 steps, improv/step: 0.021 (last = 0.0122), fitness=-287202080.101189494
12247.85 secs, 1447534 evals, 1447736 steps, improv/step: 0.021 (last = 0.0188), fitness=-287202080.150959373
12278.05 secs, 1451074 evals, 1451276 steps, improv/step: 0.021 (last = 0.0184), fitness=-287202080.175877333
12308.26 secs, 1454576 evals, 1454778 steps, improv/step: 0.021 (last = 0.0174), fitness=-287202080.253708065
12338.26 secs, 1458092 evals, 1458295 steps, improv/step: 0.021 (last = 0.0119), fitness=-287202080.255287588
12368.26 secs, 1461649 evals, 1461852 steps, improv/step: 0.021 (last = 0.0112), fitness=-287202080.276208639
12398.27 secs, 1465231 evals, 1465434 steps, improv/step: 0.021 (last = 0.0140), fitness=-287202080.311667502
12428.27 secs, 1468769 evals, 1468974 steps, improv/step: 0.021 (last = 0.0155), fitness=-287202080.330044210
12458.28 secs, 1472260 evals, 1472466 steps, improv/step: 0.021 (last = 0.0169), fitness=-287202080.351541221
12488.37 secs, 1475747 evals, 1475954 steps, improv/step: 0.021 (last = 0.0126), fitness=-287202080.371480763
12518.37 secs, 1479017 evals, 1479225 steps, improv/step: 0.021 (last = 0.0168), fitness=-287202080.387877047
12548.37 secs, 1482232 evals, 1482440 steps, improv/step: 0.021 (last = 0.0134), fitness=-287202080.394909918
12578.37 secs, 1485500 evals, 1485708 steps, improv/step: 0.021 (last = 0.0159), fitness=-287202080.405883133
12608.39 secs, 1489120 evals, 1489329 steps, improv/step: 0.020 (last = 0.0168), fitness=-287202080.477318525
12638.94 secs, 1492705 evals, 1492915 steps, improv/step: 0.020 (last = 0.0134), fitness=-287202080.485596478
12668.94 secs, 1496303 evals, 1496513 steps, improv/step: 0.020 (last = 0.0145), fitness=-287202080.505950332
12698.94 secs, 1499932 evals, 1500143 steps, improv/step: 0.020 (last = 0.0179), fitness=-287202080.568672478
12729.01 secs, 1503506 evals, 1503718 steps, improv/step: 0.020 (last = 0.0120), fitness=-287202080.589041352
12759.02 secs, 1507297 evals, 1507509 steps, improv/step: 0.020 (last = 0.0108), fitness=-287202080.609946728
12789.02 secs, 1511117 evals, 1511329 steps, improv/step: 0.020 (last = 0.0099), fitness=-287202080.655748844
12819.03 secs, 1514769 evals, 1514982 steps, improv/step: 0.020 (last = 0.0101), fitness=-287202080.670757830
12849.03 secs, 1518767 evals, 1518981 steps, improv/step: 0.020 (last = 0.0128), fitness=-287202080.750455320
12879.03 secs, 1522759 evals, 1522976 steps, improv/step: 0.020 (last = 0.0128), fitness=-287202080.969614565
12909.04 secs, 1526667 evals, 1526884 steps, improv/step: 0.020 (last = 0.0177), fitness=-287202080.997795522
12939.04 secs, 1530622 evals, 1530839 steps, improv/step: 0.020 (last = 0.0131), fitness=-287202081.109888315
12969.04 secs, 1534558 evals, 1534776 steps, improv/step: 0.020 (last = 0.0152), fitness=-287202081.266681850
12999.04 secs, 1538432 evals, 1538650 steps, improv/step: 0.020 (last = 0.0165), fitness=-287202081.439499378
13029.05 secs, 1542213 evals, 1542431 steps, improv/step: 0.020 (last = 0.0145), fitness=-287202081.439499378
13059.06 secs, 1546088 evals, 1546306 steps, improv/step: 0.020 (last = 0.0103), fitness=-287202081.517138004
13089.06 secs, 1549813 evals, 1550031 steps, improv/step: 0.020 (last = 0.0166), fitness=-287202081.592483699
13119.06 secs, 1553512 evals, 1553730 steps, improv/step: 0.020 (last = 0.0162), fitness=-287202081.667633951
13149.07 secs, 1557353 evals, 1557572 steps, improv/step: 0.020 (last = 0.0219), fitness=-287202081.857694626
13179.07 secs, 1561209 evals, 1561428 steps, improv/step: 0.020 (last = 0.0176), fitness=-287202081.879592538
13209.08 secs, 1565012 evals, 1565233 steps, improv/step: 0.020 (last = 0.0166), fitness=-287202081.964736581
13239.08 secs, 1568890 evals, 1569112 steps, improv/step: 0.020 (last = 0.0162), fitness=-287202081.968891084
13269.35 secs, 1572653 evals, 1572875 steps, improv/step: 0.020 (last = 0.0146), fitness=-287202081.974117041
13299.35 secs, 1576498 evals, 1576722 steps, improv/step: 0.020 (last = 0.0161), fitness=-287202082.047304809
13329.36 secs, 1580391 evals, 1580616 steps, improv/step: 0.020 (last = 0.0139), fitness=-287202082.096752763
13359.36 secs, 1584215 evals, 1584440 steps, improv/step: 0.020 (last = 0.0136), fitness=-287202082.097669423
13389.37 secs, 1587884 evals, 1588109 steps, improv/step: 0.020 (last = 0.0136), fitness=-287202082.212563157
13419.37 secs, 1591637 evals, 1591862 steps, improv/step: 0.020 (last = 0.0179), fitness=-287202082.212563157
13449.49 secs, 1595387 evals, 1595613 steps, improv/step: 0.020 (last = 0.0125), fitness=-287202082.250251710
13479.50 secs, 1599025 evals, 1599252 steps, improv/step: 0.020 (last = 0.0173), fitness=-287202082.294680238
13509.50 secs, 1602651 evals, 1602879 steps, improv/step: 0.020 (last = 0.0094), fitness=-287202082.337292850
13539.50 secs, 1606203 evals, 1606432 steps, improv/step: 0.020 (last = 0.0129), fitness=-287202082.381024718
13569.50 secs, 1609706 evals, 1609936 steps, improv/step: 0.020 (last = 0.0140), fitness=-287202082.385932922
13599.51 secs, 1613130 evals, 1613361 steps, improv/step: 0.020 (last = 0.0181), fitness=-287202082.441382051
13629.51 secs, 1616548 evals, 1616779 steps, improv/step: 0.020 (last = 0.0140), fitness=-287202082.460084081
13659.74 secs, 1620033 evals, 1620264 steps, improv/step: 0.020 (last = 0.0166), fitness=-287202082.495324194
13689.75 secs, 1623384 evals, 1623615 steps, improv/step: 0.020 (last = 0.0167), fitness=-287202082.583780706
13719.88 secs, 1626815 evals, 1627046 steps, improv/step: 0.020 (last = 0.0175), fitness=-287202082.585027099
13749.88 secs, 1630197 evals, 1630428 steps, improv/step: 0.020 (last = 0.0210), fitness=-287202082.705569983
13780.32 secs, 1633623 evals, 1633857 steps, improv/step: 0.020 (last = 0.0216), fitness=-287202082.705569983
13810.32 secs, 1637008 evals, 1637243 steps, improv/step: 0.020 (last = 0.0151), fitness=-287202082.719564319
13840.56 secs, 1640456 evals, 1640691 steps, improv/step: 0.020 (last = 0.0177), fitness=-287202082.803998411
13870.93 secs, 1643720 evals, 1643955 steps, improv/step: 0.020 (last = 0.0181), fitness=-287202082.803998411
13900.93 secs, 1647057 evals, 1647293 steps, improv/step: 0.020 (last = 0.0165), fitness=-287202082.803998411
13930.93 secs, 1650317 evals, 1650554 steps, improv/step: 0.020 (last = 0.0153), fitness=-287202082.815090477
13961.27 secs, 1653546 evals, 1653785 steps, improv/step: 0.020 (last = 0.0133), fitness=-287202082.828737855
13991.27 secs, 1656821 evals, 1657060 steps, improv/step: 0.020 (last = 0.0140), fitness=-287202082.851752281
14021.27 secs, 1660094 evals, 1660333 steps, improv/step: 0.020 (last = 0.0131), fitness=-287202082.860589743
14051.28 secs, 1663332 evals, 1663572 steps, improv/step: 0.020 (last = 0.0198), fitness=-287202082.904872537
14081.28 secs, 1666496 evals, 1666739 steps, improv/step: 0.020 (last = 0.0193), fitness=-287202082.932095766
14111.29 secs, 1669864 evals, 1670110 steps, improv/step: 0.020 (last = 0.0214), fitness=-287202082.997988880
14141.46 secs, 1673028 evals, 1673274 steps, improv/step: 0.020 (last = 0.0199), fitness=-287202083.019587874
14171.71 secs, 1676351 evals, 1676599 steps, improv/step: 0.020 (last = 0.0165), fitness=-287202083.070670962
14201.91 secs, 1679681 evals, 1679930 steps, improv/step: 0.020 (last = 0.0159), fitness=-287202083.070670962
14231.91 secs, 1682993 evals, 1683245 steps, improv/step: 0.020 (last = 0.0157), fitness=-287202083.081548691
14261.91 secs, 1686255 evals, 1686507 steps, improv/step: 0.020 (last = 0.0116), fitness=-287202083.101773739
14291.91 secs, 1689393 evals, 1689645 steps, improv/step: 0.020 (last = 0.0147), fitness=-287202083.118614137
14321.92 secs, 1692660 evals, 1692912 steps, improv/step: 0.020 (last = 0.0138), fitness=-287202083.150280356
14351.92 secs, 1695841 evals, 1696094 steps, improv/step: 0.020 (last = 0.0182), fitness=-287202083.173176706
14382.40 secs, 1699109 evals, 1699362 steps, improv/step: 0.020 (last = 0.0202), fitness=-287202083.193392217
14412.78 secs, 1702479 evals, 1702732 steps, improv/step: 0.020 (last = 0.0166), fitness=-287202083.230846286
14442.79 secs, 1705708 evals, 1705961 steps, improv/step: 0.020 (last = 0.0201), fitness=-287202083.254753828
14473.14 secs, 1708900 evals, 1709153 steps, improv/step: 0.020 (last = 0.0144), fitness=-287202083.280210435
14503.14 secs, 1712223 evals, 1712476 steps, improv/step: 0.020 (last = 0.0175), fitness=-287202083.326714158
14533.15 secs, 1715498 evals, 1715751 steps, improv/step: 0.020 (last = 0.0183), fitness=-287202083.369464695
14563.15 secs, 1718742 evals, 1718995 steps, improv/step: 0.020 (last = 0.0228), fitness=-287202083.441250682
14593.15 secs, 1721911 evals, 1722165 steps, improv/step: 0.020 (last = 0.0192), fitness=-287202083.480142415
14623.16 secs, 1725186 evals, 1725440 steps, improv/step: 0.020 (last = 0.0195), fitness=-287202083.500274777
14653.16 secs, 1728556 evals, 1728810 steps, improv/step: 0.020 (last = 0.0193), fitness=-287202083.518262506
14683.16 secs, 1731930 evals, 1732185 steps, improv/step: 0.020 (last = 0.0148), fitness=-287202083.558038414
14713.16 secs, 1735162 evals, 1735417 steps, improv/step: 0.020 (last = 0.0158), fitness=-287202083.565833330
14743.17 secs, 1738459 evals, 1738715 steps, improv/step: 0.020 (last = 0.0206), fitness=-287202083.596586943
14773.29 secs, 1741685 evals, 1741941 steps, improv/step: 0.020 (last = 0.0189), fitness=-287202083.602143228
14803.30 secs, 1744940 evals, 1745196 steps, improv/step: 0.020 (last = 0.0212), fitness=-287202083.671817482
14833.40 secs, 1748241 evals, 1748497 steps, improv/step: 0.020 (last = 0.0197), fitness=-287202083.730304956
14863.42 secs, 1751585 evals, 1751841 steps, improv/step: 0.020 (last = 0.0176), fitness=-287202083.736314178
14893.42 secs, 1754788 evals, 1755045 steps, improv/step: 0.020 (last = 0.0162), fitness=-287202083.758643508
14923.43 secs, 1758029 evals, 1758286 steps, improv/step: 0.020 (last = 0.0191), fitness=-287202083.784303129
14953.43 secs, 1761204 evals, 1761462 steps, improv/step: 0.020 (last = 0.0132), fitness=-287202083.813616991
14983.44 secs, 1764552 evals, 1764810 steps, improv/step: 0.020 (last = 0.0176), fitness=-287202083.837371647
15013.44 secs, 1767736 evals, 1767994 steps, improv/step: 0.020 (last = 0.0163), fitness=-287202083.938722849
15043.45 secs, 1771113 evals, 1771372 steps, improv/step: 0.020 (last = 0.0130), fitness=-287202083.938722849
15073.45 secs, 1774421 evals, 1774681 steps, improv/step: 0.020 (last = 0.0178), fitness=-287202083.939345121
15103.45 secs, 1777680 evals, 1777940 steps, improv/step: 0.020 (last = 0.0135), fitness=-287202083.980767727
15133.45 secs, 1780917 evals, 1781177 steps, improv/step: 0.020 (last = 0.0170), fitness=-287202084.026382208
15163.45 secs, 1784166 evals, 1784426 steps, improv/step: 0.020 (last = 0.0135), fitness=-287202084.030215621
15193.46 secs, 1787409 evals, 1787669 steps, improv/step: 0.020 (last = 0.0157), fitness=-287202084.050071955
15223.46 secs, 1790805 evals, 1791066 steps, improv/step: 0.020 (last = 0.0144), fitness=-287202084.068479538
15253.85 secs, 1794078 evals, 1794340 steps, improv/step: 0.020 (last = 0.0144), fitness=-287202084.131869018
15283.85 secs, 1797372 evals, 1797634 steps, improv/step: 0.020 (last = 0.0152), fitness=-287202084.131869018
15313.85 secs, 1800498 evals, 1800760 steps, improv/step: 0.020 (last = 0.0090), fitness=-287202084.131869018
15343.86 secs, 1803805 evals, 1804068 steps, improv/step: 0.020 (last = 0.0160), fitness=-287202084.144450843
15373.86 secs, 1807009 evals, 1807273 steps, improv/step: 0.020 (last = 0.0187), fitness=-287202084.171028972
15403.86 secs, 1810293 evals, 1810558 steps, improv/step: 0.020 (last = 0.0146), fitness=-287202084.189381838
15433.87 secs, 1813556 evals, 1813821 steps, improv/step: 0.020 (last = 0.0138), fitness=-287202084.217087507
15463.87 secs, 1816731 evals, 1816997 steps, improv/step: 0.020 (last = 0.0142), fitness=-287202084.254732609
15493.88 secs, 1820013 evals, 1820280 steps, improv/step: 0.020 (last = 0.0180), fitness=-287202084.263942003
15523.88 secs, 1823181 evals, 1823449 steps, improv/step: 0.020 (last = 0.0145), fitness=-287202084.263942003
15553.88 secs, 1826487 evals, 1826756 steps, improv/step: 0.020 (last = 0.0148), fitness=-287202084.288042128
15583.89 secs, 1829689 evals, 1829959 steps, improv/step: 0.020 (last = 0.0134), fitness=-287202084.288042128
15613.89 secs, 1832821 evals, 1833093 steps, improv/step: 0.020 (last = 0.0182), fitness=-287202084.301257014
15643.89 secs, 1836052 evals, 1836325 steps, improv/step: 0.020 (last = 0.0186), fitness=-287202084.333866477
15673.89 secs, 1839413 evals, 1839687 steps, improv/step: 0.020 (last = 0.0175), fitness=-287202084.344468355
15703.90 secs, 1842746 evals, 1843021 steps, improv/step: 0.020 (last = 0.0147), fitness=-287202084.352077007
15733.90 secs, 1846060 evals, 1846336 steps, improv/step: 0.020 (last = 0.0130), fitness=-287202084.379648268
15763.91 secs, 1849262 evals, 1849542 steps, improv/step: 0.020 (last = 0.0168), fitness=-287202084.379648268
15793.91 secs, 1852431 evals, 1852711 steps, improv/step: 0.020 (last = 0.0170), fitness=-287202084.421480417
15823.91 secs, 1855704 evals, 1855985 steps, improv/step: 0.020 (last = 0.0141), fitness=-287202084.421480417
15853.92 secs, 1858991 evals, 1859274 steps, improv/step: 0.020 (last = 0.0164), fitness=-287202084.421480417
15883.92 secs, 1862378 evals, 1862662 steps, improv/step: 0.020 (last = 0.0171), fitness=-287202084.423308730
15913.92 secs, 1865813 evals, 1866097 steps, improv/step: 0.020 (last = 0.0178), fitness=-287202084.424668849
15943.92 secs, 1868994 evals, 1869278 steps, improv/step: 0.020 (last = 0.0082), fitness=-287202084.440980196
15973.93 secs, 1872230 evals, 1872516 steps, improv/step: 0.020 (last = 0.0065), fitness=-287202084.440980196
16003.93 secs, 1875470 evals, 1875756 steps, improv/step: 0.020 (last = 0.0105), fitness=-287202084.444468498
16033.93 secs, 1878779 evals, 1879065 steps, improv/step: 0.020 (last = 0.0103), fitness=-287202084.464329481
16063.94 secs, 1882005 evals, 1882291 steps, improv/step: 0.019 (last = 0.0090), fitness=-287202084.484760284
16093.94 secs, 1885230 evals, 1885517 steps, improv/step: 0.019 (last = 0.0077), fitness=-287202084.503491461
16124.16 secs, 1888362 evals, 1888650 steps, improv/step: 0.019 (last = 0.0140), fitness=-287202084.530090928
16154.16 secs, 1891598 evals, 1891887 steps, improv/step: 0.019 (last = 0.0133), fitness=-287202084.560058057
16184.16 secs, 1894920 evals, 1895209 steps, improv/step: 0.019 (last = 0.0160), fitness=-287202084.589649022
16214.17 secs, 1898230 evals, 1898519 steps, improv/step: 0.019 (last = 0.0205), fitness=-287202084.626859009
16244.17 secs, 1901431 evals, 1901722 steps, improv/step: 0.019 (last = 0.0175), fitness=-287202084.632294774
16274.29 secs, 1904766 evals, 1905058 steps, improv/step: 0.019 (last = 0.0141), fitness=-287202084.675871134
16304.29 secs, 1908099 evals, 1908391 steps, improv/step: 0.019 (last = 0.0156), fitness=-287202084.729738653
16334.29 secs, 1911339 evals, 1911632 steps, improv/step: 0.019 (last = 0.0160), fitness=-287202084.729738653
16364.29 secs, 1914560 evals, 1914853 steps, improv/step: 0.019 (last = 0.0109), fitness=-287202084.748783588
16394.30 secs, 1917860 evals, 1918153 steps, improv/step: 0.019 (last = 0.0097), fitness=-287202084.757243216
16424.30 secs, 1921159 evals, 1921453 steps, improv/step: 0.019 (last = 0.0121), fitness=-287202084.780401945
16454.30 secs, 1924354 evals, 1924649 steps, improv/step: 0.019 (last = 0.0150), fitness=-287202084.811483383
16484.30 secs, 1927556 evals, 1927852 steps, improv/step: 0.019 (last = 0.0116), fitness=-287202084.818698287
16514.43 secs, 1930755 evals, 1931051 steps, improv/step: 0.019 (last = 0.0169), fitness=-287202084.853946209
16544.43 secs, 1933899 evals, 1934195 steps, improv/step: 0.019 (last = 0.0137), fitness=-287202084.869995654
16574.76 secs, 1937209 evals, 1937505 steps, improv/step: 0.019 (last = 0.0172), fitness=-287202084.897169530
16604.77 secs, 1940514 evals, 1940810 steps, improv/step: 0.019 (last = 0.0151), fitness=-287202084.901766241
16634.77 secs, 1943836 evals, 1944133 steps, improv/step: 0.019 (last = 0.0159), fitness=-287202084.939688802
16664.84 secs, 1947118 evals, 1947415 steps, improv/step: 0.019 (last = 0.0122), fitness=-287202084.967861354
16694.85 secs, 1950424 evals, 1950721 steps, improv/step: 0.019 (last = 0.0148), fitness=-287202085.007609487
16724.85 secs, 1953598 evals, 1953895 steps, improv/step: 0.019 (last = 0.0161), fitness=-287202085.064919293
16754.85 secs, 1956669 evals, 1956966 steps, improv/step: 0.019 (last = 0.0127), fitness=-287202085.153972805
16784.86 secs, 1959891 evals, 1960188 steps, improv/step: 0.019 (last = 0.0130), fitness=-287202085.163807809
16814.86 secs, 1963079 evals, 1963377 steps, improv/step: 0.019 (last = 0.0125), fitness=-287202085.222350597
16844.87 secs, 1966282 evals, 1966580 steps, improv/step: 0.019 (last = 0.0150), fitness=-287202085.260064125
16874.88 secs, 1969511 evals, 1969811 steps, improv/step: 0.019 (last = 0.0121), fitness=-287202085.324855804
16904.88 secs, 1972862 evals, 1973163 steps, improv/step: 0.019 (last = 0.0149), fitness=-287202085.357634425
16934.88 secs, 1976043 evals, 1976344 steps, improv/step: 0.019 (last = 0.0107), fitness=-287202085.436469257
16964.89 secs, 1979253 evals, 1979554 steps, improv/step: 0.019 (last = 0.0097), fitness=-287202085.473299623
16994.89 secs, 1982317 evals, 1982618 steps, improv/step: 0.019 (last = 0.0124), fitness=-287202085.510769904
17024.89 secs, 1985491 evals, 1985792 steps, improv/step: 0.019 (last = 0.0135), fitness=-287202085.596134722
17054.89 secs, 1988656 evals, 1988958 steps, improv/step: 0.019 (last = 0.0085), fitness=-287202085.614579141
17084.90 secs, 1991844 evals, 1992147 steps, improv/step: 0.019 (last = 0.0100), fitness=-287202085.657770991
17114.90 secs, 1994967 evals, 1995271 steps, improv/step: 0.019 (last = 0.0131), fitness=-287202085.791616619
17144.90 secs, 1998096 evals, 1998401 steps, improv/step: 0.019 (last = 0.0173), fitness=-287202085.796135306
17174.91 secs, 2001166 evals, 2001471 steps, improv/step: 0.019 (last = 0.0134), fitness=-287202085.876411438
17204.91 secs, 2004235 evals, 2004540 steps, improv/step: 0.019 (last = 0.0117), fitness=-287202085.876411438
17234.91 secs, 2007287 evals, 2007593 steps, improv/step: 0.019 (last = 0.0131), fitness=-287202085.911148965
17264.91 secs, 2010340 evals, 2010646 steps, improv/step: 0.019 (last = 0.0124), fitness=-287202086.001742184
17294.92 secs, 2013481 evals, 2013787 steps, improv/step: 0.019 (last = 0.0156), fitness=-287202086.027822733
17324.93 secs, 2016486 evals, 2016792 steps, improv/step: 0.019 (last = 0.0146), fitness=-287202086.209011018
17354.94 secs, 2019452 evals, 2019758 steps, improv/step: 0.019 (last = 0.0111), fitness=-287202086.209011018
17385.77 secs, 2022552 evals, 2022860 steps, improv/step: 0.019 (last = 0.0164), fitness=-287202086.243655860
17415.78 secs, 2025541 evals, 2025850 steps, improv/step: 0.019 (last = 0.0151), fitness=-287202086.339601874
17445.78 secs, 2028765 evals, 2029075 steps, improv/step: 0.019 (last = 0.0146), fitness=-287202086.339601874
17475.79 secs, 2031976 evals, 2032287 steps, improv/step: 0.019 (last = 0.0171), fitness=-287202086.444424152
17505.79 secs, 2035093 evals, 2035404 steps, improv/step: 0.019 (last = 0.0125), fitness=-287202086.452618659
17535.79 secs, 2038076 evals, 2038388 steps, improv/step: 0.019 (last = 0.0144), fitness=-287202086.461286426
17565.79 secs, 2041157 evals, 2041469 steps, improv/step: 0.019 (last = 0.0169), fitness=-287202086.578831315
17595.79 secs, 2044214 evals, 2044526 steps, improv/step: 0.019 (last = 0.0164), fitness=-287202086.643367708
17625.80 secs, 2047287 evals, 2047599 steps, improv/step: 0.019 (last = 0.0124), fitness=-287202086.643367708
17655.80 secs, 2050470 evals, 2050782 steps, improv/step: 0.019 (last = 0.0141), fitness=-287202086.668038905
17685.81 secs, 2053583 evals, 2053895 steps, improv/step: 0.019 (last = 0.0164), fitness=-287202086.734527946
17715.81 secs, 2056725 evals, 2057038 steps, improv/step: 0.019 (last = 0.0150), fitness=-287202086.786843956
17745.81 secs, 2059831 evals, 2060145 steps, improv/step: 0.019 (last = 0.0135), fitness=-287202086.823775709
17775.97 secs, 2062887 evals, 2063202 steps, improv/step: 0.019 (last = 0.0124), fitness=-287202086.865919411
17805.98 secs, 2066002 evals, 2066317 steps, improv/step: 0.019 (last = 0.0173), fitness=-287202087.038425565
17835.98 secs, 2069038 evals, 2069355 steps, improv/step: 0.019 (last = 0.0115), fitness=-287202087.038425565
17866.64 secs, 2072177 evals, 2072494 steps, improv/step: 0.019 (last = 0.0150), fitness=-287202087.038425565
17896.65 secs, 2075253 evals, 2075570 steps, improv/step: 0.019 (last = 0.0166), fitness=-287202087.066216052
17926.65 secs, 2078358 evals, 2078675 steps, improv/step: 0.019 (last = 0.0167), fitness=-287202087.119692862
17956.65 secs, 2081514 evals, 2081832 steps, improv/step: 0.019 (last = 0.0168), fitness=-287202087.179323435
17986.65 secs, 2084641 evals, 2084959 steps, improv/step: 0.019 (last = 0.0157), fitness=-287202087.192057312
18016.66 secs, 2087691 evals, 2088010 steps, improv/step: 0.019 (last = 0.0164), fitness=-287202087.292632043
18046.66 secs, 2090668 evals, 2090988 steps, improv/step: 0.019 (last = 0.0191), fitness=-287202087.441023350
18076.98 secs, 2093731 evals, 2094054 steps, improv/step: 0.019 (last = 0.0124), fitness=-287202087.512538433
18106.98 secs, 2096775 evals, 2097099 steps, improv/step: 0.019 (last = 0.0125), fitness=-287202087.592836261
18137.37 secs, 2099871 evals, 2100195 steps, improv/step: 0.019 (last = 0.0152), fitness=-287202087.635542393
18167.37 secs, 2102899 evals, 2103224 steps, improv/step: 0.019 (last = 0.0152), fitness=-287202087.667240620
18197.73 secs, 2106026 evals, 2106351 steps, improv/step: 0.019 (last = 0.0131), fitness=-287202087.704005539
18227.74 secs, 2109208 evals, 2109536 steps, improv/step: 0.019 (last = 0.0170), fitness=-287202087.759910822
18257.79 secs, 2112199 evals, 2112528 steps, improv/step: 0.019 (last = 0.0177), fitness=-287202087.794990063
18287.79 secs, 2115239 evals, 2115569 steps, improv/step: 0.019 (last = 0.0102), fitness=-287202087.812044978
18317.79 secs, 2118241 evals, 2118571 steps, improv/step: 0.019 (last = 0.0160), fitness=-287202087.831519067
18348.27 secs, 2121282 evals, 2121612 steps, improv/step: 0.019 (last = 0.0161), fitness=-287202087.872919679
18378.28 secs, 2124433 evals, 2124764 steps, improv/step: 0.019 (last = 0.0228), fitness=-287202087.882754862
18408.84 secs, 2127496 evals, 2127827 steps, improv/step: 0.019 (last = 0.0150), fitness=-287202087.929501653
18438.84 secs, 2130574 evals, 2130905 steps, improv/step: 0.019 (last = 0.0224), fitness=-287202088.003485203
18468.85 secs, 2133570 evals, 2133903 steps, improv/step: 0.019 (last = 0.0130), fitness=-287202088.046488881
18498.85 secs, 2136725 evals, 2137059 steps, improv/step: 0.019 (last = 0.0171), fitness=-287202088.062015295
18528.85 secs, 2139717 evals, 2140052 steps, improv/step: 0.019 (last = 0.0110), fitness=-287202088.062015295
18558.86 secs, 2142675 evals, 2143010 steps, improv/step: 0.019 (last = 0.0152), fitness=-287202088.117629409
18589.36 secs, 2145823 evals, 2146159 steps, improv/step: 0.019 (last = 0.0127), fitness=-287202088.133968472
18619.37 secs, 2148824 evals, 2149162 steps, improv/step: 0.019 (last = 0.0147), fitness=-287202088.137257218
18649.37 secs, 2151774 evals, 2152113 steps, improv/step: 0.019 (last = 0.0115), fitness=-287202088.224792421
18679.37 secs, 2154682 evals, 2155021 steps, improv/step: 0.019 (last = 0.0155), fitness=-287202088.242103219
18709.37 secs, 2157762 evals, 2158101 steps, improv/step: 0.019 (last = 0.0127), fitness=-287202088.243235826
18739.38 secs, 2160802 evals, 2161141 steps, improv/step: 0.019 (last = 0.0089), fitness=-287202088.255743623
18769.39 secs, 2163754 evals, 2164094 steps, improv/step: 0.019 (last = 0.0085), fitness=-287202088.255917966
18799.39 secs, 2166816 evals, 2167157 steps, improv/step: 0.019 (last = 0.0134), fitness=-287202088.436996579
18829.39 secs, 2169805 evals, 2170147 steps, improv/step: 0.019 (last = 0.0174), fitness=-287202088.436996579
18859.40 secs, 2172877 evals, 2173220 steps, improv/step: 0.019 (last = 0.0156), fitness=-287202088.461813450
18889.40 secs, 2176014 evals, 2176357 steps, improv/step: 0.019 (last = 0.0163), fitness=-287202088.498761892
18919.41 secs, 2179075 evals, 2179418 steps, improv/step: 0.019 (last = 0.0144), fitness=-287202088.540802538
18950.05 secs, 2182072 evals, 2182417 steps, improv/step: 0.019 (last = 0.0093), fitness=-287202088.542517662
18980.05 secs, 2185141 evals, 2185487 steps, improv/step: 0.019 (last = 0.0098), fitness=-287202088.608137608
19010.05 secs, 2188206 evals, 2188552 steps, improv/step: 0.019 (last = 0.0111), fitness=-287202088.625740647
19040.06 secs, 2191419 evals, 2191765 steps, improv/step: 0.019 (last = 0.0118), fitness=-287202088.694887996
19070.06 secs, 2194614 evals, 2194962 steps, improv/step: 0.019 (last = 0.0122), fitness=-287202088.759864092
19100.06 secs, 2197685 evals, 2198034 steps, improv/step: 0.019 (last = 0.0114), fitness=-287202088.861172020
19130.06 secs, 2200640 evals, 2200991 steps, improv/step: 0.019 (last = 0.0112), fitness=-287202089.027500629
19160.06 secs, 2203654 evals, 2204005 steps, improv/step: 0.019 (last = 0.0060), fitness=-287202089.088205814
19190.07 secs, 2206740 evals, 2207091 steps, improv/step: 0.019 (last = 0.0120), fitness=-287202089.088205814
19220.08 secs, 2209828 evals, 2210179 steps, improv/step: 0.019 (last = 0.0130), fitness=-287202089.181250572
19250.08 secs, 2212943 evals, 2213294 steps, improv/step: 0.019 (last = 0.0138), fitness=-287202089.181250572
19280.19 secs, 2215876 evals, 2216228 steps, improv/step: 0.019 (last = 0.0106), fitness=-287202089.198971868
19310.19 secs, 2218982 evals, 2219336 steps, improv/step: 0.019 (last = 0.0106), fitness=-287202089.286928475
19340.20 secs, 2222086 evals, 2222442 steps, improv/step: 0.019 (last = 0.0087), fitness=-287202089.286928475
19370.21 secs, 2225214 evals, 2225571 steps, improv/step: 0.019 (last = 0.0121), fitness=-287202089.439718723
19400.67 secs, 2228407 evals, 2228764 steps, improv/step: 0.019 (last = 0.0066), fitness=-287202089.483087659
19430.67 secs, 2231569 evals, 2231926 steps, improv/step: 0.019 (last = 0.0120), fitness=-287202089.539474607
19460.67 secs, 2234732 evals, 2235089 steps, improv/step: 0.019 (last = 0.0095), fitness=-287202089.613048077
19490.68 secs, 2237805 evals, 2238163 steps, improv/step: 0.019 (last = 0.0101), fitness=-287202089.674586177
19521.07 secs, 2241007 evals, 2241365 steps, improv/step: 0.019 (last = 0.0100), fitness=-287202089.711978018
19551.11 secs, 2244058 evals, 2244416 steps, improv/step: 0.019 (last = 0.0098), fitness=-287202089.781257272
19581.12 secs, 2247237 evals, 2247596 steps, improv/step: 0.019 (last = 0.0154), fitness=-287202089.882210374
19611.12 secs, 2250363 evals, 2250723 steps, improv/step: 0.019 (last = 0.0093), fitness=-287202089.882210374
19641.13 secs, 2253490 evals, 2253852 steps, improv/step: 0.019 (last = 0.0141), fitness=-287202090.086344421
19671.93 secs, 2256740 evals, 2257103 steps, improv/step: 0.019 (last = 0.0108), fitness=-287202090.255363226
19701.93 secs, 2259941 evals, 2260305 steps, improv/step: 0.018 (last = 0.0112), fitness=-287202090.255363226
19731.94 secs, 2263130 evals, 2263494 steps, improv/step: 0.018 (last = 0.0103), fitness=-287202090.442964435
19762.65 secs, 2266405 evals, 2266769 steps, improv/step: 0.018 (last = 0.0156), fitness=-287202090.589381754
19792.65 secs, 2269649 evals, 2270013 steps, improv/step: 0.018 (last = 0.0108), fitness=-287202090.705773950
19822.65 secs, 2272831 evals, 2273195 steps, improv/step: 0.018 (last = 0.0107), fitness=-287202090.768990874
19852.66 secs, 2275990 evals, 2276355 steps, improv/step: 0.018 (last = 0.0127), fitness=-287202091.022166014
19882.66 secs, 2279218 evals, 2279585 steps, improv/step: 0.018 (last = 0.0130), fitness=-287202091.146237016
19912.67 secs, 2282334 evals, 2282702 steps, improv/step: 0.018 (last = 0.0132), fitness=-287202091.146237016
19942.67 secs, 2285592 evals, 2285960 steps, improv/step: 0.018 (last = 0.0107), fitness=-287202091.221043468
19972.67 secs, 2288859 evals, 2289228 steps, improv/step: 0.018 (last = 0.0116), fitness=-287202091.290993512
20002.67 secs, 2292085 evals, 2292454 steps, improv/step: 0.018 (last = 0.0130), fitness=-287202091.369857073
20032.68 secs, 2295452 evals, 2295822 steps, improv/step: 0.018 (last = 0.0089), fitness=-287202091.369857073
20062.68 secs, 2298777 evals, 2299147 steps, improv/step: 0.018 (last = 0.0108), fitness=-287202091.369857073
20092.68 secs, 2301914 evals, 2302285 steps, improv/step: 0.018 (last = 0.0124), fitness=-287202091.431600869
20122.69 secs, 2305291 evals, 2305662 steps, improv/step: 0.018 (last = 0.0181), fitness=-287202091.525600076
20152.69 secs, 2308558 evals, 2308929 steps, improv/step: 0.018 (last = 0.0178), fitness=-287202091.650513887
20182.70 secs, 2311897 evals, 2312269 steps, improv/step: 0.018 (last = 0.0171), fitness=-287202091.666556239
20212.79 secs, 2315318 evals, 2315690 steps, improv/step: 0.018 (last = 0.0172), fitness=-287202091.717774332
20242.80 secs, 2318669 evals, 2319041 steps, improv/step: 0.018 (last = 0.0164), fitness=-287202091.807264447
20272.80 secs, 2321927 evals, 2322299 steps, improv/step: 0.018 (last = 0.0153), fitness=-287202091.828012645
20303.04 secs, 2325219 evals, 2325592 steps, improv/step: 0.018 (last = 0.0121), fitness=-287202091.828012645
20333.04 secs, 2328510 evals, 2328884 steps, improv/step: 0.018 (last = 0.0103), fitness=-287202091.828012645
20363.04 secs, 2331857 evals, 2332231 steps, improv/step: 0.018 (last = 0.0122), fitness=-287202091.828012645
20393.05 secs, 2335178 evals, 2335552 steps, improv/step: 0.018 (last = 0.0169), fitness=-287202091.891779542
20423.05 secs, 2338571 evals, 2338945 steps, improv/step: 0.018 (last = 0.0156), fitness=-287202091.904289246
20453.06 secs, 2341852 evals, 2342226 steps, improv/step: 0.018 (last = 0.0146), fitness=-287202091.930994332
20483.12 secs, 2345142 evals, 2345516 steps, improv/step: 0.018 (last = 0.0119), fitness=-287202091.948941886
20513.13 secs, 2348546 evals, 2348921 steps, improv/step: 0.018 (last = 0.0156), fitness=-287202091.970626891
20543.13 secs, 2351937 evals, 2352312 steps, improv/step: 0.018 (last = 0.0168), fitness=-287202092.029793262
20573.13 secs, 2355302 evals, 2355678 steps, improv/step: 0.018 (last = 0.0152), fitness=-287202092.034732819
20603.14 secs, 2358651 evals, 2359027 steps, improv/step: 0.018 (last = 0.0131), fitness=-287202092.080230355
20633.72 secs, 2362018 evals, 2362395 steps, improv/step: 0.018 (last = 0.0166), fitness=-287202092.119704485
20663.72 secs, 2365452 evals, 2365830 steps, improv/step: 0.018 (last = 0.0157), fitness=-287202092.202738047
20693.72 secs, 2368854 evals, 2369232 steps, improv/step: 0.018 (last = 0.0173), fitness=-287202092.210723639
20723.72 secs, 2372137 evals, 2372515 steps, improv/step: 0.018 (last = 0.0143), fitness=-287202092.253381610
20753.73 secs, 2375451 evals, 2375830 steps, improv/step: 0.018 (last = 0.0178), fitness=-287202092.271453857
20783.73 secs, 2378876 evals, 2379256 steps, improv/step: 0.018 (last = 0.0175), fitness=-287202092.308957100
20813.73 secs, 2382161 evals, 2382541 steps, improv/step: 0.018 (last = 0.0149), fitness=-287202092.328782439
20844.24 secs, 2385468 evals, 2385849 steps, improv/step: 0.018 (last = 0.0121), fitness=-287202092.360664070
20874.24 secs, 2388863 evals, 2389244 steps, improv/step: 0.018 (last = 0.0200), fitness=-287202092.368294120
20904.25 secs, 2392156 evals, 2392537 steps, improv/step: 0.018 (last = 0.0170), fitness=-287202092.376988411
20934.25 secs, 2395346 evals, 2395728 steps, improv/step: 0.018 (last = 0.0207), fitness=-287202092.402032912
20964.26 secs, 2398693 evals, 2399075 steps, improv/step: 0.018 (last = 0.0215), fitness=-287202092.454872429
20994.26 secs, 2402110 evals, 2402493 steps, improv/step: 0.018 (last = 0.0117), fitness=-287202092.459263027
21024.52 secs, 2405409 evals, 2405793 steps, improv/step: 0.018 (last = 0.0182), fitness=-287202092.477465212
21054.52 secs, 2408802 evals, 2409186 steps, improv/step: 0.018 (last = 0.0171), fitness=-287202092.488801479
21084.53 secs, 2412117 evals, 2412502 steps, improv/step: 0.018 (last = 0.0151), fitness=-287202092.493419409
21114.53 secs, 2415465 evals, 2415850 steps, improv/step: 0.018 (last = 0.0212), fitness=-287202092.499031901
21144.54 secs, 2418828 evals, 2419215 steps, improv/step: 0.018 (last = 0.0217), fitness=-287202092.526294947
21174.54 secs, 2422183 evals, 2422570 steps, improv/step: 0.018 (last = 0.0230), fitness=-287202092.541588783
21204.79 secs, 2425509 evals, 2425896 steps, improv/step: 0.018 (last = 0.0141), fitness=-287202092.566867113
21234.80 secs, 2428803 evals, 2429190 steps, improv/step: 0.018 (last = 0.0188), fitness=-287202092.572887063
21264.80 secs, 2432182 evals, 2432569 steps, improv/step: 0.018 (last = 0.0145), fitness=-287202092.594055116
21294.81 secs, 2435489 evals, 2435878 steps, improv/step: 0.018 (last = 0.0148), fitness=-287202092.601131439
21324.81 secs, 2438925 evals, 2439315 steps, improv/step: 0.018 (last = 0.0099), fitness=-287202092.614104927
21354.81 secs, 2442271 evals, 2442662 steps, improv/step: 0.018 (last = 0.0152), fitness=-287202092.634482145
21384.82 secs, 2445653 evals, 2446044 steps, improv/step: 0.018 (last = 0.0169), fitness=-287202092.666669428
21415.29 secs, 2449078 evals, 2449469 steps, improv/step: 0.018 (last = 0.0146), fitness=-287202092.666669428
21445.29 secs, 2452525 evals, 2452917 steps, improv/step: 0.018 (last = 0.0180), fitness=-287202092.687023163
21475.30 secs, 2455896 evals, 2456289 steps, improv/step: 0.018 (last = 0.0178), fitness=-287202092.716506958
21505.30 secs, 2459439 evals, 2459834 steps, improv/step: 0.018 (last = 0.0158), fitness=-287202092.725663185
21535.71 secs, 2462848 evals, 2463244 steps, improv/step: 0.018 (last = 0.0176), fitness=-287202092.767420352
21565.72 secs, 2466280 evals, 2466676 steps, improv/step: 0.018 (last = 0.0201), fitness=-287202092.775667191
21595.72 secs, 2469834 evals, 2470231 steps, improv/step: 0.018 (last = 0.0205), fitness=-287202092.816767573
21626.31 secs, 2473343 evals, 2473741 steps, improv/step: 0.018 (last = 0.0174), fitness=-287202092.835683525
21656.31 secs, 2476947 evals, 2477345 steps, improv/step: 0.018 (last = 0.0219), fitness=-287202092.893635929
21686.32 secs, 2480397 evals, 2480795 steps, improv/step: 0.018 (last = 0.0212), fitness=-287202092.940854609
21716.32 secs, 2483874 evals, 2484273 steps, improv/step: 0.018 (last = 0.0175), fitness=-287202092.973257303
21746.32 secs, 2487264 evals, 2487664 steps, improv/step: 0.018 (last = 0.0192), fitness=-287202092.997455716
21776.32 secs, 2490658 evals, 2491060 steps, improv/step: 0.018 (last = 0.0115), fitness=-287202093.030342996
21806.32 secs, 2493914 evals, 2494316 steps, improv/step: 0.018 (last = 0.0101), fitness=-287202093.045524418
21836.33 secs, 2497268 evals, 2497672 steps, improv/step: 0.018 (last = 0.0155), fitness=-287202093.059778869

Optimization stopped after 2500405 steps and 21859.98 seconds
Termination reason: Max number of function evaluations (2500000) reached
Steps per second = 114.38
Function evals per second = 114.36
Improvements/step = Inf
Total function evaluations = 2500001


Best candidate found: [148.019, 445.027, 122.407, 7.35264, 2.79872e5, 427.788, 646.24, 481.928, 30.4026, 23078.5, 4.98247e-5, 0.000484722, 0.00512249, 0.0400662, 0.351522]

Fitness: -287202093.098642945

-2.8720209309864295e8
15-element Vector{Float64}:
    148.0193563461393
    445.02726882639104
    122.40690024949072
      7.352643010980758
 279871.63108678476
    427.78781701620363
    646.2401611795318
    481.9275079425417
     30.402554696436123
  23078.486897005587
      4.9824657946482225e-5
      0.00048472168941595707
      0.0051224923234686436
      0.04006617761179174
      0.3515219841098096
Script has finished
Sat Dec 18 21:46:43 CET 2021

------------------------------------------------------------
Sender: LSF System <schwan@makalu123>
Subject: Job 575416: <Julia_Job_parallel> in cluster <wuerfel> Done

Job <Julia_Job_parallel> was submitted from host <makalu56> by user <magr4985> in cluster <wuerfel> at Sat Dec 18 15:37:45 2021
Job was executed on host(s) <makalu123>, in queue <BatchXL>, as user <magr4985> in cluster <wuerfel> at Sat Dec 18 15:37:55 2021
</usr/scratch4/magr4985> was used as the home directory.
</usr/scratch4/magr4985/TRPL/BatchJobs/C2702_hzb/Run4> was used as the working directory.
Started at Sat Dec 18 15:37:55 2021
Terminated at Sat Dec 18 21:46:43 2021
Results reported at Sat Dec 18 21:46:43 2021

Your job looked like:

------------------------------------------------------------
# LSBATCH: User input
#!/bin/csh 
#BSUB -q BatchXL 
#BSUB -R "mem > 8000 span[hosts=1] && intel_avx2" 
#BSUB -oo lsf_julia_%J.log 
#BSUB -eo lsf_julia_%J.err 
#BSUB -J Julia_Job_parallel 
#BSUB -L /bin/csh 
#BSUB -n 1 
date 
pwd 
module purge 
/usr/scratch4/magr4985/julia-1.6.2/bin/julia -t 4 /usr/scratch4/magr4985/TRPL/Programs/trpl_analysis_real.jl C2702_hzb 1.0e17 2500000 1 /usr/scratch4/magr4985/TRPL/BatchJobs/C2702_hzb/Run4 1.0e-14 3600 "[1.0, 1.0, 1.0, 1.0, 1.0, 1.0, 1.0, 1.0, 1.0, 1.0, 1.0e-6, 1.0e-6, 1.0e-6, 1.0e-6, 1.0e-6, 1.0e-6, 1.0e-6, 1.0e-6, 1.0e-6, 1.0e-6]" "[5000.0, 5000.0, 1000.0, 1000.0, 1.0e9, 1000.0, 10000.0, 10000.0, 1000.0, 1.0e6, 0.5, 0.5, 0.5, 0.5, 0.5, 0.5, 0.5, 0.5, 0.5, 0.5]" 
date
------------------------------------------------------------

Successfully completed.

Resource usage summary:

    CPU time :                                   57827.21 sec.
    Max Memory :                                 6182.79 MB
    Average Memory :                             2262.11 MB
    Total Requested Memory :                     -
    Delta Memory :                               -
    Max Swap :                                   844 KB
    Max Processes :                              5
    Max Threads :                                12
    Run time :                                   22127 sec.
    Turnaround time :                            22138 sec.

The output (if any) is above this job summary.



PS:

Read file <lsf_julia_575416.err> for stderr output of this job.

