Warning: no access to tty (Bad file descriptor).
Thus no job control in this shell.
Warning: no access to tty (Bad file descriptor).
Thus no job control in this shell.
Sat Dec 18 15:58:51 CET 2021
/usr/scratch4/magr4985/TRPL/BatchJobs/C2704_hzb/Run25
# Thread: 4
1790306215842065285 RNG Seed
Run 1
Starting optimization with optimizer DiffEvoOpt{FitPopulation{Float64}, RadiusLimitedSelector, BlackBoxOptim.DiffEvoRandBin{3}, RandomBound{ContinuousRectSearchSpace}}
0.00 secs, 0 evals, 0 steps
30.01 secs, 2802 evals, 2689 steps, improv/step: 0.364 (last = 0.3637), fitness=-340004464.287558675
60.01 secs, 5834 evals, 5721 steps, improv/step: 0.278 (last = 0.2022), fitness=-351795604.345159113
90.01 secs, 8755 evals, 8642 steps, improv/step: 0.233 (last = 0.1438), fitness=-355266962.279098392
120.02 secs, 11741 evals, 11628 steps, improv/step: 0.201 (last = 0.1105), fitness=-356372855.353682101
150.04 secs, 14586 evals, 14473 steps, improv/step: 0.186 (last = 0.1227), fitness=-356791214.335611761
180.05 secs, 17542 evals, 17429 steps, improv/step: 0.175 (last = 0.1235), fitness=-356864644.860716701
210.05 secs, 20570 evals, 20457 steps, improv/step: 0.167 (last = 0.1172), fitness=-356935737.422719300
240.05 secs, 23792 evals, 23679 steps, improv/step: 0.158 (last = 0.1034), fitness=-357039012.474430680
270.05 secs, 27143 evals, 27030 steps, improv/step: 0.153 (last = 0.1206), fitness=-357082237.697260439
300.06 secs, 30552 evals, 30439 steps, improv/step: 0.148 (last = 0.1035), fitness=-357104252.464390516
330.06 secs, 33897 evals, 33784 steps, improv/step: 0.143 (last = 0.1040), fitness=-357117156.487270951
360.06 secs, 37058 evals, 36945 steps, improv/step: 0.138 (last = 0.0829), fitness=-357121367.889846206
390.06 secs, 40367 evals, 40254 steps, improv/step: 0.133 (last = 0.0701), fitness=-357123252.560348690
420.06 secs, 43657 evals, 43544 steps, improv/step: 0.127 (last = 0.0605), fitness=-357124214.516197681
450.07 secs, 46929 evals, 46816 steps, improv/step: 0.121 (last = 0.0437), fitness=-357124779.458020687
480.14 secs, 50265 evals, 50152 steps, improv/step: 0.116 (last = 0.0408), fitness=-357124991.102882564
510.14 secs, 53499 evals, 53386 steps, improv/step: 0.112 (last = 0.0439), fitness=-357125227.884640396
540.15 secs, 56789 evals, 56676 steps, improv/step: 0.108 (last = 0.0447), fitness=-357125477.115249097
570.15 secs, 60107 evals, 59995 steps, improv/step: 0.104 (last = 0.0473), fitness=-357125759.871530652
600.18 secs, 63353 evals, 63242 steps, improv/step: 0.101 (last = 0.0376), fitness=-357126100.308570623
630.18 secs, 66612 evals, 66501 steps, improv/step: 0.098 (last = 0.0396), fitness=-357126332.254888296
660.18 secs, 69876 evals, 69765 steps, improv/step: 0.095 (last = 0.0386), fitness=-357126399.373639941
690.19 secs, 73191 evals, 73080 steps, improv/step: 0.092 (last = 0.0347), fitness=-357126634.969947278
720.19 secs, 76468 evals, 76358 steps, improv/step: 0.091 (last = 0.0467), fitness=-357127000.581538916
750.23 secs, 79756 evals, 79646 steps, improv/step: 0.089 (last = 0.0450), fitness=-357127151.514849603
780.23 secs, 83070 evals, 82961 steps, improv/step: 0.087 (last = 0.0564), fitness=-357127348.000327587
810.24 secs, 86423 evals, 86314 steps, improv/step: 0.086 (last = 0.0415), fitness=-357127483.788262606
840.24 secs, 89744 evals, 89635 steps, improv/step: 0.084 (last = 0.0545), fitness=-357127669.268497884
870.24 secs, 93002 evals, 92893 steps, improv/step: 0.083 (last = 0.0402), fitness=-357127757.140604615
900.25 secs, 96300 evals, 96191 steps, improv/step: 0.081 (last = 0.0373), fitness=-357127884.555773795
930.25 secs, 99620 evals, 99511 steps, improv/step: 0.080 (last = 0.0389), fitness=-357127971.743487239
960.25 secs, 102776 evals, 102667 steps, improv/step: 0.078 (last = 0.0282), fitness=-357128016.969866812
990.26 secs, 106000 evals, 105891 steps, improv/step: 0.077 (last = 0.0335), fitness=-357128065.923125505
1020.26 secs, 109234 evals, 109126 steps, improv/step: 0.076 (last = 0.0297), fitness=-357128111.054170847
1050.26 secs, 112532 evals, 112424 steps, improv/step: 0.074 (last = 0.0334), fitness=-357128149.825936019
1080.27 secs, 115705 evals, 115597 steps, improv/step: 0.074 (last = 0.0479), fitness=-357128172.752693594
1110.27 secs, 118957 evals, 118849 steps, improv/step: 0.073 (last = 0.0381), fitness=-357128187.569285810
1140.28 secs, 122223 evals, 122115 steps, improv/step: 0.072 (last = 0.0456), fitness=-357128202.532353878
1170.28 secs, 125430 evals, 125322 steps, improv/step: 0.071 (last = 0.0421), fitness=-357128213.156189799
1200.33 secs, 128772 evals, 128664 steps, improv/step: 0.070 (last = 0.0365), fitness=-357128219.673682570
1230.33 secs, 132092 evals, 131984 steps, improv/step: 0.069 (last = 0.0413), fitness=-357128227.377600729
1260.37 secs, 135400 evals, 135293 steps, improv/step: 0.069 (last = 0.0354), fitness=-357128229.059776366
1290.37 secs, 138799 evals, 138692 steps, improv/step: 0.068 (last = 0.0327), fitness=-357128230.049778879
1320.38 secs, 142108 evals, 142001 steps, improv/step: 0.067 (last = 0.0438), fitness=-357128230.999810934
1350.38 secs, 145305 evals, 145198 steps, improv/step: 0.067 (last = 0.0563), fitness=-357128232.976684451
1380.38 secs, 148827 evals, 148720 steps, improv/step: 0.067 (last = 0.0599), fitness=-357128234.481895268
1410.43 secs, 152251 evals, 152144 steps, improv/step: 0.066 (last = 0.0485), fitness=-357128234.764098763
1440.44 secs, 155725 evals, 155619 steps, improv/step: 0.066 (last = 0.0386), fitness=-357128235.843901217
1470.44 secs, 159168 evals, 159062 steps, improv/step: 0.065 (last = 0.0497), fitness=-357128235.875894666
1500.45 secs, 162613 evals, 162508 steps, improv/step: 0.065 (last = 0.0424), fitness=-357128236.260338426
1530.45 secs, 166115 evals, 166010 steps, improv/step: 0.065 (last = 0.0488), fitness=-357128236.782151401
1560.46 secs, 169570 evals, 169465 steps, improv/step: 0.064 (last = 0.0480), fitness=-357128236.973621130
1590.46 secs, 172990 evals, 172886 steps, improv/step: 0.064 (last = 0.0555), fitness=-357128237.173187792
1620.47 secs, 176384 evals, 176280 steps, improv/step: 0.064 (last = 0.0516), fitness=-357128237.274282217
1650.48 secs, 179862 evals, 179758 steps, improv/step: 0.063 (last = 0.0405), fitness=-357128237.437230706
1680.48 secs, 183321 evals, 183217 steps, improv/step: 0.063 (last = 0.0411), fitness=-357128237.587167442
1710.49 secs, 186862 evals, 186758 steps, improv/step: 0.062 (last = 0.0364), fitness=-357128237.732070804
1740.56 secs, 190280 evals, 190177 steps, improv/step: 0.062 (last = 0.0401), fitness=-357128237.824203134
1770.57 secs, 193752 evals, 193649 steps, improv/step: 0.062 (last = 0.0400), fitness=-357128237.883611262
1800.57 secs, 197159 evals, 197057 steps, improv/step: 0.061 (last = 0.0396), fitness=-357128237.930939734
1830.57 secs, 200577 evals, 200475 steps, improv/step: 0.061 (last = 0.0389), fitness=-357128237.955856264
1860.58 secs, 203977 evals, 203875 steps, improv/step: 0.060 (last = 0.0365), fitness=-357128237.979938924
1890.58 secs, 207370 evals, 207269 steps, improv/step: 0.060 (last = 0.0377), fitness=-357128238.001447082
1920.58 secs, 210772 evals, 210671 steps, improv/step: 0.060 (last = 0.0497), fitness=-357128238.017058730
1950.59 secs, 214215 evals, 214114 steps, improv/step: 0.060 (last = 0.0378), fitness=-357128238.022203028
1980.60 secs, 217681 evals, 217580 steps, improv/step: 0.059 (last = 0.0369), fitness=-357128238.037981212
2010.60 secs, 221177 evals, 221076 steps, improv/step: 0.059 (last = 0.0375), fitness=-357128238.044983089
2040.61 secs, 224674 evals, 224573 steps, improv/step: 0.058 (last = 0.0326), fitness=-357128238.053265810
2070.61 secs, 228044 evals, 227943 steps, improv/step: 0.058 (last = 0.0404), fitness=-357128238.060075700
2100.62 secs, 231469 evals, 231369 steps, improv/step: 0.058 (last = 0.0379), fitness=-357128238.067205429
2130.62 secs, 234885 evals, 234786 steps, improv/step: 0.058 (last = 0.0380), fitness=-357128238.070794344
2160.63 secs, 238332 evals, 238233 steps, improv/step: 0.057 (last = 0.0255), fitness=-357128238.071681023
2190.63 secs, 241646 evals, 241547 steps, improv/step: 0.057 (last = 0.0377), fitness=-357128238.073123217
2220.65 secs, 245011 evals, 244912 steps, improv/step: 0.057 (last = 0.0532), fitness=-357128238.074778140
2250.71 secs, 248311 evals, 248212 steps, improv/step: 0.057 (last = 0.0448), fitness=-357128238.076017261
2280.72 secs, 251614 evals, 251515 steps, improv/step: 0.057 (last = 0.0484), fitness=-357128238.076357722
2310.72 secs, 254967 evals, 254868 steps, improv/step: 0.057 (last = 0.0602), fitness=-357128238.077145100
2340.72 secs, 258447 evals, 258348 steps, improv/step: 0.057 (last = 0.0727), fitness=-357128238.077620924
2370.79 secs, 261786 evals, 261687 steps, improv/step: 0.057 (last = 0.0704), fitness=-357128238.077992201
2400.79 secs, 265181 evals, 265082 steps, improv/step: 0.057 (last = 0.0680), fitness=-357128238.078218758
2430.79 secs, 268622 evals, 268523 steps, improv/step: 0.057 (last = 0.0575), fitness=-357128238.078486562
2460.80 secs, 272056 evals, 271958 steps, improv/step: 0.057 (last = 0.0486), fitness=-357128238.078680038
2490.81 secs, 275400 evals, 275303 steps, improv/step: 0.057 (last = 0.0556), fitness=-357128238.078895092
2520.81 secs, 278816 evals, 278720 steps, improv/step: 0.057 (last = 0.0462), fitness=-357128238.079064131
2550.82 secs, 282251 evals, 282155 steps, improv/step: 0.057 (last = 0.0582), fitness=-357128238.079307258
2580.82 secs, 285666 evals, 285570 steps, improv/step: 0.057 (last = 0.0454), fitness=-357128238.079472005
2610.83 secs, 289070 evals, 288974 steps, improv/step: 0.057 (last = 0.0382), fitness=-357128238.079508901
2640.83 secs, 292505 evals, 292409 steps, improv/step: 0.056 (last = 0.0288), fitness=-357128238.079572082
2670.84 secs, 295964 evals, 295868 steps, improv/step: 0.056 (last = 0.0315), fitness=-357128238.079580963
2700.84 secs, 299422 evals, 299326 steps, improv/step: 0.056 (last = 0.0257), fitness=-357128238.079610586
2730.85 secs, 302845 evals, 302749 steps, improv/step: 0.055 (last = 0.0269), fitness=-357128238.079623282
2760.86 secs, 306242 evals, 306147 steps, improv/step: 0.055 (last = 0.0256), fitness=-357128238.079635501
2790.86 secs, 309580 evals, 309485 steps, improv/step: 0.055 (last = 0.0246), fitness=-357128238.079636395
2820.86 secs, 312889 evals, 312794 steps, improv/step: 0.054 (last = 0.0281), fitness=-357128238.079639792
2850.86 secs, 316253 evals, 316159 steps, improv/step: 0.054 (last = 0.0279), fitness=-357128238.079645872
2880.99 secs, 319661 evals, 319567 steps, improv/step: 0.054 (last = 0.0167), fitness=-357128238.079645872
2911.00 secs, 323009 evals, 322915 steps, improv/step: 0.053 (last = 0.0146), fitness=-357128238.079647064
2941.00 secs, 326345 evals, 326252 steps, improv/step: 0.053 (last = 0.0135), fitness=-357128238.079647660
2971.04 secs, 329700 evals, 329608 steps, improv/step: 0.052 (last = 0.0119), fitness=-357128238.079649150
3001.04 secs, 333068 evals, 332976 steps, improv/step: 0.052 (last = 0.0175), fitness=-357128238.079649150
3031.07 secs, 336463 evals, 336371 steps, improv/step: 0.052 (last = 0.0138), fitness=-357128238.079651117
3061.07 secs, 339751 evals, 339660 steps, improv/step: 0.051 (last = 0.0088), fitness=-357128238.079651237
3091.12 secs, 343111 evals, 343020 steps, improv/step: 0.051 (last = 0.0077), fitness=-357128238.079651237
3121.13 secs, 346366 evals, 346275 steps, improv/step: 0.050 (last = 0.0086), fitness=-357128238.079651535
3151.13 secs, 349700 evals, 349609 steps, improv/step: 0.050 (last = 0.0069), fitness=-357128238.079651654
3181.13 secs, 353116 evals, 353025 steps, improv/step: 0.050 (last = 0.0035), fitness=-357128238.079651654
3211.17 secs, 356526 evals, 356435 steps, improv/step: 0.049 (last = 0.0053), fitness=-357128238.079651654
3241.17 secs, 359992 evals, 359901 steps, improv/step: 0.049 (last = 0.0035), fitness=-357128238.079651654
3271.23 secs, 363366 evals, 363275 steps, improv/step: 0.048 (last = 0.0044), fitness=-357128238.079651654
3301.23 secs, 366643 evals, 366554 steps, improv/step: 0.048 (last = 0.0052), fitness=-357128238.079652607
3331.23 secs, 370036 evals, 369948 steps, improv/step: 0.048 (last = 0.0041), fitness=-357128238.079652607
3361.24 secs, 373344 evals, 373256 steps, improv/step: 0.047 (last = 0.0045), fitness=-357128238.079652786
3391.24 secs, 376641 evals, 376553 steps, improv/step: 0.047 (last = 0.0045), fitness=-357128238.079652786
3421.25 secs, 379989 evals, 379901 steps, improv/step: 0.046 (last = 0.0033), fitness=-357128238.079652786
3451.25 secs, 383343 evals, 383255 steps, improv/step: 0.046 (last = 0.0039), fitness=-357128238.079652786
3481.25 secs, 386670 evals, 386582 steps, improv/step: 0.046 (last = 0.0033), fitness=-357128238.079652905
3511.26 secs, 389996 evals, 389908 steps, improv/step: 0.045 (last = 0.0036), fitness=-357128238.079653144
3541.26 secs, 393415 evals, 393328 steps, improv/step: 0.045 (last = 0.0020), fitness=-357128238.079653144
3571.27 secs, 396790 evals, 396703 steps, improv/step: 0.045 (last = 0.0021), fitness=-357128238.079653144
3601.27 secs, 400085 evals, 399998 steps, improv/step: 0.044 (last = 0.0027), fitness=-357128238.079653382
3631.27 secs, 403377 evals, 403291 steps, improv/step: 0.044 (last = 0.0030), fitness=-357128238.079653382
3661.36 secs, 406696 evals, 406611 steps, improv/step: 0.044 (last = 0.0021), fitness=-357128238.079653382
3691.36 secs, 410048 evals, 409963 steps, improv/step: 0.043 (last = 0.0024), fitness=-357128238.079653382
3721.37 secs, 413386 evals, 413301 steps, improv/step: 0.043 (last = 0.0042), fitness=-357128238.079653382
3751.37 secs, 416739 evals, 416656 steps, improv/step: 0.043 (last = 0.0107), fitness=-357128238.079653442
3781.37 secs, 420134 evals, 420052 steps, improv/step: 0.042 (last = 0.0250), fitness=-357128238.079653919
3811.52 secs, 423529 evals, 423447 steps, improv/step: 0.042 (last = 0.0206), fitness=-357128238.079654098
3841.52 secs, 426860 evals, 426779 steps, improv/step: 0.042 (last = 0.0150), fitness=-357128238.079654217
3871.52 secs, 430117 evals, 430036 steps, improv/step: 0.042 (last = 0.0335), fitness=-357128238.079654396
3901.53 secs, 433476 evals, 433395 steps, improv/step: 0.042 (last = 0.0586), fitness=-357128238.079654455
3931.54 secs, 436846 evals, 436765 steps, improv/step: 0.042 (last = 0.0436), fitness=-357128238.079654515
3961.68 secs, 440200 evals, 440119 steps, improv/step: 0.042 (last = 0.0564), fitness=-357128238.079654574
3991.68 secs, 443555 evals, 443474 steps, improv/step: 0.042 (last = 0.0578), fitness=-357128238.079654574
4021.68 secs, 446925 evals, 446845 steps, improv/step: 0.043 (last = 0.0745), fitness=-357128238.079654574
4051.69 secs, 450313 evals, 450233 steps, improv/step: 0.043 (last = 0.0741), fitness=-357128238.079654574
4081.69 secs, 453556 evals, 453476 steps, improv/step: 0.043 (last = 0.0811), fitness=-357128238.079654574
4111.69 secs, 456831 evals, 456752 steps, improv/step: 0.043 (last = 0.0897), fitness=-357128238.079654574
4141.70 secs, 460076 evals, 460000 steps, improv/step: 0.044 (last = 0.0967), fitness=-357128238.079654574
4171.70 secs, 463378 evals, 463303 steps, improv/step: 0.044 (last = 0.0960), fitness=-357128238.079654574
4201.71 secs, 466783 evals, 466708 steps, improv/step: 0.045 (last = 0.0987), fitness=-357128238.079655170
4231.71 secs, 470185 evals, 470111 steps, improv/step: 0.045 (last = 0.1096), fitness=-357128238.079655409
4261.71 secs, 473502 evals, 473429 steps, improv/step: 0.045 (last = 0.0862), fitness=-357128238.079655409
4291.72 secs, 476814 evals, 476741 steps, improv/step: 0.046 (last = 0.0842), fitness=-357128238.079655647
4321.84 secs, 480168 evals, 480095 steps, improv/step: 0.046 (last = 0.0716), fitness=-357128238.079655647
4352.00 secs, 483497 evals, 483424 steps, improv/step: 0.046 (last = 0.0991), fitness=-357128238.079655647
4382.01 secs, 486782 evals, 486710 steps, improv/step: 0.047 (last = 0.1251), fitness=-357128238.079655766
4412.01 secs, 490165 evals, 490094 steps, improv/step: 0.048 (last = 0.2009), fitness=-357128238.079655766
4442.02 secs, 493508 evals, 493438 steps, improv/step: 0.049 (last = 0.1719), fitness=-357128238.079655766
4472.02 secs, 496881 evals, 496811 steps, improv/step: 0.049 (last = 0.1610), fitness=-357128238.079655766
4502.02 secs, 500260 evals, 500191 steps, improv/step: 0.050 (last = 0.1911), fitness=-357128238.079655766
4532.03 secs, 503645 evals, 503576 steps, improv/step: 0.051 (last = 0.1997), fitness=-357128238.079655766
4562.03 secs, 506952 evals, 506884 steps, improv/step: 0.052 (last = 0.1907), fitness=-357128238.079655766
4592.03 secs, 510206 evals, 510138 steps, improv/step: 0.053 (last = 0.2016), fitness=-357128238.079655766
4622.03 secs, 513545 evals, 513477 steps, improv/step: 0.054 (last = 0.2084), fitness=-357128238.079655766
4652.03 secs, 516751 evals, 516684 steps, improv/step: 0.055 (last = 0.1946), fitness=-357128238.079655766
4682.04 secs, 520051 evals, 519984 steps, improv/step: 0.056 (last = 0.1867), fitness=-357128238.079655766
4712.11 secs, 523306 evals, 523239 steps, improv/step: 0.057 (last = 0.2006), fitness=-357128238.079655766
4742.12 secs, 526682 evals, 526615 steps, improv/step: 0.058 (last = 0.1991), fitness=-357128238.079655766
4772.12 secs, 529997 evals, 529930 steps, improv/step: 0.059 (last = 0.2118), fitness=-357128238.079655766
4802.12 secs, 533234 evals, 533167 steps, improv/step: 0.060 (last = 0.2496), fitness=-357128238.079655766
4832.12 secs, 536430 evals, 536363 steps, improv/step: 0.061 (last = 0.2078), fitness=-357128238.079655766
4862.22 secs, 539807 evals, 539740 steps, improv/step: 0.062 (last = 0.2514), fitness=-357128238.079655766
4892.23 secs, 543190 evals, 543123 steps, improv/step: 0.063 (last = 0.2586), fitness=-357128238.079655766
4922.23 secs, 546639 evals, 546572 steps, improv/step: 0.065 (last = 0.2775), fitness=-357128238.079655766
4952.24 secs, 549979 evals, 549915 steps, improv/step: 0.066 (last = 0.2531), fitness=-357128238.079655766
4982.24 secs, 553293 evals, 553230 steps, improv/step: 0.067 (last = 0.2486), fitness=-357128238.079655766
5012.25 secs, 556681 evals, 556618 steps, improv/step: 0.068 (last = 0.2299), fitness=-357128238.079655766
5042.25 secs, 560000 evals, 559937 steps, improv/step: 0.069 (last = 0.2437), fitness=-357128238.079655766
5072.26 secs, 563271 evals, 563209 steps, improv/step: 0.070 (last = 0.2274), fitness=-357128238.079655766
5102.26 secs, 566482 evals, 566420 steps, improv/step: 0.071 (last = 0.2572), fitness=-357128238.079655766
5132.27 secs, 569690 evals, 569628 steps, improv/step: 0.072 (last = 0.2353), fitness=-357128238.079655766
5162.27 secs, 572941 evals, 572879 steps, improv/step: 0.073 (last = 0.2332), fitness=-357128238.079655766
5192.28 secs, 576209 evals, 576148 steps, improv/step: 0.074 (last = 0.2622), fitness=-357128238.079655766
5222.28 secs, 579558 evals, 579497 steps, improv/step: 0.075 (last = 0.2607), fitness=-357128238.079655766
5252.29 secs, 582839 evals, 582778 steps, improv/step: 0.076 (last = 0.2414), fitness=-357128238.079655766
5282.29 secs, 586117 evals, 586056 steps, improv/step: 0.077 (last = 0.2639), fitness=-357128238.079655766
5312.39 secs, 589358 evals, 589297 steps, improv/step: 0.078 (last = 0.2135), fitness=-357128238.079655766
5342.40 secs, 592671 evals, 592611 steps, improv/step: 0.078 (last = 0.2239), fitness=-357128238.079655766
5372.40 secs, 595969 evals, 595912 steps, improv/step: 0.079 (last = 0.2284), fitness=-357128238.079655766
5402.41 secs, 599261 evals, 599204 steps, improv/step: 0.080 (last = 0.2637), fitness=-357128238.079655766
5432.41 secs, 602524 evals, 602468 steps, improv/step: 0.081 (last = 0.2460), fitness=-357128238.079655766
5462.41 secs, 605833 evals, 605777 steps, improv/step: 0.082 (last = 0.2653), fitness=-357128238.079655766
5492.42 secs, 609114 evals, 609058 steps, improv/step: 0.083 (last = 0.2399), fitness=-357128238.079655766
5522.42 secs, 612371 evals, 612315 steps, improv/step: 0.084 (last = 0.2619), fitness=-357128238.079655766
5552.42 secs, 615696 evals, 615640 steps, improv/step: 0.085 (last = 0.2325), fitness=-357128238.079655766
5582.43 secs, 619077 evals, 619023 steps, improv/step: 0.086 (last = 0.2462), fitness=-357128238.079655766
5612.43 secs, 622472 evals, 622418 steps, improv/step: 0.087 (last = 0.2563), fitness=-357128238.079655766
5642.43 secs, 625831 evals, 625777 steps, improv/step: 0.088 (last = 0.2730), fitness=-357128238.079655766
5672.44 secs, 629089 evals, 629035 steps, improv/step: 0.088 (last = 0.2413), fitness=-357128238.079655766
5702.44 secs, 632392 evals, 632339 steps, improv/step: 0.089 (last = 0.2785), fitness=-357128238.079655766
5732.45 secs, 635547 evals, 635494 steps, improv/step: 0.090 (last = 0.2710), fitness=-357128238.079655766
5762.45 secs, 638781 evals, 638730 steps, improv/step: 0.091 (last = 0.2494), fitness=-357128238.079655766
5792.45 secs, 641990 evals, 641941 steps, improv/step: 0.092 (last = 0.2691), fitness=-357128238.079655766
5822.45 secs, 645288 evals, 645240 steps, improv/step: 0.093 (last = 0.2386), fitness=-357128238.079655766
5852.46 secs, 648545 evals, 648498 steps, improv/step: 0.093 (last = 0.2324), fitness=-357128238.079655766
5882.46 secs, 651906 evals, 651860 steps, improv/step: 0.094 (last = 0.2555), fitness=-357128238.079655766
5912.47 secs, 655195 evals, 655150 steps, improv/step: 0.095 (last = 0.2422), fitness=-357128238.079655766
5942.47 secs, 658561 evals, 658517 steps, improv/step: 0.096 (last = 0.2222), fitness=-357128238.079655766
5972.47 secs, 661886 evals, 661843 steps, improv/step: 0.096 (last = 0.2441), fitness=-357128238.079655766
6002.48 secs, 665305 evals, 665262 steps, improv/step: 0.097 (last = 0.2723), fitness=-357128238.079655766
6032.48 secs, 668640 evals, 668597 steps, improv/step: 0.098 (last = 0.2708), fitness=-357128238.079655766
6062.66 secs, 671949 evals, 671907 steps, improv/step: 0.099 (last = 0.2574), fitness=-357128238.079655766
6092.66 secs, 675126 evals, 675084 steps, improv/step: 0.100 (last = 0.2641), fitness=-357128238.079655766
6122.78 secs, 678425 evals, 678385 steps, improv/step: 0.100 (last = 0.2466), fitness=-357128238.079655766
6152.78 secs, 681667 evals, 681627 steps, improv/step: 0.101 (last = 0.2400), fitness=-357128238.079655766
6182.78 secs, 684978 evals, 684938 steps, improv/step: 0.102 (last = 0.2495), fitness=-357128238.079655766
6212.79 secs, 688201 evals, 688162 steps, improv/step: 0.102 (last = 0.2556), fitness=-357128238.079655766
6242.79 secs, 691382 evals, 691344 steps, improv/step: 0.103 (last = 0.2420), fitness=-357128238.079655766
6272.80 secs, 694514 evals, 694477 steps, improv/step: 0.104 (last = 0.2515), fitness=-357128238.079655766
6302.80 secs, 697844 evals, 697808 steps, improv/step: 0.105 (last = 0.2576), fitness=-357128238.079655766
6332.80 secs, 701129 evals, 701094 steps, improv/step: 0.105 (last = 0.2477), fitness=-357128238.079655766
6362.93 secs, 704365 evals, 704331 steps, improv/step: 0.106 (last = 0.2617), fitness=-357128238.079655766
6392.97 secs, 707662 evals, 707629 steps, improv/step: 0.107 (last = 0.2541), fitness=-357128238.079655766
6422.97 secs, 711000 evals, 710968 steps, improv/step: 0.107 (last = 0.2668), fitness=-357128238.079655766
6452.97 secs, 714279 evals, 714247 steps, improv/step: 0.108 (last = 0.2312), fitness=-357128238.079655766
6483.08 secs, 717511 evals, 717479 steps, improv/step: 0.108 (last = 0.2324), fitness=-357128238.079655766
6513.08 secs, 720848 evals, 720816 steps, improv/step: 0.109 (last = 0.2751), fitness=-357128238.079655766
6543.12 secs, 724097 evals, 724065 steps, improv/step: 0.110 (last = 0.2687), fitness=-357128238.079655766
6573.37 secs, 727349 evals, 727317 steps, improv/step: 0.111 (last = 0.2340), fitness=-357128238.079655766
6603.37 secs, 730638 evals, 730606 steps, improv/step: 0.111 (last = 0.2551), fitness=-357128238.079655766
6633.38 secs, 733872 evals, 733840 steps, improv/step: 0.112 (last = 0.2545), fitness=-357128238.079655766
6663.38 secs, 737134 evals, 737104 steps, improv/step: 0.112 (last = 0.2552), fitness=-357128238.079655766
6693.38 secs, 740400 evals, 740371 steps, improv/step: 0.113 (last = 0.2369), fitness=-357128238.079655766
6723.39 secs, 743566 evals, 743537 steps, improv/step: 0.114 (last = 0.2470), fitness=-357128238.079655766
6753.39 secs, 746724 evals, 746697 steps, improv/step: 0.114 (last = 0.2468), fitness=-357128238.079655766
6783.39 secs, 749829 evals, 749802 steps, improv/step: 0.115 (last = 0.2754), fitness=-357128238.079655766
6813.39 secs, 753119 evals, 753092 steps, improv/step: 0.115 (last = 0.2717), fitness=-357128238.079655766
6843.40 secs, 756295 evals, 756268 steps, improv/step: 0.116 (last = 0.2453), fitness=-357128238.079655766
6873.40 secs, 759564 evals, 759537 steps, improv/step: 0.117 (last = 0.2619), fitness=-357128238.079655766
6903.40 secs, 762820 evals, 762793 steps, improv/step: 0.117 (last = 0.2497), fitness=-357128238.079655766
6933.40 secs, 766092 evals, 766065 steps, improv/step: 0.118 (last = 0.2757), fitness=-357128238.079655766
6963.41 secs, 769266 evals, 769242 steps, improv/step: 0.118 (last = 0.2477), fitness=-357128238.079655766
6993.41 secs, 772574 evals, 772551 steps, improv/step: 0.119 (last = 0.2312), fitness=-357128238.079655766
7023.55 secs, 775912 evals, 775890 steps, improv/step: 0.119 (last = 0.2162), fitness=-357128238.079655766
7053.55 secs, 779190 evals, 779168 steps, improv/step: 0.120 (last = 0.2581), fitness=-357128238.079655766
7083.56 secs, 782523 evals, 782504 steps, improv/step: 0.121 (last = 0.2623), fitness=-357128238.079655766
7113.56 secs, 785770 evals, 785751 steps, improv/step: 0.121 (last = 0.2458), fitness=-357128238.079655766
7143.56 secs, 789123 evals, 789105 steps, improv/step: 0.122 (last = 0.2299), fitness=-357128238.079655766
7173.57 secs, 792323 evals, 792306 steps, improv/step: 0.122 (last = 0.2577), fitness=-357128238.079655766
7203.57 secs, 795544 evals, 795529 steps, improv/step: 0.123 (last = 0.2609), fitness=-357128238.079655766
7233.63 secs, 798825 evals, 798810 steps, improv/step: 0.123 (last = 0.2700), fitness=-357128238.079655766
7263.64 secs, 802142 evals, 802127 steps, improv/step: 0.124 (last = 0.2415), fitness=-357128238.079655766
7293.65 secs, 805426 evals, 805411 steps, improv/step: 0.124 (last = 0.2555), fitness=-357128238.079655766
7323.65 secs, 808709 evals, 808694 steps, improv/step: 0.125 (last = 0.2467), fitness=-357128238.079655766
7353.65 secs, 811877 evals, 811863 steps, improv/step: 0.125 (last = 0.2512), fitness=-357128238.079655766
7383.66 secs, 815167 evals, 815153 steps, improv/step: 0.126 (last = 0.2286), fitness=-357128238.079655766
7413.66 secs, 818358 evals, 818344 steps, improv/step: 0.126 (last = 0.2419), fitness=-357128238.079655766
7443.66 secs, 821551 evals, 821538 steps, improv/step: 0.127 (last = 0.2358), fitness=-357128238.079655766
7473.67 secs, 824814 evals, 824801 steps, improv/step: 0.127 (last = 0.2384), fitness=-357128238.079655766
7503.68 secs, 828115 evals, 828102 steps, improv/step: 0.127 (last = 0.2336), fitness=-357128238.079655766
7533.68 secs, 831365 evals, 831353 steps, improv/step: 0.128 (last = 0.2808), fitness=-357128238.079655766
7563.74 secs, 834512 evals, 834500 steps, improv/step: 0.129 (last = 0.2650), fitness=-357128238.079655766
7593.81 secs, 837895 evals, 837884 steps, improv/step: 0.129 (last = 0.2571), fitness=-357128238.079655766
7623.81 secs, 841217 evals, 841209 steps, improv/step: 0.130 (last = 0.2514), fitness=-357128238.079655766
7653.82 secs, 844527 evals, 844520 steps, improv/step: 0.130 (last = 0.2613), fitness=-357128238.079655766
7683.90 secs, 847837 evals, 847830 steps, improv/step: 0.131 (last = 0.2701), fitness=-357128238.079655766
7713.90 secs, 851200 evals, 851193 steps, improv/step: 0.131 (last = 0.2617), fitness=-357128238.079655766
7743.91 secs, 854529 evals, 854523 steps, improv/step: 0.132 (last = 0.2526), fitness=-357128238.079655766
7773.91 secs, 857768 evals, 857762 steps, improv/step: 0.132 (last = 0.2658), fitness=-357128238.079655766
7804.17 secs, 861063 evals, 861059 steps, improv/step: 0.133 (last = 0.2411), fitness=-357128238.079655766
7834.18 secs, 864390 evals, 864386 steps, improv/step: 0.133 (last = 0.2411), fitness=-357128238.079655766
7864.18 secs, 867664 evals, 867660 steps, improv/step: 0.133 (last = 0.2309), fitness=-357128238.079655766
7894.18 secs, 870981 evals, 870977 steps, improv/step: 0.134 (last = 0.2388), fitness=-357128238.079655766
7924.19 secs, 874245 evals, 874242 steps, improv/step: 0.134 (last = 0.2677), fitness=-357128238.079655766
7954.19 secs, 877518 evals, 877516 steps, improv/step: 0.135 (last = 0.2679), fitness=-357128238.079655766
7984.19 secs, 880735 evals, 880733 steps, improv/step: 0.135 (last = 0.2378), fitness=-357128238.079655766
8014.20 secs, 884047 evals, 884045 steps, improv/step: 0.136 (last = 0.2720), fitness=-357128238.079655766
8044.20 secs, 887285 evals, 887284 steps, improv/step: 0.136 (last = 0.2473), fitness=-357128238.079655766
8074.21 secs, 890582 evals, 890583 steps, improv/step: 0.136 (last = 0.2383), fitness=-357128238.079655766
8104.21 secs, 893853 evals, 893858 steps, improv/step: 0.137 (last = 0.2589), fitness=-357128238.079655766
8134.22 secs, 897221 evals, 897229 steps, improv/step: 0.137 (last = 0.2477), fitness=-357128238.079655766
8164.34 secs, 900480 evals, 900490 steps, improv/step: 0.138 (last = 0.2450), fitness=-357128238.079655766
8194.34 secs, 903824 evals, 903835 steps, improv/step: 0.138 (last = 0.2308), fitness=-357128238.079655766
8224.34 secs, 907157 evals, 907169 steps, improv/step: 0.138 (last = 0.2361), fitness=-357128238.079655766
8254.35 secs, 910389 evals, 910401 steps, improv/step: 0.139 (last = 0.2627), fitness=-357128238.079655766
8284.35 secs, 913643 evals, 913655 steps, improv/step: 0.139 (last = 0.2634), fitness=-357128238.079655766
8314.45 secs, 916869 evals, 916882 steps, improv/step: 0.139 (last = 0.2182), fitness=-357128238.079655766
8344.46 secs, 920131 evals, 920145 steps, improv/step: 0.140 (last = 0.2819), fitness=-357128238.079655766
8374.46 secs, 923384 evals, 923400 steps, improv/step: 0.140 (last = 0.2553), fitness=-357128238.079655766
8404.46 secs, 926616 evals, 926634 steps, improv/step: 0.141 (last = 0.2437), fitness=-357128238.079655766
8434.46 secs, 929799 evals, 929817 steps, improv/step: 0.141 (last = 0.2598), fitness=-357128238.079655766
8464.46 secs, 932995 evals, 933013 steps, improv/step: 0.142 (last = 0.2735), fitness=-357128238.079655766
8494.47 secs, 936213 evals, 936231 steps, improv/step: 0.142 (last = 0.2638), fitness=-357128238.079655766
8524.47 secs, 939453 evals, 939472 steps, improv/step: 0.143 (last = 0.2799), fitness=-357128238.079655766
8554.48 secs, 942692 evals, 942712 steps, improv/step: 0.143 (last = 0.2213), fitness=-357128238.079655766
8584.48 secs, 945881 evals, 945901 steps, improv/step: 0.143 (last = 0.2477), fitness=-357128238.079655766
8614.49 secs, 949041 evals, 949062 steps, improv/step: 0.144 (last = 0.2610), fitness=-357128238.079655766
8644.49 secs, 952248 evals, 952269 steps, improv/step: 0.144 (last = 0.2398), fitness=-357128238.079655766
8674.50 secs, 955561 evals, 955585 steps, improv/step: 0.144 (last = 0.2648), fitness=-357128238.079655766
8704.50 secs, 958922 evals, 958946 steps, improv/step: 0.145 (last = 0.2523), fitness=-357128238.079655766
8734.56 secs, 962221 evals, 962246 steps, improv/step: 0.145 (last = 0.2500), fitness=-357128238.079655766
8764.56 secs, 965495 evals, 965520 steps, improv/step: 0.145 (last = 0.2587), fitness=-357128238.079655766
8794.76 secs, 968787 evals, 968813 steps, improv/step: 0.146 (last = 0.2612), fitness=-357128238.079655766
8824.76 secs, 972037 evals, 972064 steps, improv/step: 0.146 (last = 0.2950), fitness=-357128238.079655766
8854.77 secs, 975260 evals, 975287 steps, improv/step: 0.147 (last = 0.2420), fitness=-357128238.079655766
8884.77 secs, 978420 evals, 978449 steps, improv/step: 0.147 (last = 0.2473), fitness=-357128238.079655766
8914.77 secs, 981691 evals, 981721 steps, improv/step: 0.147 (last = 0.2503), fitness=-357128238.079655766
8944.78 secs, 984981 evals, 985011 steps, improv/step: 0.148 (last = 0.2985), fitness=-357128238.079655766
8974.78 secs, 988200 evals, 988230 steps, improv/step: 0.148 (last = 0.2625), fitness=-357128238.079655766
9004.78 secs, 991455 evals, 991485 steps, improv/step: 0.149 (last = 0.2528), fitness=-357128238.079655766
9034.78 secs, 994732 evals, 994765 steps, improv/step: 0.149 (last = 0.2616), fitness=-357128238.079655766
9064.79 secs, 998099 evals, 998132 steps, improv/step: 0.149 (last = 0.2207), fitness=-357128238.079655766
9094.80 secs, 1001455 evals, 1001489 steps, improv/step: 0.149 (last = 0.2380), fitness=-357128238.079655766
9124.80 secs, 1004850 evals, 1004885 steps, improv/step: 0.150 (last = 0.2556), fitness=-357128238.079655766
9154.80 secs, 1008193 evals, 1008228 steps, improv/step: 0.150 (last = 0.2438), fitness=-357128238.079655766
9184.80 secs, 1011476 evals, 1011514 steps, improv/step: 0.150 (last = 0.2511), fitness=-357128238.079655766
9214.81 secs, 1014820 evals, 1014858 steps, improv/step: 0.151 (last = 0.2330), fitness=-357128238.079655766
9244.81 secs, 1018089 evals, 1018129 steps, improv/step: 0.151 (last = 0.2580), fitness=-357128238.079655766
9274.82 secs, 1021386 evals, 1021427 steps, improv/step: 0.151 (last = 0.2762), fitness=-357128238.079655766
9304.83 secs, 1024654 evals, 1024696 steps, improv/step: 0.152 (last = 0.2450), fitness=-357128238.079655766
9334.83 secs, 1027958 evals, 1028002 steps, improv/step: 0.152 (last = 0.2350), fitness=-357128238.079655766
9364.83 secs, 1031027 evals, 1031072 steps, improv/step: 0.152 (last = 0.2537), fitness=-357128238.079655766
9395.14 secs, 1034152 evals, 1034197 steps, improv/step: 0.153 (last = 0.2490), fitness=-357128238.079655766
9425.15 secs, 1037505 evals, 1037550 steps, improv/step: 0.153 (last = 0.2815), fitness=-357128238.079655766
9455.15 secs, 1040729 evals, 1040775 steps, improv/step: 0.153 (last = 0.2611), fitness=-357128238.079655766
9485.16 secs, 1043979 evals, 1044026 steps, improv/step: 0.154 (last = 0.2575), fitness=-357128238.079655766
9515.20 secs, 1047176 evals, 1047223 steps, improv/step: 0.154 (last = 0.2474), fitness=-357128238.079655766
9545.20 secs, 1050461 evals, 1050508 steps, improv/step: 0.154 (last = 0.2231), fitness=-357128238.079655766
9575.21 secs, 1053774 evals, 1053822 steps, improv/step: 0.154 (last = 0.2450), fitness=-357128238.079655766
9605.21 secs, 1057118 evals, 1057166 steps, improv/step: 0.155 (last = 0.2339), fitness=-357128238.079655766
9635.22 secs, 1060354 evals, 1060403 steps, improv/step: 0.155 (last = 0.2403), fitness=-357128238.079655766
9665.22 secs, 1063651 evals, 1063700 steps, improv/step: 0.155 (last = 0.2812), fitness=-357128238.079655766
9695.22 secs, 1066941 evals, 1066991 steps, improv/step: 0.156 (last = 0.2458), fitness=-357128238.079655766
9725.23 secs, 1070284 evals, 1070334 steps, improv/step: 0.156 (last = 0.2193), fitness=-357128238.079655766
9755.23 secs, 1073652 evals, 1073702 steps, improv/step: 0.156 (last = 0.2488), fitness=-357128238.079655766
9785.23 secs, 1076837 evals, 1076887 steps, improv/step: 0.156 (last = 0.2578), fitness=-357128238.079655766
9815.23 secs, 1080145 evals, 1080196 steps, improv/step: 0.157 (last = 0.2460), fitness=-357128238.079655766
9845.24 secs, 1083271 evals, 1083325 steps, improv/step: 0.157 (last = 0.2467), fitness=-357128238.079655766
9875.25 secs, 1086527 evals, 1086581 steps, improv/step: 0.157 (last = 0.2432), fitness=-357128238.079655766
9905.25 secs, 1089791 evals, 1089846 steps, improv/step: 0.158 (last = 0.2680), fitness=-357128238.079655766
9935.25 secs, 1093070 evals, 1093126 steps, improv/step: 0.158 (last = 0.2741), fitness=-357128238.079655766
9965.34 secs, 1096438 evals, 1096494 steps, improv/step: 0.158 (last = 0.2500), fitness=-357128238.079655766
9995.34 secs, 1099732 evals, 1099789 steps, improv/step: 0.158 (last = 0.2313), fitness=-357128238.079655766
10025.34 secs, 1102973 evals, 1103030 steps, improv/step: 0.159 (last = 0.2293), fitness=-357128238.079655766
10055.34 secs, 1106197 evals, 1106255 steps, improv/step: 0.159 (last = 0.2208), fitness=-357128238.079655766
10085.35 secs, 1109498 evals, 1109556 steps, improv/step: 0.159 (last = 0.2608), fitness=-357128238.079655766
10115.49 secs, 1112722 evals, 1112780 steps, improv/step: 0.159 (last = 0.2649), fitness=-357128238.079655766
10145.50 secs, 1116006 evals, 1116064 steps, improv/step: 0.160 (last = 0.2643), fitness=-357128238.079655766
10175.69 secs, 1119295 evals, 1119353 steps, improv/step: 0.160 (last = 0.2657), fitness=-357128238.079655766
10205.79 secs, 1122594 evals, 1122652 steps, improv/step: 0.160 (last = 0.2428), fitness=-357128238.079655766
10235.80 secs, 1125892 evals, 1125950 steps, improv/step: 0.161 (last = 0.2359), fitness=-357128238.079655766
10265.80 secs, 1129097 evals, 1129156 steps, improv/step: 0.161 (last = 0.2112), fitness=-357128238.079655766
10295.81 secs, 1132324 evals, 1132385 steps, improv/step: 0.161 (last = 0.2533), fitness=-357128238.079655766
10325.81 secs, 1135585 evals, 1135649 steps, improv/step: 0.161 (last = 0.2381), fitness=-357128238.079655766
10355.82 secs, 1138933 evals, 1138997 steps, improv/step: 0.161 (last = 0.2584), fitness=-357128238.079655766
10385.97 secs, 1142212 evals, 1142277 steps, improv/step: 0.162 (last = 0.2433), fitness=-357128238.079655766
10415.97 secs, 1145528 evals, 1145593 steps, improv/step: 0.162 (last = 0.2636), fitness=-357128238.079655766
10445.97 secs, 1148776 evals, 1148842 steps, improv/step: 0.162 (last = 0.2342), fitness=-357128238.079655766
10475.98 secs, 1152092 evals, 1152158 steps, improv/step: 0.162 (last = 0.2220), fitness=-357128238.079655766
10506.04 secs, 1155338 evals, 1155406 steps, improv/step: 0.163 (last = 0.2435), fitness=-357128238.079655766
10536.04 secs, 1158651 evals, 1158719 steps, improv/step: 0.163 (last = 0.2116), fitness=-357128238.079655766
10566.05 secs, 1161861 evals, 1161929 steps, improv/step: 0.163 (last = 0.2196), fitness=-357128238.079655766
10596.05 secs, 1164951 evals, 1165019 steps, improv/step: 0.163 (last = 0.2388), fitness=-357128238.079655766
10626.20 secs, 1168054 evals, 1168125 steps, improv/step: 0.163 (last = 0.2653), fitness=-357128238.079655766
10656.36 secs, 1171298 evals, 1171372 steps, improv/step: 0.164 (last = 0.2316), fitness=-357128238.079655766
10686.36 secs, 1174582 evals, 1174656 steps, improv/step: 0.164 (last = 0.2485), fitness=-357128238.079655766
10716.36 secs, 1177825 evals, 1177899 steps, improv/step: 0.164 (last = 0.2479), fitness=-357128238.079655766
10746.36 secs, 1181182 evals, 1181256 steps, improv/step: 0.164 (last = 0.2329), fitness=-357128238.079655766
10776.37 secs, 1184467 evals, 1184542 steps, improv/step: 0.164 (last = 0.2231), fitness=-357128238.079655766
10806.37 secs, 1187793 evals, 1187870 steps, improv/step: 0.165 (last = 0.2443), fitness=-357128238.079655766
10836.38 secs, 1191068 evals, 1191146 steps, improv/step: 0.165 (last = 0.2357), fitness=-357128238.079655766
10866.38 secs, 1194330 evals, 1194408 steps, improv/step: 0.165 (last = 0.2281), fitness=-357128238.079655766
10896.38 secs, 1197530 evals, 1197608 steps, improv/step: 0.165 (last = 0.2378), fitness=-357128238.079655766
10926.68 secs, 1200843 evals, 1200922 steps, improv/step: 0.165 (last = 0.2680), fitness=-357128238.079655766
10956.69 secs, 1204133 evals, 1204213 steps, improv/step: 0.166 (last = 0.2555), fitness=-357128238.079655766
10986.69 secs, 1207421 evals, 1207502 steps, improv/step: 0.166 (last = 0.2198), fitness=-357128238.079655766
11016.71 secs, 1210650 evals, 1210733 steps, improv/step: 0.166 (last = 0.2170), fitness=-357128238.079655766
11046.71 secs, 1213941 evals, 1214024 steps, improv/step: 0.166 (last = 0.2583), fitness=-357128238.079655766
11076.71 secs, 1217131 evals, 1217215 steps, improv/step: 0.166 (last = 0.2545), fitness=-357128238.079655766
11106.71 secs, 1220298 evals, 1220383 steps, improv/step: 0.167 (last = 0.2579), fitness=-357128238.079655766
11136.93 secs, 1223521 evals, 1223608 steps, improv/step: 0.167 (last = 0.2530), fitness=-357128238.079655766
11166.93 secs, 1226823 evals, 1226910 steps, improv/step: 0.167 (last = 0.2020), fitness=-357128238.079655766
11196.94 secs, 1230059 evals, 1230146 steps, improv/step: 0.167 (last = 0.2265), fitness=-357128238.079655766
11227.09 secs, 1233301 evals, 1233388 steps, improv/step: 0.167 (last = 0.2125), fitness=-357128238.079655766
11257.09 secs, 1236515 evals, 1236602 steps, improv/step: 0.167 (last = 0.2190), fitness=-357128238.079655766
11287.09 secs, 1239800 evals, 1239887 steps, improv/step: 0.168 (last = 0.2776), fitness=-357128238.079655766
11317.09 secs, 1243031 evals, 1243119 steps, improv/step: 0.168 (last = 0.2324), fitness=-357128238.079655766
11347.09 secs, 1246174 evals, 1246262 steps, improv/step: 0.168 (last = 0.2377), fitness=-357128238.079655766
11377.10 secs, 1249376 evals, 1249466 steps, improv/step: 0.168 (last = 0.2282), fitness=-357128238.079655766
11407.10 secs, 1252618 evals, 1252709 steps, improv/step: 0.168 (last = 0.2606), fitness=-357128238.079655766
11437.11 secs, 1255811 evals, 1255904 steps, improv/step: 0.169 (last = 0.2435), fitness=-357128238.079655766
11467.11 secs, 1259055 evals, 1259149 steps, improv/step: 0.169 (last = 0.2659), fitness=-357128238.079655766
11497.11 secs, 1262313 evals, 1262409 steps, improv/step: 0.169 (last = 0.2463), fitness=-357128238.079655766
11527.11 secs, 1265444 evals, 1265540 steps, improv/step: 0.169 (last = 0.2574), fitness=-357128238.079655766
11557.12 secs, 1268627 evals, 1268725 steps, improv/step: 0.170 (last = 0.2754), fitness=-357128238.079655766
11587.12 secs, 1271829 evals, 1271927 steps, improv/step: 0.170 (last = 0.2826), fitness=-357128238.079655766
11617.12 secs, 1274942 evals, 1275040 steps, improv/step: 0.170 (last = 0.2422), fitness=-357128238.079655766
11647.12 secs, 1278160 evals, 1278259 steps, improv/step: 0.170 (last = 0.2560), fitness=-357128238.079655766
11677.13 secs, 1281303 evals, 1281402 steps, improv/step: 0.171 (last = 0.2889), fitness=-357128238.079655766
11707.13 secs, 1284494 evals, 1284593 steps, improv/step: 0.171 (last = 0.2391), fitness=-357128238.079655766
11737.13 secs, 1287672 evals, 1287772 steps, improv/step: 0.171 (last = 0.2513), fitness=-357128238.079655766
11767.30 secs, 1291084 evals, 1291185 steps, improv/step: 0.171 (last = 0.2338), fitness=-357128238.079655766
11797.47 secs, 1294625 evals, 1294728 steps, improv/step: 0.171 (last = 0.2727), fitness=-357128238.079655766
11827.48 secs, 1298066 evals, 1298170 steps, improv/step: 0.171 (last = 0.2228), fitness=-357128238.079655766
11857.48 secs, 1301458 evals, 1301562 steps, improv/step: 0.172 (last = 0.2255), fitness=-357128238.079655766
11887.49 secs, 1304833 evals, 1304938 steps, improv/step: 0.172 (last = 0.2367), fitness=-357128238.079655766
11917.49 secs, 1308321 evals, 1308427 steps, improv/step: 0.172 (last = 0.2645), fitness=-357128238.079655766
11947.49 secs, 1312026 evals, 1312132 steps, improv/step: 0.172 (last = 0.2499), fitness=-357128238.079655766
11977.49 secs, 1315733 evals, 1315841 steps, improv/step: 0.172 (last = 0.2335), fitness=-357128238.079655766
12007.68 secs, 1319458 evals, 1319566 steps, improv/step: 0.173 (last = 0.2550), fitness=-357128238.079655766
12037.68 secs, 1323062 evals, 1323173 steps, improv/step: 0.173 (last = 0.2187), fitness=-357128238.079655766
12067.69 secs, 1326691 evals, 1326803 steps, improv/step: 0.173 (last = 0.2543), fitness=-357128238.079655766
12097.69 secs, 1330335 evals, 1330447 steps, improv/step: 0.173 (last = 0.2566), fitness=-357128238.079655766
12127.69 secs, 1334036 evals, 1334148 steps, improv/step: 0.173 (last = 0.2448), fitness=-357128238.079655766
12157.69 secs, 1337568 evals, 1337682 steps, improv/step: 0.174 (last = 0.2626), fitness=-357128238.079655766
12187.70 secs, 1341133 evals, 1341250 steps, improv/step: 0.174 (last = 0.2578), fitness=-357128238.079655766
12217.70 secs, 1344805 evals, 1344923 steps, improv/step: 0.174 (last = 0.2537), fitness=-357128238.079655766
12247.70 secs, 1348477 evals, 1348595 steps, improv/step: 0.174 (last = 0.2260), fitness=-357128238.079655766
12277.70 secs, 1352199 evals, 1352318 steps, improv/step: 0.175 (last = 0.2718), fitness=-357128238.079655766
12307.71 secs, 1355836 evals, 1355956 steps, improv/step: 0.175 (last = 0.2438), fitness=-357128238.079655766
12337.71 secs, 1359533 evals, 1359654 steps, improv/step: 0.175 (last = 0.2701), fitness=-357128238.079655766
12367.72 secs, 1363242 evals, 1363364 steps, improv/step: 0.175 (last = 0.2663), fitness=-357128238.079655766
12397.75 secs, 1366881 evals, 1367006 steps, improv/step: 0.175 (last = 0.2625), fitness=-357128238.079655766
12427.88 secs, 1370606 evals, 1370733 steps, improv/step: 0.176 (last = 0.2538), fitness=-357128238.079655766
12457.88 secs, 1374280 evals, 1374407 steps, improv/step: 0.176 (last = 0.2657), fitness=-357128238.079655766
12487.89 secs, 1377879 evals, 1378007 steps, improv/step: 0.176 (last = 0.2467), fitness=-357128238.079655766
12517.89 secs, 1381516 evals, 1381645 steps, improv/step: 0.176 (last = 0.2603), fitness=-357128238.079655766
12547.95 secs, 1385181 evals, 1385310 steps, improv/step: 0.177 (last = 0.2559), fitness=-357128238.079655766
12577.96 secs, 1388945 evals, 1389074 steps, improv/step: 0.177 (last = 0.2261), fitness=-357128238.079655766
12607.97 secs, 1392594 evals, 1392724 steps, improv/step: 0.177 (last = 0.2584), fitness=-357128238.079655766
12637.97 secs, 1396219 evals, 1396349 steps, improv/step: 0.177 (last = 0.2171), fitness=-357128238.079655766
12667.97 secs, 1399889 evals, 1400020 steps, improv/step: 0.177 (last = 0.2364), fitness=-357128238.079655766
12697.98 secs, 1403545 evals, 1403677 steps, improv/step: 0.177 (last = 0.2453), fitness=-357128238.079655766
12727.98 secs, 1407258 evals, 1407390 steps, improv/step: 0.178 (last = 0.2790), fitness=-357128238.079655766
12758.06 secs, 1410914 evals, 1411047 steps, improv/step: 0.178 (last = 0.2508), fitness=-357128238.079655766
12788.07 secs, 1414603 evals, 1414738 steps, improv/step: 0.178 (last = 0.2506), fitness=-357128238.079655766
12818.07 secs, 1418340 evals, 1418476 steps, improv/step: 0.178 (last = 0.2512), fitness=-357128238.079655766
12848.29 secs, 1422012 evals, 1422149 steps, improv/step: 0.178 (last = 0.2690), fitness=-357128238.079655766
12878.30 secs, 1425675 evals, 1425812 steps, improv/step: 0.179 (last = 0.2659), fitness=-357128238.079655766
12908.55 secs, 1429310 evals, 1429449 steps, improv/step: 0.179 (last = 0.3008), fitness=-357128238.079655766
12938.55 secs, 1432883 evals, 1433022 steps, improv/step: 0.179 (last = 0.2432), fitness=-357128238.079655766
12968.72 secs, 1436425 evals, 1436565 steps, improv/step: 0.179 (last = 0.2255), fitness=-357128238.079655766
12998.72 secs, 1440088 evals, 1440228 steps, improv/step: 0.179 (last = 0.2337), fitness=-357128238.079655766
13028.90 secs, 1443789 evals, 1443930 steps, improv/step: 0.180 (last = 0.2590), fitness=-357128238.079655766
13058.90 secs, 1447520 evals, 1447664 steps, improv/step: 0.180 (last = 0.2373), fitness=-357128238.079655766
13088.91 secs, 1451235 evals, 1451380 steps, improv/step: 0.180 (last = 0.2667), fitness=-357128238.079655766
13118.91 secs, 1454921 evals, 1455068 steps, improv/step: 0.180 (last = 0.2386), fitness=-357128238.079655766
13148.91 secs, 1458630 evals, 1458780 steps, improv/step: 0.180 (last = 0.2249), fitness=-357128238.079655766
13179.04 secs, 1462347 evals, 1462498 steps, improv/step: 0.180 (last = 0.2152), fitness=-357128238.079655766
13209.05 secs, 1466038 evals, 1466189 steps, improv/step: 0.180 (last = 0.2230), fitness=-357128238.079655766
13239.22 secs, 1469607 evals, 1469758 steps, improv/step: 0.181 (last = 0.2496), fitness=-357128238.079655766
13269.23 secs, 1473361 evals, 1473514 steps, improv/step: 0.181 (last = 0.2545), fitness=-357128238.079655766
13299.23 secs, 1477031 evals, 1477184 steps, improv/step: 0.181 (last = 0.2444), fitness=-357128238.079655766
13329.24 secs, 1480709 evals, 1480863 steps, improv/step: 0.181 (last = 0.2427), fitness=-357128238.079655766
13359.56 secs, 1484451 evals, 1484605 steps, improv/step: 0.181 (last = 0.2456), fitness=-357128238.079655766
13389.56 secs, 1488164 evals, 1488320 steps, improv/step: 0.181 (last = 0.2436), fitness=-357128238.079655766
13419.57 secs, 1491844 evals, 1492002 steps, improv/step: 0.181 (last = 0.2311), fitness=-357128238.079655766
13449.57 secs, 1495515 evals, 1495673 steps, improv/step: 0.182 (last = 0.2285), fitness=-357128238.079655766
13479.57 secs, 1499203 evals, 1499362 steps, improv/step: 0.182 (last = 0.2486), fitness=-357128238.079655766
13509.57 secs, 1502841 evals, 1503001 steps, improv/step: 0.182 (last = 0.2545), fitness=-357128238.079655766
13539.58 secs, 1506451 evals, 1506614 steps, improv/step: 0.182 (last = 0.2491), fitness=-357128238.079655766
13569.58 secs, 1510186 evals, 1510350 steps, improv/step: 0.182 (last = 0.2746), fitness=-357128238.079655766
13599.59 secs, 1513861 evals, 1514025 steps, improv/step: 0.182 (last = 0.2479), fitness=-357128238.079655766
13629.92 secs, 1517492 evals, 1517656 steps, improv/step: 0.183 (last = 0.2476), fitness=-357128238.079655766
13659.93 secs, 1521149 evals, 1521314 steps, improv/step: 0.183 (last = 0.2534), fitness=-357128238.079655766
13690.07 secs, 1524772 evals, 1524938 steps, improv/step: 0.183 (last = 0.2563), fitness=-357128238.079655766
13720.07 secs, 1528424 evals, 1528590 steps, improv/step: 0.183 (last = 0.2505), fitness=-357128238.079655766
13750.20 secs, 1532083 evals, 1532250 steps, improv/step: 0.183 (last = 0.2514), fitness=-357128238.079655766
13780.20 secs, 1535782 evals, 1535950 steps, improv/step: 0.183 (last = 0.2351), fitness=-357128238.079655766
13810.25 secs, 1539426 evals, 1539594 steps, improv/step: 0.184 (last = 0.2497), fitness=-357128238.079655766
13840.34 secs, 1543110 evals, 1543281 steps, improv/step: 0.184 (last = 0.2753), fitness=-357128238.079655766
13870.35 secs, 1546802 evals, 1546974 steps, improv/step: 0.184 (last = 0.2572), fitness=-357128238.079655766
13900.51 secs, 1550501 evals, 1550673 steps, improv/step: 0.184 (last = 0.2303), fitness=-357128238.079655766
13930.51 secs, 1554159 evals, 1554331 steps, improv/step: 0.184 (last = 0.2515), fitness=-357128238.079655766
13960.52 secs, 1557757 evals, 1557929 steps, improv/step: 0.184 (last = 0.2585), fitness=-357128238.079655766
13990.52 secs, 1561343 evals, 1561515 steps, improv/step: 0.185 (last = 0.2922), fitness=-357128238.079655766
14020.53 secs, 1564911 evals, 1565084 steps, improv/step: 0.185 (last = 0.2575), fitness=-357128238.079655766
14050.54 secs, 1568541 evals, 1568716 steps, improv/step: 0.185 (last = 0.2459), fitness=-357128238.079655766
14080.54 secs, 1572217 evals, 1572397 steps, improv/step: 0.185 (last = 0.2391), fitness=-357128238.079655766
14110.83 secs, 1575915 evals, 1576095 steps, improv/step: 0.185 (last = 0.2693), fitness=-357128238.079655766
14140.83 secs, 1579621 evals, 1579801 steps, improv/step: 0.185 (last = 0.2561), fitness=-357128238.079655766
14170.83 secs, 1583279 evals, 1583460 steps, improv/step: 0.186 (last = 0.3009), fitness=-357128238.079655766
14200.84 secs, 1586814 evals, 1586995 steps, improv/step: 0.186 (last = 0.2351), fitness=-357128238.079655766
14230.84 secs, 1590394 evals, 1590575 steps, improv/step: 0.186 (last = 0.2450), fitness=-357128238.079655766
14260.84 secs, 1594093 evals, 1594275 steps, improv/step: 0.186 (last = 0.2389), fitness=-357128238.079655766
14290.84 secs, 1597762 evals, 1597944 steps, improv/step: 0.186 (last = 0.2409), fitness=-357128238.079655766
14320.84 secs, 1601394 evals, 1601577 steps, improv/step: 0.186 (last = 0.2320), fitness=-357128238.079655766
14350.85 secs, 1605043 evals, 1605226 steps, improv/step: 0.186 (last = 0.2579), fitness=-357128238.079655766
14380.85 secs, 1608799 evals, 1608984 steps, improv/step: 0.187 (last = 0.2491), fitness=-357128238.079655766
14411.09 secs, 1612461 evals, 1612646 steps, improv/step: 0.187 (last = 0.2709), fitness=-357128238.079655766
14441.09 secs, 1616082 evals, 1616268 steps, improv/step: 0.187 (last = 0.2281), fitness=-357128238.079655766
14471.09 secs, 1619714 evals, 1619901 steps, improv/step: 0.187 (last = 0.2070), fitness=-357128238.079655766
14501.09 secs, 1623360 evals, 1623549 steps, improv/step: 0.187 (last = 0.2497), fitness=-357128238.079655766
14531.10 secs, 1626995 evals, 1627185 steps, improv/step: 0.187 (last = 0.2643), fitness=-357128238.079655766
14561.10 secs, 1630561 evals, 1630751 steps, improv/step: 0.187 (last = 0.2546), fitness=-357128238.079655766
14591.10 secs, 1634190 evals, 1634381 steps, improv/step: 0.188 (last = 0.2579), fitness=-357128238.079655766
14621.11 secs, 1637799 evals, 1637990 steps, improv/step: 0.188 (last = 0.2566), fitness=-357128238.079655766
14651.11 secs, 1641419 evals, 1641610 steps, improv/step: 0.188 (last = 0.2511), fitness=-357128238.079655766
14681.12 secs, 1645057 evals, 1645249 steps, improv/step: 0.188 (last = 0.2273), fitness=-357128238.079655766
14711.12 secs, 1648749 evals, 1648941 steps, improv/step: 0.188 (last = 0.2115), fitness=-357128238.079655766
14741.13 secs, 1652393 evals, 1652586 steps, improv/step: 0.188 (last = 0.2219), fitness=-357128238.079655766
14771.13 secs, 1656011 evals, 1656204 steps, improv/step: 0.188 (last = 0.2606), fitness=-357128238.079655766
14801.35 secs, 1659593 evals, 1659788 steps, improv/step: 0.188 (last = 0.2899), fitness=-357128238.079655766
14831.36 secs, 1663258 evals, 1663454 steps, improv/step: 0.189 (last = 0.2700), fitness=-357128238.079655766
14861.36 secs, 1666875 evals, 1667071 steps, improv/step: 0.189 (last = 0.2638), fitness=-357128238.079655766
14891.37 secs, 1670492 evals, 1670688 steps, improv/step: 0.189 (last = 0.2856), fitness=-357128238.079655766
14921.74 secs, 1674173 evals, 1674370 steps, improv/step: 0.189 (last = 0.2510), fitness=-357128238.079655766
14951.74 secs, 1677863 evals, 1678060 steps, improv/step: 0.189 (last = 0.2352), fitness=-357128238.079655766
14981.75 secs, 1681495 evals, 1681693 steps, improv/step: 0.189 (last = 0.2334), fitness=-357128238.079655766
15011.75 secs, 1685085 evals, 1685284 steps, improv/step: 0.189 (last = 0.2423), fitness=-357128238.079655766
15041.75 secs, 1688689 evals, 1688888 steps, improv/step: 0.190 (last = 0.2428), fitness=-357128238.079655766
15072.13 secs, 1692371 evals, 1692570 steps, improv/step: 0.190 (last = 0.2300), fitness=-357128238.079655766
15102.14 secs, 1696056 evals, 1696255 steps, improv/step: 0.190 (last = 0.2507), fitness=-357128238.079655766
15132.14 secs, 1699736 evals, 1699935 steps, improv/step: 0.190 (last = 0.2913), fitness=-357128238.079655766
15162.32 secs, 1703427 evals, 1703626 steps, improv/step: 0.190 (last = 0.2308), fitness=-357128238.079655766
15192.33 secs, 1706977 evals, 1707177 steps, improv/step: 0.190 (last = 0.2630), fitness=-357128238.079655766
15222.33 secs, 1710607 evals, 1710808 steps, improv/step: 0.190 (last = 0.2680), fitness=-357128238.079655766
15252.33 secs, 1714216 evals, 1714417 steps, improv/step: 0.191 (last = 0.2494), fitness=-357128238.079655766
15282.34 secs, 1717814 evals, 1718016 steps, improv/step: 0.191 (last = 0.2345), fitness=-357128238.079655766
15312.37 secs, 1721406 evals, 1721609 steps, improv/step: 0.191 (last = 0.2438), fitness=-357128238.079655766
15342.50 secs, 1724972 evals, 1725175 steps, improv/step: 0.191 (last = 0.2583), fitness=-357128238.079655766
15372.51 secs, 1728577 evals, 1728782 steps, improv/step: 0.191 (last = 0.2542), fitness=-357128238.079655766
15402.51 secs, 1732197 evals, 1732402 steps, improv/step: 0.191 (last = 0.2343), fitness=-357128238.079655766
15432.51 secs, 1735791 evals, 1735997 steps, improv/step: 0.191 (last = 0.2495), fitness=-357128238.079655766
15462.51 secs, 1739412 evals, 1739619 steps, improv/step: 0.191 (last = 0.2294), fitness=-357128238.079655766
15492.51 secs, 1743042 evals, 1743249 steps, improv/step: 0.191 (last = 0.2424), fitness=-357128238.079655766
15522.52 secs, 1746710 evals, 1746918 steps, improv/step: 0.192 (last = 0.2576), fitness=-357128238.079655766
15552.52 secs, 1750297 evals, 1750506 steps, improv/step: 0.192 (last = 0.2517), fitness=-357128238.079655766
15582.52 secs, 1753853 evals, 1754062 steps, improv/step: 0.192 (last = 0.2511), fitness=-357128238.079655766
15612.52 secs, 1757508 evals, 1757717 steps, improv/step: 0.192 (last = 0.2728), fitness=-357128238.079655766
15642.53 secs, 1761149 evals, 1761359 steps, improv/step: 0.192 (last = 0.2205), fitness=-357128238.079655766
15672.53 secs, 1764802 evals, 1765012 steps, improv/step: 0.192 (last = 0.2527), fitness=-357128238.079655766
15702.54 secs, 1768400 evals, 1768611 steps, improv/step: 0.192 (last = 0.2409), fitness=-357128238.079655766
15732.54 secs, 1772006 evals, 1772218 steps, improv/step: 0.192 (last = 0.2426), fitness=-357128238.079655766
15762.55 secs, 1775601 evals, 1775813 steps, improv/step: 0.193 (last = 0.2643), fitness=-357128238.079655766
15792.55 secs, 1779151 evals, 1779363 steps, improv/step: 0.193 (last = 0.2693), fitness=-357128238.079655766
15822.56 secs, 1782750 evals, 1782963 steps, improv/step: 0.193 (last = 0.2519), fitness=-357128238.079655766
15852.56 secs, 1786359 evals, 1786574 steps, improv/step: 0.193 (last = 0.2332), fitness=-357128238.079655766
15882.56 secs, 1789978 evals, 1790194 steps, improv/step: 0.193 (last = 0.2249), fitness=-357128238.079655766
15912.56 secs, 1793616 evals, 1793833 steps, improv/step: 0.193 (last = 0.2490), fitness=-357128238.079655766
15942.56 secs, 1797244 evals, 1797461 steps, improv/step: 0.193 (last = 0.2668), fitness=-357128238.079655766
15972.57 secs, 1800933 evals, 1801151 steps, improv/step: 0.193 (last = 0.2770), fitness=-357128238.079655766
16002.57 secs, 1804607 evals, 1804827 steps, improv/step: 0.194 (last = 0.2995), fitness=-357128238.079655766
16032.57 secs, 1808247 evals, 1808470 steps, improv/step: 0.194 (last = 0.2204), fitness=-357128238.079655766
16062.58 secs, 1811861 evals, 1812085 steps, improv/step: 0.194 (last = 0.2326), fitness=-357128238.079655766
16092.58 secs, 1815422 evals, 1815650 steps, improv/step: 0.194 (last = 0.2396), fitness=-357128238.079655766
16122.86 secs, 1819003 evals, 1819232 steps, improv/step: 0.194 (last = 0.2557), fitness=-357128238.079655766
16152.87 secs, 1822570 evals, 1822800 steps, improv/step: 0.194 (last = 0.2713), fitness=-357128238.079655766
16183.23 secs, 1826241 evals, 1826472 steps, improv/step: 0.194 (last = 0.2625), fitness=-357128238.079655766
16213.24 secs, 1829855 evals, 1830086 steps, improv/step: 0.194 (last = 0.2402), fitness=-357128238.079655766
16243.46 secs, 1833505 evals, 1833737 steps, improv/step: 0.194 (last = 0.2410), fitness=-357128238.079655766
16273.47 secs, 1837177 evals, 1837412 steps, improv/step: 0.195 (last = 0.2593), fitness=-357128238.079655766
16303.47 secs, 1840799 evals, 1841034 steps, improv/step: 0.195 (last = 0.2305), fitness=-357128238.079655766
16333.47 secs, 1844457 evals, 1844696 steps, improv/step: 0.195 (last = 0.2236), fitness=-357128238.079655766
16363.48 secs, 1848089 evals, 1848328 steps, improv/step: 0.195 (last = 0.2442), fitness=-357128238.079655766
16393.63 secs, 1851645 evals, 1851886 steps, improv/step: 0.195 (last = 0.2774), fitness=-357128238.079655766
16423.64 secs, 1855268 evals, 1855509 steps, improv/step: 0.195 (last = 0.2548), fitness=-357128238.079655766
16453.65 secs, 1858928 evals, 1859171 steps, improv/step: 0.195 (last = 0.2419), fitness=-357128238.079655766
16483.65 secs, 1862548 evals, 1862792 steps, improv/step: 0.195 (last = 0.2367), fitness=-357128238.079655766
16513.85 secs, 1866112 evals, 1866356 steps, improv/step: 0.195 (last = 0.2315), fitness=-357128238.079655766
16543.85 secs, 1869782 evals, 1870027 steps, improv/step: 0.195 (last = 0.2675), fitness=-357128238.079655766
16573.85 secs, 1873499 evals, 1873745 steps, improv/step: 0.196 (last = 0.2550), fitness=-357128238.079655766
16603.86 secs, 1877108 evals, 1877355 steps, improv/step: 0.196 (last = 0.2011), fitness=-357128238.079655766
16633.86 secs, 1880786 evals, 1881034 steps, improv/step: 0.196 (last = 0.2365), fitness=-357128238.079655766
16663.86 secs, 1884369 evals, 1884617 steps, improv/step: 0.196 (last = 0.2339), fitness=-357128238.079655766
16693.86 secs, 1888001 evals, 1888249 steps, improv/step: 0.196 (last = 0.2629), fitness=-357128238.079655766
16723.87 secs, 1891620 evals, 1891868 steps, improv/step: 0.196 (last = 0.2172), fitness=-357128238.079655766
16753.87 secs, 1895117 evals, 1895367 steps, improv/step: 0.196 (last = 0.2255), fitness=-357128238.079655766
16783.88 secs, 1898712 evals, 1898963 steps, improv/step: 0.196 (last = 0.2500), fitness=-357128238.079655766
16813.88 secs, 1902318 evals, 1902571 steps, improv/step: 0.196 (last = 0.2472), fitness=-357128238.079655766
16844.12 secs, 1905944 evals, 1906197 steps, improv/step: 0.196 (last = 0.2683), fitness=-357128238.079655766
16874.20 secs, 1909578 evals, 1909832 steps, improv/step: 0.196 (last = 0.2897), fitness=-357128238.079655766
16904.20 secs, 1913222 evals, 1913480 steps, improv/step: 0.196 (last = 0.2341), fitness=-357128238.079655766
16934.30 secs, 1916865 evals, 1917125 steps, improv/step: 0.197 (last = 0.2346), fitness=-357128238.079655766
16964.39 secs, 1920518 evals, 1920779 steps, improv/step: 0.197 (last = 0.2600), fitness=-357128238.079655766
16994.40 secs, 1924103 evals, 1924366 steps, improv/step: 0.197 (last = 0.2635), fitness=-357128238.079655766
17024.40 secs, 1927640 evals, 1927904 steps, improv/step: 0.197 (last = 0.2482), fitness=-357128238.079655766
17054.51 secs, 1931233 evals, 1931500 steps, improv/step: 0.197 (last = 0.2497), fitness=-357128238.079655766
17084.92 secs, 1934912 evals, 1935179 steps, improv/step: 0.197 (last = 0.2403), fitness=-357128238.079655766
17114.92 secs, 1938557 evals, 1938825 steps, improv/step: 0.197 (last = 0.2660), fitness=-357128238.079655766
17144.93 secs, 1942149 evals, 1942419 steps, improv/step: 0.197 (last = 0.2251), fitness=-357128238.079655766
17175.34 secs, 1945700 evals, 1945970 steps, improv/step: 0.197 (last = 0.2188), fitness=-357128238.079655766
17205.34 secs, 1949398 evals, 1949668 steps, improv/step: 0.197 (last = 0.2404), fitness=-357128238.079655766
17235.35 secs, 1952930 evals, 1953201 steps, improv/step: 0.197 (last = 0.2267), fitness=-357128238.079655766
17265.38 secs, 1956544 evals, 1956816 steps, improv/step: 0.198 (last = 0.2324), fitness=-357128238.079655766
17295.39 secs, 1960175 evals, 1960448 steps, improv/step: 0.198 (last = 0.2351), fitness=-357128238.079655766
17325.39 secs, 1963797 evals, 1964070 steps, improv/step: 0.198 (last = 0.2203), fitness=-357128238.079655766
17355.40 secs, 1967425 evals, 1967698 steps, improv/step: 0.198 (last = 0.2313), fitness=-357128238.079655766
17385.40 secs, 1971053 evals, 1971328 steps, improv/step: 0.198 (last = 0.2733), fitness=-357128238.079655766
17415.40 secs, 1974689 evals, 1974964 steps, improv/step: 0.198 (last = 0.2500), fitness=-357128238.079655766
17445.41 secs, 1978366 evals, 1978641 steps, improv/step: 0.198 (last = 0.2415), fitness=-357128238.079655766
17475.41 secs, 1981965 evals, 1982241 steps, improv/step: 0.198 (last = 0.2375), fitness=-357128238.079655766
17505.42 secs, 1985558 evals, 1985835 steps, improv/step: 0.198 (last = 0.2379), fitness=-357128238.079655766
17535.42 secs, 1989135 evals, 1989412 steps, improv/step: 0.198 (last = 0.2510), fitness=-357128238.079655766
17565.43 secs, 1992777 evals, 1993056 steps, improv/step: 0.198 (last = 0.2516), fitness=-357128238.079655766
17595.68 secs, 1996395 evals, 1996674 steps, improv/step: 0.198 (last = 0.2535), fitness=-357128238.079655766
17625.69 secs, 2000054 evals, 2000333 steps, improv/step: 0.198 (last = 0.2320), fitness=-357128238.079655766
17656.10 secs, 2003694 evals, 2003975 steps, improv/step: 0.199 (last = 0.2433), fitness=-357128238.079655766
17686.10 secs, 2007352 evals, 2007633 steps, improv/step: 0.199 (last = 0.2493), fitness=-357128238.079655766
17716.10 secs, 2010768 evals, 2011052 steps, improv/step: 0.199 (last = 0.2761), fitness=-357128238.079655766
17746.59 secs, 2014247 evals, 2014533 steps, improv/step: 0.199 (last = 0.2370), fitness=-357128238.079655766
17776.59 secs, 2017816 evals, 2018103 steps, improv/step: 0.199 (last = 0.2255), fitness=-357128238.079655766
17806.60 secs, 2021455 evals, 2021742 steps, improv/step: 0.199 (last = 0.2459), fitness=-357128238.079655766
17836.60 secs, 2025044 evals, 2025334 steps, improv/step: 0.199 (last = 0.2436), fitness=-357128238.079655766
17866.61 secs, 2028407 evals, 2028698 steps, improv/step: 0.199 (last = 0.2663), fitness=-357128238.079655766
17896.87 secs, 2031951 evals, 2032242 steps, improv/step: 0.199 (last = 0.2706), fitness=-357128238.079655766
17926.87 secs, 2035547 evals, 2035841 steps, improv/step: 0.199 (last = 0.2478), fitness=-357128238.079655766
17956.88 secs, 2039096 evals, 2039392 steps, improv/step: 0.199 (last = 0.2470), fitness=-357128238.079655766
17986.88 secs, 2042631 evals, 2042928 steps, improv/step: 0.200 (last = 0.2514), fitness=-357128238.079655766
18016.88 secs, 2046244 evals, 2046542 steps, improv/step: 0.200 (last = 0.2266), fitness=-357128238.079655766
18046.88 secs, 2049851 evals, 2050149 steps, improv/step: 0.200 (last = 0.2545), fitness=-357128238.079655766
18076.89 secs, 2053443 evals, 2053742 steps, improv/step: 0.200 (last = 0.2650), fitness=-357128238.079655766
18106.89 secs, 2057079 evals, 2057380 steps, improv/step: 0.200 (last = 0.2342), fitness=-357128238.079655766
18136.90 secs, 2060459 evals, 2060761 steps, improv/step: 0.200 (last = 0.2263), fitness=-357128238.079655766
18166.90 secs, 2064064 evals, 2064367 steps, improv/step: 0.200 (last = 0.2501), fitness=-357128238.079655766
18196.90 secs, 2067703 evals, 2068007 steps, improv/step: 0.200 (last = 0.2643), fitness=-357128238.079655766
18226.91 secs, 2071278 evals, 2071584 steps, improv/step: 0.200 (last = 0.2505), fitness=-357128238.079655766
18256.91 secs, 2074723 evals, 2075030 steps, improv/step: 0.200 (last = 0.2644), fitness=-357128238.079655766
18286.91 secs, 2078345 evals, 2078652 steps, improv/step: 0.200 (last = 0.2523), fitness=-357128238.079655766
18316.91 secs, 2081689 evals, 2081996 steps, improv/step: 0.201 (last = 0.2733), fitness=-357128238.079655766
18346.91 secs, 2085152 evals, 2085459 steps, improv/step: 0.201 (last = 0.2584), fitness=-357128238.079655766
18376.92 secs, 2088699 evals, 2089008 steps, improv/step: 0.201 (last = 0.2567), fitness=-357128238.079655766
18406.93 secs, 2092275 evals, 2092585 steps, improv/step: 0.201 (last = 0.2228), fitness=-357128238.079655766
18436.93 secs, 2095805 evals, 2096115 steps, improv/step: 0.201 (last = 0.2317), fitness=-357128238.079655766
18466.94 secs, 2099372 evals, 2099683 steps, improv/step: 0.201 (last = 0.2660), fitness=-357128238.079655766
18497.28 secs, 2102986 evals, 2103298 steps, improv/step: 0.201 (last = 0.2498), fitness=-357128238.079655766
18527.29 secs, 2106573 evals, 2106885 steps, improv/step: 0.201 (last = 0.2470), fitness=-357128238.079655766
18557.29 secs, 2110192 evals, 2110504 steps, improv/step: 0.201 (last = 0.2517), fitness=-357128238.079655766
18587.49 secs, 2113714 evals, 2114027 steps, improv/step: 0.201 (last = 0.2504), fitness=-357128238.079655766
18617.50 secs, 2117322 evals, 2117635 steps, improv/step: 0.201 (last = 0.2467), fitness=-357128238.079655766
18647.50 secs, 2120813 evals, 2121126 steps, improv/step: 0.201 (last = 0.2203), fitness=-357128238.079655766
18677.51 secs, 2124322 evals, 2124637 steps, improv/step: 0.201 (last = 0.2552), fitness=-357128238.079655766
18707.51 secs, 2127644 evals, 2127960 steps, improv/step: 0.202 (last = 0.2350), fitness=-357128238.079655766
18737.52 secs, 2131096 evals, 2131413 steps, improv/step: 0.202 (last = 0.2748), fitness=-357128238.079655766
18767.52 secs, 2134606 evals, 2134924 steps, improv/step: 0.202 (last = 0.2464), fitness=-357128238.079655766
18797.52 secs, 2138163 evals, 2138483 steps, improv/step: 0.202 (last = 0.2402), fitness=-357128238.079655766
18827.52 secs, 2141686 evals, 2142006 steps, improv/step: 0.202 (last = 0.2336), fitness=-357128238.079655766
18857.53 secs, 2145327 evals, 2145647 steps, improv/step: 0.202 (last = 0.2329), fitness=-357128238.079655766
18887.53 secs, 2148815 evals, 2149136 steps, improv/step: 0.202 (last = 0.2620), fitness=-357128238.079655766
18917.54 secs, 2152169 evals, 2152490 steps, improv/step: 0.202 (last = 0.2418), fitness=-357128238.079655766
18947.54 secs, 2155638 evals, 2155959 steps, improv/step: 0.202 (last = 0.2606), fitness=-357128238.079655766
18977.55 secs, 2159245 evals, 2159567 steps, improv/step: 0.202 (last = 0.2591), fitness=-357128238.079655766
19007.55 secs, 2162590 evals, 2162913 steps, improv/step: 0.202 (last = 0.2756), fitness=-357128238.079655766
19037.55 secs, 2166030 evals, 2166353 steps, improv/step: 0.202 (last = 0.2503), fitness=-357128238.079655766
19067.55 secs, 2169505 evals, 2169830 steps, improv/step: 0.202 (last = 0.2471), fitness=-357128238.079655766
19097.56 secs, 2173066 evals, 2173392 steps, improv/step: 0.203 (last = 0.2546), fitness=-357128238.079655766
19127.56 secs, 2176604 evals, 2176930 steps, improv/step: 0.203 (last = 0.2493), fitness=-357128238.079655766
19157.56 secs, 2180088 evals, 2180415 steps, improv/step: 0.203 (last = 0.2603), fitness=-357128238.079655766
19187.56 secs, 2183592 evals, 2183921 steps, improv/step: 0.203 (last = 0.2638), fitness=-357128238.079655766
19217.87 secs, 2187074 evals, 2187404 steps, improv/step: 0.203 (last = 0.2661), fitness=-357128238.079655766
19248.28 secs, 2190565 evals, 2190895 steps, improv/step: 0.203 (last = 0.2283), fitness=-357128238.079655766
19278.28 secs, 2194027 evals, 2194358 steps, improv/step: 0.203 (last = 0.2224), fitness=-357128238.079655766
19308.28 secs, 2197576 evals, 2197907 steps, improv/step: 0.203 (last = 0.2426), fitness=-357128238.079655766
19338.28 secs, 2201160 evals, 2201491 steps, improv/step: 0.203 (last = 0.2679), fitness=-357128238.079655766
19368.29 secs, 2204718 evals, 2205050 steps, improv/step: 0.203 (last = 0.2700), fitness=-357128238.079655766
19398.29 secs, 2208120 evals, 2208454 steps, improv/step: 0.203 (last = 0.2397), fitness=-357128238.079655766
19428.30 secs, 2211731 evals, 2212068 steps, improv/step: 0.203 (last = 0.2324), fitness=-357128238.079655766
19458.31 secs, 2215266 evals, 2215603 steps, improv/step: 0.203 (last = 0.2617), fitness=-357128238.079655766
19488.31 secs, 2218813 evals, 2219152 steps, improv/step: 0.204 (last = 0.2468), fitness=-357128238.079655766
19518.31 secs, 2222437 evals, 2222778 steps, improv/step: 0.204 (last = 0.2137), fitness=-357128238.079655766
19548.54 secs, 2226084 evals, 2226426 steps, improv/step: 0.204 (last = 0.2612), fitness=-357128238.079655766
19578.55 secs, 2229745 evals, 2230088 steps, improv/step: 0.204 (last = 0.2204), fitness=-357128238.079655766
19608.55 secs, 2233312 evals, 2233657 steps, improv/step: 0.204 (last = 0.2376), fitness=-357128238.079655766
19638.56 secs, 2236831 evals, 2237176 steps, improv/step: 0.204 (last = 0.2631), fitness=-357128238.079655766
19668.56 secs, 2240111 evals, 2240456 steps, improv/step: 0.204 (last = 0.2695), fitness=-357128238.079655766
19698.83 secs, 2243555 evals, 2243905 steps, improv/step: 0.204 (last = 0.2575), fitness=-357128238.079655766
19729.00 secs, 2247130 evals, 2247482 steps, improv/step: 0.204 (last = 0.2561), fitness=-357128238.079655766
19759.48 secs, 2250710 evals, 2251062 steps, improv/step: 0.204 (last = 0.2545), fitness=-357128238.079655766
19789.48 secs, 2254292 evals, 2254646 steps, improv/step: 0.204 (last = 0.2416), fitness=-357128238.079655766
19819.49 secs, 2257646 evals, 2258000 steps, improv/step: 0.204 (last = 0.2436), fitness=-357128238.079655766
19849.49 secs, 2261172 evals, 2261527 steps, improv/step: 0.204 (last = 0.2574), fitness=-357128238.079655766
19879.52 secs, 2264754 evals, 2265112 steps, improv/step: 0.204 (last = 0.2695), fitness=-357128238.079655766
19909.52 secs, 2268428 evals, 2268786 steps, improv/step: 0.205 (last = 0.2662), fitness=-357128238.079655766
19939.53 secs, 2271985 evals, 2272346 steps, improv/step: 0.205 (last = 0.2601), fitness=-357128238.079655766
19969.53 secs, 2275587 evals, 2275948 steps, improv/step: 0.205 (last = 0.2574), fitness=-357128238.079655766
19999.53 secs, 2279019 evals, 2279380 steps, improv/step: 0.205 (last = 0.2724), fitness=-357128238.079655766
20029.53 secs, 2282454 evals, 2282815 steps, improv/step: 0.205 (last = 0.2664), fitness=-357128238.079655766
20059.54 secs, 2286012 evals, 2286374 steps, improv/step: 0.205 (last = 0.2838), fitness=-357128238.079655766
20089.54 secs, 2289367 evals, 2289729 steps, improv/step: 0.205 (last = 0.2811), fitness=-357128238.079655766
20119.60 secs, 2292759 evals, 2293124 steps, improv/step: 0.205 (last = 0.2607), fitness=-357128238.079655766
20149.60 secs, 2296363 evals, 2296730 steps, improv/step: 0.205 (last = 0.2806), fitness=-357128238.079655766
20179.60 secs, 2299860 evals, 2300230 steps, improv/step: 0.205 (last = 0.2411), fitness=-357128238.079655766
20209.60 secs, 2303455 evals, 2303827 steps, improv/step: 0.206 (last = 0.2552), fitness=-357128238.079655766
20239.61 secs, 2306893 evals, 2307265 steps, improv/step: 0.206 (last = 0.2775), fitness=-357128238.079655766
20269.61 secs, 2310459 evals, 2310832 steps, improv/step: 0.206 (last = 0.2697), fitness=-357128238.079655766
20299.96 secs, 2314056 evals, 2314429 steps, improv/step: 0.206 (last = 0.2538), fitness=-357128238.079655766
20329.96 secs, 2317726 evals, 2318100 steps, improv/step: 0.206 (last = 0.2648), fitness=-357128238.079655766
20359.97 secs, 2321309 evals, 2321683 steps, improv/step: 0.206 (last = 0.2481), fitness=-357128238.079655766
20389.97 secs, 2324904 evals, 2325280 steps, improv/step: 0.206 (last = 0.2505), fitness=-357128238.079655766
20419.97 secs, 2328531 evals, 2328907 steps, improv/step: 0.206 (last = 0.2186), fitness=-357128238.079655766
20449.98 secs, 2332077 evals, 2332453 steps, improv/step: 0.206 (last = 0.2231), fitness=-357128238.079655766
20479.98 secs, 2335579 evals, 2335955 steps, improv/step: 0.206 (last = 0.2296), fitness=-357128238.079655766
20510.28 secs, 2338912 evals, 2339291 steps, improv/step: 0.206 (last = 0.2140), fitness=-357128238.079655766
20540.28 secs, 2342372 evals, 2342753 steps, improv/step: 0.206 (last = 0.2311), fitness=-357128238.079655766
20570.28 secs, 2345947 evals, 2346329 steps, improv/step: 0.206 (last = 0.2441), fitness=-357128238.079655766
20600.60 secs, 2349398 evals, 2349780 steps, improv/step: 0.206 (last = 0.2509), fitness=-357128238.079655766
20630.61 secs, 2352990 evals, 2353375 steps, improv/step: 0.206 (last = 0.2478), fitness=-357128238.079655766
20660.61 secs, 2356426 evals, 2356812 steps, improv/step: 0.206 (last = 0.2444), fitness=-357128238.079655766
20690.62 secs, 2359923 evals, 2360309 steps, improv/step: 0.206 (last = 0.2311), fitness=-357128238.079655766
20720.62 secs, 2363285 evals, 2363672 steps, improv/step: 0.207 (last = 0.2834), fitness=-357128238.079655766
20750.63 secs, 2366674 evals, 2367063 steps, improv/step: 0.207 (last = 0.2377), fitness=-357128238.079655766
20780.64 secs, 2370012 evals, 2370404 steps, improv/step: 0.207 (last = 0.2544), fitness=-357128238.079655766
20810.64 secs, 2373381 evals, 2373774 steps, improv/step: 0.207 (last = 0.2101), fitness=-357128238.079655766
20841.03 secs, 2376663 evals, 2377057 steps, improv/step: 0.207 (last = 0.2425), fitness=-357128238.079655766
20871.03 secs, 2380087 evals, 2380481 steps, improv/step: 0.207 (last = 0.2363), fitness=-357128238.079655766
20901.04 secs, 2383559 evals, 2383954 steps, improv/step: 0.207 (last = 0.2885), fitness=-357128238.079655766
20931.04 secs, 2387047 evals, 2387442 steps, improv/step: 0.207 (last = 0.2672), fitness=-357128238.079655766
20961.05 secs, 2390636 evals, 2391031 steps, improv/step: 0.207 (last = 0.2215), fitness=-357128238.079655766
20991.05 secs, 2393991 evals, 2394386 steps, improv/step: 0.207 (last = 0.2393), fitness=-357128238.079655766
21021.06 secs, 2397465 evals, 2397860 steps, improv/step: 0.207 (last = 0.2634), fitness=-357128238.079655766
21051.06 secs, 2400925 evals, 2401321 steps, improv/step: 0.207 (last = 0.2505), fitness=-357128238.079655766
21081.06 secs, 2404545 evals, 2404942 steps, improv/step: 0.207 (last = 0.2129), fitness=-357128238.079655766
21111.13 secs, 2408036 evals, 2408434 steps, improv/step: 0.207 (last = 0.2360), fitness=-357128238.079655766
21141.13 secs, 2411601 evals, 2411999 steps, improv/step: 0.207 (last = 0.2499), fitness=-357128238.079655766
21171.13 secs, 2415188 evals, 2415586 steps, improv/step: 0.207 (last = 0.2492), fitness=-357128238.079655766
21201.13 secs, 2418638 evals, 2419038 steps, improv/step: 0.207 (last = 0.1947), fitness=-357128238.079655766
21231.14 secs, 2422134 evals, 2422537 steps, improv/step: 0.207 (last = 0.2018), fitness=-357128238.079655766
21261.14 secs, 2425611 evals, 2426016 steps, improv/step: 0.207 (last = 0.2472), fitness=-357128238.079655766
21291.14 secs, 2429089 evals, 2429495 steps, improv/step: 0.207 (last = 0.2420), fitness=-357128238.079655766
21321.15 secs, 2432634 evals, 2433040 steps, improv/step: 0.208 (last = 0.2821), fitness=-357128238.079655766
21351.15 secs, 2436158 evals, 2436566 steps, improv/step: 0.208 (last = 0.2598), fitness=-357128238.079655766
21381.74 secs, 2439795 evals, 2440205 steps, improv/step: 0.208 (last = 0.2547), fitness=-357128238.079655766
21411.74 secs, 2443364 evals, 2443774 steps, improv/step: 0.208 (last = 0.2328), fitness=-357128238.079655766
21442.11 secs, 2446828 evals, 2447238 steps, improv/step: 0.208 (last = 0.2604), fitness=-357128238.079655766
21472.11 secs, 2450146 evals, 2450558 steps, improv/step: 0.208 (last = 0.2247), fitness=-357128238.079655766
21502.12 secs, 2453428 evals, 2453843 steps, improv/step: 0.208 (last = 0.2384), fitness=-357128238.079655766
21532.37 secs, 2456704 evals, 2457119 steps, improv/step: 0.208 (last = 0.2286), fitness=-357128238.079655766
21562.37 secs, 2460063 evals, 2460478 steps, improv/step: 0.208 (last = 0.2480), fitness=-357128238.079655766
21592.37 secs, 2463430 evals, 2463846 steps, improv/step: 0.208 (last = 0.2553), fitness=-357128238.079655766
21622.38 secs, 2466820 evals, 2467239 steps, improv/step: 0.208 (last = 0.2576), fitness=-357128238.079655766
21652.38 secs, 2470198 evals, 2470617 steps, improv/step: 0.208 (last = 0.2593), fitness=-357128238.079655766
21682.97 secs, 2473723 evals, 2474142 steps, improv/step: 0.208 (last = 0.2601), fitness=-357128238.079655766
21712.97 secs, 2477296 evals, 2477717 steps, improv/step: 0.208 (last = 0.2350), fitness=-357128238.079655766
21743.39 secs, 2480847 evals, 2481268 steps, improv/step: 0.208 (last = 0.2489), fitness=-357128238.079655766
21773.39 secs, 2484240 evals, 2484661 steps, improv/step: 0.208 (last = 0.2319), fitness=-357128238.079655766
21803.40 secs, 2487619 evals, 2488040 steps, improv/step: 0.208 (last = 0.2489), fitness=-357128238.079655766
21833.40 secs, 2490938 evals, 2491360 steps, improv/step: 0.208 (last = 0.2358), fitness=-357128238.079655766
21863.41 secs, 2494379 evals, 2494803 steps, improv/step: 0.208 (last = 0.2344), fitness=-357128238.079655766
21893.41 secs, 2497684 evals, 2498108 steps, improv/step: 0.209 (last = 0.2433), fitness=-357128238.079655766

Optimization stopped after 2500426 steps and 21913.14 seconds
Termination reason: Max number of function evaluations (2500000) reached
Steps per second = 114.11
Function evals per second = 114.09
Improvements/step = Inf
Total function evaluations = 2500001


Best candidate found: [236.274, 112.511, 7.32297, 168.215, 1.0e9, 1000.0, 38.9536, 254.67, 1000.0, 11027.9, 9.65956e-5, 0.000960992, 0.0109133, 0.0964459, 0.76667]

Fitness: -357128238.079655766

-3.5712823807965577e8
15-element Vector{Float64}:
   236.27364993298357
   112.51117208762284
     7.322969124196147
   168.2152473758906
     9.99999964131154e8
   999.9999999995035
    38.953560548862775
   254.67009449981856
   999.999999999799
 11027.877230828919
     9.659562504242054e-5
     0.0009609917747172227
     0.010913305114822044
     0.09644586489752227
     0.7666701878089763
Script has finished
Sat Dec 18 22:08:51 CET 2021

------------------------------------------------------------
Sender: LSF System <schwan@makalu115>
Subject: Job 575463: <Julia_Job_parallel> in cluster <wuerfel> Done

Job <Julia_Job_parallel> was submitted from host <makalu56> by user <magr4985> in cluster <wuerfel> at Sat Dec 18 15:58:38 2021
Job was executed on host(s) <makalu115>, in queue <BatchXL>, as user <magr4985> in cluster <wuerfel> at Sat Dec 18 15:58:48 2021
</usr/scratch4/magr4985> was used as the home directory.
</usr/scratch4/magr4985/TRPL/BatchJobs/C2704_hzb/Run25> was used as the working directory.
Started at Sat Dec 18 15:58:48 2021
Terminated at Sat Dec 18 22:08:51 2021
Results reported at Sat Dec 18 22:08:51 2021

Your job looked like:

------------------------------------------------------------
# LSBATCH: User input
#!/bin/csh 
#BSUB -q BatchXL 
#BSUB -R "mem > 8000 span[hosts=1] && intel_avx2" 
#BSUB -oo lsf_julia_%J.log 
#BSUB -eo lsf_julia_%J.err 
#BSUB -J Julia_Job_parallel 
#BSUB -L /bin/csh 
#BSUB -n 1 
date 
pwd 
module purge 
/usr/scratch4/magr4985/julia-1.6.2/bin/julia -t 4 /usr/scratch4/magr4985/TRPL/Programs/trpl_analysis_real.jl C2704_hzb 5.0e16 2500000 1 /usr/scratch4/magr4985/TRPL/BatchJobs/C2704_hzb/Run25 1.0e-14 3600 "[1.0, 1.0, 1.0, 1.0, 1.0, 1.0, 1.0, 1.0, 1.0, 1.0, 1.0e-6, 1.0e-6, 1.0e-6, 1.0e-6, 1.0e-6, 1.0e-6, 1.0e-6, 1.0e-6, 1.0e-6, 1.0e-6]" "[5000.0, 5000.0, 1000.0, 1000.0, 1.0e9, 1000.0, 10000.0, 10000.0, 1000.0, 1.0e6, 1.0, 1.0, 1.0, 1.0, 1.0, 1.0, 1.0, 1.0, 1.0, 1.0]" 
date
------------------------------------------------------------

Successfully completed.

Resource usage summary:

    CPU time :                                   59070.49 sec.
    Max Memory :                                 4904.92 MB
    Average Memory :                             2154.61 MB
    Total Requested Memory :                     -
    Delta Memory :                               -
    Max Swap :                                   2 MB
    Max Processes :                              4
    Max Threads :                                12
    Run time :                                   22201 sec.
    Turnaround time :                            22213 sec.

The output (if any) is above this job summary.



PS:

Read file <lsf_julia_575463.err> for stderr output of this job.

