Warning: no access to tty (Bad file descriptor).
Thus no job control in this shell.
Warning: no access to tty (Bad file descriptor).
Thus no job control in this shell.
Tue Dec 21 19:54:00 CET 2021
/usr/scratch4/magr4985/TRPL/BatchJobs/syn_data_1/Run11
# Thread: 4
416514561100605589 RNG Seed
Run 1
Starting optimization with optimizer DiffEvoOpt{FitPopulation{Float64}, RadiusLimitedSelector, BlackBoxOptim.DiffEvoRandBin{3}, RandomBound{ContinuousRectSearchSpace}}
0.00 secs, 0 evals, 0 steps
30.00 secs, 3510 evals, 3412 steps, improv/step: 0.366 (last = 0.3661), fitness=-444130995.140258014
60.00 secs, 7273 evals, 7175 steps, improv/step: 0.266 (last = 0.1746), fitness=-446248004.350429595
90.04 secs, 10754 evals, 10656 steps, improv/step: 0.197 (last = 0.0563), fitness=-446322106.306881249
120.04 secs, 14797 evals, 14699 steps, improv/step: 0.153 (last = 0.0376), fitness=-446335269.759225965
150.05 secs, 18958 evals, 18860 steps, improv/step: 0.129 (last = 0.0437), fitness=-446342837.736886919
180.05 secs, 22952 evals, 22854 steps, improv/step: 0.116 (last = 0.0516), fitness=-446347935.330712795
210.05 secs, 26922 evals, 26825 steps, improv/step: 0.105 (last = 0.0446), fitness=-446350286.272695541
240.06 secs, 30967 evals, 30870 steps, improv/step: 0.099 (last = 0.0611), fitness=-446389216.013577878
270.06 secs, 35536 evals, 35439 steps, improv/step: 0.102 (last = 0.1228), fitness=-446412515.151905775
300.07 secs, 39968 evals, 39871 steps, improv/step: 0.103 (last = 0.1090), fitness=-446413237.270038188
330.07 secs, 44372 evals, 44276 steps, improv/step: 0.102 (last = 0.0944), fitness=-446413381.129274428
360.08 secs, 48744 evals, 48648 steps, improv/step: 0.099 (last = 0.0613), fitness=-446413435.046972990
390.08 secs, 53091 evals, 52995 steps, improv/step: 0.096 (last = 0.0722), fitness=-446413490.699989259
420.08 secs, 57406 evals, 57310 steps, improv/step: 0.095 (last = 0.0820), fitness=-446413549.884307504
450.08 secs, 61766 evals, 61670 steps, improv/step: 0.094 (last = 0.0718), fitness=-446413634.761269271
480.08 secs, 66101 evals, 66005 steps, improv/step: 0.091 (last = 0.0595), fitness=-446413681.687095106
510.09 secs, 70462 evals, 70366 steps, improv/step: 0.089 (last = 0.0598), fitness=-446413734.475010097
540.10 secs, 74857 evals, 74761 steps, improv/step: 0.088 (last = 0.0587), fitness=-446413771.435854673
570.12 secs, 79236 evals, 79140 steps, improv/step: 0.087 (last = 0.0726), fitness=-446413795.624141514
600.12 secs, 83515 evals, 83419 steps, improv/step: 0.086 (last = 0.0631), fitness=-446413818.381182790
630.13 secs, 87659 evals, 87563 steps, improv/step: 0.085 (last = 0.0746), fitness=-446413843.018615425
660.13 secs, 91828 evals, 91734 steps, improv/step: 0.085 (last = 0.0779), fitness=-446413856.002651989
690.13 secs, 95968 evals, 95874 steps, improv/step: 0.084 (last = 0.0758), fitness=-446413872.394092619
720.17 secs, 100489 evals, 100395 steps, improv/step: 0.084 (last = 0.0681), fitness=-446413890.914866090
750.17 secs, 105053 evals, 104959 steps, improv/step: 0.082 (last = 0.0554), fitness=-446413911.515518069
780.18 secs, 109602 evals, 109508 steps, improv/step: 0.081 (last = 0.0501), fitness=-446413928.993394554
810.18 secs, 114130 evals, 114036 steps, improv/step: 0.080 (last = 0.0510), fitness=-446413943.838807762
840.21 secs, 118406 evals, 118313 steps, improv/step: 0.079 (last = 0.0556), fitness=-446413956.511987448
870.21 secs, 122720 evals, 122628 steps, improv/step: 0.078 (last = 0.0408), fitness=-446413963.628263593
900.22 secs, 126616 evals, 126524 steps, improv/step: 0.077 (last = 0.0637), fitness=-446413966.967935741
930.23 secs, 130257 evals, 130166 steps, improv/step: 0.077 (last = 0.0571), fitness=-446413971.285593212
960.23 secs, 133892 evals, 133801 steps, improv/step: 0.076 (last = 0.0539), fitness=-446413975.907189727
990.24 secs, 137558 evals, 137467 steps, improv/step: 0.076 (last = 0.0614), fitness=-446413978.477731228
1020.24 secs, 141314 evals, 141224 steps, improv/step: 0.075 (last = 0.0490), fitness=-446413982.102380335
1050.25 secs, 145255 evals, 145165 steps, improv/step: 0.074 (last = 0.0540), fitness=-446413986.360307097
1080.25 secs, 149161 evals, 149071 steps, improv/step: 0.074 (last = 0.0422), fitness=-446413988.771026909
1110.25 secs, 153154 evals, 153065 steps, improv/step: 0.073 (last = 0.0448), fitness=-446413992.073019207
1140.26 secs, 157164 evals, 157076 steps, improv/step: 0.072 (last = 0.0424), fitness=-446413994.368545592
1170.26 secs, 161138 evals, 161050 steps, improv/step: 0.071 (last = 0.0410), fitness=-446413995.864310205
1200.26 secs, 164961 evals, 164873 steps, improv/step: 0.070 (last = 0.0351), fitness=-446413997.152376413
1230.27 secs, 168705 evals, 168617 steps, improv/step: 0.070 (last = 0.0494), fitness=-446413998.682384789
1260.27 secs, 172447 evals, 172360 steps, improv/step: 0.070 (last = 0.0617), fitness=-446414000.289471865
1290.28 secs, 176134 evals, 176047 steps, improv/step: 0.069 (last = 0.0499), fitness=-446414001.407559812
1320.29 secs, 179886 evals, 179800 steps, improv/step: 0.069 (last = 0.0440), fitness=-446414002.218249559
1350.30 secs, 183526 evals, 183441 steps, improv/step: 0.069 (last = 0.0610), fitness=-446414003.286066949
1380.30 secs, 187225 evals, 187140 steps, improv/step: 0.069 (last = 0.0616), fitness=-446414004.509736657
1410.30 secs, 190802 evals, 190717 steps, improv/step: 0.068 (last = 0.0598), fitness=-446414005.856497526
1440.30 secs, 194321 evals, 194236 steps, improv/step: 0.068 (last = 0.0654), fitness=-446414006.772840798
1470.30 secs, 197750 evals, 197665 steps, improv/step: 0.069 (last = 0.0954), fitness=-446414010.225479066
1500.31 secs, 201052 evals, 200967 steps, improv/step: 0.069 (last = 0.0842), fitness=-446414014.449745774
1530.32 secs, 204472 evals, 204388 steps, improv/step: 0.069 (last = 0.0886), fitness=-446414022.455300927
1560.36 secs, 207796 evals, 207712 steps, improv/step: 0.069 (last = 0.0692), fitness=-446414034.804265678
1590.40 secs, 211154 evals, 211070 steps, improv/step: 0.069 (last = 0.0730), fitness=-446414047.221319675
1620.49 secs, 214360 evals, 214276 steps, improv/step: 0.069 (last = 0.0730), fitness=-446414059.109342277
1650.49 secs, 217454 evals, 217370 steps, improv/step: 0.070 (last = 0.0753), fitness=-446414064.865310013
1680.50 secs, 220510 evals, 220426 steps, improv/step: 0.070 (last = 0.0798), fitness=-446414073.458751738
1710.50 secs, 223601 evals, 223518 steps, improv/step: 0.070 (last = 0.0851), fitness=-446414080.465357006
1740.51 secs, 226705 evals, 226622 steps, improv/step: 0.070 (last = 0.0631), fitness=-446414091.641819477
1770.51 secs, 229728 evals, 229645 steps, improv/step: 0.070 (last = 0.0658), fitness=-446414100.654021561
1800.52 secs, 232852 evals, 232770 steps, improv/step: 0.070 (last = 0.0694), fitness=-446414119.222346187
1830.53 secs, 235865 evals, 235784 steps, improv/step: 0.070 (last = 0.0521), fitness=-446414127.786154211
1860.53 secs, 238785 evals, 238704 steps, improv/step: 0.069 (last = 0.0531), fitness=-446414138.899564087
1890.54 secs, 241559 evals, 241478 steps, improv/step: 0.069 (last = 0.0562), fitness=-446414146.556432307
1920.55 secs, 244492 evals, 244411 steps, improv/step: 0.069 (last = 0.0590), fitness=-446414152.997517765
1950.55 secs, 247449 evals, 247368 steps, improv/step: 0.069 (last = 0.0501), fitness=-446414165.237430394
1980.67 secs, 250376 evals, 250295 steps, improv/step: 0.068 (last = 0.0396), fitness=-446414168.271345615
2010.67 secs, 253126 evals, 253045 steps, improv/step: 0.068 (last = 0.0404), fitness=-446414170.419373930
2040.68 secs, 255799 evals, 255718 steps, improv/step: 0.068 (last = 0.0486), fitness=-446414173.058080912
2070.68 secs, 258555 evals, 258474 steps, improv/step: 0.068 (last = 0.0425), fitness=-446414175.153376579
2100.68 secs, 261323 evals, 261242 steps, improv/step: 0.067 (last = 0.0368), fitness=-446414181.638893187
2130.69 secs, 264090 evals, 264010 steps, improv/step: 0.067 (last = 0.0444), fitness=-446414182.240219414
2160.72 secs, 266890 evals, 266810 steps, improv/step: 0.067 (last = 0.0368), fitness=-446414183.854228139
2190.84 secs, 269671 evals, 269591 steps, improv/step: 0.066 (last = 0.0345), fitness=-446414186.992603540
2220.84 secs, 272359 evals, 272280 steps, improv/step: 0.066 (last = 0.0357), fitness=-446414188.117690444
2250.85 secs, 275057 evals, 274978 steps, improv/step: 0.066 (last = 0.0434), fitness=-446414189.916879058
2280.87 secs, 277763 evals, 277684 steps, improv/step: 0.066 (last = 0.0373), fitness=-446414191.928236723
2310.89 secs, 280397 evals, 280319 steps, improv/step: 0.065 (last = 0.0398), fitness=-446414194.066403389
2340.90 secs, 283112 evals, 283034 steps, improv/step: 0.065 (last = 0.0365), fitness=-446414195.852701843
2370.97 secs, 285815 evals, 285737 steps, improv/step: 0.065 (last = 0.0392), fitness=-446414198.262493491
2400.97 secs, 288548 evals, 288470 steps, improv/step: 0.065 (last = 0.0278), fitness=-446414199.094241381
2430.98 secs, 291314 evals, 291236 steps, improv/step: 0.064 (last = 0.0304), fitness=-446414200.243569434
2460.98 secs, 293970 evals, 293893 steps, improv/step: 0.064 (last = 0.0384), fitness=-446414202.537318230
2490.99 secs, 296634 evals, 296557 steps, improv/step: 0.064 (last = 0.0364), fitness=-446414203.769994140
2521.05 secs, 299275 evals, 299198 steps, improv/step: 0.064 (last = 0.0443), fitness=-446414206.459018171
2551.05 secs, 302042 evals, 301965 steps, improv/step: 0.063 (last = 0.0369), fitness=-446414208.645819962
2581.05 secs, 304678 evals, 304601 steps, improv/step: 0.063 (last = 0.0524), fitness=-446414209.298238039
2611.06 secs, 307437 evals, 307360 steps, improv/step: 0.063 (last = 0.0500), fitness=-446414212.863583326
2641.07 secs, 310140 evals, 310063 steps, improv/step: 0.063 (last = 0.0411), fitness=-446414213.894554257
2671.08 secs, 312824 evals, 312747 steps, improv/step: 0.063 (last = 0.0417), fitness=-446414215.728892028
2701.09 secs, 315534 evals, 315457 steps, improv/step: 0.063 (last = 0.0483), fitness=-446414217.495110154
2731.09 secs, 318197 evals, 318120 steps, improv/step: 0.062 (last = 0.0432), fitness=-446414217.888719141
2761.10 secs, 320798 evals, 320721 steps, improv/step: 0.062 (last = 0.0427), fitness=-446414218.875377953
2791.11 secs, 323417 evals, 323340 steps, improv/step: 0.062 (last = 0.0428), fitness=-446414219.570344210
2821.11 secs, 326153 evals, 326077 steps, improv/step: 0.062 (last = 0.0555), fitness=-446414220.487832665
2851.11 secs, 328816 evals, 328740 steps, improv/step: 0.062 (last = 0.0612), fitness=-446414222.428484023
2881.12 secs, 331527 evals, 331451 steps, improv/step: 0.062 (last = 0.0612), fitness=-446414223.990129888
2911.13 secs, 334158 evals, 334082 steps, improv/step: 0.062 (last = 0.0623), fitness=-446414225.938570142
2941.14 secs, 336853 evals, 336778 steps, improv/step: 0.062 (last = 0.0608), fitness=-446414226.725308061
2971.14 secs, 339565 evals, 339490 steps, improv/step: 0.062 (last = 0.0557), fitness=-446414227.485494673
3001.15 secs, 342276 evals, 342201 steps, improv/step: 0.062 (last = 0.0380), fitness=-446414228.578532994
3031.16 secs, 345106 evals, 345033 steps, improv/step: 0.062 (last = 0.0371), fitness=-446414228.956242919
3061.16 secs, 347902 evals, 347829 steps, improv/step: 0.061 (last = 0.0386), fitness=-446414229.545263171
3091.17 secs, 350548 evals, 350476 steps, improv/step: 0.061 (last = 0.0336), fitness=-446414229.841457427
3121.25 secs, 353253 evals, 353181 steps, improv/step: 0.061 (last = 0.0381), fitness=-446414230.758672476
3151.25 secs, 355973 evals, 355901 steps, improv/step: 0.061 (last = 0.0408), fitness=-446414231.150145531
3181.25 secs, 358708 evals, 358636 steps, improv/step: 0.061 (last = 0.0322), fitness=-446414231.810926676
3211.26 secs, 361401 evals, 361329 steps, improv/step: 0.061 (last = 0.0442), fitness=-446414232.395060778
3241.26 secs, 364077 evals, 364005 steps, improv/step: 0.061 (last = 0.0553), fitness=-446414232.864937007
3271.26 secs, 366883 evals, 366811 steps, improv/step: 0.060 (last = 0.0453), fitness=-446414233.364751935
3301.31 secs, 369598 evals, 369526 steps, improv/step: 0.060 (last = 0.0464), fitness=-446414233.950466514
3331.40 secs, 372426 evals, 372354 steps, improv/step: 0.060 (last = 0.0446), fitness=-446414234.560489893
3361.40 secs, 375219 evals, 375147 steps, improv/step: 0.060 (last = 0.0440), fitness=-446414234.811853290
3391.41 secs, 377862 evals, 377790 steps, improv/step: 0.060 (last = 0.0545), fitness=-446414235.517726362
3421.41 secs, 380569 evals, 380498 steps, improv/step: 0.060 (last = 0.0439), fitness=-446414236.146463692
3451.43 secs, 383371 evals, 383300 steps, improv/step: 0.060 (last = 0.0450), fitness=-446414236.481707394
3481.44 secs, 386075 evals, 386004 steps, improv/step: 0.060 (last = 0.0503), fitness=-446414236.844800293
3511.45 secs, 388799 evals, 388728 steps, improv/step: 0.060 (last = 0.0609), fitness=-446414237.181172431
3541.53 secs, 391518 evals, 391447 steps, improv/step: 0.060 (last = 0.0636), fitness=-446414237.516987741
3571.54 secs, 394191 evals, 394121 steps, improv/step: 0.060 (last = 0.0654), fitness=-446414237.661045074
3601.54 secs, 396932 evals, 396862 steps, improv/step: 0.060 (last = 0.0788), fitness=-446414238.084753573
3631.55 secs, 399750 evals, 399680 steps, improv/step: 0.060 (last = 0.0688), fitness=-446414238.333785176
3661.55 secs, 402382 evals, 402312 steps, improv/step: 0.060 (last = 0.0486), fitness=-446414238.449743867
3691.55 secs, 405120 evals, 405050 steps, improv/step: 0.060 (last = 0.0672), fitness=-446414239.051893830
3721.55 secs, 407741 evals, 407672 steps, improv/step: 0.060 (last = 0.0694), fitness=-446414239.408402085
3751.88 secs, 410454 evals, 410386 steps, improv/step: 0.060 (last = 0.0660), fitness=-446414239.875517368
3781.88 secs, 413181 evals, 413113 steps, improv/step: 0.060 (last = 0.0565), fitness=-446414240.264367938
3811.88 secs, 415771 evals, 415703 steps, improv/step: 0.060 (last = 0.0606), fitness=-446414240.841378570
3841.88 secs, 418489 evals, 418424 steps, improv/step: 0.060 (last = 0.0573), fitness=-446414241.065984011
3871.96 secs, 421127 evals, 421063 steps, improv/step: 0.060 (last = 0.0440), fitness=-446414241.305624247
3902.11 secs, 423790 evals, 423726 steps, improv/step: 0.060 (last = 0.0661), fitness=-446414241.544225574
3932.25 secs, 426467 evals, 426403 steps, improv/step: 0.060 (last = 0.0572), fitness=-446414241.738493681
3962.26 secs, 429191 evals, 429127 steps, improv/step: 0.060 (last = 0.0731), fitness=-446414242.167078733
3992.28 secs, 431731 evals, 431667 steps, improv/step: 0.060 (last = 0.0693), fitness=-446414242.486964166
4022.28 secs, 434343 evals, 434279 steps, improv/step: 0.060 (last = 0.0639), fitness=-446414242.627116501
4052.28 secs, 437174 evals, 437110 steps, improv/step: 0.060 (last = 0.0544), fitness=-446414242.754585266
4082.28 secs, 439873 evals, 439810 steps, improv/step: 0.060 (last = 0.0637), fitness=-446414243.000666857
4112.29 secs, 442551 evals, 442488 steps, improv/step: 0.060 (last = 0.0444), fitness=-446414243.181081295
4142.29 secs, 445300 evals, 445238 steps, improv/step: 0.060 (last = 0.0513), fitness=-446414243.476746440
4172.36 secs, 448046 evals, 447984 steps, improv/step: 0.060 (last = 0.0517), fitness=-446414243.822514296
4202.36 secs, 450753 evals, 450691 steps, improv/step: 0.060 (last = 0.0502), fitness=-446414243.852211833
4232.37 secs, 453593 evals, 453531 steps, improv/step: 0.060 (last = 0.0581), fitness=-446414244.042208791
4262.38 secs, 456218 evals, 456156 steps, improv/step: 0.060 (last = 0.0484), fitness=-446414244.105520546
4292.38 secs, 458995 evals, 458934 steps, improv/step: 0.060 (last = 0.0428), fitness=-446414244.164292932
4322.38 secs, 461727 evals, 461667 steps, improv/step: 0.060 (last = 0.0567), fitness=-446414244.254235148
4352.38 secs, 464443 evals, 464383 steps, improv/step: 0.060 (last = 0.0582), fitness=-446414244.301245630
4382.40 secs, 467215 evals, 467155 steps, improv/step: 0.060 (last = 0.0501), fitness=-446414244.406311750
4412.60 secs, 469990 evals, 469930 steps, improv/step: 0.060 (last = 0.0472), fitness=-446414244.489264131
4442.61 secs, 472794 evals, 472734 steps, improv/step: 0.059 (last = 0.0428), fitness=-446414244.551393807
4472.61 secs, 475422 evals, 475362 steps, improv/step: 0.059 (last = 0.0498), fitness=-446414244.623695433
4502.61 secs, 478108 evals, 478048 steps, improv/step: 0.059 (last = 0.0488), fitness=-446414244.661236942
4532.62 secs, 480818 evals, 480758 steps, improv/step: 0.059 (last = 0.0480), fitness=-446414244.734260082
4562.62 secs, 483476 evals, 483416 steps, improv/step: 0.059 (last = 0.0350), fitness=-446414244.811206698
4592.70 secs, 486096 evals, 486038 steps, improv/step: 0.059 (last = 0.0374), fitness=-446414244.811206698
4622.70 secs, 488777 evals, 488719 steps, improv/step: 0.059 (last = 0.0366), fitness=-446414244.845576346
4652.71 secs, 491560 evals, 491502 steps, improv/step: 0.059 (last = 0.0381), fitness=-446414244.858780622
4682.71 secs, 494197 evals, 494139 steps, improv/step: 0.059 (last = 0.0447), fitness=-446414244.863184750
4712.72 secs, 496848 evals, 496790 steps, improv/step: 0.059 (last = 0.0404), fitness=-446414244.869262159
4742.73 secs, 499551 evals, 499493 steps, improv/step: 0.059 (last = 0.0470), fitness=-446414244.880212426
4772.73 secs, 502198 evals, 502140 steps, improv/step: 0.058 (last = 0.0419), fitness=-446414244.892496884
4802.73 secs, 504823 evals, 504765 steps, improv/step: 0.058 (last = 0.0377), fitness=-446414244.906548202
4832.74 secs, 507523 evals, 507465 steps, improv/step: 0.058 (last = 0.0337), fitness=-446414244.912535131
4862.74 secs, 510293 evals, 510235 steps, improv/step: 0.058 (last = 0.0408), fitness=-446414244.920623958
4892.74 secs, 513010 evals, 512953 steps, improv/step: 0.058 (last = 0.0486), fitness=-446414244.934169292
4922.75 secs, 515562 evals, 515505 steps, improv/step: 0.058 (last = 0.0478), fitness=-446414244.934780836
4952.75 secs, 518274 evals, 518218 steps, improv/step: 0.058 (last = 0.0405), fitness=-446414244.941262245
4982.76 secs, 520945 evals, 520889 steps, improv/step: 0.058 (last = 0.0359), fitness=-446414244.945101202
5012.76 secs, 523619 evals, 523563 steps, improv/step: 0.058 (last = 0.0329), fitness=-446414244.948372960
5042.77 secs, 526326 evals, 526270 steps, improv/step: 0.058 (last = 0.0525), fitness=-446414244.956562698
5072.93 secs, 529021 evals, 528966 steps, improv/step: 0.058 (last = 0.0516), fitness=-446414244.967799544
5102.94 secs, 531769 evals, 531714 steps, improv/step: 0.057 (last = 0.0353), fitness=-446414244.974298775
5132.94 secs, 534325 evals, 534270 steps, improv/step: 0.057 (last = 0.0454), fitness=-446414244.980506957
5162.95 secs, 536931 evals, 536876 steps, improv/step: 0.057 (last = 0.0468), fitness=-446414244.996200323
5192.95 secs, 539547 evals, 539493 steps, improv/step: 0.057 (last = 0.0501), fitness=-446414245.004939139
5222.96 secs, 542263 evals, 542209 steps, improv/step: 0.057 (last = 0.0560), fitness=-446414245.015201211
5252.96 secs, 544940 evals, 544886 steps, improv/step: 0.057 (last = 0.0497), fitness=-446414245.027406394
5282.96 secs, 547600 evals, 547546 steps, improv/step: 0.057 (last = 0.0504), fitness=-446414245.054886103
5312.97 secs, 550303 evals, 550249 steps, improv/step: 0.057 (last = 0.0518), fitness=-446414245.062090158
5342.98 secs, 552930 evals, 552876 steps, improv/step: 0.057 (last = 0.0617), fitness=-446414245.081022859
5372.98 secs, 555599 evals, 555545 steps, improv/step: 0.057 (last = 0.0656), fitness=-446414245.103636682
5402.99 secs, 558130 evals, 558076 steps, improv/step: 0.057 (last = 0.0778), fitness=-446414245.125976443
5433.02 secs, 560673 evals, 560619 steps, improv/step: 0.057 (last = 0.0688), fitness=-446414245.152509987
5463.41 secs, 563249 evals, 563197 steps, improv/step: 0.057 (last = 0.0531), fitness=-446414245.169908226
5493.41 secs, 565964 evals, 565912 steps, improv/step: 0.057 (last = 0.0379), fitness=-446414245.190127134
5523.41 secs, 568648 evals, 568596 steps, improv/step: 0.057 (last = 0.0306), fitness=-446414245.200531125
5553.42 secs, 571300 evals, 571249 steps, improv/step: 0.057 (last = 0.0403), fitness=-446414245.215359151
5583.42 secs, 574164 evals, 574113 steps, improv/step: 0.057 (last = 0.0370), fitness=-446414245.231066883
5613.43 secs, 576772 evals, 576722 steps, improv/step: 0.057 (last = 0.0349), fitness=-446414245.235263228
5643.57 secs, 579521 evals, 579472 steps, improv/step: 0.057 (last = 0.0291), fitness=-446414245.242128313
5673.57 secs, 582149 evals, 582100 steps, improv/step: 0.057 (last = 0.0240), fitness=-446414245.243358731
5703.58 secs, 584861 evals, 584813 steps, improv/step: 0.057 (last = 0.0284), fitness=-446414245.252905726
5733.58 secs, 587496 evals, 587448 steps, improv/step: 0.056 (last = 0.0383), fitness=-446414245.254044175
5763.58 secs, 590095 evals, 590047 steps, improv/step: 0.056 (last = 0.0296), fitness=-446414245.257149279
5793.58 secs, 592814 evals, 592766 steps, improv/step: 0.056 (last = 0.0287), fitness=-446414245.260889173
5823.59 secs, 595506 evals, 595458 steps, improv/step: 0.056 (last = 0.0316), fitness=-446414245.266233027
5853.60 secs, 598262 evals, 598214 steps, improv/step: 0.056 (last = 0.0425), fitness=-446414245.266856551
5883.61 secs, 600979 evals, 600931 steps, improv/step: 0.056 (last = 0.0269), fitness=-446414245.269513607
5913.61 secs, 603702 evals, 603654 steps, improv/step: 0.056 (last = 0.0283), fitness=-446414245.270406067
5943.61 secs, 606369 evals, 606322 steps, improv/step: 0.056 (last = 0.0296), fitness=-446414245.271892071
5973.62 secs, 609031 evals, 608985 steps, improv/step: 0.056 (last = 0.0263), fitness=-446414245.272583067
6003.80 secs, 611559 evals, 611513 steps, improv/step: 0.055 (last = 0.0328), fitness=-446414245.274380326
6033.80 secs, 614270 evals, 614224 steps, improv/step: 0.055 (last = 0.0251), fitness=-446414245.276165247
6063.87 secs, 616901 evals, 616855 steps, improv/step: 0.055 (last = 0.0232), fitness=-446414245.276956201
6093.87 secs, 619496 evals, 619451 steps, improv/step: 0.055 (last = 0.0331), fitness=-446414245.280070186
6123.87 secs, 622212 evals, 622170 steps, improv/step: 0.055 (last = 0.0276), fitness=-446414245.280854464
6153.88 secs, 624962 evals, 624920 steps, improv/step: 0.055 (last = 0.0295), fitness=-446414245.281568170
6183.89 secs, 627675 evals, 627633 steps, improv/step: 0.055 (last = 0.0276), fitness=-446414245.282433271
6213.89 secs, 630379 evals, 630338 steps, improv/step: 0.055 (last = 0.0255), fitness=-446414245.283455312
6243.89 secs, 633046 evals, 633005 steps, improv/step: 0.054 (last = 0.0251), fitness=-446414245.284378529
6273.89 secs, 635677 evals, 635636 steps, improv/step: 0.054 (last = 0.0163), fitness=-446414245.285930455
6303.90 secs, 638313 evals, 638272 steps, improv/step: 0.054 (last = 0.0201), fitness=-446414245.287232995
6333.91 secs, 640972 evals, 640931 steps, improv/step: 0.054 (last = 0.0184), fitness=-446414245.290122688
6363.91 secs, 643552 evals, 643511 steps, improv/step: 0.054 (last = 0.0190), fitness=-446414245.290122688
6394.25 secs, 646215 evals, 646175 steps, improv/step: 0.054 (last = 0.0206), fitness=-446414245.291860819
6424.25 secs, 648808 evals, 648771 steps, improv/step: 0.054 (last = 0.0243), fitness=-446414245.291966379
6454.25 secs, 651434 evals, 651397 steps, improv/step: 0.053 (last = 0.0228), fitness=-446414245.293625057
6484.25 secs, 654010 evals, 653973 steps, improv/step: 0.053 (last = 0.0264), fitness=-446414245.294189692
6514.27 secs, 656597 evals, 656560 steps, improv/step: 0.053 (last = 0.0216), fitness=-446414245.294995189
6544.27 secs, 659205 evals, 659168 steps, improv/step: 0.053 (last = 0.0203), fitness=-446414245.297181785
6574.28 secs, 661719 evals, 661682 steps, improv/step: 0.053 (last = 0.0207), fitness=-446414245.297515512
6604.28 secs, 664232 evals, 664196 steps, improv/step: 0.053 (last = 0.0147), fitness=-446414245.297999561
6634.29 secs, 666891 evals, 666856 steps, improv/step: 0.053 (last = 0.0211), fitness=-446414245.299989760
6664.29 secs, 669501 evals, 669467 steps, improv/step: 0.053 (last = 0.0245), fitness=-446414245.301061213
6694.29 secs, 672198 evals, 672164 steps, improv/step: 0.052 (last = 0.0237), fitness=-446414245.301995814
6724.30 secs, 674836 evals, 674802 steps, improv/step: 0.052 (last = 0.0292), fitness=-446414245.303344965
6754.31 secs, 677536 evals, 677503 steps, improv/step: 0.052 (last = 0.0292), fitness=-446414245.304871380
6784.42 secs, 680209 evals, 680177 steps, improv/step: 0.052 (last = 0.0280), fitness=-446414245.305065930
6814.43 secs, 682970 evals, 682938 steps, improv/step: 0.052 (last = 0.0210), fitness=-446414245.306102216
6844.44 secs, 685593 evals, 685561 steps, improv/step: 0.052 (last = 0.0244), fitness=-446414245.307573140
6874.44 secs, 688114 evals, 688082 steps, improv/step: 0.052 (last = 0.0250), fitness=-446414245.307823062
6904.44 secs, 690570 evals, 690538 steps, improv/step: 0.052 (last = 0.0265), fitness=-446414245.308669806
6934.45 secs, 693219 evals, 693188 steps, improv/step: 0.052 (last = 0.0200), fitness=-446414245.308736205
6964.45 secs, 695784 evals, 695753 steps, improv/step: 0.052 (last = 0.0164), fitness=-446414245.308967113
6994.46 secs, 698378 evals, 698347 steps, improv/step: 0.051 (last = 0.0220), fitness=-446414245.309114099
7024.46 secs, 700974 evals, 700944 steps, improv/step: 0.051 (last = 0.0243), fitness=-446414245.309928238
7054.47 secs, 703445 evals, 703415 steps, improv/step: 0.051 (last = 0.0271), fitness=-446414245.309928238
7084.47 secs, 705935 evals, 705906 steps, improv/step: 0.051 (last = 0.0213), fitness=-446414245.310134768
7114.48 secs, 708431 evals, 708403 steps, improv/step: 0.051 (last = 0.0276), fitness=-446414245.310324311
7144.48 secs, 711091 evals, 711063 steps, improv/step: 0.051 (last = 0.0256), fitness=-446414245.310324311
7174.48 secs, 713836 evals, 713809 steps, improv/step: 0.051 (last = 0.0259), fitness=-446414245.310644686
7204.49 secs, 716534 evals, 716507 steps, improv/step: 0.051 (last = 0.0259), fitness=-446414245.310879827
7234.49 secs, 719139 evals, 719113 steps, improv/step: 0.051 (last = 0.0242), fitness=-446414245.310955167
7264.50 secs, 721688 evals, 721663 steps, improv/step: 0.051 (last = 0.0278), fitness=-446414245.311113000
7294.50 secs, 724347 evals, 724322 steps, improv/step: 0.051 (last = 0.0278), fitness=-446414245.311250150
7324.77 secs, 727015 evals, 726990 steps, improv/step: 0.050 (last = 0.0240), fitness=-446414245.311392903
7354.77 secs, 729841 evals, 729816 steps, improv/step: 0.050 (last = 0.0315), fitness=-446414245.311438382
7384.94 secs, 732467 evals, 732443 steps, improv/step: 0.050 (last = 0.0301), fitness=-446414245.311575890
7414.94 secs, 734959 evals, 734936 steps, improv/step: 0.050 (last = 0.0293), fitness=-446414245.311743796
7444.95 secs, 737639 evals, 737616 steps, improv/step: 0.050 (last = 0.0201), fitness=-446414245.311743796
7474.96 secs, 740211 evals, 740189 steps, improv/step: 0.050 (last = 0.0350), fitness=-446414245.311906695
7504.97 secs, 742945 evals, 742923 steps, improv/step: 0.050 (last = 0.0293), fitness=-446414245.312110603
7534.97 secs, 745645 evals, 745624 steps, improv/step: 0.050 (last = 0.0281), fitness=-446414245.312235534
7564.98 secs, 748304 evals, 748283 steps, improv/step: 0.050 (last = 0.0312), fitness=-446414245.312371373
7594.98 secs, 750924 evals, 750904 steps, improv/step: 0.050 (last = 0.0431), fitness=-446414245.312399805
7625.05 secs, 753617 evals, 753599 steps, improv/step: 0.050 (last = 0.0393), fitness=-446414245.312433362
7655.05 secs, 756271 evals, 756253 steps, improv/step: 0.050 (last = 0.0362), fitness=-446414245.312503874
7685.05 secs, 758969 evals, 758951 steps, improv/step: 0.050 (last = 0.0345), fitness=-446414245.312566102
7715.06 secs, 761692 evals, 761676 steps, improv/step: 0.050 (last = 0.0246), fitness=-446414245.312635899
7745.10 secs, 764391 evals, 764376 steps, improv/step: 0.049 (last = 0.0259), fitness=-446414245.312675178
7775.11 secs, 767033 evals, 767018 steps, improv/step: 0.049 (last = 0.0197), fitness=-446414245.312729120
7805.11 secs, 769656 evals, 769641 steps, improv/step: 0.049 (last = 0.0183), fitness=-446414245.312731624
7835.12 secs, 772359 evals, 772344 steps, improv/step: 0.049 (last = 0.0270), fitness=-446414245.312779605
7865.13 secs, 775090 evals, 775075 steps, improv/step: 0.049 (last = 0.0322), fitness=-446414245.312790513
7895.13 secs, 777760 evals, 777746 steps, improv/step: 0.049 (last = 0.0348), fitness=-446414245.312837899
7925.13 secs, 780516 evals, 780502 steps, improv/step: 0.049 (last = 0.0305), fitness=-446414245.312884986
7955.14 secs, 783333 evals, 783319 steps, improv/step: 0.049 (last = 0.0337), fitness=-446414245.312909424
7985.15 secs, 786193 evals, 786180 steps, improv/step: 0.049 (last = 0.0311), fitness=-446414245.312946498
8015.15 secs, 788882 evals, 788869 steps, improv/step: 0.049 (last = 0.0290), fitness=-446414245.312998950
8045.16 secs, 791600 evals, 791587 steps, improv/step: 0.049 (last = 0.0276), fitness=-446414245.313050985
8075.18 secs, 794188 evals, 794176 steps, improv/step: 0.049 (last = 0.0259), fitness=-446414245.313099861
8105.18 secs, 796787 evals, 796776 steps, improv/step: 0.049 (last = 0.0269), fitness=-446414245.313172340
8135.19 secs, 799281 evals, 799270 steps, improv/step: 0.049 (last = 0.0397), fitness=-446414245.313179493
8165.62 secs, 801831 evals, 801820 steps, improv/step: 0.049 (last = 0.0380), fitness=-446414245.313209176
8195.62 secs, 804335 evals, 804325 steps, improv/step: 0.049 (last = 0.0347), fitness=-446414245.313279569
8225.63 secs, 806815 evals, 806805 steps, improv/step: 0.048 (last = 0.0331), fitness=-446414245.313305795
8255.63 secs, 809348 evals, 809340 steps, improv/step: 0.048 (last = 0.0308), fitness=-446414245.313341737
8285.64 secs, 811924 evals, 811916 steps, improv/step: 0.048 (last = 0.0295), fitness=-446414245.313356817
8315.64 secs, 814441 evals, 814433 steps, improv/step: 0.048 (last = 0.0254), fitness=-446414245.313382089
8345.65 secs, 817045 evals, 817037 steps, improv/step: 0.048 (last = 0.0242), fitness=-446414245.313394010
8375.65 secs, 819731 evals, 819723 steps, improv/step: 0.048 (last = 0.0257), fitness=-446414245.313446939
8405.65 secs, 822356 evals, 822348 steps, improv/step: 0.048 (last = 0.0251), fitness=-446414245.313472092
8435.66 secs, 825001 evals, 824993 steps, improv/step: 0.048 (last = 0.0250), fitness=-446414245.313490689
8465.66 secs, 827531 evals, 827523 steps, improv/step: 0.048 (last = 0.0249), fitness=-446414245.313503504
8495.67 secs, 830233 evals, 830225 steps, improv/step: 0.048 (last = 0.0333), fitness=-446414245.313518107
8525.67 secs, 832803 evals, 832795 steps, improv/step: 0.048 (last = 0.0300), fitness=-446414245.313530385
8555.68 secs, 835413 evals, 835406 steps, improv/step: 0.048 (last = 0.0540), fitness=-446414245.313556314
8585.68 secs, 837916 evals, 837909 steps, improv/step: 0.048 (last = 0.0340), fitness=-446414245.313568532
8615.68 secs, 840508 evals, 840502 steps, improv/step: 0.048 (last = 0.0390), fitness=-446414245.313584268
8645.69 secs, 843036 evals, 843031 steps, improv/step: 0.048 (last = 0.0372), fitness=-446414245.313601613
8675.70 secs, 845722 evals, 845718 steps, improv/step: 0.048 (last = 0.0294), fitness=-446414245.313606024
8705.70 secs, 848399 evals, 848396 steps, improv/step: 0.048 (last = 0.0265), fitness=-446414245.313615203
8735.71 secs, 851058 evals, 851055 steps, improv/step: 0.048 (last = 0.0301), fitness=-446414245.313615203
8765.71 secs, 853683 evals, 853680 steps, improv/step: 0.048 (last = 0.0335), fitness=-446414245.313626647
8795.71 secs, 856409 evals, 856406 steps, improv/step: 0.047 (last = 0.0382), fitness=-446414245.313629866
8825.71 secs, 859067 evals, 859064 steps, improv/step: 0.047 (last = 0.0282), fitness=-446414245.313630819
8855.72 secs, 861676 evals, 861674 steps, improv/step: 0.047 (last = 0.0502), fitness=-446414245.313636303
8885.73 secs, 864349 evals, 864347 steps, improv/step: 0.047 (last = 0.0471), fitness=-446414245.313641548
8915.73 secs, 867010 evals, 867008 steps, improv/step: 0.047 (last = 0.0458), fitness=-446414245.313645899
8945.74 secs, 869638 evals, 869637 steps, improv/step: 0.047 (last = 0.0411), fitness=-446414245.313649833
8975.74 secs, 872256 evals, 872255 steps, improv/step: 0.047 (last = 0.0489), fitness=-446414245.313657403
9005.74 secs, 874888 evals, 874887 steps, improv/step: 0.047 (last = 0.0448), fitness=-446414245.313661098
9036.15 secs, 877522 evals, 877521 steps, improv/step: 0.047 (last = 0.0414), fitness=-446414245.313666403
9066.28 secs, 880151 evals, 880150 steps, improv/step: 0.047 (last = 0.0384), fitness=-446414245.313666701
9096.28 secs, 882848 evals, 882847 steps, improv/step: 0.047 (last = 0.0512), fitness=-446414245.313667715
9126.28 secs, 885457 evals, 885456 steps, improv/step: 0.047 (last = 0.0594), fitness=-446414245.313669086
9156.81 secs, 888079 evals, 888079 steps, improv/step: 0.047 (last = 0.0740), fitness=-446414245.313672185
9186.82 secs, 890687 evals, 890687 steps, improv/step: 0.048 (last = 0.0775), fitness=-446414245.313674867
9216.82 secs, 893272 evals, 893272 steps, improv/step: 0.048 (last = 0.0778), fitness=-446414245.313676655
9246.83 secs, 895902 evals, 895902 steps, improv/step: 0.048 (last = 0.0673), fitness=-446414245.313678682
9276.83 secs, 898419 evals, 898421 steps, improv/step: 0.048 (last = 0.0655), fitness=-446414245.313679874
9306.84 secs, 900977 evals, 900979 steps, improv/step: 0.048 (last = 0.0653), fitness=-446414245.313683152
9336.84 secs, 903583 evals, 903585 steps, improv/step: 0.048 (last = 0.0649), fitness=-446414245.313686371
9366.85 secs, 906133 evals, 906135 steps, improv/step: 0.048 (last = 0.0753), fitness=-446414245.313692987
9397.08 secs, 908634 evals, 908636 steps, improv/step: 0.048 (last = 0.0740), fitness=-446414245.313698411
9427.08 secs, 911163 evals, 911165 steps, improv/step: 0.048 (last = 0.0534), fitness=-446414245.313700616
9457.33 secs, 913763 evals, 913765 steps, improv/step: 0.048 (last = 0.0600), fitness=-446414245.313703358
9487.81 secs, 916490 evals, 916492 steps, improv/step: 0.048 (last = 0.0546), fitness=-446414245.313708365
9517.82 secs, 919152 evals, 919155 steps, improv/step: 0.048 (last = 0.0575), fitness=-446414245.313710630
9547.82 secs, 921833 evals, 921837 steps, improv/step: 0.048 (last = 0.0589), fitness=-446414245.313712835
9577.83 secs, 924535 evals, 924539 steps, improv/step: 0.048 (last = 0.0566), fitness=-446414245.313720107
9607.83 secs, 927214 evals, 927218 steps, improv/step: 0.048 (last = 0.0478), fitness=-446414245.313726127
9637.84 secs, 929753 evals, 929757 steps, improv/step: 0.048 (last = 0.0445), fitness=-446414245.313730597
9668.05 secs, 932382 evals, 932386 steps, improv/step: 0.048 (last = 0.0407), fitness=-446414245.313738167
9698.05 secs, 934926 evals, 934930 steps, improv/step: 0.048 (last = 0.0381), fitness=-446414245.313740909
9728.05 secs, 937546 evals, 937551 steps, improv/step: 0.048 (last = 0.0275), fitness=-446414245.313744307
9758.06 secs, 940156 evals, 940161 steps, improv/step: 0.048 (last = 0.0341), fitness=-446414245.313747287
9788.06 secs, 942813 evals, 942819 steps, improv/step: 0.048 (last = 0.0346), fitness=-446414245.313749135
9818.06 secs, 945346 evals, 945353 steps, improv/step: 0.048 (last = 0.0335), fitness=-446414245.313749492
9848.07 secs, 947837 evals, 947844 steps, improv/step: 0.048 (last = 0.0229), fitness=-446414245.313750386
9878.08 secs, 950255 evals, 950262 steps, improv/step: 0.048 (last = 0.0252), fitness=-446414245.313750744
9908.09 secs, 952756 evals, 952763 steps, improv/step: 0.048 (last = 0.0272), fitness=-446414245.313751400
9938.10 secs, 955324 evals, 955331 steps, improv/step: 0.048 (last = 0.0331), fitness=-446414245.313751876
9968.12 secs, 957967 evals, 957974 steps, improv/step: 0.048 (last = 0.0310), fitness=-446414245.313752711
9998.49 secs, 960477 evals, 960484 steps, improv/step: 0.048 (last = 0.0251), fitness=-446414245.313752890
10028.49 secs, 962987 evals, 962994 steps, improv/step: 0.048 (last = 0.0243), fitness=-446414245.313753068
10058.70 secs, 965550 evals, 965558 steps, improv/step: 0.047 (last = 0.0281), fitness=-446414245.313753724
10088.80 secs, 968096 evals, 968105 steps, improv/step: 0.047 (last = 0.0161), fitness=-446414245.313753724
10118.96 secs, 970648 evals, 970658 steps, improv/step: 0.047 (last = 0.0204), fitness=-446414245.313754022
10149.13 secs, 973205 evals, 973215 steps, improv/step: 0.047 (last = 0.0274), fitness=-446414245.313754618
10179.34 secs, 975769 evals, 975779 steps, improv/step: 0.047 (last = 0.0285), fitness=-446414245.313754618
10209.34 secs, 978456 evals, 978466 steps, improv/step: 0.047 (last = 0.0275), fitness=-446414245.313754737
10239.34 secs, 981012 evals, 981022 steps, improv/step: 0.047 (last = 0.0278), fitness=-446414245.313754916
10269.34 secs, 983511 evals, 983522 steps, improv/step: 0.047 (last = 0.0288), fitness=-446414245.313755214
10299.35 secs, 986120 evals, 986131 steps, improv/step: 0.047 (last = 0.0192), fitness=-446414245.313755453
10329.35 secs, 988651 evals, 988662 steps, improv/step: 0.047 (last = 0.0190), fitness=-446414245.313755929
10359.35 secs, 991064 evals, 991075 steps, improv/step: 0.047 (last = 0.0294), fitness=-446414245.313756227
10389.36 secs, 993667 evals, 993678 steps, improv/step: 0.047 (last = 0.0257), fitness=-446414245.313756347
10419.36 secs, 996284 evals, 996295 steps, improv/step: 0.047 (last = 0.0344), fitness=-446414245.313756466
10449.36 secs, 998855 evals, 998866 steps, improv/step: 0.047 (last = 0.0292), fitness=-446414245.313756824
10479.67 secs, 1001420 evals, 1001431 steps, improv/step: 0.047 (last = 0.0242), fitness=-446414245.313757241
10509.67 secs, 1003983 evals, 1003995 steps, improv/step: 0.047 (last = 0.0179), fitness=-446414245.313757479
10539.68 secs, 1006436 evals, 1006448 steps, improv/step: 0.047 (last = 0.0261), fitness=-446414245.313758135
10569.69 secs, 1008890 evals, 1008902 steps, improv/step: 0.047 (last = 0.0277), fitness=-446414245.313758552
10599.69 secs, 1011304 evals, 1011316 steps, improv/step: 0.046 (last = 0.0273), fitness=-446414245.313758910
10629.69 secs, 1013740 evals, 1013753 steps, improv/step: 0.046 (last = 0.0259), fitness=-446414245.313759029
10659.70 secs, 1016335 evals, 1016349 steps, improv/step: 0.046 (last = 0.0320), fitness=-446414245.313759446
10689.70 secs, 1018895 evals, 1018909 steps, improv/step: 0.046 (last = 0.0324), fitness=-446414245.313760340
10719.71 secs, 1021444 evals, 1021458 steps, improv/step: 0.046 (last = 0.0298), fitness=-446414245.313760638
10749.71 secs, 1023995 evals, 1024010 steps, improv/step: 0.046 (last = 0.0392), fitness=-446414245.313760936
10779.73 secs, 1026565 evals, 1026581 steps, improv/step: 0.046 (last = 0.0257), fitness=-446414245.313761353
10809.73 secs, 1029063 evals, 1029079 steps, improv/step: 0.046 (last = 0.0292), fitness=-446414245.313761711
10839.74 secs, 1031510 evals, 1031528 steps, improv/step: 0.046 (last = 0.0310), fitness=-446414245.313761830
10869.75 secs, 1034007 evals, 1034025 steps, improv/step: 0.046 (last = 0.0244), fitness=-446414245.313761890
10899.75 secs, 1036624 evals, 1036643 steps, improv/step: 0.046 (last = 0.0206), fitness=-446414245.313762069
10929.75 secs, 1039134 evals, 1039153 steps, improv/step: 0.046 (last = 0.0231), fitness=-446414245.313762069
10959.76 secs, 1041605 evals, 1041626 steps, improv/step: 0.046 (last = 0.0142), fitness=-446414245.313762069
10989.76 secs, 1044060 evals, 1044082 steps, improv/step: 0.046 (last = 0.0151), fitness=-446414245.313762188
11019.77 secs, 1046570 evals, 1046592 steps, improv/step: 0.046 (last = 0.0163), fitness=-446414245.313762188
11049.77 secs, 1049035 evals, 1049057 steps, improv/step: 0.046 (last = 0.0199), fitness=-446414245.313762248
11079.78 secs, 1051510 evals, 1051532 steps, improv/step: 0.046 (last = 0.0194), fitness=-446414245.313762367
11109.78 secs, 1054020 evals, 1054042 steps, improv/step: 0.046 (last = 0.0139), fitness=-446414245.313762367
11139.79 secs, 1056549 evals, 1056571 steps, improv/step: 0.046 (last = 0.0158), fitness=-446414245.313762367
11169.79 secs, 1059201 evals, 1059223 steps, improv/step: 0.045 (last = 0.0170), fitness=-446414245.313762367
11199.80 secs, 1061844 evals, 1061866 steps, improv/step: 0.045 (last = 0.0163), fitness=-446414245.313762426
11229.80 secs, 1064491 evals, 1064514 steps, improv/step: 0.045 (last = 0.0140), fitness=-446414245.313762426
11259.80 secs, 1067202 evals, 1067225 steps, improv/step: 0.045 (last = 0.0122), fitness=-446414245.313762486
11290.46 secs, 1069806 evals, 1069830 steps, improv/step: 0.045 (last = 0.0111), fitness=-446414245.313762486
11320.46 secs, 1072299 evals, 1072323 steps, improv/step: 0.045 (last = 0.0096), fitness=-446414245.313762486
11350.87 secs, 1075049 evals, 1075073 steps, improv/step: 0.045 (last = 0.0109), fitness=-446414245.313762605
11380.88 secs, 1077853 evals, 1077878 steps, improv/step: 0.045 (last = 0.0121), fitness=-446414245.313762605
11410.88 secs, 1080370 evals, 1080397 steps, improv/step: 0.045 (last = 0.0103), fitness=-446414245.313762605
11440.89 secs, 1082914 evals, 1082941 steps, improv/step: 0.045 (last = 0.0106), fitness=-446414245.313762605
11470.89 secs, 1085356 evals, 1085385 steps, improv/step: 0.045 (last = 0.0102), fitness=-446414245.313762665
11500.90 secs, 1087958 evals, 1087987 steps, improv/step: 0.045 (last = 0.0115), fitness=-446414245.313762665
11530.90 secs, 1090543 evals, 1090573 steps, improv/step: 0.044 (last = 0.0089), fitness=-446414245.313762665
11561.23 secs, 1093054 evals, 1093084 steps, improv/step: 0.044 (last = 0.0088), fitness=-446414245.313762665
11591.24 secs, 1095551 evals, 1095581 steps, improv/step: 0.044 (last = 0.0088), fitness=-446414245.313762844
11621.24 secs, 1098115 evals, 1098146 steps, improv/step: 0.044 (last = 0.0121), fitness=-446414245.313762844
11651.25 secs, 1100670 evals, 1100701 steps, improv/step: 0.044 (last = 0.0114), fitness=-446414245.313762963
11681.25 secs, 1103128 evals, 1103159 steps, improv/step: 0.044 (last = 0.0151), fitness=-446414245.313762963
11711.25 secs, 1105620 evals, 1105652 steps, improv/step: 0.044 (last = 0.0140), fitness=-446414245.313762963
11741.26 secs, 1108168 evals, 1108201 steps, improv/step: 0.044 (last = 0.0078), fitness=-446414245.313762963
11771.26 secs, 1110678 evals, 1110711 steps, improv/step: 0.044 (last = 0.0084), fitness=-446414245.313762963
11801.27 secs, 1113184 evals, 1113217 steps, improv/step: 0.044 (last = 0.0124), fitness=-446414245.313762963
11831.28 secs, 1115750 evals, 1115783 steps, improv/step: 0.044 (last = 0.0121), fitness=-446414245.313762963
11861.29 secs, 1118449 evals, 1118482 steps, improv/step: 0.044 (last = 0.0078), fitness=-446414245.313762963
11891.30 secs, 1121066 evals, 1121099 steps, improv/step: 0.044 (last = 0.0107), fitness=-446414245.313762963
11921.30 secs, 1123700 evals, 1123734 steps, improv/step: 0.043 (last = 0.0110), fitness=-446414245.313762963
11951.30 secs, 1126341 evals, 1126376 steps, improv/step: 0.043 (last = 0.0125), fitness=-446414245.313762963
11981.30 secs, 1128965 evals, 1129000 steps, improv/step: 0.043 (last = 0.0080), fitness=-446414245.313762963
12011.31 secs, 1131593 evals, 1131629 steps, improv/step: 0.043 (last = 0.0053), fitness=-446414245.313762963
12041.31 secs, 1134187 evals, 1134223 steps, improv/step: 0.043 (last = 0.0046), fitness=-446414245.313762963
12071.32 secs, 1136776 evals, 1136812 steps, improv/step: 0.043 (last = 0.0089), fitness=-446414245.313762963
12101.33 secs, 1139329 evals, 1139366 steps, improv/step: 0.043 (last = 0.0063), fitness=-446414245.313762963
12131.34 secs, 1141856 evals, 1141893 steps, improv/step: 0.043 (last = 0.0091), fitness=-446414245.313762963
12161.34 secs, 1144356 evals, 1144393 steps, improv/step: 0.043 (last = 0.0052), fitness=-446414245.313762963
12191.35 secs, 1146912 evals, 1146950 steps, improv/step: 0.043 (last = 0.0063), fitness=-446414245.313762963
12221.35 secs, 1149423 evals, 1149462 steps, improv/step: 0.043 (last = 0.0060), fitness=-446414245.313762963
12251.35 secs, 1151925 evals, 1151964 steps, improv/step: 0.043 (last = 0.0056), fitness=-446414245.313762963
12281.35 secs, 1154395 evals, 1154434 steps, improv/step: 0.043 (last = 0.0061), fitness=-446414245.313762963
12311.36 secs, 1156992 evals, 1157031 steps, improv/step: 0.042 (last = 0.0031), fitness=-446414245.313762963
12341.37 secs, 1159472 evals, 1159512 steps, improv/step: 0.042 (last = 0.0032), fitness=-446414245.313762963
12371.38 secs, 1162031 evals, 1162072 steps, improv/step: 0.042 (last = 0.0055), fitness=-446414245.313762963
12401.40 secs, 1164616 evals, 1164657 steps, improv/step: 0.042 (last = 0.0039), fitness=-446414245.313763022
12431.40 secs, 1167199 evals, 1167240 steps, improv/step: 0.042 (last = 0.0058), fitness=-446414245.313763022
12461.47 secs, 1169747 evals, 1169789 steps, improv/step: 0.042 (last = 0.0055), fitness=-446414245.313763022
12492.12 secs, 1172400 evals, 1172442 steps, improv/step: 0.042 (last = 0.0053), fitness=-446414245.313763022
12522.12 secs, 1174981 evals, 1175023 steps, improv/step: 0.042 (last = 0.0027), fitness=-446414245.313763022
12552.13 secs, 1177495 evals, 1177537 steps, improv/step: 0.042 (last = 0.0036), fitness=-446414245.313763022
12582.13 secs, 1180077 evals, 1180121 steps, improv/step: 0.042 (last = 0.0043), fitness=-446414245.313763082
12612.56 secs, 1182681 evals, 1182725 steps, improv/step: 0.042 (last = 0.0035), fitness=-446414245.313763082
12642.56 secs, 1185298 evals, 1185343 steps, improv/step: 0.042 (last = 0.0065), fitness=-446414245.313763082
12672.56 secs, 1187843 evals, 1187890 steps, improv/step: 0.041 (last = 0.0067), fitness=-446414245.313763082
12702.57 secs, 1190334 evals, 1190382 steps, improv/step: 0.041 (last = 0.0132), fitness=-446414245.313763082
12732.58 secs, 1192812 evals, 1192860 steps, improv/step: 0.041 (last = 0.0089), fitness=-446414245.313763082
12762.72 secs, 1195358 evals, 1195406 steps, improv/step: 0.041 (last = 0.0082), fitness=-446414245.313763082
12792.72 secs, 1197997 evals, 1198046 steps, improv/step: 0.041 (last = 0.0061), fitness=-446414245.313763082
12822.72 secs, 1200551 evals, 1200600 steps, improv/step: 0.041 (last = 0.0031), fitness=-446414245.313763142
12853.26 secs, 1203102 evals, 1203151 steps, improv/step: 0.041 (last = 0.0059), fitness=-446414245.313763142
12883.28 secs, 1205610 evals, 1205659 steps, improv/step: 0.041 (last = 0.0076), fitness=-446414245.313763142
12913.28 secs, 1208095 evals, 1208144 steps, improv/step: 0.041 (last = 0.0064), fitness=-446414245.313763142
12943.29 secs, 1210702 evals, 1210751 steps, improv/step: 0.041 (last = 0.0035), fitness=-446414245.313763142
12973.30 secs, 1213222 evals, 1213271 steps, improv/step: 0.041 (last = 0.0028), fitness=-446414245.313763142
13003.30 secs, 1215719 evals, 1215768 steps, improv/step: 0.041 (last = 0.0036), fitness=-446414245.313763142
13033.31 secs, 1218285 evals, 1218334 steps, improv/step: 0.041 (last = 0.0043), fitness=-446414245.313763142
13063.32 secs, 1220842 evals, 1220893 steps, improv/step: 0.040 (last = 0.0020), fitness=-446414245.313763142
13093.32 secs, 1223438 evals, 1223489 steps, improv/step: 0.040 (last = 0.0073), fitness=-446414245.313763142
13123.32 secs, 1225948 evals, 1225999 steps, improv/step: 0.040 (last = 0.0040), fitness=-446414245.313763142
13153.33 secs, 1228546 evals, 1228597 steps, improv/step: 0.040 (last = 0.0046), fitness=-446414245.313763142
13183.34 secs, 1230981 evals, 1231032 steps, improv/step: 0.040 (last = 0.0029), fitness=-446414245.313763142
13213.34 secs, 1233588 evals, 1233640 steps, improv/step: 0.040 (last = 0.0046), fitness=-446414245.313763142
13243.34 secs, 1236097 evals, 1236150 steps, improv/step: 0.040 (last = 0.0040), fitness=-446414245.313763142
13273.34 secs, 1238616 evals, 1238669 steps, improv/step: 0.040 (last = 0.0056), fitness=-446414245.313763142
13303.35 secs, 1241188 evals, 1241241 steps, improv/step: 0.040 (last = 0.0043), fitness=-446414245.313763142
13333.63 secs, 1243720 evals, 1243773 steps, improv/step: 0.040 (last = 0.0079), fitness=-446414245.313763142
13363.65 secs, 1246311 evals, 1246364 steps, improv/step: 0.040 (last = 0.0042), fitness=-446414245.313763142
13394.36 secs, 1248935 evals, 1248988 steps, improv/step: 0.040 (last = 0.0061), fitness=-446414245.313763142
13424.36 secs, 1251525 evals, 1251578 steps, improv/step: 0.040 (last = 0.0046), fitness=-446414245.313763142
13454.37 secs, 1254146 evals, 1254199 steps, improv/step: 0.040 (last = 0.0065), fitness=-446414245.313763142
13484.37 secs, 1256657 evals, 1256710 steps, improv/step: 0.039 (last = 0.0044), fitness=-446414245.313763142
13514.38 secs, 1259138 evals, 1259192 steps, improv/step: 0.039 (last = 0.0040), fitness=-446414245.313763142
13544.39 secs, 1261567 evals, 1261621 steps, improv/step: 0.039 (last = 0.0037), fitness=-446414245.313763142
13574.39 secs, 1264121 evals, 1264175 steps, improv/step: 0.039 (last = 0.0031), fitness=-446414245.313763142
13604.39 secs, 1266609 evals, 1266663 steps, improv/step: 0.039 (last = 0.0032), fitness=-446414245.313763142
13634.39 secs, 1269133 evals, 1269187 steps, improv/step: 0.039 (last = 0.0036), fitness=-446414245.313763142
13664.39 secs, 1271597 evals, 1271651 steps, improv/step: 0.039 (last = 0.0061), fitness=-446414245.313763142
13694.83 secs, 1274085 evals, 1274139 steps, improv/step: 0.039 (last = 0.0044), fitness=-446414245.313763142
13724.85 secs, 1276562 evals, 1276616 steps, improv/step: 0.039 (last = 0.0032), fitness=-446414245.313763142
13754.85 secs, 1279120 evals, 1279175 steps, improv/step: 0.039 (last = 0.0047), fitness=-446414245.313763142
13784.86 secs, 1281763 evals, 1281818 steps, improv/step: 0.039 (last = 0.0053), fitness=-446414245.313763201
13815.24 secs, 1284358 evals, 1284414 steps, improv/step: 0.039 (last = 0.0050), fitness=-446414245.313763201
13845.25 secs, 1286937 evals, 1286994 steps, improv/step: 0.039 (last = 0.0047), fitness=-446414245.313763201
13875.25 secs, 1289502 evals, 1289560 steps, improv/step: 0.039 (last = 0.0035), fitness=-446414245.313763201
13905.27 secs, 1292183 evals, 1292241 steps, improv/step: 0.038 (last = 0.0052), fitness=-446414245.313763201
13935.37 secs, 1294709 evals, 1294767 steps, improv/step: 0.038 (last = 0.0028), fitness=-446414245.313763201
13965.38 secs, 1297234 evals, 1297292 steps, improv/step: 0.038 (last = 0.0055), fitness=-446414245.313763261
13995.38 secs, 1299844 evals, 1299902 steps, improv/step: 0.038 (last = 0.0042), fitness=-446414245.313763261
14025.38 secs, 1302478 evals, 1302537 steps, improv/step: 0.038 (last = 0.0042), fitness=-446414245.313763261
14055.39 secs, 1305080 evals, 1305140 steps, improv/step: 0.038 (last = 0.0027), fitness=-446414245.313763261
14085.39 secs, 1307537 evals, 1307597 steps, improv/step: 0.038 (last = 0.0012), fitness=-446414245.313763261
14115.40 secs, 1310004 evals, 1310064 steps, improv/step: 0.038 (last = 0.0045), fitness=-446414245.313763261
14145.41 secs, 1312586 evals, 1312648 steps, improv/step: 0.038 (last = 0.0023), fitness=-446414245.313763261
14175.92 secs, 1315219 evals, 1315283 steps, improv/step: 0.038 (last = 0.0030), fitness=-446414245.313763261
14205.93 secs, 1317765 evals, 1317829 steps, improv/step: 0.038 (last = 0.0027), fitness=-446414245.313763261
14235.94 secs, 1320355 evals, 1320419 steps, improv/step: 0.038 (last = 0.0023), fitness=-446414245.313763261
14265.94 secs, 1322850 evals, 1322914 steps, improv/step: 0.038 (last = 0.0028), fitness=-446414245.313763261
14295.94 secs, 1325442 evals, 1325506 steps, improv/step: 0.038 (last = 0.0023), fitness=-446414245.313763261
14325.95 secs, 1328012 evals, 1328076 steps, improv/step: 0.038 (last = 0.0016), fitness=-446414245.313763261
14356.39 secs, 1330479 evals, 1330543 steps, improv/step: 0.037 (last = 0.0016), fitness=-446414245.313763261
14387.19 secs, 1333038 evals, 1333102 steps, improv/step: 0.037 (last = 0.0016), fitness=-446414245.313763261
14417.33 secs, 1335601 evals, 1335665 steps, improv/step: 0.037 (last = 0.0020), fitness=-446414245.313763261
14447.49 secs, 1338169 evals, 1338233 steps, improv/step: 0.037 (last = 0.0008), fitness=-446414245.313763261
14477.50 secs, 1340723 evals, 1340787 steps, improv/step: 0.037 (last = 0.0027), fitness=-446414245.313763261
14507.50 secs, 1343287 evals, 1343352 steps, improv/step: 0.037 (last = 0.0019), fitness=-446414245.313763261
14537.51 secs, 1345826 evals, 1345892 steps, improv/step: 0.037 (last = 0.0008), fitness=-446414245.313763261
14567.51 secs, 1348418 evals, 1348484 steps, improv/step: 0.037 (last = 0.0015), fitness=-446414245.313763261
14597.51 secs, 1350995 evals, 1351061 steps, improv/step: 0.037 (last = 0.0016), fitness=-446414245.313763261
14627.52 secs, 1353562 evals, 1353629 steps, improv/step: 0.037 (last = 0.0016), fitness=-446414245.313763261
14657.53 secs, 1356180 evals, 1356247 steps, improv/step: 0.037 (last = 0.0042), fitness=-446414245.313763261
14687.55 secs, 1358702 evals, 1358769 steps, improv/step: 0.037 (last = 0.0028), fitness=-446414245.313763261
14717.55 secs, 1361191 evals, 1361258 steps, improv/step: 0.037 (last = 0.0016), fitness=-446414245.313763261
14747.55 secs, 1363752 evals, 1363819 steps, improv/step: 0.037 (last = 0.0020), fitness=-446414245.313763261
14777.56 secs, 1366334 evals, 1366403 steps, improv/step: 0.037 (last = 0.0008), fitness=-446414245.313763261
14807.56 secs, 1369041 evals, 1369112 steps, improv/step: 0.036 (last = 0.0004), fitness=-446414245.313763261
14837.86 secs, 1371536 evals, 1371608 steps, improv/step: 0.036 (last = 0.0004), fitness=-446414245.313763261
14867.87 secs, 1374179 evals, 1374251 steps, improv/step: 0.036 (last = 0.0023), fitness=-446414245.313763261
14898.07 secs, 1376805 evals, 1376877 steps, improv/step: 0.036 (last = 0.0023), fitness=-446414245.313763261
14928.90 secs, 1379447 evals, 1379519 steps, improv/step: 0.036 (last = 0.0023), fitness=-446414245.313763261
14958.90 secs, 1382080 evals, 1382152 steps, improv/step: 0.036 (last = 0.0008), fitness=-446414245.313763261
14988.91 secs, 1384566 evals, 1384638 steps, improv/step: 0.036 (last = 0.0008), fitness=-446414245.313763261
15018.91 secs, 1387205 evals, 1387277 steps, improv/step: 0.036 (last = 0.0023), fitness=-446414245.313763261
15048.92 secs, 1389787 evals, 1389859 steps, improv/step: 0.036 (last = 0.0019), fitness=-446414245.313763261
15078.93 secs, 1392543 evals, 1392615 steps, improv/step: 0.036 (last = 0.0015), fitness=-446414245.313763261
15108.93 secs, 1395191 evals, 1395264 steps, improv/step: 0.036 (last = 0.0011), fitness=-446414245.313763261
15138.94 secs, 1397819 evals, 1397893 steps, improv/step: 0.036 (last = 0.0023), fitness=-446414245.313763261
15168.94 secs, 1400588 evals, 1400662 steps, improv/step: 0.036 (last = 0.0018), fitness=-446414245.313763261
15198.94 secs, 1403318 evals, 1403392 steps, improv/step: 0.036 (last = 0.0011), fitness=-446414245.313763261
15228.94 secs, 1406042 evals, 1406116 steps, improv/step: 0.036 (last = 0.0011), fitness=-446414245.313763261
15259.38 secs, 1408818 evals, 1408892 steps, improv/step: 0.035 (last = 0.0011), fitness=-446414245.313763261
15289.55 secs, 1411517 evals, 1411591 steps, improv/step: 0.035 (last = 0.0015), fitness=-446414245.313763261
15319.70 secs, 1414221 evals, 1414295 steps, improv/step: 0.035 (last = 0.0026), fitness=-446414245.313763261
15349.70 secs, 1417079 evals, 1417153 steps, improv/step: 0.035 (last = 0.0028), fitness=-446414245.313763261
15379.71 secs, 1419819 evals, 1419893 steps, improv/step: 0.035 (last = 0.0015), fitness=-446414245.313763261
15409.72 secs, 1422595 evals, 1422669 steps, improv/step: 0.035 (last = 0.0022), fitness=-446414245.313763261
15439.72 secs, 1425377 evals, 1425451 steps, improv/step: 0.035 (last = 0.0014), fitness=-446414245.313763261
15469.72 secs, 1428219 evals, 1428293 steps, improv/step: 0.035 (last = 0.0032), fitness=-446414245.313763261
15500.46 secs, 1431000 evals, 1431074 steps, improv/step: 0.035 (last = 0.0011), fitness=-446414245.313763261
15530.65 secs, 1433738 evals, 1433813 steps, improv/step: 0.035 (last = 0.0026), fitness=-446414245.313763261
15560.66 secs, 1436509 evals, 1436584 steps, improv/step: 0.035 (last = 0.0011), fitness=-446414245.313763261
15590.67 secs, 1439395 evals, 1439471 steps, improv/step: 0.035 (last = 0.0014), fitness=-446414245.313763261
15620.67 secs, 1442132 evals, 1442208 steps, improv/step: 0.035 (last = 0.0004), fitness=-446414245.313763261
15650.67 secs, 1444867 evals, 1444943 steps, improv/step: 0.035 (last = 0.0029), fitness=-446414245.313763261
15680.68 secs, 1447719 evals, 1447796 steps, improv/step: 0.035 (last = 0.0014), fitness=-446414245.313763261
15710.68 secs, 1450483 evals, 1450561 steps, improv/step: 0.035 (last = 0.0014), fitness=-446414245.313763261
15740.68 secs, 1453393 evals, 1453472 steps, improv/step: 0.034 (last = 0.0010), fitness=-446414245.313763261
15770.69 secs, 1456275 evals, 1456356 steps, improv/step: 0.034 (last = 0.0017), fitness=-446414245.313763261
15800.69 secs, 1459016 evals, 1459097 steps, improv/step: 0.034 (last = 0.0018), fitness=-446414245.313763261
15830.70 secs, 1461795 evals, 1461876 steps, improv/step: 0.034 (last = 0.0011), fitness=-446414245.313763261
15861.18 secs, 1464650 evals, 1464731 steps, improv/step: 0.034 (last = 0.0025), fitness=-446414245.313763261
15891.55 secs, 1467448 evals, 1467529 steps, improv/step: 0.034 (last = 0.0014), fitness=-446414245.313763261
15921.90 secs, 1470251 evals, 1470332 steps, improv/step: 0.034 (last = 0.0018), fitness=-446414245.313763261
15951.90 secs, 1473026 evals, 1473107 steps, improv/step: 0.034 (last = 0.0004), fitness=-446414245.313763261
15981.90 secs, 1475845 evals, 1475926 steps, improv/step: 0.034 (last = 0.0011), fitness=-446414245.313763261
16012.63 secs, 1478691 evals, 1478772 steps, improv/step: 0.034 (last = 0.0018), fitness=-446414245.313763261
16043.05 secs, 1481514 evals, 1481595 steps, improv/step: 0.034 (last = 0.0011), fitness=-446414245.313763261
16073.06 secs, 1484304 evals, 1484385 steps, improv/step: 0.034 (last = 0.0011), fitness=-446414245.313763261
16103.06 secs, 1486798 evals, 1486879 steps, improv/step: 0.034 (last = 0.0008), fitness=-446414245.313763261
16133.06 secs, 1489395 evals, 1489476 steps, improv/step: 0.034 (last = 0.0012), fitness=-446414245.313763261
16163.07 secs, 1491926 evals, 1492007 steps, improv/step: 0.034 (last = 0.0008), fitness=-446414245.313763261
16193.08 secs, 1494458 evals, 1494539 steps, improv/step: 0.034 (last = 0.0016), fitness=-446414245.313763261
16223.09 secs, 1496981 evals, 1497062 steps, improv/step: 0.033 (last = 0.0004), fitness=-446414245.313763261
16253.10 secs, 1499497 evals, 1499578 steps, improv/step: 0.033 (last = 0.0008), fitness=-446414245.313763261
16283.11 secs, 1501935 evals, 1502016 steps, improv/step: 0.033 (last = 0.0016), fitness=-446414245.313763261
16313.11 secs, 1504525 evals, 1504606 steps, improv/step: 0.033 (last = 0.0012), fitness=-446414245.313763261
16343.12 secs, 1507115 evals, 1507196 steps, improv/step: 0.033 (last = 0.0023), fitness=-446414245.313763261
16373.12 secs, 1509658 evals, 1509739 steps, improv/step: 0.033 (last = 0.0016), fitness=-446414245.313763261
16403.12 secs, 1512387 evals, 1512468 steps, improv/step: 0.033 (last = 0.0011), fitness=-446414245.313763261
16433.13 secs, 1514909 evals, 1514990 steps, improv/step: 0.033 (last = 0.0032), fitness=-446414245.313763261
16463.13 secs, 1517667 evals, 1517748 steps, improv/step: 0.033 (last = 0.0007), fitness=-446414245.313763261
16493.16 secs, 1520120 evals, 1520202 steps, improv/step: 0.033 (last = 0.0012), fitness=-446414245.313763261
16523.17 secs, 1522743 evals, 1522826 steps, improv/step: 0.033 (last = 0.0008), fitness=-446414245.313763261
16553.17 secs, 1525303 evals, 1525386 steps, improv/step: 0.033 (last = 0.0016), fitness=-446414245.313763261
16583.90 secs, 1527856 evals, 1527939 steps, improv/step: 0.033 (last = 0.0004), fitness=-446414245.313763261
16613.90 secs, 1530344 evals, 1530428 steps, improv/step: 0.033 (last = 0.0028), fitness=-446414245.313763261
16643.92 secs, 1532771 evals, 1532855 steps, improv/step: 0.033 (last = 0.0021), fitness=-446414245.313763261
16674.61 secs, 1535142 evals, 1535226 steps, improv/step: 0.033 (last = 0.0030), fitness=-446414245.313763261
16704.62 secs, 1537705 evals, 1537789 steps, improv/step: 0.033 (last = 0.0012), fitness=-446414245.313763261
16734.63 secs, 1540155 evals, 1540239 steps, improv/step: 0.033 (last = 0.0012), fitness=-446414245.313763261
16764.64 secs, 1542655 evals, 1542739 steps, improv/step: 0.033 (last = 0.0008), fitness=-446414245.313763261
16794.64 secs, 1545139 evals, 1545223 steps, improv/step: 0.032 (last = 0.0004), fitness=-446414245.313763261
16824.64 secs, 1547645 evals, 1547729 steps, improv/step: 0.032 (last = 0.0008), fitness=-446414245.313763261
16854.65 secs, 1550103 evals, 1550188 steps, improv/step: 0.032 (last = 0.0004), fitness=-446414245.313763261
16884.66 secs, 1552565 evals, 1552650 steps, improv/step: 0.032 (last = 0.0000), fitness=-446414245.313763261
16914.66 secs, 1555055 evals, 1555140 steps, improv/step: 0.032 (last = 0.0012), fitness=-446414245.313763261
16944.67 secs, 1557608 evals, 1557693 steps, improv/step: 0.032 (last = 0.0016), fitness=-446414245.313763261
16975.33 secs, 1560158 evals, 1560243 steps, improv/step: 0.032 (last = 0.0027), fitness=-446414245.313763261
17005.34 secs, 1562654 evals, 1562740 steps, improv/step: 0.032 (last = 0.0016), fitness=-446414245.313763261
17035.35 secs, 1565124 evals, 1565210 steps, improv/step: 0.032 (last = 0.0012), fitness=-446414245.313763261
17065.36 secs, 1567707 evals, 1567795 steps, improv/step: 0.032 (last = 0.0015), fitness=-446414245.313763261
17095.36 secs, 1570178 evals, 1570266 steps, improv/step: 0.032 (last = 0.0012), fitness=-446414245.313763261
17125.36 secs, 1572779 evals, 1572867 steps, improv/step: 0.032 (last = 0.0012), fitness=-446414245.313763261
17155.37 secs, 1575468 evals, 1575556 steps, improv/step: 0.032 (last = 0.0004), fitness=-446414245.313763261
17185.42 secs, 1578046 evals, 1578134 steps, improv/step: 0.032 (last = 0.0000), fitness=-446414245.313763261
17215.42 secs, 1580600 evals, 1580688 steps, improv/step: 0.032 (last = 0.0008), fitness=-446414245.313763261
17245.43 secs, 1583114 evals, 1583202 steps, improv/step: 0.032 (last = 0.0004), fitness=-446414245.313763261
17275.43 secs, 1585600 evals, 1585688 steps, improv/step: 0.032 (last = 0.0004), fitness=-446414245.313763261
17305.44 secs, 1588146 evals, 1588234 steps, improv/step: 0.032 (last = 0.0004), fitness=-446414245.313763261
17335.44 secs, 1590699 evals, 1590787 steps, improv/step: 0.032 (last = 0.0004), fitness=-446414245.313763261
17365.63 secs, 1593100 evals, 1593189 steps, improv/step: 0.032 (last = 0.0004), fitness=-446414245.313763261
17396.00 secs, 1595622 evals, 1595711 steps, improv/step: 0.031 (last = 0.0008), fitness=-446414245.313763261
17426.00 secs, 1598137 evals, 1598226 steps, improv/step: 0.031 (last = 0.0004), fitness=-446414245.313763261
17456.01 secs, 1600674 evals, 1600764 steps, improv/step: 0.031 (last = 0.0004), fitness=-446414245.313763261
17486.01 secs, 1603251 evals, 1603341 steps, improv/step: 0.031 (last = 0.0012), fitness=-446414245.313763261
17516.01 secs, 1605899 evals, 1605990 steps, improv/step: 0.031 (last = 0.0004), fitness=-446414245.313763261
17546.02 secs, 1608432 evals, 1608523 steps, improv/step: 0.031 (last = 0.0004), fitness=-446414245.313763261
17576.06 secs, 1610833 evals, 1610924 steps, improv/step: 0.031 (last = 0.0008), fitness=-446414245.313763261
17606.51 secs, 1613381 evals, 1613472 steps, improv/step: 0.031 (last = 0.0012), fitness=-446414245.313763261
17636.51 secs, 1615967 evals, 1616058 steps, improv/step: 0.031 (last = 0.0019), fitness=-446414245.313763261
17667.05 secs, 1618489 evals, 1618580 steps, improv/step: 0.031 (last = 0.0004), fitness=-446414245.313763261
17697.05 secs, 1621011 evals, 1621103 steps, improv/step: 0.031 (last = 0.0004), fitness=-446414245.313763261
17727.06 secs, 1623508 evals, 1623601 steps, improv/step: 0.031 (last = 0.0008), fitness=-446414245.313763261
17757.07 secs, 1626059 evals, 1626152 steps, improv/step: 0.031 (last = 0.0016), fitness=-446414245.313763261
17787.08 secs, 1628640 evals, 1628733 steps, improv/step: 0.031 (last = 0.0012), fitness=-446414245.313763261
17817.09 secs, 1631305 evals, 1631398 steps, improv/step: 0.031 (last = 0.0015), fitness=-446414245.313763261
17847.09 secs, 1633865 evals, 1633958 steps, improv/step: 0.031 (last = 0.0012), fitness=-446414245.313763261
17877.56 secs, 1636487 evals, 1636580 steps, improv/step: 0.031 (last = 0.0004), fitness=-446414245.313763261
17908.07 secs, 1639074 evals, 1639167 steps, improv/step: 0.031 (last = 0.0004), fitness=-446414245.313763261
17938.09 secs, 1641752 evals, 1641845 steps, improv/step: 0.031 (last = 0.0015), fitness=-446414245.313763261
17968.10 secs, 1644397 evals, 1644490 steps, improv/step: 0.031 (last = 0.0015), fitness=-446414245.313763261
17998.11 secs, 1647035 evals, 1647128 steps, improv/step: 0.031 (last = 0.0011), fitness=-446414245.313763261
18028.12 secs, 1649718 evals, 1649813 steps, improv/step: 0.030 (last = 0.0022), fitness=-446414245.313763261
18058.12 secs, 1652155 evals, 1652250 steps, improv/step: 0.030 (last = 0.0029), fitness=-446414245.313763261
18088.13 secs, 1654624 evals, 1654720 steps, improv/step: 0.030 (last = 0.0016), fitness=-446414245.313763261
18118.13 secs, 1657079 evals, 1657175 steps, improv/step: 0.030 (last = 0.0008), fitness=-446414245.313763261
18148.13 secs, 1659404 evals, 1659501 steps, improv/step: 0.030 (last = 0.0013), fitness=-446414245.313763261
18178.15 secs, 1661920 evals, 1662017 steps, improv/step: 0.030 (last = 0.0032), fitness=-446414245.313763261
18208.16 secs, 1664341 evals, 1664439 steps, improv/step: 0.030 (last = 0.0012), fitness=-446414245.313763261
18238.16 secs, 1666829 evals, 1666927 steps, improv/step: 0.030 (last = 0.0016), fitness=-446414245.313763261
18268.17 secs, 1669336 evals, 1669434 steps, improv/step: 0.030 (last = 0.0012), fitness=-446414245.313763261
18298.17 secs, 1671766 evals, 1671864 steps, improv/step: 0.030 (last = 0.0016), fitness=-446414245.313763261
18328.17 secs, 1674168 evals, 1674266 steps, improv/step: 0.030 (last = 0.0017), fitness=-446414245.313763261
18358.18 secs, 1676619 evals, 1676717 steps, improv/step: 0.030 (last = 0.0008), fitness=-446414245.313763261
18388.19 secs, 1678917 evals, 1679015 steps, improv/step: 0.030 (last = 0.0022), fitness=-446414245.313763261
18418.19 secs, 1681465 evals, 1681564 steps, improv/step: 0.030 (last = 0.0027), fitness=-446414245.313763261
18448.20 secs, 1683984 evals, 1684083 steps, improv/step: 0.030 (last = 0.0008), fitness=-446414245.313763261
18478.20 secs, 1686317 evals, 1686416 steps, improv/step: 0.030 (last = 0.0017), fitness=-446414245.313763261
18508.20 secs, 1688722 evals, 1688821 steps, improv/step: 0.030 (last = 0.0012), fitness=-446414245.313763261
18538.21 secs, 1691185 evals, 1691284 steps, improv/step: 0.030 (last = 0.0012), fitness=-446414245.313763261
18568.21 secs, 1693737 evals, 1693836 steps, improv/step: 0.030 (last = 0.0016), fitness=-446414245.313763261
18598.22 secs, 1696039 evals, 1696138 steps, improv/step: 0.030 (last = 0.0009), fitness=-446414245.313763261
18628.71 secs, 1698562 evals, 1698661 steps, improv/step: 0.030 (last = 0.0004), fitness=-446414245.313763261
18658.71 secs, 1701072 evals, 1701171 steps, improv/step: 0.030 (last = 0.0016), fitness=-446414245.313763261
18688.72 secs, 1703476 evals, 1703576 steps, improv/step: 0.030 (last = 0.0012), fitness=-446414245.313763261
18718.72 secs, 1706037 evals, 1706137 steps, improv/step: 0.030 (last = 0.0008), fitness=-446414245.313763261
18748.72 secs, 1708593 evals, 1708693 steps, improv/step: 0.029 (last = 0.0016), fitness=-446414245.313763261
18778.72 secs, 1710986 evals, 1711086 steps, improv/step: 0.029 (last = 0.0013), fitness=-446414245.313763261
18808.73 secs, 1713604 evals, 1713704 steps, improv/step: 0.029 (last = 0.0008), fitness=-446414245.313763261
18838.73 secs, 1716059 evals, 1716159 steps, improv/step: 0.029 (last = 0.0004), fitness=-446414245.313763261
18868.74 secs, 1718472 evals, 1718572 steps, improv/step: 0.029 (last = 0.0021), fitness=-446414245.313763320
18898.74 secs, 1720883 evals, 1720984 steps, improv/step: 0.029 (last = 0.0008), fitness=-446414245.313763320
18929.02 secs, 1723356 evals, 1723458 steps, improv/step: 0.029 (last = 0.0024), fitness=-446414245.313763320
18959.03 secs, 1725820 evals, 1725922 steps, improv/step: 0.029 (last = 0.0016), fitness=-446414245.313763320
18989.03 secs, 1728257 evals, 1728359 steps, improv/step: 0.029 (last = 0.0021), fitness=-446414245.313763320
19019.05 secs, 1730722 evals, 1730824 steps, improv/step: 0.029 (last = 0.0016), fitness=-446414245.313763320
19049.70 secs, 1733150 evals, 1733252 steps, improv/step: 0.029 (last = 0.0000), fitness=-446414245.313763320
19079.70 secs, 1735499 evals, 1735601 steps, improv/step: 0.029 (last = 0.0009), fitness=-446414245.313763320
19109.70 secs, 1737964 evals, 1738066 steps, improv/step: 0.029 (last = 0.0008), fitness=-446414245.313763320
19139.71 secs, 1740395 evals, 1740497 steps, improv/step: 0.029 (last = 0.0012), fitness=-446414245.313763320
19170.58 secs, 1742997 evals, 1743100 steps, improv/step: 0.029 (last = 0.0004), fitness=-446414245.313763320
19200.59 secs, 1745472 evals, 1745575 steps, improv/step: 0.029 (last = 0.0012), fitness=-446414245.313763320
19230.59 secs, 1747941 evals, 1748044 steps, improv/step: 0.029 (last = 0.0020), fitness=-446414245.313763320
19260.60 secs, 1750415 evals, 1750518 steps, improv/step: 0.029 (last = 0.0004), fitness=-446414245.313763320
19290.61 secs, 1752852 evals, 1752955 steps, improv/step: 0.029 (last = 0.0021), fitness=-446414245.313763320
19320.61 secs, 1755342 evals, 1755445 steps, improv/step: 0.029 (last = 0.0000), fitness=-446414245.313763320
19350.62 secs, 1757773 evals, 1757876 steps, improv/step: 0.029 (last = 0.0004), fitness=-446414245.313763320
19380.85 secs, 1760080 evals, 1760183 steps, improv/step: 0.029 (last = 0.0009), fitness=-446414245.313763320
19410.85 secs, 1762589 evals, 1762692 steps, improv/step: 0.029 (last = 0.0004), fitness=-446414245.313763320
19440.87 secs, 1764941 evals, 1765044 steps, improv/step: 0.029 (last = 0.0009), fitness=-446414245.313763320
19470.87 secs, 1767291 evals, 1767394 steps, improv/step: 0.029 (last = 0.0004), fitness=-446414245.313763320
19500.89 secs, 1769679 evals, 1769782 steps, improv/step: 0.029 (last = 0.0008), fitness=-446414245.313763320
19530.90 secs, 1772193 evals, 1772296 steps, improv/step: 0.028 (last = 0.0012), fitness=-446414245.313763320
19560.90 secs, 1774611 evals, 1774714 steps, improv/step: 0.028 (last = 0.0021), fitness=-446414245.313763320
19590.91 secs, 1777251 evals, 1777355 steps, improv/step: 0.028 (last = 0.0008), fitness=-446414245.313763320
19620.92 secs, 1779557 evals, 1779661 steps, improv/step: 0.028 (last = 0.0009), fitness=-446414245.313763320
19650.93 secs, 1782010 evals, 1782114 steps, improv/step: 0.028 (last = 0.0004), fitness=-446414245.313763320
19680.94 secs, 1784458 evals, 1784562 steps, improv/step: 0.028 (last = 0.0008), fitness=-446414245.313763320
19710.94 secs, 1786933 evals, 1787037 steps, improv/step: 0.028 (last = 0.0020), fitness=-446414245.313763320
19740.95 secs, 1789384 evals, 1789488 steps, improv/step: 0.028 (last = 0.0012), fitness=-446414245.313763320
19770.96 secs, 1791781 evals, 1791886 steps, improv/step: 0.028 (last = 0.0013), fitness=-446414245.313763320
19800.97 secs, 1794325 evals, 1794432 steps, improv/step: 0.028 (last = 0.0004), fitness=-446414245.313763320
19830.98 secs, 1796963 evals, 1797070 steps, improv/step: 0.028 (last = 0.0015), fitness=-446414245.313763320
19860.98 secs, 1799543 evals, 1799650 steps, improv/step: 0.028 (last = 0.0016), fitness=-446414245.313763320
19890.98 secs, 1802083 evals, 1802190 steps, improv/step: 0.028 (last = 0.0008), fitness=-446414245.313763320
19921.00 secs, 1804755 evals, 1804863 steps, improv/step: 0.028 (last = 0.0004), fitness=-446414245.313763320
19951.00 secs, 1807284 evals, 1807392 steps, improv/step: 0.028 (last = 0.0016), fitness=-446414245.313763320
19981.01 secs, 1809923 evals, 1810031 steps, improv/step: 0.028 (last = 0.0015), fitness=-446414245.313763320
20011.01 secs, 1812410 evals, 1812518 steps, improv/step: 0.028 (last = 0.0004), fitness=-446414245.313763320
20041.01 secs, 1814957 evals, 1815065 steps, improv/step: 0.028 (last = 0.0008), fitness=-446414245.313763320
20071.02 secs, 1817641 evals, 1817749 steps, improv/step: 0.028 (last = 0.0015), fitness=-446414245.313763320
20101.03 secs, 1820348 evals, 1820456 steps, improv/step: 0.028 (last = 0.0015), fitness=-446414245.313763320
20131.03 secs, 1823123 evals, 1823231 steps, improv/step: 0.028 (last = 0.0011), fitness=-446414245.313763320
20161.73 secs, 1825984 evals, 1826092 steps, improv/step: 0.028 (last = 0.0003), fitness=-446414245.313763320
20192.34 secs, 1828852 evals, 1828960 steps, improv/step: 0.028 (last = 0.0010), fitness=-446414245.313763320
20223.15 secs, 1831724 evals, 1831832 steps, improv/step: 0.028 (last = 0.0010), fitness=-446414245.313763320
20253.15 secs, 1834570 evals, 1834679 steps, improv/step: 0.028 (last = 0.0007), fitness=-446414245.313763320
20283.16 secs, 1837243 evals, 1837353 steps, improv/step: 0.027 (last = 0.0011), fitness=-446414245.313763320
20313.16 secs, 1839973 evals, 1840083 steps, improv/step: 0.027 (last = 0.0007), fitness=-446414245.313763320
20343.17 secs, 1842710 evals, 1842821 steps, improv/step: 0.027 (last = 0.0004), fitness=-446414245.313763320
20373.17 secs, 1845523 evals, 1845635 steps, improv/step: 0.027 (last = 0.0007), fitness=-446414245.313763320
20403.17 secs, 1848345 evals, 1848457 steps, improv/step: 0.027 (last = 0.0007), fitness=-446414245.313763320
20433.18 secs, 1851150 evals, 1851262 steps, improv/step: 0.027 (last = 0.0007), fitness=-446414245.313763320
20463.19 secs, 1854065 evals, 1854178 steps, improv/step: 0.027 (last = 0.0014), fitness=-446414245.313763320
20493.19 secs, 1856973 evals, 1857087 steps, improv/step: 0.027 (last = 0.0014), fitness=-446414245.313763320
20523.20 secs, 1859879 evals, 1859993 steps, improv/step: 0.027 (last = 0.0010), fitness=-446414245.313763320
20553.20 secs, 1862873 evals, 1862987 steps, improv/step: 0.027 (last = 0.0010), fitness=-446414245.313763320
20583.81 secs, 1865937 evals, 1866053 steps, improv/step: 0.027 (last = 0.0010), fitness=-446414245.313763320
20613.81 secs, 1868933 evals, 1869049 steps, improv/step: 0.027 (last = 0.0010), fitness=-446414245.313763320
20643.81 secs, 1871908 evals, 1872024 steps, improv/step: 0.027 (last = 0.0007), fitness=-446414245.313763320
20673.81 secs, 1874736 evals, 1874853 steps, improv/step: 0.027 (last = 0.0011), fitness=-446414245.313763320
20703.81 secs, 1877711 evals, 1877828 steps, improv/step: 0.027 (last = 0.0010), fitness=-446414245.313763320
20733.82 secs, 1880591 evals, 1880708 steps, improv/step: 0.027 (last = 0.0000), fitness=-446414245.313763320
20763.82 secs, 1883487 evals, 1883604 steps, improv/step: 0.027 (last = 0.0000), fitness=-446414245.313763320
20793.83 secs, 1886447 evals, 1886564 steps, improv/step: 0.027 (last = 0.0007), fitness=-446414245.313763320
20823.83 secs, 1889406 evals, 1889523 steps, improv/step: 0.027 (last = 0.0017), fitness=-446414245.313763320
20854.14 secs, 1892437 evals, 1892554 steps, improv/step: 0.027 (last = 0.0023), fitness=-446414245.313763320
20884.14 secs, 1895425 evals, 1895542 steps, improv/step: 0.027 (last = 0.0007), fitness=-446414245.313763320
20914.67 secs, 1898374 evals, 1898491 steps, improv/step: 0.027 (last = 0.0007), fitness=-446414245.313763320
20944.67 secs, 1901359 evals, 1901477 steps, improv/step: 0.027 (last = 0.0007), fitness=-446414245.313763320
20974.96 secs, 1904329 evals, 1904447 steps, improv/step: 0.027 (last = 0.0007), fitness=-446414245.313763320
21005.49 secs, 1907314 evals, 1907432 steps, improv/step: 0.027 (last = 0.0000), fitness=-446414245.313763320
21035.49 secs, 1910349 evals, 1910467 steps, improv/step: 0.026 (last = 0.0010), fitness=-446414245.313763320
21065.50 secs, 1913319 evals, 1913437 steps, improv/step: 0.026 (last = 0.0013), fitness=-446414245.313763320
21095.50 secs, 1916303 evals, 1916421 steps, improv/step: 0.026 (last = 0.0007), fitness=-446414245.313763320
21125.50 secs, 1919374 evals, 1919493 steps, improv/step: 0.026 (last = 0.0003), fitness=-446414245.313763320
21155.75 secs, 1922301 evals, 1922420 steps, improv/step: 0.026 (last = 0.0003), fitness=-446414245.313763320
21185.75 secs, 1925272 evals, 1925391 steps, improv/step: 0.026 (last = 0.0013), fitness=-446414245.313763320
21215.75 secs, 1928188 evals, 1928307 steps, improv/step: 0.026 (last = 0.0017), fitness=-446414245.313763320
21245.76 secs, 1931272 evals, 1931391 steps, improv/step: 0.026 (last = 0.0010), fitness=-446414245.313763320
21275.77 secs, 1934259 evals, 1934378 steps, improv/step: 0.026 (last = 0.0007), fitness=-446414245.313763320
21305.77 secs, 1937223 evals, 1937342 steps, improv/step: 0.026 (last = 0.0007), fitness=-446414245.313763320
21335.78 secs, 1940234 evals, 1940354 steps, improv/step: 0.026 (last = 0.0003), fitness=-446414245.313763320
21365.79 secs, 1943311 evals, 1943431 steps, improv/step: 0.026 (last = 0.0006), fitness=-446414245.313763320
21396.50 secs, 1946514 evals, 1946634 steps, improv/step: 0.026 (last = 0.0003), fitness=-446414245.313763320
21426.94 secs, 1949560 evals, 1949680 steps, improv/step: 0.026 (last = 0.0013), fitness=-446414245.313763320
21457.84 secs, 1952612 evals, 1952732 steps, improv/step: 0.026 (last = 0.0010), fitness=-446414245.313763320
21487.84 secs, 1955712 evals, 1955832 steps, improv/step: 0.026 (last = 0.0003), fitness=-446414245.313763320
21518.19 secs, 1958727 evals, 1958847 steps, improv/step: 0.026 (last = 0.0003), fitness=-446414245.313763320
21548.20 secs, 1961725 evals, 1961845 steps, improv/step: 0.026 (last = 0.0003), fitness=-446414245.313763320
21578.21 secs, 1964860 evals, 1964980 steps, improv/step: 0.026 (last = 0.0000), fitness=-446414245.313763320
21608.21 secs, 1967925 evals, 1968046 steps, improv/step: 0.026 (last = 0.0007), fitness=-446414245.313763320
21638.22 secs, 1970913 evals, 1971035 steps, improv/step: 0.026 (last = 0.0007), fitness=-446414245.313763320
21668.22 secs, 1973763 evals, 1973886 steps, improv/step: 0.026 (last = 0.0004), fitness=-446414245.313763320
21698.22 secs, 1976569 evals, 1976692 steps, improv/step: 0.026 (last = 0.0000), fitness=-446414245.313763320
21728.40 secs, 1979659 evals, 1979782 steps, improv/step: 0.026 (last = 0.0006), fitness=-446414245.313763320
21758.41 secs, 1982687 evals, 1982811 steps, improv/step: 0.026 (last = 0.0007), fitness=-446414245.313763320
21788.41 secs, 1985513 evals, 1985637 steps, improv/step: 0.025 (last = 0.0007), fitness=-446414245.313763320
21818.68 secs, 1988338 evals, 1988463 steps, improv/step: 0.025 (last = 0.0004), fitness=-446414245.313763320
21848.69 secs, 1991202 evals, 1991329 steps, improv/step: 0.025 (last = 0.0000), fitness=-446414245.313763320
21878.69 secs, 1994123 evals, 1994250 steps, improv/step: 0.025 (last = 0.0007), fitness=-446414245.313763320
21908.69 secs, 1997051 evals, 1997178 steps, improv/step: 0.025 (last = 0.0000), fitness=-446414245.313763320
21938.70 secs, 1999939 evals, 2000066 steps, improv/step: 0.025 (last = 0.0007), fitness=-446414245.313763320
21968.70 secs, 2002827 evals, 2002954 steps, improv/step: 0.025 (last = 0.0003), fitness=-446414245.313763320
21998.71 secs, 2005614 evals, 2005741 steps, improv/step: 0.025 (last = 0.0007), fitness=-446414245.313763320
22028.72 secs, 2008351 evals, 2008478 steps, improv/step: 0.025 (last = 0.0018), fitness=-446414245.313763320
22058.72 secs, 2011342 evals, 2011471 steps, improv/step: 0.025 (last = 0.0007), fitness=-446414245.313763320
22088.72 secs, 2014389 evals, 2014518 steps, improv/step: 0.025 (last = 0.0003), fitness=-446414245.313763320
22118.73 secs, 2017337 evals, 2017466 steps, improv/step: 0.025 (last = 0.0003), fitness=-446414245.313763320
22148.73 secs, 2020270 evals, 2020399 steps, improv/step: 0.025 (last = 0.0010), fitness=-446414245.313763320
22178.73 secs, 2023367 evals, 2023496 steps, improv/step: 0.025 (last = 0.0010), fitness=-446414245.313763320
22208.74 secs, 2026454 evals, 2026583 steps, improv/step: 0.025 (last = 0.0019), fitness=-446414245.313763320
22238.74 secs, 2029514 evals, 2029643 steps, improv/step: 0.025 (last = 0.0007), fitness=-446414245.313763320
22268.74 secs, 2032536 evals, 2032665 steps, improv/step: 0.025 (last = 0.0017), fitness=-446414245.313763320
22298.74 secs, 2035590 evals, 2035719 steps, improv/step: 0.025 (last = 0.0003), fitness=-446414245.313763320
22329.53 secs, 2038636 evals, 2038765 steps, improv/step: 0.025 (last = 0.0007), fitness=-446414245.313763320
22359.53 secs, 2041850 evals, 2041979 steps, improv/step: 0.025 (last = 0.0003), fitness=-446414245.313763320
22389.54 secs, 2045246 evals, 2045375 steps, improv/step: 0.025 (last = 0.0000), fitness=-446414245.313763320
22419.55 secs, 2048579 evals, 2048708 steps, improv/step: 0.025 (last = 0.0003), fitness=-446414245.313763320
22449.55 secs, 2051849 evals, 2051979 steps, improv/step: 0.025 (last = 0.0012), fitness=-446414245.313763320
22479.79 secs, 2055241 evals, 2055371 steps, improv/step: 0.025 (last = 0.0009), fitness=-446414245.313763320
22509.79 secs, 2058745 evals, 2058875 steps, improv/step: 0.025 (last = 0.0006), fitness=-446414245.313763320
22539.80 secs, 2062224 evals, 2062356 steps, improv/step: 0.025 (last = 0.0009), fitness=-446414245.313763320
22569.81 secs, 2065656 evals, 2065788 steps, improv/step: 0.025 (last = 0.0012), fitness=-446414245.313763320
22599.81 secs, 2068982 evals, 2069114 steps, improv/step: 0.024 (last = 0.0006), fitness=-446414245.313763320
22629.81 secs, 2072494 evals, 2072626 steps, improv/step: 0.024 (last = 0.0014), fitness=-446414245.313763320
22660.05 secs, 2075856 evals, 2075988 steps, improv/step: 0.024 (last = 0.0012), fitness=-446414245.313763320
22690.05 secs, 2079387 evals, 2079520 steps, improv/step: 0.024 (last = 0.0023), fitness=-446414245.313763320
22720.74 secs, 2082988 evals, 2083121 steps, improv/step: 0.024 (last = 0.0072), fitness=-446414245.313763320
22750.75 secs, 2086520 evals, 2086658 steps, improv/step: 0.024 (last = 0.0017), fitness=-446414245.313763320
22780.75 secs, 2090035 evals, 2090173 steps, improv/step: 0.024 (last = 0.0023), fitness=-446414245.313763320
22811.48 secs, 2093402 evals, 2093540 steps, improv/step: 0.024 (last = 0.0009), fitness=-446414245.313763320
22841.48 secs, 2096980 evals, 2097118 steps, improv/step: 0.024 (last = 0.0014), fitness=-446414245.313763320
22871.86 secs, 2100590 evals, 2100728 steps, improv/step: 0.024 (last = 0.0011), fitness=-446414245.313763320
22901.86 secs, 2104250 evals, 2104388 steps, improv/step: 0.024 (last = 0.0008), fitness=-446414245.313763320
22932.20 secs, 2107803 evals, 2107941 steps, improv/step: 0.024 (last = 0.0008), fitness=-446414245.313763320
22962.20 secs, 2111272 evals, 2111410 steps, improv/step: 0.024 (last = 0.0012), fitness=-446414245.313763320
22992.20 secs, 2114728 evals, 2114867 steps, improv/step: 0.024 (last = 0.0009), fitness=-446414245.313763320
23022.21 secs, 2117994 evals, 2118135 steps, improv/step: 0.024 (last = 0.0006), fitness=-446414245.313763320
23052.21 secs, 2121355 evals, 2121496 steps, improv/step: 0.024 (last = 0.0003), fitness=-446414245.313763320
23082.22 secs, 2124718 evals, 2124859 steps, improv/step: 0.024 (last = 0.0003), fitness=-446414245.313763320
23112.23 secs, 2128070 evals, 2128211 steps, improv/step: 0.024 (last = 0.0021), fitness=-446414245.313763320
23142.23 secs, 2131475 evals, 2131617 steps, improv/step: 0.024 (last = 0.0021), fitness=-446414245.313763320
23172.63 secs, 2134894 evals, 2135037 steps, improv/step: 0.024 (last = 0.0032), fitness=-446414245.313763320
23202.63 secs, 2138432 evals, 2138577 steps, improv/step: 0.024 (last = 0.0056), fitness=-446414245.313763320
23232.64 secs, 2141911 evals, 2142058 steps, improv/step: 0.024 (last = 0.0029), fitness=-446414245.313763320
23262.64 secs, 2145434 evals, 2145581 steps, improv/step: 0.024 (last = 0.0028), fitness=-446414245.313763320
23293.15 secs, 2148898 evals, 2149047 steps, improv/step: 0.024 (last = 0.0035), fitness=-446414245.313763320
23323.15 secs, 2152356 evals, 2152505 steps, improv/step: 0.024 (last = 0.0014), fitness=-446414245.313763320
23353.15 secs, 2155680 evals, 2155831 steps, improv/step: 0.024 (last = 0.0033), fitness=-446414245.313763320
23383.16 secs, 2159138 evals, 2159289 steps, improv/step: 0.024 (last = 0.0023), fitness=-446414245.313763320
23413.16 secs, 2162530 evals, 2162682 steps, improv/step: 0.024 (last = 0.0024), fitness=-446414245.313763320
23443.16 secs, 2165950 evals, 2166103 steps, improv/step: 0.023 (last = 0.0032), fitness=-446414245.313763320
23473.16 secs, 2169182 evals, 2169337 steps, improv/step: 0.023 (last = 0.0046), fitness=-446414245.313763320
23503.17 secs, 2172618 evals, 2172775 steps, improv/step: 0.023 (last = 0.0047), fitness=-446414245.313763320
23533.17 secs, 2176041 evals, 2176199 steps, improv/step: 0.023 (last = 0.0050), fitness=-446414245.313763320
23563.17 secs, 2179484 evals, 2179642 steps, improv/step: 0.023 (last = 0.0168), fitness=-446414245.313763320
23593.17 secs, 2182739 evals, 2182900 steps, improv/step: 0.023 (last = 0.0445), fitness=-446414245.313763320
23623.18 secs, 2186334 evals, 2186500 steps, improv/step: 0.023 (last = 0.0606), fitness=-446414245.313763320
23653.18 secs, 2189651 evals, 2189819 steps, improv/step: 0.024 (last = 0.0856), fitness=-446414245.313763380
23683.19 secs, 2192894 evals, 2193067 steps, improv/step: 0.024 (last = 0.0862), fitness=-446414245.313763380
23713.20 secs, 2196213 evals, 2196388 steps, improv/step: 0.024 (last = 0.0798), fitness=-446414245.313763380
23743.21 secs, 2199863 evals, 2200038 steps, improv/step: 0.024 (last = 0.0688), fitness=-446414245.313763380
23773.22 secs, 2203123 evals, 2203300 steps, improv/step: 0.024 (last = 0.1202), fitness=-446414245.313763380
23803.28 secs, 2206481 evals, 2206662 steps, improv/step: 0.024 (last = 0.1547), fitness=-446414245.313763380
23833.28 secs, 2209895 evals, 2210091 steps, improv/step: 0.025 (last = 0.2625), fitness=-446414245.313763380
23863.29 secs, 2213312 evals, 2213514 steps, improv/step: 0.025 (last = 0.2445), fitness=-446414245.313763380
23893.29 secs, 2216788 evals, 2216999 steps, improv/step: 0.025 (last = 0.2508), fitness=-446414245.313763380
23923.52 secs, 2220241 evals, 2220463 steps, improv/step: 0.026 (last = 0.2786), fitness=-446414245.313763380
23953.52 secs, 2223773 evals, 2224005 steps, improv/step: 0.026 (last = 0.2883), fitness=-446414245.313763380
23983.53 secs, 2227207 evals, 2227450 steps, improv/step: 0.026 (last = 0.3094), fitness=-446414245.313763380
24013.53 secs, 2230946 evals, 2231202 steps, improv/step: 0.027 (last = 0.3436), fitness=-446414245.313763380
24043.53 secs, 2234326 evals, 2234592 steps, improv/step: 0.028 (last = 0.3749), fitness=-446414245.313763380
24073.54 secs, 2238032 evals, 2238313 steps, improv/step: 0.028 (last = 0.4284), fitness=-446414245.313763380
24103.54 secs, 2241454 evals, 2241752 steps, improv/step: 0.029 (last = 0.4379), fitness=-446414245.313763380
24133.55 secs, 2244831 evals, 2245141 steps, improv/step: 0.029 (last = 0.4488), fitness=-446414245.313763380
24163.55 secs, 2248061 evals, 2248384 steps, improv/step: 0.030 (last = 0.4789), fitness=-446414245.313763380
24193.82 secs, 2251505 evals, 2251841 steps, improv/step: 0.031 (last = 0.4938), fitness=-446414245.313763380
24223.82 secs, 2254976 evals, 2255332 steps, improv/step: 0.032 (last = 0.4944), fitness=-446414245.313763380
24253.83 secs, 2258429 evals, 2258809 steps, improv/step: 0.032 (last = 0.5925), fitness=-446414245.313763380
24283.83 secs, 2261664 evals, 2262060 steps, improv/step: 0.033 (last = 0.6404), fitness=-446414245.313763380
24313.84 secs, 2265056 evals, 2265478 steps, improv/step: 0.034 (last = 0.5550), fitness=-446414245.313763380
24344.49 secs, 2268350 evals, 2268789 steps, improv/step: 0.035 (last = 0.6578), fitness=-446414245.313763380
24374.50 secs, 2271784 evals, 2272240 steps, improv/step: 0.036 (last = 0.6384), fitness=-446414245.313763380
24404.50 secs, 2275281 evals, 2275759 steps, improv/step: 0.037 (last = 0.6013), fitness=-446414245.313763380
24434.51 secs, 2278884 evals, 2279391 steps, improv/step: 0.038 (last = 0.6572), fitness=-446414245.313763380
24464.51 secs, 2282121 evals, 2282645 steps, improv/step: 0.039 (last = 0.6663), fitness=-446414245.313763380
24494.52 secs, 2285368 evals, 2285907 steps, improv/step: 0.040 (last = 0.6426), fitness=-446414245.313763380
24524.52 secs, 2288918 evals, 2289486 steps, improv/step: 0.040 (last = 0.6516), fitness=-446414245.313763380
24555.73 secs, 2292420 evals, 2293011 steps, improv/step: 0.041 (last = 0.6868), fitness=-446414245.313763380
24585.74 secs, 2295838 evals, 2296450 steps, improv/step: 0.042 (last = 0.6508), fitness=-446414245.313763380
24615.74 secs, 2298920 evals, 2299551 steps, improv/step: 0.043 (last = 0.6353), fitness=-446414245.313763380
24645.75 secs, 2302309 evals, 2302963 steps, improv/step: 0.044 (last = 0.6600), fitness=-446414245.313763380
24675.75 secs, 2305660 evals, 2306335 steps, improv/step: 0.045 (last = 0.6676), fitness=-446414245.313763380
24705.76 secs, 2309039 evals, 2309739 steps, improv/step: 0.046 (last = 0.6575), fitness=-446414245.313763380
24735.76 secs, 2312444 evals, 2313167 steps, improv/step: 0.047 (last = 0.6409), fitness=-446414245.313763380
24765.77 secs, 2315955 evals, 2316698 steps, improv/step: 0.048 (last = 0.6075), fitness=-446414245.313763380
24795.77 secs, 2319326 evals, 2320089 steps, improv/step: 0.049 (last = 0.6390), fitness=-446414245.313763380
24825.78 secs, 2322546 evals, 2323323 steps, improv/step: 0.049 (last = 0.6463), fitness=-446414245.313763380
24856.97 secs, 2326096 evals, 2326894 steps, improv/step: 0.050 (last = 0.6278), fitness=-446414245.313763380
24886.97 secs, 2329642 evals, 2330467 steps, improv/step: 0.051 (last = 0.6474), fitness=-446414245.313763380
24916.98 secs, 2333009 evals, 2333861 steps, improv/step: 0.052 (last = 0.6349), fitness=-446414245.313763380
24946.98 secs, 2336574 evals, 2337453 steps, improv/step: 0.053 (last = 0.6247), fitness=-446414245.313763380
24977.43 secs, 2339843 evals, 2340744 steps, improv/step: 0.054 (last = 0.6864), fitness=-446414245.313763380
25007.43 secs, 2343159 evals, 2344078 steps, improv/step: 0.055 (last = 0.6383), fitness=-446414245.313763380
25037.44 secs, 2346467 evals, 2347409 steps, improv/step: 0.055 (last = 0.6569), fitness=-446414245.313763380
25067.44 secs, 2349873 evals, 2350837 steps, improv/step: 0.056 (last = 0.6479), fitness=-446414245.313763380
25097.44 secs, 2353252 evals, 2354234 steps, improv/step: 0.057 (last = 0.6279), fitness=-446414245.313763380
25127.45 secs, 2356717 evals, 2357716 steps, improv/step: 0.058 (last = 0.6531), fitness=-446414245.313763380
25157.45 secs, 2360204 evals, 2361221 steps, improv/step: 0.059 (last = 0.6362), fitness=-446414245.313763380
25187.46 secs, 2363601 evals, 2364644 steps, improv/step: 0.060 (last = 0.5986), fitness=-446414245.313763380
25217.46 secs, 2366946 evals, 2368012 steps, improv/step: 0.061 (last = 0.6562), fitness=-446414245.313763380
25247.46 secs, 2370309 evals, 2371391 steps, improv/step: 0.061 (last = 0.6925), fitness=-446414245.313763380
25277.47 secs, 2373680 evals, 2374787 steps, improv/step: 0.062 (last = 0.6266), fitness=-446414245.313763380
25307.74 secs, 2377128 evals, 2378257 steps, improv/step: 0.063 (last = 0.6481), fitness=-446414245.313763380
25338.60 secs, 2380815 evals, 2381966 steps, improv/step: 0.064 (last = 0.6285), fitness=-446414245.313763380
25368.98 secs, 2384506 evals, 2385677 steps, improv/step: 0.065 (last = 0.6120), fitness=-446414245.313763380
25398.99 secs, 2388088 evals, 2389281 steps, improv/step: 0.066 (last = 0.6604), fitness=-446414245.313763380
25428.99 secs, 2391527 evals, 2392739 steps, improv/step: 0.067 (last = 0.6663), fitness=-446414245.313763380
25458.99 secs, 2394895 evals, 2396124 steps, improv/step: 0.067 (last = 0.6310), fitness=-446414245.313763380
25489.00 secs, 2398568 evals, 2399826 steps, improv/step: 0.068 (last = 0.6418), fitness=-446414245.313763380
25519.00 secs, 2402675 evals, 2403958 steps, improv/step: 0.069 (last = 0.5883), fitness=-446414245.313763380
25549.00 secs, 2406773 evals, 2408086 steps, improv/step: 0.070 (last = 0.6565), fitness=-446414245.313763380
25579.01 secs, 2410892 evals, 2412225 steps, improv/step: 0.071 (last = 0.6296), fitness=-446414245.313763380
25609.01 secs, 2414940 evals, 2416294 steps, improv/step: 0.072 (last = 0.6530), fitness=-446414245.313763380
25639.01 secs, 2418933 evals, 2420319 steps, improv/step: 0.073 (last = 0.6494), fitness=-446414245.313763380
25669.01 secs, 2423010 evals, 2424427 steps, improv/step: 0.074 (last = 0.6144), fitness=-446414245.313763380
25699.02 secs, 2427069 evals, 2428520 steps, improv/step: 0.075 (last = 0.6220), fitness=-446414245.313763380
25729.02 secs, 2431479 evals, 2432954 steps, improv/step: 0.076 (last = 0.6719), fitness=-446414245.313763380
25759.02 secs, 2435872 evals, 2437380 steps, improv/step: 0.077 (last = 0.6132), fitness=-446414245.313763380
25789.03 secs, 2440193 evals, 2441733 steps, improv/step: 0.078 (last = 0.6536), fitness=-446414245.313763380
25819.03 secs, 2444717 evals, 2446293 steps, improv/step: 0.079 (last = 0.6149), fitness=-446414245.313763380
25849.04 secs, 2449136 evals, 2450739 steps, improv/step: 0.080 (last = 0.6556), fitness=-446414245.313763380
25879.05 secs, 2453759 evals, 2455390 steps, improv/step: 0.081 (last = 0.6334), fitness=-446414245.313763380
25909.05 secs, 2458317 evals, 2459976 steps, improv/step: 0.082 (last = 0.6140), fitness=-446414245.313763380
25939.06 secs, 2462757 evals, 2464449 steps, improv/step: 0.083 (last = 0.6228), fitness=-446414245.313763380
25969.06 secs, 2467304 evals, 2469017 steps, improv/step: 0.084 (last = 0.6519), fitness=-446414245.313763380
25999.06 secs, 2471777 evals, 2473507 steps, improv/step: 0.085 (last = 0.6307), fitness=-446414245.313763380
26029.06 secs, 2476284 evals, 2478047 steps, improv/step: 0.086 (last = 0.6555), fitness=-446414245.313763380
26059.06 secs, 2480756 evals, 2482551 steps, improv/step: 0.087 (last = 0.6032), fitness=-446414245.313763380
26089.07 secs, 2485315 evals, 2487137 steps, improv/step: 0.088 (last = 0.6494), fitness=-446414245.313763380
26119.07 secs, 2489910 evals, 2491763 steps, improv/step: 0.089 (last = 0.6623), fitness=-446414245.313763380
26149.07 secs, 2494346 evals, 2496236 steps, improv/step: 0.090 (last = 0.6199), fitness=-446414245.313763380
26179.07 secs, 2498898 evals, 2500819 steps, improv/step: 0.091 (last = 0.6192), fitness=-446414245.313763380

Optimization stopped after 2501927 steps and 26186.76 seconds
Termination reason: Max number of function evaluations (2500000) reached
Steps per second = 95.54
Function evals per second = 95.47
Improvements/step = Inf
Total function evaluations = 2500001


Best candidate found: [94.5006, 365.092, 24.9355, 10.2985, 645.456, 156.719, 155.189, 252.216, 927.504, 250.543, 3.61522e-5, 0.000359009, 0.00359106, 0.463075, 0.463314]

Fitness: -446414245.313763380

-4.464142453137634e8

[94.50064870029385, 365.0915716422275, 24.935525971368303, 10.298534415599946, 645.45609877901, 156.71929588465864, 155.18879144993994, 252.21572930713282, 927.5040219708677, 250.5428859926282, 3.6152199774378344e-5, 0.00035900900998004167, 0.0035910587304580936, 0.4630749220012395, 0.4633142991306722]

Script has finished
Wed Dec 22 03:13:57 CET 2021

------------------------------------------------------------
Sender: LSF System <schwan@makalu189>
Subject: Job 576324: <Julia_Job_parallel> in cluster <wuerfel> Done

Job <Julia_Job_parallel> was submitted from host <makalu56> by user <magr4985> in cluster <wuerfel> at Tue Dec 21 19:53:45 2021
Job was executed on host(s) <makalu189>, in queue <BatchXL>, as user <magr4985> in cluster <wuerfel> at Tue Dec 21 19:53:55 2021
</usr/scratch4/magr4985> was used as the home directory.
</usr/scratch4/magr4985/TRPL/BatchJobs/syn_data_1/Run11> was used as the working directory.
Started at Tue Dec 21 19:53:55 2021
Terminated at Wed Dec 22 03:13:57 2021
Results reported at Wed Dec 22 03:13:57 2021

Your job looked like:

------------------------------------------------------------
# LSBATCH: User input
#!/bin/csh 
#BSUB -q BatchXL 
#BSUB -R "mem > 8000 span[hosts=1] && intel_avx2" 
#BSUB -oo lsf_julia_%J.log 
#BSUB -eo lsf_julia_%J.err 
#BSUB -J Julia_Job_parallel 
#BSUB -L /bin/csh 
#BSUB -n 1 
date 
pwd 
module purge 
/usr/scratch4/magr4985/julia-1.6.2/bin/julia -t 4 /usr/scratch4/magr4985/TRPL/Programs/trpl_analysis_syn.jl 1 2500000 1 /usr/scratch4/magr4985/TRPL/BatchJobs/syn_data_1/Run11 1.0e-14 3600 "[1.0, 1.0, 1.0, 1.0, 1.0, 1.0, 1.0, 1.0, 1.0, 1.0, 1.0e-6, 1.0e-6, 1.0e-6, 1.0e-6, 1.0e-6, 1.0e-6, 1.0e-6, 1.0e-6, 1.0e-6, 1.0e-6]" "[5000.0, 5000.0, 1000.0, 1000.0, 1.0e9, 1000.0, 10000.0, 10000.0, 1000.0, 1.0e6, 1.0, 1.0, 1.0, 1.0, 1.0, 1.0, 1.0, 1.0, 1.0, 1.0]" 
date
------------------------------------------------------------

Successfully completed.

Resource usage summary:

    CPU time :                                   51753.70 sec.
    Max Memory :                                 5958.42 MB
    Average Memory :                             2657.05 MB
    Total Requested Memory :                     -
    Delta Memory :                               -
    Max Swap :                                   256 KB
    Max Processes :                              4
    Max Threads :                                12
    Run time :                                   26399 sec.
    Turnaround time :                            26412 sec.

The output (if any) is above this job summary.



PS:

Read file <lsf_julia_576324.err> for stderr output of this job.

