Warning: no access to tty (Bad file descriptor).
Thus no job control in this shell.
Warning: no access to tty (Bad file descriptor).
Thus no job control in this shell.
Tue Dec 21 19:53:56 CET 2021
/usr/scratch4/magr4985/TRPL/BatchJobs/syn_data_1/Run1
# Thread: 4
2893433851859097785 RNG Seed
Run 1
Starting optimization with optimizer DiffEvoOpt{FitPopulation{Float64}, RadiusLimitedSelector, BlackBoxOptim.DiffEvoRandBin{3}, RandomBound{ContinuousRectSearchSpace}}
0.00 secs, 0 evals, 0 steps
30.01 secs, 3035 evals, 2931 steps, improv/step: 0.356 (last = 0.3555), fitness=-439227576.129946649
60.04 secs, 7548 evals, 7444 steps, improv/step: 0.261 (last = 0.1990), fitness=-446237943.032810450
90.05 secs, 12099 evals, 11995 steps, improv/step: 0.208 (last = 0.1224), fitness=-446302078.844009280
120.08 secs, 16694 evals, 16590 steps, improv/step: 0.177 (last = 0.0949), fitness=-446324028.263947546
150.09 secs, 21240 evals, 21136 steps, improv/step: 0.159 (last = 0.0919), fitness=-446341600.816959977
180.09 secs, 25224 evals, 25120 steps, improv/step: 0.145 (last = 0.0718), fitness=-446348101.420266151
210.09 secs, 28894 evals, 28791 steps, improv/step: 0.133 (last = 0.0499), fitness=-446380986.719300747
240.10 secs, 32548 evals, 32445 steps, improv/step: 0.122 (last = 0.0419), fitness=-446390592.522403419
270.14 secs, 36298 evals, 36195 steps, improv/step: 0.113 (last = 0.0344), fitness=-446391379.789933264
300.15 secs, 40087 evals, 39984 steps, improv/step: 0.107 (last = 0.0438), fitness=-446391379.789933264
330.15 secs, 43808 evals, 43705 steps, improv/step: 0.105 (last = 0.0908), fitness=-446394630.199215829
360.15 secs, 47315 evals, 47213 steps, improv/step: 0.102 (last = 0.0636), fitness=-446396858.274834096
390.17 secs, 49839 evals, 49737 steps, improv/step: 0.101 (last = 0.0852), fitness=-446400252.408072233
420.17 secs, 52955 evals, 52853 steps, improv/step: 0.102 (last = 0.1049), fitness=-446406260.181296766
450.17 secs, 56044 evals, 55943 steps, improv/step: 0.100 (last = 0.0790), fitness=-446408423.229279935
480.18 secs, 59136 evals, 59035 steps, improv/step: 0.099 (last = 0.0708), fitness=-446409319.147110403
510.18 secs, 61893 evals, 61792 steps, improv/step: 0.098 (last = 0.0725), fitness=-446410124.184987247
540.18 secs, 64893 evals, 64792 steps, improv/step: 0.096 (last = 0.0670), fitness=-446410873.456454456
570.19 secs, 67832 evals, 67731 steps, improv/step: 0.094 (last = 0.0544), fitness=-446411348.349348307
600.19 secs, 70434 evals, 70333 steps, improv/step: 0.093 (last = 0.0661), fitness=-446411963.723908901
630.21 secs, 72995 evals, 72894 steps, improv/step: 0.092 (last = 0.0578), fitness=-446412236.628349960
660.22 secs, 75586 evals, 75485 steps, improv/step: 0.091 (last = 0.0567), fitness=-446412339.433968246
690.22 secs, 78400 evals, 78300 steps, improv/step: 0.090 (last = 0.0664), fitness=-446412618.992036343
720.23 secs, 81164 evals, 81065 steps, improv/step: 0.089 (last = 0.0557), fitness=-446412824.899777651
750.23 secs, 83935 evals, 83838 steps, improv/step: 0.088 (last = 0.0595), fitness=-446413071.155518353
780.31 secs, 86550 evals, 86453 steps, improv/step: 0.087 (last = 0.0677), fitness=-446413160.698909521
810.31 secs, 89103 evals, 89007 steps, improv/step: 0.087 (last = 0.0642), fitness=-446413285.908855319
840.32 secs, 91692 evals, 91596 steps, improv/step: 0.086 (last = 0.0595), fitness=-446413383.115078330
870.32 secs, 94107 evals, 94011 steps, improv/step: 0.085 (last = 0.0534), fitness=-446413476.538435936
900.33 secs, 96707 evals, 96611 steps, improv/step: 0.084 (last = 0.0623), fitness=-446413557.650536358
930.33 secs, 99302 evals, 99206 steps, improv/step: 0.084 (last = 0.0566), fitness=-446413754.072474718
960.33 secs, 101814 evals, 101718 steps, improv/step: 0.083 (last = 0.0458), fitness=-446413838.225158989
990.34 secs, 104350 evals, 104254 steps, improv/step: 0.082 (last = 0.0489), fitness=-446413910.790069818
1020.35 secs, 106782 evals, 106686 steps, improv/step: 0.081 (last = 0.0551), fitness=-446414017.717842638
1050.36 secs, 109291 evals, 109195 steps, improv/step: 0.081 (last = 0.0574), fitness=-446414044.889447451
1080.37 secs, 111839 evals, 111743 steps, improv/step: 0.080 (last = 0.0659), fitness=-446414117.358239532
1110.38 secs, 114369 evals, 114273 steps, improv/step: 0.080 (last = 0.0668), fitness=-446414159.718132257
1140.39 secs, 116886 evals, 116791 steps, improv/step: 0.079 (last = 0.0488), fitness=-446414192.189624608
1170.40 secs, 119346 evals, 119252 steps, improv/step: 0.079 (last = 0.0549), fitness=-446414211.334134877
1200.40 secs, 121964 evals, 121870 steps, improv/step: 0.079 (last = 0.0600), fitness=-446414245.665617943
1230.41 secs, 124652 evals, 124558 steps, improv/step: 0.078 (last = 0.0618), fitness=-446414255.393004835
1260.41 secs, 127276 evals, 127182 steps, improv/step: 0.078 (last = 0.0739), fitness=-446414267.784645438
1290.41 secs, 130104 evals, 130011 steps, improv/step: 0.078 (last = 0.0682), fitness=-446414284.733929336
1320.42 secs, 132685 evals, 132592 steps, improv/step: 0.077 (last = 0.0554), fitness=-446414295.310537755
1350.42 secs, 135323 evals, 135230 steps, improv/step: 0.077 (last = 0.0417), fitness=-446414297.001925230
1380.43 secs, 138232 evals, 138139 steps, improv/step: 0.076 (last = 0.0423), fitness=-446414299.658433497
1410.43 secs, 140958 evals, 140865 steps, improv/step: 0.075 (last = 0.0462), fitness=-446414307.005357683
1440.46 secs, 143799 evals, 143707 steps, improv/step: 0.075 (last = 0.0563), fitness=-446414319.645338178
1470.46 secs, 146647 evals, 146556 steps, improv/step: 0.075 (last = 0.0572), fitness=-446414329.913767457
1500.46 secs, 149396 evals, 149305 steps, improv/step: 0.074 (last = 0.0626), fitness=-446414335.722265720
1530.48 secs, 152422 evals, 152332 steps, improv/step: 0.074 (last = 0.0598), fitness=-446414342.051633298
1560.49 secs, 155287 evals, 155197 steps, improv/step: 0.074 (last = 0.0827), fitness=-446414345.253170550
1590.49 secs, 157957 evals, 157867 steps, improv/step: 0.074 (last = 0.0730), fitness=-446414349.773099184
1620.49 secs, 160666 evals, 160576 steps, improv/step: 0.075 (last = 0.0856), fitness=-446414355.366640508
1650.49 secs, 163416 evals, 163326 steps, improv/step: 0.074 (last = 0.0713), fitness=-446414357.878770947
1680.49 secs, 166187 evals, 166097 steps, improv/step: 0.074 (last = 0.0668), fitness=-446414360.588011801
1710.50 secs, 168874 evals, 168785 steps, improv/step: 0.074 (last = 0.0751), fitness=-446414363.852660239
1740.51 secs, 171451 evals, 171362 steps, improv/step: 0.074 (last = 0.0582), fitness=-446414364.936281383
1770.51 secs, 174216 evals, 174127 steps, improv/step: 0.074 (last = 0.0608), fitness=-446414366.114322066
1800.51 secs, 176922 evals, 176833 steps, improv/step: 0.074 (last = 0.0735), fitness=-446414367.772129178
1830.51 secs, 179776 evals, 179687 steps, improv/step: 0.074 (last = 0.0589), fitness=-446414369.133011758
1860.52 secs, 182469 evals, 182380 steps, improv/step: 0.073 (last = 0.0587), fitness=-446414369.437550128
1890.52 secs, 185088 evals, 184999 steps, improv/step: 0.073 (last = 0.0538), fitness=-446414369.589659989
1920.52 secs, 187701 evals, 187612 steps, improv/step: 0.073 (last = 0.0478), fitness=-446414369.696343243
1950.53 secs, 190272 evals, 190183 steps, improv/step: 0.072 (last = 0.0467), fitness=-446414369.755330920
1980.53 secs, 192948 evals, 192859 steps, improv/step: 0.072 (last = 0.0493), fitness=-446414369.806710780
2010.54 secs, 195610 evals, 195521 steps, improv/step: 0.072 (last = 0.0515), fitness=-446414369.837129891
2040.54 secs, 198178 evals, 198090 steps, improv/step: 0.072 (last = 0.0518), fitness=-446414369.927843690
2070.55 secs, 200876 evals, 200788 steps, improv/step: 0.072 (last = 0.0834), fitness=-446414369.977372885
2100.56 secs, 203421 evals, 203333 steps, improv/step: 0.072 (last = 0.0680), fitness=-446414370.011946142
2130.56 secs, 206052 evals, 205964 steps, improv/step: 0.072 (last = 0.0658), fitness=-446414370.034601867
2160.57 secs, 208802 evals, 208714 steps, improv/step: 0.072 (last = 0.0658), fitness=-446414370.087340117
2190.58 secs, 211500 evals, 211412 steps, improv/step: 0.072 (last = 0.0856), fitness=-446414370.134836018
2220.59 secs, 214034 evals, 213946 steps, improv/step: 0.072 (last = 0.0971), fitness=-446414370.268793523
2250.59 secs, 216704 evals, 216616 steps, improv/step: 0.072 (last = 0.0918), fitness=-446414370.435129702
2280.60 secs, 219571 evals, 219483 steps, improv/step: 0.072 (last = 0.0820), fitness=-446414370.561075509
2310.60 secs, 222328 evals, 222240 steps, improv/step: 0.072 (last = 0.0624), fitness=-446414370.700383902
2340.61 secs, 224987 evals, 224899 steps, improv/step: 0.072 (last = 0.0756), fitness=-446414370.891885638
2370.61 secs, 227702 evals, 227614 steps, improv/step: 0.072 (last = 0.0766), fitness=-446414371.137019634
2400.62 secs, 230352 evals, 230265 steps, improv/step: 0.072 (last = 0.0600), fitness=-446414371.543491006
2430.62 secs, 232888 evals, 232802 steps, improv/step: 0.072 (last = 0.0698), fitness=-446414372.048139930
2460.63 secs, 235456 evals, 235370 steps, improv/step: 0.072 (last = 0.0635), fitness=-446414372.272638381
2490.63 secs, 238138 evals, 238052 steps, improv/step: 0.072 (last = 0.0474), fitness=-446414372.418137789
2520.68 secs, 240891 evals, 240805 steps, improv/step: 0.072 (last = 0.0498), fitness=-446414372.812501431
2550.78 secs, 243473 evals, 243387 steps, improv/step: 0.071 (last = 0.0523), fitness=-446414373.178902686
2580.79 secs, 246203 evals, 246117 steps, improv/step: 0.071 (last = 0.0473), fitness=-446414373.588951826
2610.79 secs, 248966 evals, 248882 steps, improv/step: 0.071 (last = 0.0568), fitness=-446414373.985502005
2640.81 secs, 251648 evals, 251564 steps, improv/step: 0.071 (last = 0.0433), fitness=-446414374.224207401
2670.81 secs, 254227 evals, 254143 steps, improv/step: 0.070 (last = 0.0364), fitness=-446414374.787931502
2700.82 secs, 256950 evals, 256866 steps, improv/step: 0.070 (last = 0.0338), fitness=-446414375.088113666
2730.82 secs, 259475 evals, 259391 steps, improv/step: 0.070 (last = 0.0392), fitness=-446414375.711079359
2760.83 secs, 261996 evals, 261912 steps, improv/step: 0.069 (last = 0.0583), fitness=-446414376.185514092
2790.83 secs, 264587 evals, 264503 steps, improv/step: 0.069 (last = 0.0455), fitness=-446414376.925258279
2820.83 secs, 267167 evals, 267084 steps, improv/step: 0.069 (last = 0.0438), fitness=-446414377.911989510
2850.84 secs, 269904 evals, 269821 steps, improv/step: 0.069 (last = 0.0530), fitness=-446414378.578826010
2880.84 secs, 272356 evals, 272273 steps, improv/step: 0.069 (last = 0.0477), fitness=-446414379.163553178
2910.85 secs, 275150 evals, 275067 steps, improv/step: 0.068 (last = 0.0487), fitness=-446414379.980699182
2940.85 secs, 277901 evals, 277818 steps, improv/step: 0.068 (last = 0.0516), fitness=-446414380.554845512
2970.85 secs, 280517 evals, 280434 steps, improv/step: 0.068 (last = 0.0508), fitness=-446414381.278973460
3000.90 secs, 283070 evals, 282987 steps, improv/step: 0.068 (last = 0.0642), fitness=-446414382.064193785
3030.91 secs, 285653 evals, 285570 steps, improv/step: 0.068 (last = 0.0387), fitness=-446414382.510563493
3060.92 secs, 288198 evals, 288115 steps, improv/step: 0.068 (last = 0.0413), fitness=-446414383.332712948
3090.92 secs, 290685 evals, 290602 steps, improv/step: 0.067 (last = 0.0338), fitness=-446414383.683172941
3120.93 secs, 293270 evals, 293188 steps, improv/step: 0.067 (last = 0.0387), fitness=-446414384.504014552
3150.93 secs, 295855 evals, 295773 steps, improv/step: 0.067 (last = 0.0445), fitness=-446414385.248673558
3180.93 secs, 298507 evals, 298425 steps, improv/step: 0.067 (last = 0.0415), fitness=-446414385.425511897
3210.96 secs, 301211 evals, 301129 steps, improv/step: 0.066 (last = 0.0351), fitness=-446414386.058684945
3240.97 secs, 303845 evals, 303763 steps, improv/step: 0.066 (last = 0.0330), fitness=-446414386.332623303
3270.97 secs, 306502 evals, 306420 steps, improv/step: 0.066 (last = 0.0380), fitness=-446414386.908028841
3300.97 secs, 309288 evals, 309207 steps, improv/step: 0.066 (last = 0.0398), fitness=-446414387.867058218
3330.97 secs, 312107 evals, 312026 steps, improv/step: 0.065 (last = 0.0330), fitness=-446414388.536855757
3360.98 secs, 314772 evals, 314691 steps, improv/step: 0.065 (last = 0.0353), fitness=-446414389.523476005
3390.98 secs, 317457 evals, 317377 steps, improv/step: 0.065 (last = 0.0320), fitness=-446414390.616649866
3420.98 secs, 320132 evals, 320052 steps, improv/step: 0.064 (last = 0.0333), fitness=-446414391.043295741
3450.99 secs, 322923 evals, 322843 steps, improv/step: 0.064 (last = 0.0297), fitness=-446414391.510675848
3480.99 secs, 325675 evals, 325595 steps, improv/step: 0.064 (last = 0.0294), fitness=-446414392.794628084
3510.99 secs, 328390 evals, 328311 steps, improv/step: 0.064 (last = 0.0306), fitness=-446414393.193625629
3541.00 secs, 331067 evals, 330988 steps, improv/step: 0.063 (last = 0.0388), fitness=-446414394.784225285
3571.01 secs, 333793 evals, 333714 steps, improv/step: 0.063 (last = 0.0337), fitness=-446414398.099397659
3601.02 secs, 336456 evals, 336377 steps, improv/step: 0.063 (last = 0.0300), fitness=-446414398.428485215
3631.02 secs, 339173 evals, 339094 steps, improv/step: 0.063 (last = 0.0372), fitness=-446414399.736988664
3661.03 secs, 342017 evals, 341939 steps, improv/step: 0.063 (last = 0.0404), fitness=-446414400.483034313
3691.03 secs, 344574 evals, 344496 steps, improv/step: 0.062 (last = 0.0399), fitness=-446414401.869672716
3721.03 secs, 347033 evals, 346955 steps, improv/step: 0.062 (last = 0.0338), fitness=-446414402.357016802
3751.04 secs, 349769 evals, 349691 steps, improv/step: 0.062 (last = 0.0376), fitness=-446414402.859749913
3781.04 secs, 352338 evals, 352260 steps, improv/step: 0.062 (last = 0.0354), fitness=-446414403.388450444
3811.04 secs, 355012 evals, 354935 steps, improv/step: 0.062 (last = 0.0370), fitness=-446414404.266418338
3841.05 secs, 357561 evals, 357484 steps, improv/step: 0.061 (last = 0.0267), fitness=-446414404.669780672
3871.06 secs, 360074 evals, 359997 steps, improv/step: 0.061 (last = 0.0322), fitness=-446414405.164416850
3901.07 secs, 362585 evals, 362509 steps, improv/step: 0.061 (last = 0.0414), fitness=-446414406.468572497
3931.07 secs, 365298 evals, 365223 steps, improv/step: 0.061 (last = 0.0398), fitness=-446414407.196082234
3961.20 secs, 367996 evals, 367921 steps, improv/step: 0.061 (last = 0.0393), fitness=-446414408.088379025
3991.31 secs, 370533 evals, 370458 steps, improv/step: 0.061 (last = 0.0473), fitness=-446414408.603651404
4021.32 secs, 373260 evals, 373186 steps, improv/step: 0.060 (last = 0.0411), fitness=-446414409.562790275
4051.32 secs, 375795 evals, 375721 steps, improv/step: 0.060 (last = 0.0398), fitness=-446414410.070549309
4081.33 secs, 378342 evals, 378268 steps, improv/step: 0.060 (last = 0.0377), fitness=-446414410.969578862
4111.33 secs, 380861 evals, 380787 steps, improv/step: 0.060 (last = 0.0333), fitness=-446414411.471795142
4141.34 secs, 383466 evals, 383392 steps, improv/step: 0.060 (last = 0.0319), fitness=-446414411.812662482
4171.35 secs, 386011 evals, 385937 steps, improv/step: 0.060 (last = 0.0354), fitness=-446414412.004919946
4201.35 secs, 388602 evals, 388528 steps, improv/step: 0.059 (last = 0.0374), fitness=-446414412.497580707
4231.36 secs, 391180 evals, 391106 steps, improv/step: 0.059 (last = 0.0384), fitness=-446414412.968839049
4261.36 secs, 393877 evals, 393803 steps, improv/step: 0.059 (last = 0.0352), fitness=-446414413.848041058
4291.37 secs, 396616 evals, 396542 steps, improv/step: 0.059 (last = 0.0405), fitness=-446414414.349458814
4321.38 secs, 399576 evals, 399503 steps, improv/step: 0.059 (last = 0.0324), fitness=-446414415.193679094
4351.38 secs, 402352 evals, 402279 steps, improv/step: 0.059 (last = 0.0321), fitness=-446414416.148783207
4381.38 secs, 405030 evals, 404957 steps, improv/step: 0.058 (last = 0.0284), fitness=-446414416.733054101
4411.39 secs, 407781 evals, 407709 steps, improv/step: 0.058 (last = 0.0349), fitness=-446414417.134152710
4441.39 secs, 410113 evals, 410042 steps, improv/step: 0.058 (last = 0.0424), fitness=-446414417.322135687
4471.43 secs, 412708 evals, 412637 steps, improv/step: 0.058 (last = 0.0513), fitness=-446414417.731894433
4501.44 secs, 415043 evals, 414972 steps, improv/step: 0.058 (last = 0.0531), fitness=-446414418.123868465
4531.44 secs, 417713 evals, 417642 steps, improv/step: 0.058 (last = 0.0566), fitness=-446414419.543504834
4561.45 secs, 420130 evals, 420059 steps, improv/step: 0.058 (last = 0.0513), fitness=-446414419.841509938
4591.46 secs, 422645 evals, 422574 steps, improv/step: 0.058 (last = 0.0433), fitness=-446414420.814041913
4621.46 secs, 425186 evals, 425116 steps, improv/step: 0.058 (last = 0.0350), fitness=-446414421.449624360
4651.46 secs, 427851 evals, 427781 steps, improv/step: 0.058 (last = 0.0432), fitness=-446414421.789804637
4681.46 secs, 430409 evals, 430339 steps, improv/step: 0.058 (last = 0.0379), fitness=-446414422.396177173
4711.47 secs, 433116 evals, 433046 steps, improv/step: 0.058 (last = 0.0429), fitness=-446414423.089874208
4741.47 secs, 435766 evals, 435696 steps, improv/step: 0.057 (last = 0.0347), fitness=-446414423.704939425
4771.47 secs, 438454 evals, 438384 steps, improv/step: 0.057 (last = 0.0294), fitness=-446414424.297870517
4801.48 secs, 441133 evals, 441063 steps, improv/step: 0.057 (last = 0.0373), fitness=-446414426.131744802
4831.48 secs, 443682 evals, 443612 steps, improv/step: 0.057 (last = 0.0341), fitness=-446414427.457419991
4861.49 secs, 446521 evals, 446451 steps, improv/step: 0.057 (last = 0.0331), fitness=-446414428.102402449
4891.49 secs, 449162 evals, 449093 steps, improv/step: 0.057 (last = 0.0254), fitness=-446414429.673881948
4921.96 secs, 451964 evals, 451896 steps, improv/step: 0.056 (last = 0.0307), fitness=-446414429.938482881
4951.96 secs, 454855 evals, 454787 steps, improv/step: 0.056 (last = 0.0367), fitness=-446414430.330911338
4981.96 secs, 457574 evals, 457506 steps, improv/step: 0.056 (last = 0.0368), fitness=-446414431.235250115
5011.96 secs, 460248 evals, 460180 steps, improv/step: 0.056 (last = 0.0254), fitness=-446414431.840338230
5041.96 secs, 463077 evals, 463009 steps, improv/step: 0.056 (last = 0.0286), fitness=-446414432.452339113
5071.98 secs, 465783 evals, 465715 steps, improv/step: 0.056 (last = 0.0248), fitness=-446414433.184787631
5101.98 secs, 468630 evals, 468562 steps, improv/step: 0.056 (last = 0.0253), fitness=-446414433.184787631
5131.99 secs, 471690 evals, 471622 steps, improv/step: 0.055 (last = 0.0206), fitness=-446414433.562658846
5161.99 secs, 474418 evals, 474351 steps, improv/step: 0.055 (last = 0.0249), fitness=-446414434.132534146
5192.00 secs, 477115 evals, 477049 steps, improv/step: 0.055 (last = 0.0263), fitness=-446414434.548573017
5222.11 secs, 479948 evals, 479882 steps, improv/step: 0.055 (last = 0.0286), fitness=-446414435.093321621
5252.11 secs, 482735 evals, 482669 steps, improv/step: 0.055 (last = 0.0258), fitness=-446414435.270846307
5282.12 secs, 485737 evals, 485671 steps, improv/step: 0.055 (last = 0.0320), fitness=-446414435.735180974
5312.12 secs, 488555 evals, 488489 steps, improv/step: 0.054 (last = 0.0309), fitness=-446414436.831453681
5342.13 secs, 491218 evals, 491152 steps, improv/step: 0.054 (last = 0.0285), fitness=-446414438.362818301
5372.13 secs, 494185 evals, 494119 steps, improv/step: 0.054 (last = 0.0344), fitness=-446414438.362818301
5402.13 secs, 496961 evals, 496895 steps, improv/step: 0.054 (last = 0.0306), fitness=-446414439.470362544
5432.14 secs, 499420 evals, 499354 steps, improv/step: 0.054 (last = 0.0317), fitness=-446414440.469511986
5462.14 secs, 502044 evals, 501978 steps, improv/step: 0.054 (last = 0.0328), fitness=-446414441.416679144
5492.15 secs, 504616 evals, 504551 steps, improv/step: 0.054 (last = 0.0307), fitness=-446414442.978055537
5522.15 secs, 507296 evals, 507231 steps, improv/step: 0.053 (last = 0.0220), fitness=-446414443.452845156
5552.15 secs, 509820 evals, 509755 steps, improv/step: 0.053 (last = 0.0368), fitness=-446414443.861349642
5582.16 secs, 512337 evals, 512273 steps, improv/step: 0.053 (last = 0.0286), fitness=-446414444.960178375
5612.17 secs, 514917 evals, 514853 steps, improv/step: 0.053 (last = 0.0213), fitness=-446414445.400893450
5642.17 secs, 517610 evals, 517546 steps, improv/step: 0.053 (last = 0.0264), fitness=-446414446.684200883
5672.17 secs, 520059 evals, 519995 steps, improv/step: 0.053 (last = 0.0249), fitness=-446414446.684200883
5702.18 secs, 522525 evals, 522461 steps, improv/step: 0.053 (last = 0.0272), fitness=-446414447.383547902
5732.18 secs, 525062 evals, 524999 steps, improv/step: 0.053 (last = 0.0284), fitness=-446414447.815452099
5762.18 secs, 527482 evals, 527419 steps, improv/step: 0.052 (last = 0.0190), fitness=-446414447.920533776
5792.18 secs, 529847 evals, 529784 steps, improv/step: 0.052 (last = 0.0233), fitness=-446414448.753494203
5822.19 secs, 532247 evals, 532184 steps, improv/step: 0.052 (last = 0.0292), fitness=-446414449.387978315
5852.33 secs, 534860 evals, 534797 steps, improv/step: 0.052 (last = 0.0287), fitness=-446414449.904841006
5882.33 secs, 537297 evals, 537235 steps, improv/step: 0.052 (last = 0.0258), fitness=-446414450.140242338
5912.33 secs, 539762 evals, 539700 steps, improv/step: 0.052 (last = 0.0268), fitness=-446414450.597690046
5942.34 secs, 542304 evals, 542242 steps, improv/step: 0.052 (last = 0.0216), fitness=-446414450.947987914
5972.35 secs, 544803 evals, 544742 steps, improv/step: 0.052 (last = 0.0240), fitness=-446414451.984904230
6002.35 secs, 547297 evals, 547236 steps, improv/step: 0.052 (last = 0.0305), fitness=-446414452.005296767
6032.36 secs, 549665 evals, 549604 steps, improv/step: 0.051 (last = 0.0262), fitness=-446414452.377161741
6062.37 secs, 552120 evals, 552059 steps, improv/step: 0.051 (last = 0.0244), fitness=-446414452.695173740
6092.52 secs, 554545 evals, 554484 steps, improv/step: 0.051 (last = 0.0289), fitness=-446414452.901218951
6122.84 secs, 557098 evals, 557037 steps, improv/step: 0.051 (last = 0.0243), fitness=-446414453.180295825
6152.85 secs, 559621 evals, 559560 steps, improv/step: 0.051 (last = 0.0198), fitness=-446414453.502817512
6182.85 secs, 562203 evals, 562142 steps, improv/step: 0.051 (last = 0.0302), fitness=-446414453.859717131
6212.90 secs, 564615 evals, 564554 steps, improv/step: 0.051 (last = 0.0253), fitness=-446414454.075830460
6242.90 secs, 567365 evals, 567304 steps, improv/step: 0.051 (last = 0.0287), fitness=-446414454.316616774
6272.92 secs, 570003 evals, 569942 steps, improv/step: 0.050 (last = 0.0239), fitness=-446414454.762721062
6302.92 secs, 572411 evals, 572350 steps, improv/step: 0.050 (last = 0.0287), fitness=-446414454.912515223
6332.93 secs, 574772 evals, 574712 steps, improv/step: 0.050 (last = 0.0373), fitness=-446414455.317099035
6362.93 secs, 577227 evals, 577167 steps, improv/step: 0.050 (last = 0.0310), fitness=-446414455.357507825
6392.93 secs, 579822 evals, 579763 steps, improv/step: 0.050 (last = 0.0277), fitness=-446414455.978479624
6422.94 secs, 582449 evals, 582390 steps, improv/step: 0.050 (last = 0.0263), fitness=-446414456.522138655
6452.94 secs, 584957 evals, 584898 steps, improv/step: 0.050 (last = 0.0235), fitness=-446414456.886723220
6483.07 secs, 587477 evals, 587418 steps, improv/step: 0.050 (last = 0.0226), fitness=-446414457.453012943
6513.07 secs, 590138 evals, 590079 steps, improv/step: 0.050 (last = 0.0225), fitness=-446414457.800640702
6543.08 secs, 592733 evals, 592675 steps, improv/step: 0.050 (last = 0.0304), fitness=-446414458.621073842
6573.09 secs, 595423 evals, 595367 steps, improv/step: 0.049 (last = 0.0227), fitness=-446414458.850420773
6603.09 secs, 598188 evals, 598132 steps, improv/step: 0.049 (last = 0.0199), fitness=-446414459.309489548
6633.09 secs, 600807 evals, 600752 steps, improv/step: 0.049 (last = 0.0260), fitness=-446414459.479634881
6663.10 secs, 603648 evals, 603593 steps, improv/step: 0.049 (last = 0.0197), fitness=-446414460.198658168
6693.11 secs, 606280 evals, 606226 steps, improv/step: 0.049 (last = 0.0254), fitness=-446414460.646355450
6723.11 secs, 608927 evals, 608873 steps, improv/step: 0.049 (last = 0.0200), fitness=-446414461.082994938
6753.14 secs, 611331 evals, 611277 steps, improv/step: 0.049 (last = 0.0308), fitness=-446414461.366961300
6783.15 secs, 613965 evals, 613911 steps, improv/step: 0.049 (last = 0.0243), fitness=-446414461.483690202
6813.16 secs, 616648 evals, 616594 steps, improv/step: 0.049 (last = 0.0235), fitness=-446414461.735426188
6843.16 secs, 619334 evals, 619280 steps, improv/step: 0.049 (last = 0.0290), fitness=-446414462.294372082
6873.17 secs, 621860 evals, 621806 steps, improv/step: 0.048 (last = 0.0234), fitness=-446414462.294372082
6903.18 secs, 624205 evals, 624151 steps, improv/step: 0.048 (last = 0.0316), fitness=-446414462.894704938
6933.18 secs, 626567 evals, 626513 steps, improv/step: 0.048 (last = 0.0288), fitness=-446414463.459944248
6963.18 secs, 629242 evals, 629188 steps, improv/step: 0.048 (last = 0.0355), fitness=-446414463.963200331
6993.19 secs, 631685 evals, 631631 steps, improv/step: 0.048 (last = 0.0368), fitness=-446414464.318336666
7023.37 secs, 634247 evals, 634193 steps, improv/step: 0.048 (last = 0.0328), fitness=-446414464.366763532
7053.37 secs, 636920 evals, 636867 steps, improv/step: 0.048 (last = 0.0370), fitness=-446414465.639333904
7083.41 secs, 639316 evals, 639263 steps, improv/step: 0.048 (last = 0.0288), fitness=-446414465.852052212
7113.42 secs, 641795 evals, 641742 steps, improv/step: 0.048 (last = 0.0294), fitness=-446414466.756133139
7143.42 secs, 644349 evals, 644296 steps, improv/step: 0.048 (last = 0.0313), fitness=-446414466.947461724
7173.43 secs, 646826 evals, 646773 steps, improv/step: 0.048 (last = 0.0355), fitness=-446414468.208609521
7203.44 secs, 649388 evals, 649335 steps, improv/step: 0.048 (last = 0.0363), fitness=-446414468.687779427
7233.45 secs, 652034 evals, 651981 steps, improv/step: 0.048 (last = 0.0306), fitness=-446414469.471205831
7263.46 secs, 654522 evals, 654469 steps, improv/step: 0.048 (last = 0.0297), fitness=-446414470.430178225
7293.47 secs, 657156 evals, 657103 steps, improv/step: 0.048 (last = 0.0349), fitness=-446414471.199927270
7323.55 secs, 659713 evals, 659660 steps, improv/step: 0.048 (last = 0.0321), fitness=-446414471.916395903
7353.56 secs, 662347 evals, 662295 steps, improv/step: 0.047 (last = 0.0288), fitness=-446414473.368169725
7383.56 secs, 665073 evals, 665021 steps, improv/step: 0.047 (last = 0.0275), fitness=-446414473.610917091
7413.57 secs, 667594 evals, 667542 steps, improv/step: 0.047 (last = 0.0325), fitness=-446414474.740476310
7443.58 secs, 670157 evals, 670105 steps, improv/step: 0.047 (last = 0.0324), fitness=-446414474.740476310
7473.75 secs, 672773 evals, 672721 steps, improv/step: 0.047 (last = 0.0340), fitness=-446414475.622752428
7503.75 secs, 675281 evals, 675230 steps, improv/step: 0.047 (last = 0.0395), fitness=-446414476.543231189
7533.88 secs, 677872 evals, 677821 steps, improv/step: 0.047 (last = 0.0313), fitness=-446414477.039315045
7563.89 secs, 680574 evals, 680523 steps, improv/step: 0.047 (last = 0.0255), fitness=-446414477.308552027
7593.89 secs, 683219 evals, 683168 steps, improv/step: 0.047 (last = 0.0276), fitness=-446414477.901228726
7623.90 secs, 685701 evals, 685650 steps, improv/step: 0.047 (last = 0.0363), fitness=-446414478.175251722
7653.91 secs, 688264 evals, 688213 steps, improv/step: 0.047 (last = 0.0363), fitness=-446414478.584574997
7683.91 secs, 690808 evals, 690757 steps, improv/step: 0.047 (last = 0.0409), fitness=-446414478.767547071
7713.92 secs, 693366 evals, 693315 steps, improv/step: 0.047 (last = 0.0309), fitness=-446414479.264352441
7743.92 secs, 695866 evals, 695815 steps, improv/step: 0.047 (last = 0.0200), fitness=-446414479.264352441
7773.93 secs, 698427 evals, 698376 steps, improv/step: 0.047 (last = 0.0266), fitness=-446414479.486325681
7803.93 secs, 700925 evals, 700874 steps, improv/step: 0.047 (last = 0.0220), fitness=-446414479.868635595
7833.94 secs, 703428 evals, 703378 steps, improv/step: 0.046 (last = 0.0288), fitness=-446414480.193325043
7863.94 secs, 705946 evals, 705896 steps, improv/step: 0.046 (last = 0.0286), fitness=-446414480.384050250
7893.94 secs, 708683 evals, 708633 steps, improv/step: 0.046 (last = 0.0395), fitness=-446414480.482136488
7924.18 secs, 711355 evals, 711305 steps, improv/step: 0.046 (last = 0.0423), fitness=-446414480.870026886
7954.19 secs, 714188 evals, 714139 steps, improv/step: 0.046 (last = 0.0325), fitness=-446414481.163135290
7984.19 secs, 717048 evals, 716999 steps, improv/step: 0.046 (last = 0.0304), fitness=-446414481.288619518
8014.19 secs, 719895 evals, 719846 steps, improv/step: 0.046 (last = 0.0341), fitness=-446414481.691448987
8044.20 secs, 722655 evals, 722607 steps, improv/step: 0.046 (last = 0.0254), fitness=-446414481.820033729
8074.60 secs, 725292 evals, 725246 steps, improv/step: 0.046 (last = 0.0231), fitness=-446414481.851309061
8104.60 secs, 727796 evals, 727750 steps, improv/step: 0.046 (last = 0.0276), fitness=-446414482.089376688
8134.61 secs, 730631 evals, 730585 steps, improv/step: 0.046 (last = 0.0257), fitness=-446414482.296070695
8164.62 secs, 733222 evals, 733176 steps, improv/step: 0.046 (last = 0.0232), fitness=-446414482.428156197
8194.63 secs, 735785 evals, 735740 steps, improv/step: 0.046 (last = 0.0254), fitness=-446414482.673563778
8224.79 secs, 738214 evals, 738170 steps, improv/step: 0.046 (last = 0.0251), fitness=-446414483.008352458
8254.81 secs, 740681 evals, 740637 steps, improv/step: 0.046 (last = 0.0195), fitness=-446414483.008352458
8284.81 secs, 743195 evals, 743151 steps, improv/step: 0.046 (last = 0.0298), fitness=-446414483.125632346
8314.81 secs, 745672 evals, 745628 steps, improv/step: 0.045 (last = 0.0198), fitness=-446414483.217920482
8344.82 secs, 748274 evals, 748230 steps, improv/step: 0.045 (last = 0.0196), fitness=-446414483.282898366
8374.82 secs, 750851 evals, 750807 steps, improv/step: 0.045 (last = 0.0353), fitness=-446414483.385275900
8404.83 secs, 753392 evals, 753350 steps, improv/step: 0.045 (last = 0.0263), fitness=-446414483.683570385
8434.83 secs, 755905 evals, 755863 steps, improv/step: 0.045 (last = 0.0235), fitness=-446414483.798365116
8464.83 secs, 758420 evals, 758379 steps, improv/step: 0.045 (last = 0.0246), fitness=-446414483.983839989
8494.84 secs, 761013 evals, 760972 steps, improv/step: 0.045 (last = 0.0282), fitness=-446414484.078589201
8524.85 secs, 763451 evals, 763411 steps, improv/step: 0.045 (last = 0.0267), fitness=-446414484.321151137
8554.86 secs, 766095 evals, 766055 steps, improv/step: 0.045 (last = 0.0238), fitness=-446414484.375464618
8584.86 secs, 768758 evals, 768718 steps, improv/step: 0.045 (last = 0.0259), fitness=-446414484.637227416
8614.87 secs, 771413 evals, 771373 steps, improv/step: 0.045 (last = 0.0294), fitness=-446414484.825127006
8644.87 secs, 774244 evals, 774204 steps, improv/step: 0.045 (last = 0.0177), fitness=-446414484.936585128
8674.87 secs, 776983 evals, 776943 steps, improv/step: 0.045 (last = 0.0252), fitness=-446414484.954981744
8704.88 secs, 779668 evals, 779628 steps, improv/step: 0.045 (last = 0.0223), fitness=-446414485.242796540
8734.89 secs, 782368 evals, 782329 steps, improv/step: 0.044 (last = 0.0296), fitness=-446414485.314143836
8764.90 secs, 784818 evals, 784779 steps, improv/step: 0.044 (last = 0.0335), fitness=-446414485.496835947
8794.90 secs, 787613 evals, 787574 steps, improv/step: 0.044 (last = 0.0290), fitness=-446414485.636472881
8824.95 secs, 790083 evals, 790045 steps, improv/step: 0.044 (last = 0.0227), fitness=-446414486.220173120
8854.95 secs, 792695 evals, 792657 steps, improv/step: 0.044 (last = 0.0283), fitness=-446414486.365120471
8884.97 secs, 795224 evals, 795186 steps, improv/step: 0.044 (last = 0.0312), fitness=-446414486.792783380
8914.97 secs, 797861 evals, 797823 steps, improv/step: 0.044 (last = 0.0334), fitness=-446414486.930557430
8944.98 secs, 800323 evals, 800285 steps, improv/step: 0.044 (last = 0.0321), fitness=-446414487.198325694
8974.99 secs, 803203 evals, 803166 steps, improv/step: 0.044 (last = 0.0274), fitness=-446414487.477331161
9005.00 secs, 806035 evals, 805998 steps, improv/step: 0.044 (last = 0.0304), fitness=-446414488.740156412
9035.00 secs, 808667 evals, 808630 steps, improv/step: 0.044 (last = 0.0357), fitness=-446414489.084073126
9065.01 secs, 811384 evals, 811347 steps, improv/step: 0.044 (last = 0.0269), fitness=-446414489.492064238
9095.01 secs, 814142 evals, 814105 steps, improv/step: 0.044 (last = 0.0243), fitness=-446414490.178404689
9125.02 secs, 816812 evals, 816776 steps, improv/step: 0.044 (last = 0.0243), fitness=-446414490.675086260
9155.03 secs, 819610 evals, 819575 steps, improv/step: 0.044 (last = 0.0275), fitness=-446414491.339859962
9185.03 secs, 822239 evals, 822205 steps, improv/step: 0.044 (last = 0.0304), fitness=-446414491.809770525
9215.03 secs, 824837 evals, 824803 steps, improv/step: 0.044 (last = 0.0285), fitness=-446414491.947576225
9245.04 secs, 827549 evals, 827515 steps, improv/step: 0.044 (last = 0.0306), fitness=-446414492.161720753
9275.04 secs, 830040 evals, 830006 steps, improv/step: 0.044 (last = 0.0297), fitness=-446414492.567649186
9305.04 secs, 832481 evals, 832447 steps, improv/step: 0.044 (last = 0.0274), fitness=-446414493.086788714
9335.05 secs, 834912 evals, 834878 steps, improv/step: 0.044 (last = 0.0304), fitness=-446414493.303522587
9365.06 secs, 837212 evals, 837178 steps, improv/step: 0.043 (last = 0.0222), fitness=-446414493.440674007
9395.06 secs, 839564 evals, 839530 steps, improv/step: 0.043 (last = 0.0251), fitness=-446414493.968920469
9425.06 secs, 841959 evals, 841925 steps, improv/step: 0.043 (last = 0.0238), fitness=-446414494.205107510
9455.06 secs, 844349 evals, 844315 steps, improv/step: 0.043 (last = 0.0180), fitness=-446414494.205107510
9485.07 secs, 846781 evals, 846747 steps, improv/step: 0.043 (last = 0.0185), fitness=-446414494.902015030
9515.08 secs, 849141 evals, 849107 steps, improv/step: 0.043 (last = 0.0292), fitness=-446414495.769019246
9545.08 secs, 851505 evals, 851472 steps, improv/step: 0.043 (last = 0.0199), fitness=-446414495.769019246
9575.08 secs, 853907 evals, 853875 steps, improv/step: 0.043 (last = 0.0241), fitness=-446414495.769019246
9605.48 secs, 856209 evals, 856177 steps, improv/step: 0.043 (last = 0.0222), fitness=-446414495.769019246
9635.49 secs, 858689 evals, 858657 steps, improv/step: 0.043 (last = 0.0206), fitness=-446414495.831923306
9665.49 secs, 861084 evals, 861052 steps, improv/step: 0.043 (last = 0.0184), fitness=-446414496.023851335
9695.50 secs, 863630 evals, 863599 steps, improv/step: 0.043 (last = 0.0239), fitness=-446414496.154527843
9725.50 secs, 866127 evals, 866096 steps, improv/step: 0.043 (last = 0.0248), fitness=-446414496.346185386
9755.50 secs, 868521 evals, 868491 steps, improv/step: 0.043 (last = 0.0238), fitness=-446414496.535794318
9785.51 secs, 870945 evals, 870915 steps, improv/step: 0.043 (last = 0.0206), fitness=-446414496.589373767
9815.51 secs, 873328 evals, 873298 steps, improv/step: 0.043 (last = 0.0176), fitness=-446414497.018509567
9845.58 secs, 875819 evals, 875789 steps, improv/step: 0.043 (last = 0.0209), fitness=-446414497.018509567
9875.58 secs, 878310 evals, 878280 steps, improv/step: 0.042 (last = 0.0149), fitness=-446414497.488747060
9905.85 secs, 880784 evals, 880754 steps, improv/step: 0.042 (last = 0.0146), fitness=-446414497.488747060
9935.86 secs, 883172 evals, 883142 steps, improv/step: 0.042 (last = 0.0172), fitness=-446414497.885901093
9965.86 secs, 885566 evals, 885537 steps, improv/step: 0.042 (last = 0.0209), fitness=-446414497.938957214
9995.87 secs, 887968 evals, 887939 steps, improv/step: 0.042 (last = 0.0291), fitness=-446414498.358889401
10025.88 secs, 890355 evals, 890326 steps, improv/step: 0.042 (last = 0.0226), fitness=-446414498.669562817
10056.30 secs, 892860 evals, 892832 steps, improv/step: 0.042 (last = 0.0208), fitness=-446414498.949761391
10086.32 secs, 895244 evals, 895216 steps, improv/step: 0.042 (last = 0.0172), fitness=-446414499.170338213
10116.32 secs, 897645 evals, 897617 steps, improv/step: 0.042 (last = 0.0154), fitness=-446414499.395929694
10146.33 secs, 900076 evals, 900048 steps, improv/step: 0.042 (last = 0.0214), fitness=-446414499.685778320
10176.34 secs, 902564 evals, 902536 steps, improv/step: 0.042 (last = 0.0181), fitness=-446414499.995299101
10206.35 secs, 905030 evals, 905002 steps, improv/step: 0.042 (last = 0.0219), fitness=-446414500.011585772
10236.35 secs, 907487 evals, 907462 steps, improv/step: 0.042 (last = 0.0134), fitness=-446414500.417518675
10266.56 secs, 909896 evals, 909871 steps, improv/step: 0.042 (last = 0.0145), fitness=-446414500.417518675
10296.75 secs, 912310 evals, 912286 steps, improv/step: 0.042 (last = 0.0182), fitness=-446414500.731801569
10326.84 secs, 914730 evals, 914707 steps, improv/step: 0.041 (last = 0.0145), fitness=-446414500.731801569
10357.33 secs, 917156 evals, 917133 steps, improv/step: 0.041 (last = 0.0218), fitness=-446414500.769936383
10387.34 secs, 919613 evals, 919590 steps, improv/step: 0.041 (last = 0.0195), fitness=-446414501.064059556
10417.34 secs, 921971 evals, 921948 steps, improv/step: 0.041 (last = 0.0157), fitness=-446414501.504175186
10447.34 secs, 924387 evals, 924364 steps, improv/step: 0.041 (last = 0.0132), fitness=-446414501.504175186
10477.34 secs, 927018 evals, 926997 steps, improv/step: 0.041 (last = 0.0133), fitness=-446414501.702172160
10507.36 secs, 929663 evals, 929642 steps, improv/step: 0.041 (last = 0.0113), fitness=-446414501.702172160
10537.37 secs, 932311 evals, 932290 steps, improv/step: 0.041 (last = 0.0170), fitness=-446414501.734505713
10567.37 secs, 934887 evals, 934867 steps, improv/step: 0.041 (last = 0.0136), fitness=-446414501.912207246
10597.38 secs, 937576 evals, 937557 steps, improv/step: 0.041 (last = 0.0134), fitness=-446414502.239837885
10627.58 secs, 940179 evals, 940161 steps, improv/step: 0.041 (last = 0.0161), fitness=-446414502.239837885
10657.60 secs, 942854 evals, 942836 steps, improv/step: 0.041 (last = 0.0176), fitness=-446414502.356612146
10687.61 secs, 945457 evals, 945439 steps, improv/step: 0.041 (last = 0.0177), fitness=-446414502.519908547
10717.62 secs, 948027 evals, 948010 steps, improv/step: 0.041 (last = 0.0148), fitness=-446414502.524887204
10747.63 secs, 950569 evals, 950553 steps, improv/step: 0.041 (last = 0.0189), fitness=-446414502.729641616
10777.64 secs, 953266 evals, 953251 steps, improv/step: 0.040 (last = 0.0182), fitness=-446414502.729641616
10807.64 secs, 955894 evals, 955879 steps, improv/step: 0.040 (last = 0.0137), fitness=-446414502.729641616
10837.65 secs, 958539 evals, 958525 steps, improv/step: 0.040 (last = 0.0110), fitness=-446414502.783193648
10867.65 secs, 960968 evals, 960954 steps, improv/step: 0.040 (last = 0.0218), fitness=-446414502.816647232
10897.66 secs, 963556 evals, 963544 steps, improv/step: 0.040 (last = 0.0127), fitness=-446414502.816647232
10927.68 secs, 966219 evals, 966207 steps, improv/step: 0.040 (last = 0.0158), fitness=-446414502.819567919
10957.68 secs, 968652 evals, 968641 steps, improv/step: 0.040 (last = 0.0119), fitness=-446414502.858641148
10987.68 secs, 971017 evals, 971006 steps, improv/step: 0.040 (last = 0.0161), fitness=-446414502.872713506
11017.68 secs, 973567 evals, 973556 steps, improv/step: 0.040 (last = 0.0157), fitness=-446414502.923202157
11047.69 secs, 976105 evals, 976095 steps, improv/step: 0.040 (last = 0.0177), fitness=-446414502.949016154
11077.70 secs, 978533 evals, 978524 steps, improv/step: 0.040 (last = 0.0259), fitness=-446414502.991237700
11107.70 secs, 981245 evals, 981237 steps, improv/step: 0.040 (last = 0.0299), fitness=-446414503.055471063
11137.71 secs, 983828 evals, 983820 steps, improv/step: 0.040 (last = 0.0217), fitness=-446414503.123520613
11167.71 secs, 986365 evals, 986357 steps, improv/step: 0.040 (last = 0.0201), fitness=-446414503.133603811
11197.71 secs, 989120 evals, 989112 steps, improv/step: 0.040 (last = 0.0225), fitness=-446414503.220345855
11228.09 secs, 992019 evals, 992011 steps, improv/step: 0.040 (last = 0.0238), fitness=-446414503.232637465
11258.10 secs, 994679 evals, 994671 steps, improv/step: 0.040 (last = 0.0203), fitness=-446414503.277038395
11288.11 secs, 997325 evals, 997317 steps, improv/step: 0.040 (last = 0.0242), fitness=-446414503.376320899
11318.11 secs, 999985 evals, 999977 steps, improv/step: 0.039 (last = 0.0229), fitness=-446414503.444008291
11348.12 secs, 1002696 evals, 1002688 steps, improv/step: 0.039 (last = 0.0195), fitness=-446414503.444008291
11378.12 secs, 1005248 evals, 1005240 steps, improv/step: 0.039 (last = 0.0196), fitness=-446414503.525558352
11408.13 secs, 1007865 evals, 1007857 steps, improv/step: 0.039 (last = 0.0195), fitness=-446414503.609165370
11438.14 secs, 1010525 evals, 1010518 steps, improv/step: 0.039 (last = 0.0248), fitness=-446414503.669607699
11468.15 secs, 1012949 evals, 1012942 steps, improv/step: 0.039 (last = 0.0252), fitness=-446414503.713265717
11498.15 secs, 1015528 evals, 1015521 steps, improv/step: 0.039 (last = 0.0213), fitness=-446414503.740751684
11528.16 secs, 1018127 evals, 1018120 steps, improv/step: 0.039 (last = 0.0192), fitness=-446414503.781686544
11558.17 secs, 1020781 evals, 1020775 steps, improv/step: 0.039 (last = 0.0177), fitness=-446414503.951325715
11588.17 secs, 1023400 evals, 1023395 steps, improv/step: 0.039 (last = 0.0202), fitness=-446414504.018415868
11618.18 secs, 1025928 evals, 1025923 steps, improv/step: 0.039 (last = 0.0206), fitness=-446414504.153922558
11648.19 secs, 1028676 evals, 1028671 steps, improv/step: 0.039 (last = 0.0215), fitness=-446414504.238450885
11678.19 secs, 1031243 evals, 1031238 steps, improv/step: 0.039 (last = 0.0277), fitness=-446414504.261323392
11708.43 secs, 1033844 evals, 1033839 steps, improv/step: 0.039 (last = 0.0242), fitness=-446414504.340696156
11738.43 secs, 1036449 evals, 1036444 steps, improv/step: 0.039 (last = 0.0292), fitness=-446414504.363626719
11768.44 secs, 1039034 evals, 1039030 steps, improv/step: 0.039 (last = 0.0240), fitness=-446414504.392883658
11798.45 secs, 1041730 evals, 1041727 steps, improv/step: 0.039 (last = 0.0219), fitness=-446414504.438196719
11828.46 secs, 1044436 evals, 1044433 steps, improv/step: 0.039 (last = 0.0207), fitness=-446414504.477912307
11858.46 secs, 1046906 evals, 1046904 steps, improv/step: 0.039 (last = 0.0263), fitness=-446414504.513060510
11888.46 secs, 1049572 evals, 1049570 steps, improv/step: 0.039 (last = 0.0319), fitness=-446414504.534203470
11918.48 secs, 1052110 evals, 1052108 steps, improv/step: 0.039 (last = 0.0232), fitness=-446414504.557671249
11948.48 secs, 1054536 evals, 1054534 steps, improv/step: 0.039 (last = 0.0235), fitness=-446414504.594746470
11978.63 secs, 1057076 evals, 1057074 steps, improv/step: 0.039 (last = 0.0252), fitness=-446414504.654643893
12008.63 secs, 1059676 evals, 1059674 steps, improv/step: 0.039 (last = 0.0288), fitness=-446414504.680102885
12038.63 secs, 1062393 evals, 1062391 steps, improv/step: 0.039 (last = 0.0213), fitness=-446414504.717976272
12068.64 secs, 1065174 evals, 1065172 steps, improv/step: 0.038 (last = 0.0259), fitness=-446414504.763118744
12098.65 secs, 1068023 evals, 1068021 steps, improv/step: 0.038 (last = 0.0267), fitness=-446414504.779171586
12128.65 secs, 1070632 evals, 1070630 steps, improv/step: 0.038 (last = 0.0253), fitness=-446414504.800620556
12158.65 secs, 1073371 evals, 1073369 steps, improv/step: 0.038 (last = 0.0237), fitness=-446414504.837651849
12188.86 secs, 1075863 evals, 1075861 steps, improv/step: 0.038 (last = 0.0273), fitness=-446414504.850514412
12218.87 secs, 1078468 evals, 1078467 steps, improv/step: 0.038 (last = 0.0315), fitness=-446414504.892823458
12248.87 secs, 1080958 evals, 1080957 steps, improv/step: 0.038 (last = 0.0261), fitness=-446414504.928567708
12278.88 secs, 1083673 evals, 1083672 steps, improv/step: 0.038 (last = 0.0280), fitness=-446414504.969115496
12308.88 secs, 1086425 evals, 1086424 steps, improv/step: 0.038 (last = 0.0236), fitness=-446414504.996242702
12338.89 secs, 1088972 evals, 1088971 steps, improv/step: 0.038 (last = 0.0243), fitness=-446414505.016859412
12368.89 secs, 1091478 evals, 1091477 steps, improv/step: 0.038 (last = 0.0251), fitness=-446414505.044045389
12398.89 secs, 1094053 evals, 1094053 steps, improv/step: 0.038 (last = 0.0252), fitness=-446414505.049087286
12428.89 secs, 1096559 evals, 1096559 steps, improv/step: 0.038 (last = 0.0323), fitness=-446414505.101502240
12459.12 secs, 1099236 evals, 1099236 steps, improv/step: 0.038 (last = 0.0254), fitness=-446414505.101502240
12489.13 secs, 1101784 evals, 1101784 steps, improv/step: 0.038 (last = 0.0275), fitness=-446414505.113280296
12519.14 secs, 1104394 evals, 1104394 steps, improv/step: 0.038 (last = 0.0261), fitness=-446414505.121965826
12549.62 secs, 1106770 evals, 1106770 steps, improv/step: 0.038 (last = 0.0299), fitness=-446414505.127799988
12579.87 secs, 1109292 evals, 1109292 steps, improv/step: 0.038 (last = 0.0282), fitness=-446414505.143176079
12610.43 secs, 1111819 evals, 1111819 steps, improv/step: 0.038 (last = 0.0257), fitness=-446414505.154718161
12640.43 secs, 1114504 evals, 1114504 steps, improv/step: 0.038 (last = 0.0324), fitness=-446414505.172854483
12670.44 secs, 1117244 evals, 1117244 steps, improv/step: 0.038 (last = 0.0307), fitness=-446414505.176600516
12700.44 secs, 1119831 evals, 1119832 steps, improv/step: 0.038 (last = 0.0321), fitness=-446414505.177750587
12730.45 secs, 1122602 evals, 1122603 steps, improv/step: 0.038 (last = 0.0188), fitness=-446414505.179873288
12760.85 secs, 1125263 evals, 1125264 steps, improv/step: 0.038 (last = 0.0218), fitness=-446414505.186860025
12790.86 secs, 1127673 evals, 1127674 steps, improv/step: 0.038 (last = 0.0228), fitness=-446414505.192532182
12820.86 secs, 1130188 evals, 1130189 steps, improv/step: 0.038 (last = 0.0250), fitness=-446414505.205784380
12850.88 secs, 1132696 evals, 1132698 steps, improv/step: 0.038 (last = 0.0187), fitness=-446414505.207069576
12880.88 secs, 1135172 evals, 1135174 steps, improv/step: 0.038 (last = 0.0303), fitness=-446414505.217931688
12910.89 secs, 1137552 evals, 1137555 steps, improv/step: 0.038 (last = 0.0277), fitness=-446414505.239836395
12941.14 secs, 1139963 evals, 1139966 steps, improv/step: 0.038 (last = 0.0265), fitness=-446414505.250900984
12971.23 secs, 1142554 evals, 1142558 steps, improv/step: 0.038 (last = 0.0270), fitness=-446414505.258960664
13001.23 secs, 1145129 evals, 1145134 steps, improv/step: 0.038 (last = 0.0194), fitness=-446414505.267127752
13031.24 secs, 1147649 evals, 1147656 steps, improv/step: 0.038 (last = 0.0178), fitness=-446414505.285696805
13061.25 secs, 1150217 evals, 1150224 steps, improv/step: 0.038 (last = 0.0148), fitness=-446414505.299880564
13091.25 secs, 1152911 evals, 1152918 steps, improv/step: 0.038 (last = 0.0238), fitness=-446414505.315790534
13121.27 secs, 1155554 evals, 1155561 steps, improv/step: 0.037 (last = 0.0208), fitness=-446414505.338153183
13151.28 secs, 1158285 evals, 1158292 steps, improv/step: 0.037 (last = 0.0231), fitness=-446414505.348873198
13181.29 secs, 1160898 evals, 1160906 steps, improv/step: 0.037 (last = 0.0203), fitness=-446414505.355724096
13211.55 secs, 1163475 evals, 1163483 steps, improv/step: 0.037 (last = 0.0229), fitness=-446414505.376219630
13241.72 secs, 1166114 evals, 1166122 steps, improv/step: 0.037 (last = 0.0171), fitness=-446414505.376219630
13271.73 secs, 1168627 evals, 1168635 steps, improv/step: 0.037 (last = 0.0179), fitness=-446414505.392457604
13301.73 secs, 1171328 evals, 1171337 steps, improv/step: 0.037 (last = 0.0170), fitness=-446414505.402965188
13331.74 secs, 1173882 evals, 1173891 steps, improv/step: 0.037 (last = 0.0110), fitness=-446414505.417581677
13361.74 secs, 1176519 evals, 1176529 steps, improv/step: 0.037 (last = 0.0129), fitness=-446414505.419559598
13391.74 secs, 1179229 evals, 1179240 steps, improv/step: 0.037 (last = 0.0166), fitness=-446414505.440611541
13421.75 secs, 1181948 evals, 1181960 steps, improv/step: 0.037 (last = 0.0184), fitness=-446414505.469962180
13451.75 secs, 1184534 evals, 1184546 steps, improv/step: 0.037 (last = 0.0174), fitness=-446414505.473323822
13481.75 secs, 1187236 evals, 1187248 steps, improv/step: 0.037 (last = 0.0118), fitness=-446414505.484097064
13511.77 secs, 1190088 evals, 1190100 steps, improv/step: 0.037 (last = 0.0151), fitness=-446414505.491394401
13541.77 secs, 1192538 evals, 1192551 steps, improv/step: 0.037 (last = 0.0147), fitness=-446414505.505774021
13571.79 secs, 1194970 evals, 1194985 steps, improv/step: 0.037 (last = 0.0119), fitness=-446414505.506707251
13601.79 secs, 1197367 evals, 1197385 steps, improv/step: 0.037 (last = 0.0163), fitness=-446414505.532045424
13631.79 secs, 1199684 evals, 1199702 steps, improv/step: 0.037 (last = 0.0177), fitness=-446414505.541956246
13662.06 secs, 1202097 evals, 1202115 steps, improv/step: 0.037 (last = 0.0153), fitness=-446414505.548389256
13692.14 secs, 1204429 evals, 1204447 steps, improv/step: 0.037 (last = 0.0189), fitness=-446414505.548389256
13722.14 secs, 1206753 evals, 1206771 steps, improv/step: 0.037 (last = 0.0129), fitness=-446414505.552951396
13752.39 secs, 1209104 evals, 1209122 steps, improv/step: 0.037 (last = 0.0162), fitness=-446414505.571078539
13782.40 secs, 1211511 evals, 1211529 steps, improv/step: 0.037 (last = 0.0141), fitness=-446414505.584907949
13812.74 secs, 1214187 evals, 1214205 steps, improv/step: 0.036 (last = 0.0138), fitness=-446414505.588337183
13842.75 secs, 1216722 evals, 1216740 steps, improv/step: 0.036 (last = 0.0150), fitness=-446414505.599797070
13872.75 secs, 1219297 evals, 1219317 steps, improv/step: 0.036 (last = 0.0155), fitness=-446414505.605320692
13902.75 secs, 1221889 evals, 1221909 steps, improv/step: 0.036 (last = 0.0185), fitness=-446414505.628973961
13932.75 secs, 1224638 evals, 1224659 steps, improv/step: 0.036 (last = 0.0171), fitness=-446414505.636502922
13962.98 secs, 1227178 evals, 1227199 steps, improv/step: 0.036 (last = 0.0134), fitness=-446414505.639011443
13992.98 secs, 1229685 evals, 1229706 steps, improv/step: 0.036 (last = 0.0152), fitness=-446414505.645271242
14022.98 secs, 1232203 evals, 1232224 steps, improv/step: 0.036 (last = 0.0159), fitness=-446414505.650716364
14052.99 secs, 1234930 evals, 1234952 steps, improv/step: 0.036 (last = 0.0191), fitness=-446414505.652309179
14083.00 secs, 1237470 evals, 1237492 steps, improv/step: 0.036 (last = 0.0173), fitness=-446414505.671540976
14113.06 secs, 1239897 evals, 1239920 steps, improv/step: 0.036 (last = 0.0144), fitness=-446414505.671540976
14143.07 secs, 1242427 evals, 1242451 steps, improv/step: 0.036 (last = 0.0138), fitness=-446414505.678126752
14173.07 secs, 1244830 evals, 1244856 steps, improv/step: 0.036 (last = 0.0220), fitness=-446414505.679721236
14203.08 secs, 1247370 evals, 1247398 steps, improv/step: 0.036 (last = 0.0153), fitness=-446414505.688224137
14233.39 secs, 1249918 evals, 1249946 steps, improv/step: 0.036 (last = 0.0145), fitness=-446414505.690154135
14263.40 secs, 1252574 evals, 1252603 steps, improv/step: 0.036 (last = 0.0120), fitness=-446414505.693386555
14293.40 secs, 1255177 evals, 1255206 steps, improv/step: 0.036 (last = 0.0134), fitness=-446414505.696071029
14323.41 secs, 1257781 evals, 1257810 steps, improv/step: 0.036 (last = 0.0131), fitness=-446414505.705099523
14353.42 secs, 1260377 evals, 1260406 steps, improv/step: 0.036 (last = 0.0127), fitness=-446414505.710919857
14383.42 secs, 1262903 evals, 1262934 steps, improv/step: 0.036 (last = 0.0119), fitness=-446414505.710919857
14413.43 secs, 1265552 evals, 1265583 steps, improv/step: 0.036 (last = 0.0106), fitness=-446414505.717964232
14443.77 secs, 1268146 evals, 1268178 steps, improv/step: 0.036 (last = 0.0096), fitness=-446414505.717964232
14473.77 secs, 1270747 evals, 1270779 steps, improv/step: 0.035 (last = 0.0073), fitness=-446414505.717964232
14503.87 secs, 1273049 evals, 1273081 steps, improv/step: 0.035 (last = 0.0139), fitness=-446414505.723250747
14533.87 secs, 1275462 evals, 1275495 steps, improv/step: 0.035 (last = 0.0112), fitness=-446414505.723250747
14563.88 secs, 1278031 evals, 1278064 steps, improv/step: 0.035 (last = 0.0117), fitness=-446414505.730992615
14593.89 secs, 1280751 evals, 1280784 steps, improv/step: 0.035 (last = 0.0180), fitness=-446414505.731060982
14623.89 secs, 1283208 evals, 1283241 steps, improv/step: 0.035 (last = 0.0118), fitness=-446414505.731561780
14653.90 secs, 1285848 evals, 1285881 steps, improv/step: 0.035 (last = 0.0258), fitness=-446414505.738783777
14684.07 secs, 1288687 evals, 1288721 steps, improv/step: 0.035 (last = 0.0222), fitness=-446414505.748702347
14714.50 secs, 1291587 evals, 1291621 steps, improv/step: 0.035 (last = 0.0186), fitness=-446414505.757868767
14744.51 secs, 1294096 evals, 1294131 steps, improv/step: 0.035 (last = 0.0120), fitness=-446414505.758450150
14774.51 secs, 1296739 evals, 1296774 steps, improv/step: 0.035 (last = 0.0151), fitness=-446414505.760161877
14804.52 secs, 1299246 evals, 1299281 steps, improv/step: 0.035 (last = 0.0128), fitness=-446414505.765607655
14834.53 secs, 1301756 evals, 1301791 steps, improv/step: 0.035 (last = 0.0175), fitness=-446414505.765868485
14864.53 secs, 1304352 evals, 1304388 steps, improv/step: 0.035 (last = 0.0146), fitness=-446414505.773677886
14894.53 secs, 1306786 evals, 1306822 steps, improv/step: 0.035 (last = 0.0148), fitness=-446414505.780135870
14924.54 secs, 1309313 evals, 1309349 steps, improv/step: 0.035 (last = 0.0131), fitness=-446414505.780204535
14954.55 secs, 1311883 evals, 1311919 steps, improv/step: 0.035 (last = 0.0152), fitness=-446414505.786133766
14984.55 secs, 1314261 evals, 1314297 steps, improv/step: 0.035 (last = 0.0164), fitness=-446414505.791386962
15014.56 secs, 1316715 evals, 1316751 steps, improv/step: 0.035 (last = 0.0134), fitness=-446414505.795987368
15044.77 secs, 1320076 evals, 1320113 steps, improv/step: 0.035 (last = 0.0122), fitness=-446414505.800629914
15074.78 secs, 1324410 evals, 1324449 steps, improv/step: 0.035 (last = 0.0136), fitness=-446414505.805310607
15104.78 secs, 1328668 evals, 1328708 steps, improv/step: 0.035 (last = 0.0155), fitness=-446414505.808955431
15134.78 secs, 1333007 evals, 1333047 steps, improv/step: 0.035 (last = 0.0173), fitness=-446414505.816037655
15164.78 secs, 1337404 evals, 1337445 steps, improv/step: 0.034 (last = 0.0166), fitness=-446414505.818133533
15194.79 secs, 1341668 evals, 1341710 steps, improv/step: 0.034 (last = 0.0174), fitness=-446414505.820412219
15224.79 secs, 1345778 evals, 1345821 steps, improv/step: 0.034 (last = 0.0165), fitness=-446414505.821642995
15254.80 secs, 1350143 evals, 1350187 steps, improv/step: 0.034 (last = 0.0179), fitness=-446414505.826770544
15284.80 secs, 1354495 evals, 1354539 steps, improv/step: 0.034 (last = 0.0202), fitness=-446414505.830980897
15314.80 secs, 1359035 evals, 1359080 steps, improv/step: 0.034 (last = 0.0185), fitness=-446414505.834285557
15344.80 secs, 1363441 evals, 1363487 steps, improv/step: 0.034 (last = 0.0145), fitness=-446414505.840114295
15374.80 secs, 1367790 evals, 1367836 steps, improv/step: 0.034 (last = 0.0184), fitness=-446414505.843675911
15404.81 secs, 1372126 evals, 1372172 steps, improv/step: 0.034 (last = 0.0203), fitness=-446414505.854724348
15434.81 secs, 1376468 evals, 1376514 steps, improv/step: 0.034 (last = 0.0187), fitness=-446414505.856863976
15464.81 secs, 1380630 evals, 1380677 steps, improv/step: 0.034 (last = 0.0173), fitness=-446414505.858297586
15495.06 secs, 1384990 evals, 1385038 steps, improv/step: 0.034 (last = 0.0197), fitness=-446414505.860482991
15525.06 secs, 1389305 evals, 1389353 steps, improv/step: 0.034 (last = 0.0139), fitness=-446414505.863364875
15555.06 secs, 1393554 evals, 1393603 steps, improv/step: 0.034 (last = 0.0162), fitness=-446414505.864992797
15585.06 secs, 1397994 evals, 1398043 steps, improv/step: 0.034 (last = 0.0178), fitness=-446414505.867289662
15615.06 secs, 1402349 evals, 1402399 steps, improv/step: 0.034 (last = 0.0184), fitness=-446414505.873712778
15645.39 secs, 1406830 evals, 1406880 steps, improv/step: 0.034 (last = 0.0214), fitness=-446414505.876385510
15675.40 secs, 1411256 evals, 1411307 steps, improv/step: 0.034 (last = 0.0221), fitness=-446414505.881592751
15705.40 secs, 1415469 evals, 1415520 steps, improv/step: 0.034 (last = 0.0190), fitness=-446414505.885619104
15735.40 secs, 1419774 evals, 1419825 steps, improv/step: 0.034 (last = 0.0297), fitness=-446414505.893873870
15765.40 secs, 1424050 evals, 1424101 steps, improv/step: 0.034 (last = 0.0222), fitness=-446414505.897108555
15795.41 secs, 1428481 evals, 1428533 steps, improv/step: 0.033 (last = 0.0167), fitness=-446414505.900010705
15825.41 secs, 1432864 evals, 1432917 steps, improv/step: 0.033 (last = 0.0182), fitness=-446414505.901071608
15855.42 secs, 1437324 evals, 1437378 steps, improv/step: 0.033 (last = 0.0170), fitness=-446414505.903018653
15885.42 secs, 1441754 evals, 1441808 steps, improv/step: 0.033 (last = 0.0160), fitness=-446414505.905476928
15915.42 secs, 1446036 evals, 1446091 steps, improv/step: 0.033 (last = 0.0175), fitness=-446414505.907507300
15945.43 secs, 1450332 evals, 1450387 steps, improv/step: 0.033 (last = 0.0161), fitness=-446414505.907507300
15975.43 secs, 1454811 evals, 1454867 steps, improv/step: 0.033 (last = 0.0194), fitness=-446414505.907744646
16005.43 secs, 1459260 evals, 1459316 steps, improv/step: 0.033 (last = 0.0187), fitness=-446414505.908099115
16035.85 secs, 1463538 evals, 1463596 steps, improv/step: 0.033 (last = 0.0168), fitness=-446414505.908347070
16065.85 secs, 1467900 evals, 1467959 steps, improv/step: 0.033 (last = 0.0163), fitness=-446414505.909286916
16095.86 secs, 1472216 evals, 1472277 steps, improv/step: 0.033 (last = 0.0151), fitness=-446414505.909385264
16125.97 secs, 1476635 evals, 1476697 steps, improv/step: 0.033 (last = 0.0143), fitness=-446414505.909864843
16155.97 secs, 1481113 evals, 1481176 steps, improv/step: 0.033 (last = 0.0165), fitness=-446414505.910148144
16186.53 secs, 1485585 evals, 1485648 steps, improv/step: 0.033 (last = 0.0179), fitness=-446414505.911171675
16216.53 secs, 1490105 evals, 1490168 steps, improv/step: 0.033 (last = 0.0197), fitness=-446414505.911184788
16246.53 secs, 1494402 evals, 1494465 steps, improv/step: 0.033 (last = 0.0193), fitness=-446414505.911816657
16276.54 secs, 1498757 evals, 1498820 steps, improv/step: 0.033 (last = 0.0223), fitness=-446414505.911920786
16306.54 secs, 1503158 evals, 1503221 steps, improv/step: 0.033 (last = 0.0218), fitness=-446414505.912746131
16336.54 secs, 1507669 evals, 1507732 steps, improv/step: 0.033 (last = 0.0195), fitness=-446414505.914352596
16366.54 secs, 1512157 evals, 1512221 steps, improv/step: 0.033 (last = 0.0232), fitness=-446414505.914684653
16397.06 secs, 1516582 evals, 1516648 steps, improv/step: 0.033 (last = 0.0239), fitness=-446414505.914984763
16427.06 secs, 1521049 evals, 1521115 steps, improv/step: 0.033 (last = 0.0197), fitness=-446414505.915498257
16457.07 secs, 1525495 evals, 1525563 steps, improv/step: 0.033 (last = 0.0209), fitness=-446414505.915990472
16487.07 secs, 1529954 evals, 1530026 steps, improv/step: 0.033 (last = 0.0246), fitness=-446414505.916550875
16517.07 secs, 1534181 evals, 1534253 steps, improv/step: 0.032 (last = 0.0192), fitness=-446414505.917138040
16547.46 secs, 1538395 evals, 1538467 steps, improv/step: 0.032 (last = 0.0166), fitness=-446414505.917594016
16577.47 secs, 1542646 evals, 1542718 steps, improv/step: 0.032 (last = 0.0195), fitness=-446414505.918258190
16607.47 secs, 1546984 evals, 1547058 steps, improv/step: 0.032 (last = 0.0161), fitness=-446414505.918455005
16637.47 secs, 1551416 evals, 1551490 steps, improv/step: 0.032 (last = 0.0156), fitness=-446414505.918627203
16667.47 secs, 1555753 evals, 1555827 steps, improv/step: 0.032 (last = 0.0150), fitness=-446414505.919124305
16697.47 secs, 1560176 evals, 1560250 steps, improv/step: 0.032 (last = 0.0149), fitness=-446414505.919424176
16727.47 secs, 1564265 evals, 1564339 steps, improv/step: 0.032 (last = 0.0191), fitness=-446414505.919869244
16757.48 secs, 1568455 evals, 1568530 steps, improv/step: 0.032 (last = 0.0181), fitness=-446414505.920293748
16787.70 secs, 1572910 evals, 1572985 steps, improv/step: 0.032 (last = 0.0171), fitness=-446414505.920898378
16817.71 secs, 1577259 evals, 1577334 steps, improv/step: 0.032 (last = 0.0152), fitness=-446414505.921150804
16847.71 secs, 1581719 evals, 1581795 steps, improv/step: 0.032 (last = 0.0139), fitness=-446414505.921406984
16877.72 secs, 1586240 evals, 1586318 steps, improv/step: 0.032 (last = 0.0135), fitness=-446414505.921686947
16907.72 secs, 1590654 evals, 1590733 steps, improv/step: 0.032 (last = 0.0152), fitness=-446414505.921686947
16937.94 secs, 1594976 evals, 1595055 steps, improv/step: 0.032 (last = 0.0162), fitness=-446414505.921919644
16967.94 secs, 1599405 evals, 1599485 steps, improv/step: 0.032 (last = 0.0147), fitness=-446414505.921940088
16997.95 secs, 1603765 evals, 1603845 steps, improv/step: 0.032 (last = 0.0163), fitness=-446414505.922007918
17028.34 secs, 1608150 evals, 1608230 steps, improv/step: 0.032 (last = 0.0153), fitness=-446414505.922177374
17058.81 secs, 1612224 evals, 1612305 steps, improv/step: 0.032 (last = 0.0189), fitness=-446414505.922263741
17088.81 secs, 1616478 evals, 1616559 steps, improv/step: 0.032 (last = 0.0207), fitness=-446414505.922344208
17118.82 secs, 1620755 evals, 1620838 steps, improv/step: 0.032 (last = 0.0210), fitness=-446414505.922400951
17149.38 secs, 1625019 evals, 1625102 steps, improv/step: 0.032 (last = 0.0211), fitness=-446414505.922587097
17179.39 secs, 1629352 evals, 1629435 steps, improv/step: 0.032 (last = 0.0194), fitness=-446414505.922624409
17209.39 secs, 1633617 evals, 1633702 steps, improv/step: 0.032 (last = 0.0171), fitness=-446414505.922707915
17239.39 secs, 1637963 evals, 1638048 steps, improv/step: 0.031 (last = 0.0143), fitness=-446414505.922754169
17269.39 secs, 1642526 evals, 1642611 steps, improv/step: 0.031 (last = 0.0213), fitness=-446414505.922786891
17299.40 secs, 1646979 evals, 1647064 steps, improv/step: 0.031 (last = 0.0285), fitness=-446414505.922847331
17329.40 secs, 1651420 evals, 1651506 steps, improv/step: 0.031 (last = 0.0295), fitness=-446414505.922899485
17359.40 secs, 1655739 evals, 1655825 steps, improv/step: 0.031 (last = 0.0333), fitness=-446414505.922936797
17389.41 secs, 1660204 evals, 1660290 steps, improv/step: 0.031 (last = 0.0249), fitness=-446414505.922952533
17419.41 secs, 1664476 evals, 1664562 steps, improv/step: 0.031 (last = 0.0255), fitness=-446414505.922968447
17449.41 secs, 1668742 evals, 1668828 steps, improv/step: 0.031 (last = 0.0216), fitness=-446414505.922975361
17479.41 secs, 1673098 evals, 1673184 steps, improv/step: 0.031 (last = 0.0243), fitness=-446414505.922988653
17509.42 secs, 1677503 evals, 1677590 steps, improv/step: 0.031 (last = 0.0211), fitness=-446414505.922994375
17539.89 secs, 1681925 evals, 1682014 steps, improv/step: 0.031 (last = 0.0199), fitness=-446414505.923000693
17570.40 secs, 1686175 evals, 1686265 steps, improv/step: 0.031 (last = 0.0242), fitness=-446414505.923007011
17600.41 secs, 1690407 evals, 1690497 steps, improv/step: 0.031 (last = 0.0258), fitness=-446414505.923015714
17630.41 secs, 1694633 evals, 1694724 steps, improv/step: 0.031 (last = 0.0251), fitness=-446414505.923026323
17660.71 secs, 1698986 evals, 1699077 steps, improv/step: 0.031 (last = 0.0239), fitness=-446414505.923029006
17690.72 secs, 1703405 evals, 1703497 steps, improv/step: 0.031 (last = 0.0260), fitness=-446414505.923033237
17720.72 secs, 1707817 evals, 1707910 steps, improv/step: 0.031 (last = 0.0267), fitness=-446414505.923039258
17750.73 secs, 1712267 evals, 1712360 steps, improv/step: 0.031 (last = 0.0236), fitness=-446414505.923048735
17781.25 secs, 1716749 evals, 1716842 steps, improv/step: 0.031 (last = 0.0337), fitness=-446414505.923058629
17811.25 secs, 1720986 evals, 1721079 steps, improv/step: 0.031 (last = 0.0245), fitness=-446414505.923058629
17841.25 secs, 1725317 evals, 1725411 steps, improv/step: 0.031 (last = 0.0224), fitness=-446414505.923062027
17871.25 secs, 1729744 evals, 1729839 steps, improv/step: 0.031 (last = 0.0147), fitness=-446414505.923063874
17901.25 secs, 1734124 evals, 1734220 steps, improv/step: 0.031 (last = 0.0203), fitness=-446414505.923066735
17931.26 secs, 1738404 evals, 1738500 steps, improv/step: 0.031 (last = 0.0178), fitness=-446414505.923073411
17961.26 secs, 1742632 evals, 1742729 steps, improv/step: 0.031 (last = 0.0156), fitness=-446414505.923075914
17991.53 secs, 1746745 evals, 1746844 steps, improv/step: 0.031 (last = 0.0182), fitness=-446414505.923077285
18021.53 secs, 1750779 evals, 1750880 steps, improv/step: 0.031 (last = 0.0149), fitness=-446414505.923081458
18051.53 secs, 1754619 evals, 1754720 steps, improv/step: 0.031 (last = 0.0190), fitness=-446414505.923085272
18081.53 secs, 1758718 evals, 1758819 steps, improv/step: 0.031 (last = 0.0207), fitness=-446414505.923088372
18111.65 secs, 1762759 evals, 1762860 steps, improv/step: 0.031 (last = 0.0215), fitness=-446414505.923089862
18141.65 secs, 1766861 evals, 1766963 steps, improv/step: 0.031 (last = 0.0188), fitness=-446414505.923095465
18171.66 secs, 1770833 evals, 1770938 steps, improv/step: 0.031 (last = 0.0153), fitness=-446414505.923097610
18201.66 secs, 1774331 evals, 1774436 steps, improv/step: 0.031 (last = 0.0149), fitness=-446414505.923098862
18231.67 secs, 1777749 evals, 1777854 steps, improv/step: 0.031 (last = 0.0222), fitness=-446414505.923103273
18261.67 secs, 1781210 evals, 1781315 steps, improv/step: 0.031 (last = 0.0196), fitness=-446414505.923105776
18291.67 secs, 1784809 evals, 1784915 steps, improv/step: 0.031 (last = 0.0189), fitness=-446414505.923109174
18321.67 secs, 1788508 evals, 1788615 steps, improv/step: 0.031 (last = 0.0203), fitness=-446414505.923109949
18351.68 secs, 1792235 evals, 1792342 steps, improv/step: 0.031 (last = 0.0182), fitness=-446414505.923114538
18381.68 secs, 1795709 evals, 1795817 steps, improv/step: 0.031 (last = 0.0224), fitness=-446414505.923117340
18412.00 secs, 1799157 evals, 1799266 steps, improv/step: 0.031 (last = 0.0157), fitness=-446414505.923119009
18442.00 secs, 1802754 evals, 1802863 steps, improv/step: 0.031 (last = 0.0178), fitness=-446414505.923119009
18472.41 secs, 1806521 evals, 1806630 steps, improv/step: 0.031 (last = 0.0170), fitness=-446414505.923121274
18502.42 secs, 1810242 evals, 1810352 steps, improv/step: 0.031 (last = 0.0202), fitness=-446414505.923123896
18532.42 secs, 1813820 evals, 1813930 steps, improv/step: 0.031 (last = 0.0176), fitness=-446414505.923126280
18563.23 secs, 1817335 evals, 1817445 steps, improv/step: 0.031 (last = 0.0171), fitness=-446414505.923126876
18593.23 secs, 1820938 evals, 1821049 steps, improv/step: 0.030 (last = 0.0183), fitness=-446414505.923128903
18623.24 secs, 1824381 evals, 1824492 steps, improv/step: 0.030 (last = 0.0206), fitness=-446414505.923129737
18653.24 secs, 1828037 evals, 1828148 steps, improv/step: 0.030 (last = 0.0123), fitness=-446414505.923129916
18683.25 secs, 1831636 evals, 1831747 steps, improv/step: 0.030 (last = 0.0211), fitness=-446414505.923131466
18713.25 secs, 1834872 evals, 1834983 steps, improv/step: 0.030 (last = 0.0219), fitness=-446414505.923132420
18743.26 secs, 1838377 evals, 1838488 steps, improv/step: 0.030 (last = 0.0188), fitness=-446414505.923133373
18774.23 secs, 1842036 evals, 1842149 steps, improv/step: 0.030 (last = 0.0186), fitness=-446414505.923134565
18804.24 secs, 1845682 evals, 1845795 steps, improv/step: 0.030 (last = 0.0208), fitness=-446414505.923134983
18834.24 secs, 1849343 evals, 1849456 steps, improv/step: 0.030 (last = 0.0178), fitness=-446414505.923134983
18864.24 secs, 1852768 evals, 1852881 steps, improv/step: 0.030 (last = 0.0193), fitness=-446414505.923135281
18894.25 secs, 1856217 evals, 1856330 steps, improv/step: 0.030 (last = 0.0183), fitness=-446414505.923135519
18924.25 secs, 1859506 evals, 1859619 steps, improv/step: 0.030 (last = 0.0140), fitness=-446414505.923135698
18955.21 secs, 1862959 evals, 1863073 steps, improv/step: 0.030 (last = 0.0237), fitness=-446414505.923136055
18985.21 secs, 1866475 evals, 1866590 steps, improv/step: 0.030 (last = 0.0139), fitness=-446414505.923136115
19015.21 secs, 1870228 evals, 1870344 steps, improv/step: 0.030 (last = 0.0189), fitness=-446414505.923136353
19045.21 secs, 1873798 evals, 1873914 steps, improv/step: 0.030 (last = 0.0275), fitness=-446414505.923136592
19075.22 secs, 1877352 evals, 1877469 steps, improv/step: 0.030 (last = 0.0245), fitness=-446414505.923136711
19106.22 secs, 1881157 evals, 1881275 steps, improv/step: 0.030 (last = 0.0213), fitness=-446414505.923136890
19136.23 secs, 1884631 evals, 1884750 steps, improv/step: 0.030 (last = 0.0213), fitness=-446414505.923137009
19166.23 secs, 1887783 evals, 1887902 steps, improv/step: 0.030 (last = 0.0219), fitness=-446414505.923137128
19196.82 secs, 1891207 evals, 1891328 steps, improv/step: 0.030 (last = 0.0175), fitness=-446414505.923137128
19226.83 secs, 1894843 evals, 1894964 steps, improv/step: 0.030 (last = 0.0157), fitness=-446414505.923137188
19257.24 secs, 1898332 evals, 1898453 steps, improv/step: 0.030 (last = 0.0198), fitness=-446414505.923137426
19287.24 secs, 1901909 evals, 1902030 steps, improv/step: 0.030 (last = 0.0151), fitness=-446414505.923137426
19317.24 secs, 1905567 evals, 1905688 steps, improv/step: 0.030 (last = 0.0145), fitness=-446414505.923137426
19347.24 secs, 1909334 evals, 1909456 steps, improv/step: 0.030 (last = 0.0154), fitness=-446414505.923137486
19377.25 secs, 1912952 evals, 1913076 steps, improv/step: 0.030 (last = 0.0157), fitness=-446414505.923137486
19407.26 secs, 1916523 evals, 1916650 steps, improv/step: 0.030 (last = 0.0140), fitness=-446414505.923137486
19437.26 secs, 1920092 evals, 1920219 steps, improv/step: 0.030 (last = 0.0101), fitness=-446414505.923137486
19467.39 secs, 1923470 evals, 1923597 steps, improv/step: 0.030 (last = 0.0086), fitness=-446414505.923137486
19497.40 secs, 1926587 evals, 1926714 steps, improv/step: 0.030 (last = 0.0099), fitness=-446414505.923137546
19527.40 secs, 1929738 evals, 1929866 steps, improv/step: 0.030 (last = 0.0063), fitness=-446414505.923137546
19557.41 secs, 1932854 evals, 1932982 steps, improv/step: 0.030 (last = 0.0080), fitness=-446414505.923137546
19587.41 secs, 1936208 evals, 1936338 steps, improv/step: 0.030 (last = 0.0089), fitness=-446414505.923137605
19617.42 secs, 1939549 evals, 1939680 steps, improv/step: 0.030 (last = 0.0114), fitness=-446414505.923137665
19647.42 secs, 1942793 evals, 1942924 steps, improv/step: 0.030 (last = 0.0166), fitness=-446414505.923137724
19677.43 secs, 1945967 evals, 1946099 steps, improv/step: 0.030 (last = 0.0107), fitness=-446414505.923137724
19707.44 secs, 1949226 evals, 1949358 steps, improv/step: 0.030 (last = 0.0104), fitness=-446414505.923137724
19737.44 secs, 1952384 evals, 1952516 steps, improv/step: 0.030 (last = 0.0092), fitness=-446414505.923137724
19768.38 secs, 1955645 evals, 1955777 steps, improv/step: 0.030 (last = 0.0101), fitness=-446414505.923137844
19798.38 secs, 1958929 evals, 1959061 steps, improv/step: 0.029 (last = 0.0097), fitness=-446414505.923137844
19828.38 secs, 1962294 evals, 1962426 steps, improv/step: 0.029 (last = 0.0119), fitness=-446414505.923137903
19858.39 secs, 1965511 evals, 1965643 steps, improv/step: 0.029 (last = 0.0118), fitness=-446414505.923137903
19888.39 secs, 1968874 evals, 1969007 steps, improv/step: 0.029 (last = 0.0119), fitness=-446414505.923137963
19918.39 secs, 1972230 evals, 1972364 steps, improv/step: 0.029 (last = 0.0125), fitness=-446414505.923137963
19948.40 secs, 1975544 evals, 1975678 steps, improv/step: 0.029 (last = 0.0088), fitness=-446414505.923137963
19978.40 secs, 1978923 evals, 1979058 steps, improv/step: 0.029 (last = 0.0118), fitness=-446414505.923137963
20008.41 secs, 1981949 evals, 1982084 steps, improv/step: 0.029 (last = 0.0145), fitness=-446414505.923138022
20038.91 secs, 1985224 evals, 1985360 steps, improv/step: 0.029 (last = 0.0180), fitness=-446414505.923138142
20068.92 secs, 1988550 evals, 1988687 steps, improv/step: 0.029 (last = 0.0114), fitness=-446414505.923138320
20098.92 secs, 1991794 evals, 1991932 steps, improv/step: 0.029 (last = 0.0154), fitness=-446414505.923138320
20128.92 secs, 1995098 evals, 1995236 steps, improv/step: 0.029 (last = 0.0154), fitness=-446414505.923138380
20159.55 secs, 1998298 evals, 1998436 steps, improv/step: 0.029 (last = 0.0159), fitness=-446414505.923138380
20189.56 secs, 2001612 evals, 2001751 steps, improv/step: 0.029 (last = 0.0115), fitness=-446414505.923138559
20219.57 secs, 2004864 evals, 2005003 steps, improv/step: 0.029 (last = 0.0111), fitness=-446414505.923138618
20249.57 secs, 2007969 evals, 2008109 steps, improv/step: 0.029 (last = 0.0148), fitness=-446414505.923138678
20279.58 secs, 2011373 evals, 2011514 steps, improv/step: 0.029 (last = 0.0115), fitness=-446414505.923138738
20310.10 secs, 2014599 evals, 2014740 steps, improv/step: 0.029 (last = 0.0167), fitness=-446414505.923138738
20340.11 secs, 2017910 evals, 2018051 steps, improv/step: 0.029 (last = 0.0163), fitness=-446414505.923138797
20370.11 secs, 2021238 evals, 2021379 steps, improv/step: 0.029 (last = 0.0123), fitness=-446414505.923138797
20400.12 secs, 2024438 evals, 2024579 steps, improv/step: 0.029 (last = 0.0122), fitness=-446414505.923138857
20430.13 secs, 2027762 evals, 2027904 steps, improv/step: 0.029 (last = 0.0129), fitness=-446414505.923138857
20460.13 secs, 2030945 evals, 2031087 steps, improv/step: 0.029 (last = 0.0119), fitness=-446414505.923138916
20490.13 secs, 2034207 evals, 2034349 steps, improv/step: 0.029 (last = 0.0095), fitness=-446414505.923138916
20520.66 secs, 2037377 evals, 2037519 steps, improv/step: 0.029 (last = 0.0123), fitness=-446414505.923138976
20550.67 secs, 2040468 evals, 2040610 steps, improv/step: 0.029 (last = 0.0081), fitness=-446414505.923139036
20580.67 secs, 2043514 evals, 2043657 steps, improv/step: 0.029 (last = 0.0112), fitness=-446414505.923139036
20610.68 secs, 2046720 evals, 2046864 steps, improv/step: 0.029 (last = 0.0078), fitness=-446414505.923139095
20640.68 secs, 2049912 evals, 2050057 steps, improv/step: 0.029 (last = 0.0066), fitness=-446414505.923139095
20670.69 secs, 2053096 evals, 2053242 steps, improv/step: 0.029 (last = 0.0072), fitness=-446414505.923139095
20700.69 secs, 2056525 evals, 2056672 steps, improv/step: 0.029 (last = 0.0111), fitness=-446414505.923139155
20731.60 secs, 2059757 evals, 2059904 steps, improv/step: 0.029 (last = 0.0118), fitness=-446414505.923139155
20761.61 secs, 2062852 evals, 2063000 steps, improv/step: 0.029 (last = 0.0081), fitness=-446414505.923139215
20791.61 secs, 2066468 evals, 2066616 steps, improv/step: 0.029 (last = 0.0097), fitness=-446414505.923139215
20821.62 secs, 2070360 evals, 2070508 steps, improv/step: 0.029 (last = 0.0080), fitness=-446414505.923139215
20851.62 secs, 2074380 evals, 2074528 steps, improv/step: 0.028 (last = 0.0077), fitness=-446414505.923139215
20881.62 secs, 2078450 evals, 2078598 steps, improv/step: 0.028 (last = 0.0086), fitness=-446414505.923139215
20912.22 secs, 2082371 evals, 2082519 steps, improv/step: 0.028 (last = 0.0079), fitness=-446414505.923139215
20942.23 secs, 2086463 evals, 2086611 steps, improv/step: 0.028 (last = 0.0064), fitness=-446414505.923139215
20972.23 secs, 2090621 evals, 2090772 steps, improv/step: 0.028 (last = 0.0048), fitness=-446414505.923139274
21002.24 secs, 2094576 evals, 2094727 steps, improv/step: 0.028 (last = 0.0025), fitness=-446414505.923139274
21033.09 secs, 2098669 evals, 2098820 steps, improv/step: 0.028 (last = 0.0064), fitness=-446414505.923139274
21063.24 secs, 2102598 evals, 2102751 steps, improv/step: 0.028 (last = 0.0020), fitness=-446414505.923139274
21093.24 secs, 2106544 evals, 2106697 steps, improv/step: 0.028 (last = 0.0043), fitness=-446414505.923139274
21123.25 secs, 2110693 evals, 2110847 steps, improv/step: 0.028 (last = 0.0031), fitness=-446414505.923139274
21154.00 secs, 2114429 evals, 2114585 steps, improv/step: 0.028 (last = 0.0037), fitness=-446414505.923139274
21184.01 secs, 2118320 evals, 2118478 steps, improv/step: 0.028 (last = 0.0026), fitness=-446414505.923139334
21214.63 secs, 2121689 evals, 2121848 steps, improv/step: 0.028 (last = 0.0042), fitness=-446414505.923139334
21244.63 secs, 2125312 evals, 2125471 steps, improv/step: 0.028 (last = 0.0044), fitness=-446414505.923139334
21274.63 secs, 2128926 evals, 2129086 steps, improv/step: 0.028 (last = 0.0041), fitness=-446414505.923139334
21304.63 secs, 2132607 evals, 2132767 steps, improv/step: 0.028 (last = 0.0024), fitness=-446414505.923139334
21335.55 secs, 2136282 evals, 2136443 steps, improv/step: 0.028 (last = 0.0024), fitness=-446414505.923139334
21365.55 secs, 2139716 evals, 2139877 steps, improv/step: 0.028 (last = 0.0020), fitness=-446414505.923139334
21395.56 secs, 2143526 evals, 2143687 steps, improv/step: 0.028 (last = 0.0026), fitness=-446414505.923139334
21425.56 secs, 2147237 evals, 2147399 steps, improv/step: 0.028 (last = 0.0038), fitness=-446414505.923139334
21456.25 secs, 2150970 evals, 2151132 steps, improv/step: 0.028 (last = 0.0029), fitness=-446414505.923139334
21486.88 secs, 2154993 evals, 2155158 steps, improv/step: 0.028 (last = 0.0020), fitness=-446414505.923139334
21516.88 secs, 2158846 evals, 2159011 steps, improv/step: 0.028 (last = 0.0023), fitness=-446414505.923139334
21546.89 secs, 2162404 evals, 2162570 steps, improv/step: 0.027 (last = 0.0028), fitness=-446414505.923139334
21576.89 secs, 2166328 evals, 2166494 steps, improv/step: 0.027 (last = 0.0023), fitness=-446414505.923139334
21606.90 secs, 2170021 evals, 2170190 steps, improv/step: 0.027 (last = 0.0011), fitness=-446414505.923139334
21637.33 secs, 2173859 evals, 2174028 steps, improv/step: 0.027 (last = 0.0021), fitness=-446414505.923139334
21668.18 secs, 2177923 evals, 2178092 steps, improv/step: 0.027 (last = 0.0017), fitness=-446414505.923139334
21698.18 secs, 2182036 evals, 2182207 steps, improv/step: 0.027 (last = 0.0027), fitness=-446414505.923139334
21728.18 secs, 2186334 evals, 2186506 steps, improv/step: 0.027 (last = 0.0030), fitness=-446414505.923139334
21758.18 secs, 2190416 evals, 2190588 steps, improv/step: 0.027 (last = 0.0024), fitness=-446414505.923139334
21788.19 secs, 2194481 evals, 2194654 steps, improv/step: 0.027 (last = 0.0020), fitness=-446414505.923139334
21818.19 secs, 2198533 evals, 2198707 steps, improv/step: 0.027 (last = 0.0020), fitness=-446414505.923139334
21848.19 secs, 2202784 evals, 2202958 steps, improv/step: 0.027 (last = 0.0026), fitness=-446414505.923139334
21878.20 secs, 2206663 evals, 2206838 steps, improv/step: 0.027 (last = 0.0039), fitness=-446414505.923139334
21908.20 secs, 2210532 evals, 2210707 steps, improv/step: 0.027 (last = 0.0026), fitness=-446414505.923139334
21938.20 secs, 2214253 evals, 2214429 steps, improv/step: 0.027 (last = 0.0024), fitness=-446414505.923139334
21968.20 secs, 2218027 evals, 2218203 steps, improv/step: 0.027 (last = 0.0011), fitness=-446414505.923139334
21998.21 secs, 2221562 evals, 2221740 steps, improv/step: 0.027 (last = 0.0028), fitness=-446414505.923139334
22028.21 secs, 2225212 evals, 2225393 steps, improv/step: 0.027 (last = 0.0033), fitness=-446414505.923139334
22058.22 secs, 2229079 evals, 2229260 steps, improv/step: 0.027 (last = 0.0026), fitness=-446414505.923139393
22088.22 secs, 2232851 evals, 2233033 steps, improv/step: 0.027 (last = 0.0013), fitness=-446414505.923139393
22118.23 secs, 2236891 evals, 2237074 steps, improv/step: 0.027 (last = 0.0025), fitness=-446414505.923139393
22148.23 secs, 2240659 evals, 2240843 steps, improv/step: 0.027 (last = 0.0021), fitness=-446414505.923139393
22178.24 secs, 2244504 evals, 2244688 steps, improv/step: 0.027 (last = 0.0026), fitness=-446414505.923139393
22208.24 secs, 2248509 evals, 2248693 steps, improv/step: 0.027 (last = 0.0022), fitness=-446414505.923139393
22238.24 secs, 2252531 evals, 2252715 steps, improv/step: 0.026 (last = 0.0030), fitness=-446414505.923139393
22268.75 secs, 2256517 evals, 2256703 steps, improv/step: 0.026 (last = 0.0028), fitness=-446414505.923139393
22298.75 secs, 2260475 evals, 2260661 steps, improv/step: 0.026 (last = 0.0035), fitness=-446414505.923139393
22328.76 secs, 2264411 evals, 2264597 steps, improv/step: 0.026 (last = 0.0028), fitness=-446414505.923139393
22359.51 secs, 2268467 evals, 2268654 steps, improv/step: 0.026 (last = 0.0010), fitness=-446414505.923139393
22389.51 secs, 2272446 evals, 2272633 steps, improv/step: 0.026 (last = 0.0018), fitness=-446414505.923139393
22419.52 secs, 2276383 evals, 2276572 steps, improv/step: 0.026 (last = 0.0025), fitness=-446414505.923139393
22449.84 secs, 2280478 evals, 2280667 steps, improv/step: 0.026 (last = 0.0012), fitness=-446414505.923139393
22479.85 secs, 2284586 evals, 2284775 steps, improv/step: 0.026 (last = 0.0015), fitness=-446414505.923139393
22509.85 secs, 2288645 evals, 2288835 steps, improv/step: 0.026 (last = 0.0020), fitness=-446414505.923139393
22539.85 secs, 2291891 evals, 2292081 steps, improv/step: 0.026 (last = 0.0015), fitness=-446414505.923139393
22569.86 secs, 2294010 evals, 2294201 steps, improv/step: 0.026 (last = 0.0028), fitness=-446414505.923139393
22599.87 secs, 2296282 evals, 2296475 steps, improv/step: 0.026 (last = 0.0018), fitness=-446414505.923139393
22629.87 secs, 2298540 evals, 2298733 steps, improv/step: 0.026 (last = 0.0027), fitness=-446414505.923139393
22659.87 secs, 2300719 evals, 2300914 steps, improv/step: 0.026 (last = 0.0028), fitness=-446414505.923139393
22689.88 secs, 2302917 evals, 2303112 steps, improv/step: 0.026 (last = 0.0005), fitness=-446414505.923139393
22719.88 secs, 2305119 evals, 2305315 steps, improv/step: 0.026 (last = 0.0009), fitness=-446414505.923139393
22749.89 secs, 2307271 evals, 2307467 steps, improv/step: 0.026 (last = 0.0014), fitness=-446414505.923139393
22779.89 secs, 2309552 evals, 2309748 steps, improv/step: 0.026 (last = 0.0004), fitness=-446414505.923139393
22809.90 secs, 2311699 evals, 2311895 steps, improv/step: 0.026 (last = 0.0005), fitness=-446414505.923139393
22839.91 secs, 2313715 evals, 2313911 steps, improv/step: 0.026 (last = 0.0015), fitness=-446414505.923139393
22869.93 secs, 2315784 evals, 2315980 steps, improv/step: 0.026 (last = 0.0005), fitness=-446414505.923139393
22899.93 secs, 2317810 evals, 2318007 steps, improv/step: 0.026 (last = 0.0015), fitness=-446414505.923139393
22929.93 secs, 2319851 evals, 2320048 steps, improv/step: 0.026 (last = 0.0010), fitness=-446414505.923139393
22959.94 secs, 2321944 evals, 2322141 steps, improv/step: 0.026 (last = 0.0014), fitness=-446414505.923139393
22989.95 secs, 2324121 evals, 2324318 steps, improv/step: 0.026 (last = 0.0014), fitness=-446414505.923139393
23019.95 secs, 2326273 evals, 2326470 steps, improv/step: 0.026 (last = 0.0009), fitness=-446414505.923139393
23049.96 secs, 2330430 evals, 2330628 steps, improv/step: 0.026 (last = 0.0019), fitness=-446414505.923139393
23079.96 secs, 2334283 evals, 2334483 steps, improv/step: 0.026 (last = 0.0010), fitness=-446414505.923139393
23110.34 secs, 2338545 evals, 2338745 steps, improv/step: 0.026 (last = 0.0016), fitness=-446414505.923139393
23140.71 secs, 2342902 evals, 2343103 steps, improv/step: 0.026 (last = 0.0009), fitness=-446414505.923139393
23170.71 secs, 2347088 evals, 2347290 steps, improv/step: 0.025 (last = 0.0010), fitness=-446414505.923139393
23200.72 secs, 2351232 evals, 2351435 steps, improv/step: 0.025 (last = 0.0007), fitness=-446414505.923139393
23230.72 secs, 2355403 evals, 2355606 steps, improv/step: 0.025 (last = 0.0005), fitness=-446414505.923139393
23260.79 secs, 2359675 evals, 2359879 steps, improv/step: 0.025 (last = 0.0002), fitness=-446414505.923139393
23290.79 secs, 2364037 evals, 2364242 steps, improv/step: 0.025 (last = 0.0005), fitness=-446414505.923139393
23320.79 secs, 2368075 evals, 2368281 steps, improv/step: 0.025 (last = 0.0012), fitness=-446414505.923139393
23350.79 secs, 2372306 evals, 2372512 steps, improv/step: 0.025 (last = 0.0009), fitness=-446414505.923139393
23380.80 secs, 2376652 evals, 2376859 steps, improv/step: 0.025 (last = 0.0007), fitness=-446414505.923139393
23411.56 secs, 2380988 evals, 2381196 steps, improv/step: 0.025 (last = 0.0012), fitness=-446414505.923139393
23441.65 secs, 2385421 evals, 2385629 steps, improv/step: 0.025 (last = 0.0011), fitness=-446414505.923139393
23472.12 secs, 2388380 evals, 2388590 steps, improv/step: 0.025 (last = 0.0003), fitness=-446414505.923139393
23502.13 secs, 2391002 evals, 2391212 steps, improv/step: 0.025 (last = 0.0011), fitness=-446414505.923139393
23532.14 secs, 2393637 evals, 2393848 steps, improv/step: 0.025 (last = 0.0004), fitness=-446414505.923139393
23562.15 secs, 2396298 evals, 2396509 steps, improv/step: 0.025 (last = 0.0004), fitness=-446414505.923139393
23592.16 secs, 2399034 evals, 2399245 steps, improv/step: 0.025 (last = 0.0018), fitness=-446414505.923139393
23622.16 secs, 2401668 evals, 2401881 steps, improv/step: 0.025 (last = 0.0008), fitness=-446414505.923139393
23652.16 secs, 2404418 evals, 2404631 steps, improv/step: 0.025 (last = 0.0015), fitness=-446414505.923139393
23682.16 secs, 2407221 evals, 2407434 steps, improv/step: 0.025 (last = 0.0011), fitness=-446414505.923139393
23712.20 secs, 2409957 evals, 2410170 steps, improv/step: 0.025 (last = 0.0011), fitness=-446414505.923139393
23742.20 secs, 2412658 evals, 2412871 steps, improv/step: 0.025 (last = 0.0015), fitness=-446414505.923139393
23772.20 secs, 2415254 evals, 2415467 steps, improv/step: 0.025 (last = 0.0027), fitness=-446414505.923139393
23802.20 secs, 2417935 evals, 2418149 steps, improv/step: 0.025 (last = 0.0015), fitness=-446414505.923139393
23832.22 secs, 2420530 evals, 2420744 steps, improv/step: 0.025 (last = 0.0008), fitness=-446414505.923139393
23862.22 secs, 2423101 evals, 2423316 steps, improv/step: 0.025 (last = 0.0027), fitness=-446414505.923139393
23892.23 secs, 2425862 evals, 2426077 steps, improv/step: 0.025 (last = 0.0022), fitness=-446414505.923139393
23922.24 secs, 2428762 evals, 2428977 steps, improv/step: 0.025 (last = 0.0014), fitness=-446414505.923139393
23952.24 secs, 2431772 evals, 2431987 steps, improv/step: 0.025 (last = 0.0013), fitness=-446414505.923139393
23982.25 secs, 2434761 evals, 2434977 steps, improv/step: 0.025 (last = 0.0007), fitness=-446414505.923139393
24012.26 secs, 2437893 evals, 2438110 steps, improv/step: 0.025 (last = 0.0016), fitness=-446414505.923139393
24042.28 secs, 2440972 evals, 2441189 steps, improv/step: 0.025 (last = 0.0010), fitness=-446414505.923139393
24072.28 secs, 2443771 evals, 2443989 steps, improv/step: 0.025 (last = 0.0011), fitness=-446414505.923139393
24102.29 secs, 2446535 evals, 2446754 steps, improv/step: 0.024 (last = 0.0004), fitness=-446414505.923139393
24132.30 secs, 2449448 evals, 2449667 steps, improv/step: 0.024 (last = 0.0007), fitness=-446414505.923139393
24162.32 secs, 2452482 evals, 2452701 steps, improv/step: 0.024 (last = 0.0003), fitness=-446414505.923139393
24192.32 secs, 2455517 evals, 2455737 steps, improv/step: 0.024 (last = 0.0010), fitness=-446414505.923139393
24222.32 secs, 2458422 evals, 2458643 steps, improv/step: 0.024 (last = 0.0014), fitness=-446414505.923139393
24252.33 secs, 2461416 evals, 2461637 steps, improv/step: 0.024 (last = 0.0010), fitness=-446414505.923139393
24282.34 secs, 2464111 evals, 2464332 steps, improv/step: 0.024 (last = 0.0011), fitness=-446414505.923139393
24312.34 secs, 2466855 evals, 2467076 steps, improv/step: 0.024 (last = 0.0007), fitness=-446414505.923139393
24342.40 secs, 2469612 evals, 2469833 steps, improv/step: 0.024 (last = 0.0011), fitness=-446414505.923139393
24372.43 secs, 2472423 evals, 2472644 steps, improv/step: 0.024 (last = 0.0018), fitness=-446414505.923139393
24402.43 secs, 2475115 evals, 2475336 steps, improv/step: 0.024 (last = 0.0011), fitness=-446414505.923139393
24432.44 secs, 2477955 evals, 2478177 steps, improv/step: 0.024 (last = 0.0007), fitness=-446414505.923139393
24462.44 secs, 2481014 evals, 2481236 steps, improv/step: 0.024 (last = 0.0007), fitness=-446414505.923139393
24492.44 secs, 2484096 evals, 2484319 steps, improv/step: 0.024 (last = 0.0010), fitness=-446414505.923139393
24522.45 secs, 2487096 evals, 2487319 steps, improv/step: 0.024 (last = 0.0007), fitness=-446414505.923139393
24552.45 secs, 2490111 evals, 2490335 steps, improv/step: 0.024 (last = 0.0010), fitness=-446414505.923139393
24582.45 secs, 2492993 evals, 2493218 steps, improv/step: 0.024 (last = 0.0010), fitness=-446414505.923139393
24612.45 secs, 2496173 evals, 2496398 steps, improv/step: 0.024 (last = 0.0013), fitness=-446414505.923139393
24642.46 secs, 2499323 evals, 2499549 steps, improv/step: 0.024 (last = 0.0003), fitness=-446414505.923139393

Optimization stopped after 2500227 steps and 24649.17 seconds
Termination reason: Max number of function evaluations (2500000) reached
Steps per second = 101.43
Function evals per second = 101.42
Improvements/step = Inf
Total function evaluations = 2500001


Best candidate found: [242.586, 176.486, 26.9578, 9.74897, 700.262, 153.58, 52.3422, 158.283, 1.0, 104.936, 8.58967e-5, 0.000854965, 0.00859155, 0.870462, 0.87084]

Fitness: -446414505.923139393

-4.464145059231394e8

[242.5857702859835, 176.48569645569506, 26.95776874534133, 9.748969545957975, 700.2615978561037, 153.5795792398794, 52.34217343062545, 158.28326586278192, 1.0000000018326418, 104.935647992431, 8.589666744401205e-5, 0.0008549648586078279, 0.008591546187106808, 0.8704618955191751, 0.8708395470765116]

Script has finished
Wed Dec 22 02:49:17 CET 2021

------------------------------------------------------------
Sender: LSF System <schwan@makalu127>
Subject: Job 576314: <Julia_Job_parallel> in cluster <wuerfel> Done

Job <Julia_Job_parallel> was submitted from host <makalu56> by user <magr4985> in cluster <wuerfel> at Tue Dec 21 19:53:44 2021
Job was executed on host(s) <makalu127>, in queue <BatchXL>, as user <magr4985> in cluster <wuerfel> at Tue Dec 21 19:53:54 2021
</usr/scratch4/magr4985> was used as the home directory.
</usr/scratch4/magr4985/TRPL/BatchJobs/syn_data_1/Run1> was used as the working directory.
Started at Tue Dec 21 19:53:54 2021
Terminated at Wed Dec 22 02:49:18 2021
Results reported at Wed Dec 22 02:49:18 2021

Your job looked like:

------------------------------------------------------------
# LSBATCH: User input
#!/bin/csh 
#BSUB -q BatchXL 
#BSUB -R "mem > 8000 span[hosts=1] && intel_avx2" 
#BSUB -oo lsf_julia_%J.log 
#BSUB -eo lsf_julia_%J.err 
#BSUB -J Julia_Job_parallel 
#BSUB -L /bin/csh 
#BSUB -n 1 
date 
pwd 
module purge 
/usr/scratch4/magr4985/julia-1.6.2/bin/julia -t 4 /usr/scratch4/magr4985/TRPL/Programs/trpl_analysis_syn.jl 1 2500000 1 /usr/scratch4/magr4985/TRPL/BatchJobs/syn_data_1/Run1 1.0e-14 3600 "[1.0, 1.0, 1.0, 1.0, 1.0, 1.0, 1.0, 1.0, 1.0, 1.0, 1.0e-6, 1.0e-6, 1.0e-6, 1.0e-6, 1.0e-6, 1.0e-6, 1.0e-6, 1.0e-6, 1.0e-6, 1.0e-6]" "[5000.0, 5000.0, 1000.0, 1000.0, 1.0e9, 1000.0, 10000.0, 10000.0, 1000.0, 1.0e6, 1.0, 1.0, 1.0, 1.0, 1.0, 1.0, 1.0, 1.0, 1.0, 1.0]" 
date
------------------------------------------------------------

Successfully completed.

Resource usage summary:

    CPU time :                                   48862.88 sec.
    Max Memory :                                 5982.84 MB
    Average Memory :                             2530.63 MB
    Total Requested Memory :                     -
    Delta Memory :                               -
    Max Swap :                                   256 KB
    Max Processes :                              7
    Max Threads :                                12
    Run time :                                   24923 sec.
    Turnaround time :                            24934 sec.

The output (if any) is above this job summary.



PS:

Read file <lsf_julia_576314.err> for stderr output of this job.

