Warning: no access to tty (Bad file descriptor).
Thus no job control in this shell.
Warning: no access to tty (Bad file descriptor).
Thus no job control in this shell.
Tue Dec 21 19:54:00 CET 2021
/usr/scratch4/magr4985/TRPL/BatchJobs/syn_data_1/Run13
# Thread: 4
8526130043523444175 RNG Seed
Run 1
Starting optimization with optimizer DiffEvoOpt{FitPopulation{Float64}, RadiusLimitedSelector, BlackBoxOptim.DiffEvoRandBin{3}, RandomBound{ContinuousRectSearchSpace}}
0.00 secs, 0 evals, 0 steps
30.02 secs, 3584 evals, 3494 steps, improv/step: 0.345 (last = 0.3452), fitness=-445686896.926861048
60.02 secs, 7472 evals, 7382 steps, improv/step: 0.242 (last = 0.1499), fitness=-446279883.162379980
90.03 secs, 11466 evals, 11376 steps, improv/step: 0.179 (last = 0.0626), fitness=-446312293.062849820
120.03 secs, 15310 evals, 15220 steps, improv/step: 0.154 (last = 0.0786), fitness=-446328365.020431578
150.04 secs, 19198 evals, 19108 steps, improv/step: 0.137 (last = 0.0736), fitness=-446336635.019773483
180.04 secs, 23202 evals, 23112 steps, improv/step: 0.127 (last = 0.0777), fitness=-446342177.556632817
210.05 secs, 27313 evals, 27223 steps, improv/step: 0.120 (last = 0.0781), fitness=-446346613.943767607
240.08 secs, 31501 evals, 31411 steps, improv/step: 0.113 (last = 0.0676), fitness=-446348807.785039663
270.08 secs, 35837 evals, 35747 steps, improv/step: 0.107 (last = 0.0669), fitness=-446406364.930314183
300.08 secs, 40273 evals, 40183 steps, improv/step: 0.108 (last = 0.1163), fitness=-446411390.308664680
330.08 secs, 44892 evals, 44802 steps, improv/step: 0.103 (last = 0.0576), fitness=-446411895.307132304
360.09 secs, 49393 evals, 49305 steps, improv/step: 0.097 (last = 0.0415), fitness=-446412295.188213348
390.09 secs, 53983 evals, 53895 steps, improv/step: 0.093 (last = 0.0420), fitness=-446412680.470655441
420.14 secs, 58591 evals, 58503 steps, improv/step: 0.089 (last = 0.0506), fitness=-446412942.558021903
450.14 secs, 63170 evals, 63083 steps, improv/step: 0.087 (last = 0.0587), fitness=-446413184.593219936
480.15 secs, 67751 evals, 67664 steps, improv/step: 0.086 (last = 0.0742), fitness=-446413378.593776405
510.15 secs, 72335 evals, 72248 steps, improv/step: 0.085 (last = 0.0661), fitness=-446413694.969017684
540.15 secs, 76918 evals, 76831 steps, improv/step: 0.084 (last = 0.0617), fitness=-446413867.294161141
570.16 secs, 81468 evals, 81381 steps, improv/step: 0.082 (last = 0.0576), fitness=-446414057.257334530
600.20 secs, 85947 evals, 85860 steps, improv/step: 0.081 (last = 0.0601), fitness=-446414136.686651230
630.20 secs, 90384 evals, 90298 steps, improv/step: 0.080 (last = 0.0685), fitness=-446414195.840422809
660.20 secs, 95094 evals, 95009 steps, improv/step: 0.079 (last = 0.0628), fitness=-446414248.027556956
690.21 secs, 99866 evals, 99781 steps, improv/step: 0.078 (last = 0.0574), fitness=-446414269.997102201
720.21 secs, 104603 evals, 104520 steps, improv/step: 0.077 (last = 0.0523), fitness=-446414285.202395201
750.21 secs, 109200 evals, 109117 steps, improv/step: 0.076 (last = 0.0392), fitness=-446414291.871159554
780.21 secs, 113947 evals, 113864 steps, improv/step: 0.075 (last = 0.0630), fitness=-446414314.373386085
810.28 secs, 118741 evals, 118658 steps, improv/step: 0.075 (last = 0.0638), fitness=-446414322.384404302
840.31 secs, 123447 evals, 123366 steps, improv/step: 0.074 (last = 0.0629), fitness=-446414339.472772181
870.31 secs, 128176 evals, 128095 steps, improv/step: 0.073 (last = 0.0514), fitness=-446414351.182707489
900.31 secs, 132712 evals, 132631 steps, improv/step: 0.073 (last = 0.0527), fitness=-446414359.294871509
930.32 secs, 137170 evals, 137089 steps, improv/step: 0.072 (last = 0.0527), fitness=-446414367.507773876
960.32 secs, 141859 evals, 141779 steps, improv/step: 0.071 (last = 0.0478), fitness=-446414373.304059982
990.32 secs, 146535 evals, 146456 steps, improv/step: 0.071 (last = 0.0537), fitness=-446414383.006937504
1020.32 secs, 151145 evals, 151066 steps, improv/step: 0.070 (last = 0.0488), fitness=-446414386.509086609
1050.33 secs, 155555 evals, 155477 steps, improv/step: 0.070 (last = 0.0589), fitness=-446414391.166743457
1080.33 secs, 159910 evals, 159832 steps, improv/step: 0.069 (last = 0.0514), fitness=-446414395.959010541
1110.40 secs, 164193 evals, 164115 steps, improv/step: 0.069 (last = 0.0458), fitness=-446414398.451409876
1140.43 secs, 168630 evals, 168552 steps, improv/step: 0.068 (last = 0.0536), fitness=-446414402.084630430
1170.43 secs, 173152 evals, 173074 steps, improv/step: 0.068 (last = 0.0641), fitness=-446414405.180659235
1200.44 secs, 177406 evals, 177328 steps, improv/step: 0.068 (last = 0.0675), fitness=-446414408.314221084
1230.44 secs, 181399 evals, 181321 steps, improv/step: 0.068 (last = 0.0681), fitness=-446414408.867227495
1260.44 secs, 185196 evals, 185118 steps, improv/step: 0.068 (last = 0.0740), fitness=-446414409.040276647
1290.44 secs, 189047 evals, 188969 steps, improv/step: 0.068 (last = 0.0717), fitness=-446414409.187078655
1320.45 secs, 192989 evals, 192912 steps, improv/step: 0.068 (last = 0.0621), fitness=-446414409.320388675
1350.46 secs, 196929 evals, 196853 steps, improv/step: 0.068 (last = 0.0558), fitness=-446414409.586466432
1380.46 secs, 200784 evals, 200708 steps, improv/step: 0.067 (last = 0.0454), fitness=-446414409.770952702
1410.46 secs, 204651 evals, 204575 steps, improv/step: 0.067 (last = 0.0453), fitness=-446414410.005950332
1440.47 secs, 208354 evals, 208278 steps, improv/step: 0.067 (last = 0.0497), fitness=-446414410.225434959
1470.48 secs, 211912 evals, 211836 steps, improv/step: 0.066 (last = 0.0520), fitness=-446414410.531056583
1500.48 secs, 215512 evals, 215436 steps, improv/step: 0.066 (last = 0.0558), fitness=-446414410.949413657
1530.48 secs, 219300 evals, 219224 steps, improv/step: 0.066 (last = 0.0544), fitness=-446414411.062709391
1560.48 secs, 222987 evals, 222911 steps, improv/step: 0.066 (last = 0.0686), fitness=-446414411.430326104
1590.49 secs, 226576 evals, 226501 steps, improv/step: 0.066 (last = 0.0568), fitness=-446414411.781550527
1620.50 secs, 229865 evals, 229790 steps, improv/step: 0.066 (last = 0.0547), fitness=-446414412.205987513
1650.50 secs, 233148 evals, 233073 steps, improv/step: 0.065 (last = 0.0423), fitness=-446414412.680714488
1680.50 secs, 236323 evals, 236249 steps, improv/step: 0.065 (last = 0.0384), fitness=-446414412.952138901
1710.51 secs, 239512 evals, 239438 steps, improv/step: 0.065 (last = 0.0414), fitness=-446414413.204743505
1740.51 secs, 242757 evals, 242683 steps, improv/step: 0.065 (last = 0.0438), fitness=-446414413.478097796
1770.63 secs, 245849 evals, 245776 steps, improv/step: 0.064 (last = 0.0462), fitness=-446414413.851245940
1800.64 secs, 248937 evals, 248864 steps, improv/step: 0.064 (last = 0.0431), fitness=-446414414.341675520
1830.64 secs, 251942 evals, 251869 steps, improv/step: 0.064 (last = 0.0416), fitness=-446414414.690282047
1860.64 secs, 254876 evals, 254803 steps, improv/step: 0.064 (last = 0.0453), fitness=-446414415.112532854
1890.65 secs, 257611 evals, 257538 steps, improv/step: 0.063 (last = 0.0453), fitness=-446414415.359011352
1920.87 secs, 260438 evals, 260365 steps, improv/step: 0.063 (last = 0.0509), fitness=-446414415.678642154
1950.87 secs, 263301 evals, 263229 steps, improv/step: 0.063 (last = 0.0454), fitness=-446414415.953693330
1980.87 secs, 266194 evals, 266123 steps, improv/step: 0.063 (last = 0.0491), fitness=-446414416.218247473
2010.87 secs, 268946 evals, 268875 steps, improv/step: 0.063 (last = 0.0407), fitness=-446414416.665370703
2040.87 secs, 271649 evals, 271579 steps, improv/step: 0.062 (last = 0.0344), fitness=-446414417.167437673
2070.88 secs, 274443 evals, 274374 steps, improv/step: 0.062 (last = 0.0401), fitness=-446414417.759923577
2100.88 secs, 277397 evals, 277328 steps, improv/step: 0.062 (last = 0.0359), fitness=-446414418.644192398
2130.89 secs, 280296 evals, 280227 steps, improv/step: 0.062 (last = 0.0359), fitness=-446414419.316938937
2160.89 secs, 283006 evals, 282938 steps, improv/step: 0.061 (last = 0.0321), fitness=-446414420.884347439
2190.89 secs, 285779 evals, 285712 steps, improv/step: 0.061 (last = 0.0270), fitness=-446414422.024506450
2220.90 secs, 288475 evals, 288408 steps, improv/step: 0.061 (last = 0.0367), fitness=-446414422.390459299
2250.90 secs, 291162 evals, 291096 steps, improv/step: 0.061 (last = 0.0376), fitness=-446414423.981369376
2280.91 secs, 293846 evals, 293780 steps, improv/step: 0.060 (last = 0.0410), fitness=-446414424.352985620
2311.01 secs, 296546 evals, 296484 steps, improv/step: 0.060 (last = 0.0303), fitness=-446414425.166696191
2341.02 secs, 299220 evals, 299158 steps, improv/step: 0.060 (last = 0.0366), fitness=-446414425.760156155
2371.02 secs, 302041 evals, 301979 steps, improv/step: 0.060 (last = 0.0351), fitness=-446414426.716658890
2401.08 secs, 304864 evals, 304802 steps, improv/step: 0.059 (last = 0.0379), fitness=-446414427.753110170
2431.08 secs, 307652 evals, 307590 steps, improv/step: 0.059 (last = 0.0330), fitness=-446414429.795907378
2461.09 secs, 310364 evals, 310302 steps, improv/step: 0.059 (last = 0.0254), fitness=-446414430.167265594
2491.10 secs, 313011 evals, 312949 steps, improv/step: 0.059 (last = 0.0314), fitness=-446414431.125950933
2521.10 secs, 315694 evals, 315633 steps, improv/step: 0.058 (last = 0.0320), fitness=-446414431.992432475
2551.10 secs, 318423 evals, 318362 steps, improv/step: 0.058 (last = 0.0447), fitness=-446414432.141361117
2581.11 secs, 321237 evals, 321178 steps, improv/step: 0.058 (last = 0.0362), fitness=-446414432.937691450
2611.11 secs, 323905 evals, 323846 steps, improv/step: 0.058 (last = 0.0371), fitness=-446414433.331217468
2641.36 secs, 326612 evals, 326555 steps, improv/step: 0.058 (last = 0.0432), fitness=-446414433.740736365
2671.36 secs, 329347 evals, 329291 steps, improv/step: 0.058 (last = 0.0362), fitness=-446414435.229200423
2701.49 secs, 332031 evals, 331976 steps, improv/step: 0.058 (last = 0.0413), fitness=-446414435.970716894
2731.50 secs, 334785 evals, 334730 steps, improv/step: 0.057 (last = 0.0370), fitness=-446414436.186904073
2761.50 secs, 337473 evals, 337418 steps, improv/step: 0.057 (last = 0.0286), fitness=-446414437.191272199
2791.57 secs, 340158 evals, 340105 steps, improv/step: 0.057 (last = 0.0320), fitness=-446414438.582652390
2821.57 secs, 342838 evals, 342786 steps, improv/step: 0.057 (last = 0.0336), fitness=-446414439.711750925
2851.58 secs, 345708 evals, 345656 steps, improv/step: 0.057 (last = 0.0296), fitness=-446414440.267940164
2881.81 secs, 348434 evals, 348382 steps, improv/step: 0.056 (last = 0.0279), fitness=-446414441.046429098
2911.81 secs, 351195 evals, 351143 steps, improv/step: 0.056 (last = 0.0293), fitness=-446414442.410439074
2941.82 secs, 353919 evals, 353867 steps, improv/step: 0.056 (last = 0.0283), fitness=-446414443.745683789
2971.82 secs, 356676 evals, 356624 steps, improv/step: 0.056 (last = 0.0247), fitness=-446414444.492283165
3001.84 secs, 359405 evals, 359353 steps, improv/step: 0.055 (last = 0.0289), fitness=-446414445.017541885
3031.84 secs, 362129 evals, 362077 steps, improv/step: 0.055 (last = 0.0290), fitness=-446414445.185553074
3061.84 secs, 364741 evals, 364689 steps, improv/step: 0.055 (last = 0.0406), fitness=-446414445.797285259
3091.85 secs, 367485 evals, 367433 steps, improv/step: 0.055 (last = 0.0415), fitness=-446414446.422821522
3121.86 secs, 370179 evals, 370127 steps, improv/step: 0.055 (last = 0.0360), fitness=-446414447.084610581
3151.86 secs, 372860 evals, 372808 steps, improv/step: 0.055 (last = 0.0358), fitness=-446414447.868245423
3181.89 secs, 375494 evals, 375442 steps, improv/step: 0.055 (last = 0.0399), fitness=-446414448.050122976
3211.97 secs, 378205 evals, 378153 steps, improv/step: 0.055 (last = 0.0365), fitness=-446414449.211268902
3241.98 secs, 380914 evals, 380863 steps, improv/step: 0.054 (last = 0.0303), fitness=-446414449.502676785
3271.98 secs, 383686 evals, 383635 steps, improv/step: 0.054 (last = 0.0429), fitness=-446414449.864552319
3301.99 secs, 386439 evals, 386389 steps, improv/step: 0.054 (last = 0.0378), fitness=-446414450.593899727
3332.00 secs, 389099 evals, 389050 steps, improv/step: 0.054 (last = 0.0338), fitness=-446414450.781650901
3362.00 secs, 391944 evals, 391895 steps, improv/step: 0.054 (last = 0.0292), fitness=-446414451.054116845
3392.01 secs, 394717 evals, 394668 steps, improv/step: 0.054 (last = 0.0353), fitness=-446414451.309307754
3422.24 secs, 397532 evals, 397484 steps, improv/step: 0.054 (last = 0.0316), fitness=-446414451.497373283
3452.24 secs, 400284 evals, 400238 steps, improv/step: 0.053 (last = 0.0305), fitness=-446414451.943046629
3482.25 secs, 402952 evals, 402906 steps, improv/step: 0.053 (last = 0.0319), fitness=-446414451.976156473
3512.26 secs, 405636 evals, 405590 steps, improv/step: 0.053 (last = 0.0402), fitness=-446414452.346581638
3542.27 secs, 408484 evals, 408438 steps, improv/step: 0.053 (last = 0.0393), fitness=-446414452.548322141
3572.28 secs, 411219 evals, 411173 steps, improv/step: 0.053 (last = 0.0369), fitness=-446414452.864966989
3602.28 secs, 413945 evals, 413899 steps, improv/step: 0.053 (last = 0.0253), fitness=-446414452.965473294
3632.29 secs, 416663 evals, 416617 steps, improv/step: 0.053 (last = 0.0232), fitness=-446414453.096746087
3662.29 secs, 419373 evals, 419328 steps, improv/step: 0.052 (last = 0.0347), fitness=-446414453.612505138
3692.30 secs, 422085 evals, 422040 steps, improv/step: 0.052 (last = 0.0317), fitness=-446414453.762080073
3722.31 secs, 424814 evals, 424770 steps, improv/step: 0.052 (last = 0.0293), fitness=-446414454.084945381
3752.31 secs, 427579 evals, 427535 steps, improv/step: 0.052 (last = 0.0293), fitness=-446414454.326912820
3782.39 secs, 430363 evals, 430319 steps, improv/step: 0.052 (last = 0.0302), fitness=-446414454.662940979
3812.40 secs, 433135 evals, 433092 steps, improv/step: 0.052 (last = 0.0343), fitness=-446414455.002737761
3842.41 secs, 435903 evals, 435860 steps, improv/step: 0.052 (last = 0.0444), fitness=-446414455.815714300
3872.46 secs, 438700 evals, 438657 steps, improv/step: 0.052 (last = 0.0358), fitness=-446414455.902916908
3902.46 secs, 441522 evals, 441480 steps, improv/step: 0.051 (last = 0.0319), fitness=-446414456.013106942
3932.47 secs, 444145 evals, 444104 steps, improv/step: 0.051 (last = 0.0309), fitness=-446414456.822233915
3962.47 secs, 446886 evals, 446846 steps, improv/step: 0.051 (last = 0.0306), fitness=-446414457.207044482
3992.48 secs, 449627 evals, 449588 steps, improv/step: 0.051 (last = 0.0295), fitness=-446414457.946942866
4022.48 secs, 452253 evals, 452215 steps, improv/step: 0.051 (last = 0.0384), fitness=-446414458.184556305
4052.48 secs, 454856 evals, 454819 steps, improv/step: 0.051 (last = 0.0442), fitness=-446414458.392602384
4082.48 secs, 457623 evals, 457586 steps, improv/step: 0.051 (last = 0.0358), fitness=-446414458.927484572
4112.49 secs, 460395 evals, 460358 steps, improv/step: 0.051 (last = 0.0289), fitness=-446414458.927484572
4142.49 secs, 463162 evals, 463126 steps, improv/step: 0.051 (last = 0.0275), fitness=-446414459.194020331
4172.50 secs, 465769 evals, 465733 steps, improv/step: 0.051 (last = 0.0307), fitness=-446414459.487614155
4202.51 secs, 468360 evals, 468324 steps, improv/step: 0.050 (last = 0.0328), fitness=-446414460.176022470
4232.52 secs, 471048 evals, 471012 steps, improv/step: 0.050 (last = 0.0387), fitness=-446414460.524246216
4262.52 secs, 473695 evals, 473659 steps, improv/step: 0.050 (last = 0.0298), fitness=-446414460.979821146
4292.58 secs, 476460 evals, 476424 steps, improv/step: 0.050 (last = 0.0293), fitness=-446414461.393908978
4322.60 secs, 479098 evals, 479062 steps, improv/step: 0.050 (last = 0.0341), fitness=-446414461.755358577
4352.60 secs, 481831 evals, 481795 steps, improv/step: 0.050 (last = 0.0322), fitness=-446414462.300334096
4382.60 secs, 484512 evals, 484476 steps, improv/step: 0.050 (last = 0.0377), fitness=-446414463.579788327
4412.62 secs, 487179 evals, 487143 steps, improv/step: 0.050 (last = 0.0307), fitness=-446414463.677308083
4442.62 secs, 489783 evals, 489747 steps, improv/step: 0.050 (last = 0.0280), fitness=-446414464.575141907
4472.63 secs, 492409 evals, 492374 steps, improv/step: 0.050 (last = 0.0285), fitness=-446414465.141564310
4502.63 secs, 495056 evals, 495022 steps, improv/step: 0.049 (last = 0.0344), fitness=-446414465.858207285
4532.63 secs, 497576 evals, 497542 steps, improv/step: 0.049 (last = 0.0274), fitness=-446414466.987789333
4562.64 secs, 500195 evals, 500161 steps, improv/step: 0.049 (last = 0.0286), fitness=-446414466.987789333
4592.64 secs, 502836 evals, 502802 steps, improv/step: 0.049 (last = 0.0212), fitness=-446414467.427066386
4622.65 secs, 505532 evals, 505499 steps, improv/step: 0.049 (last = 0.0271), fitness=-446414468.470508039
4652.66 secs, 508113 evals, 508080 steps, improv/step: 0.049 (last = 0.0248), fitness=-446414469.082467377
4682.67 secs, 510802 evals, 510769 steps, improv/step: 0.049 (last = 0.0331), fitness=-446414470.357290328
4712.67 secs, 513391 evals, 513358 steps, improv/step: 0.049 (last = 0.0324), fitness=-446414471.161286831
4742.67 secs, 515963 evals, 515931 steps, improv/step: 0.049 (last = 0.0206), fitness=-446414471.723331392
4772.68 secs, 518627 evals, 518595 steps, improv/step: 0.048 (last = 0.0293), fitness=-446414472.004874229
4802.68 secs, 521361 evals, 521329 steps, improv/step: 0.048 (last = 0.0329), fitness=-446414473.160895646
4832.68 secs, 523978 evals, 523947 steps, improv/step: 0.048 (last = 0.0264), fitness=-446414473.570629895
4862.82 secs, 526713 evals, 526682 steps, improv/step: 0.048 (last = 0.0314), fitness=-446414473.977028906
4892.82 secs, 529317 evals, 529287 steps, improv/step: 0.048 (last = 0.0288), fitness=-446414474.729440868
4922.83 secs, 531995 evals, 531965 steps, improv/step: 0.048 (last = 0.0280), fitness=-446414474.844834745
4952.83 secs, 534657 evals, 534627 steps, improv/step: 0.048 (last = 0.0293), fitness=-446414475.183564842
4982.97 secs, 537311 evals, 537281 steps, improv/step: 0.048 (last = 0.0249), fitness=-446414475.464807272
5012.97 secs, 540066 evals, 540036 steps, improv/step: 0.048 (last = 0.0272), fitness=-446414475.957169354
5042.98 secs, 542719 evals, 542689 steps, improv/step: 0.048 (last = 0.0290), fitness=-446414476.286910236
5072.98 secs, 545285 evals, 545255 steps, improv/step: 0.047 (last = 0.0257), fitness=-446414476.568143129
5102.98 secs, 547972 evals, 547944 steps, improv/step: 0.047 (last = 0.0227), fitness=-446414476.808698654
5133.09 secs, 550613 evals, 550587 steps, improv/step: 0.047 (last = 0.0182), fitness=-446414477.220103681
5163.10 secs, 553290 evals, 553265 steps, improv/step: 0.047 (last = 0.0183), fitness=-446414477.220103681
5193.11 secs, 555937 evals, 555912 steps, improv/step: 0.047 (last = 0.0246), fitness=-446414477.220103681
5223.12 secs, 558569 evals, 558544 steps, improv/step: 0.047 (last = 0.0247), fitness=-446414477.379239261
5253.13 secs, 561106 evals, 561081 steps, improv/step: 0.047 (last = 0.0236), fitness=-446414477.577100754
5283.28 secs, 563597 evals, 563572 steps, improv/step: 0.047 (last = 0.0265), fitness=-446414477.808653831
5313.29 secs, 566212 evals, 566188 steps, improv/step: 0.047 (last = 0.0291), fitness=-446414478.191670179
5343.30 secs, 568790 evals, 568767 steps, improv/step: 0.046 (last = 0.0229), fitness=-446414478.327490330
5373.31 secs, 571320 evals, 571297 steps, improv/step: 0.046 (last = 0.0269), fitness=-446414478.530487478
5403.31 secs, 573958 evals, 573935 steps, improv/step: 0.046 (last = 0.0277), fitness=-446414478.917087853
5433.32 secs, 576643 evals, 576622 steps, improv/step: 0.046 (last = 0.0301), fitness=-446414479.183115721
5463.33 secs, 579422 evals, 579402 steps, improv/step: 0.046 (last = 0.0345), fitness=-446414479.322409034
5493.33 secs, 582043 evals, 582023 steps, improv/step: 0.046 (last = 0.0320), fitness=-446414479.785768509
5523.33 secs, 584773 evals, 584753 steps, improv/step: 0.046 (last = 0.0282), fitness=-446414479.951480985
5553.34 secs, 587586 evals, 587566 steps, improv/step: 0.046 (last = 0.0256), fitness=-446414480.636400044
5583.35 secs, 590336 evals, 590316 steps, improv/step: 0.046 (last = 0.0236), fitness=-446414480.998530447
5613.35 secs, 592979 evals, 592959 steps, improv/step: 0.046 (last = 0.0352), fitness=-446414481.032040238
5643.36 secs, 595578 evals, 595559 steps, improv/step: 0.046 (last = 0.0269), fitness=-446414481.238810956
5673.36 secs, 598119 evals, 598100 steps, improv/step: 0.046 (last = 0.0264), fitness=-446414481.527861297
5703.58 secs, 600743 evals, 600724 steps, improv/step: 0.046 (last = 0.0232), fitness=-446414481.644069016
5733.59 secs, 603474 evals, 603455 steps, improv/step: 0.045 (last = 0.0293), fitness=-446414481.804509938
5763.60 secs, 606069 evals, 606050 steps, improv/step: 0.045 (last = 0.0281), fitness=-446414482.132505000
5793.60 secs, 608733 evals, 608714 steps, improv/step: 0.045 (last = 0.0345), fitness=-446414482.325518608
5823.86 secs, 611304 evals, 611285 steps, improv/step: 0.045 (last = 0.0346), fitness=-446414482.560393631
5853.86 secs, 613914 evals, 613895 steps, improv/step: 0.045 (last = 0.0318), fitness=-446414482.884868920
5884.03 secs, 616644 evals, 616625 steps, improv/step: 0.045 (last = 0.0311), fitness=-446414483.108234763
5914.04 secs, 619317 evals, 619298 steps, improv/step: 0.045 (last = 0.0322), fitness=-446414483.171509743
5944.05 secs, 621884 evals, 621865 steps, improv/step: 0.045 (last = 0.0284), fitness=-446414483.231564879
5974.05 secs, 624541 evals, 624522 steps, improv/step: 0.045 (last = 0.0297), fitness=-446414483.239565253
6004.05 secs, 627177 evals, 627159 steps, improv/step: 0.045 (last = 0.0262), fitness=-446414483.378476262
6034.06 secs, 629851 evals, 629834 steps, improv/step: 0.045 (last = 0.0292), fitness=-446414483.410860121
6064.06 secs, 632632 evals, 632615 steps, improv/step: 0.045 (last = 0.0352), fitness=-446414483.502267122
6094.07 secs, 635286 evals, 635269 steps, improv/step: 0.045 (last = 0.0369), fitness=-446414483.593751609
6124.07 secs, 638090 evals, 638073 steps, improv/step: 0.045 (last = 0.0435), fitness=-446414483.679604352
6154.26 secs, 640839 evals, 640822 steps, improv/step: 0.045 (last = 0.0389), fitness=-446414483.767477691
6184.27 secs, 643584 evals, 643567 steps, improv/step: 0.045 (last = 0.0302), fitness=-446414483.831498981
6214.27 secs, 646207 evals, 646191 steps, improv/step: 0.045 (last = 0.0545), fitness=-446414484.015928090
6244.27 secs, 648833 evals, 648818 steps, improv/step: 0.045 (last = 0.0324), fitness=-446414484.193141937
6274.27 secs, 651473 evals, 651459 steps, improv/step: 0.045 (last = 0.0428), fitness=-446414484.295171082
6304.28 secs, 654116 evals, 654102 steps, improv/step: 0.045 (last = 0.0280), fitness=-446414484.564608932
6334.37 secs, 656738 evals, 656726 steps, improv/step: 0.045 (last = 0.0381), fitness=-446414484.691085100
6364.50 secs, 659458 evals, 659447 steps, improv/step: 0.045 (last = 0.0368), fitness=-446414485.261460006
6394.50 secs, 662214 evals, 662204 steps, improv/step: 0.044 (last = 0.0276), fitness=-446414485.428403437
6424.50 secs, 665003 evals, 664993 steps, improv/step: 0.044 (last = 0.0351), fitness=-446414485.911060452
6454.51 secs, 667614 evals, 667605 steps, improv/step: 0.044 (last = 0.0295), fitness=-446414486.190001965
6484.52 secs, 670088 evals, 670079 steps, improv/step: 0.044 (last = 0.0259), fitness=-446414486.407379329
6514.53 secs, 672697 evals, 672690 steps, improv/step: 0.044 (last = 0.0333), fitness=-446414486.834421635
6544.53 secs, 675152 evals, 675145 steps, improv/step: 0.044 (last = 0.0277), fitness=-446414487.032608092
6574.54 secs, 677764 evals, 677757 steps, improv/step: 0.044 (last = 0.0387), fitness=-446414487.300346792
6604.54 secs, 680461 evals, 680454 steps, improv/step: 0.044 (last = 0.0271), fitness=-446414487.599071681
6634.55 secs, 683103 evals, 683096 steps, improv/step: 0.044 (last = 0.0288), fitness=-446414487.958470047
6664.56 secs, 685810 evals, 685804 steps, improv/step: 0.044 (last = 0.0255), fitness=-446414488.550865948
6694.57 secs, 688523 evals, 688518 steps, improv/step: 0.044 (last = 0.0310), fitness=-446414488.643652081
6724.58 secs, 691171 evals, 691167 steps, improv/step: 0.044 (last = 0.0279), fitness=-446414489.069781303
6754.59 secs, 693721 evals, 693717 steps, improv/step: 0.044 (last = 0.0259), fitness=-446414489.406177223
6784.59 secs, 696178 evals, 696174 steps, improv/step: 0.044 (last = 0.0269), fitness=-446414490.182705402
6814.59 secs, 698623 evals, 698619 steps, improv/step: 0.044 (last = 0.0258), fitness=-446414490.191019356
6844.59 secs, 701120 evals, 701116 steps, improv/step: 0.044 (last = 0.0248), fitness=-446414491.091352344
6874.60 secs, 703762 evals, 703758 steps, improv/step: 0.044 (last = 0.0250), fitness=-446414491.624257505
6904.60 secs, 706367 evals, 706363 steps, improv/step: 0.043 (last = 0.0292), fitness=-446414492.137764573
6934.61 secs, 709006 evals, 709002 steps, improv/step: 0.043 (last = 0.0246), fitness=-446414492.314799190
6964.61 secs, 711654 evals, 711651 steps, improv/step: 0.043 (last = 0.0208), fitness=-446414492.417367578
6994.61 secs, 714347 evals, 714344 steps, improv/step: 0.043 (last = 0.0208), fitness=-446414492.549809098
7024.62 secs, 716949 evals, 716948 steps, improv/step: 0.043 (last = 0.0238), fitness=-446414492.753045559
7054.62 secs, 719512 evals, 719511 steps, improv/step: 0.043 (last = 0.0250), fitness=-446414492.926094472
7084.62 secs, 722119 evals, 722118 steps, improv/step: 0.043 (last = 0.0192), fitness=-446414493.030180395
7114.63 secs, 724767 evals, 724767 steps, improv/step: 0.043 (last = 0.0321), fitness=-446414493.437486529
7144.65 secs, 727335 evals, 727335 steps, improv/step: 0.043 (last = 0.0238), fitness=-446414493.490471065
7174.65 secs, 729941 evals, 729941 steps, improv/step: 0.043 (last = 0.0365), fitness=-446414493.854847729
7205.01 secs, 732687 evals, 732687 steps, improv/step: 0.043 (last = 0.0288), fitness=-446414494.028985441
7235.02 secs, 735367 evals, 735367 steps, improv/step: 0.043 (last = 0.0373), fitness=-446414494.455992877
7265.31 secs, 738178 evals, 738178 steps, improv/step: 0.043 (last = 0.0256), fitness=-446414494.733954430
7295.32 secs, 740764 evals, 740764 steps, improv/step: 0.043 (last = 0.0151), fitness=-446414494.908377409
7325.85 secs, 743454 evals, 743455 steps, improv/step: 0.043 (last = 0.0253), fitness=-446414495.540514827
7355.85 secs, 746005 evals, 746006 steps, improv/step: 0.042 (last = 0.0172), fitness=-446414496.327689946
7385.85 secs, 748620 evals, 748622 steps, improv/step: 0.042 (last = 0.0206), fitness=-446414496.337413490
7415.85 secs, 751229 evals, 751231 steps, improv/step: 0.042 (last = 0.0188), fitness=-446414496.734943867
7445.86 secs, 753815 evals, 753817 steps, improv/step: 0.042 (last = 0.0251), fitness=-446414496.903054416
7475.86 secs, 756383 evals, 756385 steps, improv/step: 0.042 (last = 0.0276), fitness=-446414497.067456067
7506.08 secs, 758964 evals, 758967 steps, improv/step: 0.042 (last = 0.0236), fitness=-446414497.136199117
7536.09 secs, 761539 evals, 761542 steps, improv/step: 0.042 (last = 0.0369), fitness=-446414497.529730856
7566.10 secs, 764137 evals, 764140 steps, improv/step: 0.042 (last = 0.0327), fitness=-446414497.749678314
7596.10 secs, 766589 evals, 766592 steps, improv/step: 0.042 (last = 0.0277), fitness=-446414498.066236556
7626.11 secs, 769083 evals, 769086 steps, improv/step: 0.042 (last = 0.0321), fitness=-446414498.392040253
7656.12 secs, 771786 evals, 771789 steps, improv/step: 0.042 (last = 0.0259), fitness=-446414498.565333962
7686.12 secs, 774422 evals, 774425 steps, improv/step: 0.042 (last = 0.0262), fitness=-446414498.666599035
7716.12 secs, 776945 evals, 776948 steps, improv/step: 0.042 (last = 0.0226), fitness=-446414498.941210687
7746.13 secs, 779610 evals, 779613 steps, improv/step: 0.042 (last = 0.0240), fitness=-446414499.049338937
7776.15 secs, 782272 evals, 782275 steps, improv/step: 0.042 (last = 0.0259), fitness=-446414499.211083531
7806.16 secs, 785024 evals, 785028 steps, improv/step: 0.042 (last = 0.0211), fitness=-446414499.423820138
7836.16 secs, 787657 evals, 787661 steps, improv/step: 0.042 (last = 0.0251), fitness=-446414499.525585055
7866.17 secs, 790392 evals, 790396 steps, improv/step: 0.042 (last = 0.0176), fitness=-446414499.627556503
7896.18 secs, 793133 evals, 793137 steps, improv/step: 0.041 (last = 0.0233), fitness=-446414499.686984897
7926.19 secs, 795762 evals, 795766 steps, improv/step: 0.041 (last = 0.0232), fitness=-446414499.795629382
7956.20 secs, 798376 evals, 798381 steps, improv/step: 0.041 (last = 0.0172), fitness=-446414499.826026380
7986.31 secs, 801010 evals, 801015 steps, improv/step: 0.041 (last = 0.0266), fitness=-446414500.064295650
8016.31 secs, 803718 evals, 803723 steps, improv/step: 0.041 (last = 0.0174), fitness=-446414500.132072687
8046.32 secs, 806360 evals, 806365 steps, improv/step: 0.041 (last = 0.0212), fitness=-446414500.251275718
8076.33 secs, 808963 evals, 808968 steps, improv/step: 0.041 (last = 0.0231), fitness=-446414500.278520048
8106.79 secs, 811565 evals, 811570 steps, improv/step: 0.041 (last = 0.0200), fitness=-446414500.370824218
8136.79 secs, 814314 evals, 814319 steps, improv/step: 0.041 (last = 0.0196), fitness=-446414500.372813284
8167.02 secs, 817026 evals, 817031 steps, improv/step: 0.041 (last = 0.0243), fitness=-446414500.595863938
8197.02 secs, 819752 evals, 819757 steps, improv/step: 0.041 (last = 0.0249), fitness=-446414500.691367209
8227.02 secs, 822314 evals, 822320 steps, improv/step: 0.041 (last = 0.0254), fitness=-446414501.007970691
8257.47 secs, 825001 evals, 825007 steps, improv/step: 0.041 (last = 0.0201), fitness=-446414501.066847444
8287.48 secs, 827735 evals, 827742 steps, improv/step: 0.041 (last = 0.0179), fitness=-446414501.194539607
8317.48 secs, 830409 evals, 830417 steps, improv/step: 0.041 (last = 0.0142), fitness=-446414501.194539607
8347.49 secs, 832949 evals, 832957 steps, improv/step: 0.040 (last = 0.0209), fitness=-446414501.239109397
8377.50 secs, 835682 evals, 835690 steps, improv/step: 0.040 (last = 0.0209), fitness=-446414501.293285429
8407.50 secs, 838417 evals, 838426 steps, improv/step: 0.040 (last = 0.0216), fitness=-446414501.438207030
8437.51 secs, 841116 evals, 841127 steps, improv/step: 0.040 (last = 0.0215), fitness=-446414501.477679312
8467.52 secs, 843769 evals, 843781 steps, improv/step: 0.040 (last = 0.0173), fitness=-446414501.477679312
8497.52 secs, 846430 evals, 846442 steps, improv/step: 0.040 (last = 0.0158), fitness=-446414501.543766558
8527.53 secs, 848971 evals, 848984 steps, improv/step: 0.040 (last = 0.0208), fitness=-446414501.587891698
8557.53 secs, 851511 evals, 851524 steps, improv/step: 0.040 (last = 0.0213), fitness=-446414501.592391789
8587.54 secs, 854120 evals, 854134 steps, improv/step: 0.040 (last = 0.0203), fitness=-446414501.675078213
8617.89 secs, 856741 evals, 856755 steps, improv/step: 0.040 (last = 0.0221), fitness=-446414501.722266197
8647.89 secs, 859372 evals, 859387 steps, improv/step: 0.040 (last = 0.0266), fitness=-446414501.825117707
8677.89 secs, 861923 evals, 861938 steps, improv/step: 0.040 (last = 0.0227), fitness=-446414501.934090853
8707.89 secs, 864549 evals, 864564 steps, improv/step: 0.040 (last = 0.0221), fitness=-446414501.934090853
8737.91 secs, 867104 evals, 867120 steps, improv/step: 0.040 (last = 0.0188), fitness=-446414502.030574501
8767.91 secs, 869755 evals, 869771 steps, improv/step: 0.040 (last = 0.0211), fitness=-446414502.091537178
8797.92 secs, 872327 evals, 872343 steps, improv/step: 0.040 (last = 0.0229), fitness=-446414502.139800191
8827.94 secs, 874927 evals, 874944 steps, improv/step: 0.040 (last = 0.0204), fitness=-446414502.167882800
8857.94 secs, 877445 evals, 877462 steps, improv/step: 0.039 (last = 0.0195), fitness=-446414502.183638692
8887.94 secs, 880142 evals, 880159 steps, improv/step: 0.039 (last = 0.0159), fitness=-446414502.259257436
8917.95 secs, 882776 evals, 882793 steps, improv/step: 0.039 (last = 0.0194), fitness=-446414502.403645873
8947.96 secs, 885173 evals, 885190 steps, improv/step: 0.039 (last = 0.0167), fitness=-446414502.403645873
8977.97 secs, 887698 evals, 887715 steps, improv/step: 0.039 (last = 0.0202), fitness=-446414502.434528828
9007.97 secs, 890194 evals, 890212 steps, improv/step: 0.039 (last = 0.0208), fitness=-446414502.497372091
9037.97 secs, 892820 evals, 892839 steps, improv/step: 0.039 (last = 0.0228), fitness=-446414502.524984956
9067.98 secs, 895348 evals, 895367 steps, improv/step: 0.039 (last = 0.0218), fitness=-446414502.567430496
9097.98 secs, 897902 evals, 897922 steps, improv/step: 0.039 (last = 0.0188), fitness=-446414502.603520215
9127.99 secs, 900588 evals, 900609 steps, improv/step: 0.039 (last = 0.0249), fitness=-446414502.668380320
9158.00 secs, 903157 evals, 903178 steps, improv/step: 0.039 (last = 0.0202), fitness=-446414502.686977744
9188.01 secs, 905722 evals, 905743 steps, improv/step: 0.039 (last = 0.0234), fitness=-446414502.805100024
9218.01 secs, 908368 evals, 908390 steps, improv/step: 0.039 (last = 0.0219), fitness=-446414502.916823506
9248.47 secs, 911059 evals, 911082 steps, improv/step: 0.039 (last = 0.0171), fitness=-446414502.947946310
9278.83 secs, 913778 evals, 913802 steps, improv/step: 0.039 (last = 0.0154), fitness=-446414502.947946310
9308.84 secs, 916486 evals, 916512 steps, improv/step: 0.039 (last = 0.0244), fitness=-446414503.090365946
9338.85 secs, 919108 evals, 919134 steps, improv/step: 0.039 (last = 0.0168), fitness=-446414503.103573203
9368.86 secs, 921775 evals, 921801 steps, improv/step: 0.039 (last = 0.0150), fitness=-446414503.235664368
9398.87 secs, 924287 evals, 924313 steps, improv/step: 0.038 (last = 0.0163), fitness=-446414503.235664368
9429.40 secs, 926872 evals, 926898 steps, improv/step: 0.038 (last = 0.0170), fitness=-446414503.235732794
9459.40 secs, 929488 evals, 929515 steps, improv/step: 0.038 (last = 0.0130), fitness=-446414503.235732794
9489.41 secs, 932222 evals, 932250 steps, improv/step: 0.038 (last = 0.0157), fitness=-446414503.323579550
9519.70 secs, 934870 evals, 934898 steps, improv/step: 0.038 (last = 0.0177), fitness=-446414503.366017699
9549.71 secs, 937535 evals, 937564 steps, improv/step: 0.038 (last = 0.0188), fitness=-446414503.433132470
9579.71 secs, 939987 evals, 940016 steps, improv/step: 0.038 (last = 0.0220), fitness=-446414503.476705134
9609.73 secs, 942598 evals, 942629 steps, improv/step: 0.038 (last = 0.0168), fitness=-446414503.476705134
9639.73 secs, 945120 evals, 945151 steps, improv/step: 0.038 (last = 0.0174), fitness=-446414503.570426762
9669.74 secs, 947697 evals, 947729 steps, improv/step: 0.038 (last = 0.0186), fitness=-446414503.570426762
9699.75 secs, 950235 evals, 950267 steps, improv/step: 0.038 (last = 0.0209), fitness=-446414503.634178698
9729.75 secs, 952700 evals, 952732 steps, improv/step: 0.038 (last = 0.0178), fitness=-446414503.692462564
9759.75 secs, 955305 evals, 955338 steps, improv/step: 0.038 (last = 0.0200), fitness=-446414503.793150783
9789.76 secs, 957920 evals, 957954 steps, improv/step: 0.038 (last = 0.0233), fitness=-446414503.805720031
9819.76 secs, 960553 evals, 960587 steps, improv/step: 0.038 (last = 0.0300), fitness=-446414503.844496489
9849.76 secs, 963216 evals, 963250 steps, improv/step: 0.038 (last = 0.0293), fitness=-446414503.906561077
9880.12 secs, 965898 evals, 965933 steps, improv/step: 0.038 (last = 0.0268), fitness=-446414503.917455792
9910.13 secs, 968481 evals, 968516 steps, improv/step: 0.038 (last = 0.0209), fitness=-446414504.008011997
9940.13 secs, 971042 evals, 971079 steps, improv/step: 0.038 (last = 0.0195), fitness=-446414504.008011997
9970.14 secs, 973643 evals, 973681 steps, improv/step: 0.038 (last = 0.0288), fitness=-446414504.010770977
10000.14 secs, 976250 evals, 976288 steps, improv/step: 0.038 (last = 0.0211), fitness=-446414504.076526880
10030.14 secs, 978763 evals, 978801 steps, improv/step: 0.037 (last = 0.0187), fitness=-446414504.097743869
10060.41 secs, 981274 evals, 981313 steps, improv/step: 0.037 (last = 0.0255), fitness=-446414504.168880701
10090.41 secs, 983866 evals, 983905 steps, improv/step: 0.037 (last = 0.0220), fitness=-446414504.175225496
10120.41 secs, 986522 evals, 986562 steps, improv/step: 0.037 (last = 0.0248), fitness=-446414504.236429155
10150.42 secs, 989118 evals, 989158 steps, improv/step: 0.037 (last = 0.0304), fitness=-446414504.250353038
10180.54 secs, 991646 evals, 991686 steps, improv/step: 0.037 (last = 0.0312), fitness=-446414504.282458842
10210.92 secs, 994254 evals, 994294 steps, improv/step: 0.037 (last = 0.0268), fitness=-446414504.346958578
10240.93 secs, 996844 evals, 996884 steps, improv/step: 0.037 (last = 0.0243), fitness=-446414504.422711909
10270.93 secs, 999360 evals, 999401 steps, improv/step: 0.037 (last = 0.0222), fitness=-446414504.422711909
10300.93 secs, 1001856 evals, 1001898 steps, improv/step: 0.037 (last = 0.0148), fitness=-446414504.442746997
10330.93 secs, 1004384 evals, 1004426 steps, improv/step: 0.037 (last = 0.0190), fitness=-446414504.459421456
10360.94 secs, 1006992 evals, 1007034 steps, improv/step: 0.037 (last = 0.0199), fitness=-446414504.592261016
10390.95 secs, 1009586 evals, 1009628 steps, improv/step: 0.037 (last = 0.0197), fitness=-446414504.617050588
10420.96 secs, 1012168 evals, 1012210 steps, improv/step: 0.037 (last = 0.0256), fitness=-446414504.643847466
10450.97 secs, 1014618 evals, 1014660 steps, improv/step: 0.037 (last = 0.0257), fitness=-446414504.662676215
10480.98 secs, 1017063 evals, 1017105 steps, improv/step: 0.037 (last = 0.0258), fitness=-446414504.734040678
10510.98 secs, 1019583 evals, 1019625 steps, improv/step: 0.037 (last = 0.0258), fitness=-446414504.765444815
10540.98 secs, 1022133 evals, 1022176 steps, improv/step: 0.037 (last = 0.0274), fitness=-446414504.832059801
10571.23 secs, 1024702 evals, 1024746 steps, improv/step: 0.037 (last = 0.0179), fitness=-446414504.889855385
10601.25 secs, 1027331 evals, 1027375 steps, improv/step: 0.037 (last = 0.0198), fitness=-446414504.892224729
10631.26 secs, 1029983 evals, 1030027 steps, improv/step: 0.037 (last = 0.0287), fitness=-446414504.967073143
10661.35 secs, 1032445 evals, 1032489 steps, improv/step: 0.037 (last = 0.0272), fitness=-446414504.986275673
10691.37 secs, 1035112 evals, 1035156 steps, improv/step: 0.037 (last = 0.0187), fitness=-446414505.016689658
10721.38 secs, 1037750 evals, 1037796 steps, improv/step: 0.037 (last = 0.0246), fitness=-446414505.033558428
10751.38 secs, 1040291 evals, 1040338 steps, improv/step: 0.037 (last = 0.0146), fitness=-446414505.062542081
10781.39 secs, 1042884 evals, 1042932 steps, improv/step: 0.037 (last = 0.0200), fitness=-446414505.103808641
10811.39 secs, 1045493 evals, 1045541 steps, improv/step: 0.037 (last = 0.0207), fitness=-446414505.146149516
10841.40 secs, 1048158 evals, 1048206 steps, improv/step: 0.037 (last = 0.0176), fitness=-446414505.216865540
10871.40 secs, 1050800 evals, 1050848 steps, improv/step: 0.036 (last = 0.0223), fitness=-446414505.247629106
10901.40 secs, 1053451 evals, 1053499 steps, improv/step: 0.036 (last = 0.0219), fitness=-446414505.251407802
10931.41 secs, 1056079 evals, 1056127 steps, improv/step: 0.036 (last = 0.0205), fitness=-446414505.253648520
10961.41 secs, 1058735 evals, 1058785 steps, improv/step: 0.036 (last = 0.0177), fitness=-446414505.307181120
10991.41 secs, 1061247 evals, 1061297 steps, improv/step: 0.036 (last = 0.0183), fitness=-446414505.307181120
11021.42 secs, 1063800 evals, 1063850 steps, improv/step: 0.036 (last = 0.0219), fitness=-446414505.323077083
11051.43 secs, 1066430 evals, 1066480 steps, improv/step: 0.036 (last = 0.0236), fitness=-446414505.323077083
11081.43 secs, 1069042 evals, 1069094 steps, improv/step: 0.036 (last = 0.0233), fitness=-446414505.337491512
11111.44 secs, 1071611 evals, 1071663 steps, improv/step: 0.036 (last = 0.0265), fitness=-446414505.359830678
11141.44 secs, 1074166 evals, 1074218 steps, improv/step: 0.036 (last = 0.0325), fitness=-446414505.374459445
11171.44 secs, 1076750 evals, 1076803 steps, improv/step: 0.036 (last = 0.0340), fitness=-446414505.396116793
11201.45 secs, 1079270 evals, 1079323 steps, improv/step: 0.036 (last = 0.0409), fitness=-446414505.402593315
11231.45 secs, 1081937 evals, 1081990 steps, improv/step: 0.036 (last = 0.0307), fitness=-446414505.416575611
11261.45 secs, 1084405 evals, 1084458 steps, improv/step: 0.036 (last = 0.0251), fitness=-446414505.436200976
11291.46 secs, 1086986 evals, 1087039 steps, improv/step: 0.036 (last = 0.0236), fitness=-446414505.441102445
11321.46 secs, 1089414 evals, 1089467 steps, improv/step: 0.036 (last = 0.0317), fitness=-446414505.457532525
11351.46 secs, 1091964 evals, 1092018 steps, improv/step: 0.036 (last = 0.0290), fitness=-446414505.470075548
11381.47 secs, 1094591 evals, 1094645 steps, improv/step: 0.036 (last = 0.0255), fitness=-446414505.477834105
11411.48 secs, 1097138 evals, 1097193 steps, improv/step: 0.036 (last = 0.0290), fitness=-446414505.485341966
11441.48 secs, 1099696 evals, 1099752 steps, improv/step: 0.036 (last = 0.0234), fitness=-446414505.513010502
11471.49 secs, 1102416 evals, 1102472 steps, improv/step: 0.036 (last = 0.0279), fitness=-446414505.513399780
11501.49 secs, 1105207 evals, 1105263 steps, improv/step: 0.036 (last = 0.0269), fitness=-446414505.520650089
11531.49 secs, 1107771 evals, 1107827 steps, improv/step: 0.036 (last = 0.0300), fitness=-446414505.530791819
11561.50 secs, 1110253 evals, 1110309 steps, improv/step: 0.036 (last = 0.0234), fitness=-446414505.535646856
11591.51 secs, 1112762 evals, 1112818 steps, improv/step: 0.036 (last = 0.0307), fitness=-446414505.538749874
11621.51 secs, 1115270 evals, 1115327 steps, improv/step: 0.036 (last = 0.0259), fitness=-446414505.547773659
11651.52 secs, 1117814 evals, 1117871 steps, improv/step: 0.036 (last = 0.0252), fitness=-446414505.556123614
11681.52 secs, 1120366 evals, 1120425 steps, improv/step: 0.036 (last = 0.0255), fitness=-446414505.559163868
11711.52 secs, 1123076 evals, 1123135 steps, improv/step: 0.036 (last = 0.0310), fitness=-446414505.566460550
11741.53 secs, 1125633 evals, 1125692 steps, improv/step: 0.036 (last = 0.0313), fitness=-446414505.573213875
11771.76 secs, 1128139 evals, 1128198 steps, improv/step: 0.036 (last = 0.0331), fitness=-446414505.573213875
11801.76 secs, 1130717 evals, 1130776 steps, improv/step: 0.036 (last = 0.0369), fitness=-446414505.583916366
11831.77 secs, 1133287 evals, 1133347 steps, improv/step: 0.036 (last = 0.0284), fitness=-446414505.585685790
11861.78 secs, 1135822 evals, 1135882 steps, improv/step: 0.036 (last = 0.0327), fitness=-446414505.590741634
11891.78 secs, 1138342 evals, 1138403 steps, improv/step: 0.036 (last = 0.0274), fitness=-446414505.593706548
11921.78 secs, 1140957 evals, 1141018 steps, improv/step: 0.036 (last = 0.0252), fitness=-446414505.597126007
11951.78 secs, 1143534 evals, 1143595 steps, improv/step: 0.036 (last = 0.0256), fitness=-446414505.598661721
11981.79 secs, 1146131 evals, 1146193 steps, improv/step: 0.036 (last = 0.0231), fitness=-446414505.601317823
12011.79 secs, 1148591 evals, 1148653 steps, improv/step: 0.036 (last = 0.0220), fitness=-446414505.602988064
12041.80 secs, 1151169 evals, 1151231 steps, improv/step: 0.036 (last = 0.0186), fitness=-446414505.606670320
12071.81 secs, 1153735 evals, 1153798 steps, improv/step: 0.036 (last = 0.0308), fitness=-446414505.609917402
12101.82 secs, 1156287 evals, 1156350 steps, improv/step: 0.036 (last = 0.0376), fitness=-446414505.613388658
12132.27 secs, 1158912 evals, 1158975 steps, improv/step: 0.036 (last = 0.0389), fitness=-446414505.614052415
12162.28 secs, 1161425 evals, 1161488 steps, improv/step: 0.036 (last = 0.0442), fitness=-446414505.622197151
12192.29 secs, 1163915 evals, 1163978 steps, improv/step: 0.036 (last = 0.0265), fitness=-446414505.631108582
12222.82 secs, 1166441 evals, 1166504 steps, improv/step: 0.036 (last = 0.0297), fitness=-446414505.644714773
12252.83 secs, 1168950 evals, 1169013 steps, improv/step: 0.036 (last = 0.0235), fitness=-446414505.647671402
12282.83 secs, 1171547 evals, 1171611 steps, improv/step: 0.036 (last = 0.0246), fitness=-446414505.656377733
12312.84 secs, 1174130 evals, 1174194 steps, improv/step: 0.036 (last = 0.0252), fitness=-446414505.662939906
12342.84 secs, 1176632 evals, 1176696 steps, improv/step: 0.036 (last = 0.0188), fitness=-446414505.676711440
12372.86 secs, 1179140 evals, 1179205 steps, improv/step: 0.036 (last = 0.0227), fitness=-446414505.685758948
12402.86 secs, 1181804 evals, 1181869 steps, improv/step: 0.035 (last = 0.0203), fitness=-446414505.693285942
12433.12 secs, 1184312 evals, 1184377 steps, improv/step: 0.035 (last = 0.0163), fitness=-446414505.701747596
12463.12 secs, 1186940 evals, 1187005 steps, improv/step: 0.035 (last = 0.0213), fitness=-446414505.710548222
12493.13 secs, 1189482 evals, 1189547 steps, improv/step: 0.035 (last = 0.0201), fitness=-446414505.724372447
12523.14 secs, 1192081 evals, 1192146 steps, improv/step: 0.035 (last = 0.0192), fitness=-446414505.728824079
12553.65 secs, 1194691 evals, 1194756 steps, improv/step: 0.035 (last = 0.0161), fitness=-446414505.738319755
12583.65 secs, 1197224 evals, 1197290 steps, improv/step: 0.035 (last = 0.0158), fitness=-446414505.744381309
12614.32 secs, 1199718 evals, 1199784 steps, improv/step: 0.035 (last = 0.0233), fitness=-446414505.747863054
12644.32 secs, 1202308 evals, 1202375 steps, improv/step: 0.035 (last = 0.0216), fitness=-446414505.752798915
12674.33 secs, 1204823 evals, 1204890 steps, improv/step: 0.035 (last = 0.0223), fitness=-446414505.761464715
12704.33 secs, 1207492 evals, 1207560 steps, improv/step: 0.035 (last = 0.0202), fitness=-446414505.793618977
12734.33 secs, 1210116 evals, 1210185 steps, improv/step: 0.035 (last = 0.0202), fitness=-446414505.821164072
12764.33 secs, 1212731 evals, 1212800 steps, improv/step: 0.035 (last = 0.0191), fitness=-446414505.821164072
12794.34 secs, 1215430 evals, 1215499 steps, improv/step: 0.035 (last = 0.0233), fitness=-446414505.821164072
12824.45 secs, 1218057 evals, 1218127 steps, improv/step: 0.035 (last = 0.0152), fitness=-446414505.837786615
12854.46 secs, 1220727 evals, 1220799 steps, improv/step: 0.035 (last = 0.0161), fitness=-446414505.850812256
12884.46 secs, 1223347 evals, 1223419 steps, improv/step: 0.035 (last = 0.0176), fitness=-446414505.857068002
12914.69 secs, 1225938 evals, 1226010 steps, improv/step: 0.035 (last = 0.0181), fitness=-446414505.860536873
12944.69 secs, 1228616 evals, 1228688 steps, improv/step: 0.035 (last = 0.0127), fitness=-446414505.863037527
12974.70 secs, 1231272 evals, 1231347 steps, improv/step: 0.035 (last = 0.0177), fitness=-446414505.869771719
13004.70 secs, 1233698 evals, 1233774 steps, improv/step: 0.035 (last = 0.0136), fitness=-446414505.879778564
13035.57 secs, 1236255 evals, 1236331 steps, improv/step: 0.035 (last = 0.0145), fitness=-446414505.882461846
13065.57 secs, 1238702 evals, 1238778 steps, improv/step: 0.035 (last = 0.0147), fitness=-446414505.882461846
13095.57 secs, 1241135 evals, 1241211 steps, improv/step: 0.035 (last = 0.0136), fitness=-446414505.884951949
13125.58 secs, 1243725 evals, 1243801 steps, improv/step: 0.035 (last = 0.0162), fitness=-446414505.892812431
13156.26 secs, 1246250 evals, 1246326 steps, improv/step: 0.035 (last = 0.0230), fitness=-446414505.898095608
13186.26 secs, 1248857 evals, 1248934 steps, improv/step: 0.035 (last = 0.0180), fitness=-446414505.898954868
13216.26 secs, 1251351 evals, 1251428 steps, improv/step: 0.035 (last = 0.0188), fitness=-446414505.900244057
13246.27 secs, 1253942 evals, 1254019 steps, improv/step: 0.034 (last = 0.0135), fitness=-446414505.904384553
13276.28 secs, 1256516 evals, 1256593 steps, improv/step: 0.034 (last = 0.0155), fitness=-446414505.906035185
13306.30 secs, 1259152 evals, 1259230 steps, improv/step: 0.034 (last = 0.0129), fitness=-446414505.906035185
13336.30 secs, 1261743 evals, 1261821 steps, improv/step: 0.034 (last = 0.0162), fitness=-446414505.907787979
13366.31 secs, 1264326 evals, 1264405 steps, improv/step: 0.034 (last = 0.0132), fitness=-446414505.908588648
13396.31 secs, 1266787 evals, 1266866 steps, improv/step: 0.034 (last = 0.0146), fitness=-446414505.910869122
13426.32 secs, 1269289 evals, 1269369 steps, improv/step: 0.034 (last = 0.0156), fitness=-446414505.911552250
13456.32 secs, 1271805 evals, 1271885 steps, improv/step: 0.034 (last = 0.0111), fitness=-446414505.912192106
13486.33 secs, 1274397 evals, 1274477 steps, improv/step: 0.034 (last = 0.0150), fitness=-446414505.913319826
13516.33 secs, 1277057 evals, 1277137 steps, improv/step: 0.034 (last = 0.0173), fitness=-446414505.915131509
13546.67 secs, 1279559 evals, 1279639 steps, improv/step: 0.034 (last = 0.0128), fitness=-446414505.915249228
13576.68 secs, 1282273 evals, 1282355 steps, improv/step: 0.034 (last = 0.0147), fitness=-446414505.915426612
13606.68 secs, 1284769 evals, 1284851 steps, improv/step: 0.034 (last = 0.0128), fitness=-446414505.916314125
13636.68 secs, 1287261 evals, 1287344 steps, improv/step: 0.034 (last = 0.0144), fitness=-446414505.916709483
13666.69 secs, 1289886 evals, 1289969 steps, improv/step: 0.034 (last = 0.0130), fitness=-446414505.917028666
13696.69 secs, 1292453 evals, 1292536 steps, improv/step: 0.034 (last = 0.0132), fitness=-446414505.917536378
13726.70 secs, 1295042 evals, 1295126 steps, improv/step: 0.034 (last = 0.0201), fitness=-446414505.918288708
13756.70 secs, 1297691 evals, 1297775 steps, improv/step: 0.034 (last = 0.0143), fitness=-446414505.918288708
13786.70 secs, 1300268 evals, 1300352 steps, improv/step: 0.034 (last = 0.0147), fitness=-446414505.918890178
13816.71 secs, 1302777 evals, 1302862 steps, improv/step: 0.034 (last = 0.0147), fitness=-446414505.919370592
13846.71 secs, 1305346 evals, 1305431 steps, improv/step: 0.034 (last = 0.0136), fitness=-446414505.920144796
13877.08 secs, 1307806 evals, 1307891 steps, improv/step: 0.034 (last = 0.0110), fitness=-446414505.920144796
13907.08 secs, 1310430 evals, 1310515 steps, improv/step: 0.034 (last = 0.0118), fitness=-446414505.920144796
13937.09 secs, 1313079 evals, 1313165 steps, improv/step: 0.034 (last = 0.0155), fitness=-446414505.920667887
13967.09 secs, 1315691 evals, 1315777 steps, improv/step: 0.034 (last = 0.0115), fitness=-446414505.921305656
13997.09 secs, 1318197 evals, 1318284 steps, improv/step: 0.033 (last = 0.0088), fitness=-446414505.921305656
14027.09 secs, 1320822 evals, 1320909 steps, improv/step: 0.033 (last = 0.0145), fitness=-446414505.921503544
14057.10 secs, 1323368 evals, 1323455 steps, improv/step: 0.033 (last = 0.0110), fitness=-446414505.921808004
14087.11 secs, 1325845 evals, 1325932 steps, improv/step: 0.033 (last = 0.0117), fitness=-446414505.921808004
14117.12 secs, 1328430 evals, 1328517 steps, improv/step: 0.033 (last = 0.0128), fitness=-446414505.921829045
14147.13 secs, 1331056 evals, 1331143 steps, improv/step: 0.033 (last = 0.0129), fitness=-446414505.921897054
14177.13 secs, 1333620 evals, 1333708 steps, improv/step: 0.033 (last = 0.0140), fitness=-446414505.921957016
14207.15 secs, 1336211 evals, 1336300 steps, improv/step: 0.033 (last = 0.0143), fitness=-446414505.922129095
14237.15 secs, 1338801 evals, 1338890 steps, improv/step: 0.033 (last = 0.0120), fitness=-446414505.922246099
14267.16 secs, 1341363 evals, 1341452 steps, improv/step: 0.033 (last = 0.0144), fitness=-446414505.922291994
14297.16 secs, 1343963 evals, 1344052 steps, improv/step: 0.033 (last = 0.0092), fitness=-446414505.922325313
14327.17 secs, 1346587 evals, 1346677 steps, improv/step: 0.033 (last = 0.0069), fitness=-446414505.922325313
14357.17 secs, 1349105 evals, 1349195 steps, improv/step: 0.033 (last = 0.0087), fitness=-446414505.922349513
14387.19 secs, 1351728 evals, 1351818 steps, improv/step: 0.033 (last = 0.0118), fitness=-446414505.922417283
14417.19 secs, 1354340 evals, 1354430 steps, improv/step: 0.033 (last = 0.0119), fitness=-446414505.922515988
14447.20 secs, 1356936 evals, 1357027 steps, improv/step: 0.033 (last = 0.0085), fitness=-446414505.922535002
14477.20 secs, 1359541 evals, 1359633 steps, improv/step: 0.033 (last = 0.0092), fitness=-446414505.922535002
14507.21 secs, 1362146 evals, 1362238 steps, improv/step: 0.033 (last = 0.0081), fitness=-446414505.922535002
14537.21 secs, 1364830 evals, 1364922 steps, improv/step: 0.033 (last = 0.0104), fitness=-446414505.922553658
14567.22 secs, 1367550 evals, 1367642 steps, improv/step: 0.033 (last = 0.0129), fitness=-446414505.922579706
14597.22 secs, 1370304 evals, 1370397 steps, improv/step: 0.033 (last = 0.0105), fitness=-446414505.922613084
14627.23 secs, 1373009 evals, 1373103 steps, improv/step: 0.033 (last = 0.0074), fitness=-446414505.922613084
14657.24 secs, 1375616 evals, 1375711 steps, improv/step: 0.033 (last = 0.0142), fitness=-446414505.922651529
14687.25 secs, 1378135 evals, 1378230 steps, improv/step: 0.032 (last = 0.0115), fitness=-446414505.922651529
14717.25 secs, 1380624 evals, 1380720 steps, improv/step: 0.032 (last = 0.0064), fitness=-446414505.922672331
14747.26 secs, 1383145 evals, 1383241 steps, improv/step: 0.032 (last = 0.0075), fitness=-446414505.922672331
14777.27 secs, 1385654 evals, 1385750 steps, improv/step: 0.032 (last = 0.0104), fitness=-446414505.922678351
14807.28 secs, 1388055 evals, 1388152 steps, improv/step: 0.032 (last = 0.0087), fitness=-446414505.922691703
14837.28 secs, 1390600 evals, 1390697 steps, improv/step: 0.032 (last = 0.0145), fitness=-446414505.922742426
14867.28 secs, 1393124 evals, 1393223 steps, improv/step: 0.032 (last = 0.0123), fitness=-446414505.922742426
14897.30 secs, 1395703 evals, 1395802 steps, improv/step: 0.032 (last = 0.0105), fitness=-446414505.922742426
14928.05 secs, 1398276 evals, 1398377 steps, improv/step: 0.032 (last = 0.0085), fitness=-446414505.922742426
14958.07 secs, 1400936 evals, 1401037 steps, improv/step: 0.032 (last = 0.0150), fitness=-446414505.922764659
14988.18 secs, 1403643 evals, 1403744 steps, improv/step: 0.032 (last = 0.0103), fitness=-446414505.922772348
15018.93 secs, 1406334 evals, 1406437 steps, improv/step: 0.032 (last = 0.0137), fitness=-446414505.922772765
15049.49 secs, 1409030 evals, 1409133 steps, improv/step: 0.032 (last = 0.0104), fitness=-446414505.922772765
15079.49 secs, 1411713 evals, 1411817 steps, improv/step: 0.032 (last = 0.0119), fitness=-446414505.922795951
15109.49 secs, 1414301 evals, 1414405 steps, improv/step: 0.032 (last = 0.0089), fitness=-446414505.922818244
15139.49 secs, 1416818 evals, 1416924 steps, improv/step: 0.032 (last = 0.0075), fitness=-446414505.922818244
15169.49 secs, 1419422 evals, 1419528 steps, improv/step: 0.032 (last = 0.0081), fitness=-446414505.922818244
15199.50 secs, 1422076 evals, 1422183 steps, improv/step: 0.032 (last = 0.0105), fitness=-446414505.922836721
15229.51 secs, 1424649 evals, 1424757 steps, improv/step: 0.032 (last = 0.0082), fitness=-446414505.922839582
15259.52 secs, 1427170 evals, 1427278 steps, improv/step: 0.032 (last = 0.0135), fitness=-446414505.922839582
15289.53 secs, 1429705 evals, 1429813 steps, improv/step: 0.032 (last = 0.0138), fitness=-446414505.922844768
15319.54 secs, 1432312 evals, 1432420 steps, improv/step: 0.032 (last = 0.0119), fitness=-446414505.922861218
15349.54 secs, 1434933 evals, 1435043 steps, improv/step: 0.032 (last = 0.0111), fitness=-446414505.922866523
15379.55 secs, 1437596 evals, 1437706 steps, improv/step: 0.032 (last = 0.0079), fitness=-446414505.922866523
15409.55 secs, 1440024 evals, 1440134 steps, improv/step: 0.032 (last = 0.0091), fitness=-446414505.922875404
15439.55 secs, 1442522 evals, 1442632 steps, improv/step: 0.032 (last = 0.0100), fitness=-446414505.922878623
15469.56 secs, 1445084 evals, 1445194 steps, improv/step: 0.031 (last = 0.0090), fitness=-446414505.922923982
15499.99 secs, 1447736 evals, 1447846 steps, improv/step: 0.031 (last = 0.0072), fitness=-446414505.922923982
15530.00 secs, 1450283 evals, 1450393 steps, improv/step: 0.031 (last = 0.0122), fitness=-446414505.922923982
15561.18 secs, 1452817 evals, 1452927 steps, improv/step: 0.031 (last = 0.0138), fitness=-446414505.922947228
15591.18 secs, 1455197 evals, 1455307 steps, improv/step: 0.031 (last = 0.0109), fitness=-446414505.922947228
15621.19 secs, 1457745 evals, 1457856 steps, improv/step: 0.031 (last = 0.0106), fitness=-446414505.922967494
15651.20 secs, 1460320 evals, 1460431 steps, improv/step: 0.031 (last = 0.0085), fitness=-446414505.922982693
15681.20 secs, 1462952 evals, 1463064 steps, improv/step: 0.031 (last = 0.0110), fitness=-446414505.922982693
15711.21 secs, 1465466 evals, 1465578 steps, improv/step: 0.031 (last = 0.0111), fitness=-446414505.923017442
15741.21 secs, 1467938 evals, 1468050 steps, improv/step: 0.031 (last = 0.0125), fitness=-446414505.923027515
15771.47 secs, 1470493 evals, 1470605 steps, improv/step: 0.031 (last = 0.0149), fitness=-446414505.923046350
15801.48 secs, 1473084 evals, 1473196 steps, improv/step: 0.031 (last = 0.0154), fitness=-446414505.923061848
15831.49 secs, 1475664 evals, 1475776 steps, improv/step: 0.031 (last = 0.0151), fitness=-446414505.923066795
15861.49 secs, 1478402 evals, 1478515 steps, improv/step: 0.031 (last = 0.0146), fitness=-446414505.923075438
15891.49 secs, 1481097 evals, 1481210 steps, improv/step: 0.031 (last = 0.0126), fitness=-446414505.923078656
15921.50 secs, 1483781 evals, 1483895 steps, improv/step: 0.031 (last = 0.0115), fitness=-446414505.923080742
15951.50 secs, 1486307 evals, 1486421 steps, improv/step: 0.031 (last = 0.0123), fitness=-446414505.923087776
15981.50 secs, 1488716 evals, 1488830 steps, improv/step: 0.031 (last = 0.0133), fitness=-446414505.923088431
16011.58 secs, 1491210 evals, 1491327 steps, improv/step: 0.031 (last = 0.0132), fitness=-446414505.923097372
16041.59 secs, 1493800 evals, 1493917 steps, improv/step: 0.031 (last = 0.0069), fitness=-446414505.923101187
16071.59 secs, 1496364 evals, 1496481 steps, improv/step: 0.031 (last = 0.0164), fitness=-446414505.923104167
16101.59 secs, 1498864 evals, 1498981 steps, improv/step: 0.031 (last = 0.0168), fitness=-446414505.923104465
16131.60 secs, 1501424 evals, 1501542 steps, improv/step: 0.031 (last = 0.0121), fitness=-446414505.923107386
16161.61 secs, 1503947 evals, 1504065 steps, improv/step: 0.031 (last = 0.0178), fitness=-446414505.923107564
16192.44 secs, 1506449 evals, 1506568 steps, improv/step: 0.031 (last = 0.0240), fitness=-446414505.923114657
16222.45 secs, 1508874 evals, 1508994 steps, improv/step: 0.031 (last = 0.0185), fitness=-446414505.923121512
16252.45 secs, 1511382 evals, 1511503 steps, improv/step: 0.031 (last = 0.0183), fitness=-446414505.923121512
16282.46 secs, 1513993 evals, 1514114 steps, improv/step: 0.031 (last = 0.0149), fitness=-446414505.923124373
16312.46 secs, 1516570 evals, 1516691 steps, improv/step: 0.031 (last = 0.0175), fitness=-446414505.923124373
16342.47 secs, 1519109 evals, 1519231 steps, improv/step: 0.031 (last = 0.0181), fitness=-446414505.923124373
16372.48 secs, 1521807 evals, 1521929 steps, improv/step: 0.031 (last = 0.0156), fitness=-446414505.923124373
16402.48 secs, 1524452 evals, 1524574 steps, improv/step: 0.031 (last = 0.0155), fitness=-446414505.923124373
16432.49 secs, 1527120 evals, 1527243 steps, improv/step: 0.031 (last = 0.0169), fitness=-446414505.923125148
16462.49 secs, 1529617 evals, 1529740 steps, improv/step: 0.031 (last = 0.0124), fitness=-446414505.923126459
16492.49 secs, 1532120 evals, 1532244 steps, improv/step: 0.030 (last = 0.0108), fitness=-446414505.923126459
16522.50 secs, 1534574 evals, 1534698 steps, improv/step: 0.030 (last = 0.0110), fitness=-446414505.923126578
16552.50 secs, 1537117 evals, 1537241 steps, improv/step: 0.030 (last = 0.0110), fitness=-446414505.923127770
16582.50 secs, 1539632 evals, 1539756 steps, improv/step: 0.030 (last = 0.0155), fitness=-446414505.923127830
16612.51 secs, 1542128 evals, 1542252 steps, improv/step: 0.030 (last = 0.0180), fitness=-446414505.923129559
16642.52 secs, 1544666 evals, 1544790 steps, improv/step: 0.030 (last = 0.0146), fitness=-446414505.923129559
16673.72 secs, 1547147 evals, 1547271 steps, improv/step: 0.030 (last = 0.0129), fitness=-446414505.923129976
16703.74 secs, 1549749 evals, 1549874 steps, improv/step: 0.030 (last = 0.0138), fitness=-446414505.923130810
16733.75 secs, 1552262 evals, 1552387 steps, improv/step: 0.030 (last = 0.0151), fitness=-446414505.923130929
16763.75 secs, 1554757 evals, 1554882 steps, improv/step: 0.030 (last = 0.0180), fitness=-446414505.923132539
16793.76 secs, 1557161 evals, 1557288 steps, improv/step: 0.030 (last = 0.0108), fitness=-446414505.923132539
16823.76 secs, 1559655 evals, 1559784 steps, improv/step: 0.030 (last = 0.0196), fitness=-446414505.923133612
16853.77 secs, 1562147 evals, 1562277 steps, improv/step: 0.030 (last = 0.0156), fitness=-446414505.923134446
16883.78 secs, 1564620 evals, 1564750 steps, improv/step: 0.030 (last = 0.0150), fitness=-446414505.923134446
16913.78 secs, 1567036 evals, 1567166 steps, improv/step: 0.030 (last = 0.0174), fitness=-446414505.923134863
16943.79 secs, 1569467 evals, 1569598 steps, improv/step: 0.030 (last = 0.0185), fitness=-446414505.923135221
16973.80 secs, 1572007 evals, 1572140 steps, improv/step: 0.030 (last = 0.0173), fitness=-446414505.923135579
17003.81 secs, 1574429 evals, 1574563 steps, improv/step: 0.030 (last = 0.0190), fitness=-446414505.923135579
17033.81 secs, 1576912 evals, 1577047 steps, improv/step: 0.030 (last = 0.0165), fitness=-446414505.923135877
17063.82 secs, 1579386 evals, 1579521 steps, improv/step: 0.030 (last = 0.0190), fitness=-446414505.923136055
17093.83 secs, 1581926 evals, 1582062 steps, improv/step: 0.030 (last = 0.0134), fitness=-446414505.923136175
17123.83 secs, 1584461 evals, 1584597 steps, improv/step: 0.030 (last = 0.0114), fitness=-446414505.923136532
17153.84 secs, 1587003 evals, 1587140 steps, improv/step: 0.030 (last = 0.0149), fitness=-446414505.923136592
17183.85 secs, 1589564 evals, 1589701 steps, improv/step: 0.030 (last = 0.0156), fitness=-446414505.923136652
17213.85 secs, 1592089 evals, 1592226 steps, improv/step: 0.030 (last = 0.0182), fitness=-446414505.923137069
17243.85 secs, 1594620 evals, 1594757 steps, improv/step: 0.030 (last = 0.0146), fitness=-446414505.923137069
17273.87 secs, 1597175 evals, 1597313 steps, improv/step: 0.030 (last = 0.0164), fitness=-446414505.923137486
17303.87 secs, 1599588 evals, 1599726 steps, improv/step: 0.030 (last = 0.0178), fitness=-446414505.923137784
17334.06 secs, 1601999 evals, 1602137 steps, improv/step: 0.030 (last = 0.0199), fitness=-446414505.923137784
17364.07 secs, 1604519 evals, 1604658 steps, improv/step: 0.030 (last = 0.0147), fitness=-446414505.923137903
17394.08 secs, 1607005 evals, 1607146 steps, improv/step: 0.030 (last = 0.0149), fitness=-446414505.923138082
17424.08 secs, 1609497 evals, 1609640 steps, improv/step: 0.030 (last = 0.0180), fitness=-446414505.923138201
17454.08 secs, 1612038 evals, 1612182 steps, improv/step: 0.030 (last = 0.0197), fitness=-446414505.923138261
17484.09 secs, 1614496 evals, 1614640 steps, improv/step: 0.030 (last = 0.0203), fitness=-446414505.923138499
17514.10 secs, 1616901 evals, 1617046 steps, improv/step: 0.030 (last = 0.0166), fitness=-446414505.923138499
17544.10 secs, 1619321 evals, 1619467 steps, improv/step: 0.030 (last = 0.0182), fitness=-446414505.923138738
17574.11 secs, 1621792 evals, 1621938 steps, improv/step: 0.030 (last = 0.0138), fitness=-446414505.923138738
17604.12 secs, 1624209 evals, 1624356 steps, improv/step: 0.030 (last = 0.0165), fitness=-446414505.923138738
17634.12 secs, 1626605 evals, 1626752 steps, improv/step: 0.030 (last = 0.0142), fitness=-446414505.923138738
17664.70 secs, 1629075 evals, 1629223 steps, improv/step: 0.030 (last = 0.0121), fitness=-446414505.923138738
17694.71 secs, 1631532 evals, 1631682 steps, improv/step: 0.030 (last = 0.0179), fitness=-446414505.923138797
17724.71 secs, 1633996 evals, 1634146 steps, improv/step: 0.030 (last = 0.0138), fitness=-446414505.923138797
17754.72 secs, 1636476 evals, 1636627 steps, improv/step: 0.030 (last = 0.0121), fitness=-446414505.923138797
17784.73 secs, 1639091 evals, 1639242 steps, improv/step: 0.030 (last = 0.0153), fitness=-446414505.923138797
17814.73 secs, 1641685 evals, 1641838 steps, improv/step: 0.029 (last = 0.0092), fitness=-446414505.923138797
17844.73 secs, 1644222 evals, 1644377 steps, improv/step: 0.029 (last = 0.0087), fitness=-446414505.923138857
17874.73 secs, 1646832 evals, 1646989 steps, improv/step: 0.029 (last = 0.0100), fitness=-446414505.923138857
17904.74 secs, 1649334 evals, 1649491 steps, improv/step: 0.029 (last = 0.0108), fitness=-446414505.923138976
17935.23 secs, 1651879 evals, 1652036 steps, improv/step: 0.029 (last = 0.0071), fitness=-446414505.923138976
17965.24 secs, 1654435 evals, 1654592 steps, improv/step: 0.029 (last = 0.0113), fitness=-446414505.923138976
17995.24 secs, 1656815 evals, 1656972 steps, improv/step: 0.029 (last = 0.0155), fitness=-446414505.923138976
18025.25 secs, 1659263 evals, 1659420 steps, improv/step: 0.029 (last = 0.0114), fitness=-446414505.923139036
18055.26 secs, 1661664 evals, 1661823 steps, improv/step: 0.029 (last = 0.0112), fitness=-446414505.923139036
18085.26 secs, 1663970 evals, 1664129 steps, improv/step: 0.029 (last = 0.0108), fitness=-446414505.923139036
18115.26 secs, 1666394 evals, 1666555 steps, improv/step: 0.029 (last = 0.0091), fitness=-446414505.923139036
18145.27 secs, 1668714 evals, 1668876 steps, improv/step: 0.029 (last = 0.0112), fitness=-446414505.923139036
18175.28 secs, 1671161 evals, 1671324 steps, improv/step: 0.029 (last = 0.0094), fitness=-446414505.923139095
18205.28 secs, 1673412 evals, 1673576 steps, improv/step: 0.029 (last = 0.0071), fitness=-446414505.923139095
18235.29 secs, 1675757 evals, 1675921 steps, improv/step: 0.029 (last = 0.0068), fitness=-446414505.923139095
18265.30 secs, 1678180 evals, 1678346 steps, improv/step: 0.029 (last = 0.0091), fitness=-446414505.923139095
18295.31 secs, 1680693 evals, 1680861 steps, improv/step: 0.029 (last = 0.0064), fitness=-446414505.923139155
18325.31 secs, 1682968 evals, 1683136 steps, improv/step: 0.029 (last = 0.0040), fitness=-446414505.923139155
18355.32 secs, 1685260 evals, 1685429 steps, improv/step: 0.029 (last = 0.0074), fitness=-446414505.923139155
18386.50 secs, 1687712 evals, 1687881 steps, improv/step: 0.029 (last = 0.0065), fitness=-446414505.923139155
18416.50 secs, 1690123 evals, 1690292 steps, improv/step: 0.029 (last = 0.0083), fitness=-446414505.923139215
18446.51 secs, 1692402 evals, 1692571 steps, improv/step: 0.029 (last = 0.0035), fitness=-446414505.923139215
18476.53 secs, 1694744 evals, 1694913 steps, improv/step: 0.029 (last = 0.0056), fitness=-446414505.923139215
18506.53 secs, 1697199 evals, 1697368 steps, improv/step: 0.029 (last = 0.0061), fitness=-446414505.923139215
18536.53 secs, 1699564 evals, 1699735 steps, improv/step: 0.029 (last = 0.0084), fitness=-446414505.923139215
18566.53 secs, 1702024 evals, 1702195 steps, improv/step: 0.029 (last = 0.0098), fitness=-446414505.923139215
18596.54 secs, 1704387 evals, 1704559 steps, improv/step: 0.029 (last = 0.0085), fitness=-446414505.923139274
18626.54 secs, 1706900 evals, 1707074 steps, improv/step: 0.029 (last = 0.0123), fitness=-446414505.923139274
18656.56 secs, 1709297 evals, 1709471 steps, improv/step: 0.029 (last = 0.0108), fitness=-446414505.923139274
18686.56 secs, 1711720 evals, 1711894 steps, improv/step: 0.029 (last = 0.0074), fitness=-446414505.923139274
18716.57 secs, 1714006 evals, 1714180 steps, improv/step: 0.029 (last = 0.0092), fitness=-446414505.923139274
18746.57 secs, 1716443 evals, 1716618 steps, improv/step: 0.029 (last = 0.0078), fitness=-446414505.923139274
18776.57 secs, 1718823 evals, 1718999 steps, improv/step: 0.029 (last = 0.0050), fitness=-446414505.923139274
18806.58 secs, 1721077 evals, 1721254 steps, improv/step: 0.029 (last = 0.0062), fitness=-446414505.923139274
18836.59 secs, 1723442 evals, 1723619 steps, improv/step: 0.028 (last = 0.0063), fitness=-446414505.923139274
18866.60 secs, 1725819 evals, 1725996 steps, improv/step: 0.028 (last = 0.0088), fitness=-446414505.923139334
18896.61 secs, 1728131 evals, 1728308 steps, improv/step: 0.028 (last = 0.0078), fitness=-446414505.923139334
18926.61 secs, 1730486 evals, 1730663 steps, improv/step: 0.028 (last = 0.0076), fitness=-446414505.923139334
18956.61 secs, 1732938 evals, 1733115 steps, improv/step: 0.028 (last = 0.0065), fitness=-446414505.923139334
18986.80 secs, 1735170 evals, 1735347 steps, improv/step: 0.028 (last = 0.0054), fitness=-446414505.923139334
19016.80 secs, 1737556 evals, 1737734 steps, improv/step: 0.028 (last = 0.0054), fitness=-446414505.923139334
19046.81 secs, 1739957 evals, 1740135 steps, improv/step: 0.028 (last = 0.0029), fitness=-446414505.923139334
19076.82 secs, 1742344 evals, 1742522 steps, improv/step: 0.028 (last = 0.0034), fitness=-446414505.923139334
19106.82 secs, 1744721 evals, 1744899 steps, improv/step: 0.028 (last = 0.0034), fitness=-446414505.923139334
19136.82 secs, 1747135 evals, 1747313 steps, improv/step: 0.028 (last = 0.0025), fitness=-446414505.923139334
19166.83 secs, 1749567 evals, 1749745 steps, improv/step: 0.028 (last = 0.0041), fitness=-446414505.923139334
19196.84 secs, 1751945 evals, 1752123 steps, improv/step: 0.028 (last = 0.0046), fitness=-446414505.923139334
19226.84 secs, 1754438 evals, 1754616 steps, improv/step: 0.028 (last = 0.0024), fitness=-446414505.923139334
19256.85 secs, 1756931 evals, 1757109 steps, improv/step: 0.028 (last = 0.0040), fitness=-446414505.923139334
19287.46 secs, 1759368 evals, 1759547 steps, improv/step: 0.028 (last = 0.0021), fitness=-446414505.923139334
19317.47 secs, 1761761 evals, 1761940 steps, improv/step: 0.028 (last = 0.0017), fitness=-446414505.923139334
19347.47 secs, 1764275 evals, 1764455 steps, improv/step: 0.028 (last = 0.0028), fitness=-446414505.923139334
19377.48 secs, 1766639 evals, 1766819 steps, improv/step: 0.028 (last = 0.0042), fitness=-446414505.923139334
19407.49 secs, 1769124 evals, 1769304 steps, improv/step: 0.028 (last = 0.0036), fitness=-446414505.923139334
19437.49 secs, 1771551 evals, 1771731 steps, improv/step: 0.028 (last = 0.0041), fitness=-446414505.923139334
19467.49 secs, 1773850 evals, 1774030 steps, improv/step: 0.028 (last = 0.0022), fitness=-446414505.923139334
19497.50 secs, 1776260 evals, 1776440 steps, improv/step: 0.028 (last = 0.0029), fitness=-446414505.923139334
19527.50 secs, 1778678 evals, 1778859 steps, improv/step: 0.028 (last = 0.0062), fitness=-446414505.923139334
19557.50 secs, 1781049 evals, 1781231 steps, improv/step: 0.028 (last = 0.0017), fitness=-446414505.923139334
19588.04 secs, 1783323 evals, 1783506 steps, improv/step: 0.028 (last = 0.0031), fitness=-446414505.923139334
19618.04 secs, 1785672 evals, 1785855 steps, improv/step: 0.028 (last = 0.0021), fitness=-446414505.923139334
19648.04 secs, 1788069 evals, 1788253 steps, improv/step: 0.028 (last = 0.0013), fitness=-446414505.923139334
19678.05 secs, 1790490 evals, 1790674 steps, improv/step: 0.028 (last = 0.0033), fitness=-446414505.923139334
19708.05 secs, 1792829 evals, 1793013 steps, improv/step: 0.028 (last = 0.0026), fitness=-446414505.923139334
19738.37 secs, 1795133 evals, 1795317 steps, improv/step: 0.028 (last = 0.0030), fitness=-446414505.923139334
19768.37 secs, 1797408 evals, 1797592 steps, improv/step: 0.027 (last = 0.0022), fitness=-446414505.923139334
19798.37 secs, 1799837 evals, 1800022 steps, improv/step: 0.027 (last = 0.0037), fitness=-446414505.923139334
19828.38 secs, 1802237 evals, 1802422 steps, improv/step: 0.027 (last = 0.0046), fitness=-446414505.923139334
19858.38 secs, 1804611 evals, 1804798 steps, improv/step: 0.027 (last = 0.0008), fitness=-446414505.923139334
19889.14 secs, 1807018 evals, 1807205 steps, improv/step: 0.027 (last = 0.0025), fitness=-446414505.923139334
19919.14 secs, 1809708 evals, 1809895 steps, improv/step: 0.027 (last = 0.0037), fitness=-446414505.923139334
19949.14 secs, 1812335 evals, 1812522 steps, improv/step: 0.027 (last = 0.0019), fitness=-446414505.923139334
19979.55 secs, 1814982 evals, 1815170 steps, improv/step: 0.027 (last = 0.0019), fitness=-446414505.923139334
20009.55 secs, 1817634 evals, 1817822 steps, improv/step: 0.027 (last = 0.0023), fitness=-446414505.923139334
20039.56 secs, 1820203 evals, 1820391 steps, improv/step: 0.027 (last = 0.0019), fitness=-446414505.923139334
20069.56 secs, 1822878 evals, 1823067 steps, improv/step: 0.027 (last = 0.0019), fitness=-446414505.923139334
20099.57 secs, 1825461 evals, 1825650 steps, improv/step: 0.027 (last = 0.0019), fitness=-446414505.923139334
20130.27 secs, 1828138 evals, 1828327 steps, improv/step: 0.027 (last = 0.0030), fitness=-446414505.923139334
20160.27 secs, 1830891 evals, 1831080 steps, improv/step: 0.027 (last = 0.0025), fitness=-446414505.923139334
20190.28 secs, 1833483 evals, 1833672 steps, improv/step: 0.027 (last = 0.0023), fitness=-446414505.923139334
20220.29 secs, 1836172 evals, 1836361 steps, improv/step: 0.027 (last = 0.0004), fitness=-446414505.923139334
20250.29 secs, 1838901 evals, 1839090 steps, improv/step: 0.027 (last = 0.0026), fitness=-446414505.923139334
20280.30 secs, 1841745 evals, 1841935 steps, improv/step: 0.027 (last = 0.0025), fitness=-446414505.923139334
20310.30 secs, 1844478 evals, 1844668 steps, improv/step: 0.027 (last = 0.0029), fitness=-446414505.923139334
20341.22 secs, 1847172 evals, 1847363 steps, improv/step: 0.027 (last = 0.0007), fitness=-446414505.923139334
20371.22 secs, 1849896 evals, 1850087 steps, improv/step: 0.027 (last = 0.0018), fitness=-446414505.923139334
20401.23 secs, 1852683 evals, 1852874 steps, improv/step: 0.027 (last = 0.0014), fitness=-446414505.923139334
20431.23 secs, 1855472 evals, 1855664 steps, improv/step: 0.027 (last = 0.0014), fitness=-446414505.923139334
20461.90 secs, 1858216 evals, 1858408 steps, improv/step: 0.027 (last = 0.0011), fitness=-446414505.923139334
20493.00 secs, 1861133 evals, 1861325 steps, improv/step: 0.027 (last = 0.0021), fitness=-446414505.923139334
20523.65 secs, 1864054 evals, 1864246 steps, improv/step: 0.027 (last = 0.0010), fitness=-446414505.923139334
20553.65 secs, 1866941 evals, 1867133 steps, improv/step: 0.027 (last = 0.0010), fitness=-446414505.923139334
20583.65 secs, 1869830 evals, 1870022 steps, improv/step: 0.026 (last = 0.0017), fitness=-446414505.923139334
20613.66 secs, 1872522 evals, 1872714 steps, improv/step: 0.026 (last = 0.0019), fitness=-446414505.923139334
20643.66 secs, 1875301 evals, 1875493 steps, improv/step: 0.026 (last = 0.0011), fitness=-446414505.923139334
20673.67 secs, 1878112 evals, 1878304 steps, improv/step: 0.026 (last = 0.0007), fitness=-446414505.923139334
20703.67 secs, 1880784 evals, 1880976 steps, improv/step: 0.026 (last = 0.0026), fitness=-446414505.923139334
20733.68 secs, 1883516 evals, 1883708 steps, improv/step: 0.026 (last = 0.0033), fitness=-446414505.923139334
20763.68 secs, 1886370 evals, 1886564 steps, improv/step: 0.026 (last = 0.0025), fitness=-446414505.923139334
20793.68 secs, 1889309 evals, 1889503 steps, improv/step: 0.026 (last = 0.0027), fitness=-446414505.923139334
20823.68 secs, 1892175 evals, 1892370 steps, improv/step: 0.026 (last = 0.0028), fitness=-446414505.923139334
20853.69 secs, 1895108 evals, 1895303 steps, improv/step: 0.026 (last = 0.0027), fitness=-446414505.923139334
20883.69 secs, 1897885 evals, 1898081 steps, improv/step: 0.026 (last = 0.0029), fitness=-446414505.923139393
20913.69 secs, 1900830 evals, 1901026 steps, improv/step: 0.026 (last = 0.0024), fitness=-446414505.923139393
20943.69 secs, 1903962 evals, 1904158 steps, improv/step: 0.026 (last = 0.0026), fitness=-446414505.923139393
20974.65 secs, 1907198 evals, 1907395 steps, improv/step: 0.026 (last = 0.0015), fitness=-446414505.923139393
21004.65 secs, 1910362 evals, 1910559 steps, improv/step: 0.026 (last = 0.0009), fitness=-446414505.923139393
21034.66 secs, 1913538 evals, 1913736 steps, improv/step: 0.026 (last = 0.0013), fitness=-446414505.923139393
21064.66 secs, 1916739 evals, 1916938 steps, improv/step: 0.026 (last = 0.0012), fitness=-446414505.923139393
21094.70 secs, 1919783 evals, 1919983 steps, improv/step: 0.026 (last = 0.0010), fitness=-446414505.923139393
21124.71 secs, 1922926 evals, 1923127 steps, improv/step: 0.026 (last = 0.0006), fitness=-446414505.923139393
21154.71 secs, 1926107 evals, 1926308 steps, improv/step: 0.026 (last = 0.0013), fitness=-446414505.923139393
21184.72 secs, 1929240 evals, 1929443 steps, improv/step: 0.026 (last = 0.0013), fitness=-446414505.923139393
21215.04 secs, 1932447 evals, 1932651 steps, improv/step: 0.026 (last = 0.0019), fitness=-446414505.923139393
21245.04 secs, 1935726 evals, 1935930 steps, improv/step: 0.026 (last = 0.0009), fitness=-446414505.923139393
21275.04 secs, 1938932 evals, 1939138 steps, improv/step: 0.026 (last = 0.0019), fitness=-446414505.923139393
21305.93 secs, 1942149 evals, 1942355 steps, improv/step: 0.026 (last = 0.0016), fitness=-446414505.923139393
21335.93 secs, 1945199 evals, 1945405 steps, improv/step: 0.026 (last = 0.0016), fitness=-446414505.923139393
21365.94 secs, 1948295 evals, 1948502 steps, improv/step: 0.025 (last = 0.0016), fitness=-446414505.923139393
21395.95 secs, 1951445 evals, 1951652 steps, improv/step: 0.025 (last = 0.0006), fitness=-446414505.923139393
21425.95 secs, 1954732 evals, 1954939 steps, improv/step: 0.025 (last = 0.0006), fitness=-446414505.923139393
21456.47 secs, 1958014 evals, 1958221 steps, improv/step: 0.025 (last = 0.0012), fitness=-446414505.923139393
21486.47 secs, 1961274 evals, 1961482 steps, improv/step: 0.025 (last = 0.0012), fitness=-446414505.923139393
21516.48 secs, 1964438 evals, 1964646 steps, improv/step: 0.025 (last = 0.0013), fitness=-446414505.923139393
21546.49 secs, 1967767 evals, 1967975 steps, improv/step: 0.025 (last = 0.0015), fitness=-446414505.923139393
21576.73 secs, 1970917 evals, 1971126 steps, improv/step: 0.025 (last = 0.0010), fitness=-446414505.923139393
21606.73 secs, 1974081 evals, 1974291 steps, improv/step: 0.025 (last = 0.0013), fitness=-446414505.923139393
21636.74 secs, 1977293 evals, 1977504 steps, improv/step: 0.025 (last = 0.0003), fitness=-446414505.923139393
21666.74 secs, 1980561 evals, 1980772 steps, improv/step: 0.025 (last = 0.0012), fitness=-446414505.923139393
21696.75 secs, 1983768 evals, 1983982 steps, improv/step: 0.025 (last = 0.0012), fitness=-446414505.923139393
21726.75 secs, 1986940 evals, 1987154 steps, improv/step: 0.025 (last = 0.0009), fitness=-446414505.923139393
21757.79 secs, 1990112 evals, 1990326 steps, improv/step: 0.025 (last = 0.0009), fitness=-446414505.923139393
21787.79 secs, 1993275 evals, 1993490 steps, improv/step: 0.025 (last = 0.0003), fitness=-446414505.923139393
21817.79 secs, 1996451 evals, 1996666 steps, improv/step: 0.025 (last = 0.0013), fitness=-446414505.923139393
21847.80 secs, 1999678 evals, 1999894 steps, improv/step: 0.025 (last = 0.0003), fitness=-446414505.923139393
21877.80 secs, 2002919 evals, 2003135 steps, improv/step: 0.025 (last = 0.0009), fitness=-446414505.923139393
21907.81 secs, 2006033 evals, 2006249 steps, improv/step: 0.025 (last = 0.0013), fitness=-446414505.923139393
21937.81 secs, 2009213 evals, 2009429 steps, improv/step: 0.025 (last = 0.0009), fitness=-446414505.923139393
21967.81 secs, 2012342 evals, 2012558 steps, improv/step: 0.025 (last = 0.0006), fitness=-446414505.923139393
21997.81 secs, 2015278 evals, 2015494 steps, improv/step: 0.025 (last = 0.0010), fitness=-446414505.923139393
22027.82 secs, 2018461 evals, 2018677 steps, improv/step: 0.025 (last = 0.0009), fitness=-446414505.923139393
22057.83 secs, 2021579 evals, 2021796 steps, improv/step: 0.025 (last = 0.0019), fitness=-446414505.923139393
22087.83 secs, 2024685 evals, 2024903 steps, improv/step: 0.025 (last = 0.0006), fitness=-446414505.923139393
22118.22 secs, 2027769 evals, 2027988 steps, improv/step: 0.025 (last = 0.0010), fitness=-446414505.923139393
22148.23 secs, 2031072 evals, 2031292 steps, improv/step: 0.024 (last = 0.0015), fitness=-446414505.923139393
22178.24 secs, 2034111 evals, 2034331 steps, improv/step: 0.024 (last = 0.0010), fitness=-446414505.923139393
22208.35 secs, 2037288 evals, 2037509 steps, improv/step: 0.024 (last = 0.0013), fitness=-446414505.923139393
22238.78 secs, 2040471 evals, 2040693 steps, improv/step: 0.024 (last = 0.0003), fitness=-446414505.923139393
22268.86 secs, 2043658 evals, 2043880 steps, improv/step: 0.024 (last = 0.0003), fitness=-446414505.923139393
22298.87 secs, 2046760 evals, 2046984 steps, improv/step: 0.024 (last = 0.0006), fitness=-446414505.923139393
22328.88 secs, 2049929 evals, 2050153 steps, improv/step: 0.024 (last = 0.0013), fitness=-446414505.923139393
22358.88 secs, 2053026 evals, 2053251 steps, improv/step: 0.024 (last = 0.0006), fitness=-446414505.923139393
22388.88 secs, 2056118 evals, 2056343 steps, improv/step: 0.024 (last = 0.0010), fitness=-446414505.923139393
22418.90 secs, 2059139 evals, 2059364 steps, improv/step: 0.024 (last = 0.0020), fitness=-446414505.923139393
22448.90 secs, 2062410 evals, 2062635 steps, improv/step: 0.024 (last = 0.0006), fitness=-446414505.923139393
22478.91 secs, 2065717 evals, 2065942 steps, improv/step: 0.024 (last = 0.0003), fitness=-446414505.923139393
22508.91 secs, 2069290 evals, 2069515 steps, improv/step: 0.024 (last = 0.0006), fitness=-446414505.923139393
22539.20 secs, 2072556 evals, 2072782 steps, improv/step: 0.024 (last = 0.0000), fitness=-446414505.923139393
22569.20 secs, 2076113 evals, 2076341 steps, improv/step: 0.024 (last = 0.0006), fitness=-446414505.923139393
22599.21 secs, 2079591 evals, 2079820 steps, improv/step: 0.024 (last = 0.0003), fitness=-446414505.923139393
22629.31 secs, 2082924 evals, 2083155 steps, improv/step: 0.024 (last = 0.0012), fitness=-446414505.923139393
22659.31 secs, 2086484 evals, 2086716 steps, improv/step: 0.024 (last = 0.0006), fitness=-446414505.923139393
22689.32 secs, 2089897 evals, 2090129 steps, improv/step: 0.024 (last = 0.0012), fitness=-446414505.923139393
22719.32 secs, 2093447 evals, 2093679 steps, improv/step: 0.024 (last = 0.0011), fitness=-446414505.923139393
22749.32 secs, 2097169 evals, 2097401 steps, improv/step: 0.024 (last = 0.0008), fitness=-446414505.923139393
22779.32 secs, 2100852 evals, 2101084 steps, improv/step: 0.024 (last = 0.0014), fitness=-446414505.923139393
22809.33 secs, 2104584 evals, 2104816 steps, improv/step: 0.024 (last = 0.0011), fitness=-446414505.923139393
22839.33 secs, 2108358 evals, 2108590 steps, improv/step: 0.024 (last = 0.0008), fitness=-446414505.923139393
22869.34 secs, 2112109 evals, 2112342 steps, improv/step: 0.024 (last = 0.0005), fitness=-446414505.923139393
22899.34 secs, 2115900 evals, 2116133 steps, improv/step: 0.024 (last = 0.0008), fitness=-446414505.923139393
22929.34 secs, 2119483 evals, 2119716 steps, improv/step: 0.024 (last = 0.0011), fitness=-446414505.923139393
22959.41 secs, 2122910 evals, 2123144 steps, improv/step: 0.023 (last = 0.0012), fitness=-446414505.923139393
22989.41 secs, 2126681 evals, 2126915 steps, improv/step: 0.023 (last = 0.0005), fitness=-446414505.923139393
23019.42 secs, 2130431 evals, 2130665 steps, improv/step: 0.023 (last = 0.0013), fitness=-446414505.923139393
23050.09 secs, 2134184 evals, 2134418 steps, improv/step: 0.023 (last = 0.0005), fitness=-446414505.923139393
23080.09 secs, 2137859 evals, 2138095 steps, improv/step: 0.023 (last = 0.0003), fitness=-446414505.923139393
23111.06 secs, 2141509 evals, 2141745 steps, improv/step: 0.023 (last = 0.0019), fitness=-446414505.923139393
23141.07 secs, 2145327 evals, 2145563 steps, improv/step: 0.023 (last = 0.0005), fitness=-446414505.923139393
23171.07 secs, 2148910 evals, 2149147 steps, improv/step: 0.023 (last = 0.0003), fitness=-446414505.923139393
23201.08 secs, 2152619 evals, 2152856 steps, improv/step: 0.023 (last = 0.0008), fitness=-446414505.923139393
23231.08 secs, 2156431 evals, 2156668 steps, improv/step: 0.023 (last = 0.0010), fitness=-446414505.923139393
23261.08 secs, 2160150 evals, 2160387 steps, improv/step: 0.023 (last = 0.0016), fitness=-446414505.923139393
23291.09 secs, 2163627 evals, 2163864 steps, improv/step: 0.023 (last = 0.0009), fitness=-446414505.923139393
23321.09 secs, 2167388 evals, 2167625 steps, improv/step: 0.023 (last = 0.0013), fitness=-446414505.923139393
23351.31 secs, 2171049 evals, 2171286 steps, improv/step: 0.023 (last = 0.0005), fitness=-446414505.923139393
23381.31 secs, 2174567 evals, 2174804 steps, improv/step: 0.023 (last = 0.0009), fitness=-446414505.923139393
23411.31 secs, 2178014 evals, 2178252 steps, improv/step: 0.023 (last = 0.0003), fitness=-446414505.923139393
23441.32 secs, 2181724 evals, 2181962 steps, improv/step: 0.023 (last = 0.0016), fitness=-446414505.923139393
23471.32 secs, 2185315 evals, 2185553 steps, improv/step: 0.023 (last = 0.0014), fitness=-446414505.923139393
23501.33 secs, 2188996 evals, 2189236 steps, improv/step: 0.023 (last = 0.0011), fitness=-446414505.923139393
23531.78 secs, 2192776 evals, 2193016 steps, improv/step: 0.023 (last = 0.0003), fitness=-446414505.923139393
23561.78 secs, 2196758 evals, 2196999 steps, improv/step: 0.023 (last = 0.0008), fitness=-446414505.923139393
23591.99 secs, 2200293 evals, 2200535 steps, improv/step: 0.023 (last = 0.0011), fitness=-446414505.923139393
23621.99 secs, 2204125 evals, 2204368 steps, improv/step: 0.023 (last = 0.0008), fitness=-446414505.923139393
23652.21 secs, 2207835 evals, 2208078 steps, improv/step: 0.023 (last = 0.0003), fitness=-446414505.923139393
23682.22 secs, 2211562 evals, 2211805 steps, improv/step: 0.023 (last = 0.0003), fitness=-446414505.923139393
23712.22 secs, 2215362 evals, 2215606 steps, improv/step: 0.023 (last = 0.0005), fitness=-446414505.923139393
23742.23 secs, 2218926 evals, 2219170 steps, improv/step: 0.022 (last = 0.0008), fitness=-446414505.923139393
23772.24 secs, 2222492 evals, 2222737 steps, improv/step: 0.022 (last = 0.0003), fitness=-446414505.923139393
23802.24 secs, 2226056 evals, 2226301 steps, improv/step: 0.022 (last = 0.0000), fitness=-446414505.923139393
23832.24 secs, 2229672 evals, 2229918 steps, improv/step: 0.022 (last = 0.0006), fitness=-446414505.923139393
23862.47 secs, 2233380 evals, 2233626 steps, improv/step: 0.022 (last = 0.0005), fitness=-446414505.923139393
23892.48 secs, 2237107 evals, 2237355 steps, improv/step: 0.022 (last = 0.0013), fitness=-446414505.923139393
23922.48 secs, 2240807 evals, 2241055 steps, improv/step: 0.022 (last = 0.0008), fitness=-446414505.923139393
23953.52 secs, 2244515 evals, 2244763 steps, improv/step: 0.022 (last = 0.0005), fitness=-446414505.923139393
23983.52 secs, 2248455 evals, 2248703 steps, improv/step: 0.022 (last = 0.0003), fitness=-446414505.923139393
24013.90 secs, 2252201 evals, 2252450 steps, improv/step: 0.022 (last = 0.0005), fitness=-446414505.923139393
24043.90 secs, 2256094 evals, 2256343 steps, improv/step: 0.022 (last = 0.0008), fitness=-446414505.923139393
24073.91 secs, 2259815 evals, 2260065 steps, improv/step: 0.022 (last = 0.0003), fitness=-446414505.923139393
24104.37 secs, 2263424 evals, 2263674 steps, improv/step: 0.022 (last = 0.0003), fitness=-446414505.923139393
24134.38 secs, 2267214 evals, 2267466 steps, improv/step: 0.022 (last = 0.0011), fitness=-446414505.923139393
24164.53 secs, 2271172 evals, 2271426 steps, improv/step: 0.022 (last = 0.0000), fitness=-446414505.923139393
24194.54 secs, 2275107 evals, 2275361 steps, improv/step: 0.022 (last = 0.0005), fitness=-446414505.923139393
24224.78 secs, 2278945 evals, 2279199 steps, improv/step: 0.022 (last = 0.0008), fitness=-446414505.923139393
24254.79 secs, 2282798 evals, 2283053 steps, improv/step: 0.022 (last = 0.0013), fitness=-446414505.923139393
24284.79 secs, 2286746 evals, 2287003 steps, improv/step: 0.022 (last = 0.0005), fitness=-446414505.923139393
24314.79 secs, 2290889 evals, 2291148 steps, improv/step: 0.022 (last = 0.0010), fitness=-446414505.923139393
24344.80 secs, 2294838 evals, 2295099 steps, improv/step: 0.022 (last = 0.0005), fitness=-446414505.923139393
24374.82 secs, 2298845 evals, 2299106 steps, improv/step: 0.022 (last = 0.0007), fitness=-446414505.923139393
24404.83 secs, 2302959 evals, 2303221 steps, improv/step: 0.022 (last = 0.0007), fitness=-446414505.923139393
24434.83 secs, 2306927 evals, 2307190 steps, improv/step: 0.022 (last = 0.0003), fitness=-446414505.923139393
24465.04 secs, 2311007 evals, 2311270 steps, improv/step: 0.022 (last = 0.0012), fitness=-446414505.923139393
24495.05 secs, 2315152 evals, 2315417 steps, improv/step: 0.022 (last = 0.0000), fitness=-446414505.923139393
24525.05 secs, 2319106 evals, 2319371 steps, improv/step: 0.022 (last = 0.0005), fitness=-446414505.923139393
24555.70 secs, 2323232 evals, 2323502 steps, improv/step: 0.022 (last = 0.0000), fitness=-446414505.923139393
24585.71 secs, 2327227 evals, 2327497 steps, improv/step: 0.021 (last = 0.0008), fitness=-446414505.923139393
24616.30 secs, 2331175 evals, 2331446 steps, improv/step: 0.021 (last = 0.0008), fitness=-446414505.923139393
24646.30 secs, 2335292 evals, 2335566 steps, improv/step: 0.021 (last = 0.0002), fitness=-446414505.923139393
24676.30 secs, 2339355 evals, 2339629 steps, improv/step: 0.021 (last = 0.0010), fitness=-446414505.923139393
24706.78 secs, 2343502 evals, 2343779 steps, improv/step: 0.021 (last = 0.0005), fitness=-446414505.923139393
24736.78 secs, 2347495 evals, 2347773 steps, improv/step: 0.021 (last = 0.0005), fitness=-446414505.923139393
24767.58 secs, 2351512 evals, 2351791 steps, improv/step: 0.021 (last = 0.0000), fitness=-446414505.923139393
24797.59 secs, 2355458 evals, 2355737 steps, improv/step: 0.021 (last = 0.0005), fitness=-446414505.923139393
24827.59 secs, 2359232 evals, 2359512 steps, improv/step: 0.021 (last = 0.0003), fitness=-446414505.923139393
24857.60 secs, 2362994 evals, 2363274 steps, improv/step: 0.021 (last = 0.0000), fitness=-446414505.923139393
24888.35 secs, 2366875 evals, 2367156 steps, improv/step: 0.021 (last = 0.0005), fitness=-446414505.923139393
24918.35 secs, 2370695 evals, 2370977 steps, improv/step: 0.021 (last = 0.0000), fitness=-446414505.923139393
24948.36 secs, 2374413 evals, 2374695 steps, improv/step: 0.021 (last = 0.0011), fitness=-446414505.923139393
24978.37 secs, 2378079 evals, 2378361 steps, improv/step: 0.021 (last = 0.0008), fitness=-446414505.923139393
25008.37 secs, 2381670 evals, 2381957 steps, improv/step: 0.021 (last = 0.0006), fitness=-446414505.923139393
25038.37 secs, 2385368 evals, 2385656 steps, improv/step: 0.021 (last = 0.0008), fitness=-446414505.923139393
25068.38 secs, 2389160 evals, 2389449 steps, improv/step: 0.021 (last = 0.0011), fitness=-446414505.923139393
25098.38 secs, 2393117 evals, 2393408 steps, improv/step: 0.021 (last = 0.0005), fitness=-446414505.923139393
25128.39 secs, 2397032 evals, 2397324 steps, improv/step: 0.021 (last = 0.0003), fitness=-446414505.923139393
25158.39 secs, 2401206 evals, 2401501 steps, improv/step: 0.021 (last = 0.0014), fitness=-446414505.923139393
25188.39 secs, 2405466 evals, 2405762 steps, improv/step: 0.021 (last = 0.0009), fitness=-446414505.923139393
25218.39 secs, 2409792 evals, 2410088 steps, improv/step: 0.021 (last = 0.0007), fitness=-446414505.923139393
25248.40 secs, 2413678 evals, 2413974 steps, improv/step: 0.021 (last = 0.0008), fitness=-446414505.923139393
25278.41 secs, 2417708 evals, 2418007 steps, improv/step: 0.021 (last = 0.0005), fitness=-446414505.923139393
25308.42 secs, 2421842 evals, 2422142 steps, improv/step: 0.021 (last = 0.0010), fitness=-446414505.923139393
25338.42 secs, 2426031 evals, 2426333 steps, improv/step: 0.021 (last = 0.0010), fitness=-446414505.923139393
25368.43 secs, 2430366 evals, 2430668 steps, improv/step: 0.021 (last = 0.0005), fitness=-446414505.923139393
25398.43 secs, 2434743 evals, 2435046 steps, improv/step: 0.021 (last = 0.0011), fitness=-446414505.923139393
25428.43 secs, 2438871 evals, 2439175 steps, improv/step: 0.021 (last = 0.0002), fitness=-446414505.923139393
25458.44 secs, 2443269 evals, 2443578 steps, improv/step: 0.020 (last = 0.0007), fitness=-446414505.923139393
25488.44 secs, 2447578 evals, 2447888 steps, improv/step: 0.020 (last = 0.0005), fitness=-446414505.923139393
25518.44 secs, 2451933 evals, 2452243 steps, improv/step: 0.020 (last = 0.0002), fitness=-446414505.923139393
25548.44 secs, 2456211 evals, 2456523 steps, improv/step: 0.020 (last = 0.0005), fitness=-446414505.923139393
25578.45 secs, 2460443 evals, 2460755 steps, improv/step: 0.020 (last = 0.0007), fitness=-446414505.923139393
25608.45 secs, 2464534 evals, 2464848 steps, improv/step: 0.020 (last = 0.0007), fitness=-446414505.923139393
25638.46 secs, 2468645 evals, 2468959 steps, improv/step: 0.020 (last = 0.0007), fitness=-446414505.923139393
25668.46 secs, 2473205 evals, 2473521 steps, improv/step: 0.020 (last = 0.0007), fitness=-446414505.923139393
25698.46 secs, 2478103 evals, 2478420 steps, improv/step: 0.020 (last = 0.0004), fitness=-446414505.923139393
25728.46 secs, 2482993 evals, 2483310 steps, improv/step: 0.020 (last = 0.0012), fitness=-446414505.923139393
25758.48 secs, 2487960 evals, 2488279 steps, improv/step: 0.020 (last = 0.0006), fitness=-446414505.923139393
25788.48 secs, 2492853 evals, 2493174 steps, improv/step: 0.020 (last = 0.0004), fitness=-446414505.923139393
25818.48 secs, 2497760 evals, 2498083 steps, improv/step: 0.020 (last = 0.0010), fitness=-446414505.923139393

Optimization stopped after 2500324 steps and 25831.90 seconds
Termination reason: Max number of function evaluations (2500000) reached
Steps per second = 96.79
Function evals per second = 96.78
Improvements/step = Inf
Total function evaluations = 2500001


Best candidate found: [242.585, 176.486, 26.9578, 9.74896, 700.263, 153.58, 52.3425, 158.285, 1.0, 104.936, 8.58962e-5, 0.000854961, 0.0085915, 0.870459, 0.870836]

Fitness: -446414505.923139393

-4.464145059231394e8

[242.58505176181265, 176.4857914043293, 26.957849932154907, 9.748961909614469, 700.2633548311555, 153.5796344179034, 52.34254651236569, 158.28482604480817, 1.000000001151306, 104.93616484150297, 8.589618515185928e-5, 0.0008549607195056909, 0.00859150211628046, 0.8704588366976745, 0.8708364634525568]

Script has finished
Wed Dec 22 03:07:46 CET 2021

------------------------------------------------------------
Sender: LSF System <schwan@makalu194>
Subject: Job 576326: <Julia_Job_parallel> in cluster <wuerfel> Done

Job <Julia_Job_parallel> was submitted from host <makalu56> by user <magr4985> in cluster <wuerfel> at Tue Dec 21 19:53:45 2021
Job was executed on host(s) <makalu194>, in queue <BatchXL>, as user <magr4985> in cluster <wuerfel> at Tue Dec 21 19:53:55 2021
</usr/scratch4/magr4985> was used as the home directory.
</usr/scratch4/magr4985/TRPL/BatchJobs/syn_data_1/Run13> was used as the working directory.
Started at Tue Dec 21 19:53:55 2021
Terminated at Wed Dec 22 03:07:46 2021
Results reported at Wed Dec 22 03:07:46 2021

Your job looked like:

------------------------------------------------------------
# LSBATCH: User input
#!/bin/csh 
#BSUB -q BatchXL 
#BSUB -R "mem > 8000 span[hosts=1] && intel_avx2" 
#BSUB -oo lsf_julia_%J.log 
#BSUB -eo lsf_julia_%J.err 
#BSUB -J Julia_Job_parallel 
#BSUB -L /bin/csh 
#BSUB -n 1 
date 
pwd 
module purge 
/usr/scratch4/magr4985/julia-1.6.2/bin/julia -t 4 /usr/scratch4/magr4985/TRPL/Programs/trpl_analysis_syn.jl 1 2500000 1 /usr/scratch4/magr4985/TRPL/BatchJobs/syn_data_1/Run13 1.0e-14 3600 "[1.0, 1.0, 1.0, 1.0, 1.0, 1.0, 1.0, 1.0, 1.0, 1.0, 1.0e-6, 1.0e-6, 1.0e-6, 1.0e-6, 1.0e-6, 1.0e-6, 1.0e-6, 1.0e-6, 1.0e-6, 1.0e-6]" "[5000.0, 5000.0, 1000.0, 1000.0, 1.0e9, 1000.0, 10000.0, 10000.0, 1000.0, 1.0e6, 1.0, 1.0, 1.0, 1.0, 1.0, 1.0, 1.0, 1.0, 1.0, 1.0]" 
date
------------------------------------------------------------

Successfully completed.

Resource usage summary:

    CPU time :                                   50716.67 sec.
    Max Memory :                                 5895.12 MB
    Average Memory :                             2688.92 MB
    Total Requested Memory :                     -
    Delta Memory :                               -
    Max Swap :                                   256 KB
    Max Processes :                              4
    Max Threads :                                12
    Run time :                                   26028 sec.
    Turnaround time :                            26041 sec.

The output (if any) is above this job summary.



PS:

Read file <lsf_julia_576326.err> for stderr output of this job.

