Warning: no access to tty (Bad file descriptor).
Thus no job control in this shell.
Warning: no access to tty (Bad file descriptor).
Thus no job control in this shell.
Tue Dec 21 20:20:39 CET 2021
/usr/scratch4/magr4985/TRPL/BatchJobs/syn_data_4/Run25
# Thread: 4
2701360073985140839 RNG Seed
Run 1
Starting optimization with optimizer DiffEvoOpt{FitPopulation{Float64}, RadiusLimitedSelector, BlackBoxOptim.DiffEvoRandBin{3}, RandomBound{ContinuousRectSearchSpace}}
0.00 secs, 0 evals, 0 steps
30.00 secs, 4821 evals, 4723 steps, improv/step: 0.310 (last = 0.3100), fitness=-1793285521.970444441
60.01 secs, 9472 evals, 9374 steps, improv/step: 0.195 (last = 0.0780), fitness=-1794872130.490556717
90.01 secs, 14561 evals, 14463 steps, improv/step: 0.145 (last = 0.0531), fitness=-1795022006.732822895
120.01 secs, 19658 evals, 19560 steps, improv/step: 0.118 (last = 0.0430), fitness=-1795170736.089893103
150.03 secs, 24766 evals, 24668 steps, improv/step: 0.106 (last = 0.0576), fitness=-1795300563.533321381
180.04 secs, 29944 evals, 29847 steps, improv/step: 0.102 (last = 0.0840), fitness=-1795342075.731461048
210.04 secs, 34352 evals, 34255 steps, improv/step: 0.101 (last = 0.0957), fitness=-1795357600.045734167
240.04 secs, 39042 evals, 38946 steps, improv/step: 0.098 (last = 0.0759), fitness=-1795362537.463439465
270.04 secs, 43305 evals, 43209 steps, improv/step: 0.095 (last = 0.0624), fitness=-1795375376.556192398
300.05 secs, 47489 evals, 47393 steps, improv/step: 0.092 (last = 0.0693), fitness=-1795428779.238055706
330.08 secs, 51179 evals, 51083 steps, improv/step: 0.091 (last = 0.0707), fitness=-1795436639.966498137
360.09 secs, 54670 evals, 54574 steps, improv/step: 0.089 (last = 0.0602), fitness=-1795436639.966498137
390.10 secs, 58086 evals, 57990 steps, improv/step: 0.086 (last = 0.0448), fitness=-1795436639.966498137
420.12 secs, 61483 evals, 61387 steps, improv/step: 0.083 (last = 0.0353), fitness=-1795438618.112091780
450.12 secs, 64880 evals, 64784 steps, improv/step: 0.081 (last = 0.0286), fitness=-1795438618.112091780
480.12 secs, 68277 evals, 68181 steps, improv/step: 0.078 (last = 0.0268), fitness=-1795438618.112091780
510.12 secs, 71634 evals, 71538 steps, improv/step: 0.075 (last = 0.0241), fitness=-1795438750.608801365
540.13 secs, 75128 evals, 75032 steps, improv/step: 0.073 (last = 0.0289), fitness=-1795443581.498833895
570.13 secs, 78635 evals, 78539 steps, improv/step: 0.072 (last = 0.0565), fitness=-1795445229.097504377
600.13 secs, 82150 evals, 82054 steps, improv/step: 0.074 (last = 0.0970), fitness=-1795446968.858520508
630.14 secs, 85638 evals, 85542 steps, improv/step: 0.075 (last = 0.1006), fitness=-1795447113.375022650
660.14 secs, 89260 evals, 89164 steps, improv/step: 0.075 (last = 0.0930), fitness=-1795447170.950851917
690.20 secs, 92974 evals, 92878 steps, improv/step: 0.077 (last = 0.1150), fitness=-1795447250.982201099
720.20 secs, 96826 evals, 96731 steps, improv/step: 0.078 (last = 0.1116), fitness=-1795447915.094014883
750.28 secs, 100461 evals, 100366 steps, improv/step: 0.078 (last = 0.0765), fitness=-1795448377.593946457
780.32 secs, 104241 evals, 104146 steps, improv/step: 0.078 (last = 0.0680), fitness=-1795448928.958869696
810.32 secs, 108087 evals, 107993 steps, improv/step: 0.077 (last = 0.0598), fitness=-1795449659.212045193
840.33 secs, 111730 evals, 111636 steps, improv/step: 0.077 (last = 0.0590), fitness=-1795450417.336926460
870.33 secs, 115411 evals, 115317 steps, improv/step: 0.076 (last = 0.0562), fitness=-1795451104.354371071
900.34 secs, 118939 evals, 118845 steps, improv/step: 0.075 (last = 0.0561), fitness=-1795451577.177803278
930.34 secs, 122518 evals, 122425 steps, improv/step: 0.075 (last = 0.0581), fitness=-1795452491.949868679
960.36 secs, 126384 evals, 126291 steps, improv/step: 0.074 (last = 0.0592), fitness=-1795453818.281224728
990.45 secs, 130261 evals, 130168 steps, improv/step: 0.074 (last = 0.0583), fitness=-1795454874.575073242
1020.45 secs, 133994 evals, 133901 steps, improv/step: 0.074 (last = 0.0648), fitness=-1795455789.608882427
1050.46 secs, 137707 evals, 137614 steps, improv/step: 0.073 (last = 0.0549), fitness=-1795456805.161393642
1080.46 secs, 141409 evals, 141317 steps, improv/step: 0.073 (last = 0.0529), fitness=-1795457310.809530020
1110.54 secs, 145123 evals, 145031 steps, improv/step: 0.073 (last = 0.0735), fitness=-1795458466.218110800
1140.54 secs, 148833 evals, 148742 steps, improv/step: 0.072 (last = 0.0636), fitness=-1795459057.584429741
1170.55 secs, 152414 evals, 152324 steps, improv/step: 0.072 (last = 0.0664), fitness=-1795459845.408339977
1200.56 secs, 156065 evals, 155975 steps, improv/step: 0.072 (last = 0.0430), fitness=-1795460593.309173346
1230.56 secs, 159635 evals, 159545 steps, improv/step: 0.071 (last = 0.0473), fitness=-1795461477.975599051
1260.56 secs, 163218 evals, 163129 steps, improv/step: 0.071 (last = 0.0792), fitness=-1795462359.636366367
1290.56 secs, 166919 evals, 166830 steps, improv/step: 0.071 (last = 0.0727), fitness=-1795463098.193367481
1320.57 secs, 170745 evals, 170656 steps, improv/step: 0.071 (last = 0.0771), fitness=-1795464136.292135000
1350.57 secs, 174366 evals, 174277 steps, improv/step: 0.071 (last = 0.0643), fitness=-1795465069.604224920
1380.57 secs, 178082 evals, 177994 steps, improv/step: 0.071 (last = 0.0549), fitness=-1795466555.289194345
1410.61 secs, 182028 evals, 181941 steps, improv/step: 0.071 (last = 0.0514), fitness=-1795468382.829044819
1440.62 secs, 185799 evals, 185712 steps, improv/step: 0.070 (last = 0.0647), fitness=-1795469510.611581326
1470.62 secs, 189582 evals, 189496 steps, improv/step: 0.070 (last = 0.0695), fitness=-1795470596.753414631
1500.63 secs, 193126 evals, 193040 steps, improv/step: 0.070 (last = 0.0759), fitness=-1795471518.712812185
1530.63 secs, 196629 evals, 196543 steps, improv/step: 0.071 (last = 0.0848), fitness=-1795472606.105216026
1560.64 secs, 200235 evals, 200150 steps, improv/step: 0.071 (last = 0.0929), fitness=-1795474223.928736448
1590.65 secs, 203916 evals, 203832 steps, improv/step: 0.071 (last = 0.0714), fitness=-1795475091.982560396
1620.65 secs, 207565 evals, 207481 steps, improv/step: 0.071 (last = 0.0639), fitness=-1795476079.803755283
1650.67 secs, 211283 evals, 211199 steps, improv/step: 0.071 (last = 0.0530), fitness=-1795476903.871438503
1680.68 secs, 215125 evals, 215041 steps, improv/step: 0.071 (last = 0.0604), fitness=-1795477689.053216457
1710.68 secs, 218792 evals, 218708 steps, improv/step: 0.070 (last = 0.0404), fitness=-1795478224.305940390
1740.68 secs, 222485 evals, 222401 steps, improv/step: 0.069 (last = 0.0374), fitness=-1795478593.757352591
1770.68 secs, 226138 evals, 226054 steps, improv/step: 0.069 (last = 0.0334), fitness=-1795478844.153083801
1800.69 secs, 229879 evals, 229795 steps, improv/step: 0.068 (last = 0.0380), fitness=-1795479302.738547802
1830.69 secs, 233649 evals, 233565 steps, improv/step: 0.068 (last = 0.0459), fitness=-1795479775.063905001
1860.70 secs, 237314 evals, 237231 steps, improv/step: 0.068 (last = 0.0368), fitness=-1795480088.026146173
1890.70 secs, 240981 evals, 240898 steps, improv/step: 0.067 (last = 0.0461), fitness=-1795480158.136327267
1920.70 secs, 244574 evals, 244491 steps, improv/step: 0.067 (last = 0.0348), fitness=-1795480219.637292147
1950.71 secs, 248320 evals, 248237 steps, improv/step: 0.066 (last = 0.0384), fitness=-1795480286.382628441
1980.72 secs, 252075 evals, 251992 steps, improv/step: 0.066 (last = 0.0413), fitness=-1795480385.681471825
2010.72 secs, 255759 evals, 255676 steps, improv/step: 0.066 (last = 0.0366), fitness=-1795480450.340066433
2040.72 secs, 259540 evals, 259459 steps, improv/step: 0.065 (last = 0.0407), fitness=-1795480464.814352274
2070.72 secs, 263380 evals, 263300 steps, improv/step: 0.065 (last = 0.0310), fitness=-1795480506.831578970
2100.73 secs, 267233 evals, 267153 steps, improv/step: 0.064 (last = 0.0280), fitness=-1795480523.832534075
2130.73 secs, 271147 evals, 271069 steps, improv/step: 0.064 (last = 0.0314), fitness=-1795480559.941792250
2160.74 secs, 274939 evals, 274861 steps, improv/step: 0.063 (last = 0.0303), fitness=-1795480573.007269382
2190.74 secs, 278906 evals, 278828 steps, improv/step: 0.063 (last = 0.0393), fitness=-1795480589.954807043
2220.75 secs, 282771 evals, 282693 steps, improv/step: 0.063 (last = 0.0388), fitness=-1795480617.655742407
2250.75 secs, 286575 evals, 286497 steps, improv/step: 0.062 (last = 0.0358), fitness=-1795480618.579236507
2280.76 secs, 290456 evals, 290379 steps, improv/step: 0.062 (last = 0.0332), fitness=-1795480633.291313171
2310.79 secs, 294068 evals, 293991 steps, improv/step: 0.061 (last = 0.0346), fitness=-1795480641.291863203
2340.79 secs, 297776 evals, 297699 steps, improv/step: 0.061 (last = 0.0280), fitness=-1795480645.365935087
2370.79 secs, 301380 evals, 301304 steps, improv/step: 0.061 (last = 0.0286), fitness=-1795480650.297957897
2400.79 secs, 305184 evals, 305110 steps, improv/step: 0.060 (last = 0.0271), fitness=-1795480652.212436676
2430.80 secs, 309209 evals, 309135 steps, improv/step: 0.060 (last = 0.0268), fitness=-1795480658.549927950
2460.80 secs, 313030 evals, 312957 steps, improv/step: 0.059 (last = 0.0327), fitness=-1795480663.180547953
2490.81 secs, 316891 evals, 316818 steps, improv/step: 0.059 (last = 0.0316), fitness=-1795480667.915089130
2520.81 secs, 320812 evals, 320739 steps, improv/step: 0.059 (last = 0.0250), fitness=-1795480671.325364828
2550.81 secs, 324540 evals, 324467 steps, improv/step: 0.058 (last = 0.0317), fitness=-1795480672.028346300
2580.82 secs, 328361 evals, 328289 steps, improv/step: 0.058 (last = 0.0296), fitness=-1795480672.040977001
2610.82 secs, 332209 evals, 332138 steps, improv/step: 0.058 (last = 0.0275), fitness=-1795480672.537398338
2640.82 secs, 336105 evals, 336034 steps, improv/step: 0.057 (last = 0.0249), fitness=-1795480673.122102976
2670.83 secs, 339972 evals, 339901 steps, improv/step: 0.057 (last = 0.0230), fitness=-1795480673.525800943
2700.83 secs, 343684 evals, 343613 steps, improv/step: 0.057 (last = 0.0242), fitness=-1795480673.782262802
2730.83 secs, 347578 evals, 347507 steps, improv/step: 0.056 (last = 0.0329), fitness=-1795480674.087685347
2760.84 secs, 351285 evals, 351214 steps, improv/step: 0.056 (last = 0.0386), fitness=-1795480674.220196962
2790.84 secs, 355017 evals, 354947 steps, improv/step: 0.056 (last = 0.0351), fitness=-1795480674.407634735
2820.85 secs, 358819 evals, 358749 steps, improv/step: 0.056 (last = 0.0258), fitness=-1795480674.407634735
2850.85 secs, 362827 evals, 362757 steps, improv/step: 0.055 (last = 0.0245), fitness=-1795480674.481880665
2880.85 secs, 366627 evals, 366558 steps, improv/step: 0.055 (last = 0.0224), fitness=-1795480674.517431021
2910.87 secs, 370518 evals, 370450 steps, improv/step: 0.055 (last = 0.0216), fitness=-1795480674.641666174
2940.88 secs, 374334 evals, 374266 steps, improv/step: 0.054 (last = 0.0212), fitness=-1795480674.646956205
2970.88 secs, 378093 evals, 378026 steps, improv/step: 0.054 (last = 0.0189), fitness=-1795480674.692861319
3000.89 secs, 381966 evals, 381899 steps, improv/step: 0.054 (last = 0.0212), fitness=-1795480674.734149694
3030.89 secs, 385828 evals, 385762 steps, improv/step: 0.053 (last = 0.0192), fitness=-1795480674.778440237
3060.89 secs, 389651 evals, 389585 steps, improv/step: 0.053 (last = 0.0160), fitness=-1795480674.814626455
3090.90 secs, 393374 evals, 393309 steps, improv/step: 0.052 (last = 0.0137), fitness=-1795480674.840084314
3120.95 secs, 397128 evals, 397063 steps, improv/step: 0.052 (last = 0.0131), fitness=-1795480674.846552849
3150.95 secs, 401007 evals, 400942 steps, improv/step: 0.052 (last = 0.0134), fitness=-1795480674.864169836
3180.96 secs, 404810 evals, 404747 steps, improv/step: 0.051 (last = 0.0202), fitness=-1795480674.891182423
3210.96 secs, 408717 evals, 408654 steps, improv/step: 0.051 (last = 0.0187), fitness=-1795480674.905321360
3240.97 secs, 412711 evals, 412648 steps, improv/step: 0.051 (last = 0.0165), fitness=-1795480674.916466236
3270.98 secs, 416540 evals, 416478 steps, improv/step: 0.050 (last = 0.0198), fitness=-1795480674.927430630
3300.98 secs, 420294 evals, 420233 steps, improv/step: 0.050 (last = 0.0152), fitness=-1795480674.927430630
3330.98 secs, 424006 evals, 423946 steps, improv/step: 0.050 (last = 0.0178), fitness=-1795480674.932945728
3360.99 secs, 427836 evals, 427776 steps, improv/step: 0.050 (last = 0.0235), fitness=-1795480674.941599131
3390.99 secs, 431656 evals, 431596 steps, improv/step: 0.049 (last = 0.0285), fitness=-1795480674.943135977
3420.99 secs, 435527 evals, 435467 steps, improv/step: 0.049 (last = 0.0176), fitness=-1795480674.948171139
3451.00 secs, 439387 evals, 439329 steps, improv/step: 0.049 (last = 0.0228), fitness=-1795480674.950746059
3481.00 secs, 443160 evals, 443103 steps, improv/step: 0.049 (last = 0.0284), fitness=-1795480674.953753233
3511.01 secs, 446920 evals, 446863 steps, improv/step: 0.049 (last = 0.0309), fitness=-1795480674.954500198
3541.05 secs, 450581 evals, 450524 steps, improv/step: 0.048 (last = 0.0341), fitness=-1795480674.957096338
3571.05 secs, 454316 evals, 454259 steps, improv/step: 0.048 (last = 0.0292), fitness=-1795480674.958491325
3601.19 secs, 458104 evals, 458049 steps, improv/step: 0.048 (last = 0.0359), fitness=-1795480674.960551262
3631.19 secs, 461876 evals, 461822 steps, improv/step: 0.048 (last = 0.0368), fitness=-1795480674.961801291
3661.20 secs, 465685 evals, 465631 steps, improv/step: 0.048 (last = 0.0307), fitness=-1795480674.964812040
3691.20 secs, 469354 evals, 469301 steps, improv/step: 0.048 (last = 0.0343), fitness=-1795480674.965987206
3721.21 secs, 473145 evals, 473093 steps, improv/step: 0.048 (last = 0.0274), fitness=-1795480674.966332912
3751.21 secs, 476909 evals, 476857 steps, improv/step: 0.047 (last = 0.0199), fitness=-1795480674.967377663
3781.21 secs, 480528 evals, 480478 steps, improv/step: 0.047 (last = 0.0177), fitness=-1795480674.968564510
3811.21 secs, 484248 evals, 484198 steps, improv/step: 0.047 (last = 0.0253), fitness=-1795480674.968891859
3841.22 secs, 487957 evals, 487907 steps, improv/step: 0.047 (last = 0.0232), fitness=-1795480674.969298601
3871.23 secs, 491773 evals, 491724 steps, improv/step: 0.047 (last = 0.0204), fitness=-1795480674.970564127
3901.23 secs, 495720 evals, 495672 steps, improv/step: 0.047 (last = 0.0210), fitness=-1795480674.971312046
3931.24 secs, 499462 evals, 499414 steps, improv/step: 0.046 (last = 0.0265), fitness=-1795480674.973203897
3961.24 secs, 503222 evals, 503175 steps, improv/step: 0.046 (last = 0.0351), fitness=-1795480674.976227760
3991.24 secs, 506935 evals, 506889 steps, improv/step: 0.046 (last = 0.0277), fitness=-1795480674.978809118
4021.31 secs, 510849 evals, 510804 steps, improv/step: 0.046 (last = 0.0227), fitness=-1795480674.981227160
4051.31 secs, 514575 evals, 514530 steps, improv/step: 0.046 (last = 0.0271), fitness=-1795480674.983924627
4081.31 secs, 518426 evals, 518381 steps, improv/step: 0.046 (last = 0.0254), fitness=-1795480674.984519005
4111.32 secs, 522142 evals, 522099 steps, improv/step: 0.046 (last = 0.0315), fitness=-1795480674.987050772
4141.32 secs, 525850 evals, 525807 steps, improv/step: 0.045 (last = 0.0218), fitness=-1795480674.987883806
4171.32 secs, 529666 evals, 529624 steps, improv/step: 0.045 (last = 0.0262), fitness=-1795480674.989574432
4201.32 secs, 533351 evals, 533309 steps, improv/step: 0.045 (last = 0.0255), fitness=-1795480674.990913630
4231.32 secs, 537119 evals, 537077 steps, improv/step: 0.045 (last = 0.0287), fitness=-1795480674.994444609
4261.33 secs, 540822 evals, 540783 steps, improv/step: 0.045 (last = 0.0262), fitness=-1795480674.995647669
4291.33 secs, 544554 evals, 544515 steps, improv/step: 0.045 (last = 0.0260), fitness=-1795480675.001979351
4321.33 secs, 548403 evals, 548365 steps, improv/step: 0.045 (last = 0.0294), fitness=-1795480675.003386259
4351.34 secs, 552166 evals, 552128 steps, improv/step: 0.045 (last = 0.0268), fitness=-1795480675.009051561
4381.34 secs, 555885 evals, 555847 steps, improv/step: 0.044 (last = 0.0210), fitness=-1795480675.010854959
4411.34 secs, 559774 evals, 559738 steps, improv/step: 0.044 (last = 0.0298), fitness=-1795480675.012909174
4441.34 secs, 563478 evals, 563442 steps, improv/step: 0.044 (last = 0.0238), fitness=-1795480675.016369104
4471.35 secs, 567237 evals, 567202 steps, improv/step: 0.044 (last = 0.0303), fitness=-1795480675.017988205
4501.35 secs, 570849 evals, 570814 steps, improv/step: 0.044 (last = 0.0230), fitness=-1795480675.020812988
4531.35 secs, 574732 evals, 574697 steps, improv/step: 0.044 (last = 0.0306), fitness=-1795480675.023565769
4561.35 secs, 578703 evals, 578668 steps, improv/step: 0.044 (last = 0.0300), fitness=-1795480675.027390480
4591.35 secs, 582657 evals, 582622 steps, improv/step: 0.044 (last = 0.0293), fitness=-1795480675.029497862
4621.36 secs, 586505 evals, 586470 steps, improv/step: 0.044 (last = 0.0296), fitness=-1795480675.033589125
4651.36 secs, 590164 evals, 590129 steps, improv/step: 0.043 (last = 0.0281), fitness=-1795480675.037515879
4681.37 secs, 593983 evals, 593950 steps, improv/step: 0.043 (last = 0.0264), fitness=-1795480675.037515879
4711.37 secs, 597866 evals, 597833 steps, improv/step: 0.043 (last = 0.0278), fitness=-1795480675.041286707
4741.37 secs, 601796 evals, 601763 steps, improv/step: 0.043 (last = 0.0234), fitness=-1795480675.044552803
4771.39 secs, 605821 evals, 605789 steps, improv/step: 0.043 (last = 0.0209), fitness=-1795480675.046318769
4801.39 secs, 609736 evals, 609704 steps, improv/step: 0.043 (last = 0.0215), fitness=-1795480675.047237396
4831.40 secs, 613586 evals, 613554 steps, improv/step: 0.043 (last = 0.0164), fitness=-1795480675.048998117
4861.40 secs, 617362 evals, 617331 steps, improv/step: 0.043 (last = 0.0238), fitness=-1795480675.051220179
4891.41 secs, 621307 evals, 621277 steps, improv/step: 0.042 (last = 0.0223), fitness=-1795480675.053720713
4921.42 secs, 625164 evals, 625137 steps, improv/step: 0.042 (last = 0.0223), fitness=-1795480675.063609600
4951.44 secs, 629068 evals, 629041 steps, improv/step: 0.042 (last = 0.0202), fitness=-1795480675.067691565
4981.58 secs, 632916 evals, 632891 steps, improv/step: 0.042 (last = 0.0231), fitness=-1795480675.100961685
5011.59 secs, 636591 evals, 636566 steps, improv/step: 0.042 (last = 0.0215), fitness=-1795480675.105439663
5041.67 secs, 640303 evals, 640278 steps, improv/step: 0.042 (last = 0.0186), fitness=-1795480675.124574423
5071.67 secs, 644155 evals, 644130 steps, improv/step: 0.042 (last = 0.0208), fitness=-1795480675.151557922
5101.68 secs, 647930 evals, 647907 steps, improv/step: 0.041 (last = 0.0159), fitness=-1795480675.177276611
5131.68 secs, 651688 evals, 651668 steps, improv/step: 0.041 (last = 0.0162), fitness=-1795480675.198707581
5161.68 secs, 655548 evals, 655529 steps, improv/step: 0.041 (last = 0.0132), fitness=-1795480675.220625877
5191.69 secs, 659379 evals, 659361 steps, improv/step: 0.041 (last = 0.0157), fitness=-1795480675.242136478
5221.69 secs, 663137 evals, 663121 steps, improv/step: 0.041 (last = 0.0133), fitness=-1795480675.296330690
5251.69 secs, 666845 evals, 666829 steps, improv/step: 0.041 (last = 0.0140), fitness=-1795480675.313115597
5281.70 secs, 670666 evals, 670652 steps, improv/step: 0.041 (last = 0.0144), fitness=-1795480675.357481718
5311.71 secs, 674497 evals, 674483 steps, improv/step: 0.040 (last = 0.0167), fitness=-1795480675.402967453
5341.71 secs, 678275 evals, 678262 steps, improv/step: 0.040 (last = 0.0180), fitness=-1795480675.451869965
5371.72 secs, 681987 evals, 681974 steps, improv/step: 0.040 (last = 0.0178), fitness=-1795480675.497487307
5401.72 secs, 685746 evals, 685734 steps, improv/step: 0.040 (last = 0.0138), fitness=-1795480675.499365568
5431.72 secs, 689595 evals, 689583 steps, improv/step: 0.040 (last = 0.0145), fitness=-1795480675.558158875
5461.81 secs, 693431 evals, 693419 steps, improv/step: 0.040 (last = 0.0146), fitness=-1795480675.588924885
5491.81 secs, 697128 evals, 697117 steps, improv/step: 0.040 (last = 0.0168), fitness=-1795480675.588924885
5521.96 secs, 700926 evals, 700915 steps, improv/step: 0.040 (last = 0.0147), fitness=-1795480675.620986700
5551.96 secs, 704708 evals, 704697 steps, improv/step: 0.039 (last = 0.0143), fitness=-1795480675.635575771
5581.96 secs, 708637 evals, 708627 steps, improv/step: 0.039 (last = 0.0104), fitness=-1795480675.642181396
5611.97 secs, 712552 evals, 712542 steps, improv/step: 0.039 (last = 0.0130), fitness=-1795480675.670416355
5641.97 secs, 716348 evals, 716338 steps, improv/step: 0.039 (last = 0.0158), fitness=-1795480675.730090141
5671.98 secs, 719965 evals, 719955 steps, improv/step: 0.039 (last = 0.0135), fitness=-1795480675.758434296
5701.98 secs, 723810 evals, 723800 steps, improv/step: 0.039 (last = 0.0107), fitness=-1795480675.758434296
5731.98 secs, 727487 evals, 727477 steps, improv/step: 0.039 (last = 0.0177), fitness=-1795480675.785834312
5762.01 secs, 731357 evals, 731348 steps, improv/step: 0.038 (last = 0.0114), fitness=-1795480675.791410685
5792.01 secs, 735283 evals, 735275 steps, improv/step: 0.038 (last = 0.0135), fitness=-1795480675.797923565
5822.01 secs, 739235 evals, 739228 steps, improv/step: 0.038 (last = 0.0129), fitness=-1795480675.808713198
5852.02 secs, 743309 evals, 743304 steps, improv/step: 0.038 (last = 0.0132), fitness=-1795480675.827169895
5882.02 secs, 747180 evals, 747176 steps, improv/step: 0.038 (last = 0.0121), fitness=-1795480675.843277216
5912.02 secs, 750906 evals, 750902 steps, improv/step: 0.038 (last = 0.0188), fitness=-1795480675.848139763
5942.03 secs, 754637 evals, 754633 steps, improv/step: 0.038 (last = 0.0150), fitness=-1795480675.857731342
5972.03 secs, 758362 evals, 758359 steps, improv/step: 0.038 (last = 0.0091), fitness=-1795480675.866721153
6002.04 secs, 762214 evals, 762211 steps, improv/step: 0.037 (last = 0.0151), fitness=-1795480675.880950451
6032.04 secs, 765971 evals, 765968 steps, improv/step: 0.037 (last = 0.0149), fitness=-1795480675.880950451
6062.05 secs, 769729 evals, 769726 steps, improv/step: 0.037 (last = 0.0136), fitness=-1795480675.886885643
6092.05 secs, 773420 evals, 773417 steps, improv/step: 0.037 (last = 0.0144), fitness=-1795480675.896927834
6122.06 secs, 777227 evals, 777224 steps, improv/step: 0.037 (last = 0.0137), fitness=-1795480675.926356077
6152.10 secs, 781056 evals, 781054 steps, improv/step: 0.037 (last = 0.0149), fitness=-1795480675.936100483
6182.10 secs, 784993 evals, 784991 steps, improv/step: 0.037 (last = 0.0135), fitness=-1795480675.948092461
6212.11 secs, 788860 evals, 788860 steps, improv/step: 0.037 (last = 0.0145), fitness=-1795480675.975217104
6242.11 secs, 792600 evals, 792601 steps, improv/step: 0.037 (last = 0.0155), fitness=-1795480675.975217104
6272.11 secs, 796410 evals, 796413 steps, improv/step: 0.036 (last = 0.0147), fitness=-1795480675.981130838
6302.11 secs, 800074 evals, 800078 steps, improv/step: 0.036 (last = 0.0153), fitness=-1795480675.993916273
6332.17 secs, 803790 evals, 803796 steps, improv/step: 0.036 (last = 0.0172), fitness=-1795480675.996279955
6362.19 secs, 807549 evals, 807555 steps, improv/step: 0.036 (last = 0.0157), fitness=-1795480676.001346588
6392.19 secs, 811229 evals, 811237 steps, improv/step: 0.036 (last = 0.0174), fitness=-1795480676.012736320
6422.20 secs, 814976 evals, 814985 steps, improv/step: 0.036 (last = 0.0165), fitness=-1795480676.019340992
6452.20 secs, 818901 evals, 818910 steps, improv/step: 0.036 (last = 0.0201), fitness=-1795480676.036798239
6482.27 secs, 822702 evals, 822712 steps, improv/step: 0.036 (last = 0.0158), fitness=-1795480676.048842907
6512.28 secs, 826522 evals, 826532 steps, improv/step: 0.036 (last = 0.0134), fitness=-1795480676.049638510
6542.29 secs, 830330 evals, 830343 steps, improv/step: 0.036 (last = 0.0199), fitness=-1795480676.080098867
6572.29 secs, 834209 evals, 834222 steps, improv/step: 0.036 (last = 0.0150), fitness=-1795480676.096274376
6602.29 secs, 838094 evals, 838108 steps, improv/step: 0.035 (last = 0.0190), fitness=-1795480676.104762554
6632.30 secs, 841892 evals, 841906 steps, improv/step: 0.035 (last = 0.0147), fitness=-1795480676.122605562
6662.30 secs, 845618 evals, 845632 steps, improv/step: 0.035 (last = 0.0204), fitness=-1795480676.129752398
6692.31 secs, 849521 evals, 849535 steps, improv/step: 0.035 (last = 0.0164), fitness=-1795480676.134140253
6722.32 secs, 853321 evals, 853336 steps, improv/step: 0.035 (last = 0.0139), fitness=-1795480676.164814472
6752.33 secs, 857021 evals, 857036 steps, improv/step: 0.035 (last = 0.0178), fitness=-1795480676.227894545
6782.34 secs, 860749 evals, 860764 steps, improv/step: 0.035 (last = 0.0131), fitness=-1795480676.265535831
6812.34 secs, 864386 evals, 864401 steps, improv/step: 0.035 (last = 0.0140), fitness=-1795480676.283521414
6842.49 secs, 868046 evals, 868063 steps, improv/step: 0.035 (last = 0.0128), fitness=-1795480676.299049377
6872.49 secs, 871771 evals, 871789 steps, improv/step: 0.035 (last = 0.0140), fitness=-1795480676.345781803
6902.50 secs, 875546 evals, 875564 steps, improv/step: 0.035 (last = 0.0135), fitness=-1795480676.361020088
6932.50 secs, 879231 evals, 879250 steps, improv/step: 0.035 (last = 0.0157), fitness=-1795480676.373857975
6962.50 secs, 882942 evals, 882963 steps, improv/step: 0.034 (last = 0.0154), fitness=-1795480676.410483599
6992.61 secs, 886646 evals, 886669 steps, improv/step: 0.034 (last = 0.0165), fitness=-1795480676.466138124
7022.61 secs, 890429 evals, 890452 steps, improv/step: 0.034 (last = 0.0174), fitness=-1795480676.508190870
7052.62 secs, 894279 evals, 894303 steps, improv/step: 0.034 (last = 0.0166), fitness=-1795480676.529459953
7082.62 secs, 898119 evals, 898144 steps, improv/step: 0.034 (last = 0.0112), fitness=-1795480676.542551756
7112.62 secs, 901769 evals, 901794 steps, improv/step: 0.034 (last = 0.0151), fitness=-1795480676.565474272
7142.62 secs, 905547 evals, 905572 steps, improv/step: 0.034 (last = 0.0143), fitness=-1795480676.585088015
7172.63 secs, 909306 evals, 909331 steps, improv/step: 0.034 (last = 0.0162), fitness=-1795480676.617505074
7202.64 secs, 913065 evals, 913092 steps, improv/step: 0.034 (last = 0.0130), fitness=-1795480676.641068935
7232.64 secs, 916635 evals, 916663 steps, improv/step: 0.034 (last = 0.0112), fitness=-1795480676.667054176
7262.64 secs, 920365 evals, 920394 steps, improv/step: 0.034 (last = 0.0107), fitness=-1795480676.667054176
7292.65 secs, 924073 evals, 924102 steps, improv/step: 0.034 (last = 0.0094), fitness=-1795480676.677132368
7322.70 secs, 927941 evals, 927971 steps, improv/step: 0.033 (last = 0.0147), fitness=-1795480676.702029228
7352.71 secs, 931728 evals, 931758 steps, improv/step: 0.033 (last = 0.0129), fitness=-1795480676.707121849
7382.71 secs, 935365 evals, 935396 steps, improv/step: 0.033 (last = 0.0140), fitness=-1795480676.712464809
7412.72 secs, 938995 evals, 939026 steps, improv/step: 0.033 (last = 0.0160), fitness=-1795480676.750242710
7442.72 secs, 942696 evals, 942727 steps, improv/step: 0.033 (last = 0.0146), fitness=-1795480676.772626400
7472.73 secs, 946479 evals, 946511 steps, improv/step: 0.033 (last = 0.0151), fitness=-1795480676.796024799
7502.73 secs, 950141 evals, 950173 steps, improv/step: 0.033 (last = 0.0134), fitness=-1795480676.810490370
7532.73 secs, 953856 evals, 953888 steps, improv/step: 0.033 (last = 0.0113), fitness=-1795480676.815716267
7562.74 secs, 957632 evals, 957664 steps, improv/step: 0.033 (last = 0.0122), fitness=-1795480676.832331657
7592.75 secs, 961424 evals, 961457 steps, improv/step: 0.033 (last = 0.0142), fitness=-1795480676.843768597
7622.75 secs, 965365 evals, 965398 steps, improv/step: 0.033 (last = 0.0122), fitness=-1795480676.853674650
7652.75 secs, 969150 evals, 969183 steps, improv/step: 0.033 (last = 0.0103), fitness=-1795480676.888352633
7682.75 secs, 973029 evals, 973064 steps, improv/step: 0.033 (last = 0.0173), fitness=-1795480676.896468878
7712.76 secs, 976782 evals, 976819 steps, improv/step: 0.032 (last = 0.0160), fitness=-1795480676.922149658
7742.76 secs, 980476 evals, 980514 steps, improv/step: 0.032 (last = 0.0076), fitness=-1795480676.926039934
7772.76 secs, 984256 evals, 984294 steps, improv/step: 0.032 (last = 0.0108), fitness=-1795480676.928873539
7802.76 secs, 988053 evals, 988092 steps, improv/step: 0.032 (last = 0.0147), fitness=-1795480676.969628811
7832.83 secs, 991772 evals, 991813 steps, improv/step: 0.032 (last = 0.0153), fitness=-1795480676.969628811
7862.84 secs, 995442 evals, 995484 steps, improv/step: 0.032 (last = 0.0136), fitness=-1795480677.011028767
7892.84 secs, 999123 evals, 999166 steps, improv/step: 0.032 (last = 0.0144), fitness=-1795480677.055367947
7922.84 secs, 1002967 evals, 1003010 steps, improv/step: 0.032 (last = 0.0120), fitness=-1795480677.058919430
7952.85 secs, 1006901 evals, 1006944 steps, improv/step: 0.032 (last = 0.0122), fitness=-1795480677.123045921
7982.86 secs, 1010645 evals, 1010691 steps, improv/step: 0.032 (last = 0.0149), fitness=-1795480677.123045921
8012.86 secs, 1014426 evals, 1014472 steps, improv/step: 0.032 (last = 0.0116), fitness=-1795480677.123045921
8042.87 secs, 1018326 evals, 1018372 steps, improv/step: 0.032 (last = 0.0144), fitness=-1795480677.152281284
8072.88 secs, 1022089 evals, 1022135 steps, improv/step: 0.032 (last = 0.0149), fitness=-1795480677.192598343
8102.88 secs, 1026024 evals, 1026070 steps, improv/step: 0.032 (last = 0.0132), fitness=-1795480677.192598343
8132.89 secs, 1029807 evals, 1029854 steps, improv/step: 0.031 (last = 0.0140), fitness=-1795480677.192598343
8162.89 secs, 1033466 evals, 1033513 steps, improv/step: 0.031 (last = 0.0131), fitness=-1795480677.206637144
8192.89 secs, 1037321 evals, 1037369 steps, improv/step: 0.031 (last = 0.0122), fitness=-1795480677.206694603
8222.90 secs, 1041062 evals, 1041110 steps, improv/step: 0.031 (last = 0.0155), fitness=-1795480677.223389864
8252.90 secs, 1044762 evals, 1044811 steps, improv/step: 0.031 (last = 0.0113), fitness=-1795480677.236360550
8282.90 secs, 1048452 evals, 1048502 steps, improv/step: 0.031 (last = 0.0119), fitness=-1795480677.242514849
8312.90 secs, 1052388 evals, 1052438 steps, improv/step: 0.031 (last = 0.0117), fitness=-1795480677.245656013
8342.90 secs, 1056292 evals, 1056343 steps, improv/step: 0.031 (last = 0.0125), fitness=-1795480677.256544590
8372.91 secs, 1060192 evals, 1060243 steps, improv/step: 0.031 (last = 0.0118), fitness=-1795480677.277835369
8402.91 secs, 1064068 evals, 1064119 steps, improv/step: 0.031 (last = 0.0111), fitness=-1795480677.277835369
8432.92 secs, 1067869 evals, 1067921 steps, improv/step: 0.031 (last = 0.0129), fitness=-1795480677.291656733
8462.92 secs, 1071766 evals, 1071820 steps, improv/step: 0.031 (last = 0.0113), fitness=-1795480677.310620308
8492.93 secs, 1075603 evals, 1075657 steps, improv/step: 0.031 (last = 0.0159), fitness=-1795480677.319264889
8522.97 secs, 1079347 evals, 1079401 steps, improv/step: 0.031 (last = 0.0144), fitness=-1795480677.334285736
8552.97 secs, 1083334 evals, 1083390 steps, improv/step: 0.031 (last = 0.0120), fitness=-1795480677.344153881
8582.97 secs, 1087328 evals, 1087384 steps, improv/step: 0.030 (last = 0.0135), fitness=-1795480677.367037773
8612.98 secs, 1091247 evals, 1091303 steps, improv/step: 0.030 (last = 0.0158), fitness=-1795480677.392381191
8642.98 secs, 1094909 evals, 1094965 steps, improv/step: 0.030 (last = 0.0177), fitness=-1795480677.434362888
8672.99 secs, 1098837 evals, 1098893 steps, improv/step: 0.030 (last = 0.0168), fitness=-1795480677.434362888
8703.08 secs, 1102563 evals, 1102620 steps, improv/step: 0.030 (last = 0.0110), fitness=-1795480677.445080519
8733.14 secs, 1106487 evals, 1106544 steps, improv/step: 0.030 (last = 0.0153), fitness=-1795480677.466500521
8763.14 secs, 1110327 evals, 1110384 steps, improv/step: 0.030 (last = 0.0148), fitness=-1795480677.480947733
8793.15 secs, 1114166 evals, 1114223 steps, improv/step: 0.030 (last = 0.0164), fitness=-1795480677.509794474
8823.23 secs, 1117930 evals, 1117988 steps, improv/step: 0.030 (last = 0.0154), fitness=-1795480677.529398918
8853.24 secs, 1121698 evals, 1121756 steps, improv/step: 0.030 (last = 0.0141), fitness=-1795480677.560929298
8883.24 secs, 1125498 evals, 1125557 steps, improv/step: 0.030 (last = 0.0163), fitness=-1795480677.568874121
8913.24 secs, 1129340 evals, 1129399 steps, improv/step: 0.030 (last = 0.0104), fitness=-1795480677.573340178
8943.25 secs, 1133111 evals, 1133171 steps, improv/step: 0.030 (last = 0.0133), fitness=-1795480677.588199615
8973.25 secs, 1136797 evals, 1136857 steps, improv/step: 0.030 (last = 0.0136), fitness=-1795480677.621198893
9003.25 secs, 1140537 evals, 1140599 steps, improv/step: 0.030 (last = 0.0142), fitness=-1795480677.641979933
9033.25 secs, 1144384 evals, 1144446 steps, improv/step: 0.030 (last = 0.0148), fitness=-1795480677.672932148
9063.26 secs, 1148197 evals, 1148259 steps, improv/step: 0.030 (last = 0.0142), fitness=-1795480677.689254522
9093.26 secs, 1151920 evals, 1151982 steps, improv/step: 0.030 (last = 0.0124), fitness=-1795480677.695115328
9123.26 secs, 1155765 evals, 1155829 steps, improv/step: 0.030 (last = 0.0133), fitness=-1795480677.718398571
9153.26 secs, 1159519 evals, 1159585 steps, improv/step: 0.029 (last = 0.0130), fitness=-1795480677.772142887
9183.27 secs, 1163342 evals, 1163409 steps, improv/step: 0.029 (last = 0.0128), fitness=-1795480677.796939373
9213.28 secs, 1167141 evals, 1167209 steps, improv/step: 0.029 (last = 0.0116), fitness=-1795480677.800521612
9243.29 secs, 1171039 evals, 1171108 steps, improv/step: 0.029 (last = 0.0108), fitness=-1795480677.834331512
9273.32 secs, 1174848 evals, 1174919 steps, improv/step: 0.029 (last = 0.0108), fitness=-1795480677.857670307
9303.33 secs, 1178545 evals, 1178618 steps, improv/step: 0.029 (last = 0.0078), fitness=-1795480677.879898548
9333.33 secs, 1182360 evals, 1182433 steps, improv/step: 0.029 (last = 0.0107), fitness=-1795480677.902768850
9363.38 secs, 1186100 evals, 1186175 steps, improv/step: 0.029 (last = 0.0131), fitness=-1795480677.907597303
9393.38 secs, 1189788 evals, 1189865 steps, improv/step: 0.029 (last = 0.0130), fitness=-1795480677.914584875
9423.38 secs, 1193438 evals, 1193518 steps, improv/step: 0.029 (last = 0.0129), fitness=-1795480677.937794209
9453.39 secs, 1197296 evals, 1197381 steps, improv/step: 0.029 (last = 0.0098), fitness=-1795480677.937794209
9483.39 secs, 1201306 evals, 1201391 steps, improv/step: 0.029 (last = 0.0095), fitness=-1795480677.945866346
9513.39 secs, 1205095 evals, 1205181 steps, improv/step: 0.029 (last = 0.0132), fitness=-1795480677.979365587
9543.39 secs, 1208937 evals, 1209025 steps, improv/step: 0.029 (last = 0.0109), fitness=-1795480677.985286474
9573.40 secs, 1212991 evals, 1213080 steps, improv/step: 0.029 (last = 0.0116), fitness=-1795480678.030394554
9603.40 secs, 1216805 evals, 1216895 steps, improv/step: 0.029 (last = 0.0144), fitness=-1795480678.054936647
9633.40 secs, 1220693 evals, 1220784 steps, improv/step: 0.029 (last = 0.0121), fitness=-1795480678.090762138
9663.40 secs, 1224631 evals, 1224722 steps, improv/step: 0.029 (last = 0.0086), fitness=-1795480678.090762138
9693.41 secs, 1228558 evals, 1228650 steps, improv/step: 0.028 (last = 0.0127), fitness=-1795480678.131323099
9723.41 secs, 1232437 evals, 1232529 steps, improv/step: 0.028 (last = 0.0121), fitness=-1795480678.136238813
9753.41 secs, 1236502 evals, 1236594 steps, improv/step: 0.028 (last = 0.0125), fitness=-1795480678.139810801
9783.49 secs, 1240510 evals, 1240604 steps, improv/step: 0.028 (last = 0.0102), fitness=-1795480678.148225307
9813.50 secs, 1244501 evals, 1244596 steps, improv/step: 0.028 (last = 0.0108), fitness=-1795480678.173591852
9843.50 secs, 1248264 evals, 1248360 steps, improv/step: 0.028 (last = 0.0151), fitness=-1795480678.173591852
9873.50 secs, 1252141 evals, 1252237 steps, improv/step: 0.028 (last = 0.0162), fitness=-1795480678.187225103
9903.51 secs, 1256042 evals, 1256138 steps, improv/step: 0.028 (last = 0.0172), fitness=-1795480678.214135170
9933.51 secs, 1259848 evals, 1259945 steps, improv/step: 0.028 (last = 0.0139), fitness=-1795480678.224644184
9963.52 secs, 1263538 evals, 1263636 steps, improv/step: 0.028 (last = 0.0130), fitness=-1795480678.239222765
9993.52 secs, 1267436 evals, 1267536 steps, improv/step: 0.028 (last = 0.0128), fitness=-1795480678.249087095
10023.52 secs, 1271242 evals, 1271342 steps, improv/step: 0.028 (last = 0.0121), fitness=-1795480678.256368876
10053.57 secs, 1275076 evals, 1275177 steps, improv/step: 0.028 (last = 0.0159), fitness=-1795480678.263232946
10083.57 secs, 1278993 evals, 1279097 steps, improv/step: 0.028 (last = 0.0135), fitness=-1795480678.280105829
10113.58 secs, 1282772 evals, 1282876 steps, improv/step: 0.028 (last = 0.0159), fitness=-1795480678.290668488
10143.58 secs, 1286544 evals, 1286648 steps, improv/step: 0.028 (last = 0.0167), fitness=-1795480678.290668488
10173.58 secs, 1290443 evals, 1290547 steps, improv/step: 0.028 (last = 0.0151), fitness=-1795480678.299874544
10203.60 secs, 1294343 evals, 1294447 steps, improv/step: 0.028 (last = 0.0156), fitness=-1795480678.311909437
10233.60 secs, 1298227 evals, 1298331 steps, improv/step: 0.028 (last = 0.0152), fitness=-1795480678.325005054
10263.61 secs, 1302066 evals, 1302170 steps, improv/step: 0.028 (last = 0.0164), fitness=-1795480678.327774763
10293.62 secs, 1305971 evals, 1306076 steps, improv/step: 0.028 (last = 0.0110), fitness=-1795480678.336906910
10323.62 secs, 1309782 evals, 1309887 steps, improv/step: 0.028 (last = 0.0144), fitness=-1795480678.350356817
10353.63 secs, 1313506 evals, 1313611 steps, improv/step: 0.028 (last = 0.0156), fitness=-1795480678.365749598
10383.63 secs, 1317235 evals, 1317340 steps, improv/step: 0.027 (last = 0.0115), fitness=-1795480678.367022991
10413.70 secs, 1321177 evals, 1321284 steps, improv/step: 0.027 (last = 0.0112), fitness=-1795480678.367731094
10443.71 secs, 1325140 evals, 1325248 steps, improv/step: 0.027 (last = 0.0146), fitness=-1795480678.384245872
10473.72 secs, 1329039 evals, 1329147 steps, improv/step: 0.027 (last = 0.0136), fitness=-1795480678.386908770
10503.72 secs, 1332976 evals, 1333086 steps, improv/step: 0.027 (last = 0.0132), fitness=-1795480678.394683599
10533.73 secs, 1336843 evals, 1336954 steps, improv/step: 0.027 (last = 0.0111), fitness=-1795480678.412662745
10563.73 secs, 1340710 evals, 1340823 steps, improv/step: 0.027 (last = 0.0132), fitness=-1795480678.412662745
10593.73 secs, 1344512 evals, 1344628 steps, improv/step: 0.027 (last = 0.0166), fitness=-1795480678.412662745
10623.77 secs, 1348242 evals, 1348359 steps, improv/step: 0.027 (last = 0.0155), fitness=-1795480678.417366982
10653.82 secs, 1352094 evals, 1352211 steps, improv/step: 0.027 (last = 0.0101), fitness=-1795480678.417945623
10683.83 secs, 1355877 evals, 1355996 steps, improv/step: 0.027 (last = 0.0190), fitness=-1795480678.422570229
10713.83 secs, 1359929 evals, 1360052 steps, improv/step: 0.027 (last = 0.0145), fitness=-1795480678.428987265
10743.83 secs, 1363990 evals, 1364113 steps, improv/step: 0.027 (last = 0.0160), fitness=-1795480678.432790279
10773.88 secs, 1367901 evals, 1368027 steps, improv/step: 0.027 (last = 0.0171), fitness=-1795480678.440329075
10803.89 secs, 1371830 evals, 1371956 steps, improv/step: 0.027 (last = 0.0145), fitness=-1795480678.442710876
10833.89 secs, 1375689 evals, 1375816 steps, improv/step: 0.027 (last = 0.0174), fitness=-1795480678.451462746
10863.89 secs, 1379483 evals, 1379610 steps, improv/step: 0.027 (last = 0.0142), fitness=-1795480678.455034494
10893.89 secs, 1383426 evals, 1383554 steps, improv/step: 0.027 (last = 0.0198), fitness=-1795480678.458117247
10923.90 secs, 1387395 evals, 1387523 steps, improv/step: 0.027 (last = 0.0169), fitness=-1795480678.460600376
10953.90 secs, 1391288 evals, 1391418 steps, improv/step: 0.027 (last = 0.0118), fitness=-1795480678.462337255
10983.90 secs, 1395251 evals, 1395381 steps, improv/step: 0.027 (last = 0.0139), fitness=-1795480678.464735985
11013.94 secs, 1399199 evals, 1399329 steps, improv/step: 0.027 (last = 0.0203), fitness=-1795480678.466454268
11044.01 secs, 1403089 evals, 1403220 steps, improv/step: 0.027 (last = 0.0200), fitness=-1795480678.468724966
11074.01 secs, 1406864 evals, 1406996 steps, improv/step: 0.027 (last = 0.0196), fitness=-1795480678.471256018
11104.02 secs, 1410703 evals, 1410836 steps, improv/step: 0.027 (last = 0.0172), fitness=-1795480678.473529816
11134.06 secs, 1414595 evals, 1414728 steps, improv/step: 0.027 (last = 0.0280), fitness=-1795480678.477645874
11164.06 secs, 1418728 evals, 1418861 steps, improv/step: 0.027 (last = 0.0237), fitness=-1795480678.479017019
11194.06 secs, 1422739 evals, 1422872 steps, improv/step: 0.027 (last = 0.0202), fitness=-1795480678.481817245
11224.06 secs, 1426650 evals, 1426783 steps, improv/step: 0.027 (last = 0.0164), fitness=-1795480678.483301878
11254.07 secs, 1430542 evals, 1430675 steps, improv/step: 0.027 (last = 0.0252), fitness=-1795480678.489682436
11284.07 secs, 1434271 evals, 1434404 steps, improv/step: 0.027 (last = 0.0244), fitness=-1795480678.491631269
11314.07 secs, 1438326 evals, 1438460 steps, improv/step: 0.027 (last = 0.0244), fitness=-1795480678.492580652
11344.08 secs, 1442347 evals, 1442481 steps, improv/step: 0.027 (last = 0.0256), fitness=-1795480678.495639324
11374.09 secs, 1446294 evals, 1446431 steps, improv/step: 0.027 (last = 0.0233), fitness=-1795480678.498036146
11404.09 secs, 1450267 evals, 1450404 steps, improv/step: 0.027 (last = 0.0181), fitness=-1795480678.502570391
11434.10 secs, 1454062 evals, 1454199 steps, improv/step: 0.027 (last = 0.0253), fitness=-1795480678.505246401
11464.10 secs, 1457990 evals, 1458129 steps, improv/step: 0.027 (last = 0.0242), fitness=-1795480678.508653402
11494.15 secs, 1461918 evals, 1462057 steps, improv/step: 0.027 (last = 0.0270), fitness=-1795480678.512549162
11524.16 secs, 1465843 evals, 1465983 steps, improv/step: 0.027 (last = 0.0247), fitness=-1795480678.514479399
11554.16 secs, 1469992 evals, 1470134 steps, improv/step: 0.027 (last = 0.0193), fitness=-1795480678.519152403
11584.17 secs, 1474029 evals, 1474172 steps, improv/step: 0.027 (last = 0.0260), fitness=-1795480678.523862362
11614.17 secs, 1478144 evals, 1478288 steps, improv/step: 0.027 (last = 0.0192), fitness=-1795480678.526606560
11644.18 secs, 1482209 evals, 1482356 steps, improv/step: 0.027 (last = 0.0189), fitness=-1795480678.529139757
11674.18 secs, 1486310 evals, 1486457 steps, improv/step: 0.027 (last = 0.0258), fitness=-1795480678.533849239
11704.19 secs, 1490351 evals, 1490499 steps, improv/step: 0.026 (last = 0.0200), fitness=-1795480678.540659428
11734.19 secs, 1494369 evals, 1494518 steps, improv/step: 0.026 (last = 0.0221), fitness=-1795480678.561114550
11764.20 secs, 1498436 evals, 1498585 steps, improv/step: 0.026 (last = 0.0211), fitness=-1795480678.581495047
11794.21 secs, 1502412 evals, 1502563 steps, improv/step: 0.026 (last = 0.0191), fitness=-1795480678.586986065
11824.21 secs, 1506541 evals, 1506692 steps, improv/step: 0.026 (last = 0.0216), fitness=-1795480678.597122192
11854.27 secs, 1510634 evals, 1510786 steps, improv/step: 0.026 (last = 0.0164), fitness=-1795480678.613711596
11884.27 secs, 1514806 evals, 1514958 steps, improv/step: 0.026 (last = 0.0163), fitness=-1795480678.636621714
11914.28 secs, 1518975 evals, 1519128 steps, improv/step: 0.026 (last = 0.0120), fitness=-1795480678.676959753
11944.28 secs, 1523168 evals, 1523323 steps, improv/step: 0.026 (last = 0.0164), fitness=-1795480678.693895578
11974.28 secs, 1527224 evals, 1527380 steps, improv/step: 0.026 (last = 0.0104), fitness=-1795480678.693895578
12004.37 secs, 1531315 evals, 1531472 steps, improv/step: 0.026 (last = 0.0120), fitness=-1795480678.700917482
12034.37 secs, 1535363 evals, 1535520 steps, improv/step: 0.026 (last = 0.0124), fitness=-1795480678.713093281
12064.38 secs, 1539524 evals, 1539682 steps, improv/step: 0.026 (last = 0.0108), fitness=-1795480678.738401651
12094.38 secs, 1543484 evals, 1543644 steps, improv/step: 0.026 (last = 0.0177), fitness=-1795480678.743866205
12124.45 secs, 1547405 evals, 1547565 steps, improv/step: 0.026 (last = 0.0138), fitness=-1795480678.783339024
12154.45 secs, 1551506 evals, 1551667 steps, improv/step: 0.026 (last = 0.0093), fitness=-1795480678.802022457
12184.46 secs, 1555501 evals, 1555665 steps, improv/step: 0.026 (last = 0.0130), fitness=-1795480678.829031229
12214.46 secs, 1559507 evals, 1559671 steps, improv/step: 0.026 (last = 0.0137), fitness=-1795480678.860614300
12244.47 secs, 1563627 evals, 1563792 steps, improv/step: 0.026 (last = 0.0099), fitness=-1795480678.860614300
12274.47 secs, 1567741 evals, 1567907 steps, improv/step: 0.026 (last = 0.0095), fitness=-1795480678.879936457
12304.48 secs, 1571923 evals, 1572089 steps, improv/step: 0.026 (last = 0.0134), fitness=-1795480678.879936457
12334.48 secs, 1576050 evals, 1576216 steps, improv/step: 0.026 (last = 0.0184), fitness=-1795480678.905697107
12364.48 secs, 1580239 evals, 1580405 steps, improv/step: 0.026 (last = 0.0229), fitness=-1795480678.923159361
12394.49 secs, 1584402 evals, 1584569 steps, improv/step: 0.026 (last = 0.0178), fitness=-1795480678.944124937
12424.49 secs, 1588572 evals, 1588739 steps, improv/step: 0.026 (last = 0.0153), fitness=-1795480678.974510431
12454.51 secs, 1592776 evals, 1592945 steps, improv/step: 0.026 (last = 0.0150), fitness=-1795480678.974510431
12484.51 secs, 1596844 evals, 1597014 steps, improv/step: 0.026 (last = 0.0147), fitness=-1795480678.992438555
12514.52 secs, 1600731 evals, 1600901 steps, improv/step: 0.026 (last = 0.0136), fitness=-1795480679.001274109
12544.53 secs, 1604790 evals, 1604960 steps, improv/step: 0.026 (last = 0.0128), fitness=-1795480679.057870865
12574.53 secs, 1608943 evals, 1609113 steps, improv/step: 0.026 (last = 0.0104), fitness=-1795480679.066547632
12604.53 secs, 1612999 evals, 1613169 steps, improv/step: 0.026 (last = 0.0094), fitness=-1795480679.066547632
12634.57 secs, 1616803 evals, 1616977 steps, improv/step: 0.026 (last = 0.0100), fitness=-1795480679.069022655
12664.57 secs, 1620704 evals, 1620880 steps, improv/step: 0.026 (last = 0.0131), fitness=-1795480679.103909254
12694.57 secs, 1624593 evals, 1624769 steps, improv/step: 0.025 (last = 0.0105), fitness=-1795480679.113680601
12724.61 secs, 1628508 evals, 1628684 steps, improv/step: 0.025 (last = 0.0115), fitness=-1795480679.129566908
12754.63 secs, 1632474 evals, 1632651 steps, improv/step: 0.025 (last = 0.0106), fitness=-1795480679.147597075
12784.64 secs, 1636361 evals, 1636538 steps, improv/step: 0.025 (last = 0.0093), fitness=-1795480679.148100138
12814.64 secs, 1640238 evals, 1640420 steps, improv/step: 0.025 (last = 0.0116), fitness=-1795480679.182817221
12844.64 secs, 1644059 evals, 1644241 steps, improv/step: 0.025 (last = 0.0128), fitness=-1795480679.194794655
12874.65 secs, 1647940 evals, 1648123 steps, improv/step: 0.025 (last = 0.0126), fitness=-1795480679.201500654
12904.69 secs, 1651998 evals, 1652181 steps, improv/step: 0.025 (last = 0.0140), fitness=-1795480679.225450754
12934.72 secs, 1655989 evals, 1656173 steps, improv/step: 0.025 (last = 0.0110), fitness=-1795480679.254891872
12964.72 secs, 1659994 evals, 1660179 steps, improv/step: 0.025 (last = 0.0135), fitness=-1795480679.279980659
12994.72 secs, 1664106 evals, 1664292 steps, improv/step: 0.025 (last = 0.0109), fitness=-1795480679.282546043
13024.72 secs, 1668219 evals, 1668405 steps, improv/step: 0.025 (last = 0.0114), fitness=-1795480679.287544250
13054.72 secs, 1672490 evals, 1672680 steps, improv/step: 0.025 (last = 0.0101), fitness=-1795480679.301529884
13084.72 secs, 1676612 evals, 1676804 steps, improv/step: 0.025 (last = 0.0085), fitness=-1795480679.301529884
13114.78 secs, 1680576 evals, 1680769 steps, improv/step: 0.025 (last = 0.0106), fitness=-1795480679.340119362
13144.79 secs, 1684683 evals, 1684878 steps, improv/step: 0.025 (last = 0.0127), fitness=-1795480679.358534098
13174.79 secs, 1688861 evals, 1689057 steps, improv/step: 0.025 (last = 0.0151), fitness=-1795480679.373061657
13204.79 secs, 1693016 evals, 1693212 steps, improv/step: 0.025 (last = 0.0106), fitness=-1795480679.382748365
13234.79 secs, 1696917 evals, 1697114 steps, improv/step: 0.025 (last = 0.0097), fitness=-1795480679.384104967
13264.83 secs, 1700957 evals, 1701157 steps, improv/step: 0.025 (last = 0.0106), fitness=-1795480679.389630079
13294.83 secs, 1705166 evals, 1705366 steps, improv/step: 0.025 (last = 0.0133), fitness=-1795480679.398938656
13324.85 secs, 1709112 evals, 1709312 steps, improv/step: 0.025 (last = 0.0127), fitness=-1795480679.429740667
13354.85 secs, 1713156 evals, 1713356 steps, improv/step: 0.025 (last = 0.0114), fitness=-1795480679.446030140
13384.85 secs, 1717214 evals, 1717415 steps, improv/step: 0.025 (last = 0.0094), fitness=-1795480679.448779345
13414.86 secs, 1721431 evals, 1721635 steps, improv/step: 0.025 (last = 0.0111), fitness=-1795480679.450799465
13444.94 secs, 1725458 evals, 1725664 steps, improv/step: 0.025 (last = 0.0107), fitness=-1795480679.467263222
13474.94 secs, 1729487 evals, 1729694 steps, improv/step: 0.025 (last = 0.0109), fitness=-1795480679.476131678
13504.94 secs, 1733698 evals, 1733907 steps, improv/step: 0.025 (last = 0.0140), fitness=-1795480679.483723640
13534.95 secs, 1737751 evals, 1737960 steps, improv/step: 0.025 (last = 0.0116), fitness=-1795480679.513808966
13564.95 secs, 1741753 evals, 1741963 steps, improv/step: 0.025 (last = 0.0125), fitness=-1795480679.513808966
13594.96 secs, 1745695 evals, 1745905 steps, improv/step: 0.025 (last = 0.0114), fitness=-1795480679.534074783
13624.97 secs, 1749661 evals, 1749872 steps, improv/step: 0.024 (last = 0.0106), fitness=-1795480679.534074783
13654.97 secs, 1753604 evals, 1753816 steps, improv/step: 0.024 (last = 0.0091), fitness=-1795480679.560424328
13684.98 secs, 1757369 evals, 1757583 steps, improv/step: 0.024 (last = 0.0143), fitness=-1795480679.576254606
13714.98 secs, 1761304 evals, 1761519 steps, improv/step: 0.024 (last = 0.0155), fitness=-1795480679.635060310
13744.98 secs, 1765176 evals, 1765392 steps, improv/step: 0.024 (last = 0.0108), fitness=-1795480679.636767626
13774.99 secs, 1769090 evals, 1769310 steps, improv/step: 0.024 (last = 0.0176), fitness=-1795480679.660037518
13804.99 secs, 1772948 evals, 1773169 steps, improv/step: 0.024 (last = 0.0119), fitness=-1795480679.675163984
13834.99 secs, 1776791 evals, 1777014 steps, improv/step: 0.024 (last = 0.0101), fitness=-1795480679.676567554
13865.04 secs, 1780670 evals, 1780894 steps, improv/step: 0.024 (last = 0.0121), fitness=-1795480679.708280563
13895.04 secs, 1784609 evals, 1784833 steps, improv/step: 0.024 (last = 0.0119), fitness=-1795480679.733751535
13925.05 secs, 1788436 evals, 1788662 steps, improv/step: 0.024 (last = 0.0115), fitness=-1795480679.735260487
13955.05 secs, 1792367 evals, 1792593 steps, improv/step: 0.024 (last = 0.0120), fitness=-1795480679.767187357
13985.05 secs, 1796303 evals, 1796529 steps, improv/step: 0.024 (last = 0.0142), fitness=-1795480679.768701792
14015.06 secs, 1800259 evals, 1800486 steps, improv/step: 0.024 (last = 0.0116), fitness=-1795480679.786609173
14045.06 secs, 1804311 evals, 1804539 steps, improv/step: 0.024 (last = 0.0118), fitness=-1795480679.795509338
14075.07 secs, 1808323 evals, 1808552 steps, improv/step: 0.024 (last = 0.0107), fitness=-1795480679.814152479
14105.07 secs, 1812328 evals, 1812557 steps, improv/step: 0.024 (last = 0.0135), fitness=-1795480679.839797497
14135.08 secs, 1816309 evals, 1816538 steps, improv/step: 0.024 (last = 0.0100), fitness=-1795480679.846341133
14165.08 secs, 1820344 evals, 1820575 steps, improv/step: 0.024 (last = 0.0089), fitness=-1795480679.849507570
14195.10 secs, 1824285 evals, 1824517 steps, improv/step: 0.024 (last = 0.0129), fitness=-1795480679.873720407
14225.10 secs, 1828153 evals, 1828385 steps, improv/step: 0.024 (last = 0.0171), fitness=-1795480679.907245874
14255.10 secs, 1832208 evals, 1832440 steps, improv/step: 0.024 (last = 0.0128), fitness=-1795480679.929477453
14285.12 secs, 1836147 evals, 1836382 steps, improv/step: 0.024 (last = 0.0137), fitness=-1795480680.012287378
14315.19 secs, 1840074 evals, 1840310 steps, improv/step: 0.024 (last = 0.0135), fitness=-1795480680.037946701
14345.19 secs, 1844018 evals, 1844254 steps, improv/step: 0.024 (last = 0.0127), fitness=-1795480680.057734728
14375.20 secs, 1847992 evals, 1848229 steps, improv/step: 0.024 (last = 0.0131), fitness=-1795480680.064892292
14405.20 secs, 1852060 evals, 1852298 steps, improv/step: 0.024 (last = 0.0113), fitness=-1795480680.064892292
14435.27 secs, 1856114 evals, 1856356 steps, improv/step: 0.024 (last = 0.0103), fitness=-1795480680.094696999
14465.27 secs, 1860236 evals, 1860478 steps, improv/step: 0.024 (last = 0.0148), fitness=-1795480680.109053373
14495.35 secs, 1864300 evals, 1864543 steps, improv/step: 0.024 (last = 0.0098), fitness=-1795480680.119586706
14525.35 secs, 1868295 evals, 1868539 steps, improv/step: 0.024 (last = 0.0128), fitness=-1795480680.158702612
14555.35 secs, 1872319 evals, 1872564 steps, improv/step: 0.024 (last = 0.0137), fitness=-1795480680.158702612
14585.36 secs, 1876403 evals, 1876649 steps, improv/step: 0.024 (last = 0.0088), fitness=-1795480680.165054321
14615.36 secs, 1880356 evals, 1880602 steps, improv/step: 0.024 (last = 0.0061), fitness=-1795480680.176961184
14645.41 secs, 1884266 evals, 1884514 steps, improv/step: 0.024 (last = 0.0077), fitness=-1795480680.176961184
14675.41 secs, 1888332 evals, 1888582 steps, improv/step: 0.024 (last = 0.0084), fitness=-1795480680.203877211
14705.41 secs, 1892276 evals, 1892529 steps, improv/step: 0.024 (last = 0.0109), fitness=-1795480680.209482908
14735.42 secs, 1896063 evals, 1896316 steps, improv/step: 0.024 (last = 0.0084), fitness=-1795480680.214723349
14765.51 secs, 1900026 evals, 1900279 steps, improv/step: 0.023 (last = 0.0078), fitness=-1795480680.224666357
14795.51 secs, 1903848 evals, 1904102 steps, improv/step: 0.023 (last = 0.0092), fitness=-1795480680.231317997
14825.51 secs, 1907831 evals, 1908085 steps, improv/step: 0.023 (last = 0.0118), fitness=-1795480680.238353252
14855.52 secs, 1911696 evals, 1911952 steps, improv/step: 0.023 (last = 0.0096), fitness=-1795480680.251626492
14885.53 secs, 1915541 evals, 1915797 steps, improv/step: 0.023 (last = 0.0086), fitness=-1795480680.254951477
14915.53 secs, 1919385 evals, 1919641 steps, improv/step: 0.023 (last = 0.0083), fitness=-1795480680.274326324
14945.53 secs, 1923280 evals, 1923536 steps, improv/step: 0.023 (last = 0.0095), fitness=-1795480680.279699802
14975.53 secs, 1927209 evals, 1927465 steps, improv/step: 0.023 (last = 0.0109), fitness=-1795480680.297409773
15005.57 secs, 1931166 evals, 1931423 steps, improv/step: 0.023 (last = 0.0088), fitness=-1795480680.297409773
15035.58 secs, 1935115 evals, 1935373 steps, improv/step: 0.023 (last = 0.0096), fitness=-1795480680.316011667
15065.58 secs, 1939085 evals, 1939343 steps, improv/step: 0.023 (last = 0.0128), fitness=-1795480680.326465845
15095.58 secs, 1943023 evals, 1943284 steps, improv/step: 0.023 (last = 0.0071), fitness=-1795480680.332262754
15125.74 secs, 1946854 evals, 1947116 steps, improv/step: 0.023 (last = 0.0076), fitness=-1795480680.349485397
15155.74 secs, 1950686 evals, 1950951 steps, improv/step: 0.023 (last = 0.0104), fitness=-1795480680.354138613
15185.80 secs, 1954560 evals, 1954827 steps, improv/step: 0.023 (last = 0.0116), fitness=-1795480680.359507561
15215.80 secs, 1958544 evals, 1958812 steps, improv/step: 0.023 (last = 0.0090), fitness=-1795480680.365792274
15245.81 secs, 1962554 evals, 1962823 steps, improv/step: 0.023 (last = 0.0100), fitness=-1795480680.390694380
15275.81 secs, 1966478 evals, 1966747 steps, improv/step: 0.023 (last = 0.0076), fitness=-1795480680.390694380
15305.81 secs, 1970341 evals, 1970611 steps, improv/step: 0.023 (last = 0.0109), fitness=-1795480680.401639700
15335.81 secs, 1974343 evals, 1974613 steps, improv/step: 0.023 (last = 0.0075), fitness=-1795480680.401639700
15365.82 secs, 1978206 evals, 1978476 steps, improv/step: 0.023 (last = 0.0098), fitness=-1795480680.401639700
15395.82 secs, 1982271 evals, 1982541 steps, improv/step: 0.023 (last = 0.0098), fitness=-1795480680.407958984
15425.83 secs, 1986281 evals, 1986552 steps, improv/step: 0.023 (last = 0.0105), fitness=-1795480680.412493706
15455.83 secs, 1990135 evals, 1990408 steps, improv/step: 0.023 (last = 0.0137), fitness=-1795480680.441514492
15485.84 secs, 1993997 evals, 1994270 steps, improv/step: 0.023 (last = 0.0140), fitness=-1795480680.443898678
15515.84 secs, 1998072 evals, 1998346 steps, improv/step: 0.023 (last = 0.0101), fitness=-1795480680.447440147
15545.85 secs, 2002160 evals, 2002434 steps, improv/step: 0.023 (last = 0.0125), fitness=-1795480680.463218212
15575.85 secs, 2006215 evals, 2006491 steps, improv/step: 0.023 (last = 0.0099), fitness=-1795480680.474438429
15605.86 secs, 2010088 evals, 2010365 steps, improv/step: 0.023 (last = 0.0150), fitness=-1795480680.478595257
15635.86 secs, 2014150 evals, 2014427 steps, improv/step: 0.023 (last = 0.0143), fitness=-1795480680.488577604
15665.86 secs, 2018203 evals, 2018480 steps, improv/step: 0.023 (last = 0.0123), fitness=-1795480680.501106501
15695.86 secs, 2022122 evals, 2022401 steps, improv/step: 0.023 (last = 0.0122), fitness=-1795480680.509068012
15725.86 secs, 2026013 evals, 2026293 steps, improv/step: 0.023 (last = 0.0118), fitness=-1795480680.509245157
15755.86 secs, 2030041 evals, 2030323 steps, improv/step: 0.023 (last = 0.0124), fitness=-1795480680.521771431
15785.87 secs, 2033985 evals, 2034268 steps, improv/step: 0.023 (last = 0.0109), fitness=-1795480680.535785198
15815.94 secs, 2038151 evals, 2038436 steps, improv/step: 0.023 (last = 0.0096), fitness=-1795480680.545761585
15845.94 secs, 2042140 evals, 2042427 steps, improv/step: 0.023 (last = 0.0108), fitness=-1795480680.557074308
15875.94 secs, 2046038 evals, 2046325 steps, improv/step: 0.023 (last = 0.0077), fitness=-1795480680.563929796
15905.94 secs, 2050175 evals, 2050463 steps, improv/step: 0.023 (last = 0.0092), fitness=-1795480680.583302259
15935.95 secs, 2054180 evals, 2054468 steps, improv/step: 0.022 (last = 0.0115), fitness=-1795480680.586742878
15965.95 secs, 2058100 evals, 2058389 steps, improv/step: 0.022 (last = 0.0105), fitness=-1795480680.595425129
15995.96 secs, 2061987 evals, 2062276 steps, improv/step: 0.022 (last = 0.0118), fitness=-1795480680.598974943
16025.96 secs, 2065834 evals, 2066124 steps, improv/step: 0.022 (last = 0.0125), fitness=-1795480680.607620478
16055.97 secs, 2069770 evals, 2070061 steps, improv/step: 0.022 (last = 0.0119), fitness=-1795480680.615302801
16085.97 secs, 2073765 evals, 2074056 steps, improv/step: 0.022 (last = 0.0138), fitness=-1795480680.625581264
16115.99 secs, 2077627 evals, 2077919 steps, improv/step: 0.022 (last = 0.0145), fitness=-1795480680.643974304
16145.99 secs, 2081863 evals, 2082156 steps, improv/step: 0.022 (last = 0.0137), fitness=-1795480680.663270950
16176.00 secs, 2085946 evals, 2086239 steps, improv/step: 0.022 (last = 0.0127), fitness=-1795480680.663270950
16206.00 secs, 2089934 evals, 2090227 steps, improv/step: 0.022 (last = 0.0118), fitness=-1795480680.677273512
16236.00 secs, 2093887 evals, 2094180 steps, improv/step: 0.022 (last = 0.0111), fitness=-1795480680.685494900
16266.01 secs, 2097837 evals, 2098130 steps, improv/step: 0.022 (last = 0.0114), fitness=-1795480680.698481321
16296.01 secs, 2101692 evals, 2101985 steps, improv/step: 0.022 (last = 0.0075), fitness=-1795480680.708518744
16326.01 secs, 2105519 evals, 2105814 steps, improv/step: 0.022 (last = 0.0097), fitness=-1795480680.709086657
16356.01 secs, 2109460 evals, 2109755 steps, improv/step: 0.022 (last = 0.0122), fitness=-1795480680.728946447
16386.02 secs, 2113166 evals, 2113462 steps, improv/step: 0.022 (last = 0.0100), fitness=-1795480680.728946447
16416.02 secs, 2117074 evals, 2117371 steps, improv/step: 0.022 (last = 0.0105), fitness=-1795480680.731284142
16446.03 secs, 2120895 evals, 2121194 steps, improv/step: 0.022 (last = 0.0126), fitness=-1795480680.750056028
16476.03 secs, 2124843 evals, 2125142 steps, improv/step: 0.022 (last = 0.0109), fitness=-1795480680.755558491
16506.04 secs, 2128663 evals, 2128963 steps, improv/step: 0.022 (last = 0.0157), fitness=-1795480680.760277271
16536.04 secs, 2132523 evals, 2132823 steps, improv/step: 0.022 (last = 0.0155), fitness=-1795480680.779295921
16566.05 secs, 2136557 evals, 2136857 steps, improv/step: 0.022 (last = 0.0151), fitness=-1795480680.791025877
16596.06 secs, 2140289 evals, 2140590 steps, improv/step: 0.022 (last = 0.0123), fitness=-1795480680.806228399
16626.08 secs, 2144099 evals, 2144401 steps, improv/step: 0.022 (last = 0.0142), fitness=-1795480680.822878838
16656.08 secs, 2147919 evals, 2148222 steps, improv/step: 0.022 (last = 0.0202), fitness=-1795480680.833290100
16686.08 secs, 2151840 evals, 2152143 steps, improv/step: 0.022 (last = 0.0138), fitness=-1795480680.867213726
16716.09 secs, 2155756 evals, 2156059 steps, improv/step: 0.022 (last = 0.0123), fitness=-1795480680.878712177
16746.10 secs, 2159742 evals, 2160048 steps, improv/step: 0.022 (last = 0.0123), fitness=-1795480680.885272980
16776.10 secs, 2163641 evals, 2163947 steps, improv/step: 0.022 (last = 0.0162), fitness=-1795480680.910815477
16806.11 secs, 2167399 evals, 2167705 steps, improv/step: 0.022 (last = 0.0120), fitness=-1795480680.916612864
16836.12 secs, 2171031 evals, 2171337 steps, improv/step: 0.022 (last = 0.0110), fitness=-1795480680.926987886
16866.12 secs, 2174685 evals, 2174991 steps, improv/step: 0.022 (last = 0.0131), fitness=-1795480680.948012352
16896.12 secs, 2178617 evals, 2178924 steps, improv/step: 0.022 (last = 0.0127), fitness=-1795480680.981959343
16926.13 secs, 2182498 evals, 2182807 steps, improv/step: 0.022 (last = 0.0106), fitness=-1795480681.015058994
16956.13 secs, 2186313 evals, 2186625 steps, improv/step: 0.022 (last = 0.0144), fitness=-1795480681.022649527
16986.14 secs, 2190070 evals, 2190382 steps, improv/step: 0.022 (last = 0.0080), fitness=-1795480681.022649527
17016.14 secs, 2193753 evals, 2194065 steps, improv/step: 0.022 (last = 0.0106), fitness=-1795480681.046511650
17046.15 secs, 2197412 evals, 2197725 steps, improv/step: 0.022 (last = 0.0098), fitness=-1795480681.070839167
17076.15 secs, 2201219 evals, 2201533 steps, improv/step: 0.022 (last = 0.0121), fitness=-1795480681.070839167
17106.15 secs, 2205057 evals, 2205371 steps, improv/step: 0.022 (last = 0.0099), fitness=-1795480681.099088669
17136.16 secs, 2208902 evals, 2209219 steps, improv/step: 0.022 (last = 0.0135), fitness=-1795480681.111077309
17166.16 secs, 2212681 evals, 2213000 steps, improv/step: 0.022 (last = 0.0111), fitness=-1795480681.119863749
17196.16 secs, 2216416 evals, 2216735 steps, improv/step: 0.022 (last = 0.0118), fitness=-1795480681.119863749
17226.31 secs, 2220175 evals, 2220496 steps, improv/step: 0.022 (last = 0.0144), fitness=-1795480681.132822037
17256.32 secs, 2223896 evals, 2224218 steps, improv/step: 0.022 (last = 0.0110), fitness=-1795480681.142506599
17286.32 secs, 2227567 evals, 2227890 steps, improv/step: 0.022 (last = 0.0101), fitness=-1795480681.154584408
17316.37 secs, 2231278 evals, 2231601 steps, improv/step: 0.022 (last = 0.0110), fitness=-1795480681.171931982
17346.42 secs, 2235164 evals, 2235487 steps, improv/step: 0.022 (last = 0.0116), fitness=-1795480681.180037737
17376.42 secs, 2239014 evals, 2239337 steps, improv/step: 0.022 (last = 0.0114), fitness=-1795480681.208692789
17406.43 secs, 2242809 evals, 2243134 steps, improv/step: 0.022 (last = 0.0153), fitness=-1795480681.247879505
17436.43 secs, 2246548 evals, 2246873 steps, improv/step: 0.022 (last = 0.0091), fitness=-1795480681.256333113
17466.44 secs, 2250335 evals, 2250660 steps, improv/step: 0.022 (last = 0.0114), fitness=-1795480681.275064945
17496.44 secs, 2254048 evals, 2254373 steps, improv/step: 0.022 (last = 0.0110), fitness=-1795480681.287283182
17526.44 secs, 2257905 evals, 2258232 steps, improv/step: 0.022 (last = 0.0117), fitness=-1795480681.291063309
17556.44 secs, 2261754 evals, 2262085 steps, improv/step: 0.022 (last = 0.0112), fitness=-1795480681.297199249
17586.44 secs, 2265574 evals, 2265905 steps, improv/step: 0.022 (last = 0.0120), fitness=-1795480681.331259727
17616.51 secs, 2269377 evals, 2269708 steps, improv/step: 0.022 (last = 0.0108), fitness=-1795480681.352513552
17646.51 secs, 2273093 evals, 2273427 steps, improv/step: 0.021 (last = 0.0091), fitness=-1795480681.352513552
17676.53 secs, 2276859 evals, 2277194 steps, improv/step: 0.021 (last = 0.0088), fitness=-1795480681.354289532
17706.53 secs, 2280630 evals, 2280965 steps, improv/step: 0.021 (last = 0.0117), fitness=-1795480681.379417419
17736.54 secs, 2284314 evals, 2284649 steps, improv/step: 0.021 (last = 0.0117), fitness=-1795480681.387096167
17766.54 secs, 2288073 evals, 2288410 steps, improv/step: 0.021 (last = 0.0098), fitness=-1795480681.390481949
17796.54 secs, 2291926 evals, 2292263 steps, improv/step: 0.021 (last = 0.0106), fitness=-1795480681.407210350
17826.57 secs, 2295604 evals, 2295942 steps, improv/step: 0.021 (last = 0.0128), fitness=-1795480681.418919563
17856.58 secs, 2299473 evals, 2299812 steps, improv/step: 0.021 (last = 0.0134), fitness=-1795480681.432908535
17886.68 secs, 2303243 evals, 2303582 steps, improv/step: 0.021 (last = 0.0146), fitness=-1795480681.458786249
17916.70 secs, 2306923 evals, 2307262 steps, improv/step: 0.021 (last = 0.0109), fitness=-1795480681.465242147
17946.70 secs, 2310592 evals, 2310932 steps, improv/step: 0.021 (last = 0.0098), fitness=-1795480681.472515583
17976.73 secs, 2314362 evals, 2314702 steps, improv/step: 0.021 (last = 0.0119), fitness=-1795480681.493197680
18006.73 secs, 2318158 evals, 2318499 steps, improv/step: 0.021 (last = 0.0108), fitness=-1795480681.510167122
18036.74 secs, 2321873 evals, 2322214 steps, improv/step: 0.021 (last = 0.0148), fitness=-1795480681.514838696
18066.74 secs, 2325558 evals, 2325899 steps, improv/step: 0.021 (last = 0.0157), fitness=-1795480681.531239748
18096.74 secs, 2329237 evals, 2329578 steps, improv/step: 0.021 (last = 0.0128), fitness=-1795480681.551882982
18126.75 secs, 2332924 evals, 2333265 steps, improv/step: 0.021 (last = 0.0130), fitness=-1795480681.551882982
18156.95 secs, 2336653 evals, 2336994 steps, improv/step: 0.021 (last = 0.0097), fitness=-1795480681.552689552
18186.95 secs, 2340366 evals, 2340707 steps, improv/step: 0.021 (last = 0.0110), fitness=-1795480681.576269150
18216.96 secs, 2344329 evals, 2344670 steps, improv/step: 0.021 (last = 0.0101), fitness=-1795480681.576269150
18246.96 secs, 2348026 evals, 2348367 steps, improv/step: 0.021 (last = 0.0133), fitness=-1795480681.587851048
18276.96 secs, 2351830 evals, 2352171 steps, improv/step: 0.021 (last = 0.0092), fitness=-1795480681.588447332
18306.97 secs, 2355889 evals, 2356233 steps, improv/step: 0.021 (last = 0.0126), fitness=-1795480681.602407217
18336.97 secs, 2360052 evals, 2360399 steps, improv/step: 0.021 (last = 0.0115), fitness=-1795480681.604706526
18366.97 secs, 2364449 evals, 2364798 steps, improv/step: 0.021 (last = 0.0111), fitness=-1795480681.608844042
18397.11 secs, 2368926 evals, 2369276 steps, improv/step: 0.021 (last = 0.0103), fitness=-1795480681.612333775
18427.11 secs, 2373385 evals, 2373736 steps, improv/step: 0.021 (last = 0.0096), fitness=-1795480681.620134592
18457.12 secs, 2377870 evals, 2378222 steps, improv/step: 0.021 (last = 0.0091), fitness=-1795480681.624102592
18487.12 secs, 2382606 evals, 2382960 steps, improv/step: 0.021 (last = 0.0110), fitness=-1795480681.629980803
18517.12 secs, 2387317 evals, 2387673 steps, improv/step: 0.021 (last = 0.0123), fitness=-1795480681.642514229
18547.14 secs, 2391828 evals, 2392185 steps, improv/step: 0.021 (last = 0.0137), fitness=-1795480681.649833918
18577.15 secs, 2396477 evals, 2396834 steps, improv/step: 0.021 (last = 0.0110), fitness=-1795480681.659108162
18607.15 secs, 2401131 evals, 2401488 steps, improv/step: 0.021 (last = 0.0112), fitness=-1795480681.685812950
18637.16 secs, 2405666 evals, 2406024 steps, improv/step: 0.021 (last = 0.0121), fitness=-1795480681.690853119
18667.16 secs, 2410104 evals, 2410462 steps, improv/step: 0.021 (last = 0.0140), fitness=-1795480681.703677893
18697.16 secs, 2414830 evals, 2415190 steps, improv/step: 0.021 (last = 0.0140), fitness=-1795480681.719043016
18727.16 secs, 2419539 evals, 2419900 steps, improv/step: 0.021 (last = 0.0115), fitness=-1795480681.741097927
18757.17 secs, 2424306 evals, 2424668 steps, improv/step: 0.021 (last = 0.0078), fitness=-1795480681.742743015
18787.17 secs, 2429001 evals, 2429365 steps, improv/step: 0.021 (last = 0.0102), fitness=-1795480681.756156206
18817.17 secs, 2433577 evals, 2433942 steps, improv/step: 0.021 (last = 0.0101), fitness=-1795480681.774794579
18847.18 secs, 2438233 evals, 2438598 steps, improv/step: 0.021 (last = 0.0155), fitness=-1795480681.781542778
18877.19 secs, 2442961 evals, 2443328 steps, improv/step: 0.021 (last = 0.0133), fitness=-1795480681.804306746
18907.19 secs, 2447677 evals, 2448044 steps, improv/step: 0.021 (last = 0.0151), fitness=-1795480681.822854519
18937.19 secs, 2452316 evals, 2452684 steps, improv/step: 0.021 (last = 0.0095), fitness=-1795480681.831851482
18967.19 secs, 2457021 evals, 2457392 steps, improv/step: 0.021 (last = 0.0123), fitness=-1795480681.839706659
18997.19 secs, 2461537 evals, 2461909 steps, improv/step: 0.021 (last = 0.0168), fitness=-1795480681.852670193
19027.20 secs, 2466093 evals, 2466466 steps, improv/step: 0.021 (last = 0.0138), fitness=-1795480681.861719370
19057.20 secs, 2470770 evals, 2471144 steps, improv/step: 0.021 (last = 0.0135), fitness=-1795480681.873216867
19087.20 secs, 2475431 evals, 2475806 steps, improv/step: 0.021 (last = 0.0101), fitness=-1795480681.886201382
19117.20 secs, 2480179 evals, 2480554 steps, improv/step: 0.021 (last = 0.0122), fitness=-1795480681.913446426
19147.21 secs, 2484733 evals, 2485109 steps, improv/step: 0.021 (last = 0.0110), fitness=-1795480681.913446426
19177.21 secs, 2489378 evals, 2489756 steps, improv/step: 0.021 (last = 0.0099), fitness=-1795480681.913446426
19207.21 secs, 2493969 evals, 2494347 steps, improv/step: 0.021 (last = 0.0081), fitness=-1795480681.921788692
19237.22 secs, 2498526 evals, 2498905 steps, improv/step: 0.021 (last = 0.0094), fitness=-1795480681.930058002

Optimization stopped after 2500381 steps and 19246.39 seconds
Termination reason: Max number of function evaluations (2500000) reached
Steps per second = 129.91
Function evals per second = 129.89
Improvements/step = Inf
Total function evaluations = 2500001


Best candidate found: [80.7113, 91.4942, 15.5992, 4.94221, 1327.77, 86.1049, 133.512, 130.351, 6.44833, 1693.43, 3.68598e-5, 0.000368917, 0.00369332, 0.395685, 0.3958]

Fitness: -1795480681.930058002

-1.7954806819343107e9

[80.71133315763092, 91.49422430485824, 15.599168970180632, 4.942210061361963, 1327.7671651318963, 86.10493305106118, 133.51173407820582, 130.35078819349096, 6.448364872508293, 1693.4343924001055, 3.686533676629484e-5, 0.0003689091544160255, 0.0036933086502677877, 0.3956849847001931, 0.39580133913226995]

Script has finished
Wed Dec 22 02:46:55 CET 2021

------------------------------------------------------------
Sender: LSF System <schwan@makalu191>
Subject: Job 576413: <Julia_Job_parallel> in cluster <wuerfel> Done

Job <Julia_Job_parallel> was submitted from host <makalu56> by user <magr4985> in cluster <wuerfel> at Tue Dec 21 19:54:42 2021
Job was executed on host(s) <makalu191>, in queue <BatchXL>, as user <magr4985> in cluster <wuerfel> at Tue Dec 21 20:20:37 2021
</usr/scratch4/magr4985> was used as the home directory.
</usr/scratch4/magr4985/TRPL/BatchJobs/syn_data_4/Run25> was used as the working directory.
Started at Tue Dec 21 20:20:37 2021
Terminated at Wed Dec 22 02:46:55 2021
Results reported at Wed Dec 22 02:46:55 2021

Your job looked like:

------------------------------------------------------------
# LSBATCH: User input
#!/bin/csh 
#BSUB -q BatchXL 
#BSUB -R "mem > 8000 span[hosts=1] && intel_avx2" 
#BSUB -oo lsf_julia_%J.log 
#BSUB -eo lsf_julia_%J.err 
#BSUB -J Julia_Job_parallel 
#BSUB -L /bin/csh 
#BSUB -n 1 
date 
pwd 
module purge 
/usr/scratch4/magr4985/julia-1.6.2/bin/julia -t 4 /usr/scratch4/magr4985/TRPL/Programs/trpl_analysis_syn.jl 4 2500000 1 /usr/scratch4/magr4985/TRPL/BatchJobs/syn_data_4/Run25 1.0e-14 3600 "[1.0, 1.0, 1.0, 1.0, 1.0, 1.0, 1.0, 1.0, 1.0, 1.0, 1.0e-6, 1.0e-6, 1.0e-6, 1.0e-6, 1.0e-6, 1.0e-6, 1.0e-6, 1.0e-6, 1.0e-6, 1.0e-6]" "[5000.0, 5000.0, 1000.0, 1000.0, 1.0e9, 1000.0, 10000.0, 10000.0, 1000.0, 1.0e6, 1.0, 1.0, 1.0, 1.0, 1.0, 1.0, 1.0, 1.0, 1.0, 1.0]" 
date
------------------------------------------------------------

Successfully completed.

Resource usage summary:

    CPU time :                                   37492.09 sec.
    Max Memory :                                 1451.70 MB
    Average Memory :                             1173.79 MB
    Total Requested Memory :                     -
    Delta Memory :                               -
    Max Swap :                                   128 KB
    Max Processes :                              4
    Max Threads :                                12
    Run time :                                   23178 sec.
    Turnaround time :                            24733 sec.

The output (if any) is above this job summary.



PS:

Read file <lsf_julia_576413.err> for stderr output of this job.

