Warning: no access to tty (Bad file descriptor).
Thus no job control in this shell.
Warning: no access to tty (Bad file descriptor).
Thus no job control in this shell.
Tue Dec 21 20:17:19 CET 2021
/usr/scratch4/magr4985/TRPL/BatchJobs/syn_data_4/Run21
# Thread: 4
1778486925497114491 RNG Seed
Run 1
Starting optimization with optimizer DiffEvoOpt{FitPopulation{Float64}, RadiusLimitedSelector, BlackBoxOptim.DiffEvoRandBin{3}, RandomBound{ContinuousRectSearchSpace}}
0.00 secs, 0 evals, 0 steps
30.00 secs, 5389 evals, 5294 steps, improv/step: 0.286 (last = 0.2862), fitness=-1794237880.251548290
60.00 secs, 10539 evals, 10444 steps, improv/step: 0.189 (last = 0.0899), fitness=-1794854271.888283968
90.01 secs, 15994 evals, 15900 steps, improv/step: 0.157 (last = 0.0957), fitness=-1795038603.951802969
120.01 secs, 21414 evals, 21320 steps, improv/step: 0.145 (last = 0.1096), fitness=-1795211034.566535711
150.01 secs, 27081 evals, 26988 steps, improv/step: 0.136 (last = 0.1029), fitness=-1795302274.779405117
180.01 secs, 32583 evals, 32490 steps, improv/step: 0.130 (last = 0.1014), fitness=-1795347052.837637186
210.02 secs, 37289 evals, 37196 steps, improv/step: 0.128 (last = 0.1079), fitness=-1795355835.489050150
240.02 secs, 41552 evals, 41459 steps, improv/step: 0.124 (last = 0.0889), fitness=-1795359776.786047459
270.02 secs, 45205 evals, 45112 steps, improv/step: 0.120 (last = 0.0775), fitness=-1795362645.129595041
300.03 secs, 48922 evals, 48829 steps, improv/step: 0.117 (last = 0.0866), fitness=-1795367505.937091827
330.03 secs, 52729 evals, 52636 steps, improv/step: 0.115 (last = 0.0796), fitness=-1795370905.075126886
360.03 secs, 56786 evals, 56693 steps, improv/step: 0.112 (last = 0.0823), fitness=-1795375513.340434313
390.03 secs, 60362 evals, 60269 steps, improv/step: 0.110 (last = 0.0763), fitness=-1795378012.343392611
420.04 secs, 63921 evals, 63829 steps, improv/step: 0.107 (last = 0.0607), fitness=-1795379618.785581112
450.04 secs, 67521 evals, 67429 steps, improv/step: 0.105 (last = 0.0617), fitness=-1795380289.399871588
480.04 secs, 70915 evals, 70823 steps, improv/step: 0.102 (last = 0.0466), fitness=-1795380704.178008556
510.07 secs, 74373 evals, 74281 steps, improv/step: 0.100 (last = 0.0648), fitness=-1795381758.846168041
540.07 secs, 77818 evals, 77726 steps, improv/step: 0.098 (last = 0.0549), fitness=-1795383482.351937056
570.08 secs, 81295 evals, 81203 steps, improv/step: 0.096 (last = 0.0431), fitness=-1795390397.524885178
600.08 secs, 84521 evals, 84429 steps, improv/step: 0.094 (last = 0.0499), fitness=-1795391580.099234104
630.09 secs, 87899 evals, 87807 steps, improv/step: 0.093 (last = 0.0536), fitness=-1795391580.099234104
660.09 secs, 91362 evals, 91270 steps, improv/step: 0.091 (last = 0.0485), fitness=-1795391580.099234104
690.09 secs, 94751 evals, 94659 steps, improv/step: 0.090 (last = 0.0508), fitness=-1795398154.153466225
720.09 secs, 98116 evals, 98024 steps, improv/step: 0.088 (last = 0.0535), fitness=-1795433508.720787048
750.10 secs, 101559 evals, 101467 steps, improv/step: 0.087 (last = 0.0456), fitness=-1795433508.720787048
780.10 secs, 104915 evals, 104823 steps, improv/step: 0.086 (last = 0.0459), fitness=-1795439027.406466722
810.11 secs, 108295 evals, 108203 steps, improv/step: 0.084 (last = 0.0473), fitness=-1795439027.406466722
840.12 secs, 111730 evals, 111638 steps, improv/step: 0.083 (last = 0.0384), fitness=-1795442849.655357599
870.13 secs, 115146 evals, 115054 steps, improv/step: 0.082 (last = 0.0386), fitness=-1795442849.655357599
900.14 secs, 118578 evals, 118486 steps, improv/step: 0.080 (last = 0.0414), fitness=-1795443084.648761272
930.14 secs, 121963 evals, 121871 steps, improv/step: 0.079 (last = 0.0331), fitness=-1795451027.486997843
960.15 secs, 125395 evals, 125303 steps, improv/step: 0.079 (last = 0.0568), fitness=-1795458857.504053116
990.20 secs, 128814 evals, 128722 steps, improv/step: 0.079 (last = 0.0915), fitness=-1795463229.983500004
1020.20 secs, 132330 evals, 132238 steps, improv/step: 0.079 (last = 0.0910), fitness=-1795468469.327722311
1050.25 secs, 135811 evals, 135719 steps, improv/step: 0.079 (last = 0.0715), fitness=-1795471789.068301439
1080.26 secs, 139370 evals, 139278 steps, improv/step: 0.078 (last = 0.0537), fitness=-1795472435.881350517
1110.26 secs, 143236 evals, 143144 steps, improv/step: 0.078 (last = 0.0535), fitness=-1795473749.777126312
1140.26 secs, 147022 evals, 146930 steps, improv/step: 0.077 (last = 0.0441), fitness=-1795474887.437105656
1170.27 secs, 150713 evals, 150621 steps, improv/step: 0.076 (last = 0.0520), fitness=-1795475748.662381172
1200.27 secs, 154411 evals, 154319 steps, improv/step: 0.075 (last = 0.0354), fitness=-1795476464.621451855
1230.28 secs, 158173 evals, 158081 steps, improv/step: 0.075 (last = 0.0529), fitness=-1795477099.782429218
1260.28 secs, 161851 evals, 161759 steps, improv/step: 0.074 (last = 0.0468), fitness=-1795477606.660194874
1290.28 secs, 165659 evals, 165568 steps, improv/step: 0.074 (last = 0.0543), fitness=-1795478049.074743271
1320.28 secs, 169341 evals, 169251 steps, improv/step: 0.073 (last = 0.0481), fitness=-1795478555.096194267
1350.29 secs, 172976 evals, 172886 steps, improv/step: 0.072 (last = 0.0319), fitness=-1795478731.318640709
1380.29 secs, 176673 evals, 176583 steps, improv/step: 0.071 (last = 0.0341), fitness=-1795478933.316412210
1410.30 secs, 180575 evals, 180485 steps, improv/step: 0.071 (last = 0.0369), fitness=-1795479238.226830721
1440.30 secs, 184366 evals, 184276 steps, improv/step: 0.070 (last = 0.0351), fitness=-1795479435.643544674
1470.38 secs, 188046 evals, 187957 steps, improv/step: 0.069 (last = 0.0451), fitness=-1795479599.803844690
1500.40 secs, 191670 evals, 191581 steps, improv/step: 0.069 (last = 0.0621), fitness=-1795479765.924214602
1530.40 secs, 195388 evals, 195299 steps, improv/step: 0.069 (last = 0.0508), fitness=-1795479816.536394835
1560.43 secs, 199208 evals, 199119 steps, improv/step: 0.068 (last = 0.0408), fitness=-1795479949.521215439
1590.49 secs, 203076 evals, 202988 steps, improv/step: 0.068 (last = 0.0406), fitness=-1795480017.577821493
1620.49 secs, 206813 evals, 206726 steps, improv/step: 0.067 (last = 0.0342), fitness=-1795480133.822090387
1650.50 secs, 210600 evals, 210513 steps, improv/step: 0.067 (last = 0.0290), fitness=-1795480182.059401989
1680.51 secs, 214435 evals, 214349 steps, improv/step: 0.066 (last = 0.0282), fitness=-1795480238.938842058
1710.58 secs, 218170 evals, 218084 steps, improv/step: 0.065 (last = 0.0356), fitness=-1795480299.012219906
1740.58 secs, 221934 evals, 221848 steps, improv/step: 0.065 (last = 0.0324), fitness=-1795480332.224232674
1770.58 secs, 225838 evals, 225753 steps, improv/step: 0.064 (last = 0.0374), fitness=-1795480401.339551210
1800.65 secs, 229567 evals, 229483 steps, improv/step: 0.064 (last = 0.0303), fitness=-1795480412.096832275
1830.65 secs, 233480 evals, 233397 steps, improv/step: 0.063 (last = 0.0291), fitness=-1795480441.886033297
1860.66 secs, 237337 evals, 237255 steps, improv/step: 0.062 (last = 0.0168), fitness=-1795480449.605087996
1890.66 secs, 241090 evals, 241009 steps, improv/step: 0.062 (last = 0.0229), fitness=-1795480469.580684423
1920.66 secs, 244730 evals, 244651 steps, improv/step: 0.061 (last = 0.0233), fitness=-1795480491.340344429
1950.67 secs, 248552 evals, 248473 steps, improv/step: 0.061 (last = 0.0254), fitness=-1795480518.003491640
1980.68 secs, 252340 evals, 252261 steps, improv/step: 0.060 (last = 0.0333), fitness=-1795480544.107306480
2010.68 secs, 256258 evals, 256179 steps, improv/step: 0.060 (last = 0.0225), fitness=-1795480561.541242599
2040.68 secs, 260228 evals, 260151 steps, improv/step: 0.059 (last = 0.0239), fitness=-1795480589.923886776
2070.69 secs, 264100 evals, 264024 steps, improv/step: 0.059 (last = 0.0325), fitness=-1795480610.891171694
2100.69 secs, 267793 evals, 267717 steps, improv/step: 0.058 (last = 0.0355), fitness=-1795480623.341040373
2130.71 secs, 271658 evals, 271582 steps, improv/step: 0.058 (last = 0.0298), fitness=-1795480632.012640476
2160.71 secs, 275542 evals, 275466 steps, improv/step: 0.058 (last = 0.0288), fitness=-1795480642.184323549
2190.71 secs, 279533 evals, 279458 steps, improv/step: 0.057 (last = 0.0376), fitness=-1795480649.032264948
2220.72 secs, 283587 evals, 283513 steps, improv/step: 0.057 (last = 0.0427), fitness=-1795480660.642037630
2250.72 secs, 287428 evals, 287355 steps, improv/step: 0.057 (last = 0.0383), fitness=-1795480660.881665230
2280.72 secs, 291252 evals, 291180 steps, improv/step: 0.057 (last = 0.0342), fitness=-1795480666.969022512
2310.76 secs, 295060 evals, 294989 steps, improv/step: 0.056 (last = 0.0263), fitness=-1795480671.912344217
2340.76 secs, 298822 evals, 298751 steps, improv/step: 0.056 (last = 0.0218), fitness=-1795480671.912344217
2370.76 secs, 302686 evals, 302615 steps, improv/step: 0.055 (last = 0.0230), fitness=-1795480672.255346775
2400.76 secs, 306397 evals, 306327 steps, improv/step: 0.055 (last = 0.0269), fitness=-1795480673.309060097
2430.76 secs, 310302 evals, 310232 steps, improv/step: 0.055 (last = 0.0246), fitness=-1795480675.266768456
2460.77 secs, 314132 evals, 314063 steps, improv/step: 0.054 (last = 0.0227), fitness=-1795480675.321029425
2490.77 secs, 318038 evals, 317969 steps, improv/step: 0.054 (last = 0.0448), fitness=-1795480676.205356121
2520.77 secs, 321873 evals, 321804 steps, improv/step: 0.054 (last = 0.0412), fitness=-1795480677.235300303
2550.77 secs, 325770 evals, 325701 steps, improv/step: 0.054 (last = 0.0328), fitness=-1795480677.950767040
2580.78 secs, 329631 evals, 329563 steps, improv/step: 0.054 (last = 0.0427), fitness=-1795480678.634491444
2610.79 secs, 333493 evals, 333425 steps, improv/step: 0.053 (last = 0.0378), fitness=-1795480678.912326574
2640.79 secs, 337489 evals, 337421 steps, improv/step: 0.053 (last = 0.0415), fitness=-1795480679.051282167
2670.80 secs, 341354 evals, 341286 steps, improv/step: 0.053 (last = 0.0396), fitness=-1795480679.124952555
2700.81 secs, 345140 evals, 345072 steps, improv/step: 0.053 (last = 0.0444), fitness=-1795480679.188571215
2730.81 secs, 349038 evals, 348970 steps, improv/step: 0.053 (last = 0.0454), fitness=-1795480679.309162855
2760.82 secs, 352726 evals, 352658 steps, improv/step: 0.053 (last = 0.0434), fitness=-1795480679.395475388
2790.82 secs, 356527 evals, 356459 steps, improv/step: 0.053 (last = 0.0297), fitness=-1795480679.418498516
2820.88 secs, 360326 evals, 360258 steps, improv/step: 0.052 (last = 0.0353), fitness=-1795480679.484252930
2850.89 secs, 364192 evals, 364124 steps, improv/step: 0.052 (last = 0.0285), fitness=-1795480679.535074472
2880.89 secs, 368016 evals, 367948 steps, improv/step: 0.052 (last = 0.0350), fitness=-1795480679.578326225
2910.90 secs, 371798 evals, 371730 steps, improv/step: 0.052 (last = 0.0349), fitness=-1795480679.622271538
2940.90 secs, 375661 evals, 375593 steps, improv/step: 0.052 (last = 0.0337), fitness=-1795480679.679426193
2970.91 secs, 379497 evals, 379429 steps, improv/step: 0.051 (last = 0.0276), fitness=-1795480679.702368259
3000.91 secs, 383347 evals, 383279 steps, improv/step: 0.051 (last = 0.0294), fitness=-1795480679.720035315
3030.92 secs, 387407 evals, 387340 steps, improv/step: 0.051 (last = 0.0347), fitness=-1795480679.751236677
3060.92 secs, 391386 evals, 391319 steps, improv/step: 0.051 (last = 0.0307), fitness=-1795480679.772625923
3090.92 secs, 395352 evals, 395285 steps, improv/step: 0.051 (last = 0.0252), fitness=-1795480679.790899277
3120.92 secs, 399292 evals, 399225 steps, improv/step: 0.050 (last = 0.0320), fitness=-1795480679.818493366
3150.92 secs, 403200 evals, 403134 steps, improv/step: 0.050 (last = 0.0335), fitness=-1795480679.833087444
3180.93 secs, 407013 evals, 406948 steps, improv/step: 0.050 (last = 0.0273), fitness=-1795480679.834528446
3210.93 secs, 410842 evals, 410778 steps, improv/step: 0.050 (last = 0.0311), fitness=-1795480679.840886354
3240.93 secs, 414759 evals, 414695 steps, improv/step: 0.050 (last = 0.0301), fitness=-1795480679.849383831
3270.94 secs, 418569 evals, 418509 steps, improv/step: 0.049 (last = 0.0338), fitness=-1795480679.857026577
3300.94 secs, 422212 evals, 422152 steps, improv/step: 0.049 (last = 0.0294), fitness=-1795480679.862045765
3330.94 secs, 425949 evals, 425890 steps, improv/step: 0.049 (last = 0.0249), fitness=-1795480679.865113735
3360.95 secs, 429722 evals, 429664 steps, improv/step: 0.049 (last = 0.0291), fitness=-1795480679.869031429
3390.95 secs, 433562 evals, 433505 steps, improv/step: 0.049 (last = 0.0185), fitness=-1795480679.872315168
3420.95 secs, 437385 evals, 437328 steps, improv/step: 0.048 (last = 0.0209), fitness=-1795480679.877232790
3450.99 secs, 441293 evals, 441236 steps, improv/step: 0.048 (last = 0.0215), fitness=-1795480679.879172325
3480.99 secs, 445126 evals, 445071 steps, improv/step: 0.048 (last = 0.0159), fitness=-1795480679.880406857
3510.99 secs, 448895 evals, 448840 steps, improv/step: 0.048 (last = 0.0194), fitness=-1795480679.880955935
3540.99 secs, 452771 evals, 452717 steps, improv/step: 0.047 (last = 0.0196), fitness=-1795480679.881433010
3570.99 secs, 456556 evals, 456502 steps, improv/step: 0.047 (last = 0.0209), fitness=-1795480679.882070780
3600.99 secs, 460450 evals, 460396 steps, improv/step: 0.047 (last = 0.0241), fitness=-1795480679.882836580
3631.00 secs, 464224 evals, 464170 steps, improv/step: 0.047 (last = 0.0199), fitness=-1795480679.883227348
3661.00 secs, 468086 evals, 468032 steps, improv/step: 0.047 (last = 0.0246), fitness=-1795480679.883614063
3691.02 secs, 471847 evals, 471793 steps, improv/step: 0.046 (last = 0.0234), fitness=-1795480679.884103775
3721.03 secs, 475594 evals, 475540 steps, improv/step: 0.046 (last = 0.0248), fitness=-1795480679.884374857
3751.03 secs, 479338 evals, 479284 steps, improv/step: 0.046 (last = 0.0174), fitness=-1795480679.884403467
3781.04 secs, 483009 evals, 482956 steps, improv/step: 0.046 (last = 0.0335), fitness=-1795480679.885046005
3811.04 secs, 486763 evals, 486711 steps, improv/step: 0.046 (last = 0.0386), fitness=-1795480679.885924339
3841.04 secs, 490547 evals, 490495 steps, improv/step: 0.046 (last = 0.0375), fitness=-1795480679.886960506
3871.04 secs, 494555 evals, 494503 steps, improv/step: 0.046 (last = 0.0332), fitness=-1795480679.888161421
3901.04 secs, 498485 evals, 498435 steps, improv/step: 0.046 (last = 0.0323), fitness=-1795480679.890814543
3931.05 secs, 502373 evals, 502323 steps, improv/step: 0.045 (last = 0.0340), fitness=-1795480679.893077850
3961.05 secs, 506221 evals, 506172 steps, improv/step: 0.045 (last = 0.0252), fitness=-1795480679.895414352
3991.08 secs, 509943 evals, 509896 steps, improv/step: 0.045 (last = 0.0287), fitness=-1795480679.898392200
4021.09 secs, 513702 evals, 513655 steps, improv/step: 0.045 (last = 0.0274), fitness=-1795480679.903630257
4051.16 secs, 517423 evals, 517376 steps, improv/step: 0.045 (last = 0.0282), fitness=-1795480679.905395269
4081.17 secs, 521222 evals, 521175 steps, improv/step: 0.045 (last = 0.0250), fitness=-1795480679.907212257
4111.18 secs, 524987 evals, 524940 steps, improv/step: 0.045 (last = 0.0215), fitness=-1795480679.911030054
4141.18 secs, 528689 evals, 528642 steps, improv/step: 0.044 (last = 0.0254), fitness=-1795480679.914007664
4171.18 secs, 532438 evals, 532392 steps, improv/step: 0.044 (last = 0.0213), fitness=-1795480679.919911861
4201.19 secs, 536250 evals, 536204 steps, improv/step: 0.044 (last = 0.0249), fitness=-1795480679.921536922
4231.19 secs, 539905 evals, 539861 steps, improv/step: 0.044 (last = 0.0260), fitness=-1795480679.926935196
4261.28 secs, 543705 evals, 543661 steps, improv/step: 0.044 (last = 0.0247), fitness=-1795480679.931438446
4291.28 secs, 547648 evals, 547604 steps, improv/step: 0.044 (last = 0.0183), fitness=-1795480679.934232473
4321.29 secs, 551576 evals, 551533 steps, improv/step: 0.044 (last = 0.0232), fitness=-1795480679.946938515
4351.29 secs, 555285 evals, 555243 steps, improv/step: 0.043 (last = 0.0173), fitness=-1795480679.952028275
4381.29 secs, 559024 evals, 558983 steps, improv/step: 0.043 (last = 0.0126), fitness=-1795480679.952028275
4411.29 secs, 562807 evals, 562766 steps, improv/step: 0.043 (last = 0.0222), fitness=-1795480679.959311962
4441.33 secs, 566519 evals, 566481 steps, improv/step: 0.043 (last = 0.0234), fitness=-1795480679.963992596
4471.33 secs, 570302 evals, 570264 steps, improv/step: 0.043 (last = 0.0270), fitness=-1795480679.970428944
4501.34 secs, 574051 evals, 574014 steps, improv/step: 0.043 (last = 0.0245), fitness=-1795480679.972878456
4531.34 secs, 577783 evals, 577746 steps, improv/step: 0.043 (last = 0.0276), fitness=-1795480679.978707552
4561.40 secs, 581539 evals, 581502 steps, improv/step: 0.042 (last = 0.0226), fitness=-1795480679.983586311
4591.40 secs, 585300 evals, 585264 steps, improv/step: 0.042 (last = 0.0237), fitness=-1795480679.988399029
4621.41 secs, 589090 evals, 589054 steps, improv/step: 0.042 (last = 0.0185), fitness=-1795480679.991543531
4651.41 secs, 592855 evals, 592819 steps, improv/step: 0.042 (last = 0.0157), fitness=-1795480679.999736786
4681.42 secs, 596569 evals, 596534 steps, improv/step: 0.042 (last = 0.0210), fitness=-1795480680.004992723
4711.42 secs, 600296 evals, 600262 steps, improv/step: 0.042 (last = 0.0148), fitness=-1795480680.011651039
4741.42 secs, 604101 evals, 604068 steps, improv/step: 0.042 (last = 0.0168), fitness=-1795480680.016275644
4771.42 secs, 607884 evals, 607854 steps, improv/step: 0.041 (last = 0.0182), fitness=-1795480680.026530027
4801.42 secs, 611606 evals, 611576 steps, improv/step: 0.041 (last = 0.0142), fitness=-1795480680.032343864
4831.43 secs, 615324 evals, 615295 steps, improv/step: 0.041 (last = 0.0177), fitness=-1795480680.052146673
4861.43 secs, 619064 evals, 619037 steps, improv/step: 0.041 (last = 0.0152), fitness=-1795480680.058802843
4891.44 secs, 622753 evals, 622726 steps, improv/step: 0.041 (last = 0.0201), fitness=-1795480680.084830999
4921.49 secs, 626451 evals, 626426 steps, improv/step: 0.041 (last = 0.0103), fitness=-1795480680.088995934
4951.56 secs, 630215 evals, 630194 steps, improv/step: 0.040 (last = 0.0090), fitness=-1795480680.130116463
4981.56 secs, 633878 evals, 633859 steps, improv/step: 0.040 (last = 0.0117), fitness=-1795480680.141557455
5011.73 secs, 637596 evals, 637578 steps, improv/step: 0.040 (last = 0.0097), fitness=-1795480680.146759510
5041.93 secs, 641370 evals, 641353 steps, improv/step: 0.040 (last = 0.0111), fitness=-1795480680.173180103
5071.93 secs, 645150 evals, 645134 steps, improv/step: 0.040 (last = 0.0132), fitness=-1795480680.207094193
5101.93 secs, 648859 evals, 648844 steps, improv/step: 0.040 (last = 0.0135), fitness=-1795480680.218646765
5131.93 secs, 652616 evals, 652603 steps, improv/step: 0.040 (last = 0.0120), fitness=-1795480680.234893322
5161.94 secs, 656435 evals, 656423 steps, improv/step: 0.039 (last = 0.0113), fitness=-1795480680.254966736
5191.94 secs, 660158 evals, 660146 steps, improv/step: 0.039 (last = 0.0164), fitness=-1795480680.279219627
5221.94 secs, 663921 evals, 663911 steps, improv/step: 0.039 (last = 0.0135), fitness=-1795480680.297111750
5251.94 secs, 667706 evals, 667696 steps, improv/step: 0.039 (last = 0.0114), fitness=-1795480680.315812111
5281.95 secs, 671578 evals, 671568 steps, improv/step: 0.039 (last = 0.0142), fitness=-1795480680.321415901
5311.95 secs, 675538 evals, 675529 steps, improv/step: 0.039 (last = 0.0091), fitness=-1795480680.341382980
5341.95 secs, 679334 evals, 679326 steps, improv/step: 0.038 (last = 0.0124), fitness=-1795480680.341382980
5371.95 secs, 683184 evals, 683176 steps, improv/step: 0.038 (last = 0.0096), fitness=-1795480680.354895830
5401.95 secs, 686921 evals, 686913 steps, improv/step: 0.038 (last = 0.0075), fitness=-1795480680.354895830
5431.96 secs, 690486 evals, 690479 steps, improv/step: 0.038 (last = 0.0081), fitness=-1795480680.364794970
5461.96 secs, 694076 evals, 694069 steps, improv/step: 0.038 (last = 0.0095), fitness=-1795480680.382381678
5491.98 secs, 697834 evals, 697827 steps, improv/step: 0.038 (last = 0.0128), fitness=-1795480680.411422253
5522.03 secs, 701731 evals, 701724 steps, improv/step: 0.038 (last = 0.0113), fitness=-1795480680.418516874
5552.04 secs, 705544 evals, 705539 steps, improv/step: 0.037 (last = 0.0121), fitness=-1795480680.434811592
5582.06 secs, 709342 evals, 709337 steps, improv/step: 0.037 (last = 0.0129), fitness=-1795480680.483984470
5612.06 secs, 713080 evals, 713077 steps, improv/step: 0.037 (last = 0.0136), fitness=-1795480680.511526346
5642.07 secs, 716701 evals, 716698 steps, improv/step: 0.037 (last = 0.0138), fitness=-1795480680.549881458
5672.08 secs, 720438 evals, 720435 steps, improv/step: 0.037 (last = 0.0136), fitness=-1795480680.583774567
5702.11 secs, 724125 evals, 724127 steps, improv/step: 0.037 (last = 0.0130), fitness=-1795480680.593315840
5732.12 secs, 728045 evals, 728047 steps, improv/step: 0.037 (last = 0.0120), fitness=-1795480680.616710424
5762.12 secs, 731985 evals, 731987 steps, improv/step: 0.036 (last = 0.0079), fitness=-1795480680.630839825
5792.12 secs, 735955 evals, 735958 steps, improv/step: 0.036 (last = 0.0106), fitness=-1795480680.630839825
5822.12 secs, 739832 evals, 739837 steps, improv/step: 0.036 (last = 0.0080), fitness=-1795480680.636400223
5852.13 secs, 743691 evals, 743696 steps, improv/step: 0.036 (last = 0.0070), fitness=-1795480680.641999006
5882.13 secs, 747461 evals, 747466 steps, improv/step: 0.036 (last = 0.0103), fitness=-1795480680.658165932
5912.13 secs, 751293 evals, 751300 steps, improv/step: 0.036 (last = 0.0076), fitness=-1795480680.666646719
5942.13 secs, 755092 evals, 755100 steps, improv/step: 0.036 (last = 0.0113), fitness=-1795480680.666684151
5972.13 secs, 758951 evals, 758959 steps, improv/step: 0.036 (last = 0.0109), fitness=-1795480680.692149401
6002.13 secs, 762799 evals, 762809 steps, improv/step: 0.035 (last = 0.0101), fitness=-1795480680.693881512
6032.13 secs, 766562 evals, 766572 steps, improv/step: 0.035 (last = 0.0136), fitness=-1795480680.711119652
6062.13 secs, 770408 evals, 770419 steps, improv/step: 0.035 (last = 0.0138), fitness=-1795480680.754733801
6092.16 secs, 774204 evals, 774217 steps, improv/step: 0.035 (last = 0.0134), fitness=-1795480680.775876999
6122.17 secs, 778025 evals, 778038 steps, improv/step: 0.035 (last = 0.0113), fitness=-1795480680.784946442
6152.17 secs, 781940 evals, 781953 steps, improv/step: 0.035 (last = 0.0100), fitness=-1795480680.798891068
6182.18 secs, 785714 evals, 785728 steps, improv/step: 0.035 (last = 0.0130), fitness=-1795480680.809461832
6212.18 secs, 789511 evals, 789525 steps, improv/step: 0.035 (last = 0.0103), fitness=-1795480680.831205845
6242.19 secs, 793356 evals, 793371 steps, improv/step: 0.035 (last = 0.0135), fitness=-1795480680.831205845
6272.20 secs, 797208 evals, 797224 steps, improv/step: 0.034 (last = 0.0117), fitness=-1795480680.847891331
6302.20 secs, 801121 evals, 801138 steps, improv/step: 0.034 (last = 0.0102), fitness=-1795480680.854050159
6332.20 secs, 804988 evals, 805005 steps, improv/step: 0.034 (last = 0.0109), fitness=-1795480680.858838320
6362.25 secs, 808729 evals, 808747 steps, improv/step: 0.034 (last = 0.0080), fitness=-1795480680.875092983
6392.26 secs, 812583 evals, 812601 steps, improv/step: 0.034 (last = 0.0112), fitness=-1795480680.895057678
6422.34 secs, 816338 evals, 816356 steps, improv/step: 0.034 (last = 0.0101), fitness=-1795480680.897315025
6452.34 secs, 820252 evals, 820272 steps, improv/step: 0.034 (last = 0.0084), fitness=-1795480680.909641027
6482.35 secs, 824109 evals, 824129 steps, improv/step: 0.034 (last = 0.0127), fitness=-1795480680.922713041
6512.35 secs, 827848 evals, 827872 steps, improv/step: 0.034 (last = 0.0144), fitness=-1795480680.929159641
6542.35 secs, 831641 evals, 831665 steps, improv/step: 0.033 (last = 0.0148), fitness=-1795480680.952109098
6572.36 secs, 835476 evals, 835500 steps, improv/step: 0.033 (last = 0.0125), fitness=-1795480680.959935665
6602.39 secs, 839242 evals, 839266 steps, improv/step: 0.033 (last = 0.0143), fitness=-1795480680.978802204
6632.39 secs, 843036 evals, 843060 steps, improv/step: 0.033 (last = 0.0100), fitness=-1795480681.057512522
6662.39 secs, 846979 evals, 847003 steps, improv/step: 0.033 (last = 0.0175), fitness=-1795480681.111299276
6692.45 secs, 850782 evals, 850807 steps, improv/step: 0.033 (last = 0.0121), fitness=-1795480681.111299276
6722.49 secs, 854579 evals, 854605 steps, improv/step: 0.033 (last = 0.0121), fitness=-1795480681.111299276
6752.49 secs, 858315 evals, 858341 steps, improv/step: 0.033 (last = 0.0179), fitness=-1795480681.127448082
6782.49 secs, 862007 evals, 862033 steps, improv/step: 0.033 (last = 0.0141), fitness=-1795480681.168713331
6812.50 secs, 865743 evals, 865769 steps, improv/step: 0.033 (last = 0.0142), fitness=-1795480681.212164879
6842.50 secs, 869517 evals, 869544 steps, improv/step: 0.033 (last = 0.0130), fitness=-1795480681.247640133
6872.51 secs, 873245 evals, 873274 steps, improv/step: 0.033 (last = 0.0139), fitness=-1795480681.256271839
6902.51 secs, 876991 evals, 877024 steps, improv/step: 0.032 (last = 0.0160), fitness=-1795480681.343682289
6932.51 secs, 880676 evals, 880710 steps, improv/step: 0.032 (last = 0.0122), fitness=-1795480681.371793985
6962.53 secs, 884410 evals, 884444 steps, improv/step: 0.032 (last = 0.0096), fitness=-1795480681.385649204
6992.53 secs, 888125 evals, 888159 steps, improv/step: 0.032 (last = 0.0148), fitness=-1795480681.463211775
7022.53 secs, 891823 evals, 891858 steps, improv/step: 0.032 (last = 0.0111), fitness=-1795480681.483985662
7052.54 secs, 895651 evals, 895686 steps, improv/step: 0.032 (last = 0.0138), fitness=-1795480681.532774210
7082.54 secs, 899406 evals, 899444 steps, improv/step: 0.032 (last = 0.0130), fitness=-1795480681.561595917
7112.54 secs, 903234 evals, 903272 steps, improv/step: 0.032 (last = 0.0128), fitness=-1795480681.626863718
7142.55 secs, 907132 evals, 907170 steps, improv/step: 0.032 (last = 0.0105), fitness=-1795480681.626916409
7172.59 secs, 910841 evals, 910879 steps, improv/step: 0.032 (last = 0.0143), fitness=-1795480681.647461653
7202.59 secs, 914513 evals, 914552 steps, improv/step: 0.032 (last = 0.0128), fitness=-1795480681.664495230
7232.60 secs, 918612 evals, 918651 steps, improv/step: 0.032 (last = 0.0102), fitness=-1795480681.677973032
7262.61 secs, 922552 evals, 922592 steps, improv/step: 0.031 (last = 0.0094), fitness=-1795480681.685911179
7292.61 secs, 926560 evals, 926600 steps, improv/step: 0.031 (last = 0.0107), fitness=-1795480681.721092224
7322.62 secs, 930371 evals, 930411 steps, improv/step: 0.031 (last = 0.0113), fitness=-1795480681.739645481
7352.62 secs, 934273 evals, 934313 steps, improv/step: 0.031 (last = 0.0097), fitness=-1795480681.802719831
7382.63 secs, 938008 evals, 938050 steps, improv/step: 0.031 (last = 0.0126), fitness=-1795480681.802719831
7412.63 secs, 941809 evals, 941852 steps, improv/step: 0.031 (last = 0.0113), fitness=-1795480681.835568905
7442.70 secs, 945679 evals, 945724 steps, improv/step: 0.031 (last = 0.0101), fitness=-1795480681.835568905
7472.70 secs, 949530 evals, 949575 steps, improv/step: 0.031 (last = 0.0109), fitness=-1795480681.843213081
7502.73 secs, 953354 evals, 953400 steps, improv/step: 0.031 (last = 0.0068), fitness=-1795480681.875259876
7532.74 secs, 957153 evals, 957200 steps, improv/step: 0.031 (last = 0.0100), fitness=-1795480681.913658857
7562.74 secs, 960984 evals, 961031 steps, improv/step: 0.031 (last = 0.0131), fitness=-1795480681.962015390
7592.78 secs, 964846 evals, 964894 steps, improv/step: 0.031 (last = 0.0166), fitness=-1795480682.026217222
7622.78 secs, 968704 evals, 968753 steps, improv/step: 0.030 (last = 0.0111), fitness=-1795480682.026217222
7652.80 secs, 972619 evals, 972669 steps, improv/step: 0.030 (last = 0.0105), fitness=-1795480682.033554316
7682.80 secs, 976416 evals, 976466 steps, improv/step: 0.030 (last = 0.0111), fitness=-1795480682.053113222
7712.81 secs, 980181 evals, 980234 steps, improv/step: 0.030 (last = 0.0127), fitness=-1795480682.079115868
7742.81 secs, 983914 evals, 983969 steps, improv/step: 0.030 (last = 0.0126), fitness=-1795480682.138914347
7772.81 secs, 987657 evals, 987712 steps, improv/step: 0.030 (last = 0.0190), fitness=-1795480682.150277138
7802.81 secs, 991410 evals, 991467 steps, improv/step: 0.030 (last = 0.0128), fitness=-1795480682.150277138
7832.82 secs, 995144 evals, 995203 steps, improv/step: 0.030 (last = 0.0166), fitness=-1795480682.159174681
7862.82 secs, 998968 evals, 999027 steps, improv/step: 0.030 (last = 0.0141), fitness=-1795480682.181032419
7892.83 secs, 1002902 evals, 1002961 steps, improv/step: 0.030 (last = 0.0150), fitness=-1795480682.199259043
7922.83 secs, 1006708 evals, 1006768 steps, improv/step: 0.030 (last = 0.0158), fitness=-1795480682.210831165
7952.83 secs, 1010466 evals, 1010526 steps, improv/step: 0.030 (last = 0.0162), fitness=-1795480682.223998547
7982.84 secs, 1014222 evals, 1014282 steps, improv/step: 0.030 (last = 0.0154), fitness=-1795480682.233705282
8012.85 secs, 1017941 evals, 1018002 steps, improv/step: 0.030 (last = 0.0132), fitness=-1795480682.233705282
8042.86 secs, 1021674 evals, 1021735 steps, improv/step: 0.030 (last = 0.0166), fitness=-1795480682.268655300
8072.86 secs, 1025415 evals, 1025476 steps, improv/step: 0.030 (last = 0.0150), fitness=-1795480682.276847363
8102.86 secs, 1029135 evals, 1029197 steps, improv/step: 0.030 (last = 0.0140), fitness=-1795480682.276847363
8132.87 secs, 1033034 evals, 1033097 steps, improv/step: 0.029 (last = 0.0115), fitness=-1795480682.293229580
8162.91 secs, 1036902 evals, 1036966 steps, improv/step: 0.029 (last = 0.0140), fitness=-1795480682.321465492
8192.92 secs, 1040817 evals, 1040881 steps, improv/step: 0.029 (last = 0.0100), fitness=-1795480682.346131802
8222.92 secs, 1044609 evals, 1044675 steps, improv/step: 0.029 (last = 0.0103), fitness=-1795480682.352555275
8252.92 secs, 1048419 evals, 1048487 steps, improv/step: 0.029 (last = 0.0173), fitness=-1795480682.367417336
8282.92 secs, 1052276 evals, 1052344 steps, improv/step: 0.029 (last = 0.0124), fitness=-1795480682.370652199
8312.93 secs, 1056175 evals, 1056243 steps, improv/step: 0.029 (last = 0.0162), fitness=-1795480682.387237549
8342.93 secs, 1059899 evals, 1059969 steps, improv/step: 0.029 (last = 0.0140), fitness=-1795480682.397164106
8372.93 secs, 1063734 evals, 1063805 steps, improv/step: 0.029 (last = 0.0115), fitness=-1795480682.397164106
8402.94 secs, 1067528 evals, 1067601 steps, improv/step: 0.029 (last = 0.0150), fitness=-1795480682.411502600
8432.94 secs, 1071303 evals, 1071377 steps, improv/step: 0.029 (last = 0.0103), fitness=-1795480682.425532818
8462.94 secs, 1075265 evals, 1075339 steps, improv/step: 0.029 (last = 0.0129), fitness=-1795480682.431633949
8493.00 secs, 1079111 evals, 1079186 steps, improv/step: 0.029 (last = 0.0130), fitness=-1795480682.444283962
8523.00 secs, 1082856 evals, 1082931 steps, improv/step: 0.029 (last = 0.0099), fitness=-1795480682.449840069
8553.01 secs, 1086559 evals, 1086634 steps, improv/step: 0.029 (last = 0.0149), fitness=-1795480682.476004362
8583.01 secs, 1090311 evals, 1090386 steps, improv/step: 0.029 (last = 0.0099), fitness=-1795480682.482599974
8613.01 secs, 1094101 evals, 1094179 steps, improv/step: 0.029 (last = 0.0119), fitness=-1795480682.482599974
8643.01 secs, 1097993 evals, 1098072 steps, improv/step: 0.028 (last = 0.0170), fitness=-1795480682.513447523
8673.01 secs, 1101852 evals, 1101934 steps, improv/step: 0.028 (last = 0.0122), fitness=-1795480682.525582314
8703.03 secs, 1105642 evals, 1105724 steps, improv/step: 0.028 (last = 0.0142), fitness=-1795480682.531109810
8733.03 secs, 1109506 evals, 1109588 steps, improv/step: 0.028 (last = 0.0109), fitness=-1795480682.536635876
8763.10 secs, 1113311 evals, 1113393 steps, improv/step: 0.028 (last = 0.0121), fitness=-1795480682.557768822
8793.23 secs, 1117156 evals, 1117240 steps, improv/step: 0.028 (last = 0.0130), fitness=-1795480682.559223652
8823.23 secs, 1121092 evals, 1121176 steps, improv/step: 0.028 (last = 0.0180), fitness=-1795480682.591111660
8853.23 secs, 1125085 evals, 1125170 steps, improv/step: 0.028 (last = 0.0143), fitness=-1795480682.618764400
8883.24 secs, 1129080 evals, 1129165 steps, improv/step: 0.028 (last = 0.0145), fitness=-1795480682.623637199
8913.36 secs, 1133003 evals, 1133090 steps, improv/step: 0.028 (last = 0.0148), fitness=-1795480682.637945175
8943.36 secs, 1136809 evals, 1136897 steps, improv/step: 0.028 (last = 0.0142), fitness=-1795480682.641433477
8973.37 secs, 1140715 evals, 1140804 steps, improv/step: 0.028 (last = 0.0136), fitness=-1795480682.656167507
9003.37 secs, 1144701 evals, 1144791 steps, improv/step: 0.028 (last = 0.0110), fitness=-1795480682.693634510
9033.38 secs, 1148683 evals, 1148773 steps, improv/step: 0.028 (last = 0.0083), fitness=-1795480682.693634510
9063.38 secs, 1152668 evals, 1152760 steps, improv/step: 0.028 (last = 0.0130), fitness=-1795480682.697740078
9093.38 secs, 1156541 evals, 1156633 steps, improv/step: 0.028 (last = 0.0077), fitness=-1795480682.721632481
9123.39 secs, 1160541 evals, 1160634 steps, improv/step: 0.028 (last = 0.0097), fitness=-1795480682.727066517
9153.39 secs, 1164524 evals, 1164617 steps, improv/step: 0.028 (last = 0.0110), fitness=-1795480682.730346441
9183.40 secs, 1168566 evals, 1168663 steps, improv/step: 0.027 (last = 0.0072), fitness=-1795480682.741243601
9213.41 secs, 1172461 evals, 1172558 steps, improv/step: 0.027 (last = 0.0105), fitness=-1795480682.750947237
9243.41 secs, 1176413 evals, 1176511 steps, improv/step: 0.027 (last = 0.0104), fitness=-1795480682.759389639
9273.41 secs, 1180350 evals, 1180448 steps, improv/step: 0.027 (last = 0.0114), fitness=-1795480682.765096426
9303.41 secs, 1184268 evals, 1184371 steps, improv/step: 0.027 (last = 0.0145), fitness=-1795480682.786412239
9333.51 secs, 1188218 evals, 1188321 steps, improv/step: 0.027 (last = 0.0109), fitness=-1795480682.787940264
9363.52 secs, 1192281 evals, 1192384 steps, improv/step: 0.027 (last = 0.0116), fitness=-1795480682.810772896
9393.53 secs, 1196446 evals, 1196551 steps, improv/step: 0.027 (last = 0.0130), fitness=-1795480682.826545238
9423.53 secs, 1200550 evals, 1200656 steps, improv/step: 0.027 (last = 0.0114), fitness=-1795480682.847940922
9453.54 secs, 1204650 evals, 1204756 steps, improv/step: 0.027 (last = 0.0095), fitness=-1795480682.883629084
9483.54 secs, 1208659 evals, 1208766 steps, improv/step: 0.027 (last = 0.0117), fitness=-1795480682.884116173
9513.54 secs, 1212621 evals, 1212728 steps, improv/step: 0.027 (last = 0.0119), fitness=-1795480682.901341438
9543.55 secs, 1216329 evals, 1216437 steps, improv/step: 0.027 (last = 0.0121), fitness=-1795480682.918659925
9573.55 secs, 1220136 evals, 1220245 steps, improv/step: 0.027 (last = 0.0129), fitness=-1795480682.920703411
9603.64 secs, 1223924 evals, 1224034 steps, improv/step: 0.027 (last = 0.0095), fitness=-1795480682.939353704
9633.64 secs, 1227888 evals, 1228000 steps, improv/step: 0.027 (last = 0.0093), fitness=-1795480682.945111275
9663.64 secs, 1231698 evals, 1231810 steps, improv/step: 0.027 (last = 0.0118), fitness=-1795480682.955596447
9693.65 secs, 1235488 evals, 1235601 steps, improv/step: 0.027 (last = 0.0090), fitness=-1795480682.961866856
9723.72 secs, 1239410 evals, 1239524 steps, improv/step: 0.027 (last = 0.0097), fitness=-1795480682.973975897
9753.72 secs, 1243247 evals, 1243361 steps, improv/step: 0.027 (last = 0.0138), fitness=-1795480683.001751184
9783.72 secs, 1247062 evals, 1247178 steps, improv/step: 0.026 (last = 0.0134), fitness=-1795480683.001751184
9813.72 secs, 1250856 evals, 1250973 steps, improv/step: 0.026 (last = 0.0134), fitness=-1795480683.014794111
9843.73 secs, 1254743 evals, 1254861 steps, improv/step: 0.026 (last = 0.0111), fitness=-1795480683.029841185
9873.73 secs, 1258637 evals, 1258758 steps, improv/step: 0.026 (last = 0.0105), fitness=-1795480683.042362690
9903.73 secs, 1262421 evals, 1262544 steps, improv/step: 0.026 (last = 0.0100), fitness=-1795480683.045840979
9933.74 secs, 1266227 evals, 1266351 steps, improv/step: 0.026 (last = 0.0108), fitness=-1795480683.056968927
9963.74 secs, 1270069 evals, 1270193 steps, improv/step: 0.026 (last = 0.0141), fitness=-1795480683.070456505
9993.75 secs, 1273914 evals, 1274038 steps, improv/step: 0.026 (last = 0.0185), fitness=-1795480683.081715822
10023.75 secs, 1277760 evals, 1277886 steps, improv/step: 0.026 (last = 0.0166), fitness=-1795480683.096399784
10053.76 secs, 1281557 evals, 1281683 steps, improv/step: 0.026 (last = 0.0176), fitness=-1795480683.096399784
10083.77 secs, 1285432 evals, 1285559 steps, improv/step: 0.026 (last = 0.0217), fitness=-1795480683.102926970
10113.77 secs, 1289240 evals, 1289367 steps, improv/step: 0.026 (last = 0.0181), fitness=-1795480683.113543272
10143.77 secs, 1292995 evals, 1293123 steps, improv/step: 0.026 (last = 0.0133), fitness=-1795480683.137980461
10173.78 secs, 1296713 evals, 1296841 steps, improv/step: 0.026 (last = 0.0110), fitness=-1795480683.151014566
10203.78 secs, 1300498 evals, 1300627 steps, improv/step: 0.026 (last = 0.0201), fitness=-1795480683.169910669
10233.79 secs, 1304229 evals, 1304358 steps, improv/step: 0.026 (last = 0.0161), fitness=-1795480683.184330225
10263.79 secs, 1308070 evals, 1308199 steps, improv/step: 0.026 (last = 0.0138), fitness=-1795480683.199177265
10293.79 secs, 1311925 evals, 1312054 steps, improv/step: 0.026 (last = 0.0125), fitness=-1795480683.217683077
10323.80 secs, 1315774 evals, 1315905 steps, improv/step: 0.026 (last = 0.0091), fitness=-1795480683.221853495
10353.80 secs, 1319579 evals, 1319710 steps, improv/step: 0.026 (last = 0.0081), fitness=-1795480683.229119539
10383.81 secs, 1323414 evals, 1323547 steps, improv/step: 0.026 (last = 0.0128), fitness=-1795480683.235121727
10413.82 secs, 1327292 evals, 1327425 steps, improv/step: 0.026 (last = 0.0155), fitness=-1795480683.257758856
10443.82 secs, 1331174 evals, 1331307 steps, improv/step: 0.026 (last = 0.0103), fitness=-1795480683.278117180
10473.82 secs, 1335105 evals, 1335240 steps, improv/step: 0.026 (last = 0.0122), fitness=-1795480683.290870667
10503.84 secs, 1338944 evals, 1339080 steps, improv/step: 0.026 (last = 0.0167), fitness=-1795480683.303071022
10533.84 secs, 1342882 evals, 1343019 steps, improv/step: 0.026 (last = 0.0119), fitness=-1795480683.305059671
10563.84 secs, 1346700 evals, 1346837 steps, improv/step: 0.026 (last = 0.0118), fitness=-1795480683.316528320
10593.84 secs, 1350721 evals, 1350858 steps, improv/step: 0.025 (last = 0.0132), fitness=-1795480683.335496187
10623.85 secs, 1354751 evals, 1354889 steps, improv/step: 0.025 (last = 0.0119), fitness=-1795480683.335496187
10653.85 secs, 1358569 evals, 1358708 steps, improv/step: 0.025 (last = 0.0136), fitness=-1795480683.343952656
10683.85 secs, 1362557 evals, 1362697 steps, improv/step: 0.025 (last = 0.0118), fitness=-1795480683.353756905
10713.89 secs, 1366646 evals, 1366787 steps, improv/step: 0.025 (last = 0.0139), fitness=-1795480683.353756905
10743.89 secs, 1370722 evals, 1370864 steps, improv/step: 0.025 (last = 0.0123), fitness=-1795480683.371280193
10773.94 secs, 1374562 evals, 1374705 steps, improv/step: 0.025 (last = 0.0138), fitness=-1795480683.382799387
10803.94 secs, 1378497 evals, 1378642 steps, improv/step: 0.025 (last = 0.0137), fitness=-1795480683.393488407
10833.95 secs, 1382566 evals, 1382712 steps, improv/step: 0.025 (last = 0.0103), fitness=-1795480683.393488407
10863.95 secs, 1386514 evals, 1386660 steps, improv/step: 0.025 (last = 0.0157), fitness=-1795480683.409443855
10893.95 secs, 1390382 evals, 1390528 steps, improv/step: 0.025 (last = 0.0145), fitness=-1795480683.421237230
10923.95 secs, 1394237 evals, 1394383 steps, improv/step: 0.025 (last = 0.0148), fitness=-1795480683.429687500
10953.96 secs, 1398255 evals, 1398403 steps, improv/step: 0.025 (last = 0.0127), fitness=-1795480683.459735394
10983.96 secs, 1402238 evals, 1402389 steps, improv/step: 0.025 (last = 0.0148), fitness=-1795480683.475603580
11013.96 secs, 1406176 evals, 1406327 steps, improv/step: 0.025 (last = 0.0170), fitness=-1795480683.489535809
11043.98 secs, 1410248 evals, 1410399 steps, improv/step: 0.025 (last = 0.0145), fitness=-1795480683.517677307
11073.98 secs, 1414211 evals, 1414363 steps, improv/step: 0.025 (last = 0.0139), fitness=-1795480683.539768696
11103.98 secs, 1418164 evals, 1418316 steps, improv/step: 0.025 (last = 0.0157), fitness=-1795480683.552486897
11133.99 secs, 1422227 evals, 1422379 steps, improv/step: 0.025 (last = 0.0140), fitness=-1795480683.565001965
11164.03 secs, 1426045 evals, 1426197 steps, improv/step: 0.025 (last = 0.0165), fitness=-1795480683.587072611
11194.03 secs, 1429897 evals, 1430052 steps, improv/step: 0.025 (last = 0.0169), fitness=-1795480683.599443436
11224.04 secs, 1433843 evals, 1433999 steps, improv/step: 0.025 (last = 0.0137), fitness=-1795480683.615781069
11254.10 secs, 1437877 evals, 1438035 steps, improv/step: 0.025 (last = 0.0183), fitness=-1795480683.643973827
11284.10 secs, 1441916 evals, 1442075 steps, improv/step: 0.025 (last = 0.0156), fitness=-1795480683.666640043
11314.15 secs, 1445907 evals, 1446067 steps, improv/step: 0.025 (last = 0.0125), fitness=-1795480683.692004442
11344.15 secs, 1449800 evals, 1449962 steps, improv/step: 0.025 (last = 0.0141), fitness=-1795480683.700192213
11374.15 secs, 1453538 evals, 1453702 steps, improv/step: 0.025 (last = 0.0102), fitness=-1795480683.722415209
11404.16 secs, 1457482 evals, 1457647 steps, improv/step: 0.025 (last = 0.0134), fitness=-1795480683.729683638
11434.16 secs, 1461298 evals, 1461465 steps, improv/step: 0.025 (last = 0.0139), fitness=-1795480683.750700235
11464.16 secs, 1465314 evals, 1465483 steps, improv/step: 0.025 (last = 0.0149), fitness=-1795480683.782674074
11494.17 secs, 1469244 evals, 1469414 steps, improv/step: 0.025 (last = 0.0130), fitness=-1795480683.798964024
11524.17 secs, 1473109 evals, 1473280 steps, improv/step: 0.025 (last = 0.0129), fitness=-1795480683.804530144
11554.18 secs, 1477119 evals, 1477292 steps, improv/step: 0.025 (last = 0.0127), fitness=-1795480683.818237782
11584.19 secs, 1480982 evals, 1481157 steps, improv/step: 0.024 (last = 0.0127), fitness=-1795480683.828057289
11614.20 secs, 1484891 evals, 1485067 steps, improv/step: 0.024 (last = 0.0107), fitness=-1795480683.834573746
11644.20 secs, 1488764 evals, 1488940 steps, improv/step: 0.024 (last = 0.0111), fitness=-1795480683.853875637
11674.20 secs, 1492587 evals, 1492763 steps, improv/step: 0.024 (last = 0.0126), fitness=-1795480683.853875637
11704.22 secs, 1496613 evals, 1496791 steps, improv/step: 0.024 (last = 0.0109), fitness=-1795480683.871154070
11734.22 secs, 1500587 evals, 1500766 steps, improv/step: 0.024 (last = 0.0153), fitness=-1795480683.876714468
11764.23 secs, 1504622 evals, 1504801 steps, improv/step: 0.024 (last = 0.0136), fitness=-1795480683.887807369
11794.23 secs, 1508474 evals, 1508653 steps, improv/step: 0.024 (last = 0.0114), fitness=-1795480683.906035662
11824.23 secs, 1512403 evals, 1512582 steps, improv/step: 0.024 (last = 0.0132), fitness=-1795480683.915977716
11854.23 secs, 1516229 evals, 1516408 steps, improv/step: 0.024 (last = 0.0128), fitness=-1795480683.916974545
11884.24 secs, 1520082 evals, 1520261 steps, improv/step: 0.024 (last = 0.0125), fitness=-1795480683.923793554
11914.24 secs, 1523982 evals, 1524162 steps, improv/step: 0.024 (last = 0.0123), fitness=-1795480683.928857565
11944.24 secs, 1528079 evals, 1528259 steps, improv/step: 0.024 (last = 0.0095), fitness=-1795480683.929790020
11974.24 secs, 1531948 evals, 1532131 steps, improv/step: 0.024 (last = 0.0119), fitness=-1795480683.933971882
12004.24 secs, 1535892 evals, 1536076 steps, improv/step: 0.024 (last = 0.0124), fitness=-1795480683.943255186
12034.25 secs, 1539823 evals, 1540008 steps, improv/step: 0.024 (last = 0.0125), fitness=-1795480683.945503473
12064.25 secs, 1543807 evals, 1543992 steps, improv/step: 0.024 (last = 0.0100), fitness=-1795480683.950476646
12094.26 secs, 1547808 evals, 1547993 steps, improv/step: 0.024 (last = 0.0100), fitness=-1795480683.964124918
12124.26 secs, 1551925 evals, 1552110 steps, improv/step: 0.024 (last = 0.0136), fitness=-1795480683.971157551
12154.26 secs, 1556083 evals, 1556268 steps, improv/step: 0.024 (last = 0.0139), fitness=-1795480683.995639086
12184.27 secs, 1560037 evals, 1560222 steps, improv/step: 0.024 (last = 0.0142), fitness=-1795480684.008150816
12214.27 secs, 1564099 evals, 1564284 steps, improv/step: 0.024 (last = 0.0106), fitness=-1795480684.008321524
12244.27 secs, 1568036 evals, 1568223 steps, improv/step: 0.024 (last = 0.0140), fitness=-1795480684.011651278
12274.27 secs, 1572003 evals, 1572190 steps, improv/step: 0.024 (last = 0.0116), fitness=-1795480684.026820660
12304.28 secs, 1575927 evals, 1576117 steps, improv/step: 0.024 (last = 0.0140), fitness=-1795480684.053996325
12334.28 secs, 1579954 evals, 1580146 steps, improv/step: 0.024 (last = 0.0127), fitness=-1795480684.077255487
12364.36 secs, 1583984 evals, 1584179 steps, improv/step: 0.024 (last = 0.0124), fitness=-1795480684.077255487
12394.36 secs, 1587867 evals, 1588063 steps, improv/step: 0.024 (last = 0.0118), fitness=-1795480684.084942818
12424.36 secs, 1591731 evals, 1591928 steps, improv/step: 0.024 (last = 0.0096), fitness=-1795480684.089739323
12454.36 secs, 1595655 evals, 1595853 steps, improv/step: 0.024 (last = 0.0155), fitness=-1795480684.101605415
12484.36 secs, 1599631 evals, 1599829 steps, improv/step: 0.024 (last = 0.0106), fitness=-1795480684.102169514
12514.37 secs, 1603514 evals, 1603712 steps, improv/step: 0.024 (last = 0.0106), fitness=-1795480684.135813951
12544.45 secs, 1607454 evals, 1607652 steps, improv/step: 0.024 (last = 0.0109), fitness=-1795480684.135813951
12574.45 secs, 1611344 evals, 1611544 steps, improv/step: 0.023 (last = 0.0121), fitness=-1795480684.164749622
12604.45 secs, 1615222 evals, 1615423 steps, improv/step: 0.023 (last = 0.0111), fitness=-1795480684.166087627
12634.48 secs, 1619131 evals, 1619333 steps, improv/step: 0.023 (last = 0.0128), fitness=-1795480684.174227238
12664.48 secs, 1622974 evals, 1623177 steps, improv/step: 0.023 (last = 0.0107), fitness=-1795480684.195559025
12694.48 secs, 1626861 evals, 1627066 steps, improv/step: 0.023 (last = 0.0118), fitness=-1795480684.199260950
12724.49 secs, 1630838 evals, 1631044 steps, improv/step: 0.023 (last = 0.0121), fitness=-1795480684.199260950
12754.49 secs, 1634768 evals, 1634975 steps, improv/step: 0.023 (last = 0.0145), fitness=-1795480684.207954168
12784.50 secs, 1638712 evals, 1638919 steps, improv/step: 0.023 (last = 0.0117), fitness=-1795480684.211705923
12814.50 secs, 1642669 evals, 1642876 steps, improv/step: 0.023 (last = 0.0124), fitness=-1795480684.218978882
12844.50 secs, 1646534 evals, 1646743 steps, improv/step: 0.023 (last = 0.0145), fitness=-1795480684.222482681
12874.51 secs, 1650379 evals, 1650588 steps, improv/step: 0.023 (last = 0.0153), fitness=-1795480684.230254173
12904.51 secs, 1654376 evals, 1654585 steps, improv/step: 0.023 (last = 0.0148), fitness=-1795480684.232175350
12934.52 secs, 1658135 evals, 1658345 steps, improv/step: 0.023 (last = 0.0141), fitness=-1795480684.239504576
12964.53 secs, 1661908 evals, 1662120 steps, improv/step: 0.023 (last = 0.0146), fitness=-1795480684.244394541
12994.53 secs, 1665832 evals, 1666045 steps, improv/step: 0.023 (last = 0.0186), fitness=-1795480684.247020960
13024.53 secs, 1669664 evals, 1669877 steps, improv/step: 0.023 (last = 0.0172), fitness=-1795480684.259945154
13054.53 secs, 1673487 evals, 1673702 steps, improv/step: 0.023 (last = 0.0217), fitness=-1795480684.282620192
13084.53 secs, 1677240 evals, 1677456 steps, improv/step: 0.023 (last = 0.0242), fitness=-1795480684.309795141
13114.54 secs, 1681118 evals, 1681334 steps, improv/step: 0.023 (last = 0.0214), fitness=-1795480684.316849232
13144.54 secs, 1685044 evals, 1685260 steps, improv/step: 0.023 (last = 0.0206), fitness=-1795480684.329024076
13174.55 secs, 1688897 evals, 1689113 steps, improv/step: 0.023 (last = 0.0257), fitness=-1795480684.334924221
13204.55 secs, 1692989 evals, 1693208 steps, improv/step: 0.023 (last = 0.0195), fitness=-1795480684.344578505
13234.55 secs, 1696974 evals, 1697193 steps, improv/step: 0.023 (last = 0.0213), fitness=-1795480684.355216265
13264.55 secs, 1700900 evals, 1701119 steps, improv/step: 0.023 (last = 0.0196), fitness=-1795480684.361720562
13294.55 secs, 1704758 evals, 1704978 steps, improv/step: 0.023 (last = 0.0238), fitness=-1795480684.367621660
13324.56 secs, 1708758 evals, 1708978 steps, improv/step: 0.023 (last = 0.0248), fitness=-1795480684.372473240
13354.63 secs, 1712609 evals, 1712830 steps, improv/step: 0.023 (last = 0.0205), fitness=-1795480684.376931190
13384.64 secs, 1716516 evals, 1716737 steps, improv/step: 0.023 (last = 0.0225), fitness=-1795480684.380508184
13414.64 secs, 1720300 evals, 1720521 steps, improv/step: 0.023 (last = 0.0248), fitness=-1795480684.384152889
13444.64 secs, 1724222 evals, 1724443 steps, improv/step: 0.023 (last = 0.0250), fitness=-1795480684.386799574
13474.64 secs, 1728213 evals, 1728435 steps, improv/step: 0.023 (last = 0.0235), fitness=-1795480684.388545036
13504.65 secs, 1732021 evals, 1732243 steps, improv/step: 0.023 (last = 0.0223), fitness=-1795480684.389249802
13534.66 secs, 1735950 evals, 1736172 steps, improv/step: 0.023 (last = 0.0209), fitness=-1795480684.390518665
13564.66 secs, 1739822 evals, 1740045 steps, improv/step: 0.023 (last = 0.0225), fitness=-1795480684.391304731
13594.66 secs, 1743726 evals, 1743949 steps, improv/step: 0.023 (last = 0.0177), fitness=-1795480684.392355680
13624.67 secs, 1747762 evals, 1747986 steps, improv/step: 0.023 (last = 0.0196), fitness=-1795480684.393158436
13654.67 secs, 1751678 evals, 1751903 steps, improv/step: 0.023 (last = 0.0163), fitness=-1795480684.393530130
13684.68 secs, 1755711 evals, 1755937 steps, improv/step: 0.023 (last = 0.0181), fitness=-1795480684.394053459
13714.68 secs, 1759597 evals, 1759823 steps, improv/step: 0.023 (last = 0.0206), fitness=-1795480684.394112587
13744.69 secs, 1763417 evals, 1763643 steps, improv/step: 0.023 (last = 0.0183), fitness=-1795480684.395166874
13774.69 secs, 1767284 evals, 1767510 steps, improv/step: 0.023 (last = 0.0155), fitness=-1795480684.396242380
13804.69 secs, 1771213 evals, 1771440 steps, improv/step: 0.023 (last = 0.0267), fitness=-1795480684.397130013
13834.70 secs, 1775173 evals, 1775400 steps, improv/step: 0.023 (last = 0.0220), fitness=-1795480684.397593260
13864.70 secs, 1779155 evals, 1779382 steps, improv/step: 0.023 (last = 0.0261), fitness=-1795480684.398961306
13894.71 secs, 1783162 evals, 1783390 steps, improv/step: 0.023 (last = 0.0250), fitness=-1795480684.399373055
13924.71 secs, 1786978 evals, 1787206 steps, improv/step: 0.023 (last = 0.0280), fitness=-1795480684.400099993
13954.71 secs, 1790867 evals, 1791095 steps, improv/step: 0.023 (last = 0.0288), fitness=-1795480684.400539875
13984.71 secs, 1794639 evals, 1794867 steps, improv/step: 0.023 (last = 0.0257), fitness=-1795480684.401679754
14014.71 secs, 1798448 evals, 1798677 steps, improv/step: 0.023 (last = 0.0223), fitness=-1795480684.402310610
14044.72 secs, 1802415 evals, 1802645 steps, improv/step: 0.023 (last = 0.0239), fitness=-1795480684.404409409
14074.72 secs, 1806385 evals, 1806615 steps, improv/step: 0.023 (last = 0.0202), fitness=-1795480684.404703140
14104.73 secs, 1810319 evals, 1810551 steps, improv/step: 0.023 (last = 0.0208), fitness=-1795480684.406692743
14134.73 secs, 1814272 evals, 1814504 steps, improv/step: 0.023 (last = 0.0220), fitness=-1795480684.407672644
14164.73 secs, 1818269 evals, 1818501 steps, improv/step: 0.023 (last = 0.0210), fitness=-1795480684.410953045
14194.73 secs, 1822325 evals, 1822557 steps, improv/step: 0.023 (last = 0.0192), fitness=-1795480684.411686659
14224.73 secs, 1826272 evals, 1826505 steps, improv/step: 0.023 (last = 0.0203), fitness=-1795480684.414569855
14254.74 secs, 1830080 evals, 1830314 steps, improv/step: 0.023 (last = 0.0202), fitness=-1795480684.424873829
14284.74 secs, 1834057 evals, 1834292 steps, improv/step: 0.023 (last = 0.0191), fitness=-1795480684.426700115
14314.74 secs, 1837943 evals, 1838178 steps, improv/step: 0.023 (last = 0.0129), fitness=-1795480684.428314686
14344.76 secs, 1841795 evals, 1842032 steps, improv/step: 0.023 (last = 0.0130), fitness=-1795480684.430362701
14374.76 secs, 1845734 evals, 1845972 steps, improv/step: 0.023 (last = 0.0190), fitness=-1795480684.436429501
14404.76 secs, 1849686 evals, 1849924 steps, improv/step: 0.023 (last = 0.0137), fitness=-1795480684.440620184
14434.76 secs, 1853523 evals, 1853761 steps, improv/step: 0.023 (last = 0.0177), fitness=-1795480684.444751024
14464.77 secs, 1857496 evals, 1857735 steps, improv/step: 0.023 (last = 0.0136), fitness=-1795480684.447769880
14494.77 secs, 1861498 evals, 1861739 steps, improv/step: 0.023 (last = 0.0135), fitness=-1795480684.452622175
14524.77 secs, 1865369 evals, 1865610 steps, improv/step: 0.023 (last = 0.0142), fitness=-1795480684.457664728
14554.79 secs, 1869264 evals, 1869505 steps, improv/step: 0.023 (last = 0.0151), fitness=-1795480684.457664728
14584.79 secs, 1873137 evals, 1873378 steps, improv/step: 0.023 (last = 0.0147), fitness=-1795480684.461961746
14614.80 secs, 1876979 evals, 1877221 steps, improv/step: 0.023 (last = 0.0125), fitness=-1795480684.464407444
14644.80 secs, 1880726 evals, 1880970 steps, improv/step: 0.023 (last = 0.0163), fitness=-1795480684.468041897
14674.80 secs, 1884549 evals, 1884795 steps, improv/step: 0.023 (last = 0.0139), fitness=-1795480684.471528769
14704.81 secs, 1888330 evals, 1888579 steps, improv/step: 0.023 (last = 0.0164), fitness=-1795480684.474223375
14734.81 secs, 1892081 evals, 1892332 steps, improv/step: 0.023 (last = 0.0149), fitness=-1795480684.478542089
14764.81 secs, 1896136 evals, 1896388 steps, improv/step: 0.023 (last = 0.0165), fitness=-1795480684.486215115
14794.82 secs, 1899964 evals, 1900218 steps, improv/step: 0.023 (last = 0.0211), fitness=-1795480684.490250349
14824.86 secs, 1903788 evals, 1904044 steps, improv/step: 0.023 (last = 0.0167), fitness=-1795480684.494386911
14854.93 secs, 1907660 evals, 1907916 steps, improv/step: 0.023 (last = 0.0165), fitness=-1795480684.501554966
14884.94 secs, 1911634 evals, 1911890 steps, improv/step: 0.023 (last = 0.0209), fitness=-1795480684.506343603
14914.94 secs, 1915398 evals, 1915655 steps, improv/step: 0.023 (last = 0.0159), fitness=-1795480684.515035152
14944.94 secs, 1919278 evals, 1919535 steps, improv/step: 0.023 (last = 0.0129), fitness=-1795480684.516732693
14974.95 secs, 1923238 evals, 1923496 steps, improv/step: 0.023 (last = 0.0136), fitness=-1795480684.518365622
15004.95 secs, 1927147 evals, 1927405 steps, improv/step: 0.023 (last = 0.0169), fitness=-1795480684.524103403
15034.96 secs, 1931022 evals, 1931281 steps, improv/step: 0.023 (last = 0.0178), fitness=-1795480684.525402784
15064.97 secs, 1934762 evals, 1935021 steps, improv/step: 0.023 (last = 0.0160), fitness=-1795480684.530609846
15094.97 secs, 1938493 evals, 1938752 steps, improv/step: 0.023 (last = 0.0134), fitness=-1795480684.533276081
15124.97 secs, 1942252 evals, 1942514 steps, improv/step: 0.023 (last = 0.0152), fitness=-1795480684.547325850
15154.98 secs, 1946061 evals, 1946324 steps, improv/step: 0.023 (last = 0.0168), fitness=-1795480684.547325850
15184.98 secs, 1949817 evals, 1950080 steps, improv/step: 0.023 (last = 0.0136), fitness=-1795480684.550344706
15214.99 secs, 1953756 evals, 1954020 steps, improv/step: 0.023 (last = 0.0132), fitness=-1795480684.550344706
15244.99 secs, 1957683 evals, 1957950 steps, improv/step: 0.023 (last = 0.0135), fitness=-1795480684.557881832
15274.99 secs, 1961556 evals, 1961823 steps, improv/step: 0.023 (last = 0.0176), fitness=-1795480684.557881832
15304.99 secs, 1965624 evals, 1965893 steps, improv/step: 0.023 (last = 0.0120), fitness=-1795480684.557881832
15334.99 secs, 1969570 evals, 1969842 steps, improv/step: 0.022 (last = 0.0111), fitness=-1795480684.557881832
15365.00 secs, 1973392 evals, 1973664 steps, improv/step: 0.022 (last = 0.0162), fitness=-1795480684.570043802
15395.01 secs, 1977304 evals, 1977577 steps, improv/step: 0.022 (last = 0.0146), fitness=-1795480684.570043802
15425.01 secs, 1981199 evals, 1981473 steps, improv/step: 0.022 (last = 0.0133), fitness=-1795480684.585099459
15455.01 secs, 1985080 evals, 1985354 steps, improv/step: 0.022 (last = 0.0178), fitness=-1795480684.585218430
15485.04 secs, 1988987 evals, 1989262 steps, improv/step: 0.022 (last = 0.0123), fitness=-1795480684.587524414
15515.11 secs, 1992816 evals, 1993093 steps, improv/step: 0.022 (last = 0.0112), fitness=-1795480684.587739229
15545.11 secs, 1996663 evals, 1996941 steps, improv/step: 0.022 (last = 0.0125), fitness=-1795480684.593089819
15575.11 secs, 2000505 evals, 2000783 steps, improv/step: 0.022 (last = 0.0135), fitness=-1795480684.604123116
15605.12 secs, 2004452 evals, 2004731 steps, improv/step: 0.022 (last = 0.0139), fitness=-1795480684.609799385
15635.12 secs, 2008363 evals, 2008643 steps, improv/step: 0.022 (last = 0.0143), fitness=-1795480684.611853123
15665.20 secs, 2012308 evals, 2012588 steps, improv/step: 0.022 (last = 0.0104), fitness=-1795480684.617259741
15695.22 secs, 2016109 evals, 2016390 steps, improv/step: 0.022 (last = 0.0116), fitness=-1795480684.623307467
15725.22 secs, 2019959 evals, 2020241 steps, improv/step: 0.022 (last = 0.0114), fitness=-1795480684.623307467
15755.22 secs, 2023808 evals, 2024092 steps, improv/step: 0.022 (last = 0.0104), fitness=-1795480684.627058506
15785.24 secs, 2027608 evals, 2027892 steps, improv/step: 0.022 (last = 0.0103), fitness=-1795480684.630912542
15815.24 secs, 2031446 evals, 2031732 steps, improv/step: 0.022 (last = 0.0125), fitness=-1795480684.634930849
15845.25 secs, 2035352 evals, 2035639 steps, improv/step: 0.022 (last = 0.0120), fitness=-1795480684.639574289
15875.25 secs, 2039140 evals, 2039427 steps, improv/step: 0.022 (last = 0.0087), fitness=-1795480684.639574289
15905.25 secs, 2043093 evals, 2043381 steps, improv/step: 0.022 (last = 0.0137), fitness=-1795480684.651065588
15935.25 secs, 2047030 evals, 2047318 steps, improv/step: 0.022 (last = 0.0099), fitness=-1795480684.651065588
15965.26 secs, 2050898 evals, 2051187 steps, improv/step: 0.022 (last = 0.0109), fitness=-1795480684.652579546
15995.26 secs, 2054733 evals, 2055022 steps, improv/step: 0.022 (last = 0.0125), fitness=-1795480684.656062841
16025.27 secs, 2058594 evals, 2058885 steps, improv/step: 0.022 (last = 0.0104), fitness=-1795480684.661790609
16055.27 secs, 2062477 evals, 2062769 steps, improv/step: 0.022 (last = 0.0147), fitness=-1795480684.664877892
16085.28 secs, 2066329 evals, 2066622 steps, improv/step: 0.022 (last = 0.0125), fitness=-1795480684.674874306
16115.28 secs, 2070175 evals, 2070469 steps, improv/step: 0.022 (last = 0.0122), fitness=-1795480684.674874306
16145.28 secs, 2074013 evals, 2074308 steps, improv/step: 0.022 (last = 0.0164), fitness=-1795480684.675889254
16175.28 secs, 2077734 evals, 2078030 steps, improv/step: 0.022 (last = 0.0116), fitness=-1795480684.678552628
16205.28 secs, 2081502 evals, 2081798 steps, improv/step: 0.022 (last = 0.0114), fitness=-1795480684.684073210
16235.33 secs, 2085263 evals, 2085561 steps, improv/step: 0.022 (last = 0.0133), fitness=-1795480684.684073210
16265.33 secs, 2089033 evals, 2089332 steps, improv/step: 0.022 (last = 0.0135), fitness=-1795480684.685330391
16295.34 secs, 2092862 evals, 2093163 steps, improv/step: 0.022 (last = 0.0115), fitness=-1795480684.690208435
16325.34 secs, 2096633 evals, 2096934 steps, improv/step: 0.022 (last = 0.0125), fitness=-1795480684.694042683
16355.35 secs, 2100487 evals, 2100788 steps, improv/step: 0.022 (last = 0.0127), fitness=-1795480684.700369835
16385.35 secs, 2104294 evals, 2104595 steps, improv/step: 0.022 (last = 0.0134), fitness=-1795480684.703092098
16415.35 secs, 2108036 evals, 2108339 steps, improv/step: 0.022 (last = 0.0128), fitness=-1795480684.707028866
16445.35 secs, 2111918 evals, 2112223 steps, improv/step: 0.022 (last = 0.0095), fitness=-1795480684.707028866
16475.36 secs, 2115775 evals, 2116080 steps, improv/step: 0.022 (last = 0.0114), fitness=-1795480684.710586071
16505.48 secs, 2119555 evals, 2119863 steps, improv/step: 0.022 (last = 0.0156), fitness=-1795480684.715901613
16535.49 secs, 2123344 evals, 2123652 steps, improv/step: 0.022 (last = 0.0158), fitness=-1795480684.722455502
16565.49 secs, 2127177 evals, 2127486 steps, improv/step: 0.022 (last = 0.0115), fitness=-1795480684.722792864
16595.49 secs, 2131021 evals, 2131331 steps, improv/step: 0.022 (last = 0.0114), fitness=-1795480684.736427784
16625.49 secs, 2134657 evals, 2134969 steps, improv/step: 0.022 (last = 0.0118), fitness=-1795480684.736427784
16655.50 secs, 2138241 evals, 2138553 steps, improv/step: 0.022 (last = 0.0106), fitness=-1795480684.741443872
16685.50 secs, 2141923 evals, 2142236 steps, improv/step: 0.022 (last = 0.0130), fitness=-1795480684.751858234
16715.58 secs, 2145650 evals, 2145963 steps, improv/step: 0.022 (last = 0.0118), fitness=-1795480684.751858234
16745.60 secs, 2149372 evals, 2149686 steps, improv/step: 0.022 (last = 0.0097), fitness=-1795480684.757954597
16775.60 secs, 2153099 evals, 2153414 steps, improv/step: 0.022 (last = 0.0142), fitness=-1795480684.768743992
16805.61 secs, 2156719 evals, 2157036 steps, improv/step: 0.022 (last = 0.0163), fitness=-1795480684.774929523
16835.62 secs, 2160427 evals, 2160745 steps, improv/step: 0.022 (last = 0.0119), fitness=-1795480684.787398338
16865.62 secs, 2164265 evals, 2164584 steps, improv/step: 0.022 (last = 0.0141), fitness=-1795480684.787557125
16895.63 secs, 2167960 evals, 2168280 steps, improv/step: 0.022 (last = 0.0152), fitness=-1795480684.793395281
16925.63 secs, 2171627 evals, 2171947 steps, improv/step: 0.022 (last = 0.0104), fitness=-1795480684.797228336
16955.64 secs, 2175365 evals, 2175687 steps, improv/step: 0.022 (last = 0.0099), fitness=-1795480684.799235821
16985.65 secs, 2179048 evals, 2179370 steps, improv/step: 0.022 (last = 0.0106), fitness=-1795480684.802717447
17015.66 secs, 2182743 evals, 2183065 steps, improv/step: 0.022 (last = 0.0127), fitness=-1795480684.809455156
17045.66 secs, 2186554 evals, 2186876 steps, improv/step: 0.022 (last = 0.0129), fitness=-1795480684.811193228
17075.75 secs, 2190153 evals, 2190475 steps, improv/step: 0.021 (last = 0.0125), fitness=-1795480684.812448740
17105.75 secs, 2193857 evals, 2194179 steps, improv/step: 0.021 (last = 0.0111), fitness=-1795480684.820301771
17135.76 secs, 2197615 evals, 2197941 steps, improv/step: 0.021 (last = 0.0106), fitness=-1795480684.823394537
17165.77 secs, 2201359 evals, 2201687 steps, improv/step: 0.021 (last = 0.0128), fitness=-1795480684.825792551
17195.77 secs, 2205145 evals, 2205475 steps, improv/step: 0.021 (last = 0.0103), fitness=-1795480684.828386307
17225.77 secs, 2208867 evals, 2209197 steps, improv/step: 0.021 (last = 0.0078), fitness=-1795480684.831515789
17255.78 secs, 2212592 evals, 2212923 steps, improv/step: 0.021 (last = 0.0142), fitness=-1795480684.831515789
17285.78 secs, 2216311 evals, 2216643 steps, improv/step: 0.021 (last = 0.0159), fitness=-1795480684.831695080
17315.79 secs, 2219923 evals, 2220255 steps, improv/step: 0.021 (last = 0.0136), fitness=-1795480684.838665247
17345.79 secs, 2223632 evals, 2223964 steps, improv/step: 0.021 (last = 0.0148), fitness=-1795480684.841626644
17375.80 secs, 2227500 evals, 2227834 steps, improv/step: 0.021 (last = 0.0119), fitness=-1795480684.842133760
17405.80 secs, 2231237 evals, 2231572 steps, improv/step: 0.021 (last = 0.0118), fitness=-1795480684.849338531
17435.80 secs, 2235324 evals, 2235660 steps, improv/step: 0.021 (last = 0.0122), fitness=-1795480684.851510763
17465.84 secs, 2239211 evals, 2239550 steps, improv/step: 0.021 (last = 0.0105), fitness=-1795480684.856594563
17495.84 secs, 2243003 evals, 2243344 steps, improv/step: 0.021 (last = 0.0098), fitness=-1795480684.862970352
17525.84 secs, 2246786 evals, 2247128 steps, improv/step: 0.021 (last = 0.0095), fitness=-1795480684.863726854
17555.92 secs, 2250672 evals, 2251016 steps, improv/step: 0.021 (last = 0.0082), fitness=-1795480684.866528749
17585.92 secs, 2254783 evals, 2255130 steps, improv/step: 0.021 (last = 0.0102), fitness=-1795480684.875987291
17615.97 secs, 2258687 evals, 2259034 steps, improv/step: 0.021 (last = 0.0113), fitness=-1795480684.875987291
17645.97 secs, 2262680 evals, 2263028 steps, improv/step: 0.021 (last = 0.0103), fitness=-1795480684.881372452
17675.98 secs, 2266439 evals, 2266788 steps, improv/step: 0.021 (last = 0.0130), fitness=-1795480684.882034302
17706.01 secs, 2270078 evals, 2270429 steps, improv/step: 0.021 (last = 0.0110), fitness=-1795480684.889332294
17736.02 secs, 2273703 evals, 2274056 steps, improv/step: 0.021 (last = 0.0116), fitness=-1795480684.892409086
17766.02 secs, 2277371 evals, 2277724 steps, improv/step: 0.021 (last = 0.0134), fitness=-1795480684.895278454
17796.03 secs, 2281250 evals, 2281605 steps, improv/step: 0.021 (last = 0.0137), fitness=-1795480684.900994539
17826.03 secs, 2285067 evals, 2285423 steps, improv/step: 0.021 (last = 0.0157), fitness=-1795480684.900994539
17856.04 secs, 2288828 evals, 2289184 steps, improv/step: 0.021 (last = 0.0154), fitness=-1795480684.907442093
17886.05 secs, 2292701 evals, 2293057 steps, improv/step: 0.021 (last = 0.0114), fitness=-1795480684.907442093
17916.05 secs, 2296287 evals, 2296643 steps, improv/step: 0.021 (last = 0.0075), fitness=-1795480684.909229040
17946.06 secs, 2299933 evals, 2300290 steps, improv/step: 0.021 (last = 0.0118), fitness=-1795480684.913269281
17976.06 secs, 2303790 evals, 2304148 steps, improv/step: 0.021 (last = 0.0148), fitness=-1795480684.917990685
18006.06 secs, 2307715 evals, 2308074 steps, improv/step: 0.021 (last = 0.0092), fitness=-1795480684.919701815
18036.06 secs, 2311624 evals, 2311984 steps, improv/step: 0.021 (last = 0.0151), fitness=-1795480684.921857119
18066.07 secs, 2315486 evals, 2315850 steps, improv/step: 0.021 (last = 0.0166), fitness=-1795480684.925323486
18096.07 secs, 2319439 evals, 2319803 steps, improv/step: 0.021 (last = 0.0169), fitness=-1795480684.929823875
18126.15 secs, 2323314 evals, 2323679 steps, improv/step: 0.021 (last = 0.0137), fitness=-1795480684.931320667
18156.15 secs, 2327165 evals, 2327530 steps, improv/step: 0.021 (last = 0.0148), fitness=-1795480684.935883760
18186.16 secs, 2330934 evals, 2331299 steps, improv/step: 0.021 (last = 0.0117), fitness=-1795480684.943392038
18216.16 secs, 2334769 evals, 2335135 steps, improv/step: 0.021 (last = 0.0128), fitness=-1795480684.946968079
18246.16 secs, 2338671 evals, 2339038 steps, improv/step: 0.021 (last = 0.0136), fitness=-1795480684.946968079
18276.16 secs, 2342437 evals, 2342805 steps, improv/step: 0.021 (last = 0.0127), fitness=-1795480684.954809666
18306.16 secs, 2346266 evals, 2346634 steps, improv/step: 0.021 (last = 0.0120), fitness=-1795480684.954809666
18336.16 secs, 2349907 evals, 2350276 steps, improv/step: 0.021 (last = 0.0077), fitness=-1795480684.959267139
18366.22 secs, 2353633 evals, 2354003 steps, improv/step: 0.021 (last = 0.0099), fitness=-1795480684.963423967
18396.22 secs, 2357405 evals, 2357775 steps, improv/step: 0.021 (last = 0.0106), fitness=-1795480684.964007378
18426.23 secs, 2361268 evals, 2361639 steps, improv/step: 0.021 (last = 0.0096), fitness=-1795480684.967269182
18456.24 secs, 2365274 evals, 2365645 steps, improv/step: 0.021 (last = 0.0102), fitness=-1795480684.969109535
18486.24 secs, 2369454 evals, 2369825 steps, improv/step: 0.021 (last = 0.0100), fitness=-1795480684.971797943
18516.25 secs, 2373452 evals, 2373823 steps, improv/step: 0.021 (last = 0.0093), fitness=-1795480684.973464489
18546.25 secs, 2377455 evals, 2377826 steps, improv/step: 0.021 (last = 0.0142), fitness=-1795480684.978803396
18576.26 secs, 2381514 evals, 2381885 steps, improv/step: 0.021 (last = 0.0140), fitness=-1795480684.982819319
18606.26 secs, 2385402 evals, 2385774 steps, improv/step: 0.021 (last = 0.0134), fitness=-1795480684.984500170
18636.26 secs, 2389242 evals, 2389614 steps, improv/step: 0.021 (last = 0.0102), fitness=-1795480684.989304066
18666.26 secs, 2393123 evals, 2393495 steps, improv/step: 0.021 (last = 0.0144), fitness=-1795480684.989304066
18696.27 secs, 2397264 evals, 2397636 steps, improv/step: 0.021 (last = 0.0162), fitness=-1795480684.991114378
18726.27 secs, 2401514 evals, 2401888 steps, improv/step: 0.021 (last = 0.0120), fitness=-1795480684.996120453
18756.27 secs, 2405680 evals, 2406055 steps, improv/step: 0.021 (last = 0.0192), fitness=-1795480685.000863552
18786.28 secs, 2409727 evals, 2410104 steps, improv/step: 0.021 (last = 0.0131), fitness=-1795480685.004411697
18816.29 secs, 2413764 evals, 2414141 steps, improv/step: 0.021 (last = 0.0119), fitness=-1795480685.006230354
18846.29 secs, 2417858 evals, 2418235 steps, improv/step: 0.021 (last = 0.0105), fitness=-1795480685.008615017
18876.29 secs, 2422004 evals, 2422382 steps, improv/step: 0.021 (last = 0.0104), fitness=-1795480685.009544611
18906.29 secs, 2425815 evals, 2426194 steps, improv/step: 0.021 (last = 0.0118), fitness=-1795480685.011153698
18936.30 secs, 2429938 evals, 2430317 steps, improv/step: 0.021 (last = 0.0104), fitness=-1795480685.013386011
18966.30 secs, 2433940 evals, 2434320 steps, improv/step: 0.021 (last = 0.0115), fitness=-1795480685.013391018
18996.30 secs, 2437992 evals, 2438374 steps, improv/step: 0.021 (last = 0.0123), fitness=-1795480685.017024040
19026.31 secs, 2442296 evals, 2442679 steps, improv/step: 0.021 (last = 0.0170), fitness=-1795480685.018162727
19056.31 secs, 2446338 evals, 2446722 steps, improv/step: 0.021 (last = 0.0109), fitness=-1795480685.018399954
19086.32 secs, 2450364 evals, 2450748 steps, improv/step: 0.021 (last = 0.0129), fitness=-1795480685.019853830
19116.37 secs, 2454697 evals, 2455082 steps, improv/step: 0.020 (last = 0.0129), fitness=-1795480685.020461798
19146.37 secs, 2458868 evals, 2459253 steps, improv/step: 0.020 (last = 0.0134), fitness=-1795480685.023529768
19176.37 secs, 2462956 evals, 2463343 steps, improv/step: 0.020 (last = 0.0137), fitness=-1795480685.026677370
19206.37 secs, 2467039 evals, 2467427 steps, improv/step: 0.020 (last = 0.0110), fitness=-1795480685.030193329
19236.38 secs, 2471157 evals, 2471549 steps, improv/step: 0.020 (last = 0.0129), fitness=-1795480685.030851126
19266.39 secs, 2475242 evals, 2475634 steps, improv/step: 0.020 (last = 0.0193), fitness=-1795480685.033560753
19296.39 secs, 2479182 evals, 2479576 steps, improv/step: 0.020 (last = 0.0147), fitness=-1795480685.035349607
19326.40 secs, 2483181 evals, 2483575 steps, improv/step: 0.020 (last = 0.0135), fitness=-1795480685.036024570
19356.40 secs, 2487213 evals, 2487607 steps, improv/step: 0.020 (last = 0.0174), fitness=-1795480685.039719105
19386.41 secs, 2491399 evals, 2491794 steps, improv/step: 0.020 (last = 0.0172), fitness=-1795480685.042642593
19416.41 secs, 2495513 evals, 2495909 steps, improv/step: 0.020 (last = 0.0129), fitness=-1795480685.044915199
19446.42 secs, 2499584 evals, 2499980 steps, improv/step: 0.020 (last = 0.0113), fitness=-1795480685.051965237

Optimization stopped after 2500397 steps and 19449.39 seconds
Termination reason: Max number of function evaluations (2500000) reached
Steps per second = 128.56
Function evals per second = 128.54
Improvements/step = Inf
Total function evaluations = 2500001


Best candidate found: [103.844, 73.1481, 15.3529, 4.96134, 1328.23, 86.1878, 93.6486, 106.554, 4.79871, 1189.8, 5.2515e-5, 0.000525425, 0.00524766, 0.518758, 0.518923]

Fitness: -1795480685.051965237

-1.7954806850557454e9

[103.84444580123044, 73.14814882891139, 15.352853864688251, 4.961294091999087, 1328.2321585757238, 86.18778989307015, 93.6486243451114, 106.5544242567652, 4.798712650315606, 1189.8001077919284, 5.252062710926987e-5, 0.0005254313415645281, 0.005247663563685565, 0.5187609400952075, 0.5189203851242594]

Script has finished
Wed Dec 22 01:45:16 CET 2021

------------------------------------------------------------
Sender: LSF System <schwan@makalu194>
Subject: Job 576409: <Julia_Job_parallel> in cluster <wuerfel> Done

Job <Julia_Job_parallel> was submitted from host <makalu56> by user <magr4985> in cluster <wuerfel> at Tue Dec 21 19:54:42 2021
Job was executed on host(s) <makalu194>, in queue <BatchXL>, as user <magr4985> in cluster <wuerfel> at Tue Dec 21 20:17:18 2021
</usr/scratch4/magr4985> was used as the home directory.
</usr/scratch4/magr4985/TRPL/BatchJobs/syn_data_4/Run21> was used as the working directory.
Started at Tue Dec 21 20:17:18 2021
Terminated at Wed Dec 22 01:45:17 2021
Results reported at Wed Dec 22 01:45:17 2021

Your job looked like:

------------------------------------------------------------
# LSBATCH: User input
#!/bin/csh 
#BSUB -q BatchXL 
#BSUB -R "mem > 8000 span[hosts=1] && intel_avx2" 
#BSUB -oo lsf_julia_%J.log 
#BSUB -eo lsf_julia_%J.err 
#BSUB -J Julia_Job_parallel 
#BSUB -L /bin/csh 
#BSUB -n 1 
date 
pwd 
module purge 
/usr/scratch4/magr4985/julia-1.6.2/bin/julia -t 4 /usr/scratch4/magr4985/TRPL/Programs/trpl_analysis_syn.jl 4 2500000 1 /usr/scratch4/magr4985/TRPL/BatchJobs/syn_data_4/Run21 1.0e-14 3600 "[1.0, 1.0, 1.0, 1.0, 1.0, 1.0, 1.0, 1.0, 1.0, 1.0, 1.0e-6, 1.0e-6, 1.0e-6, 1.0e-6, 1.0e-6, 1.0e-6, 1.0e-6, 1.0e-6, 1.0e-6, 1.0e-6]" "[5000.0, 5000.0, 1000.0, 1000.0, 1.0e9, 1000.0, 10000.0, 10000.0, 1000.0, 1.0e6, 1.0, 1.0, 1.0, 1.0, 1.0, 1.0, 1.0, 1.0, 1.0, 1.0]" 
date
------------------------------------------------------------

Successfully completed.

Resource usage summary:

    CPU time :                                   33724.84 sec.
    Max Memory :                                 1412.34 MB
    Average Memory :                             1165.07 MB
    Total Requested Memory :                     -
    Delta Memory :                               -
    Max Swap :                                   256 KB
    Max Processes :                              4
    Max Threads :                                12
    Run time :                                   19678 sec.
    Turnaround time :                            21035 sec.

The output (if any) is above this job summary.



PS:

Read file <lsf_julia_576409.err> for stderr output of this job.

