Warning: no access to tty (Bad file descriptor).
Thus no job control in this shell.
Warning: no access to tty (Bad file descriptor).
Thus no job control in this shell.
Sat Dec 18 15:38:16 CET 2021
/usr/scratch4/magr4985/TRPL/BatchJobs/C2702_hzb/Run21
# Thread: 4
2862106408344435384 RNG Seed
Run 1
Starting optimization with optimizer DiffEvoOpt{FitPopulation{Float64}, RadiusLimitedSelector, BlackBoxOptim.DiffEvoRandBin{3}, RandomBound{ContinuousRectSearchSpace}}
0.00 secs, 0 evals, 0 steps
30.01 secs, 3243 evals, 3142 steps, improv/step: 0.316 (last = 0.3157), fitness=-271352716.675493121
60.01 secs, 6640 evals, 6539 steps, improv/step: 0.257 (last = 0.2019), fitness=-286126653.153136134
90.02 secs, 9980 evals, 9879 steps, improv/step: 0.214 (last = 0.1308), fitness=-286960143.680824816
120.02 secs, 13366 evals, 13265 steps, improv/step: 0.186 (last = 0.1025), fitness=-287114181.022848129
150.02 secs, 16969 evals, 16868 steps, improv/step: 0.164 (last = 0.0830), fitness=-287159027.231273055
180.04 secs, 20441 evals, 20340 steps, improv/step: 0.148 (last = 0.0723), fitness=-287167890.155073345
210.05 secs, 24060 evals, 23959 steps, improv/step: 0.137 (last = 0.0732), fitness=-287173186.982190192
240.05 secs, 27710 evals, 27609 steps, improv/step: 0.130 (last = 0.0866), fitness=-287179704.568927169
270.05 secs, 31393 evals, 31292 steps, improv/step: 0.128 (last = 0.1143), fitness=-287185170.269967318
300.05 secs, 34991 evals, 34890 steps, improv/step: 0.127 (last = 0.1126), fitness=-287192498.584429145
330.06 secs, 38531 evals, 38430 steps, improv/step: 0.123 (last = 0.0915), fitness=-287197263.072095871
360.11 secs, 42081 evals, 41980 steps, improv/step: 0.119 (last = 0.0704), fitness=-287199230.366563082
390.11 secs, 45577 evals, 45476 steps, improv/step: 0.115 (last = 0.0689), fitness=-287200297.132027626
420.12 secs, 49144 evals, 49043 steps, improv/step: 0.112 (last = 0.0760), fitness=-287200881.907009006
450.13 secs, 52776 evals, 52675 steps, improv/step: 0.108 (last = 0.0567), fitness=-287201291.357755065
480.16 secs, 56368 evals, 56267 steps, improv/step: 0.105 (last = 0.0557), fitness=-287201520.240843713
510.17 secs, 59934 evals, 59834 steps, improv/step: 0.102 (last = 0.0603), fitness=-287201680.158010781
540.17 secs, 63527 evals, 63427 steps, improv/step: 0.100 (last = 0.0626), fitness=-287201763.978257060
570.21 secs, 67053 evals, 66953 steps, improv/step: 0.098 (last = 0.0644), fitness=-287201820.208346665
600.22 secs, 70496 evals, 70396 steps, improv/step: 0.096 (last = 0.0433), fitness=-287201858.926972330
630.27 secs, 73981 evals, 73881 steps, improv/step: 0.093 (last = 0.0496), fitness=-287201912.007557571
660.28 secs, 77542 evals, 77442 steps, improv/step: 0.091 (last = 0.0444), fitness=-287201951.998852134
690.33 secs, 80933 evals, 80833 steps, improv/step: 0.090 (last = 0.0528), fitness=-287201991.377741694
720.33 secs, 84255 evals, 84156 steps, improv/step: 0.088 (last = 0.0457), fitness=-287201997.171413720
750.33 secs, 87847 evals, 87748 steps, improv/step: 0.086 (last = 0.0484), fitness=-287202030.355031967
780.34 secs, 91345 evals, 91246 steps, improv/step: 0.084 (last = 0.0392), fitness=-287202041.967197120
810.34 secs, 94852 evals, 94753 steps, improv/step: 0.083 (last = 0.0470), fitness=-287202050.459289372
840.34 secs, 98388 evals, 98290 steps, improv/step: 0.081 (last = 0.0370), fitness=-287202053.500907779
870.34 secs, 101867 evals, 101769 steps, improv/step: 0.080 (last = 0.0365), fitness=-287202057.677914083
900.35 secs, 105445 evals, 105347 steps, improv/step: 0.079 (last = 0.0545), fitness=-287202058.636884570
930.35 secs, 108991 evals, 108893 steps, improv/step: 0.078 (last = 0.0465), fitness=-287202060.257674813
960.35 secs, 112523 evals, 112426 steps, improv/step: 0.077 (last = 0.0504), fitness=-287202061.428039312
990.36 secs, 116065 evals, 115968 steps, improv/step: 0.076 (last = 0.0429), fitness=-287202061.950511098
1020.36 secs, 119521 evals, 119424 steps, improv/step: 0.075 (last = 0.0428), fitness=-287202062.106088400
1050.37 secs, 122964 evals, 122867 steps, improv/step: 0.074 (last = 0.0410), fitness=-287202062.327349603
1080.47 secs, 126446 evals, 126350 steps, improv/step: 0.073 (last = 0.0471), fitness=-287202062.478923738
1110.52 secs, 129921 evals, 129825 steps, improv/step: 0.073 (last = 0.0538), fitness=-287202062.544825077
1140.53 secs, 133727 evals, 133631 steps, improv/step: 0.072 (last = 0.0486), fitness=-287202062.621419132
1170.62 secs, 137427 evals, 137331 steps, improv/step: 0.071 (last = 0.0378), fitness=-287202062.639170647
1200.62 secs, 140994 evals, 140898 steps, improv/step: 0.071 (last = 0.0449), fitness=-287202062.661221921
1230.64 secs, 144817 evals, 144721 steps, improv/step: 0.070 (last = 0.0408), fitness=-287202062.672760427
1260.65 secs, 148716 evals, 148620 steps, improv/step: 0.069 (last = 0.0318), fitness=-287202062.686706126
1290.67 secs, 152347 evals, 152251 steps, improv/step: 0.068 (last = 0.0342), fitness=-287202062.696794450
1320.67 secs, 155920 evals, 155824 steps, improv/step: 0.068 (last = 0.0532), fitness=-287202062.706203878
1350.68 secs, 159389 evals, 159294 steps, improv/step: 0.067 (last = 0.0476), fitness=-287202062.709625959
1380.68 secs, 162881 evals, 162787 steps, improv/step: 0.067 (last = 0.0481), fitness=-287202062.714105606
1410.69 secs, 166710 evals, 166617 steps, improv/step: 0.066 (last = 0.0319), fitness=-287202062.715817332
1440.70 secs, 170470 evals, 170377 steps, improv/step: 0.065 (last = 0.0354), fitness=-287202062.718170524
1470.71 secs, 174249 evals, 174157 steps, improv/step: 0.064 (last = 0.0288), fitness=-287202062.720478535
1500.71 secs, 178052 evals, 177960 steps, improv/step: 0.064 (last = 0.0310), fitness=-287202062.724163949
1530.72 secs, 181858 evals, 181768 steps, improv/step: 0.063 (last = 0.0433), fitness=-287202062.726227760
1560.72 secs, 185651 evals, 185561 steps, improv/step: 0.063 (last = 0.0475), fitness=-287202062.728052616
1590.72 secs, 189503 evals, 189413 steps, improv/step: 0.063 (last = 0.0571), fitness=-287202062.731511712
1620.73 secs, 193348 evals, 193259 steps, improv/step: 0.063 (last = 0.0588), fitness=-287202062.736160874
1650.73 secs, 197086 evals, 196997 steps, improv/step: 0.063 (last = 0.0495), fitness=-287202062.744515479
1680.76 secs, 201038 evals, 200949 steps, improv/step: 0.062 (last = 0.0468), fitness=-287202062.750677049
1710.76 secs, 204938 evals, 204849 steps, improv/step: 0.062 (last = 0.0454), fitness=-287202062.753690779
1740.76 secs, 208694 evals, 208605 steps, improv/step: 0.062 (last = 0.0479), fitness=-287202062.757758975
1770.82 secs, 212502 evals, 212413 steps, improv/step: 0.061 (last = 0.0478), fitness=-287202062.766259551
1800.82 secs, 216330 evals, 216241 steps, improv/step: 0.061 (last = 0.0530), fitness=-287202062.772746801
1830.83 secs, 220138 evals, 220049 steps, improv/step: 0.061 (last = 0.0389), fitness=-287202062.777669370
1860.83 secs, 224035 evals, 223946 steps, improv/step: 0.061 (last = 0.0452), fitness=-287202062.785872817
1890.83 secs, 227804 evals, 227715 steps, improv/step: 0.060 (last = 0.0313), fitness=-287202062.792938054
1920.84 secs, 231525 evals, 231436 steps, improv/step: 0.060 (last = 0.0357), fitness=-287202062.805498123
1950.87 secs, 235327 evals, 235239 steps, improv/step: 0.059 (last = 0.0316), fitness=-287202062.813206434
1980.88 secs, 239169 evals, 239081 steps, improv/step: 0.059 (last = 0.0333), fitness=-287202062.826815188
2010.88 secs, 242958 evals, 242870 steps, improv/step: 0.059 (last = 0.0362), fitness=-287202062.833310902
2040.89 secs, 246821 evals, 246734 steps, improv/step: 0.058 (last = 0.0300), fitness=-287202062.844361484
2070.89 secs, 250599 evals, 250512 steps, improv/step: 0.058 (last = 0.0339), fitness=-287202062.855137348
2100.90 secs, 254290 evals, 254203 steps, improv/step: 0.057 (last = 0.0377), fitness=-287202062.863794267
2130.90 secs, 258126 evals, 258039 steps, improv/step: 0.057 (last = 0.0357), fitness=-287202062.871261358
2160.90 secs, 261839 evals, 261752 steps, improv/step: 0.057 (last = 0.0342), fitness=-287202062.879787385
2190.90 secs, 265391 evals, 265304 steps, improv/step: 0.056 (last = 0.0290), fitness=-287202062.890548110
2220.91 secs, 269335 evals, 269249 steps, improv/step: 0.056 (last = 0.0324), fitness=-287202062.897487164
2250.91 secs, 273121 evals, 273035 steps, improv/step: 0.056 (last = 0.0330), fitness=-287202062.904232144
2280.91 secs, 276641 evals, 276555 steps, improv/step: 0.056 (last = 0.0466), fitness=-287202062.914875627
2310.91 secs, 280023 evals, 279937 steps, improv/step: 0.055 (last = 0.0435), fitness=-287202062.926327467
2340.91 secs, 283679 evals, 283593 steps, improv/step: 0.055 (last = 0.0350), fitness=-287202062.931566417
2370.92 secs, 287456 evals, 287370 steps, improv/step: 0.055 (last = 0.0310), fitness=-287202062.943847120
2400.92 secs, 291240 evals, 291155 steps, improv/step: 0.055 (last = 0.0365), fitness=-287202062.945666313
2430.93 secs, 295029 evals, 294945 steps, improv/step: 0.054 (last = 0.0293), fitness=-287202062.953536391
2460.93 secs, 298820 evals, 298736 steps, improv/step: 0.054 (last = 0.0303), fitness=-287202062.960000813
2490.94 secs, 302678 evals, 302594 steps, improv/step: 0.054 (last = 0.0389), fitness=-287202062.974333584
2520.94 secs, 306440 evals, 306356 steps, improv/step: 0.054 (last = 0.0292), fitness=-287202062.986423433
2550.94 secs, 310191 evals, 310107 steps, improv/step: 0.053 (last = 0.0307), fitness=-287202063.003702343
2580.95 secs, 313937 evals, 313853 steps, improv/step: 0.053 (last = 0.0248), fitness=-287202063.008465707
2610.95 secs, 317779 evals, 317695 steps, improv/step: 0.053 (last = 0.0258), fitness=-287202063.017252386
2640.96 secs, 321648 evals, 321564 steps, improv/step: 0.052 (last = 0.0204), fitness=-287202063.027136624
2670.96 secs, 325369 evals, 325287 steps, improv/step: 0.052 (last = 0.0207), fitness=-287202063.043828368
2700.96 secs, 329100 evals, 329018 steps, improv/step: 0.051 (last = 0.0228), fitness=-287202063.069426775
2730.97 secs, 332853 evals, 332772 steps, improv/step: 0.051 (last = 0.0221), fitness=-287202063.075305462
2760.97 secs, 336670 evals, 336591 steps, improv/step: 0.051 (last = 0.0238), fitness=-287202063.120480359
2790.97 secs, 340480 evals, 340401 steps, improv/step: 0.051 (last = 0.0281), fitness=-287202063.151194394
2820.98 secs, 344194 evals, 344115 steps, improv/step: 0.050 (last = 0.0199), fitness=-287202063.167720139
2850.98 secs, 347924 evals, 347845 steps, improv/step: 0.050 (last = 0.0209), fitness=-287202063.198620439
2880.98 secs, 351779 evals, 351701 steps, improv/step: 0.050 (last = 0.0259), fitness=-287202063.239572823
2911.00 secs, 355677 evals, 355600 steps, improv/step: 0.049 (last = 0.0241), fitness=-287202063.242636740
2941.00 secs, 359462 evals, 359385 steps, improv/step: 0.049 (last = 0.0193), fitness=-287202063.294789314
2971.00 secs, 363379 evals, 363303 steps, improv/step: 0.049 (last = 0.0258), fitness=-287202063.361959696
3001.01 secs, 367178 evals, 367103 steps, improv/step: 0.049 (last = 0.0237), fitness=-287202063.394332528
3031.16 secs, 370833 evals, 370758 steps, improv/step: 0.048 (last = 0.0194), fitness=-287202063.454979002
3061.16 secs, 374176 evals, 374102 steps, improv/step: 0.048 (last = 0.0203), fitness=-287202063.494727075
3091.16 secs, 377948 evals, 377876 steps, improv/step: 0.048 (last = 0.0225), fitness=-287202063.555027366
3121.17 secs, 381581 evals, 381509 steps, improv/step: 0.048 (last = 0.0190), fitness=-287202063.583682001
3151.17 secs, 385284 evals, 385212 steps, improv/step: 0.047 (last = 0.0186), fitness=-287202063.607105911
3181.17 secs, 389054 evals, 388983 steps, improv/step: 0.047 (last = 0.0265), fitness=-287202063.637604356
3211.25 secs, 392902 evals, 392832 steps, improv/step: 0.047 (last = 0.0184), fitness=-287202063.667786539
3241.33 secs, 396853 evals, 396783 steps, improv/step: 0.046 (last = 0.0182), fitness=-287202063.695561409
3271.34 secs, 400708 evals, 400638 steps, improv/step: 0.046 (last = 0.0171), fitness=-287202063.715559483
3301.34 secs, 404327 evals, 404257 steps, improv/step: 0.046 (last = 0.0199), fitness=-287202063.723575294
3331.35 secs, 407951 evals, 407882 steps, improv/step: 0.046 (last = 0.0229), fitness=-287202063.783600807
3361.37 secs, 411721 evals, 411653 steps, improv/step: 0.046 (last = 0.0255), fitness=-287202063.783600807
3391.37 secs, 415382 evals, 415314 steps, improv/step: 0.045 (last = 0.0251), fitness=-287202063.810972989
3421.38 secs, 419024 evals, 418958 steps, improv/step: 0.045 (last = 0.0239), fitness=-287202063.865244448
3451.47 secs, 422822 evals, 422756 steps, improv/step: 0.045 (last = 0.0237), fitness=-287202063.913316727
3481.47 secs, 426431 evals, 426365 steps, improv/step: 0.045 (last = 0.0269), fitness=-287202063.974368751
3511.63 secs, 430134 evals, 430069 steps, improv/step: 0.045 (last = 0.0184), fitness=-287202064.006759226
3541.63 secs, 433950 evals, 433885 steps, improv/step: 0.044 (last = 0.0189), fitness=-287202064.034510374
3571.63 secs, 437489 evals, 437425 steps, improv/step: 0.044 (last = 0.0209), fitness=-287202064.051224589
3601.64 secs, 441170 evals, 441106 steps, improv/step: 0.044 (last = 0.0149), fitness=-287202064.069055021
3631.64 secs, 444903 evals, 444839 steps, improv/step: 0.044 (last = 0.0155), fitness=-287202064.098484695
3661.65 secs, 448617 evals, 448553 steps, improv/step: 0.044 (last = 0.0210), fitness=-287202064.105599284
3691.65 secs, 452349 evals, 452286 steps, improv/step: 0.043 (last = 0.0190), fitness=-287202064.140062690
3721.65 secs, 456011 evals, 455950 steps, improv/step: 0.043 (last = 0.0156), fitness=-287202064.155961514
3751.66 secs, 459298 evals, 459238 steps, improv/step: 0.043 (last = 0.0201), fitness=-287202064.210687339
3781.66 secs, 462813 evals, 462754 steps, improv/step: 0.043 (last = 0.0208), fitness=-287202064.210687339
3811.66 secs, 466661 evals, 466602 steps, improv/step: 0.043 (last = 0.0161), fitness=-287202064.241509140
3841.67 secs, 470487 evals, 470429 steps, improv/step: 0.042 (last = 0.0152), fitness=-287202064.245938003
3871.67 secs, 474409 evals, 474352 steps, improv/step: 0.042 (last = 0.0194), fitness=-287202064.268282592
3901.68 secs, 478120 evals, 478064 steps, improv/step: 0.042 (last = 0.0178), fitness=-287202064.292731404
3931.79 secs, 482081 evals, 482026 steps, improv/step: 0.042 (last = 0.0174), fitness=-287202064.335866213
3961.80 secs, 485602 evals, 485548 steps, improv/step: 0.042 (last = 0.0148), fitness=-287202064.340612233
3991.81 secs, 488984 evals, 488930 steps, improv/step: 0.041 (last = 0.0166), fitness=-287202064.385858536
4021.85 secs, 492714 evals, 492660 steps, improv/step: 0.041 (last = 0.0212), fitness=-287202064.450996220
4051.85 secs, 496476 evals, 496422 steps, improv/step: 0.041 (last = 0.0098), fitness=-287202064.452659130
4081.98 secs, 500219 evals, 500167 steps, improv/step: 0.041 (last = 0.0179), fitness=-287202064.500976324
4112.03 secs, 503648 evals, 503597 steps, improv/step: 0.041 (last = 0.0172), fitness=-287202064.538679004
4142.03 secs, 507124 evals, 507074 steps, improv/step: 0.040 (last = 0.0158), fitness=-287202064.589946926
4172.04 secs, 510681 evals, 510631 steps, improv/step: 0.040 (last = 0.0146), fitness=-287202064.621977210
4202.09 secs, 514288 evals, 514238 steps, improv/step: 0.040 (last = 0.0141), fitness=-287202064.686802268
4232.10 secs, 517941 evals, 517892 steps, improv/step: 0.040 (last = 0.0213), fitness=-287202064.686802268
4262.10 secs, 521530 evals, 521481 steps, improv/step: 0.040 (last = 0.0234), fitness=-287202064.746153176
4292.10 secs, 525021 evals, 524972 steps, improv/step: 0.040 (last = 0.0180), fitness=-287202064.819335103
4322.11 secs, 528365 evals, 528316 steps, improv/step: 0.040 (last = 0.0194), fitness=-287202064.838155985
4352.11 secs, 531824 evals, 531775 steps, improv/step: 0.039 (last = 0.0179), fitness=-287202064.840888023
4382.11 secs, 535543 evals, 535495 steps, improv/step: 0.039 (last = 0.0156), fitness=-287202064.874816835
4412.12 secs, 539223 evals, 539175 steps, improv/step: 0.039 (last = 0.0160), fitness=-287202064.921918273
4442.12 secs, 542927 evals, 542880 steps, improv/step: 0.039 (last = 0.0140), fitness=-287202064.998196959
4472.12 secs, 546623 evals, 546576 steps, improv/step: 0.039 (last = 0.0176), fitness=-287202065.041642904
4502.13 secs, 550313 evals, 550267 steps, improv/step: 0.039 (last = 0.0217), fitness=-287202065.067956209
4532.13 secs, 554083 evals, 554037 steps, improv/step: 0.039 (last = 0.0212), fitness=-287202065.084105134
4562.13 secs, 557738 evals, 557692 steps, improv/step: 0.038 (last = 0.0175), fitness=-287202065.110383153
4592.17 secs, 561574 evals, 561528 steps, improv/step: 0.038 (last = 0.0211), fitness=-287202065.150897384
4622.17 secs, 565279 evals, 565235 steps, improv/step: 0.038 (last = 0.0189), fitness=-287202065.176299155
4652.17 secs, 568937 evals, 568893 steps, improv/step: 0.038 (last = 0.0287), fitness=-287202065.192649722
4682.18 secs, 572522 evals, 572478 steps, improv/step: 0.038 (last = 0.0279), fitness=-287202065.219521105
4712.25 secs, 576319 evals, 576276 steps, improv/step: 0.038 (last = 0.0208), fitness=-287202065.238602936
4742.25 secs, 580083 evals, 580041 steps, improv/step: 0.038 (last = 0.0231), fitness=-287202065.268508315
4772.25 secs, 583524 evals, 583483 steps, improv/step: 0.038 (last = 0.0325), fitness=-287202065.287840486
4802.26 secs, 587511 evals, 587472 steps, improv/step: 0.038 (last = 0.0266), fitness=-287202065.350496531
4832.26 secs, 591272 evals, 591233 steps, improv/step: 0.038 (last = 0.0239), fitness=-287202065.365148485
4862.35 secs, 595013 evals, 594974 steps, improv/step: 0.038 (last = 0.0275), fitness=-287202065.401582360
4892.36 secs, 598930 evals, 598892 steps, improv/step: 0.038 (last = 0.0258), fitness=-287202065.419262290
4922.36 secs, 602724 evals, 602686 steps, improv/step: 0.037 (last = 0.0235), fitness=-287202065.442879081
4952.55 secs, 606462 evals, 606424 steps, improv/step: 0.037 (last = 0.0246), fitness=-287202065.484818637
4982.55 secs, 610082 evals, 610045 steps, improv/step: 0.037 (last = 0.0249), fitness=-287202065.556188405
5012.56 secs, 613694 evals, 613658 steps, improv/step: 0.037 (last = 0.0244), fitness=-287202065.598101676
5042.56 secs, 617477 evals, 617442 steps, improv/step: 0.037 (last = 0.0233), fitness=-287202065.663579404
5072.56 secs, 621206 evals, 621171 steps, improv/step: 0.037 (last = 0.0206), fitness=-287202065.764391303
5102.56 secs, 624904 evals, 624871 steps, improv/step: 0.037 (last = 0.0159), fitness=-287202065.890507162
5132.57 secs, 628686 evals, 628655 steps, improv/step: 0.037 (last = 0.0203), fitness=-287202065.905142903
5162.58 secs, 632411 evals, 632380 steps, improv/step: 0.037 (last = 0.0164), fitness=-287202066.029848695
5192.58 secs, 636270 evals, 636240 steps, improv/step: 0.037 (last = 0.0145), fitness=-287202066.135728836
5222.58 secs, 640024 evals, 639996 steps, improv/step: 0.036 (last = 0.0173), fitness=-287202066.223870754
5252.58 secs, 643822 evals, 643795 steps, improv/step: 0.036 (last = 0.0176), fitness=-287202066.278718531
5282.58 secs, 647578 evals, 647552 steps, improv/step: 0.036 (last = 0.0165), fitness=-287202066.317408681
5312.58 secs, 651382 evals, 651357 steps, improv/step: 0.036 (last = 0.0168), fitness=-287202066.338949382
5342.75 secs, 655226 evals, 655201 steps, improv/step: 0.036 (last = 0.0153), fitness=-287202066.409827948
5372.75 secs, 658981 evals, 658957 steps, improv/step: 0.036 (last = 0.0186), fitness=-287202066.423862934
5402.75 secs, 662823 evals, 662800 steps, improv/step: 0.036 (last = 0.0167), fitness=-287202066.494623482
5432.75 secs, 666675 evals, 666652 steps, improv/step: 0.036 (last = 0.0104), fitness=-287202066.522541344
5462.75 secs, 670407 evals, 670385 steps, improv/step: 0.036 (last = 0.0153), fitness=-287202066.614700913
5492.76 secs, 674102 evals, 674081 steps, improv/step: 0.035 (last = 0.0203), fitness=-287202066.643811226
5522.77 secs, 677697 evals, 677676 steps, improv/step: 0.035 (last = 0.0181), fitness=-287202066.647808969
5552.77 secs, 681548 evals, 681528 steps, improv/step: 0.035 (last = 0.0182), fitness=-287202066.697356582
5582.77 secs, 685103 evals, 685084 steps, improv/step: 0.035 (last = 0.0205), fitness=-287202066.708975792
5612.78 secs, 688796 evals, 688777 steps, improv/step: 0.035 (last = 0.0214), fitness=-287202066.795597196
5642.78 secs, 692434 evals, 692415 steps, improv/step: 0.035 (last = 0.0173), fitness=-287202066.795597196
5672.78 secs, 696049 evals, 696030 steps, improv/step: 0.035 (last = 0.0133), fitness=-287202066.830018401
5702.78 secs, 699555 evals, 699537 steps, improv/step: 0.035 (last = 0.0134), fitness=-287202066.830018401
5732.79 secs, 703216 evals, 703198 steps, improv/step: 0.035 (last = 0.0172), fitness=-287202066.907575607
5762.80 secs, 706822 evals, 706804 steps, improv/step: 0.035 (last = 0.0158), fitness=-287202066.984900773
5792.80 secs, 710487 evals, 710470 steps, improv/step: 0.034 (last = 0.0172), fitness=-287202067.077736616
5822.80 secs, 714256 evals, 714240 steps, improv/step: 0.034 (last = 0.0178), fitness=-287202067.188742161
5852.81 secs, 717996 evals, 717980 steps, improv/step: 0.034 (last = 0.0110), fitness=-287202067.188742161
5882.81 secs, 721674 evals, 721660 steps, improv/step: 0.034 (last = 0.0149), fitness=-287202067.188742161
5912.81 secs, 724988 evals, 724975 steps, improv/step: 0.034 (last = 0.0175), fitness=-287202067.206501245
5942.81 secs, 728756 evals, 728743 steps, improv/step: 0.034 (last = 0.0223), fitness=-287202067.288084149
5972.82 secs, 732499 evals, 732486 steps, improv/step: 0.034 (last = 0.0190), fitness=-287202067.319882512
6002.82 secs, 736280 evals, 736267 steps, improv/step: 0.034 (last = 0.0143), fitness=-287202067.368367195
6032.82 secs, 739911 evals, 739898 steps, improv/step: 0.034 (last = 0.0160), fitness=-287202067.433297575
6062.83 secs, 743647 evals, 743634 steps, improv/step: 0.034 (last = 0.0134), fitness=-287202067.433784544
6092.83 secs, 747428 evals, 747415 steps, improv/step: 0.034 (last = 0.0167), fitness=-287202067.531893849
6122.83 secs, 751131 evals, 751120 steps, improv/step: 0.033 (last = 0.0103), fitness=-287202067.744314492
6152.84 secs, 754873 evals, 754863 steps, improv/step: 0.033 (last = 0.0096), fitness=-287202067.744314492
6182.97 secs, 758631 evals, 758622 steps, improv/step: 0.033 (last = 0.0112), fitness=-287202067.931599379
6212.98 secs, 762389 evals, 762380 steps, improv/step: 0.033 (last = 0.0088), fitness=-287202067.931599379
6242.98 secs, 766228 evals, 766220 steps, improv/step: 0.033 (last = 0.0128), fitness=-287202067.931599379
6272.98 secs, 769931 evals, 769924 steps, improv/step: 0.033 (last = 0.0100), fitness=-287202068.068911910
6302.98 secs, 773753 evals, 773748 steps, improv/step: 0.033 (last = 0.0102), fitness=-287202068.113898516
6333.07 secs, 777486 evals, 777483 steps, improv/step: 0.033 (last = 0.0112), fitness=-287202068.268238485
6363.07 secs, 781044 evals, 781043 steps, improv/step: 0.033 (last = 0.0090), fitness=-287202068.327935696
6393.14 secs, 784763 evals, 784763 steps, improv/step: 0.032 (last = 0.0113), fitness=-287202068.327935696
6423.15 secs, 788485 evals, 788487 steps, improv/step: 0.032 (last = 0.0089), fitness=-287202068.328246117
6453.31 secs, 792268 evals, 792271 steps, improv/step: 0.032 (last = 0.0122), fitness=-287202068.417328358
6483.32 secs, 796169 evals, 796175 steps, improv/step: 0.032 (last = 0.0123), fitness=-287202068.582124233
6513.32 secs, 799931 evals, 799937 steps, improv/step: 0.032 (last = 0.0117), fitness=-287202068.652350724
6543.32 secs, 803656 evals, 803663 steps, improv/step: 0.032 (last = 0.0140), fitness=-287202068.726772666
6573.33 secs, 807496 evals, 807504 steps, improv/step: 0.032 (last = 0.0112), fitness=-287202068.747857392
6603.33 secs, 811207 evals, 811215 steps, improv/step: 0.032 (last = 0.0156), fitness=-287202068.922286451
6633.34 secs, 814841 evals, 814849 steps, improv/step: 0.032 (last = 0.0146), fitness=-287202069.069761336
6663.34 secs, 818567 evals, 818577 steps, improv/step: 0.032 (last = 0.0131), fitness=-287202069.069761336
6693.34 secs, 822320 evals, 822330 steps, improv/step: 0.032 (last = 0.0149), fitness=-287202069.081977546
6723.35 secs, 826059 evals, 826071 steps, improv/step: 0.032 (last = 0.0158), fitness=-287202069.211220324
6753.39 secs, 829825 evals, 829838 steps, improv/step: 0.031 (last = 0.0143), fitness=-287202069.268054843
6783.54 secs, 833571 evals, 833589 steps, improv/step: 0.031 (last = 0.0136), fitness=-287202069.356063664
6813.55 secs, 837216 evals, 837235 steps, improv/step: 0.031 (last = 0.0184), fitness=-287202069.399111390
6843.68 secs, 840931 evals, 840950 steps, improv/step: 0.031 (last = 0.0194), fitness=-287202069.482379675
6873.68 secs, 844681 evals, 844700 steps, improv/step: 0.031 (last = 0.0192), fitness=-287202069.553887844
6903.96 secs, 848344 evals, 848363 steps, improv/step: 0.031 (last = 0.0188), fitness=-287202069.610914588
6933.97 secs, 852126 evals, 852145 steps, improv/step: 0.031 (last = 0.0159), fitness=-287202069.626480579
6963.97 secs, 855894 evals, 855915 steps, improv/step: 0.031 (last = 0.0146), fitness=-287202069.644635320
6993.97 secs, 859621 evals, 859642 steps, improv/step: 0.031 (last = 0.0180), fitness=-287202069.714795113
7024.04 secs, 863339 evals, 863361 steps, improv/step: 0.031 (last = 0.0188), fitness=-287202069.786404967
7054.04 secs, 867069 evals, 867092 steps, improv/step: 0.031 (last = 0.0231), fitness=-287202069.866591156
7084.25 secs, 870736 evals, 870759 steps, improv/step: 0.031 (last = 0.0183), fitness=-287202069.899469018
7114.25 secs, 874384 evals, 874407 steps, improv/step: 0.031 (last = 0.0156), fitness=-287202069.930558264
7144.25 secs, 878162 evals, 878185 steps, improv/step: 0.031 (last = 0.0185), fitness=-287202069.979406238
7174.26 secs, 881852 evals, 881876 steps, improv/step: 0.031 (last = 0.0200), fitness=-287202070.041044831
7204.26 secs, 885532 evals, 885558 steps, improv/step: 0.031 (last = 0.0171), fitness=-287202070.136026680
7234.27 secs, 889246 evals, 889273 steps, improv/step: 0.031 (last = 0.0172), fitness=-287202070.235166490
7264.27 secs, 892986 evals, 893014 steps, improv/step: 0.030 (last = 0.0187), fitness=-287202070.235166490
7294.27 secs, 896712 evals, 896741 steps, improv/step: 0.030 (last = 0.0169), fitness=-287202070.406909466
7324.27 secs, 900390 evals, 900419 steps, improv/step: 0.030 (last = 0.0155), fitness=-287202070.406909466
7354.28 secs, 903831 evals, 903862 steps, improv/step: 0.030 (last = 0.0166), fitness=-287202070.493604898
7384.28 secs, 907543 evals, 907574 steps, improv/step: 0.030 (last = 0.0186), fitness=-287202070.579985738
7414.29 secs, 911162 evals, 911194 steps, improv/step: 0.030 (last = 0.0160), fitness=-287202070.606615067
7444.29 secs, 914873 evals, 914905 steps, improv/step: 0.030 (last = 0.0146), fitness=-287202070.767134964
7474.29 secs, 918677 evals, 918709 steps, improv/step: 0.030 (last = 0.0137), fitness=-287202070.839217544
7504.30 secs, 922321 evals, 922353 steps, improv/step: 0.030 (last = 0.0107), fitness=-287202070.957362533
7534.30 secs, 925945 evals, 925977 steps, improv/step: 0.030 (last = 0.0163), fitness=-287202071.278131366
7564.31 secs, 929489 evals, 929521 steps, improv/step: 0.030 (last = 0.0119), fitness=-287202071.278131366
7594.31 secs, 933512 evals, 933545 steps, improv/step: 0.030 (last = 0.0122), fitness=-287202071.394125760
7624.31 secs, 937304 evals, 937337 steps, improv/step: 0.030 (last = 0.0111), fitness=-287202071.674991071
7654.45 secs, 940982 evals, 941017 steps, improv/step: 0.030 (last = 0.0158), fitness=-287202071.696692348
7684.45 secs, 944510 evals, 944545 steps, improv/step: 0.030 (last = 0.0130), fitness=-287202071.849853396
7714.45 secs, 948373 evals, 948410 steps, improv/step: 0.030 (last = 0.0155), fitness=-287202071.908979177
7744.45 secs, 952274 evals, 952311 steps, improv/step: 0.030 (last = 0.0169), fitness=-287202071.982269228
7774.56 secs, 955966 evals, 956004 steps, improv/step: 0.029 (last = 0.0165), fitness=-287202072.199562609
7804.56 secs, 959452 evals, 959491 steps, improv/step: 0.029 (last = 0.0123), fitness=-287202072.200958729
7834.57 secs, 962949 evals, 962988 steps, improv/step: 0.029 (last = 0.0186), fitness=-287202072.422814608
7864.57 secs, 966475 evals, 966514 steps, improv/step: 0.029 (last = 0.0122), fitness=-287202072.447857678
7894.58 secs, 970231 evals, 970270 steps, improv/step: 0.029 (last = 0.0157), fitness=-287202072.585935295
7924.63 secs, 974011 evals, 974050 steps, improv/step: 0.029 (last = 0.0190), fitness=-287202072.771582067
7954.64 secs, 977793 evals, 977832 steps, improv/step: 0.029 (last = 0.0188), fitness=-287202072.822107434
7984.64 secs, 981362 evals, 981401 steps, improv/step: 0.029 (last = 0.0151), fitness=-287202072.878468513
8014.65 secs, 984994 evals, 985033 steps, improv/step: 0.029 (last = 0.0162), fitness=-287202072.991892636
8044.82 secs, 988826 evals, 988865 steps, improv/step: 0.029 (last = 0.0157), fitness=-287202073.028160155
8074.82 secs, 992588 evals, 992628 steps, improv/step: 0.029 (last = 0.0146), fitness=-287202073.175610542
8104.83 secs, 996220 evals, 996261 steps, improv/step: 0.029 (last = 0.0193), fitness=-287202073.236410022
8134.83 secs, 999712 evals, 999754 steps, improv/step: 0.029 (last = 0.0132), fitness=-287202073.385143876
8164.83 secs, 1003354 evals, 1003396 steps, improv/step: 0.029 (last = 0.0110), fitness=-287202073.438794494
8194.84 secs, 1006855 evals, 1006899 steps, improv/step: 0.029 (last = 0.0097), fitness=-287202073.514010608
8224.84 secs, 1010514 evals, 1010559 steps, improv/step: 0.029 (last = 0.0093), fitness=-287202073.668419838
8254.84 secs, 1014163 evals, 1014208 steps, improv/step: 0.029 (last = 0.0140), fitness=-287202073.849145651
8284.85 secs, 1017703 evals, 1017748 steps, improv/step: 0.029 (last = 0.0144), fitness=-287202073.868789494
8314.85 secs, 1021201 evals, 1021246 steps, improv/step: 0.029 (last = 0.0177), fitness=-287202074.004721999
8344.85 secs, 1024669 evals, 1024715 steps, improv/step: 0.028 (last = 0.0161), fitness=-287202074.089541435
8374.86 secs, 1028155 evals, 1028202 steps, improv/step: 0.028 (last = 0.0166), fitness=-287202074.268905044
8405.10 secs, 1031872 evals, 1031919 steps, improv/step: 0.028 (last = 0.0156), fitness=-287202074.367384672
8435.11 secs, 1035667 evals, 1035714 steps, improv/step: 0.028 (last = 0.0166), fitness=-287202074.462744594
8465.48 secs, 1039420 evals, 1039467 steps, improv/step: 0.028 (last = 0.0168), fitness=-287202074.808639109
8495.48 secs, 1042948 evals, 1042995 steps, improv/step: 0.028 (last = 0.0111), fitness=-287202074.808639109
8525.48 secs, 1046181 evals, 1046229 steps, improv/step: 0.028 (last = 0.0161), fitness=-287202074.900055945
8555.49 secs, 1049511 evals, 1049559 steps, improv/step: 0.028 (last = 0.0138), fitness=-287202075.027705908
8585.49 secs, 1053314 evals, 1053362 steps, improv/step: 0.028 (last = 0.0105), fitness=-287202075.156305671
8615.50 secs, 1057032 evals, 1057081 steps, improv/step: 0.028 (last = 0.0156), fitness=-287202075.244990468
8645.50 secs, 1060560 evals, 1060609 steps, improv/step: 0.028 (last = 0.0113), fitness=-287202075.376628458
8675.51 secs, 1064257 evals, 1064306 steps, improv/step: 0.028 (last = 0.0122), fitness=-287202075.492371559
8705.66 secs, 1067878 evals, 1067929 steps, improv/step: 0.028 (last = 0.0149), fitness=-287202075.544707656
8735.94 secs, 1071428 evals, 1071479 steps, improv/step: 0.028 (last = 0.0149), fitness=-287202075.561892569
8765.94 secs, 1075072 evals, 1075124 steps, improv/step: 0.028 (last = 0.0151), fitness=-287202075.946288228
8795.94 secs, 1078755 evals, 1078808 steps, improv/step: 0.028 (last = 0.0128), fitness=-287202076.115602851
8825.94 secs, 1082290 evals, 1082345 steps, improv/step: 0.028 (last = 0.0119), fitness=-287202076.171499729
8855.95 secs, 1085957 evals, 1086013 steps, improv/step: 0.028 (last = 0.0093), fitness=-287202076.229625463
8885.95 secs, 1089587 evals, 1089643 steps, improv/step: 0.028 (last = 0.0121), fitness=-287202076.229625463
8916.19 secs, 1093170 evals, 1093226 steps, improv/step: 0.028 (last = 0.0117), fitness=-287202076.392423511
8946.28 secs, 1096566 evals, 1096622 steps, improv/step: 0.027 (last = 0.0103), fitness=-287202076.392423511
8976.28 secs, 1100065 evals, 1100122 steps, improv/step: 0.027 (last = 0.0166), fitness=-287202076.430183589
9006.29 secs, 1103569 evals, 1103626 steps, improv/step: 0.027 (last = 0.0140), fitness=-287202076.465486526
9036.29 secs, 1107058 evals, 1107115 steps, improv/step: 0.027 (last = 0.0092), fitness=-287202076.516518116
9066.29 secs, 1110784 evals, 1110841 steps, improv/step: 0.027 (last = 0.0140), fitness=-287202076.623681247
9096.47 secs, 1114381 evals, 1114438 steps, improv/step: 0.027 (last = 0.0125), fitness=-287202076.633316875
9126.48 secs, 1118049 evals, 1118106 steps, improv/step: 0.027 (last = 0.0136), fitness=-287202076.643848658
9156.48 secs, 1121648 evals, 1121707 steps, improv/step: 0.027 (last = 0.0122), fitness=-287202076.765004754
9186.49 secs, 1125284 evals, 1125345 steps, improv/step: 0.027 (last = 0.0143), fitness=-287202076.798811734
9216.89 secs, 1128955 evals, 1129016 steps, improv/step: 0.027 (last = 0.0144), fitness=-287202076.874248922
9247.14 secs, 1132683 evals, 1132744 steps, improv/step: 0.027 (last = 0.0115), fitness=-287202076.879722238
9277.28 secs, 1136422 evals, 1136485 steps, improv/step: 0.027 (last = 0.0136), fitness=-287202077.002220929
9307.30 secs, 1140172 evals, 1140235 steps, improv/step: 0.027 (last = 0.0149), fitness=-287202077.068122566
9337.31 secs, 1143771 evals, 1143835 steps, improv/step: 0.027 (last = 0.0158), fitness=-287202077.087898970
9367.31 secs, 1147496 evals, 1147560 steps, improv/step: 0.027 (last = 0.0150), fitness=-287202077.155179143
9397.31 secs, 1150989 evals, 1151054 steps, improv/step: 0.027 (last = 0.0129), fitness=-287202077.170358300
9427.31 secs, 1154461 evals, 1154528 steps, improv/step: 0.027 (last = 0.0115), fitness=-287202077.175708532
9457.45 secs, 1157897 evals, 1157964 steps, improv/step: 0.027 (last = 0.0111), fitness=-287202077.265839279
9487.46 secs, 1161621 evals, 1161690 steps, improv/step: 0.027 (last = 0.0121), fitness=-287202077.314137280
9517.46 secs, 1165094 evals, 1165163 steps, improv/step: 0.027 (last = 0.0127), fitness=-287202077.438157916
9547.47 secs, 1168806 evals, 1168876 steps, improv/step: 0.027 (last = 0.0113), fitness=-287202077.438157916
9577.47 secs, 1172297 evals, 1172368 steps, improv/step: 0.027 (last = 0.0137), fitness=-287202077.671920359
9607.48 secs, 1175630 evals, 1175701 steps, improv/step: 0.027 (last = 0.0135), fitness=-287202077.712924063
9637.49 secs, 1179345 evals, 1179416 steps, improv/step: 0.026 (last = 0.0164), fitness=-287202077.743001580
9667.49 secs, 1182800 evals, 1182872 steps, improv/step: 0.026 (last = 0.0159), fitness=-287202077.871164918
9697.49 secs, 1186173 evals, 1186245 steps, improv/step: 0.026 (last = 0.0136), fitness=-287202077.871164918
9727.50 secs, 1189541 evals, 1189613 steps, improv/step: 0.026 (last = 0.0178), fitness=-287202077.889703929
9757.50 secs, 1193111 evals, 1193183 steps, improv/step: 0.026 (last = 0.0132), fitness=-287202077.974020362
9787.50 secs, 1196435 evals, 1196507 steps, improv/step: 0.026 (last = 0.0156), fitness=-287202078.004509687
9817.50 secs, 1200064 evals, 1200137 steps, improv/step: 0.026 (last = 0.0127), fitness=-287202078.138329506
9847.50 secs, 1203503 evals, 1203577 steps, improv/step: 0.026 (last = 0.0157), fitness=-287202078.138329506
9877.51 secs, 1206924 evals, 1207000 steps, improv/step: 0.026 (last = 0.0196), fitness=-287202078.201571584
9907.51 secs, 1210623 evals, 1210699 steps, improv/step: 0.026 (last = 0.0162), fitness=-287202078.219827294
9937.52 secs, 1214274 evals, 1214352 steps, improv/step: 0.026 (last = 0.0148), fitness=-287202078.304530263
9967.53 secs, 1217521 evals, 1217603 steps, improv/step: 0.026 (last = 0.0169), fitness=-287202078.332922518
9997.53 secs, 1220943 evals, 1221026 steps, improv/step: 0.026 (last = 0.0140), fitness=-287202078.361914933
10027.87 secs, 1224254 evals, 1224338 steps, improv/step: 0.026 (last = 0.0148), fitness=-287202078.538261712
10057.87 secs, 1227616 evals, 1227700 steps, improv/step: 0.026 (last = 0.0122), fitness=-287202078.550315976
10087.87 secs, 1230845 evals, 1230931 steps, improv/step: 0.026 (last = 0.0111), fitness=-287202078.594966888
10117.88 secs, 1234569 evals, 1234656 steps, improv/step: 0.026 (last = 0.0158), fitness=-287202078.615469337
10147.88 secs, 1238133 evals, 1238221 steps, improv/step: 0.026 (last = 0.0129), fitness=-287202078.635609984
10177.88 secs, 1241668 evals, 1241756 steps, improv/step: 0.026 (last = 0.0153), fitness=-287202078.731664777
10207.89 secs, 1245275 evals, 1245364 steps, improv/step: 0.026 (last = 0.0116), fitness=-287202078.810037136
10238.13 secs, 1248981 evals, 1249073 steps, improv/step: 0.026 (last = 0.0146), fitness=-287202078.921599030
10268.27 secs, 1252549 evals, 1252642 steps, improv/step: 0.026 (last = 0.0073), fitness=-287202078.922698438
10298.28 secs, 1255957 evals, 1256050 steps, improv/step: 0.026 (last = 0.0129), fitness=-287202079.071454585
10328.28 secs, 1259661 evals, 1259754 steps, improv/step: 0.026 (last = 0.0162), fitness=-287202079.102176487
10358.50 secs, 1263310 evals, 1263404 steps, improv/step: 0.026 (last = 0.0153), fitness=-287202079.102176487
10388.51 secs, 1267033 evals, 1267128 steps, improv/step: 0.026 (last = 0.0113), fitness=-287202079.213415802
10418.82 secs, 1270788 evals, 1270884 steps, improv/step: 0.026 (last = 0.0141), fitness=-287202079.268922687
10448.82 secs, 1274532 evals, 1274629 steps, improv/step: 0.026 (last = 0.0099), fitness=-287202079.268922687
10478.83 secs, 1278176 evals, 1278273 steps, improv/step: 0.026 (last = 0.0154), fitness=-287202079.297147095
10508.83 secs, 1281774 evals, 1281871 steps, improv/step: 0.025 (last = 0.0086), fitness=-287202079.324134350
10538.84 secs, 1285478 evals, 1285576 steps, improv/step: 0.025 (last = 0.0143), fitness=-287202079.443720639
10568.84 secs, 1289088 evals, 1289188 steps, improv/step: 0.025 (last = 0.0130), fitness=-287202079.469142318
10598.84 secs, 1292777 evals, 1292877 steps, improv/step: 0.025 (last = 0.0117), fitness=-287202079.522722900
10628.85 secs, 1296429 evals, 1296529 steps, improv/step: 0.025 (last = 0.0126), fitness=-287202079.763224185
10658.85 secs, 1300150 evals, 1300250 steps, improv/step: 0.025 (last = 0.0116), fitness=-287202079.767815292
10688.85 secs, 1303966 evals, 1304067 steps, improv/step: 0.025 (last = 0.0134), fitness=-287202079.970411777
10718.86 secs, 1307640 evals, 1307741 steps, improv/step: 0.025 (last = 0.0095), fitness=-287202079.970411777
10748.86 secs, 1311297 evals, 1311398 steps, improv/step: 0.025 (last = 0.0115), fitness=-287202080.069218516
10778.87 secs, 1315007 evals, 1315109 steps, improv/step: 0.025 (last = 0.0116), fitness=-287202080.128270864
10808.87 secs, 1318765 evals, 1318870 steps, improv/step: 0.025 (last = 0.0114), fitness=-287202080.179848433
10838.87 secs, 1322242 evals, 1322347 steps, improv/step: 0.025 (last = 0.0155), fitness=-287202080.263313413
10868.87 secs, 1325663 evals, 1325768 steps, improv/step: 0.025 (last = 0.0196), fitness=-287202080.457242966
10898.88 secs, 1329437 evals, 1329543 steps, improv/step: 0.025 (last = 0.0125), fitness=-287202080.510781109
10928.88 secs, 1333085 evals, 1333192 steps, improv/step: 0.025 (last = 0.0148), fitness=-287202080.556267381
10958.88 secs, 1336800 evals, 1336907 steps, improv/step: 0.025 (last = 0.0127), fitness=-287202080.625314713
10988.89 secs, 1340389 evals, 1340497 steps, improv/step: 0.025 (last = 0.0117), fitness=-287202080.753222883
11018.89 secs, 1343876 evals, 1343984 steps, improv/step: 0.025 (last = 0.0106), fitness=-287202080.773795426
11048.90 secs, 1347551 evals, 1347661 steps, improv/step: 0.025 (last = 0.0120), fitness=-287202080.834119558
11078.90 secs, 1351277 evals, 1351387 steps, improv/step: 0.025 (last = 0.0105), fitness=-287202080.834119558
11108.90 secs, 1354969 evals, 1355082 steps, improv/step: 0.025 (last = 0.0138), fitness=-287202080.885902941
11138.91 secs, 1358833 evals, 1358950 steps, improv/step: 0.025 (last = 0.0132), fitness=-287202080.935756326
11168.91 secs, 1362559 evals, 1362676 steps, improv/step: 0.025 (last = 0.0105), fitness=-287202080.997928023
11198.92 secs, 1366297 evals, 1366414 steps, improv/step: 0.025 (last = 0.0166), fitness=-287202081.058351398
11228.93 secs, 1370037 evals, 1370155 steps, improv/step: 0.025 (last = 0.0107), fitness=-287202081.092712939
11258.93 secs, 1373823 evals, 1373941 steps, improv/step: 0.025 (last = 0.0129), fitness=-287202081.170793056
11288.93 secs, 1377510 evals, 1377629 steps, improv/step: 0.025 (last = 0.0098), fitness=-287202081.226758003
11318.94 secs, 1381236 evals, 1381356 steps, improv/step: 0.025 (last = 0.0148), fitness=-287202081.267155588
11349.13 secs, 1385052 evals, 1385172 steps, improv/step: 0.025 (last = 0.0092), fitness=-287202081.301244855
11379.14 secs, 1388741 evals, 1388861 steps, improv/step: 0.024 (last = 0.0130), fitness=-287202081.400961041
11409.18 secs, 1392335 evals, 1392456 steps, improv/step: 0.024 (last = 0.0128), fitness=-287202081.463240385
11439.19 secs, 1396070 evals, 1396192 steps, improv/step: 0.024 (last = 0.0123), fitness=-287202081.463240385
11469.19 secs, 1399752 evals, 1399875 steps, improv/step: 0.024 (last = 0.0130), fitness=-287202081.492521822
11499.19 secs, 1403529 evals, 1403652 steps, improv/step: 0.024 (last = 0.0140), fitness=-287202081.732298851
11529.20 secs, 1407229 evals, 1407352 steps, improv/step: 0.024 (last = 0.0162), fitness=-287202081.803120375
11559.20 secs, 1410937 evals, 1411060 steps, improv/step: 0.024 (last = 0.0135), fitness=-287202081.934787810
11589.20 secs, 1414659 evals, 1414784 steps, improv/step: 0.024 (last = 0.0115), fitness=-287202081.988839984
11619.53 secs, 1418383 evals, 1418508 steps, improv/step: 0.024 (last = 0.0142), fitness=-287202082.016124666
11649.54 secs, 1422100 evals, 1422226 steps, improv/step: 0.024 (last = 0.0124), fitness=-287202082.020034194
11679.54 secs, 1425747 evals, 1425873 steps, improv/step: 0.024 (last = 0.0137), fitness=-287202082.091735601
11709.54 secs, 1429398 evals, 1429525 steps, improv/step: 0.024 (last = 0.0153), fitness=-287202082.199578404
11739.54 secs, 1433205 evals, 1433332 steps, improv/step: 0.024 (last = 0.0118), fitness=-287202082.259991169
11769.55 secs, 1436850 evals, 1436978 steps, improv/step: 0.024 (last = 0.0126), fitness=-287202082.463570237
11799.85 secs, 1440522 evals, 1440652 steps, improv/step: 0.024 (last = 0.0095), fitness=-287202082.492629409
11829.85 secs, 1444175 evals, 1444305 steps, improv/step: 0.024 (last = 0.0104), fitness=-287202082.621990323
11859.85 secs, 1447913 evals, 1448043 steps, improv/step: 0.024 (last = 0.0099), fitness=-287202082.621990323
11889.86 secs, 1451389 evals, 1451519 steps, improv/step: 0.024 (last = 0.0161), fitness=-287202082.666157782
11919.86 secs, 1455004 evals, 1455134 steps, improv/step: 0.024 (last = 0.0133), fitness=-287202082.666157782
11949.87 secs, 1458498 evals, 1458631 steps, improv/step: 0.024 (last = 0.0112), fitness=-287202082.674444675
11979.87 secs, 1462064 evals, 1462198 steps, improv/step: 0.024 (last = 0.0132), fitness=-287202082.801397383
12009.88 secs, 1465804 evals, 1465939 steps, improv/step: 0.024 (last = 0.0088), fitness=-287202082.811608136
12039.88 secs, 1469545 evals, 1469680 steps, improv/step: 0.024 (last = 0.0120), fitness=-287202082.841067314
12069.88 secs, 1473447 evals, 1473582 steps, improv/step: 0.024 (last = 0.0128), fitness=-287202083.019166052
12099.92 secs, 1477131 evals, 1477268 steps, improv/step: 0.024 (last = 0.0174), fitness=-287202083.019166052
12129.93 secs, 1480999 evals, 1481137 steps, improv/step: 0.024 (last = 0.0106), fitness=-287202083.047033906
12160.00 secs, 1484851 evals, 1484989 steps, improv/step: 0.024 (last = 0.0109), fitness=-287202083.109560370
12190.00 secs, 1488551 evals, 1488690 steps, improv/step: 0.024 (last = 0.0151), fitness=-287202083.127878726
12220.01 secs, 1492258 evals, 1492397 steps, improv/step: 0.024 (last = 0.0113), fitness=-287202083.218404233
12250.01 secs, 1495793 evals, 1495933 steps, improv/step: 0.024 (last = 0.0119), fitness=-287202083.275382280
12280.01 secs, 1499499 evals, 1499641 steps, improv/step: 0.024 (last = 0.0089), fitness=-287202083.309646368
12310.02 secs, 1503141 evals, 1503284 steps, improv/step: 0.024 (last = 0.0137), fitness=-287202083.388878345
12340.02 secs, 1506885 evals, 1507029 steps, improv/step: 0.024 (last = 0.0101), fitness=-287202083.399504423
12370.02 secs, 1510443 evals, 1510589 steps, improv/step: 0.024 (last = 0.0115), fitness=-287202083.422016561
12400.02 secs, 1514046 evals, 1514192 steps, improv/step: 0.023 (last = 0.0094), fitness=-287202083.482602358
12430.02 secs, 1517650 evals, 1517796 steps, improv/step: 0.023 (last = 0.0105), fitness=-287202083.567149282
12460.03 secs, 1521470 evals, 1521616 steps, improv/step: 0.023 (last = 0.0099), fitness=-287202083.622398376
12490.03 secs, 1525176 evals, 1525322 steps, improv/step: 0.023 (last = 0.0116), fitness=-287202083.749450564
12520.04 secs, 1528836 evals, 1528982 steps, improv/step: 0.023 (last = 0.0123), fitness=-287202083.749450564
12550.04 secs, 1532588 evals, 1532735 steps, improv/step: 0.023 (last = 0.0165), fitness=-287202083.832146645
12580.04 secs, 1536272 evals, 1536420 steps, improv/step: 0.023 (last = 0.0166), fitness=-287202083.968727410
12610.04 secs, 1539978 evals, 1540129 steps, improv/step: 0.023 (last = 0.0138), fitness=-287202083.998161554
12640.22 secs, 1543626 evals, 1543777 steps, improv/step: 0.023 (last = 0.0126), fitness=-287202084.241499007
12670.22 secs, 1547416 evals, 1547569 steps, improv/step: 0.023 (last = 0.0145), fitness=-287202084.418212831
12700.23 secs, 1551097 evals, 1551251 steps, improv/step: 0.023 (last = 0.0144), fitness=-287202084.418212831
12730.23 secs, 1554905 evals, 1555059 steps, improv/step: 0.023 (last = 0.0139), fitness=-287202084.478791952
12760.23 secs, 1558849 evals, 1559004 steps, improv/step: 0.023 (last = 0.0142), fitness=-287202084.572036088
12790.24 secs, 1562943 evals, 1563098 steps, improv/step: 0.023 (last = 0.0147), fitness=-287202084.800104499
12820.24 secs, 1567036 evals, 1567192 steps, improv/step: 0.023 (last = 0.0142), fitness=-287202084.975399256
12850.24 secs, 1571048 evals, 1571205 steps, improv/step: 0.023 (last = 0.0142), fitness=-287202085.020939052
12880.25 secs, 1575138 evals, 1575295 steps, improv/step: 0.023 (last = 0.0132), fitness=-287202085.181771636
12910.25 secs, 1579256 evals, 1579413 steps, improv/step: 0.023 (last = 0.0109), fitness=-287202085.181771636
12940.25 secs, 1583305 evals, 1583463 steps, improv/step: 0.023 (last = 0.0133), fitness=-287202085.281601369
12970.25 secs, 1587262 evals, 1587422 steps, improv/step: 0.023 (last = 0.0141), fitness=-287202085.333765984
13000.26 secs, 1591328 evals, 1591490 steps, improv/step: 0.023 (last = 0.0162), fitness=-287202085.374042928
13030.26 secs, 1595418 evals, 1595580 steps, improv/step: 0.023 (last = 0.0181), fitness=-287202085.470751882
13060.26 secs, 1599445 evals, 1599607 steps, improv/step: 0.023 (last = 0.0124), fitness=-287202085.613012314
13090.26 secs, 1603378 evals, 1603542 steps, improv/step: 0.023 (last = 0.0119), fitness=-287202085.678046465
13120.27 secs, 1607461 evals, 1607625 steps, improv/step: 0.023 (last = 0.0122), fitness=-287202085.782702029
13150.27 secs, 1611517 evals, 1611681 steps, improv/step: 0.023 (last = 0.0148), fitness=-287202085.885248423
13180.27 secs, 1615576 evals, 1615742 steps, improv/step: 0.023 (last = 0.0133), fitness=-287202085.994977474
13210.43 secs, 1619603 evals, 1619771 steps, improv/step: 0.023 (last = 0.0141), fitness=-287202086.065459967
13240.43 secs, 1623626 evals, 1623794 steps, improv/step: 0.023 (last = 0.0124), fitness=-287202086.435640931
13270.62 secs, 1627678 evals, 1627846 steps, improv/step: 0.023 (last = 0.0133), fitness=-287202086.474682510
13300.62 secs, 1631659 evals, 1631827 steps, improv/step: 0.023 (last = 0.0111), fitness=-287202086.517225266
13330.62 secs, 1635386 evals, 1635555 steps, improv/step: 0.023 (last = 0.0134), fitness=-287202086.741516113
13360.63 secs, 1639321 evals, 1639491 steps, improv/step: 0.023 (last = 0.0117), fitness=-287202086.741516113
13390.70 secs, 1643285 evals, 1643456 steps, improv/step: 0.023 (last = 0.0154), fitness=-287202086.907084286
13420.88 secs, 1647208 evals, 1647381 steps, improv/step: 0.023 (last = 0.0135), fitness=-287202086.913762510
13450.88 secs, 1651099 evals, 1651272 steps, improv/step: 0.023 (last = 0.0103), fitness=-287202086.988966882
13480.89 secs, 1654892 evals, 1655065 steps, improv/step: 0.023 (last = 0.0076), fitness=-287202087.151258349
13511.02 secs, 1658699 evals, 1658873 steps, improv/step: 0.023 (last = 0.0118), fitness=-287202087.232951522
13541.02 secs, 1662428 evals, 1662603 steps, improv/step: 0.023 (last = 0.0142), fitness=-287202087.239951193
13571.03 secs, 1666242 evals, 1666418 steps, improv/step: 0.023 (last = 0.0183), fitness=-287202087.278076470
13601.03 secs, 1670004 evals, 1670180 steps, improv/step: 0.023 (last = 0.0173), fitness=-287202087.288680315
13631.03 secs, 1673604 evals, 1673782 steps, improv/step: 0.023 (last = 0.0122), fitness=-287202087.434602857
13661.27 secs, 1677239 evals, 1677419 steps, improv/step: 0.023 (last = 0.0179), fitness=-287202087.434602857
13691.27 secs, 1680690 evals, 1680870 steps, improv/step: 0.023 (last = 0.0125), fitness=-287202087.434602857
13721.32 secs, 1684239 evals, 1684420 steps, improv/step: 0.022 (last = 0.0146), fitness=-287202087.631454647
13751.32 secs, 1687775 evals, 1687956 steps, improv/step: 0.022 (last = 0.0161), fitness=-287202087.644616961
13781.33 secs, 1691344 evals, 1691525 steps, improv/step: 0.022 (last = 0.0109), fitness=-287202087.685356915
13811.33 secs, 1694816 evals, 1694998 steps, improv/step: 0.022 (last = 0.0130), fitness=-287202087.745749116
13841.33 secs, 1698238 evals, 1698421 steps, improv/step: 0.022 (last = 0.0114), fitness=-287202087.745749116
13871.33 secs, 1701651 evals, 1701835 steps, improv/step: 0.022 (last = 0.0193), fitness=-287202087.843660235
13901.34 secs, 1705075 evals, 1705261 steps, improv/step: 0.022 (last = 0.0149), fitness=-287202087.910723329
13931.34 secs, 1708463 evals, 1708651 steps, improv/step: 0.022 (last = 0.0130), fitness=-287202087.910723329
13961.35 secs, 1711887 evals, 1712075 steps, improv/step: 0.022 (last = 0.0158), fitness=-287202087.910723329
13991.35 secs, 1715435 evals, 1715623 steps, improv/step: 0.022 (last = 0.0144), fitness=-287202087.910723329
14021.36 secs, 1718808 evals, 1718996 steps, improv/step: 0.022 (last = 0.0142), fitness=-287202087.910723329
14051.36 secs, 1722210 evals, 1722398 steps, improv/step: 0.022 (last = 0.0109), fitness=-287202087.923599005
14081.37 secs, 1725698 evals, 1725886 steps, improv/step: 0.022 (last = 0.0181), fitness=-287202087.988929033
14111.47 secs, 1729209 evals, 1729397 steps, improv/step: 0.022 (last = 0.0162), fitness=-287202088.002174616
14141.66 secs, 1732635 evals, 1732823 steps, improv/step: 0.022 (last = 0.0149), fitness=-287202088.017386198
14171.66 secs, 1736002 evals, 1736190 steps, improv/step: 0.022 (last = 0.0149), fitness=-287202088.085099280
14201.66 secs, 1739311 evals, 1739500 steps, improv/step: 0.022 (last = 0.0145), fitness=-287202088.085099280
14231.67 secs, 1742848 evals, 1743037 steps, improv/step: 0.022 (last = 0.0127), fitness=-287202088.095261335
14261.67 secs, 1746188 evals, 1746377 steps, improv/step: 0.022 (last = 0.0117), fitness=-287202088.104765058
14291.68 secs, 1749597 evals, 1749786 steps, improv/step: 0.022 (last = 0.0129), fitness=-287202088.153488278
14321.96 secs, 1752973 evals, 1753163 steps, improv/step: 0.022 (last = 0.0118), fitness=-287202088.153488278
14351.96 secs, 1756440 evals, 1756632 steps, improv/step: 0.022 (last = 0.0138), fitness=-287202088.170475960
14381.97 secs, 1759843 evals, 1760035 steps, improv/step: 0.022 (last = 0.0126), fitness=-287202088.179371834
14411.97 secs, 1763312 evals, 1763507 steps, improv/step: 0.022 (last = 0.0150), fitness=-287202088.220054328
14441.97 secs, 1766754 evals, 1766950 steps, improv/step: 0.022 (last = 0.0166), fitness=-287202088.220620453
14471.98 secs, 1770222 evals, 1770419 steps, improv/step: 0.022 (last = 0.0193), fitness=-287202088.251859665
14501.98 secs, 1773580 evals, 1773777 steps, improv/step: 0.022 (last = 0.0205), fitness=-287202088.285211086
14531.98 secs, 1777026 evals, 1777225 steps, improv/step: 0.022 (last = 0.0162), fitness=-287202088.317770243
14561.98 secs, 1780431 evals, 1780631 steps, improv/step: 0.022 (last = 0.0203), fitness=-287202088.344174504
14591.99 secs, 1783845 evals, 1784045 steps, improv/step: 0.022 (last = 0.0208), fitness=-287202088.406064570
14621.99 secs, 1787336 evals, 1787539 steps, improv/step: 0.022 (last = 0.0129), fitness=-287202088.406064570
14652.16 secs, 1790775 evals, 1790979 steps, improv/step: 0.022 (last = 0.0140), fitness=-287202088.444500089
14682.16 secs, 1794234 evals, 1794440 steps, improv/step: 0.022 (last = 0.0165), fitness=-287202088.446243048
14712.17 secs, 1797762 evals, 1797968 steps, improv/step: 0.022 (last = 0.0204), fitness=-287202088.497190654
14742.17 secs, 1801273 evals, 1801479 steps, improv/step: 0.022 (last = 0.0179), fitness=-287202088.555288672
14772.17 secs, 1804647 evals, 1804854 steps, improv/step: 0.022 (last = 0.0148), fitness=-287202088.605850160
14802.18 secs, 1808017 evals, 1808224 steps, improv/step: 0.022 (last = 0.0166), fitness=-287202088.673199713
14832.18 secs, 1811512 evals, 1811719 steps, improv/step: 0.022 (last = 0.0143), fitness=-287202088.686555505
14862.18 secs, 1814961 evals, 1815169 steps, improv/step: 0.022 (last = 0.0151), fitness=-287202088.819352746
14892.20 secs, 1818455 evals, 1818664 steps, improv/step: 0.022 (last = 0.0123), fitness=-287202088.819352746
14922.20 secs, 1821811 evals, 1822020 steps, improv/step: 0.022 (last = 0.0167), fitness=-287202088.825535297
14952.20 secs, 1825096 evals, 1825305 steps, improv/step: 0.022 (last = 0.0131), fitness=-287202088.845539868
14982.20 secs, 1828494 evals, 1828704 steps, improv/step: 0.022 (last = 0.0141), fitness=-287202088.907505035
15012.20 secs, 1831934 evals, 1832145 steps, improv/step: 0.022 (last = 0.0177), fitness=-287202089.012051940
15042.21 secs, 1835407 evals, 1835618 steps, improv/step: 0.022 (last = 0.0170), fitness=-287202089.054271102
15072.21 secs, 1838745 evals, 1838957 steps, improv/step: 0.022 (last = 0.0117), fitness=-287202089.241329491
15102.21 secs, 1842255 evals, 1842467 steps, improv/step: 0.022 (last = 0.0111), fitness=-287202089.356154442
15132.21 secs, 1845634 evals, 1845846 steps, improv/step: 0.022 (last = 0.0145), fitness=-287202089.472730875
15162.22 secs, 1849136 evals, 1849349 steps, improv/step: 0.022 (last = 0.0123), fitness=-287202089.494224668
15192.56 secs, 1852538 evals, 1852751 steps, improv/step: 0.022 (last = 0.0173), fitness=-287202089.597349465
15222.56 secs, 1855941 evals, 1856154 steps, improv/step: 0.022 (last = 0.0109), fitness=-287202089.597349465
15252.56 secs, 1859362 evals, 1859575 steps, improv/step: 0.022 (last = 0.0117), fitness=-287202089.661104977
15282.81 secs, 1862777 evals, 1862992 steps, improv/step: 0.022 (last = 0.0111), fitness=-287202089.706405342
15312.82 secs, 1866186 evals, 1866401 steps, improv/step: 0.022 (last = 0.0114), fitness=-287202089.783148527
15342.83 secs, 1869693 evals, 1869908 steps, improv/step: 0.022 (last = 0.0114), fitness=-287202089.843903065
15372.83 secs, 1873156 evals, 1873371 steps, improv/step: 0.022 (last = 0.0092), fitness=-287202089.909451783
15402.97 secs, 1876388 evals, 1876605 steps, improv/step: 0.022 (last = 0.0093), fitness=-287202089.958104730
15432.97 secs, 1879797 evals, 1880014 steps, improv/step: 0.022 (last = 0.0117), fitness=-287202090.031686425
15462.97 secs, 1883103 evals, 1883321 steps, improv/step: 0.022 (last = 0.0115), fitness=-287202090.069007814
15492.97 secs, 1886423 evals, 1886643 steps, improv/step: 0.022 (last = 0.0120), fitness=-287202090.108146191
15522.98 secs, 1889764 evals, 1889986 steps, improv/step: 0.022 (last = 0.0126), fitness=-287202090.330391467
15552.98 secs, 1893231 evals, 1893453 steps, improv/step: 0.022 (last = 0.0127), fitness=-287202090.330391467
15582.99 secs, 1896647 evals, 1896870 steps, improv/step: 0.022 (last = 0.0120), fitness=-287202090.432961047
15612.99 secs, 1900049 evals, 1900274 steps, improv/step: 0.022 (last = 0.0115), fitness=-287202090.665121555
15642.99 secs, 1903476 evals, 1903702 steps, improv/step: 0.022 (last = 0.0114), fitness=-287202090.738754690
15673.00 secs, 1906869 evals, 1907096 steps, improv/step: 0.022 (last = 0.0112), fitness=-287202090.745799303
15703.28 secs, 1910257 evals, 1910484 steps, improv/step: 0.021 (last = 0.0109), fitness=-287202090.954038203
15733.28 secs, 1913795 evals, 1914022 steps, improv/step: 0.021 (last = 0.0079), fitness=-287202091.016962647
15763.29 secs, 1917155 evals, 1917382 steps, improv/step: 0.021 (last = 0.0104), fitness=-287202091.244763017
15793.29 secs, 1920403 evals, 1920630 steps, improv/step: 0.021 (last = 0.0132), fitness=-287202091.273625493
15823.30 secs, 1923702 evals, 1923931 steps, improv/step: 0.021 (last = 0.0121), fitness=-287202091.375165701
15853.30 secs, 1927064 evals, 1927293 steps, improv/step: 0.021 (last = 0.0110), fitness=-287202091.475984931
15883.31 secs, 1930450 evals, 1930679 steps, improv/step: 0.021 (last = 0.0080), fitness=-287202091.475984931
15913.31 secs, 1933818 evals, 1934047 steps, improv/step: 0.021 (last = 0.0101), fitness=-287202091.602623284
15943.31 secs, 1937174 evals, 1937403 steps, improv/step: 0.021 (last = 0.0137), fitness=-287202091.662423670
15973.32 secs, 1940578 evals, 1940808 steps, improv/step: 0.021 (last = 0.0185), fitness=-287202091.662423670
16003.48 secs, 1943930 evals, 1944160 steps, improv/step: 0.021 (last = 0.0140), fitness=-287202091.789659083
16033.48 secs, 1947322 evals, 1947552 steps, improv/step: 0.021 (last = 0.0127), fitness=-287202091.885858774
16063.49 secs, 1950585 evals, 1950815 steps, improv/step: 0.021 (last = 0.0129), fitness=-287202091.975146532
16093.49 secs, 1953908 evals, 1954139 steps, improv/step: 0.021 (last = 0.0093), fitness=-287202092.054274499
16123.49 secs, 1957261 evals, 1957492 steps, improv/step: 0.021 (last = 0.0131), fitness=-287202092.131220698
16153.50 secs, 1960570 evals, 1960801 steps, improv/step: 0.021 (last = 0.0133), fitness=-287202092.165220976
16183.50 secs, 1963841 evals, 1964072 steps, improv/step: 0.021 (last = 0.0119), fitness=-287202092.228935897
16213.51 secs, 1967249 evals, 1967480 steps, improv/step: 0.021 (last = 0.0109), fitness=-287202092.305326462
16243.51 secs, 1970540 evals, 1970773 steps, improv/step: 0.021 (last = 0.0103), fitness=-287202092.386908531
16273.77 secs, 1973894 evals, 1974128 steps, improv/step: 0.021 (last = 0.0176), fitness=-287202092.439610481
16303.84 secs, 1977378 evals, 1977614 steps, improv/step: 0.021 (last = 0.0198), fitness=-287202092.540845275
16333.84 secs, 1980870 evals, 1981107 steps, improv/step: 0.021 (last = 0.0166), fitness=-287202092.559289038
16363.85 secs, 1984276 evals, 1984513 steps, improv/step: 0.021 (last = 0.0156), fitness=-287202092.592213631
16393.85 secs, 1987624 evals, 1987862 steps, improv/step: 0.021 (last = 0.0131), fitness=-287202092.715590537
16423.88 secs, 1990986 evals, 1991226 steps, improv/step: 0.021 (last = 0.0146), fitness=-287202092.715590537
16453.88 secs, 1994369 evals, 1994611 steps, improv/step: 0.021 (last = 0.0103), fitness=-287202092.741045117
16483.89 secs, 1997563 evals, 1997807 steps, improv/step: 0.021 (last = 0.0119), fitness=-287202092.755468726
16513.89 secs, 2000826 evals, 2001070 steps, improv/step: 0.021 (last = 0.0101), fitness=-287202092.797061563
16544.50 secs, 2004287 evals, 2004531 steps, improv/step: 0.021 (last = 0.0139), fitness=-287202092.836397648
16574.51 secs, 2007807 evals, 2008054 steps, improv/step: 0.021 (last = 0.0153), fitness=-287202092.853151679
16604.51 secs, 2011231 evals, 2011478 steps, improv/step: 0.021 (last = 0.0134), fitness=-287202092.901694238
16634.51 secs, 2014566 evals, 2014814 steps, improv/step: 0.021 (last = 0.0153), fitness=-287202092.946047544
16664.52 secs, 2018058 evals, 2018308 steps, improv/step: 0.021 (last = 0.0157), fitness=-287202092.969351053
16694.52 secs, 2021318 evals, 2021569 steps, improv/step: 0.021 (last = 0.0144), fitness=-287202093.027983725
16724.54 secs, 2024748 evals, 2024999 steps, improv/step: 0.021 (last = 0.0146), fitness=-287202093.092743158
16754.54 secs, 2028035 evals, 2028287 steps, improv/step: 0.021 (last = 0.0152), fitness=-287202093.136107087
16784.76 secs, 2031536 evals, 2031788 steps, improv/step: 0.021 (last = 0.0143), fitness=-287202093.139852583
16814.76 secs, 2034933 evals, 2035186 steps, improv/step: 0.021 (last = 0.0144), fitness=-287202093.193832397
16844.96 secs, 2038302 evals, 2038555 steps, improv/step: 0.021 (last = 0.0128), fitness=-287202093.210795999
16874.96 secs, 2041784 evals, 2042038 steps, improv/step: 0.021 (last = 0.0123), fitness=-287202093.222097337
16905.15 secs, 2045090 evals, 2045344 steps, improv/step: 0.021 (last = 0.0157), fitness=-287202093.247186244
16935.15 secs, 2048576 evals, 2048831 steps, improv/step: 0.021 (last = 0.0129), fitness=-287202093.335193515
16965.19 secs, 2051898 evals, 2052154 steps, improv/step: 0.021 (last = 0.0153), fitness=-287202093.335193515
16995.19 secs, 2055245 evals, 2055501 steps, improv/step: 0.021 (last = 0.0137), fitness=-287202093.346203029
17025.45 secs, 2058727 evals, 2058984 steps, improv/step: 0.021 (last = 0.0129), fitness=-287202093.368907094
17055.45 secs, 2062112 evals, 2062370 steps, improv/step: 0.021 (last = 0.0127), fitness=-287202093.384929538
17085.45 secs, 2065511 evals, 2065769 steps, improv/step: 0.021 (last = 0.0121), fitness=-287202093.432154298
17115.46 secs, 2068548 evals, 2068807 steps, improv/step: 0.021 (last = 0.0099), fitness=-287202093.432154298
17145.46 secs, 2071754 evals, 2072014 steps, improv/step: 0.021 (last = 0.0134), fitness=-287202093.435602665
17175.46 secs, 2074919 evals, 2075180 steps, improv/step: 0.021 (last = 0.0142), fitness=-287202093.489432812
17205.46 secs, 2078159 evals, 2078421 steps, improv/step: 0.021 (last = 0.0139), fitness=-287202093.505784154
17235.47 secs, 2081499 evals, 2081762 steps, improv/step: 0.021 (last = 0.0111), fitness=-287202093.512390852
17266.34 secs, 2084626 evals, 2084889 steps, improv/step: 0.021 (last = 0.0138), fitness=-287202093.572833538
17296.34 secs, 2087666 evals, 2087929 steps, improv/step: 0.021 (last = 0.0135), fitness=-287202093.572833538
17326.35 secs, 2090903 evals, 2091166 steps, improv/step: 0.021 (last = 0.0124), fitness=-287202093.618105531
17356.35 secs, 2094245 evals, 2094510 steps, improv/step: 0.021 (last = 0.0132), fitness=-287202093.647834182
17386.36 secs, 2097327 evals, 2097592 steps, improv/step: 0.021 (last = 0.0136), fitness=-287202093.647834182
17416.37 secs, 2100599 evals, 2100864 steps, improv/step: 0.021 (last = 0.0116), fitness=-287202093.654573202
17446.71 secs, 2103839 evals, 2104104 steps, improv/step: 0.021 (last = 0.0071), fitness=-287202093.660948992
17476.71 secs, 2107101 evals, 2107367 steps, improv/step: 0.021 (last = 0.0110), fitness=-287202093.688187242
17506.71 secs, 2110318 evals, 2110585 steps, improv/step: 0.021 (last = 0.0127), fitness=-287202093.704436421
17536.72 secs, 2113530 evals, 2113797 steps, improv/step: 0.021 (last = 0.0112), fitness=-287202093.806902587
17566.72 secs, 2116726 evals, 2116993 steps, improv/step: 0.021 (last = 0.0150), fitness=-287202093.826596439
17596.72 secs, 2119951 evals, 2120218 steps, improv/step: 0.021 (last = 0.0115), fitness=-287202093.845179021
17626.72 secs, 2123164 evals, 2123432 steps, improv/step: 0.021 (last = 0.0124), fitness=-287202093.889427781
17656.73 secs, 2126318 evals, 2126587 steps, improv/step: 0.021 (last = 0.0193), fitness=-287202093.933205187
17686.82 secs, 2129436 evals, 2129708 steps, improv/step: 0.021 (last = 0.0147), fitness=-287202093.935987711
17717.48 secs, 2132760 evals, 2133032 steps, improv/step: 0.021 (last = 0.0202), fitness=-287202093.955678225
17747.48 secs, 2136079 evals, 2136351 steps, improv/step: 0.021 (last = 0.0136), fitness=-287202094.048623681
17777.98 secs, 2139422 evals, 2139696 steps, improv/step: 0.021 (last = 0.0149), fitness=-287202094.066247463
17807.99 secs, 2142675 evals, 2142950 steps, improv/step: 0.021 (last = 0.0117), fitness=-287202094.119862080
17837.99 secs, 2145854 evals, 2146131 steps, improv/step: 0.021 (last = 0.0145), fitness=-287202094.234749794
17867.99 secs, 2149157 evals, 2149434 steps, improv/step: 0.021 (last = 0.0118), fitness=-287202094.248992383
17897.99 secs, 2152305 evals, 2152584 steps, improv/step: 0.021 (last = 0.0130), fitness=-287202094.251008272
17928.00 secs, 2155336 evals, 2155615 steps, improv/step: 0.021 (last = 0.0152), fitness=-287202094.361847997
17958.01 secs, 2158591 evals, 2158872 steps, improv/step: 0.021 (last = 0.0086), fitness=-287202094.361847997
17988.01 secs, 2161696 evals, 2161977 steps, improv/step: 0.021 (last = 0.0122), fitness=-287202094.376526356
18018.02 secs, 2164958 evals, 2165239 steps, improv/step: 0.021 (last = 0.0132), fitness=-287202094.376526356
18048.02 secs, 2168092 evals, 2168374 steps, improv/step: 0.021 (last = 0.0115), fitness=-287202094.397025228
18078.02 secs, 2171379 evals, 2171662 steps, improv/step: 0.020 (last = 0.0103), fitness=-287202094.438624680
18108.02 secs, 2174509 evals, 2174793 steps, improv/step: 0.020 (last = 0.0102), fitness=-287202094.511600018
18138.64 secs, 2177690 evals, 2177974 steps, improv/step: 0.020 (last = 0.0126), fitness=-287202094.511600018
18168.65 secs, 2180869 evals, 2181154 steps, improv/step: 0.020 (last = 0.0104), fitness=-287202094.588681221
18198.65 secs, 2183984 evals, 2184269 steps, improv/step: 0.020 (last = 0.0122), fitness=-287202094.612654448
18228.66 secs, 2187099 evals, 2187384 steps, improv/step: 0.020 (last = 0.0138), fitness=-287202094.612654448
18258.66 secs, 2190407 evals, 2190692 steps, improv/step: 0.020 (last = 0.0112), fitness=-287202094.633910179
18288.66 secs, 2193552 evals, 2193838 steps, improv/step: 0.020 (last = 0.0149), fitness=-287202094.746279657
18318.67 secs, 2196766 evals, 2197052 steps, improv/step: 0.020 (last = 0.0087), fitness=-287202094.753890097
18348.67 secs, 2199870 evals, 2200156 steps, improv/step: 0.020 (last = 0.0103), fitness=-287202094.798888922
18378.67 secs, 2203049 evals, 2203336 steps, improv/step: 0.020 (last = 0.0167), fitness=-287202094.820724308
18408.68 secs, 2206012 evals, 2206299 steps, improv/step: 0.020 (last = 0.0118), fitness=-287202094.838227391
18438.68 secs, 2209193 evals, 2209480 steps, improv/step: 0.020 (last = 0.0110), fitness=-287202094.904716909
18469.27 secs, 2212289 evals, 2212576 steps, improv/step: 0.020 (last = 0.0155), fitness=-287202094.904716909
18499.27 secs, 2215468 evals, 2215755 steps, improv/step: 0.020 (last = 0.0126), fitness=-287202094.929123223
18529.27 secs, 2218745 evals, 2219032 steps, improv/step: 0.020 (last = 0.0174), fitness=-287202094.940921843
18559.27 secs, 2221920 evals, 2222207 steps, improv/step: 0.020 (last = 0.0135), fitness=-287202094.948798537
18589.27 secs, 2225168 evals, 2225456 steps, improv/step: 0.020 (last = 0.0166), fitness=-287202094.967908025
18619.28 secs, 2228342 evals, 2228631 steps, improv/step: 0.020 (last = 0.0139), fitness=-287202094.978593707
18649.28 secs, 2231627 evals, 2231918 steps, improv/step: 0.020 (last = 0.0155), fitness=-287202094.989198506
18679.28 secs, 2234674 evals, 2234965 steps, improv/step: 0.020 (last = 0.0151), fitness=-287202095.016981125
18709.28 secs, 2237820 evals, 2238111 steps, improv/step: 0.020 (last = 0.0143), fitness=-287202095.035981655
18739.29 secs, 2240984 evals, 2241277 steps, improv/step: 0.020 (last = 0.0133), fitness=-287202095.062149644
18769.29 secs, 2244163 evals, 2244456 steps, improv/step: 0.020 (last = 0.0107), fitness=-287202095.062149644
18799.30 secs, 2247291 evals, 2247584 steps, improv/step: 0.020 (last = 0.0115), fitness=-287202095.069041431
18829.30 secs, 2250426 evals, 2250720 steps, improv/step: 0.020 (last = 0.0169), fitness=-287202095.095161557
18859.31 secs, 2253506 evals, 2253800 steps, improv/step: 0.020 (last = 0.0182), fitness=-287202095.103102207
18889.31 secs, 2256618 evals, 2256914 steps, improv/step: 0.020 (last = 0.0173), fitness=-287202095.106314123
18919.32 secs, 2259848 evals, 2260144 steps, improv/step: 0.020 (last = 0.0167), fitness=-287202095.126196206
18949.32 secs, 2263054 evals, 2263350 steps, improv/step: 0.020 (last = 0.0200), fitness=-287202095.139672041
18979.32 secs, 2266161 evals, 2266457 steps, improv/step: 0.020 (last = 0.0177), fitness=-287202095.139818370
19009.41 secs, 2269342 evals, 2269638 steps, improv/step: 0.020 (last = 0.0182), fitness=-287202095.148229539
19039.96 secs, 2272429 evals, 2272726 steps, improv/step: 0.020 (last = 0.0159), fitness=-287202095.155790925
19069.97 secs, 2275592 evals, 2275889 steps, improv/step: 0.020 (last = 0.0126), fitness=-287202095.163108766
19099.97 secs, 2278818 evals, 2279116 steps, improv/step: 0.020 (last = 0.0108), fitness=-287202095.177693307
19129.97 secs, 2282043 evals, 2282342 steps, improv/step: 0.020 (last = 0.0192), fitness=-287202095.191326737
19159.97 secs, 2285213 evals, 2285514 steps, improv/step: 0.020 (last = 0.0117), fitness=-287202095.199781060
19189.98 secs, 2288448 evals, 2288749 steps, improv/step: 0.020 (last = 0.0148), fitness=-287202095.200133741
19219.98 secs, 2291743 evals, 2292045 steps, improv/step: 0.020 (last = 0.0149), fitness=-287202095.208708763
19249.98 secs, 2294878 evals, 2295182 steps, improv/step: 0.020 (last = 0.0102), fitness=-287202095.211799920
19279.99 secs, 2298087 evals, 2298391 steps, improv/step: 0.020 (last = 0.0109), fitness=-287202095.232200503
19310.11 secs, 2301285 evals, 2301589 steps, improv/step: 0.020 (last = 0.0119), fitness=-287202095.250864804
19340.11 secs, 2304554 evals, 2304859 steps, improv/step: 0.020 (last = 0.0174), fitness=-287202095.256614327
19370.12 secs, 2307729 evals, 2308034 steps, improv/step: 0.020 (last = 0.0123), fitness=-287202095.266043067
19400.12 secs, 2310973 evals, 2311279 steps, improv/step: 0.020 (last = 0.0105), fitness=-287202095.270147562
19430.13 secs, 2314073 evals, 2314379 steps, improv/step: 0.020 (last = 0.0174), fitness=-287202095.292770386
19460.13 secs, 2317112 evals, 2317419 steps, improv/step: 0.020 (last = 0.0086), fitness=-287202095.292770386
19490.13 secs, 2320312 evals, 2320620 steps, improv/step: 0.020 (last = 0.0109), fitness=-287202095.292770386
19520.14 secs, 2323457 evals, 2323765 steps, improv/step: 0.020 (last = 0.0108), fitness=-287202095.302938581
19550.14 secs, 2326557 evals, 2326866 steps, improv/step: 0.020 (last = 0.0152), fitness=-287202095.306655645
19580.15 secs, 2329620 evals, 2329933 steps, improv/step: 0.020 (last = 0.0098), fitness=-287202095.315663338
19610.15 secs, 2332729 evals, 2333042 steps, improv/step: 0.020 (last = 0.0122), fitness=-287202095.315817177
19640.77 secs, 2335913 evals, 2336227 steps, improv/step: 0.020 (last = 0.0154), fitness=-287202095.333577812
19670.78 secs, 2339127 evals, 2339444 steps, improv/step: 0.020 (last = 0.0155), fitness=-287202095.334745228
19700.78 secs, 2342184 evals, 2342501 steps, improv/step: 0.020 (last = 0.0128), fitness=-287202095.341890395
19730.79 secs, 2345233 evals, 2345550 steps, improv/step: 0.020 (last = 0.0134), fitness=-287202095.353780150
19760.80 secs, 2348422 evals, 2348739 steps, improv/step: 0.020 (last = 0.0144), fitness=-287202095.357431233
19791.42 secs, 2351359 evals, 2351677 steps, improv/step: 0.020 (last = 0.0184), fitness=-287202095.361732304
19821.42 secs, 2354450 evals, 2354769 steps, improv/step: 0.020 (last = 0.0181), fitness=-287202095.375029385
19851.42 secs, 2357640 evals, 2357960 steps, improv/step: 0.020 (last = 0.0172), fitness=-287202095.382634759
19881.44 secs, 2360895 evals, 2361217 steps, improv/step: 0.020 (last = 0.0212), fitness=-287202095.390612841
19911.44 secs, 2364011 evals, 2364334 steps, improv/step: 0.020 (last = 0.0141), fitness=-287202095.391640604
19941.45 secs, 2367018 evals, 2367341 steps, improv/step: 0.020 (last = 0.0123), fitness=-287202095.399539232
19971.45 secs, 2370191 evals, 2370515 steps, improv/step: 0.020 (last = 0.0123), fitness=-287202095.406872034
20001.46 secs, 2373387 evals, 2373713 steps, improv/step: 0.020 (last = 0.0134), fitness=-287202095.410982370
20031.46 secs, 2376693 evals, 2377020 steps, improv/step: 0.020 (last = 0.0169), fitness=-287202095.418030262
20061.46 secs, 2379860 evals, 2380188 steps, improv/step: 0.020 (last = 0.0164), fitness=-287202095.426605046
20092.48 secs, 2383002 evals, 2383332 steps, improv/step: 0.020 (last = 0.0172), fitness=-287202095.430986047
20122.48 secs, 2386159 evals, 2386489 steps, improv/step: 0.020 (last = 0.0162), fitness=-287202095.433772504
20152.48 secs, 2389315 evals, 2389647 steps, improv/step: 0.020 (last = 0.0212), fitness=-287202095.437294424
20182.49 secs, 2392487 evals, 2392820 steps, improv/step: 0.020 (last = 0.0161), fitness=-287202095.443569243
20212.49 secs, 2395646 evals, 2395979 steps, improv/step: 0.020 (last = 0.0184), fitness=-287202095.446509361
20242.49 secs, 2399028 evals, 2399361 steps, improv/step: 0.020 (last = 0.0109), fitness=-287202095.453552246
20272.50 secs, 2402292 evals, 2402626 steps, improv/step: 0.020 (last = 0.0159), fitness=-287202095.466554224
20302.50 secs, 2405432 evals, 2405767 steps, improv/step: 0.020 (last = 0.0191), fitness=-287202095.466924548
20332.51 secs, 2408608 evals, 2408945 steps, improv/step: 0.020 (last = 0.0138), fitness=-287202095.471121550
20362.51 secs, 2411964 evals, 2412301 steps, improv/step: 0.020 (last = 0.0149), fitness=-287202095.474088192
20392.52 secs, 2415110 evals, 2415447 steps, improv/step: 0.020 (last = 0.0137), fitness=-287202095.481997073
20422.52 secs, 2418268 evals, 2418606 steps, improv/step: 0.020 (last = 0.0168), fitness=-287202095.484287143
20452.52 secs, 2421462 evals, 2421800 steps, improv/step: 0.020 (last = 0.0144), fitness=-287202095.484537721
20482.53 secs, 2424435 evals, 2424774 steps, improv/step: 0.020 (last = 0.0121), fitness=-287202095.488629580
20512.54 secs, 2427580 evals, 2427922 steps, improv/step: 0.020 (last = 0.0111), fitness=-287202095.493673027
20542.54 secs, 2430697 evals, 2431039 steps, improv/step: 0.020 (last = 0.0135), fitness=-287202095.493673027
20572.54 secs, 2433810 evals, 2434154 steps, improv/step: 0.020 (last = 0.0135), fitness=-287202095.502456844
20602.54 secs, 2436948 evals, 2437292 steps, improv/step: 0.020 (last = 0.0150), fitness=-287202095.508119583
20632.54 secs, 2440009 evals, 2440353 steps, improv/step: 0.020 (last = 0.0209), fitness=-287202095.512651503
20662.54 secs, 2443276 evals, 2443620 steps, improv/step: 0.020 (last = 0.0181), fitness=-287202095.526964545
20692.55 secs, 2446534 evals, 2446878 steps, improv/step: 0.020 (last = 0.0141), fitness=-287202095.528538167
20722.55 secs, 2449655 evals, 2449999 steps, improv/step: 0.020 (last = 0.0122), fitness=-287202095.535056770
20752.56 secs, 2452703 evals, 2453047 steps, improv/step: 0.020 (last = 0.0128), fitness=-287202095.538496017
20782.56 secs, 2455766 evals, 2456111 steps, improv/step: 0.020 (last = 0.0111), fitness=-287202095.543761492
20812.81 secs, 2458879 evals, 2459224 steps, improv/step: 0.020 (last = 0.0106), fitness=-287202095.547923565
20842.81 secs, 2462035 evals, 2462381 steps, improv/step: 0.020 (last = 0.0130), fitness=-287202095.554471493
20872.82 secs, 2465201 evals, 2465549 steps, improv/step: 0.020 (last = 0.0110), fitness=-287202095.558028996
20902.82 secs, 2468469 evals, 2468817 steps, improv/step: 0.020 (last = 0.0092), fitness=-287202095.558091938
20932.83 secs, 2471699 evals, 2472048 steps, improv/step: 0.020 (last = 0.0130), fitness=-287202095.572644949
20962.89 secs, 2474613 evals, 2474962 steps, improv/step: 0.020 (last = 0.0106), fitness=-287202095.573943734
20992.90 secs, 2477932 evals, 2478282 steps, improv/step: 0.020 (last = 0.0096), fitness=-287202095.573943734
21022.90 secs, 2480981 evals, 2481331 steps, improv/step: 0.020 (last = 0.0134), fitness=-287202095.581494212
21052.91 secs, 2484197 evals, 2484547 steps, improv/step: 0.020 (last = 0.0162), fitness=-287202095.593415797
21082.91 secs, 2487669 evals, 2488020 steps, improv/step: 0.020 (last = 0.0150), fitness=-287202095.600060523
21113.38 secs, 2490923 evals, 2491275 steps, improv/step: 0.020 (last = 0.0098), fitness=-287202095.600060523
21143.38 secs, 2494365 evals, 2494718 steps, improv/step: 0.020 (last = 0.0131), fitness=-287202095.610795736
21173.38 secs, 2497733 evals, 2498086 steps, improv/step: 0.020 (last = 0.0151), fitness=-287202095.616757035

Optimization stopped after 2500355 steps and 21192.62 seconds
Termination reason: Max number of function evaluations (2500000) reached
Steps per second = 117.98
Function evals per second = 117.97
Improvements/step = Inf
Total function evaluations = 2500001


Best candidate found: [144.961, 471.035, 122.477, 7.35321, 2.80024e5, 428.343, 684.867, 511.794, 35.7229, 24456.5, 4.70224e-5, 0.000457454, 0.00483459, 0.0378588, 0.335431]

Fitness: -287202095.623283565

-2.8720209562328357e8
15-element Vector{Float64}:
    144.9614001535851
    471.0354158150989
    122.47700774171436
      7.353207231915331
 280024.3931364764
    428.34320821075653
    684.8673577663818
    511.79356057927095
     35.722911425739554
  24456.460225056206
      4.702236229320956e-5
      0.00045745393695672
      0.004834593356180449
      0.03785884614545416
      0.33543114117980777
Script has finished
Sat Dec 18 21:35:49 CET 2021

------------------------------------------------------------
Sender: LSF System <schwan@makalu189>
Subject: Job 575433: <Julia_Job_parallel> in cluster <wuerfel> Done

Job <Julia_Job_parallel> was submitted from host <makalu56> by user <magr4985> in cluster <wuerfel> at Sat Dec 18 15:38:03 2021
Job was executed on host(s) <makalu189>, in queue <BatchXL>, as user <magr4985> in cluster <wuerfel> at Sat Dec 18 15:38:13 2021
</usr/scratch4/magr4985> was used as the home directory.
</usr/scratch4/magr4985/TRPL/BatchJobs/C2702_hzb/Run21> was used as the working directory.
Started at Sat Dec 18 15:38:13 2021
Terminated at Sat Dec 18 21:35:49 2021
Results reported at Sat Dec 18 21:35:49 2021

Your job looked like:

------------------------------------------------------------
# LSBATCH: User input
#!/bin/csh 
#BSUB -q BatchXL 
#BSUB -R "mem > 8000 span[hosts=1] && intel_avx2" 
#BSUB -oo lsf_julia_%J.log 
#BSUB -eo lsf_julia_%J.err 
#BSUB -J Julia_Job_parallel 
#BSUB -L /bin/csh 
#BSUB -n 1 
date 
pwd 
module purge 
/usr/scratch4/magr4985/julia-1.6.2/bin/julia -t 4 /usr/scratch4/magr4985/TRPL/Programs/trpl_analysis_real.jl C2702_hzb 1.0e17 2500000 1 /usr/scratch4/magr4985/TRPL/BatchJobs/C2702_hzb/Run21 1.0e-14 3600 "[1.0, 1.0, 1.0, 1.0, 1.0, 1.0, 1.0, 1.0, 1.0, 1.0, 1.0e-6, 1.0e-6, 1.0e-6, 1.0e-6, 1.0e-6, 1.0e-6, 1.0e-6, 1.0e-6, 1.0e-6, 1.0e-6]" "[5000.0, 5000.0, 1000.0, 1000.0, 1.0e9, 1000.0, 10000.0, 10000.0, 1000.0, 1.0e6, 0.5, 0.5, 0.5, 0.5, 0.5, 0.5, 0.5, 0.5, 0.5, 0.5]" 
date
------------------------------------------------------------

Successfully completed.

Resource usage summary:

    CPU time :                                   56337.70 sec.
    Max Memory :                                 5994.21 MB
    Average Memory :                             2317.00 MB
    Total Requested Memory :                     -
    Delta Memory :                               -
    Max Swap :                                   972 KB
    Max Processes :                              4
    Max Threads :                                12
    Run time :                                   21454 sec.
    Turnaround time :                            21466 sec.

The output (if any) is above this job summary.



PS:

Read file <lsf_julia_575433.err> for stderr output of this job.

