Warning: no access to tty (Bad file descriptor).
Thus no job control in this shell.
Warning: no access to tty (Bad file descriptor).
Thus no job control in this shell.
Tue Dec 21 20:03:55 CET 2021
/usr/scratch4/magr4985/TRPL/BatchJobs/syn_data_3/Run1
# Thread: 4
590357351911380490 RNG Seed
Run 1
Starting optimization with optimizer DiffEvoOpt{FitPopulation{Float64}, RadiusLimitedSelector, BlackBoxOptim.DiffEvoRandBin{3}, RandomBound{ContinuousRectSearchSpace}}
0.00 secs, 0 evals, 0 steps
30.00 secs, 2549 evals, 2451 steps, improv/step: 0.388 (last = 0.3880), fitness=-19977321.198292397
60.00 secs, 5553 evals, 5455 steps, improv/step: 0.344 (last = 0.3073), fitness=-25243594.225903548
90.01 secs, 8694 evals, 8596 steps, improv/step: 0.312 (last = 0.2585), fitness=-25502301.049054615
120.01 secs, 11834 evals, 11736 steps, improv/step: 0.266 (last = 0.1398), fitness=-25575025.986576449
150.01 secs, 15045 evals, 14947 steps, improv/step: 0.239 (last = 0.1401), fitness=-25585490.848943666
180.02 secs, 17821 evals, 17723 steps, improv/step: 0.221 (last = 0.1250), fitness=-25586538.806963775
210.02 secs, 20787 evals, 20689 steps, improv/step: 0.205 (last = 0.1082), fitness=-25587172.482804112
240.03 secs, 23863 evals, 23766 steps, improv/step: 0.197 (last = 0.1423), fitness=-25590542.394938715
270.03 secs, 26978 evals, 26882 steps, improv/step: 0.193 (last = 0.1653), fitness=-25596835.895867541
300.03 secs, 29938 evals, 29842 steps, improv/step: 0.190 (last = 0.1578), fitness=-25601387.763382252
330.04 secs, 32786 evals, 32690 steps, improv/step: 0.184 (last = 0.1180), fitness=-25606416.148904178
360.05 secs, 35678 evals, 35582 steps, improv/step: 0.179 (last = 0.1324), fitness=-25612112.224091180
390.05 secs, 38486 evals, 38390 steps, improv/step: 0.175 (last = 0.1243), fitness=-25613400.319038570
420.06 secs, 41526 evals, 41430 steps, improv/step: 0.171 (last = 0.1191), fitness=-25614228.898291551
450.07 secs, 44531 evals, 44435 steps, improv/step: 0.169 (last = 0.1318), fitness=-25614544.684566498
480.13 secs, 47517 evals, 47421 steps, improv/step: 0.168 (last = 0.1524), fitness=-25614694.538993850
510.19 secs, 50560 evals, 50464 steps, improv/step: 0.165 (last = 0.1255), fitness=-25614728.979561277
540.19 secs, 53663 evals, 53567 steps, improv/step: 0.164 (last = 0.1482), fitness=-25614747.633636408
570.20 secs, 56762 evals, 56666 steps, improv/step: 0.163 (last = 0.1455), fitness=-25615775.676374637
600.20 secs, 59731 evals, 59635 steps, improv/step: 0.167 (last = 0.2482), fitness=-25648022.274418436
630.21 secs, 62695 evals, 62599 steps, improv/step: 0.174 (last = 0.3175), fitness=-25855627.129048612
660.22 secs, 65384 evals, 65288 steps, improv/step: 0.174 (last = 0.1647), fitness=-25871894.077563435
690.23 secs, 68041 evals, 67945 steps, improv/step: 0.173 (last = 0.1408), fitness=-25874955.253011491
720.24 secs, 70800 evals, 70704 steps, improv/step: 0.172 (last = 0.1602), fitness=-25876181.701844692
750.25 secs, 73495 evals, 73399 steps, improv/step: 0.171 (last = 0.1492), fitness=-25876834.686456874
780.26 secs, 76180 evals, 76084 steps, improv/step: 0.170 (last = 0.1397), fitness=-25877200.579265699
810.27 secs, 78914 evals, 78818 steps, improv/step: 0.168 (last = 0.1039), fitness=-25877538.490648039
840.27 secs, 81831 evals, 81735 steps, improv/step: 0.166 (last = 0.1056), fitness=-25877766.710862365
870.29 secs, 84695 evals, 84599 steps, improv/step: 0.164 (last = 0.1267), fitness=-25877975.005485829
900.30 secs, 87568 evals, 87472 steps, improv/step: 0.165 (last = 0.1806), fitness=-25878507.812322017
930.30 secs, 90504 evals, 90408 steps, improv/step: 0.163 (last = 0.1158), fitness=-25878767.057108097
960.30 secs, 93369 evals, 93274 steps, improv/step: 0.162 (last = 0.1144), fitness=-25878998.017369870
990.31 secs, 96111 evals, 96016 steps, improv/step: 0.160 (last = 0.1087), fitness=-25879589.832673714
1020.32 secs, 98897 evals, 98802 steps, improv/step: 0.159 (last = 0.0983), fitness=-25879752.267235331
1050.33 secs, 101824 evals, 101729 steps, improv/step: 0.157 (last = 0.1059), fitness=-25880067.569810133
1080.34 secs, 104501 evals, 104406 steps, improv/step: 0.156 (last = 0.1165), fitness=-25880429.403949663
1110.34 secs, 107334 evals, 107239 steps, improv/step: 0.154 (last = 0.0868), fitness=-25880769.233345535
1140.35 secs, 110262 evals, 110167 steps, improv/step: 0.152 (last = 0.0861), fitness=-25880944.956115581
1170.35 secs, 113122 evals, 113027 steps, improv/step: 0.151 (last = 0.0906), fitness=-25881080.908985183
1200.35 secs, 116089 evals, 115994 steps, improv/step: 0.149 (last = 0.0988), fitness=-25881194.086459529
1230.36 secs, 118896 evals, 118801 steps, improv/step: 0.149 (last = 0.1136), fitness=-25881283.155183561
1260.36 secs, 121912 evals, 121817 steps, improv/step: 0.147 (last = 0.0852), fitness=-25881334.405940574
1290.37 secs, 125031 evals, 124936 steps, improv/step: 0.145 (last = 0.0664), fitness=-25881352.404214017
1320.37 secs, 127852 evals, 127757 steps, improv/step: 0.143 (last = 0.0578), fitness=-25881362.286277048
1350.37 secs, 130678 evals, 130583 steps, improv/step: 0.141 (last = 0.0524), fitness=-25881365.219638690
1380.38 secs, 133492 evals, 133397 steps, improv/step: 0.139 (last = 0.0473), fitness=-25881367.751230735
1410.38 secs, 136359 evals, 136264 steps, improv/step: 0.137 (last = 0.0541), fitness=-25881369.597849317
1440.38 secs, 139214 evals, 139119 steps, improv/step: 0.135 (last = 0.0399), fitness=-25881370.221312597
1470.40 secs, 141934 evals, 141839 steps, improv/step: 0.134 (last = 0.0441), fitness=-25881371.917699054
1500.40 secs, 144755 evals, 144661 steps, improv/step: 0.132 (last = 0.0454), fitness=-25881372.652375132
1530.41 secs, 147753 evals, 147660 steps, improv/step: 0.130 (last = 0.0493), fitness=-25881374.437988624
1560.41 secs, 150447 evals, 150354 steps, improv/step: 0.129 (last = 0.0535), fitness=-25881375.589254521
1590.41 secs, 153296 evals, 153203 steps, improv/step: 0.127 (last = 0.0509), fitness=-25881377.013654433
1620.46 secs, 156080 evals, 155987 steps, improv/step: 0.126 (last = 0.0690), fitness=-25881378.735678263
1650.46 secs, 159123 evals, 159030 steps, improv/step: 0.125 (last = 0.0716), fitness=-25881382.151882570
1680.47 secs, 162000 evals, 161907 steps, improv/step: 0.124 (last = 0.0528), fitness=-25881386.243799172
1710.47 secs, 164777 evals, 164684 steps, improv/step: 0.123 (last = 0.0630), fitness=-25881390.860875174
1740.47 secs, 167604 evals, 167511 steps, improv/step: 0.122 (last = 0.0552), fitness=-25881394.048807219
1770.55 secs, 170462 evals, 170369 steps, improv/step: 0.121 (last = 0.0427), fitness=-25881399.892901108
1800.55 secs, 173104 evals, 173011 steps, improv/step: 0.120 (last = 0.0568), fitness=-25881408.301517397
1830.56 secs, 175838 evals, 175745 steps, improv/step: 0.119 (last = 0.0779), fitness=-25881420.144127917
1860.56 secs, 178579 evals, 178487 steps, improv/step: 0.118 (last = 0.0591), fitness=-25881428.627023865
1890.57 secs, 181274 evals, 181182 steps, improv/step: 0.117 (last = 0.0560), fitness=-25881432.972687025
1920.58 secs, 183981 evals, 183889 steps, improv/step: 0.116 (last = 0.0414), fitness=-25881434.933536936
1950.58 secs, 186687 evals, 186595 steps, improv/step: 0.115 (last = 0.0488), fitness=-25881444.329492923
1980.58 secs, 189472 evals, 189381 steps, improv/step: 0.114 (last = 0.0445), fitness=-25881455.494351894
2010.59 secs, 192421 evals, 192330 steps, improv/step: 0.113 (last = 0.0441), fitness=-25881469.512070291
2040.59 secs, 195281 evals, 195191 steps, improv/step: 0.112 (last = 0.0447), fitness=-25881478.778877124
2070.60 secs, 198202 evals, 198112 steps, improv/step: 0.111 (last = 0.0401), fitness=-25881483.121674985
2100.60 secs, 201215 evals, 201126 steps, improv/step: 0.110 (last = 0.0338), fitness=-25881488.487014547
2130.63 secs, 204086 evals, 203997 steps, improv/step: 0.109 (last = 0.0411), fitness=-25881496.768434249
2160.64 secs, 207050 evals, 206961 steps, improv/step: 0.108 (last = 0.0513), fitness=-25881500.051112860
2190.65 secs, 209910 evals, 209821 steps, improv/step: 0.107 (last = 0.0493), fitness=-25881507.188242517
2220.65 secs, 212926 evals, 212838 steps, improv/step: 0.106 (last = 0.0408), fitness=-25881524.496682927
2250.66 secs, 215664 evals, 215576 steps, improv/step: 0.105 (last = 0.0486), fitness=-25881532.625154242
2280.67 secs, 218384 evals, 218296 steps, improv/step: 0.105 (last = 0.0437), fitness=-25881542.282166988
2310.72 secs, 221119 evals, 221032 steps, improv/step: 0.104 (last = 0.0340), fitness=-25881545.788905740
2340.72 secs, 223802 evals, 223716 steps, improv/step: 0.103 (last = 0.0391), fitness=-25881555.057898074
2370.72 secs, 226536 evals, 226450 steps, improv/step: 0.102 (last = 0.0413), fitness=-25881570.125060011
2400.73 secs, 229170 evals, 229084 steps, improv/step: 0.102 (last = 0.0433), fitness=-25881572.936854366
2430.74 secs, 232021 evals, 231936 steps, improv/step: 0.101 (last = 0.0379), fitness=-25881573.834965408
2460.75 secs, 234822 evals, 234737 steps, improv/step: 0.100 (last = 0.0375), fitness=-25881579.527451910
2490.75 secs, 237597 evals, 237512 steps, improv/step: 0.099 (last = 0.0360), fitness=-25881582.397429522
2520.76 secs, 240383 evals, 240298 steps, improv/step: 0.099 (last = 0.0345), fitness=-25881588.119415410
2550.78 secs, 243268 evals, 243183 steps, improv/step: 0.098 (last = 0.0305), fitness=-25881599.130817905
2580.78 secs, 245988 evals, 245903 steps, improv/step: 0.097 (last = 0.0298), fitness=-25881600.496284675
2610.79 secs, 248741 evals, 248656 steps, improv/step: 0.096 (last = 0.0356), fitness=-25881602.136751294
2640.79 secs, 251393 evals, 251308 steps, improv/step: 0.096 (last = 0.0388), fitness=-25881605.953884345
2670.83 secs, 254140 evals, 254055 steps, improv/step: 0.095 (last = 0.0393), fitness=-25881607.720966037
2700.83 secs, 256822 evals, 256737 steps, improv/step: 0.095 (last = 0.0440), fitness=-25881610.510317653
2730.87 secs, 259462 evals, 259377 steps, improv/step: 0.094 (last = 0.0462), fitness=-25881614.107924886
2760.87 secs, 262191 evals, 262106 steps, improv/step: 0.094 (last = 0.0495), fitness=-25881619.421936557
2790.88 secs, 264804 evals, 264719 steps, improv/step: 0.093 (last = 0.0509), fitness=-25881624.976249676
2820.88 secs, 267505 evals, 267420 steps, improv/step: 0.093 (last = 0.0478), fitness=-25881630.732263099
2850.88 secs, 270278 evals, 270193 steps, improv/step: 0.092 (last = 0.0537), fitness=-25881637.177660227
2880.88 secs, 273121 evals, 273036 steps, improv/step: 0.092 (last = 0.0514), fitness=-25881640.033572391
2910.89 secs, 275745 evals, 275660 steps, improv/step: 0.091 (last = 0.0434), fitness=-25881643.479431834
2940.89 secs, 278328 evals, 278243 steps, improv/step: 0.091 (last = 0.0515), fitness=-25881644.345030650
2970.90 secs, 280919 evals, 280834 steps, improv/step: 0.091 (last = 0.0513), fitness=-25881649.231459290
3000.90 secs, 283594 evals, 283509 steps, improv/step: 0.090 (last = 0.0647), fitness=-25881654.593479984
3030.92 secs, 286346 evals, 286261 steps, improv/step: 0.090 (last = 0.0581), fitness=-25881658.233762458
3060.92 secs, 289107 evals, 289022 steps, improv/step: 0.090 (last = 0.0478), fitness=-25881658.505761482
3090.93 secs, 291779 evals, 291694 steps, improv/step: 0.089 (last = 0.0498), fitness=-25881660.392986689
3120.93 secs, 294478 evals, 294394 steps, improv/step: 0.089 (last = 0.0433), fitness=-25881661.992950518
3150.94 secs, 297192 evals, 297108 steps, improv/step: 0.089 (last = 0.0516), fitness=-25881664.588686071
3180.96 secs, 299903 evals, 299819 steps, improv/step: 0.088 (last = 0.0398), fitness=-25881666.994515143
3210.97 secs, 302597 evals, 302513 steps, improv/step: 0.088 (last = 0.0438), fitness=-25881669.345010627
3240.99 secs, 305111 evals, 305027 steps, improv/step: 0.087 (last = 0.0501), fitness=-25881670.473332703
3270.99 secs, 307780 evals, 307696 steps, improv/step: 0.087 (last = 0.0450), fitness=-25881671.757790376
3300.99 secs, 310336 evals, 310252 steps, improv/step: 0.087 (last = 0.0505), fitness=-25881674.228494104
3331.00 secs, 312899 evals, 312815 steps, improv/step: 0.086 (last = 0.0472), fitness=-25881675.110422265
3361.01 secs, 315617 evals, 315533 steps, improv/step: 0.086 (last = 0.0515), fitness=-25881676.827116393
3391.04 secs, 318348 evals, 318264 steps, improv/step: 0.086 (last = 0.0524), fitness=-25881678.475335166
3421.06 secs, 320945 evals, 320861 steps, improv/step: 0.086 (last = 0.0539), fitness=-25881681.026039362
3451.07 secs, 323750 evals, 323666 steps, improv/step: 0.085 (last = 0.0471), fitness=-25881684.120649274
3481.08 secs, 326605 evals, 326521 steps, improv/step: 0.085 (last = 0.0445), fitness=-25881687.498800974
3511.08 secs, 329326 evals, 329242 steps, improv/step: 0.084 (last = 0.0356), fitness=-25881687.913536031
3541.09 secs, 332222 evals, 332139 steps, improv/step: 0.084 (last = 0.0394), fitness=-25881691.930225506
3571.09 secs, 334926 evals, 334843 steps, improv/step: 0.084 (last = 0.0351), fitness=-25881693.406751972
3601.10 secs, 337632 evals, 337549 steps, improv/step: 0.083 (last = 0.0351), fitness=-25881696.486439280
3631.10 secs, 340457 evals, 340374 steps, improv/step: 0.083 (last = 0.0234), fitness=-25881698.149531908
3661.10 secs, 342992 evals, 342910 steps, improv/step: 0.082 (last = 0.0351), fitness=-25881699.577981409
3691.11 secs, 345730 evals, 345648 steps, improv/step: 0.082 (last = 0.0274), fitness=-25881701.392905653
3721.11 secs, 348518 evals, 348436 steps, improv/step: 0.082 (last = 0.0369), fitness=-25881704.241237812
3751.12 secs, 351254 evals, 351173 steps, improv/step: 0.081 (last = 0.0380), fitness=-25881705.411552347
3781.12 secs, 354030 evals, 353950 steps, improv/step: 0.081 (last = 0.0385), fitness=-25881709.291241597
3811.12 secs, 356794 evals, 356714 steps, improv/step: 0.081 (last = 0.0402), fitness=-25881713.210383616
3841.12 secs, 359515 evals, 359436 steps, improv/step: 0.080 (last = 0.0312), fitness=-25881717.049329709
3871.13 secs, 362260 evals, 362181 steps, improv/step: 0.080 (last = 0.0313), fitness=-25881717.049329709
3901.18 secs, 365230 evals, 365151 steps, improv/step: 0.080 (last = 0.0286), fitness=-25881725.032174386
3931.18 secs, 368006 evals, 367927 steps, improv/step: 0.079 (last = 0.0281), fitness=-25881729.223111831
3961.18 secs, 370813 evals, 370734 steps, improv/step: 0.079 (last = 0.0324), fitness=-25881731.933182932
3991.18 secs, 373638 evals, 373559 steps, improv/step: 0.078 (last = 0.0389), fitness=-25881735.868217699
4021.19 secs, 376564 evals, 376485 steps, improv/step: 0.078 (last = 0.0379), fitness=-25881739.088892445
4051.19 secs, 379369 evals, 379290 steps, improv/step: 0.078 (last = 0.0460), fitness=-25881743.216496468
4081.19 secs, 382160 evals, 382081 steps, improv/step: 0.078 (last = 0.0348), fitness=-25881747.853742681
4111.20 secs, 385100 evals, 385021 steps, improv/step: 0.077 (last = 0.0306), fitness=-25881750.286463194
4141.21 secs, 387897 evals, 387818 steps, improv/step: 0.077 (last = 0.0325), fitness=-25881751.881943822
4171.22 secs, 390656 evals, 390577 steps, improv/step: 0.077 (last = 0.0341), fitness=-25881757.384150889
4201.22 secs, 393407 evals, 393328 steps, improv/step: 0.076 (last = 0.0367), fitness=-25881757.567648608
4231.23 secs, 396236 evals, 396157 steps, improv/step: 0.076 (last = 0.0364), fitness=-25881761.248281747
4261.23 secs, 399057 evals, 398978 steps, improv/step: 0.076 (last = 0.0429), fitness=-25881762.816377640
4291.23 secs, 401914 evals, 401835 steps, improv/step: 0.076 (last = 0.0382), fitness=-25881766.106253676
4321.24 secs, 404854 evals, 404775 steps, improv/step: 0.075 (last = 0.0347), fitness=-25881769.397411112
4351.26 secs, 407574 evals, 407495 steps, improv/step: 0.075 (last = 0.0283), fitness=-25881772.052906655
4381.26 secs, 410370 evals, 410291 steps, improv/step: 0.075 (last = 0.0322), fitness=-25881776.633524314
4411.26 secs, 413210 evals, 413131 steps, improv/step: 0.074 (last = 0.0310), fitness=-25881776.927863304
4441.27 secs, 415980 evals, 415901 steps, improv/step: 0.074 (last = 0.0231), fitness=-25881778.978626639
4471.27 secs, 418835 evals, 418756 steps, improv/step: 0.074 (last = 0.0266), fitness=-25881779.845388182
4501.27 secs, 421773 evals, 421694 steps, improv/step: 0.073 (last = 0.0259), fitness=-25881782.959926285
4531.28 secs, 424618 evals, 424540 steps, improv/step: 0.073 (last = 0.0337), fitness=-25881785.219631501
4561.28 secs, 427429 evals, 427351 steps, improv/step: 0.073 (last = 0.0409), fitness=-25881786.367736906
4591.29 secs, 430351 evals, 430273 steps, improv/step: 0.073 (last = 0.0613), fitness=-25881788.930593628
4621.29 secs, 433378 evals, 433300 steps, improv/step: 0.073 (last = 0.0538), fitness=-25881790.227947868
4651.30 secs, 436267 evals, 436189 steps, improv/step: 0.072 (last = 0.0426), fitness=-25881791.811181340
4681.30 secs, 439087 evals, 439009 steps, improv/step: 0.072 (last = 0.0333), fitness=-25881794.591116887
4711.31 secs, 441817 evals, 441740 steps, improv/step: 0.072 (last = 0.0308), fitness=-25881796.689317197
4741.31 secs, 444570 evals, 444493 steps, improv/step: 0.072 (last = 0.0331), fitness=-25881798.827506553
4771.33 secs, 447359 evals, 447282 steps, improv/step: 0.071 (last = 0.0319), fitness=-25881801.763704419
4801.34 secs, 450189 evals, 450112 steps, improv/step: 0.071 (last = 0.0300), fitness=-25881802.807669993
4831.34 secs, 452935 evals, 452859 steps, improv/step: 0.071 (last = 0.0258), fitness=-25881804.651284646
4861.34 secs, 455700 evals, 455624 steps, improv/step: 0.071 (last = 0.0257), fitness=-25881805.601124145
4891.35 secs, 458574 evals, 458499 steps, improv/step: 0.070 (last = 0.0372), fitness=-25881806.868351761
4921.35 secs, 461410 evals, 461336 steps, improv/step: 0.070 (last = 0.0236), fitness=-25881809.218071692
4951.36 secs, 464287 evals, 464213 steps, improv/step: 0.070 (last = 0.0295), fitness=-25881810.955957144
4981.36 secs, 467053 evals, 466979 steps, improv/step: 0.070 (last = 0.0434), fitness=-25881813.213999249
5011.36 secs, 469802 evals, 469728 steps, improv/step: 0.070 (last = 0.0306), fitness=-25881815.257376619
5041.45 secs, 472529 evals, 472455 steps, improv/step: 0.069 (last = 0.0337), fitness=-25881817.744677395
5071.45 secs, 475405 evals, 475331 steps, improv/step: 0.069 (last = 0.0421), fitness=-25881819.051589429
5101.46 secs, 478295 evals, 478222 steps, improv/step: 0.069 (last = 0.0325), fitness=-25881819.414807670
5131.46 secs, 481213 evals, 481140 steps, improv/step: 0.069 (last = 0.0257), fitness=-25881819.783635672
5161.47 secs, 484027 evals, 483954 steps, improv/step: 0.068 (last = 0.0323), fitness=-25881821.708860796
5191.54 secs, 486787 evals, 486714 steps, improv/step: 0.068 (last = 0.0330), fitness=-25881822.741152711
5221.54 secs, 489732 evals, 489659 steps, improv/step: 0.068 (last = 0.0421), fitness=-25881823.763979509
5251.55 secs, 492655 evals, 492582 steps, improv/step: 0.068 (last = 0.0318), fitness=-25881824.382826757
5281.56 secs, 495599 evals, 495526 steps, improv/step: 0.068 (last = 0.0445), fitness=-25881825.479756914
5311.56 secs, 498512 evals, 498439 steps, improv/step: 0.068 (last = 0.0350), fitness=-25881827.618974134
5341.57 secs, 501295 evals, 501222 steps, improv/step: 0.067 (last = 0.0395), fitness=-25881829.088810038
5371.57 secs, 504417 evals, 504344 steps, improv/step: 0.067 (last = 0.0375), fitness=-25881829.818518389
5401.57 secs, 507303 evals, 507230 steps, improv/step: 0.067 (last = 0.0360), fitness=-25881830.612032555
5431.57 secs, 510154 evals, 510081 steps, improv/step: 0.067 (last = 0.0305), fitness=-25881831.482661404
5461.58 secs, 512946 evals, 512873 steps, improv/step: 0.067 (last = 0.0301), fitness=-25881831.714508735
5491.58 secs, 515650 evals, 515577 steps, improv/step: 0.066 (last = 0.0281), fitness=-25881832.494276091
5521.58 secs, 518456 evals, 518383 steps, improv/step: 0.066 (last = 0.0349), fitness=-25881832.835750997
5551.60 secs, 521271 evals, 521198 steps, improv/step: 0.066 (last = 0.0366), fitness=-25881833.694477912
5581.60 secs, 524174 evals, 524101 steps, improv/step: 0.066 (last = 0.0417), fitness=-25881834.975288473
5611.60 secs, 527004 evals, 526931 steps, improv/step: 0.066 (last = 0.0459), fitness=-25881836.443531670
5641.61 secs, 529724 evals, 529651 steps, improv/step: 0.066 (last = 0.0529), fitness=-25881836.875608735
5671.62 secs, 532662 evals, 532590 steps, improv/step: 0.066 (last = 0.0378), fitness=-25881837.162005816
5701.65 secs, 535512 evals, 535440 steps, improv/step: 0.065 (last = 0.0344), fitness=-25881837.685745794
5731.66 secs, 538358 evals, 538287 steps, improv/step: 0.065 (last = 0.0407), fitness=-25881838.251708820
5761.66 secs, 541286 evals, 541215 steps, improv/step: 0.065 (last = 0.0379), fitness=-25881838.524287738
5791.68 secs, 544165 evals, 544095 steps, improv/step: 0.065 (last = 0.0431), fitness=-25881839.127531569
5821.68 secs, 546923 evals, 546853 steps, improv/step: 0.065 (last = 0.0442), fitness=-25881839.372685231
5851.69 secs, 550028 evals, 549958 steps, improv/step: 0.065 (last = 0.0338), fitness=-25881840.108699683
5881.69 secs, 553010 evals, 552940 steps, improv/step: 0.065 (last = 0.0305), fitness=-25881840.322626479
5911.69 secs, 555911 evals, 555842 steps, improv/step: 0.064 (last = 0.0314), fitness=-25881840.759165343
5941.70 secs, 558752 evals, 558683 steps, improv/step: 0.064 (last = 0.0334), fitness=-25881841.291254345
5971.70 secs, 561587 evals, 561519 steps, improv/step: 0.064 (last = 0.0279), fitness=-25881842.373842031
6001.71 secs, 564670 evals, 564603 steps, improv/step: 0.064 (last = 0.0337), fitness=-25881842.768527187
6031.71 secs, 567765 evals, 567698 steps, improv/step: 0.064 (last = 0.0310), fitness=-25881843.487514451
6061.72 secs, 570977 evals, 570910 steps, improv/step: 0.064 (last = 0.0377), fitness=-25881844.182476103
6091.72 secs, 574119 evals, 574052 steps, improv/step: 0.063 (last = 0.0430), fitness=-25881844.819107048
6121.73 secs, 577058 evals, 576991 steps, improv/step: 0.063 (last = 0.0374), fitness=-25881845.049785178
6151.73 secs, 580109 evals, 580043 steps, improv/step: 0.063 (last = 0.0383), fitness=-25881845.628220931
6181.74 secs, 583151 evals, 583085 steps, improv/step: 0.063 (last = 0.0424), fitness=-25881846.398901515
6211.74 secs, 586067 evals, 586001 steps, improv/step: 0.063 (last = 0.0432), fitness=-25881846.699584663
6241.74 secs, 589043 evals, 588977 steps, improv/step: 0.063 (last = 0.0289), fitness=-25881847.275538035
6271.75 secs, 592099 evals, 592033 steps, improv/step: 0.063 (last = 0.0373), fitness=-25881847.974708613
6301.76 secs, 595144 evals, 595079 steps, improv/step: 0.063 (last = 0.0374), fitness=-25881848.944483478
6331.77 secs, 598330 evals, 598265 steps, improv/step: 0.062 (last = 0.0395), fitness=-25881849.658233583
6361.77 secs, 601313 evals, 601248 steps, improv/step: 0.062 (last = 0.0372), fitness=-25881850.352142956
6391.80 secs, 604400 evals, 604335 steps, improv/step: 0.062 (last = 0.0347), fitness=-25881851.173309151
6421.81 secs, 607461 evals, 607397 steps, improv/step: 0.062 (last = 0.0320), fitness=-25881851.222924620
6451.85 secs, 610271 evals, 610207 steps, improv/step: 0.062 (last = 0.0246), fitness=-25881851.644224379
6481.85 secs, 613254 evals, 613190 steps, improv/step: 0.062 (last = 0.0292), fitness=-25881851.961405270
6511.86 secs, 616067 evals, 616004 steps, improv/step: 0.062 (last = 0.0313), fitness=-25881852.409204245
6541.86 secs, 619014 evals, 618952 steps, improv/step: 0.061 (last = 0.0315), fitness=-25881852.739890400
6571.86 secs, 622074 evals, 622012 steps, improv/step: 0.061 (last = 0.0369), fitness=-25881853.364583224
6601.87 secs, 624974 evals, 624912 steps, improv/step: 0.061 (last = 0.0286), fitness=-25881853.894431055
6631.87 secs, 628053 evals, 627992 steps, improv/step: 0.061 (last = 0.0399), fitness=-25881854.168336689
6661.88 secs, 630965 evals, 630904 steps, improv/step: 0.061 (last = 0.0391), fitness=-25881854.425546970
6691.88 secs, 633827 evals, 633766 steps, improv/step: 0.061 (last = 0.0416), fitness=-25881854.506849367
6721.89 secs, 636791 evals, 636730 steps, improv/step: 0.061 (last = 0.0341), fitness=-25881854.911114790
6751.89 secs, 639837 evals, 639778 steps, improv/step: 0.061 (last = 0.0400), fitness=-25881855.095572956
6781.91 secs, 642836 evals, 642777 steps, improv/step: 0.060 (last = 0.0293), fitness=-25881855.219330963
6811.96 secs, 645633 evals, 645575 steps, improv/step: 0.060 (last = 0.0329), fitness=-25881856.026044860
6842.02 secs, 648625 evals, 648568 steps, improv/step: 0.060 (last = 0.0307), fitness=-25881856.188921105
6872.02 secs, 651626 evals, 651569 steps, improv/step: 0.060 (last = 0.0317), fitness=-25881856.283384461
6902.02 secs, 654675 evals, 654618 steps, improv/step: 0.060 (last = 0.0292), fitness=-25881856.896592665
6932.05 secs, 657680 evals, 657623 steps, improv/step: 0.060 (last = 0.0303), fitness=-25881856.970143493
6962.06 secs, 660635 evals, 660578 steps, improv/step: 0.060 (last = 0.0379), fitness=-25881857.267005779
6992.06 secs, 663812 evals, 663755 steps, improv/step: 0.060 (last = 0.0340), fitness=-25881858.194684580
7022.06 secs, 666929 evals, 666872 steps, improv/step: 0.059 (last = 0.0372), fitness=-25881858.556529887
7052.07 secs, 669931 evals, 669874 steps, improv/step: 0.059 (last = 0.0396), fitness=-25881858.840472151
7082.07 secs, 673062 evals, 673005 steps, improv/step: 0.059 (last = 0.0265), fitness=-25881858.905536134
7112.07 secs, 676078 evals, 676021 steps, improv/step: 0.059 (last = 0.0355), fitness=-25881859.219353236
7142.09 secs, 679090 evals, 679033 steps, improv/step: 0.059 (last = 0.0355), fitness=-25881859.590552993
7172.09 secs, 681994 evals, 681937 steps, improv/step: 0.059 (last = 0.0279), fitness=-25881859.873090658
7202.09 secs, 684984 evals, 684927 steps, improv/step: 0.059 (last = 0.0328), fitness=-25881860.668499790
7232.10 secs, 688025 evals, 687968 steps, improv/step: 0.059 (last = 0.0339), fitness=-25881861.305051550
7262.11 secs, 691047 evals, 690991 steps, improv/step: 0.059 (last = 0.0225), fitness=-25881861.656224735
7292.11 secs, 694045 evals, 693989 steps, improv/step: 0.058 (last = 0.0203), fitness=-25881861.858605918
7322.12 secs, 696921 evals, 696865 steps, improv/step: 0.058 (last = 0.0236), fitness=-25881862.082960762
7352.12 secs, 699856 evals, 699801 steps, improv/step: 0.058 (last = 0.0228), fitness=-25881862.421116814
7382.13 secs, 702720 evals, 702665 steps, improv/step: 0.058 (last = 0.0297), fitness=-25881862.647193272
7412.14 secs, 705571 evals, 705516 steps, improv/step: 0.058 (last = 0.0263), fitness=-25881862.757781446
7442.14 secs, 708510 evals, 708455 steps, improv/step: 0.058 (last = 0.0310), fitness=-25881862.938218482
7472.15 secs, 711378 evals, 711323 steps, improv/step: 0.058 (last = 0.0335), fitness=-25881863.352922484
7502.15 secs, 714498 evals, 714444 steps, improv/step: 0.057 (last = 0.0240), fitness=-25881863.689059522
7532.15 secs, 717324 evals, 717270 steps, improv/step: 0.057 (last = 0.0265), fitness=-25881863.749589220
7562.15 secs, 720329 evals, 720275 steps, improv/step: 0.057 (last = 0.0240), fitness=-25881863.828174576
7592.16 secs, 723346 evals, 723294 steps, improv/step: 0.057 (last = 0.0225), fitness=-25881863.987097614
7622.16 secs, 726427 evals, 726375 steps, improv/step: 0.057 (last = 0.0217), fitness=-25881864.225100540
7652.21 secs, 729455 evals, 729404 steps, improv/step: 0.057 (last = 0.0231), fitness=-25881864.389835302
7682.26 secs, 732415 evals, 732366 steps, improv/step: 0.057 (last = 0.0203), fitness=-25881864.523509838
7712.27 secs, 735559 evals, 735511 steps, improv/step: 0.056 (last = 0.0207), fitness=-25881864.689000465
7742.27 secs, 738556 evals, 738508 steps, improv/step: 0.056 (last = 0.0187), fitness=-25881864.861422736
7772.27 secs, 741571 evals, 741523 steps, improv/step: 0.056 (last = 0.0235), fitness=-25881864.880104177
7802.27 secs, 744574 evals, 744527 steps, improv/step: 0.056 (last = 0.0173), fitness=-25881865.044880211
7832.27 secs, 747643 evals, 747598 steps, improv/step: 0.056 (last = 0.0199), fitness=-25881865.115788613
7862.27 secs, 750725 evals, 750680 steps, improv/step: 0.056 (last = 0.0165), fitness=-25881865.227853253
7892.28 secs, 753821 evals, 753776 steps, improv/step: 0.056 (last = 0.0203), fitness=-25881865.241544653
7922.28 secs, 756863 evals, 756818 steps, improv/step: 0.055 (last = 0.0266), fitness=-25881865.384941667
7952.29 secs, 760024 evals, 759980 steps, improv/step: 0.055 (last = 0.0250), fitness=-25881865.481522746
7982.29 secs, 763238 evals, 763194 steps, improv/step: 0.055 (last = 0.0308), fitness=-25881865.538177501
8012.29 secs, 766485 evals, 766441 steps, improv/step: 0.055 (last = 0.0302), fitness=-25881865.606549174
8042.30 secs, 769663 evals, 769619 steps, improv/step: 0.055 (last = 0.0277), fitness=-25881865.669121914
8072.30 secs, 772747 evals, 772704 steps, improv/step: 0.055 (last = 0.0240), fitness=-25881865.805190720
8102.31 secs, 775835 evals, 775792 steps, improv/step: 0.055 (last = 0.0259), fitness=-25881865.908608504
8132.31 secs, 779025 evals, 778983 steps, improv/step: 0.055 (last = 0.0301), fitness=-25881865.982895471
8162.32 secs, 782218 evals, 782176 steps, improv/step: 0.055 (last = 0.0301), fitness=-25881865.992274188
8192.32 secs, 785407 evals, 785365 steps, improv/step: 0.054 (last = 0.0279), fitness=-25881866.065457612
8222.33 secs, 788414 evals, 788373 steps, improv/step: 0.054 (last = 0.0246), fitness=-25881866.090095803
8252.33 secs, 791495 evals, 791454 steps, improv/step: 0.054 (last = 0.0237), fitness=-25881866.104694802
8282.34 secs, 794738 evals, 794697 steps, improv/step: 0.054 (last = 0.0278), fitness=-25881866.142575592
8312.45 secs, 797786 evals, 797745 steps, improv/step: 0.054 (last = 0.0246), fitness=-25881866.185192037
8342.46 secs, 800982 evals, 800942 steps, improv/step: 0.054 (last = 0.0294), fitness=-25881866.255982384
8372.46 secs, 804043 evals, 804004 steps, improv/step: 0.054 (last = 0.0291), fitness=-25881866.298873864
8402.46 secs, 807199 evals, 807161 steps, improv/step: 0.054 (last = 0.0288), fitness=-25881866.349365983
8432.47 secs, 810145 evals, 810107 steps, improv/step: 0.054 (last = 0.0231), fitness=-25881866.374102145
8462.48 secs, 813044 evals, 813006 steps, improv/step: 0.054 (last = 0.0304), fitness=-25881866.410173923
8492.48 secs, 815945 evals, 815907 steps, improv/step: 0.053 (last = 0.0252), fitness=-25881866.455956671
8522.49 secs, 818859 evals, 818821 steps, improv/step: 0.053 (last = 0.0192), fitness=-25881866.471523680
8552.49 secs, 822061 evals, 822023 steps, improv/step: 0.053 (last = 0.0187), fitness=-25881866.521212175
8582.49 secs, 825294 evals, 825256 steps, improv/step: 0.053 (last = 0.0247), fitness=-25881866.526484415
8612.49 secs, 828385 evals, 828347 steps, improv/step: 0.053 (last = 0.0191), fitness=-25881866.554794226
8642.50 secs, 831502 evals, 831465 steps, improv/step: 0.053 (last = 0.0208), fitness=-25881866.567294486
8672.50 secs, 834629 evals, 834593 steps, improv/step: 0.053 (last = 0.0291), fitness=-25881866.588213455
8702.50 secs, 837747 evals, 837712 steps, improv/step: 0.053 (last = 0.0215), fitness=-25881866.597036351
8732.50 secs, 840819 evals, 840784 steps, improv/step: 0.052 (last = 0.0208), fitness=-25881866.641964704
8762.51 secs, 843783 evals, 843748 steps, improv/step: 0.052 (last = 0.0270), fitness=-25881866.641964704
8792.51 secs, 846634 evals, 846599 steps, improv/step: 0.052 (last = 0.0235), fitness=-25881866.657366510
8822.52 secs, 849364 evals, 849329 steps, improv/step: 0.052 (last = 0.0179), fitness=-25881866.666437339
8852.53 secs, 852039 evals, 852005 steps, improv/step: 0.052 (last = 0.0123), fitness=-25881866.703764565
8882.54 secs, 854736 evals, 854702 steps, improv/step: 0.052 (last = 0.0167), fitness=-25881866.709236965
8912.54 secs, 857506 evals, 857472 steps, improv/step: 0.052 (last = 0.0209), fitness=-25881866.709236965
8942.54 secs, 860347 evals, 860314 steps, improv/step: 0.052 (last = 0.0172), fitness=-25881866.724108163
8972.55 secs, 863116 evals, 863083 steps, improv/step: 0.052 (last = 0.0191), fitness=-25881866.748308413
9002.55 secs, 865839 evals, 865806 steps, improv/step: 0.052 (last = 0.0187), fitness=-25881866.763289370
9032.55 secs, 868581 evals, 868548 steps, improv/step: 0.051 (last = 0.0139), fitness=-25881866.763289370
9062.56 secs, 871424 evals, 871392 steps, improv/step: 0.051 (last = 0.0197), fitness=-25881866.770005632
9092.57 secs, 874306 evals, 874275 steps, improv/step: 0.051 (last = 0.0166), fitness=-25881866.777025811
9122.64 secs, 877227 evals, 877196 steps, improv/step: 0.051 (last = 0.0181), fitness=-25881866.782809064
9152.64 secs, 880086 evals, 880056 steps, improv/step: 0.051 (last = 0.0168), fitness=-25881866.783979088
9182.65 secs, 882895 evals, 882866 steps, improv/step: 0.051 (last = 0.0242), fitness=-25881866.798144732
9212.65 secs, 885687 evals, 885659 steps, improv/step: 0.051 (last = 0.0226), fitness=-25881866.799985312
9242.67 secs, 888395 evals, 888368 steps, improv/step: 0.051 (last = 0.0173), fitness=-25881866.801132515
9272.75 secs, 891072 evals, 891048 steps, improv/step: 0.051 (last = 0.0201), fitness=-25881866.805467594
9302.75 secs, 893772 evals, 893749 steps, improv/step: 0.051 (last = 0.0255), fitness=-25881866.819098692
9332.76 secs, 896511 evals, 896488 steps, improv/step: 0.050 (last = 0.0197), fitness=-25881866.828410529
9362.87 secs, 899303 evals, 899281 steps, improv/step: 0.050 (last = 0.0179), fitness=-25881866.828410529
9392.88 secs, 901954 evals, 901932 steps, improv/step: 0.050 (last = 0.0207), fitness=-25881866.831143446
9422.89 secs, 904731 evals, 904709 steps, improv/step: 0.050 (last = 0.0238), fitness=-25881866.844451766
9452.92 secs, 907572 evals, 907550 steps, improv/step: 0.050 (last = 0.0218), fitness=-25881866.850203730
9482.92 secs, 910362 evals, 910341 steps, improv/step: 0.050 (last = 0.0204), fitness=-25881866.861249637
9512.93 secs, 913068 evals, 913047 steps, improv/step: 0.050 (last = 0.0222), fitness=-25881866.861249637
9542.93 secs, 915869 evals, 915848 steps, improv/step: 0.050 (last = 0.0271), fitness=-25881866.862837274
9572.93 secs, 918598 evals, 918577 steps, improv/step: 0.050 (last = 0.0235), fitness=-25881866.872277651
9602.93 secs, 921368 evals, 921347 steps, improv/step: 0.050 (last = 0.0217), fitness=-25881866.875674840
9632.94 secs, 924175 evals, 924154 steps, improv/step: 0.050 (last = 0.0242), fitness=-25881866.880006559
9662.95 secs, 926932 evals, 926913 steps, improv/step: 0.049 (last = 0.0178), fitness=-25881866.880006559
9692.96 secs, 929805 evals, 929787 steps, improv/step: 0.049 (last = 0.0264), fitness=-25881866.885337561
9722.96 secs, 932516 evals, 932500 steps, improv/step: 0.049 (last = 0.0170), fitness=-25881866.891554736
9752.97 secs, 935181 evals, 935166 steps, improv/step: 0.049 (last = 0.0259), fitness=-25881866.892908789
9782.97 secs, 937937 evals, 937922 steps, improv/step: 0.049 (last = 0.0261), fitness=-25881866.897854321
9812.98 secs, 940786 evals, 940771 steps, improv/step: 0.049 (last = 0.0200), fitness=-25881866.897854321
9842.99 secs, 943598 evals, 943583 steps, improv/step: 0.049 (last = 0.0224), fitness=-25881866.900799740
9873.00 secs, 946318 evals, 946303 steps, improv/step: 0.049 (last = 0.0232), fitness=-25881866.905567214
9903.01 secs, 948997 evals, 948982 steps, improv/step: 0.049 (last = 0.0224), fitness=-25881866.908373602
9933.02 secs, 951744 evals, 951730 steps, improv/step: 0.049 (last = 0.0284), fitness=-25881866.915606122
9963.03 secs, 954885 evals, 954872 steps, improv/step: 0.049 (last = 0.0267), fitness=-25881866.924422044
9993.03 secs, 958434 evals, 958421 steps, improv/step: 0.049 (last = 0.0225), fitness=-25881866.932831191
10023.04 secs, 961816 evals, 961803 steps, improv/step: 0.049 (last = 0.0213), fitness=-25881866.936785161
10053.04 secs, 965195 evals, 965182 steps, improv/step: 0.048 (last = 0.0183), fitness=-25881866.941597924
10083.04 secs, 968587 evals, 968574 steps, improv/step: 0.048 (last = 0.0242), fitness=-25881866.949454222
10113.04 secs, 972035 evals, 972023 steps, improv/step: 0.048 (last = 0.0206), fitness=-25881866.954986211
10143.05 secs, 975511 evals, 975499 steps, improv/step: 0.048 (last = 0.0279), fitness=-25881866.958294041
10173.06 secs, 978991 evals, 978980 steps, improv/step: 0.048 (last = 0.0282), fitness=-25881866.962250412
10203.06 secs, 982505 evals, 982494 steps, improv/step: 0.048 (last = 0.0248), fitness=-25881866.962592691
10233.07 secs, 985954 evals, 985943 steps, improv/step: 0.048 (last = 0.0223), fitness=-25881866.965161413
10263.08 secs, 989396 evals, 989385 steps, improv/step: 0.048 (last = 0.0209), fitness=-25881866.967955958
10293.08 secs, 992789 evals, 992779 steps, improv/step: 0.048 (last = 0.0209), fitness=-25881866.969465911
10323.08 secs, 996296 evals, 996288 steps, improv/step: 0.048 (last = 0.0185), fitness=-25881866.970726468
10353.08 secs, 999741 evals, 999733 steps, improv/step: 0.048 (last = 0.0229), fitness=-25881866.973357454
10383.08 secs, 1003265 evals, 1003257 steps, improv/step: 0.047 (last = 0.0204), fitness=-25881866.978768874
10413.09 secs, 1007056 evals, 1007049 steps, improv/step: 0.047 (last = 0.0274), fitness=-25881866.982556809
10443.09 secs, 1010681 evals, 1010675 steps, improv/step: 0.047 (last = 0.0237), fitness=-25881866.983154085
10473.09 secs, 1014263 evals, 1014258 steps, improv/step: 0.047 (last = 0.0293), fitness=-25881866.984341890
10503.09 secs, 1017742 evals, 1017737 steps, improv/step: 0.047 (last = 0.0244), fitness=-25881866.988846179
10533.09 secs, 1021441 evals, 1021438 steps, improv/step: 0.047 (last = 0.0319), fitness=-25881866.993622378
10563.10 secs, 1025456 evals, 1025453 steps, improv/step: 0.047 (last = 0.0242), fitness=-25881866.997411817
10593.13 secs, 1028805 evals, 1028803 steps, improv/step: 0.047 (last = 0.0260), fitness=-25881867.001179874
10623.14 secs, 1032154 evals, 1032154 steps, improv/step: 0.047 (last = 0.0242), fitness=-25881867.001248717
10653.14 secs, 1036040 evals, 1036041 steps, improv/step: 0.047 (last = 0.0154), fitness=-25881867.003066663
10683.14 secs, 1039747 evals, 1039749 steps, improv/step: 0.047 (last = 0.0194), fitness=-25881867.005539969
10713.16 secs, 1043350 evals, 1043353 steps, improv/step: 0.047 (last = 0.0272), fitness=-25881867.006268106
10743.16 secs, 1046825 evals, 1046828 steps, improv/step: 0.047 (last = 0.0210), fitness=-25881867.007901691
10773.17 secs, 1050613 evals, 1050616 steps, improv/step: 0.046 (last = 0.0293), fitness=-25881867.008334696
10803.17 secs, 1054340 evals, 1054345 steps, improv/step: 0.046 (last = 0.0212), fitness=-25881867.012819484
10833.18 secs, 1058518 evals, 1058526 steps, improv/step: 0.046 (last = 0.0175), fitness=-25881867.014552791
10863.18 secs, 1062472 evals, 1062481 steps, improv/step: 0.046 (last = 0.0124), fitness=-25881867.018030278
10893.18 secs, 1065849 evals, 1065858 steps, improv/step: 0.046 (last = 0.0172), fitness=-25881867.020900793
10923.18 secs, 1069288 evals, 1069298 steps, improv/step: 0.046 (last = 0.0183), fitness=-25881867.021760266
10953.18 secs, 1072683 evals, 1072694 steps, improv/step: 0.046 (last = 0.0215), fitness=-25881867.023013681
10983.19 secs, 1076207 evals, 1076218 steps, improv/step: 0.046 (last = 0.0199), fitness=-25881867.026220702
11013.19 secs, 1079618 evals, 1079629 steps, improv/step: 0.046 (last = 0.0191), fitness=-25881867.028590530
11043.19 secs, 1083068 evals, 1083081 steps, improv/step: 0.046 (last = 0.0171), fitness=-25881867.028590530
11073.20 secs, 1086691 evals, 1086705 steps, improv/step: 0.046 (last = 0.0166), fitness=-25881867.030826829
11103.27 secs, 1090020 evals, 1090035 steps, improv/step: 0.045 (last = 0.0204), fitness=-25881867.031331159
11133.27 secs, 1093237 evals, 1093252 steps, improv/step: 0.045 (last = 0.0221), fitness=-25881867.031902991
11163.27 secs, 1096540 evals, 1096556 steps, improv/step: 0.045 (last = 0.0236), fitness=-25881867.032817379
11193.28 secs, 1099853 evals, 1099869 steps, improv/step: 0.045 (last = 0.0193), fitness=-25881867.034206592
11223.28 secs, 1103227 evals, 1103244 steps, improv/step: 0.045 (last = 0.0187), fitness=-25881867.034722209
11253.29 secs, 1106756 evals, 1106773 steps, improv/step: 0.045 (last = 0.0218), fitness=-25881867.036302440
11283.30 secs, 1110139 evals, 1110157 steps, improv/step: 0.045 (last = 0.0213), fitness=-25881867.037491530
11313.30 secs, 1113544 evals, 1113563 steps, improv/step: 0.045 (last = 0.0191), fitness=-25881867.037536751
11343.30 secs, 1117282 evals, 1117301 steps, improv/step: 0.045 (last = 0.0238), fitness=-25881867.037707418
11373.31 secs, 1120731 evals, 1120750 steps, improv/step: 0.045 (last = 0.0191), fitness=-25881867.038217798
11403.31 secs, 1124103 evals, 1124122 steps, improv/step: 0.045 (last = 0.0128), fitness=-25881867.038268600
11433.32 secs, 1127440 evals, 1127460 steps, improv/step: 0.045 (last = 0.0180), fitness=-25881867.039368313
11463.32 secs, 1130761 evals, 1130782 steps, improv/step: 0.045 (last = 0.0144), fitness=-25881867.039921731
11493.39 secs, 1134098 evals, 1134120 steps, improv/step: 0.044 (last = 0.0174), fitness=-25881867.040440157
11523.40 secs, 1137463 evals, 1137485 steps, improv/step: 0.044 (last = 0.0137), fitness=-25881867.040440157
11553.40 secs, 1140820 evals, 1140842 steps, improv/step: 0.044 (last = 0.0179), fitness=-25881867.041934565
11583.41 secs, 1144198 evals, 1144220 steps, improv/step: 0.044 (last = 0.0157), fitness=-25881867.042661868
11613.41 secs, 1147628 evals, 1147652 steps, improv/step: 0.044 (last = 0.0154), fitness=-25881867.042661868
11643.41 secs, 1150969 evals, 1150993 steps, improv/step: 0.044 (last = 0.0192), fitness=-25881867.043024480
11673.41 secs, 1154517 evals, 1154543 steps, improv/step: 0.044 (last = 0.0214), fitness=-25881867.044020556
11703.41 secs, 1158376 evals, 1158402 steps, improv/step: 0.044 (last = 0.0181), fitness=-25881867.044697247
11733.42 secs, 1162279 evals, 1162307 steps, improv/step: 0.044 (last = 0.0159), fitness=-25881867.045428753
11763.43 secs, 1166056 evals, 1166084 steps, improv/step: 0.044 (last = 0.0191), fitness=-25881867.046931107
11793.43 secs, 1169650 evals, 1169678 steps, improv/step: 0.044 (last = 0.0192), fitness=-25881867.047749408
11823.44 secs, 1173624 evals, 1173653 steps, improv/step: 0.044 (last = 0.0179), fitness=-25881867.048917502
11853.44 secs, 1177392 evals, 1177421 steps, improv/step: 0.043 (last = 0.0170), fitness=-25881867.050347291
11883.45 secs, 1180794 evals, 1180824 steps, improv/step: 0.043 (last = 0.0147), fitness=-25881867.050408263
11913.45 secs, 1184423 evals, 1184455 steps, improv/step: 0.043 (last = 0.0176), fitness=-25881867.051379859
11943.46 secs, 1187798 evals, 1187831 steps, improv/step: 0.043 (last = 0.0139), fitness=-25881867.051564552
11973.46 secs, 1191192 evals, 1191225 steps, improv/step: 0.043 (last = 0.0112), fitness=-25881867.052363250
12003.47 secs, 1194524 evals, 1194558 steps, improv/step: 0.043 (last = 0.0165), fitness=-25881867.053419381
12033.47 secs, 1197912 evals, 1197946 steps, improv/step: 0.043 (last = 0.0153), fitness=-25881867.053819135
12063.48 secs, 1201175 evals, 1201211 steps, improv/step: 0.043 (last = 0.0147), fitness=-25881867.053819135
12093.48 secs, 1204604 evals, 1204640 steps, improv/step: 0.043 (last = 0.0102), fitness=-25881867.054183945
12123.48 secs, 1207940 evals, 1207976 steps, improv/step: 0.043 (last = 0.0168), fitness=-25881867.054731164
12153.48 secs, 1211223 evals, 1211260 steps, improv/step: 0.043 (last = 0.0164), fitness=-25881867.054845620
12183.49 secs, 1214565 evals, 1214602 steps, improv/step: 0.043 (last = 0.0144), fitness=-25881867.055033222
12213.49 secs, 1217951 evals, 1217989 steps, improv/step: 0.042 (last = 0.0159), fitness=-25881867.055273850
12243.49 secs, 1221751 evals, 1221789 steps, improv/step: 0.042 (last = 0.0197), fitness=-25881867.055637412
12273.50 secs, 1225492 evals, 1225531 steps, improv/step: 0.042 (last = 0.0184), fitness=-25881867.056109160
12303.51 secs, 1229281 evals, 1229321 steps, improv/step: 0.042 (last = 0.0219), fitness=-25881867.056656104
12333.51 secs, 1232962 evals, 1233004 steps, improv/step: 0.042 (last = 0.0225), fitness=-25881867.056813344
12363.51 secs, 1236305 evals, 1236347 steps, improv/step: 0.042 (last = 0.0212), fitness=-25881867.057285223
12393.51 secs, 1239627 evals, 1239669 steps, improv/step: 0.042 (last = 0.0223), fitness=-25881867.057454325
12423.52 secs, 1243058 evals, 1243101 steps, improv/step: 0.042 (last = 0.0213), fitness=-25881867.057557918
12453.52 secs, 1246288 evals, 1246331 steps, improv/step: 0.042 (last = 0.0238), fitness=-25881867.057755455
12483.53 secs, 1249990 evals, 1250033 steps, improv/step: 0.042 (last = 0.0251), fitness=-25881867.058090668
12513.54 secs, 1253799 evals, 1253842 steps, improv/step: 0.042 (last = 0.0278), fitness=-25881867.058370911
12543.54 secs, 1256996 evals, 1257039 steps, improv/step: 0.042 (last = 0.0253), fitness=-25881867.058807172
12573.55 secs, 1260278 evals, 1260323 steps, improv/step: 0.042 (last = 0.0305), fitness=-25881867.059265293
12603.55 secs, 1263787 evals, 1263833 steps, improv/step: 0.042 (last = 0.0308), fitness=-25881867.059783660
12633.55 secs, 1267212 evals, 1267258 steps, improv/step: 0.042 (last = 0.0391), fitness=-25881867.061416514
12663.55 secs, 1270612 evals, 1270659 steps, improv/step: 0.042 (last = 0.0426), fitness=-25881867.062385317
12693.56 secs, 1274131 evals, 1274178 steps, improv/step: 0.042 (last = 0.0389), fitness=-25881867.062767778
12723.56 secs, 1277824 evals, 1277871 steps, improv/step: 0.042 (last = 0.0320), fitness=-25881867.063073169
12753.57 secs, 1281470 evals, 1281517 steps, improv/step: 0.042 (last = 0.0378), fitness=-25881867.063787721
12783.57 secs, 1284960 evals, 1285007 steps, improv/step: 0.042 (last = 0.0341), fitness=-25881867.063987881
12813.58 secs, 1288453 evals, 1288500 steps, improv/step: 0.042 (last = 0.0424), fitness=-25881867.064163920
12843.59 secs, 1291991 evals, 1292039 steps, improv/step: 0.042 (last = 0.0458), fitness=-25881867.064299375
12873.62 secs, 1295958 evals, 1296006 steps, improv/step: 0.042 (last = 0.0436), fitness=-25881867.064377792
12903.62 secs, 1299505 evals, 1299553 steps, improv/step: 0.042 (last = 0.0423), fitness=-25881867.064512327
12933.62 secs, 1302959 evals, 1303007 steps, improv/step: 0.042 (last = 0.0330), fitness=-25881867.064678524
12963.62 secs, 1306566 evals, 1306614 steps, improv/step: 0.042 (last = 0.0330), fitness=-25881867.064808015
12993.63 secs, 1310033 evals, 1310082 steps, improv/step: 0.042 (last = 0.0300), fitness=-25881867.065005399
13023.63 secs, 1313380 evals, 1313429 steps, improv/step: 0.042 (last = 0.0254), fitness=-25881867.065265905
13053.63 secs, 1316721 evals, 1316770 steps, improv/step: 0.042 (last = 0.0293), fitness=-25881867.065507729
13083.63 secs, 1320035 evals, 1320084 steps, improv/step: 0.042 (last = 0.0326), fitness=-25881867.065745085
13113.64 secs, 1323552 evals, 1323601 steps, improv/step: 0.042 (last = 0.0259), fitness=-25881867.065882683
13143.64 secs, 1327486 evals, 1327536 steps, improv/step: 0.041 (last = 0.0274), fitness=-25881867.066369429
13173.64 secs, 1331091 evals, 1331142 steps, improv/step: 0.041 (last = 0.0280), fitness=-25881867.066937063
13203.65 secs, 1334729 evals, 1334780 steps, improv/step: 0.041 (last = 0.0184), fitness=-25881867.067506656
13233.65 secs, 1338273 evals, 1338324 steps, improv/step: 0.041 (last = 0.0203), fitness=-25881867.067963816
13263.66 secs, 1341751 evals, 1341803 steps, improv/step: 0.041 (last = 0.0164), fitness=-25881867.068046343
13293.66 secs, 1345099 evals, 1345153 steps, improv/step: 0.041 (last = 0.0224), fitness=-25881867.068164669
13323.66 secs, 1348463 evals, 1348517 steps, improv/step: 0.041 (last = 0.0208), fitness=-25881867.068323437
13353.67 secs, 1351895 evals, 1351950 steps, improv/step: 0.041 (last = 0.0198), fitness=-25881867.068509530
13383.67 secs, 1355367 evals, 1355423 steps, improv/step: 0.041 (last = 0.0184), fitness=-25881867.068738293
13413.67 secs, 1358798 evals, 1358855 steps, improv/step: 0.041 (last = 0.0137), fitness=-25881867.068972938
13443.67 secs, 1362197 evals, 1362256 steps, improv/step: 0.041 (last = 0.0235), fitness=-25881867.069140986
13473.68 secs, 1365843 evals, 1365902 steps, improv/step: 0.041 (last = 0.0214), fitness=-25881867.069296394
13503.68 secs, 1369577 evals, 1369636 steps, improv/step: 0.041 (last = 0.0214), fitness=-25881867.069404542
13533.68 secs, 1373194 evals, 1373253 steps, improv/step: 0.041 (last = 0.0279), fitness=-25881867.069462933
13563.69 secs, 1376672 evals, 1376731 steps, improv/step: 0.041 (last = 0.0242), fitness=-25881867.069521707
13593.69 secs, 1380195 evals, 1380254 steps, improv/step: 0.041 (last = 0.0173), fitness=-25881867.069740411
13623.69 secs, 1383591 evals, 1383651 steps, improv/step: 0.041 (last = 0.0168), fitness=-25881867.069927342
13653.69 secs, 1387406 evals, 1387466 steps, improv/step: 0.041 (last = 0.0210), fitness=-25881867.070383038
13683.70 secs, 1391366 evals, 1391426 steps, improv/step: 0.041 (last = 0.0245), fitness=-25881867.070425235
13713.70 secs, 1395070 evals, 1395130 steps, improv/step: 0.040 (last = 0.0186), fitness=-25881867.070611306
13743.70 secs, 1399104 evals, 1399164 steps, improv/step: 0.040 (last = 0.0248), fitness=-25881867.070919894
13773.71 secs, 1402672 evals, 1402732 steps, improv/step: 0.040 (last = 0.0151), fitness=-25881867.070975006
13803.78 secs, 1405915 evals, 1405975 steps, improv/step: 0.040 (last = 0.0173), fitness=-25881867.071210392
13833.79 secs, 1409459 evals, 1409520 steps, improv/step: 0.040 (last = 0.0214), fitness=-25881867.071382307
13863.79 secs, 1412893 evals, 1412954 steps, improv/step: 0.040 (last = 0.0151), fitness=-25881867.071461815
13893.80 secs, 1416276 evals, 1416338 steps, improv/step: 0.040 (last = 0.0177), fitness=-25881867.071519382
13923.80 secs, 1420450 evals, 1420512 steps, improv/step: 0.040 (last = 0.0184), fitness=-25881867.071614385
13953.86 secs, 1424217 evals, 1424280 steps, improv/step: 0.040 (last = 0.0170), fitness=-25881867.071878437
13983.93 secs, 1427674 evals, 1427738 steps, improv/step: 0.040 (last = 0.0159), fitness=-25881867.072046276
14013.93 secs, 1431085 evals, 1431151 steps, improv/step: 0.040 (last = 0.0149), fitness=-25881867.072221361
14043.94 secs, 1434727 evals, 1434794 steps, improv/step: 0.040 (last = 0.0176), fitness=-25881867.072419923
14073.94 secs, 1438474 evals, 1438541 steps, improv/step: 0.040 (last = 0.0147), fitness=-25881867.072558291
14103.94 secs, 1441997 evals, 1442065 steps, improv/step: 0.040 (last = 0.0139), fitness=-25881867.072731666
14133.95 secs, 1445494 evals, 1445562 steps, improv/step: 0.040 (last = 0.0166), fitness=-25881867.072793059
14163.95 secs, 1449147 evals, 1449216 steps, improv/step: 0.040 (last = 0.0183), fitness=-25881867.073137112
14193.95 secs, 1452582 evals, 1452652 steps, improv/step: 0.040 (last = 0.0172), fitness=-25881867.073163889
14223.96 secs, 1456443 evals, 1456514 steps, improv/step: 0.040 (last = 0.0199), fitness=-25881867.073236443
14253.96 secs, 1459893 evals, 1459965 steps, improv/step: 0.039 (last = 0.0162), fitness=-25881867.073313337
14283.96 secs, 1463451 evals, 1463523 steps, improv/step: 0.039 (last = 0.0146), fitness=-25881867.073431987
14313.96 secs, 1467281 evals, 1467353 steps, improv/step: 0.039 (last = 0.0167), fitness=-25881867.073431987
14343.97 secs, 1470738 evals, 1470812 steps, improv/step: 0.039 (last = 0.0185), fitness=-25881867.073431987
14373.97 secs, 1474463 evals, 1474537 steps, improv/step: 0.039 (last = 0.0193), fitness=-25881867.073472068
14403.98 secs, 1477727 evals, 1477801 steps, improv/step: 0.039 (last = 0.0169), fitness=-25881867.073472068
14433.98 secs, 1481139 evals, 1481214 steps, improv/step: 0.039 (last = 0.0234), fitness=-25881867.073550835
14463.99 secs, 1484524 evals, 1484600 steps, improv/step: 0.039 (last = 0.0224), fitness=-25881867.073598884
14494.06 secs, 1487837 evals, 1487914 steps, improv/step: 0.039 (last = 0.0190), fitness=-25881867.073662661
14524.07 secs, 1491261 evals, 1491338 steps, improv/step: 0.039 (last = 0.0166), fitness=-25881867.073683336
14554.08 secs, 1494893 evals, 1494970 steps, improv/step: 0.039 (last = 0.0198), fitness=-25881867.073703207
14584.08 secs, 1498921 evals, 1498999 steps, improv/step: 0.039 (last = 0.0132), fitness=-25881867.073722683
14614.08 secs, 1502572 evals, 1502651 steps, improv/step: 0.039 (last = 0.0225), fitness=-25881867.073797487
14644.08 secs, 1505906 evals, 1505985 steps, improv/step: 0.039 (last = 0.0189), fitness=-25881867.073808894
14674.12 secs, 1509281 evals, 1509360 steps, improv/step: 0.039 (last = 0.0193), fitness=-25881867.073829692
14704.12 secs, 1512675 evals, 1512754 steps, improv/step: 0.039 (last = 0.0192), fitness=-25881867.073877312
14734.13 secs, 1516050 evals, 1516130 steps, improv/step: 0.039 (last = 0.0198), fitness=-25881867.073890347
14764.13 secs, 1519553 evals, 1519633 steps, improv/step: 0.039 (last = 0.0203), fitness=-25881867.073924385
14794.13 secs, 1523049 evals, 1523129 steps, improv/step: 0.039 (last = 0.0212), fitness=-25881867.073964410
14824.14 secs, 1527021 evals, 1527101 steps, improv/step: 0.039 (last = 0.0174), fitness=-25881867.074053649
14854.14 secs, 1531010 evals, 1531090 steps, improv/step: 0.039 (last = 0.0150), fitness=-25881867.074068077
14884.15 secs, 1534910 evals, 1534991 steps, improv/step: 0.038 (last = 0.0136), fitness=-25881867.074080486
14914.20 secs, 1538795 evals, 1538876 steps, improv/step: 0.038 (last = 0.0136), fitness=-25881867.074087720
14944.21 secs, 1542495 evals, 1542577 steps, improv/step: 0.038 (last = 0.0119), fitness=-25881867.074167833
14974.21 secs, 1546406 evals, 1546488 steps, improv/step: 0.038 (last = 0.0138), fitness=-25881867.074241534
15004.22 secs, 1550387 evals, 1550469 steps, improv/step: 0.038 (last = 0.0138), fitness=-25881867.074254468
15034.22 secs, 1553806 evals, 1553889 steps, improv/step: 0.038 (last = 0.0149), fitness=-25881867.074270304
15064.22 secs, 1557464 evals, 1557549 steps, improv/step: 0.038 (last = 0.0158), fitness=-25881867.074273612
15094.28 secs, 1561471 evals, 1561557 steps, improv/step: 0.038 (last = 0.0147), fitness=-25881867.074316036
15124.28 secs, 1565134 evals, 1565221 steps, improv/step: 0.038 (last = 0.0134), fitness=-25881867.074324131
15154.29 secs, 1569042 evals, 1569129 steps, improv/step: 0.038 (last = 0.0133), fitness=-25881867.074335396
15184.29 secs, 1572565 evals, 1572653 steps, improv/step: 0.038 (last = 0.0094), fitness=-25881867.074338250
15214.47 secs, 1576070 evals, 1576159 steps, improv/step: 0.038 (last = 0.0143), fitness=-25881867.074344501
15244.48 secs, 1579427 evals, 1579516 steps, improv/step: 0.038 (last = 0.0110), fitness=-25881867.074350629
15274.48 secs, 1582840 evals, 1582929 steps, improv/step: 0.038 (last = 0.0117), fitness=-25881867.074357055
15304.48 secs, 1586416 evals, 1586505 steps, improv/step: 0.038 (last = 0.0126), fitness=-25881867.074377310
15334.48 secs, 1590330 evals, 1590419 steps, improv/step: 0.038 (last = 0.0123), fitness=-25881867.074383896
15364.49 secs, 1593728 evals, 1593817 steps, improv/step: 0.038 (last = 0.0135), fitness=-25881867.074387752
15394.49 secs, 1597097 evals, 1597186 steps, improv/step: 0.037 (last = 0.0131), fitness=-25881867.074392986
15424.50 secs, 1600532 evals, 1600621 steps, improv/step: 0.037 (last = 0.0125), fitness=-25881867.074400984
15454.50 secs, 1603815 evals, 1603905 steps, improv/step: 0.037 (last = 0.0137), fitness=-25881867.074400984
15484.62 secs, 1607191 evals, 1607281 steps, improv/step: 0.037 (last = 0.0154), fitness=-25881867.074405741
15514.62 secs, 1610508 evals, 1610598 steps, improv/step: 0.037 (last = 0.0181), fitness=-25881867.074407857
15544.65 secs, 1613876 evals, 1613968 steps, improv/step: 0.037 (last = 0.0151), fitness=-25881867.074410122
15574.65 secs, 1617172 evals, 1617266 steps, improv/step: 0.037 (last = 0.0076), fitness=-25881867.074411191
15604.66 secs, 1620657 evals, 1620752 steps, improv/step: 0.037 (last = 0.0115), fitness=-25881867.074411489
15634.66 secs, 1624725 evals, 1624821 steps, improv/step: 0.037 (last = 0.0130), fitness=-25881867.074411854
15664.67 secs, 1628803 evals, 1628900 steps, improv/step: 0.037 (last = 0.0130), fitness=-25881867.074413557
15694.67 secs, 1632305 evals, 1632403 steps, improv/step: 0.037 (last = 0.0106), fitness=-25881867.074414596
15724.68 secs, 1636037 evals, 1636135 steps, improv/step: 0.037 (last = 0.0118), fitness=-25881867.074416921
15754.68 secs, 1639954 evals, 1640052 steps, improv/step: 0.037 (last = 0.0156), fitness=-25881867.074417911
15784.68 secs, 1644001 evals, 1644099 steps, improv/step: 0.037 (last = 0.0128), fitness=-25881867.074420400
15814.69 secs, 1647802 evals, 1647900 steps, improv/step: 0.037 (last = 0.0155), fitness=-25881867.074420568
15844.69 secs, 1651592 evals, 1651690 steps, improv/step: 0.037 (last = 0.0127), fitness=-25881867.074424505
15874.80 secs, 1654876 evals, 1654974 steps, improv/step: 0.037 (last = 0.0097), fitness=-25881867.074424505
15904.80 secs, 1658491 evals, 1658590 steps, improv/step: 0.037 (last = 0.0171), fitness=-25881867.074426118
15934.81 secs, 1662520 evals, 1662619 steps, improv/step: 0.036 (last = 0.0099), fitness=-25881867.074429255
15964.85 secs, 1666007 evals, 1666106 steps, improv/step: 0.036 (last = 0.0135), fitness=-25881867.074429255
15994.85 secs, 1669552 evals, 1669652 steps, improv/step: 0.036 (last = 0.0161), fitness=-25881867.074430235
16024.86 secs, 1673136 evals, 1673236 steps, improv/step: 0.036 (last = 0.0151), fitness=-25881867.074430235
16054.87 secs, 1676832 evals, 1676933 steps, improv/step: 0.036 (last = 0.0141), fitness=-25881867.074431483
16084.87 secs, 1680761 evals, 1680863 steps, improv/step: 0.036 (last = 0.0142), fitness=-25881867.074431490
16114.87 secs, 1684343 evals, 1684445 steps, improv/step: 0.036 (last = 0.0173), fitness=-25881867.074432537
16144.87 secs, 1687892 evals, 1687994 steps, improv/step: 0.036 (last = 0.0135), fitness=-25881867.074433539
16174.98 secs, 1691181 evals, 1691285 steps, improv/step: 0.036 (last = 0.0131), fitness=-25881867.074434072
16204.98 secs, 1694547 evals, 1694652 steps, improv/step: 0.036 (last = 0.0146), fitness=-25881867.074434072
16234.98 secs, 1697959 evals, 1698065 steps, improv/step: 0.036 (last = 0.0164), fitness=-25881867.074435383
16264.99 secs, 1701360 evals, 1701466 steps, improv/step: 0.036 (last = 0.0112), fitness=-25881867.074435383
16295.04 secs, 1704633 evals, 1704739 steps, improv/step: 0.036 (last = 0.0122), fitness=-25881867.074436262
16325.05 secs, 1708250 evals, 1708356 steps, improv/step: 0.036 (last = 0.0124), fitness=-25881867.074436262
16355.06 secs, 1711764 evals, 1711873 steps, improv/step: 0.036 (last = 0.0125), fitness=-25881867.074436553
16385.06 secs, 1715240 evals, 1715349 steps, improv/step: 0.036 (last = 0.0144), fitness=-25881867.074436635
16415.06 secs, 1718732 evals, 1718841 steps, improv/step: 0.036 (last = 0.0103), fitness=-25881867.074436776
16445.07 secs, 1722562 evals, 1722672 steps, improv/step: 0.036 (last = 0.0123), fitness=-25881867.074437279
16475.11 secs, 1726581 evals, 1726694 steps, improv/step: 0.036 (last = 0.0122), fitness=-25881867.074437633
16505.12 secs, 1730653 evals, 1730767 steps, improv/step: 0.036 (last = 0.0108), fitness=-25881867.074437633
16535.12 secs, 1734781 evals, 1734897 steps, improv/step: 0.036 (last = 0.0116), fitness=-25881867.074437663
16565.13 secs, 1738238 evals, 1738355 steps, improv/step: 0.035 (last = 0.0182), fitness=-25881867.074437860
16595.13 secs, 1741596 evals, 1741713 steps, improv/step: 0.035 (last = 0.0104), fitness=-25881867.074438017
16625.14 secs, 1745057 evals, 1745175 steps, improv/step: 0.035 (last = 0.0107), fitness=-25881867.074438017
16655.14 secs, 1748516 evals, 1748634 steps, improv/step: 0.035 (last = 0.0130), fitness=-25881867.074438024
16685.15 secs, 1752355 evals, 1752474 steps, improv/step: 0.035 (last = 0.0133), fitness=-25881867.074438136
16715.15 secs, 1756309 evals, 1756429 steps, improv/step: 0.035 (last = 0.0106), fitness=-25881867.074438307
16745.17 secs, 1760010 evals, 1760130 steps, improv/step: 0.035 (last = 0.0149), fitness=-25881867.074438307
16775.18 secs, 1763304 evals, 1763424 steps, improv/step: 0.035 (last = 0.0128), fitness=-25881867.074438404
16805.18 secs, 1767085 evals, 1767206 steps, improv/step: 0.035 (last = 0.0145), fitness=-25881867.074438471
16835.18 secs, 1771014 evals, 1771136 steps, improv/step: 0.035 (last = 0.0206), fitness=-25881867.074438542
16865.18 secs, 1774771 evals, 1774893 steps, improv/step: 0.035 (last = 0.0165), fitness=-25881867.074438583
16895.18 secs, 1778094 evals, 1778216 steps, improv/step: 0.035 (last = 0.0211), fitness=-25881867.074438654
16925.19 secs, 1781474 evals, 1781596 steps, improv/step: 0.035 (last = 0.0192), fitness=-25881867.074438691
16955.19 secs, 1784993 evals, 1785116 steps, improv/step: 0.035 (last = 0.0176), fitness=-25881867.074438728
16985.27 secs, 1788253 evals, 1788376 steps, improv/step: 0.035 (last = 0.0242), fitness=-25881867.074438758
17015.27 secs, 1791712 evals, 1791835 steps, improv/step: 0.035 (last = 0.0257), fitness=-25881867.074438885
17045.27 secs, 1794990 evals, 1795114 steps, improv/step: 0.035 (last = 0.0220), fitness=-25881867.074438911
17075.34 secs, 1798749 evals, 1798875 steps, improv/step: 0.035 (last = 0.0205), fitness=-25881867.074438930
17105.34 secs, 1802291 evals, 1802417 steps, improv/step: 0.035 (last = 0.0220), fitness=-25881867.074438997
17135.39 secs, 1805867 evals, 1805993 steps, improv/step: 0.035 (last = 0.0190), fitness=-25881867.074439038
17165.40 secs, 1809539 evals, 1809667 steps, improv/step: 0.035 (last = 0.0177), fitness=-25881867.074439112
17195.40 secs, 1813377 evals, 1813505 steps, improv/step: 0.035 (last = 0.0162), fitness=-25881867.074439138
17225.41 secs, 1816684 evals, 1816812 steps, improv/step: 0.035 (last = 0.0191), fitness=-25881867.074439149
17255.41 secs, 1820111 evals, 1820239 steps, improv/step: 0.035 (last = 0.0216), fitness=-25881867.074439161
17285.49 secs, 1823885 evals, 1824013 steps, improv/step: 0.035 (last = 0.0199), fitness=-25881867.074439175
17315.56 secs, 1827539 evals, 1827667 steps, improv/step: 0.035 (last = 0.0205), fitness=-25881867.074439235
17345.56 secs, 1830865 evals, 1830993 steps, improv/step: 0.035 (last = 0.0201), fitness=-25881867.074439242
17375.57 secs, 1834309 evals, 1834437 steps, improv/step: 0.035 (last = 0.0218), fitness=-25881867.074439324
17405.58 secs, 1838048 evals, 1838176 steps, improv/step: 0.035 (last = 0.0211), fitness=-25881867.074439351
17435.58 secs, 1841501 evals, 1841629 steps, improv/step: 0.035 (last = 0.0191), fitness=-25881867.074439362
17465.58 secs, 1845115 evals, 1845243 steps, improv/step: 0.034 (last = 0.0241), fitness=-25881867.074439399
17495.59 secs, 1848975 evals, 1849106 steps, improv/step: 0.034 (last = 0.0173), fitness=-25881867.074439429
17525.59 secs, 1852826 evals, 1852957 steps, improv/step: 0.034 (last = 0.0161), fitness=-25881867.074439477
17555.59 secs, 1856913 evals, 1857046 steps, improv/step: 0.034 (last = 0.0176), fitness=-25881867.074439496
17585.59 secs, 1860623 evals, 1860756 steps, improv/step: 0.034 (last = 0.0167), fitness=-25881867.074439522
17615.60 secs, 1863829 evals, 1863963 steps, improv/step: 0.034 (last = 0.0181), fitness=-25881867.074439537
17645.60 secs, 1867122 evals, 1867257 steps, improv/step: 0.034 (last = 0.0146), fitness=-25881867.074439541
17675.61 secs, 1870580 evals, 1870715 steps, improv/step: 0.034 (last = 0.0156), fitness=-25881867.074439563
17705.61 secs, 1874117 evals, 1874255 steps, improv/step: 0.034 (last = 0.0175), fitness=-25881867.074439585
17735.62 secs, 1877477 evals, 1877615 steps, improv/step: 0.034 (last = 0.0182), fitness=-25881867.074439589
17765.62 secs, 1880930 evals, 1881068 steps, improv/step: 0.034 (last = 0.0191), fitness=-25881867.074439622
17795.62 secs, 1884274 evals, 1884412 steps, improv/step: 0.034 (last = 0.0147), fitness=-25881867.074439626
17825.62 secs, 1887856 evals, 1887995 steps, improv/step: 0.034 (last = 0.0184), fitness=-25881867.074439637
17855.62 secs, 1891321 evals, 1891460 steps, improv/step: 0.034 (last = 0.0165), fitness=-25881867.074439637
17885.64 secs, 1894798 evals, 1894937 steps, improv/step: 0.034 (last = 0.0132), fitness=-25881867.074439649
17915.65 secs, 1898212 evals, 1898352 steps, improv/step: 0.034 (last = 0.0182), fitness=-25881867.074439660
17945.71 secs, 1901678 evals, 1901818 steps, improv/step: 0.034 (last = 0.0144), fitness=-25881867.074439663
17975.72 secs, 1905702 evals, 1905846 steps, improv/step: 0.034 (last = 0.0149), fitness=-25881867.074439667
18005.72 secs, 1909461 evals, 1909605 steps, improv/step: 0.034 (last = 0.0112), fitness=-25881867.074439675
18035.73 secs, 1913379 evals, 1913523 steps, improv/step: 0.034 (last = 0.0161), fitness=-25881867.074439678
18065.73 secs, 1917141 evals, 1917286 steps, improv/step: 0.034 (last = 0.0151), fitness=-25881867.074439678
18095.73 secs, 1920770 evals, 1920915 steps, improv/step: 0.034 (last = 0.0127), fitness=-25881867.074439686
18125.73 secs, 1924156 evals, 1924302 steps, improv/step: 0.034 (last = 0.0130), fitness=-25881867.074439686
18155.73 secs, 1927531 evals, 1927677 steps, improv/step: 0.034 (last = 0.0139), fitness=-25881867.074439686
18185.74 secs, 1931125 evals, 1931271 steps, improv/step: 0.034 (last = 0.0111), fitness=-25881867.074439697
18215.74 secs, 1935196 evals, 1935343 steps, improv/step: 0.034 (last = 0.0103), fitness=-25881867.074439697
18245.80 secs, 1939241 evals, 1939388 steps, improv/step: 0.034 (last = 0.0131), fitness=-25881867.074439701
18275.80 secs, 1943363 evals, 1943511 steps, improv/step: 0.034 (last = 0.0070), fitness=-25881867.074439701
18305.81 secs, 1946847 evals, 1946996 steps, improv/step: 0.033 (last = 0.0083), fitness=-25881867.074439701
18335.81 secs, 1950263 evals, 1950412 steps, improv/step: 0.033 (last = 0.0094), fitness=-25881867.074439701
18365.81 secs, 1953605 evals, 1953754 steps, improv/step: 0.033 (last = 0.0105), fitness=-25881867.074439701
18395.82 secs, 1957044 evals, 1957193 steps, improv/step: 0.033 (last = 0.0093), fitness=-25881867.074439701
18425.83 secs, 1960339 evals, 1960488 steps, improv/step: 0.033 (last = 0.0124), fitness=-25881867.074439701
18455.83 secs, 1964064 evals, 1964213 steps, improv/step: 0.033 (last = 0.0089), fitness=-25881867.074439701
18485.83 secs, 1967503 evals, 1967652 steps, improv/step: 0.033 (last = 0.0076), fitness=-25881867.074439704
18515.88 secs, 1970832 evals, 1970983 steps, improv/step: 0.033 (last = 0.0051), fitness=-25881867.074439704
18545.88 secs, 1974281 evals, 1974432 steps, improv/step: 0.033 (last = 0.0084), fitness=-25881867.074439704
18575.88 secs, 1977700 evals, 1977852 steps, improv/step: 0.033 (last = 0.0061), fitness=-25881867.074439704
18605.89 secs, 1981062 evals, 1981214 steps, improv/step: 0.033 (last = 0.0059), fitness=-25881867.074439704
18635.89 secs, 1984896 evals, 1985048 steps, improv/step: 0.033 (last = 0.0099), fitness=-25881867.074439704
18665.89 secs, 1988817 evals, 1988970 steps, improv/step: 0.033 (last = 0.0038), fitness=-25881867.074439704
18695.90 secs, 1992264 evals, 1992417 steps, improv/step: 0.033 (last = 0.0104), fitness=-25881867.074439704
18725.94 secs, 1995596 evals, 1995749 steps, improv/step: 0.033 (last = 0.0054), fitness=-25881867.074439704
18755.96 secs, 1998989 evals, 1999143 steps, improv/step: 0.033 (last = 0.0041), fitness=-25881867.074439704
18785.97 secs, 2002707 evals, 2002861 steps, improv/step: 0.033 (last = 0.0051), fitness=-25881867.074439704
18815.97 secs, 2006889 evals, 2007043 steps, improv/step: 0.033 (last = 0.0041), fitness=-25881867.074439704
18845.98 secs, 2010784 evals, 2010938 steps, improv/step: 0.033 (last = 0.0059), fitness=-25881867.074439704
18875.99 secs, 2014297 evals, 2014451 steps, improv/step: 0.033 (last = 0.0048), fitness=-25881867.074439704
18905.99 secs, 2018097 evals, 2018252 steps, improv/step: 0.033 (last = 0.0071), fitness=-25881867.074439704
18936.00 secs, 2022151 evals, 2022306 steps, improv/step: 0.032 (last = 0.0035), fitness=-25881867.074439708
18966.00 secs, 2026164 evals, 2026320 steps, improv/step: 0.032 (last = 0.0042), fitness=-25881867.074439708
18996.06 secs, 2030044 evals, 2030200 steps, improv/step: 0.032 (last = 0.0041), fitness=-25881867.074439712
19026.07 secs, 2033889 evals, 2034047 steps, improv/step: 0.032 (last = 0.0055), fitness=-25881867.074439712
19056.07 secs, 2037912 evals, 2038070 steps, improv/step: 0.032 (last = 0.0040), fitness=-25881867.074439712
19086.08 secs, 2041599 evals, 2041757 steps, improv/step: 0.032 (last = 0.0043), fitness=-25881867.074439712
19116.08 secs, 2045312 evals, 2045472 steps, improv/step: 0.032 (last = 0.0030), fitness=-25881867.074439712
19146.09 secs, 2049042 evals, 2049203 steps, improv/step: 0.032 (last = 0.0056), fitness=-25881867.074439712
19176.09 secs, 2052468 evals, 2052629 steps, improv/step: 0.032 (last = 0.0050), fitness=-25881867.074439712
19206.10 secs, 2055894 evals, 2056055 steps, improv/step: 0.032 (last = 0.0032), fitness=-25881867.074439712
19236.10 secs, 2059525 evals, 2059686 steps, improv/step: 0.032 (last = 0.0074), fitness=-25881867.074439712
19266.10 secs, 2063460 evals, 2063622 steps, improv/step: 0.032 (last = 0.0038), fitness=-25881867.074439712
19296.11 secs, 2067460 evals, 2067623 steps, improv/step: 0.032 (last = 0.0045), fitness=-25881867.074439712
19326.11 secs, 2071092 evals, 2071257 steps, improv/step: 0.032 (last = 0.0039), fitness=-25881867.074439716
19356.11 secs, 2074752 evals, 2074917 steps, improv/step: 0.032 (last = 0.0027), fitness=-25881867.074439716
19386.11 secs, 2078180 evals, 2078345 steps, improv/step: 0.032 (last = 0.0064), fitness=-25881867.074439716
19416.12 secs, 2081599 evals, 2081764 steps, improv/step: 0.032 (last = 0.0041), fitness=-25881867.074439716
19446.12 secs, 2085105 evals, 2085271 steps, improv/step: 0.032 (last = 0.0040), fitness=-25881867.074439716
19476.13 secs, 2089059 evals, 2089225 steps, improv/step: 0.032 (last = 0.0099), fitness=-25881867.074439716
19506.13 secs, 2092346 evals, 2092513 steps, improv/step: 0.032 (last = 0.0061), fitness=-25881867.074439719
19536.14 secs, 2095630 evals, 2095797 steps, improv/step: 0.032 (last = 0.0061), fitness=-25881867.074439719
19566.15 secs, 2098911 evals, 2099078 steps, improv/step: 0.031 (last = 0.0052), fitness=-25881867.074439719
19596.15 secs, 2102241 evals, 2102409 steps, improv/step: 0.031 (last = 0.0048), fitness=-25881867.074439723
19626.16 secs, 2105577 evals, 2105745 steps, improv/step: 0.031 (last = 0.0048), fitness=-25881867.074439723
19656.16 secs, 2108893 evals, 2109061 steps, improv/step: 0.031 (last = 0.0033), fitness=-25881867.074439723
19686.16 secs, 2112313 evals, 2112481 steps, improv/step: 0.031 (last = 0.0038), fitness=-25881867.074439727
19716.17 secs, 2115628 evals, 2115797 steps, improv/step: 0.031 (last = 0.0051), fitness=-25881867.074439727
19746.17 secs, 2119392 evals, 2119561 steps, improv/step: 0.031 (last = 0.0037), fitness=-25881867.074439727
19776.18 secs, 2123141 evals, 2123311 steps, improv/step: 0.031 (last = 0.0045), fitness=-25881867.074439727
19806.18 secs, 2126715 evals, 2126885 steps, improv/step: 0.031 (last = 0.0042), fitness=-25881867.074439727
19836.18 secs, 2130094 evals, 2130264 steps, improv/step: 0.031 (last = 0.0050), fitness=-25881867.074439727
19866.19 secs, 2133682 evals, 2133852 steps, improv/step: 0.031 (last = 0.0061), fitness=-25881867.074439727
19896.26 secs, 2137621 evals, 2137793 steps, improv/step: 0.031 (last = 0.0048), fitness=-25881867.074439727
19926.26 secs, 2141072 evals, 2141244 steps, improv/step: 0.031 (last = 0.0052), fitness=-25881867.074439727
19956.26 secs, 2144508 evals, 2144683 steps, improv/step: 0.031 (last = 0.0047), fitness=-25881867.074439727
19986.27 secs, 2147866 evals, 2148042 steps, improv/step: 0.031 (last = 0.0039), fitness=-25881867.074439727
20016.27 secs, 2152046 evals, 2152224 steps, improv/step: 0.031 (last = 0.0024), fitness=-25881867.074439727
20046.27 secs, 2156830 evals, 2157008 steps, improv/step: 0.031 (last = 0.0017), fitness=-25881867.074439727
20076.35 secs, 2161423 evals, 2161603 steps, improv/step: 0.031 (last = 0.0020), fitness=-25881867.074439727
20106.35 secs, 2166226 evals, 2166408 steps, improv/step: 0.031 (last = 0.0035), fitness=-25881867.074439727
20136.36 secs, 2171035 evals, 2171218 steps, improv/step: 0.031 (last = 0.0035), fitness=-25881867.074439727
20166.36 secs, 2175969 evals, 2176152 steps, improv/step: 0.030 (last = 0.0016), fitness=-25881867.074439727
20196.36 secs, 2180829 evals, 2181012 steps, improv/step: 0.030 (last = 0.0023), fitness=-25881867.074439727
20226.36 secs, 2185622 evals, 2185805 steps, improv/step: 0.030 (last = 0.0029), fitness=-25881867.074439727
20256.36 secs, 2190455 evals, 2190638 steps, improv/step: 0.030 (last = 0.0035), fitness=-25881867.074439727
20286.36 secs, 2195351 evals, 2195534 steps, improv/step: 0.030 (last = 0.0039), fitness=-25881867.074439727
20316.37 secs, 2200189 evals, 2200374 steps, improv/step: 0.030 (last = 0.0058), fitness=-25881867.074439727
20346.37 secs, 2204931 evals, 2205116 steps, improv/step: 0.030 (last = 0.0025), fitness=-25881867.074439727
20376.38 secs, 2209786 evals, 2209972 steps, improv/step: 0.030 (last = 0.0029), fitness=-25881867.074439727
20406.42 secs, 2214608 evals, 2214794 steps, improv/step: 0.030 (last = 0.0029), fitness=-25881867.074439727
20436.42 secs, 2219515 evals, 2219702 steps, improv/step: 0.030 (last = 0.0035), fitness=-25881867.074439727
20466.43 secs, 2224434 evals, 2224621 steps, improv/step: 0.030 (last = 0.0037), fitness=-25881867.074439727
20496.43 secs, 2229274 evals, 2229461 steps, improv/step: 0.030 (last = 0.0035), fitness=-25881867.074439730
20526.43 secs, 2234168 evals, 2234356 steps, improv/step: 0.030 (last = 0.0020), fitness=-25881867.074439730
20556.44 secs, 2238996 evals, 2239185 steps, improv/step: 0.030 (last = 0.0023), fitness=-25881867.074439734
20586.44 secs, 2243938 evals, 2244127 steps, improv/step: 0.030 (last = 0.0022), fitness=-25881867.074439734
20616.44 secs, 2248795 evals, 2248984 steps, improv/step: 0.030 (last = 0.0019), fitness=-25881867.074439734
20646.50 secs, 2253751 evals, 2253941 steps, improv/step: 0.030 (last = 0.0012), fitness=-25881867.074439734
20676.51 secs, 2258642 evals, 2258832 steps, improv/step: 0.029 (last = 0.0008), fitness=-25881867.074439734
20706.51 secs, 2263311 evals, 2263502 steps, improv/step: 0.029 (last = 0.0019), fitness=-25881867.074439734
20736.51 secs, 2268204 evals, 2268396 steps, improv/step: 0.029 (last = 0.0012), fitness=-25881867.074439734
20766.57 secs, 2272666 evals, 2272860 steps, improv/step: 0.029 (last = 0.0016), fitness=-25881867.074439734
20796.57 secs, 2277404 evals, 2277599 steps, improv/step: 0.029 (last = 0.0025), fitness=-25881867.074439734
20826.59 secs, 2282327 evals, 2282524 steps, improv/step: 0.029 (last = 0.0010), fitness=-25881867.074439734
20856.59 secs, 2287284 evals, 2287481 steps, improv/step: 0.029 (last = 0.0012), fitness=-25881867.074439734
20886.60 secs, 2292196 evals, 2292393 steps, improv/step: 0.029 (last = 0.0016), fitness=-25881867.074439734
20916.60 secs, 2297097 evals, 2297295 steps, improv/step: 0.029 (last = 0.0022), fitness=-25881867.074439734
20946.60 secs, 2301586 evals, 2301784 steps, improv/step: 0.029 (last = 0.0018), fitness=-25881867.074439734
20976.60 secs, 2306427 evals, 2306626 steps, improv/step: 0.029 (last = 0.0006), fitness=-25881867.074439734
21006.61 secs, 2311279 evals, 2311478 steps, improv/step: 0.029 (last = 0.0016), fitness=-25881867.074439734
21036.61 secs, 2316119 evals, 2316318 steps, improv/step: 0.029 (last = 0.0008), fitness=-25881867.074439734
21066.61 secs, 2321006 evals, 2321205 steps, improv/step: 0.029 (last = 0.0016), fitness=-25881867.074439734
21096.61 secs, 2325857 evals, 2326056 steps, improv/step: 0.029 (last = 0.0006), fitness=-25881867.074439734
21126.62 secs, 2330597 evals, 2330797 steps, improv/step: 0.029 (last = 0.0019), fitness=-25881867.074439734
21156.62 secs, 2335180 evals, 2335381 steps, improv/step: 0.029 (last = 0.0013), fitness=-25881867.074439734
21186.63 secs, 2338951 evals, 2339152 steps, improv/step: 0.029 (last = 0.0008), fitness=-25881867.074439734
21216.63 secs, 2343229 evals, 2343431 steps, improv/step: 0.028 (last = 0.0019), fitness=-25881867.074439734
21246.63 secs, 2347297 evals, 2347499 steps, improv/step: 0.028 (last = 0.0007), fitness=-25881867.074439734
21276.63 secs, 2351684 evals, 2351886 steps, improv/step: 0.028 (last = 0.0005), fitness=-25881867.074439734
21306.64 secs, 2355854 evals, 2356056 steps, improv/step: 0.028 (last = 0.0005), fitness=-25881867.074439734
21336.64 secs, 2360112 evals, 2360314 steps, improv/step: 0.028 (last = 0.0016), fitness=-25881867.074439734
21366.64 secs, 2364276 evals, 2364479 steps, improv/step: 0.028 (last = 0.0000), fitness=-25881867.074439734
21396.65 secs, 2368434 evals, 2368637 steps, improv/step: 0.028 (last = 0.0012), fitness=-25881867.074439734
21426.65 secs, 2372612 evals, 2372815 steps, improv/step: 0.028 (last = 0.0017), fitness=-25881867.074439734
21456.69 secs, 2376737 evals, 2376940 steps, improv/step: 0.028 (last = 0.0012), fitness=-25881867.074439734
21486.69 secs, 2380948 evals, 2381151 steps, improv/step: 0.028 (last = 0.0021), fitness=-25881867.074439734
21516.69 secs, 2385073 evals, 2385277 steps, improv/step: 0.028 (last = 0.0010), fitness=-25881867.074439734
21546.69 secs, 2389232 evals, 2389437 steps, improv/step: 0.028 (last = 0.0007), fitness=-25881867.074439734
21576.69 secs, 2393376 evals, 2393582 steps, improv/step: 0.028 (last = 0.0017), fitness=-25881867.074439734
21606.70 secs, 2397418 evals, 2397624 steps, improv/step: 0.028 (last = 0.0005), fitness=-25881867.074439734
21636.71 secs, 2401454 evals, 2401661 steps, improv/step: 0.028 (last = 0.0015), fitness=-25881867.074439734
21666.71 secs, 2405465 evals, 2405672 steps, improv/step: 0.028 (last = 0.0007), fitness=-25881867.074439734
21696.76 secs, 2409522 evals, 2409729 steps, improv/step: 0.028 (last = 0.0005), fitness=-25881867.074439734
21726.76 secs, 2413555 evals, 2413763 steps, improv/step: 0.028 (last = 0.0005), fitness=-25881867.074439734
21756.77 secs, 2417615 evals, 2417823 steps, improv/step: 0.028 (last = 0.0007), fitness=-25881867.074439734
21786.77 secs, 2421689 evals, 2421897 steps, improv/step: 0.028 (last = 0.0007), fitness=-25881867.074439734
21816.77 secs, 2425753 evals, 2425962 steps, improv/step: 0.028 (last = 0.0007), fitness=-25881867.074439734
21846.77 secs, 2429742 evals, 2429952 steps, improv/step: 0.027 (last = 0.0008), fitness=-25881867.074439734
21876.78 secs, 2433781 evals, 2433992 steps, improv/step: 0.027 (last = 0.0017), fitness=-25881867.074439734
21906.78 secs, 2437757 evals, 2437969 steps, improv/step: 0.027 (last = 0.0018), fitness=-25881867.074439734
21936.78 secs, 2441751 evals, 2441963 steps, improv/step: 0.027 (last = 0.0008), fitness=-25881867.074439734
21966.79 secs, 2445660 evals, 2445872 steps, improv/step: 0.027 (last = 0.0003), fitness=-25881867.074439734
21996.79 secs, 2449339 evals, 2449552 steps, improv/step: 0.027 (last = 0.0011), fitness=-25881867.074439734
22026.79 secs, 2452982 evals, 2453196 steps, improv/step: 0.027 (last = 0.0005), fitness=-25881867.074439734
22056.79 secs, 2456656 evals, 2456871 steps, improv/step: 0.027 (last = 0.0005), fitness=-25881867.074439734
22086.79 secs, 2460242 evals, 2460458 steps, improv/step: 0.027 (last = 0.0006), fitness=-25881867.074439734
22116.80 secs, 2463827 evals, 2464043 steps, improv/step: 0.027 (last = 0.0011), fitness=-25881867.074439734
22146.80 secs, 2467548 evals, 2467764 steps, improv/step: 0.027 (last = 0.0008), fitness=-25881867.074439734
22176.81 secs, 2471121 evals, 2471337 steps, improv/step: 0.027 (last = 0.0006), fitness=-25881867.074439734
22206.81 secs, 2474673 evals, 2474890 steps, improv/step: 0.027 (last = 0.0003), fitness=-25881867.074439734
22236.81 secs, 2478288 evals, 2478506 steps, improv/step: 0.027 (last = 0.0006), fitness=-25881867.074439734
22266.82 secs, 2481857 evals, 2482075 steps, improv/step: 0.027 (last = 0.0014), fitness=-25881867.074439734
22296.82 secs, 2485623 evals, 2485841 steps, improv/step: 0.027 (last = 0.0003), fitness=-25881867.074439734
22326.85 secs, 2489685 evals, 2489903 steps, improv/step: 0.027 (last = 0.0005), fitness=-25881867.074439734
22356.85 secs, 2493769 evals, 2493987 steps, improv/step: 0.027 (last = 0.0002), fitness=-25881867.074439734
22386.94 secs, 2497935 evals, 2498154 steps, improv/step: 0.027 (last = 0.0017), fitness=-25881867.074439734

Optimization stopped after 2500222 steps and 22402.07 seconds
Termination reason: Max number of function evaluations (2500000) reached
Steps per second = 111.61
Function evals per second = 111.60
Improvements/step = Inf
Total function evaluations = 2500001


Best candidate found: [24.9368, 10.0121, 2.00858, 2.99808, 29.293, 50.197, 20.0599, 206.381, 1.1007, 100.081, 5.16258e-6, 8.23791e-5, 0.00298628, 0.0498106, 0.39962, 1.99871]

Fitness: -25881867.074439734

-2.5881867074439738e7

[24.936846688522426, 10.012058724292597, 2.008584432161285, 2.998082803718301, 29.29302992078977, 50.19699513595993, 20.059892382443564, 206.38076832397812, 1.1007035630245385, 100.08068136736487, 5.162584521841677e-6, 8.237908926833233e-5, 0.002986279657868038, 0.04981055206388099, 0.39962039886805745, 1.9987087302951236]

Script has finished
Wed Dec 22 02:21:52 CET 2021

------------------------------------------------------------
Sender: LSF System <schwan@makalu115>
Subject: Job 576364: <Julia_Job_parallel> in cluster <wuerfel> Done

Job <Julia_Job_parallel> was submitted from host <makalu56> by user <magr4985> in cluster <wuerfel> at Tue Dec 21 19:54:22 2021
Job was executed on host(s) <makalu115>, in queue <BatchXL>, as user <magr4985> in cluster <wuerfel> at Tue Dec 21 20:03:54 2021
</usr/scratch4/magr4985> was used as the home directory.
</usr/scratch4/magr4985/TRPL/BatchJobs/syn_data_3/Run1> was used as the working directory.
Started at Tue Dec 21 20:03:54 2021
Terminated at Wed Dec 22 02:21:52 2021
Results reported at Wed Dec 22 02:21:52 2021

Your job looked like:

------------------------------------------------------------
# LSBATCH: User input
#!/bin/csh 
#BSUB -q BatchXL 
#BSUB -R "mem > 8000 span[hosts=1] && intel_avx2" 
#BSUB -oo lsf_julia_%J.log 
#BSUB -eo lsf_julia_%J.err 
#BSUB -J Julia_Job_parallel 
#BSUB -L /bin/csh 
#BSUB -n 1 
date 
pwd 
module purge 
/usr/scratch4/magr4985/julia-1.6.2/bin/julia -t 4 /usr/scratch4/magr4985/TRPL/Programs/trpl_analysis_syn.jl 3 2500000 1 /usr/scratch4/magr4985/TRPL/BatchJobs/syn_data_3/Run1 1.0e-14 3600 "[1.0, 1.0, 1.0, 1.0, 1.0, 1.0, 1.0, 1.0, 1.0, 1.0, 1.0e-6, 1.0e-6, 1.0e-6, 1.0e-6, 1.0e-6, 1.0e-6, 1.0e-6, 1.0e-6, 1.0e-6, 1.0e-6]" "[5000.0, 5000.0, 1000.0, 1000.0, 1.0e9, 1000.0, 10000.0, 10000.0, 1000.0, 1.0e6, 5.0, 5.0, 5.0, 5.0, 5.0, 5.0, 5.0, 5.0, 5.0, 5.0]" 
date
------------------------------------------------------------

Successfully completed.

Resource usage summary:

    CPU time :                                   51658.57 sec.
    Max Memory :                                 2090.83 MB
    Average Memory :                             1238.97 MB
    Total Requested Memory :                     -
    Delta Memory :                               -
    Max Swap :                                   256 KB
    Max Processes :                              4
    Max Threads :                                12
    Run time :                                   22678 sec.
    Turnaround time :                            23250 sec.

The output (if any) is above this job summary.



PS:

Read file <lsf_julia_576364.err> for stderr output of this job.

