Warning: no access to tty (Bad file descriptor).
Thus no job control in this shell.
Warning: no access to tty (Bad file descriptor).
Thus no job control in this shell.
Tue Dec 21 20:03:59 CET 2021
/usr/scratch4/magr4985/TRPL/BatchJobs/syn_data_3/Run8
# Thread: 4
1254322717304530602 RNG Seed
Run 1
Starting optimization with optimizer DiffEvoOpt{FitPopulation{Float64}, RadiusLimitedSelector, BlackBoxOptim.DiffEvoRandBin{3}, RandomBound{ContinuousRectSearchSpace}}
0.00 secs, 0 evals, 0 steps
30.00 secs, 4815 evals, 4715 steps, improv/step: 0.373 (last = 0.3729), fitness=-25099305.709317606
60.00 secs, 9855 evals, 9755 steps, improv/step: 0.299 (last = 0.2296), fitness=-25540504.607524082
90.01 secs, 15631 evals, 15531 steps, improv/step: 0.241 (last = 0.1432), fitness=-25585625.701536141
120.01 secs, 21869 evals, 21769 steps, improv/step: 0.206 (last = 0.1193), fitness=-25587186.835274152
150.01 secs, 28102 evals, 28003 steps, improv/step: 0.185 (last = 0.1108), fitness=-25587753.573919658
180.03 secs, 34235 evals, 34136 steps, improv/step: 0.174 (last = 0.1221), fitness=-25595371.823930737
210.03 secs, 40493 evals, 40394 steps, improv/step: 0.171 (last = 0.1585), fitness=-25606427.133979484
240.03 secs, 46521 evals, 46422 steps, improv/step: 0.168 (last = 0.1496), fitness=-25613875.300984275
270.03 secs, 52587 evals, 52490 steps, improv/step: 0.163 (last = 0.1205), fitness=-25614645.620304495
300.04 secs, 58893 evals, 58796 steps, improv/step: 0.157 (last = 0.1120), fitness=-25614820.483963296
330.04 secs, 65079 evals, 64982 steps, improv/step: 0.151 (last = 0.0921), fitness=-25615203.846026063
360.04 secs, 71279 evals, 71182 steps, improv/step: 0.153 (last = 0.1715), fitness=-25629664.552898780
390.05 secs, 75971 evals, 75874 steps, improv/step: 0.164 (last = 0.3342), fitness=-25866128.287813000
420.05 secs, 80224 evals, 80127 steps, improv/step: 0.166 (last = 0.1902), fitness=-25872828.410484448
450.05 secs, 84118 evals, 84021 steps, improv/step: 0.167 (last = 0.1944), fitness=-25875445.030103352
480.06 secs, 88276 evals, 88179 steps, improv/step: 0.165 (last = 0.1332), fitness=-25876956.052354697
510.06 secs, 92289 evals, 92192 steps, improv/step: 0.162 (last = 0.0959), fitness=-25877825.682779465
540.06 secs, 96397 evals, 96300 steps, improv/step: 0.160 (last = 0.1110), fitness=-25878284.664611146
570.06 secs, 100719 evals, 100622 steps, improv/step: 0.158 (last = 0.1083), fitness=-25878562.951136041
600.07 secs, 105136 evals, 105039 steps, improv/step: 0.156 (last = 0.1236), fitness=-25878843.590066064
630.08 secs, 109298 evals, 109201 steps, improv/step: 0.155 (last = 0.1098), fitness=-25879143.181575458
660.08 secs, 113527 evals, 113430 steps, improv/step: 0.153 (last = 0.1197), fitness=-25879609.683462486
690.09 secs, 117790 evals, 117693 steps, improv/step: 0.152 (last = 0.1206), fitness=-25880257.824513942
720.09 secs, 122080 evals, 121983 steps, improv/step: 0.150 (last = 0.0883), fitness=-25880669.206054136
750.09 secs, 126038 evals, 125941 steps, improv/step: 0.148 (last = 0.0920), fitness=-25880869.282290570
780.11 secs, 130066 evals, 129969 steps, improv/step: 0.147 (last = 0.1249), fitness=-25881073.830821089
810.12 secs, 134003 evals, 133906 steps, improv/step: 0.147 (last = 0.1321), fitness=-25881173.362455420
840.13 secs, 137845 evals, 137748 steps, improv/step: 0.146 (last = 0.1101), fitness=-25881251.530549228
870.13 secs, 141637 evals, 141540 steps, improv/step: 0.144 (last = 0.0905), fitness=-25881325.621783510
900.14 secs, 145641 evals, 145545 steps, improv/step: 0.143 (last = 0.0779), fitness=-25881339.861243911
930.15 secs, 149540 evals, 149444 steps, improv/step: 0.141 (last = 0.0905), fitness=-25881347.437401056
960.15 secs, 153404 evals, 153308 steps, improv/step: 0.140 (last = 0.0797), fitness=-25881354.863062683
990.15 secs, 157098 evals, 157003 steps, improv/step: 0.138 (last = 0.0720), fitness=-25881360.646882959
1020.19 secs, 160753 evals, 160658 steps, improv/step: 0.137 (last = 0.0700), fitness=-25881362.583339170
1050.23 secs, 164436 evals, 164341 steps, improv/step: 0.135 (last = 0.0690), fitness=-25881365.146444753
1080.23 secs, 168035 evals, 167940 steps, improv/step: 0.133 (last = 0.0625), fitness=-25881367.768746059
1110.23 secs, 171655 evals, 171560 steps, improv/step: 0.132 (last = 0.0713), fitness=-25881371.067041460
1140.26 secs, 175326 evals, 175231 steps, improv/step: 0.131 (last = 0.0656), fitness=-25881374.261650212
1170.27 secs, 178968 evals, 178873 steps, improv/step: 0.130 (last = 0.0802), fitness=-25881379.018316455
1200.28 secs, 182437 evals, 182342 steps, improv/step: 0.129 (last = 0.0770), fitness=-25881382.905899245
1230.28 secs, 185853 evals, 185758 steps, improv/step: 0.128 (last = 0.0662), fitness=-25881388.299706224
1260.29 secs, 189295 evals, 189200 steps, improv/step: 0.126 (last = 0.0645), fitness=-25881391.568562523
1290.29 secs, 192590 evals, 192495 steps, improv/step: 0.125 (last = 0.0662), fitness=-25881401.151179805
1320.30 secs, 195950 evals, 195855 steps, improv/step: 0.124 (last = 0.0574), fitness=-25881408.944927733
1350.31 secs, 199326 evals, 199231 steps, improv/step: 0.123 (last = 0.0646), fitness=-25881418.238954280
1380.31 secs, 202822 evals, 202728 steps, improv/step: 0.122 (last = 0.0698), fitness=-25881429.132786933
1410.31 secs, 206038 evals, 205944 steps, improv/step: 0.121 (last = 0.0569), fitness=-25881436.103170305
1440.31 secs, 209407 evals, 209313 steps, improv/step: 0.120 (last = 0.0519), fitness=-25881448.907731906
1470.32 secs, 212760 evals, 212666 steps, improv/step: 0.119 (last = 0.0480), fitness=-25881458.184848495
1500.32 secs, 216091 evals, 215997 steps, improv/step: 0.118 (last = 0.0432), fitness=-25881464.662487172
1530.33 secs, 219333 evals, 219239 steps, improv/step: 0.117 (last = 0.0500), fitness=-25881475.633946218
1560.33 secs, 222663 evals, 222569 steps, improv/step: 0.116 (last = 0.0435), fitness=-25881482.578490488
1590.33 secs, 225883 evals, 225790 steps, improv/step: 0.115 (last = 0.0487), fitness=-25881494.507415872
1620.34 secs, 229163 evals, 229070 steps, improv/step: 0.114 (last = 0.0372), fitness=-25881498.478715636
1650.34 secs, 232569 evals, 232476 steps, improv/step: 0.113 (last = 0.0517), fitness=-25881502.188178252
1680.35 secs, 235955 evals, 235863 steps, improv/step: 0.112 (last = 0.0526), fitness=-25881505.875325743
1710.35 secs, 239353 evals, 239261 steps, improv/step: 0.111 (last = 0.0489), fitness=-25881512.067844596
1740.36 secs, 242821 evals, 242730 steps, improv/step: 0.110 (last = 0.0389), fitness=-25881512.457521997
1770.36 secs, 246200 evals, 246111 steps, improv/step: 0.109 (last = 0.0379), fitness=-25881515.589182302
1800.37 secs, 249657 evals, 249568 steps, improv/step: 0.108 (last = 0.0353), fitness=-25881519.167564008
1830.37 secs, 253059 evals, 252971 steps, improv/step: 0.107 (last = 0.0359), fitness=-25881521.914493460
1860.39 secs, 256528 evals, 256440 steps, improv/step: 0.106 (last = 0.0432), fitness=-25881528.145221598
1890.39 secs, 259902 evals, 259814 steps, improv/step: 0.105 (last = 0.0531), fitness=-25881532.362707920
1920.42 secs, 263361 evals, 263273 steps, improv/step: 0.105 (last = 0.0564), fitness=-25881537.311564840
1950.42 secs, 266857 evals, 266769 steps, improv/step: 0.104 (last = 0.0441), fitness=-25881545.390497334
1980.43 secs, 270320 evals, 270232 steps, improv/step: 0.103 (last = 0.0502), fitness=-25881549.995829020
2010.43 secs, 273724 evals, 273636 steps, improv/step: 0.102 (last = 0.0314), fitness=-25881553.856542073
2040.43 secs, 277066 evals, 276978 steps, improv/step: 0.102 (last = 0.0383), fitness=-25881558.596538153
2070.44 secs, 280499 evals, 280411 steps, improv/step: 0.101 (last = 0.0376), fitness=-25881562.783864431
2100.44 secs, 283922 evals, 283836 steps, improv/step: 0.100 (last = 0.0318), fitness=-25881565.685834512
2130.45 secs, 287294 evals, 287208 steps, improv/step: 0.099 (last = 0.0386), fitness=-25881567.741767582
2160.45 secs, 290676 evals, 290590 steps, improv/step: 0.099 (last = 0.0461), fitness=-25881570.332527421
2190.46 secs, 294076 evals, 293990 steps, improv/step: 0.098 (last = 0.0576), fitness=-25881572.438752301
2220.46 secs, 297398 evals, 297312 steps, improv/step: 0.098 (last = 0.0497), fitness=-25881574.892754994
2250.47 secs, 300806 evals, 300720 steps, improv/step: 0.097 (last = 0.0581), fitness=-25881577.154745508
2280.47 secs, 304194 evals, 304108 steps, improv/step: 0.097 (last = 0.0812), fitness=-25881580.598093785
2310.47 secs, 307572 evals, 307486 steps, improv/step: 0.097 (last = 0.0642), fitness=-25881583.325111672
2340.48 secs, 310852 evals, 310766 steps, improv/step: 0.096 (last = 0.0585), fitness=-25881585.970815651
2370.49 secs, 314151 evals, 314065 steps, improv/step: 0.096 (last = 0.0567), fitness=-25881589.656635489
2400.49 secs, 317551 evals, 317465 steps, improv/step: 0.096 (last = 0.0694), fitness=-25881591.375076834
2430.49 secs, 320936 evals, 320851 steps, improv/step: 0.095 (last = 0.0756), fitness=-25881594.760732591
2460.49 secs, 324329 evals, 324244 steps, improv/step: 0.095 (last = 0.0669), fitness=-25881598.912295643
2490.50 secs, 327694 evals, 327609 steps, improv/step: 0.095 (last = 0.0639), fitness=-25881605.260744505
2520.51 secs, 331076 evals, 330991 steps, improv/step: 0.095 (last = 0.0695), fitness=-25881609.472186949
2550.52 secs, 334414 evals, 334329 steps, improv/step: 0.094 (last = 0.0746), fitness=-25881613.036936808
2580.53 secs, 337873 evals, 337788 steps, improv/step: 0.094 (last = 0.0555), fitness=-25881616.932730958
2610.53 secs, 341315 evals, 341230 steps, improv/step: 0.094 (last = 0.0715), fitness=-25881620.678015396
2640.53 secs, 344785 evals, 344701 steps, improv/step: 0.093 (last = 0.0752), fitness=-25881621.269263335
2670.54 secs, 348339 evals, 348255 steps, improv/step: 0.093 (last = 0.0796), fitness=-25881623.337988369
2700.54 secs, 351808 evals, 351724 steps, improv/step: 0.093 (last = 0.0879), fitness=-25881625.515065935
2730.54 secs, 355150 evals, 355066 steps, improv/step: 0.093 (last = 0.0721), fitness=-25881629.910375223
2760.55 secs, 358446 evals, 358363 steps, improv/step: 0.093 (last = 0.0722), fitness=-25881633.134362970
2790.59 secs, 361941 evals, 361858 steps, improv/step: 0.093 (last = 0.0595), fitness=-25881638.209598564
2820.59 secs, 365471 evals, 365388 steps, improv/step: 0.092 (last = 0.0507), fitness=-25881639.191316497
2850.64 secs, 369018 evals, 368935 steps, improv/step: 0.092 (last = 0.0496), fitness=-25881644.406180408
2880.65 secs, 372579 evals, 372496 steps, improv/step: 0.091 (last = 0.0601), fitness=-25881648.338576384
2910.65 secs, 376025 evals, 375942 steps, improv/step: 0.091 (last = 0.0557), fitness=-25881653.109250840
2940.65 secs, 379439 evals, 379356 steps, improv/step: 0.091 (last = 0.0469), fitness=-25881658.824700721
2970.66 secs, 382826 evals, 382743 steps, improv/step: 0.090 (last = 0.0387), fitness=-25881659.301209480
3000.66 secs, 386304 evals, 386221 steps, improv/step: 0.090 (last = 0.0423), fitness=-25881664.888982438
3030.66 secs, 389676 evals, 389593 steps, improv/step: 0.089 (last = 0.0386), fitness=-25881668.824881248
3060.68 secs, 392992 evals, 392909 steps, improv/step: 0.089 (last = 0.0302), fitness=-25881672.025582865
3090.70 secs, 396304 evals, 396222 steps, improv/step: 0.089 (last = 0.0411), fitness=-25881674.314833473
3120.79 secs, 399680 evals, 399598 steps, improv/step: 0.088 (last = 0.0489), fitness=-25881677.282035880
3150.79 secs, 403019 evals, 402939 steps, improv/step: 0.088 (last = 0.0467), fitness=-25881681.317081492
3180.79 secs, 406501 evals, 406421 steps, improv/step: 0.087 (last = 0.0485), fitness=-25881685.840572610
3210.80 secs, 409928 evals, 409848 steps, improv/step: 0.087 (last = 0.0426), fitness=-25881693.486207839
3240.81 secs, 413259 evals, 413179 steps, improv/step: 0.087 (last = 0.0378), fitness=-25881696.146045737
3270.81 secs, 416581 evals, 416501 steps, improv/step: 0.086 (last = 0.0379), fitness=-25881700.081026509
3300.82 secs, 419891 evals, 419811 steps, improv/step: 0.086 (last = 0.0408), fitness=-25881703.124559909
3330.82 secs, 423224 evals, 423144 steps, improv/step: 0.086 (last = 0.0354), fitness=-25881706.414123230
3360.82 secs, 426560 evals, 426480 steps, improv/step: 0.085 (last = 0.0429), fitness=-25881708.688307267
3390.82 secs, 429866 evals, 429786 steps, improv/step: 0.085 (last = 0.0336), fitness=-25881714.596088309
3420.86 secs, 433192 evals, 433112 steps, improv/step: 0.084 (last = 0.0364), fitness=-25881716.359016873
3450.92 secs, 436530 evals, 436451 steps, improv/step: 0.084 (last = 0.0362), fitness=-25881718.000994474
3480.92 secs, 440034 evals, 439955 steps, improv/step: 0.084 (last = 0.0405), fitness=-25881720.406248584
3510.93 secs, 443585 evals, 443506 steps, improv/step: 0.083 (last = 0.0408), fitness=-25881723.308888286
3540.94 secs, 447106 evals, 447027 steps, improv/step: 0.083 (last = 0.0480), fitness=-25881726.653607380
3570.94 secs, 450604 evals, 450525 steps, improv/step: 0.083 (last = 0.0506), fitness=-25881730.476452954
3600.95 secs, 454046 evals, 453967 steps, improv/step: 0.083 (last = 0.0433), fitness=-25881732.370079458
3630.95 secs, 457388 evals, 457309 steps, improv/step: 0.082 (last = 0.0434), fitness=-25881733.711432353
3660.96 secs, 460774 evals, 460695 steps, improv/step: 0.082 (last = 0.0526), fitness=-25881737.538301732
3690.96 secs, 464153 evals, 464074 steps, improv/step: 0.082 (last = 0.0391), fitness=-25881740.026601266
3720.98 secs, 467494 evals, 467415 steps, improv/step: 0.081 (last = 0.0398), fitness=-25881741.927334346
3751.00 secs, 470856 evals, 470777 steps, improv/step: 0.081 (last = 0.0363), fitness=-25881745.749581829
3781.00 secs, 474147 evals, 474068 steps, improv/step: 0.081 (last = 0.0346), fitness=-25881747.716566399
3811.01 secs, 477576 evals, 477497 steps, improv/step: 0.080 (last = 0.0292), fitness=-25881751.338498160
3841.03 secs, 481016 evals, 480937 steps, improv/step: 0.080 (last = 0.0265), fitness=-25881755.184123967
3871.03 secs, 484429 evals, 484351 steps, improv/step: 0.080 (last = 0.0269), fitness=-25881756.967265576
3901.03 secs, 487814 evals, 487737 steps, improv/step: 0.079 (last = 0.0301), fitness=-25881763.034815483
3931.03 secs, 491177 evals, 491100 steps, improv/step: 0.079 (last = 0.0345), fitness=-25881766.330845200
3961.04 secs, 494576 evals, 494499 steps, improv/step: 0.079 (last = 0.0300), fitness=-25881769.517085686
3991.05 secs, 497994 evals, 497917 steps, improv/step: 0.078 (last = 0.0328), fitness=-25881773.829279415
4021.05 secs, 501435 evals, 501358 steps, improv/step: 0.078 (last = 0.0325), fitness=-25881778.438545469
4051.06 secs, 504841 evals, 504764 steps, improv/step: 0.078 (last = 0.0270), fitness=-25881780.680353429
4081.06 secs, 508140 evals, 508063 steps, improv/step: 0.077 (last = 0.0242), fitness=-25881781.500480939
4111.07 secs, 511328 evals, 511251 steps, improv/step: 0.077 (last = 0.0289), fitness=-25881783.609811291
4141.07 secs, 514595 evals, 514518 steps, improv/step: 0.077 (last = 0.0242), fitness=-25881785.437340602
4171.08 secs, 517851 evals, 517774 steps, improv/step: 0.076 (last = 0.0227), fitness=-25881787.297786944
4201.08 secs, 521075 evals, 520999 steps, improv/step: 0.076 (last = 0.0186), fitness=-25881788.453851923
4231.09 secs, 524312 evals, 524236 steps, improv/step: 0.076 (last = 0.0204), fitness=-25881788.663035460
4261.09 secs, 527577 evals, 527502 steps, improv/step: 0.075 (last = 0.0273), fitness=-25881790.720396113
4291.09 secs, 530915 evals, 530840 steps, improv/step: 0.075 (last = 0.0300), fitness=-25881791.513373140
4321.10 secs, 534271 evals, 534196 steps, improv/step: 0.075 (last = 0.0304), fitness=-25881793.407598715
4351.10 secs, 537662 evals, 537587 steps, improv/step: 0.075 (last = 0.0330), fitness=-25881794.244932272
4381.10 secs, 541089 evals, 541014 steps, improv/step: 0.074 (last = 0.0301), fitness=-25881795.288383409
4411.10 secs, 544462 evals, 544387 steps, improv/step: 0.074 (last = 0.0329), fitness=-25881796.601310577
4441.11 secs, 547904 evals, 547829 steps, improv/step: 0.074 (last = 0.0389), fitness=-25881797.372628484
4471.11 secs, 551328 evals, 551253 steps, improv/step: 0.074 (last = 0.0359), fitness=-25881798.023553699
4501.11 secs, 554716 evals, 554641 steps, improv/step: 0.073 (last = 0.0425), fitness=-25881799.110713534
4531.12 secs, 558131 evals, 558056 steps, improv/step: 0.073 (last = 0.0477), fitness=-25881799.917760611
4561.12 secs, 561546 evals, 561471 steps, improv/step: 0.073 (last = 0.0621), fitness=-25881801.349788975
4591.12 secs, 564970 evals, 564895 steps, improv/step: 0.073 (last = 0.0488), fitness=-25881802.208063960
4621.13 secs, 568472 evals, 568397 steps, improv/step: 0.073 (last = 0.0485), fitness=-25881802.577751812
4651.13 secs, 571844 evals, 571770 steps, improv/step: 0.073 (last = 0.0460), fitness=-25881803.143487044
4681.14 secs, 575389 evals, 575315 steps, improv/step: 0.073 (last = 0.0564), fitness=-25881803.633646064
4711.14 secs, 578851 evals, 578777 steps, improv/step: 0.073 (last = 0.0583), fitness=-25881804.259523630
4741.14 secs, 582310 evals, 582236 steps, improv/step: 0.072 (last = 0.0624), fitness=-25881804.680195831
4771.15 secs, 585759 evals, 585686 steps, improv/step: 0.072 (last = 0.0545), fitness=-25881804.981379539
4801.15 secs, 589232 evals, 589159 steps, improv/step: 0.072 (last = 0.0639), fitness=-25881805.691372648
4831.16 secs, 592750 evals, 592678 steps, improv/step: 0.072 (last = 0.0517), fitness=-25881806.617054228
4861.17 secs, 596274 evals, 596202 steps, improv/step: 0.072 (last = 0.0542), fitness=-25881807.116021592
4891.20 secs, 599781 evals, 599709 steps, improv/step: 0.072 (last = 0.0636), fitness=-25881807.859153967
4921.20 secs, 603183 evals, 603111 steps, improv/step: 0.072 (last = 0.0529), fitness=-25881808.178849734
4951.20 secs, 606521 evals, 606449 steps, improv/step: 0.072 (last = 0.0566), fitness=-25881808.716002911
4981.21 secs, 609939 evals, 609867 steps, improv/step: 0.072 (last = 0.0603), fitness=-25881810.530004945
5011.21 secs, 613302 evals, 613230 steps, improv/step: 0.072 (last = 0.0645), fitness=-25881812.644022383
5041.22 secs, 616595 evals, 616523 steps, improv/step: 0.072 (last = 0.0528), fitness=-25881814.610212598
5071.22 secs, 619903 evals, 619831 steps, improv/step: 0.071 (last = 0.0378), fitness=-25881815.140730474
5101.22 secs, 623279 evals, 623207 steps, improv/step: 0.071 (last = 0.0391), fitness=-25881816.363224640
5131.26 secs, 626585 evals, 626513 steps, improv/step: 0.071 (last = 0.0430), fitness=-25881817.792659298
5161.27 secs, 630002 evals, 629930 steps, improv/step: 0.071 (last = 0.0416), fitness=-25881819.330178283
5191.27 secs, 633450 evals, 633378 steps, improv/step: 0.071 (last = 0.0392), fitness=-25881823.292672433
5221.27 secs, 636899 evals, 636827 steps, improv/step: 0.071 (last = 0.0232), fitness=-25881823.681956872
5251.28 secs, 640376 evals, 640305 steps, improv/step: 0.070 (last = 0.0250), fitness=-25881825.965859648
5281.29 secs, 643752 evals, 643681 steps, improv/step: 0.070 (last = 0.0261), fitness=-25881826.966064345
5311.30 secs, 647106 evals, 647035 steps, improv/step: 0.070 (last = 0.0283), fitness=-25881828.828809183
5341.30 secs, 650527 evals, 650456 steps, improv/step: 0.070 (last = 0.0272), fitness=-25881829.266984548
5371.30 secs, 653949 evals, 653878 steps, improv/step: 0.069 (last = 0.0263), fitness=-25881830.613950551
5401.31 secs, 657263 evals, 657192 steps, improv/step: 0.069 (last = 0.0166), fitness=-25881830.970077410
5431.32 secs, 660590 evals, 660519 steps, improv/step: 0.069 (last = 0.0231), fitness=-25881832.797492400
5461.33 secs, 663903 evals, 663833 steps, improv/step: 0.069 (last = 0.0263), fitness=-25881833.349399529
5491.38 secs, 667199 evals, 667129 steps, improv/step: 0.068 (last = 0.0267), fitness=-25881833.805176832
5521.38 secs, 670500 evals, 670430 steps, improv/step: 0.068 (last = 0.0203), fitness=-25881834.380732570
5551.39 secs, 673852 evals, 673782 steps, improv/step: 0.068 (last = 0.0343), fitness=-25881835.279114433
5581.43 secs, 677156 evals, 677086 steps, improv/step: 0.068 (last = 0.0209), fitness=-25881836.153266676
5611.44 secs, 680560 evals, 680490 steps, improv/step: 0.068 (last = 0.0270), fitness=-25881836.826148260
5641.44 secs, 683905 evals, 683835 steps, improv/step: 0.067 (last = 0.0212), fitness=-25881837.632414982
5671.45 secs, 687247 evals, 687178 steps, improv/step: 0.067 (last = 0.0194), fitness=-25881838.630420722
5701.45 secs, 690646 evals, 690577 steps, improv/step: 0.067 (last = 0.0227), fitness=-25881839.949699603
5731.46 secs, 694323 evals, 694254 steps, improv/step: 0.067 (last = 0.0223), fitness=-25881841.447377909
5761.46 secs, 697888 evals, 697820 steps, improv/step: 0.067 (last = 0.0283), fitness=-25881842.121798545
5791.53 secs, 701489 evals, 701421 steps, improv/step: 0.066 (last = 0.0258), fitness=-25881843.528534550
5821.54 secs, 704998 evals, 704930 steps, improv/step: 0.066 (last = 0.0228), fitness=-25881844.370245263
5851.55 secs, 708545 evals, 708477 steps, improv/step: 0.066 (last = 0.0220), fitness=-25881845.071191363
5881.55 secs, 712069 evals, 712002 steps, improv/step: 0.066 (last = 0.0227), fitness=-25881845.738895521
5911.55 secs, 715530 evals, 715465 steps, improv/step: 0.065 (last = 0.0266), fitness=-25881846.734061267
5941.56 secs, 718945 evals, 718880 steps, improv/step: 0.065 (last = 0.0237), fitness=-25881846.870825600
5971.56 secs, 722442 evals, 722377 steps, improv/step: 0.065 (last = 0.0220), fitness=-25881847.492009617
6001.57 secs, 725963 evals, 725899 steps, improv/step: 0.065 (last = 0.0219), fitness=-25881847.565052599
6031.58 secs, 729569 evals, 729505 steps, improv/step: 0.065 (last = 0.0336), fitness=-25881848.168421127
6061.59 secs, 733137 evals, 733073 steps, improv/step: 0.065 (last = 0.0286), fitness=-25881848.324817501
6091.59 secs, 736685 evals, 736621 steps, improv/step: 0.064 (last = 0.0296), fitness=-25881848.647205386
6121.59 secs, 740184 evals, 740121 steps, improv/step: 0.064 (last = 0.0251), fitness=-25881848.940119855
6151.60 secs, 743622 evals, 743559 steps, improv/step: 0.064 (last = 0.0276), fitness=-25881849.410138398
6181.60 secs, 747077 evals, 747014 steps, improv/step: 0.064 (last = 0.0402), fitness=-25881850.051727206
6211.61 secs, 750570 evals, 750508 steps, improv/step: 0.064 (last = 0.0243), fitness=-25881850.360571962
6241.68 secs, 754141 evals, 754079 steps, improv/step: 0.064 (last = 0.0297), fitness=-25881850.858578846
6271.68 secs, 757669 evals, 757608 steps, improv/step: 0.063 (last = 0.0329), fitness=-25881851.293465570
6301.68 secs, 761201 evals, 761141 steps, improv/step: 0.063 (last = 0.0410), fitness=-25881852.021742351
6331.69 secs, 764726 evals, 764666 steps, improv/step: 0.063 (last = 0.0278), fitness=-25881852.528545655
6361.69 secs, 768185 evals, 768125 steps, improv/step: 0.063 (last = 0.0283), fitness=-25881852.737544801
6391.69 secs, 771677 evals, 771617 steps, improv/step: 0.063 (last = 0.0243), fitness=-25881853.037887130
6421.70 secs, 775194 evals, 775134 steps, improv/step: 0.063 (last = 0.0299), fitness=-25881853.174477555
6451.70 secs, 778704 evals, 778644 steps, improv/step: 0.062 (last = 0.0268), fitness=-25881853.444193371
6481.70 secs, 782218 evals, 782158 steps, improv/step: 0.062 (last = 0.0304), fitness=-25881853.808977492
6511.71 secs, 785777 evals, 785719 steps, improv/step: 0.062 (last = 0.0362), fitness=-25881853.988845926
6541.72 secs, 789331 evals, 789274 steps, improv/step: 0.062 (last = 0.0329), fitness=-25881854.479981359
6571.72 secs, 792914 evals, 792858 steps, improv/step: 0.062 (last = 0.0349), fitness=-25881854.599490047
6601.72 secs, 796531 evals, 796475 steps, improv/step: 0.062 (last = 0.0296), fitness=-25881854.987728249
6631.77 secs, 800092 evals, 800036 steps, improv/step: 0.062 (last = 0.0317), fitness=-25881855.146526754
6661.78 secs, 803729 evals, 803673 steps, improv/step: 0.062 (last = 0.0313), fitness=-25881855.780341953
6691.78 secs, 807301 evals, 807245 steps, improv/step: 0.061 (last = 0.0344), fitness=-25881856.077632979
6721.78 secs, 810786 evals, 810731 steps, improv/step: 0.061 (last = 0.0361), fitness=-25881856.286931697
6751.78 secs, 814317 evals, 814263 steps, improv/step: 0.061 (last = 0.0306), fitness=-25881856.660378501
6781.79 secs, 817749 evals, 817695 steps, improv/step: 0.061 (last = 0.0382), fitness=-25881857.142275244
6811.80 secs, 821236 evals, 821183 steps, improv/step: 0.061 (last = 0.0255), fitness=-25881857.336228371
6841.80 secs, 824836 evals, 824783 steps, improv/step: 0.061 (last = 0.0333), fitness=-25881857.631122127
6871.80 secs, 828346 evals, 828293 steps, improv/step: 0.061 (last = 0.0293), fitness=-25881857.660420738
6901.80 secs, 831801 evals, 831748 steps, improv/step: 0.061 (last = 0.0226), fitness=-25881857.876895316
6931.81 secs, 835262 evals, 835209 steps, improv/step: 0.060 (last = 0.0220), fitness=-25881857.981045835
6961.81 secs, 838749 evals, 838696 steps, improv/step: 0.060 (last = 0.0218), fitness=-25881858.289541524
6991.86 secs, 842152 evals, 842100 steps, improv/step: 0.060 (last = 0.0256), fitness=-25881858.639012456
7021.87 secs, 845549 evals, 845498 steps, improv/step: 0.060 (last = 0.0247), fitness=-25881859.011694245
7051.87 secs, 849160 evals, 849111 steps, improv/step: 0.060 (last = 0.0238), fitness=-25881859.170492526
7081.87 secs, 852641 evals, 852593 steps, improv/step: 0.060 (last = 0.0215), fitness=-25881859.380958326
7111.87 secs, 856211 evals, 856163 steps, improv/step: 0.059 (last = 0.0218), fitness=-25881859.617058560
7141.87 secs, 859805 evals, 859757 steps, improv/step: 0.059 (last = 0.0245), fitness=-25881859.788901836
7171.88 secs, 863355 evals, 863308 steps, improv/step: 0.059 (last = 0.0245), fitness=-25881860.041560739
7201.88 secs, 866861 evals, 866814 steps, improv/step: 0.059 (last = 0.0208), fitness=-25881860.132864401
7231.93 secs, 870385 evals, 870338 steps, improv/step: 0.059 (last = 0.0210), fitness=-25881860.366818812
7261.93 secs, 874018 evals, 873972 steps, improv/step: 0.059 (last = 0.0215), fitness=-25881860.386049759
7291.93 secs, 877546 evals, 877501 steps, improv/step: 0.059 (last = 0.0292), fitness=-25881860.772688180
7321.94 secs, 881043 evals, 880999 steps, improv/step: 0.058 (last = 0.0343), fitness=-25881860.926772669
7351.94 secs, 884627 evals, 884584 steps, improv/step: 0.058 (last = 0.0257), fitness=-25881861.106427364
7381.95 secs, 888144 evals, 888102 steps, improv/step: 0.058 (last = 0.0304), fitness=-25881861.161537282
7411.96 secs, 891598 evals, 891556 steps, improv/step: 0.058 (last = 0.0321), fitness=-25881861.279843912
7441.96 secs, 895111 evals, 895069 steps, improv/step: 0.058 (last = 0.0347), fitness=-25881861.307077598
7471.97 secs, 898599 evals, 898558 steps, improv/step: 0.058 (last = 0.0267), fitness=-25881861.466891833
7501.97 secs, 901998 evals, 901960 steps, improv/step: 0.058 (last = 0.0191), fitness=-25881861.509923290
7531.98 secs, 905501 evals, 905463 steps, improv/step: 0.058 (last = 0.0223), fitness=-25881861.770389903
7561.98 secs, 908958 evals, 908920 steps, improv/step: 0.057 (last = 0.0194), fitness=-25881861.892653111
7591.98 secs, 912517 evals, 912479 steps, improv/step: 0.057 (last = 0.0250), fitness=-25881862.105281960
7622.05 secs, 916032 evals, 915994 steps, improv/step: 0.057 (last = 0.0228), fitness=-25881862.234531768
7652.05 secs, 919442 evals, 919404 steps, improv/step: 0.057 (last = 0.0232), fitness=-25881862.351592325
7682.06 secs, 922887 evals, 922849 steps, improv/step: 0.057 (last = 0.0247), fitness=-25881862.530945510
7712.06 secs, 926376 evals, 926339 steps, improv/step: 0.057 (last = 0.0338), fitness=-25881862.701434202
7742.07 secs, 929778 evals, 929742 steps, improv/step: 0.057 (last = 0.0382), fitness=-25881862.767086819
7772.07 secs, 933135 evals, 933099 steps, improv/step: 0.057 (last = 0.0337), fitness=-25881862.847654872
7802.08 secs, 936552 evals, 936516 steps, improv/step: 0.057 (last = 0.0255), fitness=-25881862.918248359
7832.09 secs, 939938 evals, 939902 steps, improv/step: 0.057 (last = 0.0263), fitness=-25881862.962952580
7862.09 secs, 943411 evals, 943375 steps, improv/step: 0.056 (last = 0.0268), fitness=-25881863.095989794
7892.10 secs, 946907 evals, 946871 steps, improv/step: 0.056 (last = 0.0263), fitness=-25881863.255069897
7922.10 secs, 950405 evals, 950369 steps, improv/step: 0.056 (last = 0.0309), fitness=-25881863.374616832
7952.10 secs, 953836 evals, 953800 steps, improv/step: 0.056 (last = 0.0291), fitness=-25881863.515720069
7982.18 secs, 957218 evals, 957183 steps, improv/step: 0.056 (last = 0.0284), fitness=-25881863.628668956
8012.18 secs, 960689 evals, 960654 steps, improv/step: 0.056 (last = 0.0282), fitness=-25881863.705376115
8042.22 secs, 964095 evals, 964060 steps, improv/step: 0.056 (last = 0.0273), fitness=-25881863.772069167
8072.23 secs, 967539 evals, 967504 steps, improv/step: 0.056 (last = 0.0377), fitness=-25881863.847751804
8102.23 secs, 970962 evals, 970928 steps, improv/step: 0.056 (last = 0.0289), fitness=-25881863.944885463
8132.24 secs, 974500 evals, 974466 steps, improv/step: 0.056 (last = 0.0308), fitness=-25881863.986746471
8162.24 secs, 977984 evals, 977950 steps, improv/step: 0.055 (last = 0.0344), fitness=-25881864.132743951
8192.24 secs, 981543 evals, 981509 steps, improv/step: 0.055 (last = 0.0309), fitness=-25881864.338253174
8222.25 secs, 985123 evals, 985090 steps, improv/step: 0.055 (last = 0.0254), fitness=-25881864.503737997
8252.26 secs, 988626 evals, 988593 steps, improv/step: 0.055 (last = 0.0200), fitness=-25881864.637093656
8282.26 secs, 992139 evals, 992106 steps, improv/step: 0.055 (last = 0.0211), fitness=-25881864.727363620
8312.26 secs, 995652 evals, 995619 steps, improv/step: 0.055 (last = 0.0219), fitness=-25881864.917928688
8342.27 secs, 999065 evals, 999033 steps, improv/step: 0.055 (last = 0.0228), fitness=-25881865.084932677
8372.27 secs, 1002518 evals, 1002486 steps, improv/step: 0.055 (last = 0.0188), fitness=-25881865.189447656
8402.27 secs, 1005895 evals, 1005864 steps, improv/step: 0.055 (last = 0.0157), fitness=-25881865.240214739
8432.29 secs, 1009339 evals, 1009308 steps, improv/step: 0.054 (last = 0.0180), fitness=-25881865.397846080
8462.30 secs, 1012855 evals, 1012824 steps, improv/step: 0.054 (last = 0.0188), fitness=-25881865.549144670
8492.31 secs, 1016356 evals, 1016325 steps, improv/step: 0.054 (last = 0.0157), fitness=-25881865.561228521
8522.31 secs, 1019915 evals, 1019884 steps, improv/step: 0.054 (last = 0.0155), fitness=-25881865.689884480
8552.32 secs, 1023548 evals, 1023518 steps, improv/step: 0.054 (last = 0.0259), fitness=-25881865.805089563
8582.32 secs, 1027136 evals, 1027106 steps, improv/step: 0.054 (last = 0.0262), fitness=-25881865.892393149
8612.32 secs, 1030734 evals, 1030704 steps, improv/step: 0.054 (last = 0.0195), fitness=-25881865.984194554
8642.33 secs, 1034319 evals, 1034289 steps, improv/step: 0.054 (last = 0.0254), fitness=-25881865.998741843
8672.33 secs, 1037871 evals, 1037841 steps, improv/step: 0.054 (last = 0.0245), fitness=-25881866.064690225
8702.34 secs, 1041436 evals, 1041407 steps, improv/step: 0.053 (last = 0.0250), fitness=-25881866.183615334
8732.34 secs, 1045126 evals, 1045097 steps, improv/step: 0.053 (last = 0.0201), fitness=-25881866.183615334
8762.34 secs, 1048799 evals, 1048770 steps, improv/step: 0.053 (last = 0.0204), fitness=-25881866.260868557
8792.35 secs, 1052364 evals, 1052335 steps, improv/step: 0.053 (last = 0.0219), fitness=-25881866.329794034
8822.35 secs, 1055799 evals, 1055770 steps, improv/step: 0.053 (last = 0.0253), fitness=-25881866.389349997
8852.35 secs, 1059281 evals, 1059252 steps, improv/step: 0.053 (last = 0.0244), fitness=-25881866.411885712
8882.36 secs, 1062751 evals, 1062722 steps, improv/step: 0.053 (last = 0.0199), fitness=-25881866.434128616
8912.36 secs, 1066269 evals, 1066240 steps, improv/step: 0.053 (last = 0.0247), fitness=-25881866.454046756
8942.36 secs, 1069805 evals, 1069777 steps, improv/step: 0.053 (last = 0.0237), fitness=-25881866.472910833
8972.36 secs, 1073282 evals, 1073254 steps, improv/step: 0.053 (last = 0.0262), fitness=-25881866.517572850
9002.37 secs, 1076666 evals, 1076638 steps, improv/step: 0.052 (last = 0.0222), fitness=-25881866.535538748
9032.38 secs, 1080168 evals, 1080141 steps, improv/step: 0.052 (last = 0.0214), fitness=-25881866.542290710
9062.40 secs, 1083743 evals, 1083717 steps, improv/step: 0.052 (last = 0.0260), fitness=-25881866.573462512
9092.40 secs, 1087270 evals, 1087244 steps, improv/step: 0.052 (last = 0.0204), fitness=-25881866.577941373
9122.41 secs, 1090952 evals, 1090926 steps, improv/step: 0.052 (last = 0.0212), fitness=-25881866.600481853
9152.42 secs, 1094567 evals, 1094541 steps, improv/step: 0.052 (last = 0.0241), fitness=-25881866.628800787
9182.42 secs, 1098150 evals, 1098124 steps, improv/step: 0.052 (last = 0.0201), fitness=-25881866.638349667
9212.43 secs, 1101638 evals, 1101612 steps, improv/step: 0.052 (last = 0.0198), fitness=-25881866.656158842
9242.44 secs, 1105155 evals, 1105130 steps, improv/step: 0.052 (last = 0.0196), fitness=-25881866.674937908
9272.48 secs, 1108702 evals, 1108678 steps, improv/step: 0.052 (last = 0.0189), fitness=-25881866.685433146
9302.48 secs, 1112267 evals, 1112243 steps, improv/step: 0.051 (last = 0.0196), fitness=-25881866.694123972
9332.49 secs, 1115767 evals, 1115743 steps, improv/step: 0.051 (last = 0.0260), fitness=-25881866.721898150
9362.49 secs, 1119249 evals, 1119225 steps, improv/step: 0.051 (last = 0.0284), fitness=-25881866.741234958
9392.50 secs, 1122784 evals, 1122760 steps, improv/step: 0.051 (last = 0.0308), fitness=-25881866.749719117
9422.50 secs, 1126242 evals, 1126218 steps, improv/step: 0.051 (last = 0.0289), fitness=-25881866.755585890
9452.51 secs, 1129599 evals, 1129575 steps, improv/step: 0.051 (last = 0.0298), fitness=-25881866.766847122
9482.51 secs, 1133049 evals, 1133025 steps, improv/step: 0.051 (last = 0.0290), fitness=-25881866.770143002
9512.51 secs, 1136454 evals, 1136430 steps, improv/step: 0.051 (last = 0.0270), fitness=-25881866.777521305
9542.52 secs, 1139973 evals, 1139949 steps, improv/step: 0.051 (last = 0.0273), fitness=-25881866.783717662
9572.52 secs, 1143451 evals, 1143427 steps, improv/step: 0.051 (last = 0.0348), fitness=-25881866.793953516
9602.52 secs, 1147025 evals, 1147002 steps, improv/step: 0.051 (last = 0.0305), fitness=-25881866.803747814
9632.52 secs, 1150534 evals, 1150511 steps, improv/step: 0.051 (last = 0.0282), fitness=-25881866.812376548
9662.53 secs, 1154034 evals, 1154011 steps, improv/step: 0.051 (last = 0.0314), fitness=-25881866.818230666
9692.54 secs, 1157593 evals, 1157570 steps, improv/step: 0.051 (last = 0.0309), fitness=-25881866.837843925
9722.54 secs, 1161251 evals, 1161228 steps, improv/step: 0.051 (last = 0.0323), fitness=-25881866.852947019
9752.55 secs, 1164830 evals, 1164808 steps, improv/step: 0.050 (last = 0.0249), fitness=-25881866.852947019
9782.55 secs, 1168503 evals, 1168483 steps, improv/step: 0.050 (last = 0.0253), fitness=-25881866.861375704
9812.56 secs, 1172059 evals, 1172040 steps, improv/step: 0.050 (last = 0.0259), fitness=-25881866.867715336
9842.57 secs, 1175578 evals, 1175559 steps, improv/step: 0.050 (last = 0.0210), fitness=-25881866.876026310
9872.59 secs, 1179071 evals, 1179053 steps, improv/step: 0.050 (last = 0.0226), fitness=-25881866.889083989
9902.59 secs, 1182584 evals, 1182566 steps, improv/step: 0.050 (last = 0.0282), fitness=-25881866.903423630
9932.60 secs, 1186024 evals, 1186008 steps, improv/step: 0.050 (last = 0.0232), fitness=-25881866.916036304
9962.60 secs, 1189532 evals, 1189516 steps, improv/step: 0.050 (last = 0.0239), fitness=-25881866.919300374
9992.61 secs, 1193087 evals, 1193072 steps, improv/step: 0.050 (last = 0.0200), fitness=-25881866.924559012
10022.61 secs, 1196643 evals, 1196628 steps, improv/step: 0.050 (last = 0.0217), fitness=-25881866.940527655
10052.61 secs, 1200341 evals, 1200326 steps, improv/step: 0.050 (last = 0.0157), fitness=-25881866.948173195
10082.62 secs, 1203998 evals, 1203984 steps, improv/step: 0.050 (last = 0.0224), fitness=-25881866.958248578
10112.62 secs, 1207479 evals, 1207465 steps, improv/step: 0.049 (last = 0.0147), fitness=-25881866.960744672
10142.63 secs, 1211027 evals, 1211013 steps, improv/step: 0.049 (last = 0.0214), fitness=-25881866.964806005
10172.63 secs, 1214602 evals, 1214588 steps, improv/step: 0.049 (last = 0.0235), fitness=-25881866.969147451
10202.63 secs, 1218117 evals, 1218104 steps, improv/step: 0.049 (last = 0.0225), fitness=-25881866.976575874
10232.69 secs, 1221649 evals, 1221636 steps, improv/step: 0.049 (last = 0.0204), fitness=-25881866.983974464
10262.69 secs, 1225167 evals, 1225154 steps, improv/step: 0.049 (last = 0.0193), fitness=-25881866.985979214
10292.69 secs, 1228700 evals, 1228687 steps, improv/step: 0.049 (last = 0.0136), fitness=-25881866.990866497
10322.71 secs, 1232199 evals, 1232186 steps, improv/step: 0.049 (last = 0.0197), fitness=-25881866.992001999
10352.71 secs, 1235716 evals, 1235703 steps, improv/step: 0.049 (last = 0.0179), fitness=-25881867.002464935
10382.71 secs, 1239247 evals, 1239234 steps, improv/step: 0.049 (last = 0.0167), fitness=-25881867.002464935
10412.71 secs, 1242737 evals, 1242724 steps, improv/step: 0.049 (last = 0.0181), fitness=-25881867.005542815
10442.72 secs, 1246199 evals, 1246186 steps, improv/step: 0.048 (last = 0.0196), fitness=-25881867.007838923
10472.72 secs, 1249771 evals, 1249758 steps, improv/step: 0.048 (last = 0.0154), fitness=-25881867.015932359
10502.73 secs, 1253190 evals, 1253178 steps, improv/step: 0.048 (last = 0.0155), fitness=-25881867.017780162
10532.73 secs, 1256518 evals, 1256506 steps, improv/step: 0.048 (last = 0.0150), fitness=-25881867.021891840
10562.76 secs, 1260013 evals, 1260001 steps, improv/step: 0.048 (last = 0.0177), fitness=-25881867.028453317
10592.77 secs, 1263444 evals, 1263432 steps, improv/step: 0.048 (last = 0.0175), fitness=-25881867.028453317
10622.77 secs, 1266856 evals, 1266845 steps, improv/step: 0.048 (last = 0.0141), fitness=-25881867.030446671
10652.77 secs, 1270308 evals, 1270297 steps, improv/step: 0.048 (last = 0.0125), fitness=-25881867.032752015
10682.83 secs, 1273788 evals, 1273779 steps, improv/step: 0.048 (last = 0.0175), fitness=-25881867.034522422
10712.83 secs, 1277294 evals, 1277286 steps, improv/step: 0.048 (last = 0.0137), fitness=-25881867.035051428
10742.83 secs, 1280827 evals, 1280820 steps, improv/step: 0.048 (last = 0.0170), fitness=-25881867.039128069
10772.83 secs, 1284413 evals, 1284407 steps, improv/step: 0.048 (last = 0.0178), fitness=-25881867.039730456
10802.83 secs, 1287825 evals, 1287820 steps, improv/step: 0.047 (last = 0.0193), fitness=-25881867.044304691
10832.84 secs, 1291308 evals, 1291304 steps, improv/step: 0.047 (last = 0.0152), fitness=-25881867.044304691
10862.84 secs, 1294730 evals, 1294726 steps, improv/step: 0.047 (last = 0.0210), fitness=-25881867.045188561
10892.84 secs, 1298311 evals, 1298308 steps, improv/step: 0.047 (last = 0.0162), fitness=-25881867.046159305
10922.85 secs, 1301835 evals, 1301833 steps, improv/step: 0.047 (last = 0.0119), fitness=-25881867.047515702
10952.85 secs, 1305401 evals, 1305399 steps, improv/step: 0.047 (last = 0.0177), fitness=-25881867.049466405
10982.85 secs, 1308966 evals, 1308965 steps, improv/step: 0.047 (last = 0.0188), fitness=-25881867.050024819
11012.86 secs, 1312514 evals, 1312513 steps, improv/step: 0.047 (last = 0.0189), fitness=-25881867.052012920
11042.88 secs, 1316172 evals, 1316171 steps, improv/step: 0.047 (last = 0.0221), fitness=-25881867.052232482
11072.88 secs, 1319897 evals, 1319896 steps, improv/step: 0.047 (last = 0.0207), fitness=-25881867.054082405
11102.88 secs, 1323461 evals, 1323460 steps, improv/step: 0.047 (last = 0.0227), fitness=-25881867.054811019
11132.88 secs, 1326990 evals, 1326989 steps, improv/step: 0.047 (last = 0.0244), fitness=-25881867.056429453
11162.89 secs, 1330491 evals, 1330490 steps, improv/step: 0.047 (last = 0.0271), fitness=-25881867.057286117
11192.90 secs, 1334031 evals, 1334030 steps, improv/step: 0.047 (last = 0.0254), fitness=-25881867.058723077
11222.90 secs, 1337611 evals, 1337610 steps, improv/step: 0.046 (last = 0.0240), fitness=-25881867.059689522
11252.90 secs, 1341163 evals, 1341163 steps, improv/step: 0.046 (last = 0.0318), fitness=-25881867.060007371
11282.91 secs, 1344736 evals, 1344736 steps, improv/step: 0.046 (last = 0.0367), fitness=-25881867.062169954
11312.91 secs, 1348351 evals, 1348351 steps, improv/step: 0.046 (last = 0.0332), fitness=-25881867.063316867
11342.92 secs, 1351866 evals, 1351867 steps, improv/step: 0.046 (last = 0.0299), fitness=-25881867.064209104
11372.92 secs, 1355307 evals, 1355308 steps, improv/step: 0.046 (last = 0.0296), fitness=-25881867.064562280
11402.93 secs, 1358773 evals, 1358774 steps, improv/step: 0.046 (last = 0.0297), fitness=-25881867.065178815
11432.93 secs, 1362327 evals, 1362329 steps, improv/step: 0.046 (last = 0.0290), fitness=-25881867.065348879
11462.94 secs, 1365958 evals, 1365961 steps, improv/step: 0.046 (last = 0.0245), fitness=-25881867.065550972
11492.94 secs, 1369611 evals, 1369614 steps, improv/step: 0.046 (last = 0.0296), fitness=-25881867.065783434
11522.95 secs, 1373144 evals, 1373148 steps, improv/step: 0.046 (last = 0.0331), fitness=-25881867.066123050
11552.95 secs, 1376512 evals, 1376518 steps, improv/step: 0.046 (last = 0.0255), fitness=-25881867.066238686
11582.95 secs, 1379986 evals, 1379992 steps, improv/step: 0.046 (last = 0.0271), fitness=-25881867.066299386
11612.96 secs, 1383441 evals, 1383447 steps, improv/step: 0.046 (last = 0.0304), fitness=-25881867.066450395
11642.96 secs, 1386886 evals, 1386893 steps, improv/step: 0.046 (last = 0.0354), fitness=-25881867.066546019
11673.01 secs, 1390324 evals, 1390331 steps, improv/step: 0.046 (last = 0.0378), fitness=-25881867.066689577
11703.01 secs, 1393829 evals, 1393836 steps, improv/step: 0.046 (last = 0.0260), fitness=-25881867.066693626
11733.02 secs, 1397293 evals, 1397300 steps, improv/step: 0.046 (last = 0.0196), fitness=-25881867.066764973
11763.02 secs, 1400761 evals, 1400769 steps, improv/step: 0.046 (last = 0.0317), fitness=-25881867.066849764
11793.03 secs, 1404162 evals, 1404170 steps, improv/step: 0.046 (last = 0.0373), fitness=-25881867.067070834
11823.03 secs, 1407610 evals, 1407619 steps, improv/step: 0.046 (last = 0.0371), fitness=-25881867.067140806
11853.04 secs, 1411082 evals, 1411092 steps, improv/step: 0.046 (last = 0.0443), fitness=-25881867.067307346
11883.05 secs, 1414604 evals, 1414614 steps, improv/step: 0.046 (last = 0.0457), fitness=-25881867.067545462
11913.06 secs, 1418220 evals, 1418230 steps, improv/step: 0.046 (last = 0.0407), fitness=-25881867.067658499
11943.06 secs, 1421775 evals, 1421786 steps, improv/step: 0.046 (last = 0.0278), fitness=-25881867.067756355
11973.08 secs, 1425345 evals, 1425357 steps, improv/step: 0.046 (last = 0.0353), fitness=-25881867.067913812
12003.08 secs, 1428898 evals, 1428910 steps, improv/step: 0.046 (last = 0.0273), fitness=-25881867.068192329
12033.08 secs, 1432467 evals, 1432479 steps, improv/step: 0.045 (last = 0.0252), fitness=-25881867.068473730
12063.09 secs, 1436048 evals, 1436061 steps, improv/step: 0.045 (last = 0.0187), fitness=-25881867.068486869
12093.09 secs, 1439633 evals, 1439647 steps, improv/step: 0.045 (last = 0.0204), fitness=-25881867.068651184
12123.09 secs, 1443144 evals, 1443159 steps, improv/step: 0.045 (last = 0.0262), fitness=-25881867.069065925
12153.09 secs, 1446724 evals, 1446739 steps, improv/step: 0.045 (last = 0.0285), fitness=-25881867.069455709
12183.09 secs, 1450438 evals, 1450453 steps, improv/step: 0.045 (last = 0.0272), fitness=-25881867.069644082
12213.10 secs, 1454236 evals, 1454251 steps, improv/step: 0.045 (last = 0.0229), fitness=-25881867.069901969
12243.10 secs, 1457926 evals, 1457942 steps, improv/step: 0.045 (last = 0.0219), fitness=-25881867.070100579
12273.10 secs, 1461439 evals, 1461455 steps, improv/step: 0.045 (last = 0.0327), fitness=-25881867.070293050
12303.11 secs, 1464959 evals, 1464975 steps, improv/step: 0.045 (last = 0.0293), fitness=-25881867.070463933
12333.11 secs, 1468494 evals, 1468511 steps, improv/step: 0.045 (last = 0.0376), fitness=-25881867.070585549
12363.12 secs, 1472130 evals, 1472147 steps, improv/step: 0.045 (last = 0.0407), fitness=-25881867.070835747
12393.13 secs, 1475721 evals, 1475738 steps, improv/step: 0.045 (last = 0.0295), fitness=-25881867.070891090
12423.13 secs, 1479335 evals, 1479352 steps, improv/step: 0.045 (last = 0.0230), fitness=-25881867.070917379
12453.13 secs, 1482881 evals, 1482898 steps, improv/step: 0.045 (last = 0.0293), fitness=-25881867.070998341
12483.17 secs, 1486458 evals, 1486475 steps, improv/step: 0.045 (last = 0.0330), fitness=-25881867.071045641
12513.20 secs, 1489954 evals, 1489971 steps, improv/step: 0.045 (last = 0.0297), fitness=-25881867.071103595
12543.20 secs, 1493370 evals, 1493387 steps, improv/step: 0.045 (last = 0.0313), fitness=-25881867.071219146
12573.20 secs, 1496861 evals, 1496879 steps, improv/step: 0.045 (last = 0.0347), fitness=-25881867.071267817
12603.21 secs, 1500435 evals, 1500454 steps, improv/step: 0.045 (last = 0.0330), fitness=-25881867.071360122
12633.22 secs, 1504030 evals, 1504050 steps, improv/step: 0.045 (last = 0.0234), fitness=-25881867.071471769
12663.22 secs, 1507627 evals, 1507648 steps, improv/step: 0.045 (last = 0.0295), fitness=-25881867.071621366
12693.23 secs, 1511297 evals, 1511318 steps, improv/step: 0.045 (last = 0.0308), fitness=-25881867.071727399
12723.23 secs, 1514829 evals, 1514851 steps, improv/step: 0.045 (last = 0.0243), fitness=-25881867.071782365
12753.23 secs, 1518427 evals, 1518449 steps, improv/step: 0.045 (last = 0.0283), fitness=-25881867.071945701
12783.29 secs, 1521947 evals, 1521969 steps, improv/step: 0.044 (last = 0.0278), fitness=-25881867.072069805
12813.30 secs, 1525517 evals, 1525539 steps, improv/step: 0.044 (last = 0.0269), fitness=-25881867.072069805
12843.31 secs, 1529171 evals, 1529193 steps, improv/step: 0.044 (last = 0.0328), fitness=-25881867.072175946
12873.32 secs, 1532748 evals, 1532770 steps, improv/step: 0.044 (last = 0.0271), fitness=-25881867.072194904
12903.32 secs, 1536417 evals, 1536439 steps, improv/step: 0.044 (last = 0.0278), fitness=-25881867.072352123
12933.32 secs, 1540001 evals, 1540023 steps, improv/step: 0.044 (last = 0.0282), fitness=-25881867.072520200
12963.33 secs, 1543597 evals, 1543619 steps, improv/step: 0.044 (last = 0.0220), fitness=-25881867.072566457
12993.33 secs, 1547225 evals, 1547247 steps, improv/step: 0.044 (last = 0.0226), fitness=-25881867.072630521
13023.34 secs, 1550864 evals, 1550886 steps, improv/step: 0.044 (last = 0.0129), fitness=-25881867.072665080
13053.34 secs, 1554420 evals, 1554442 steps, improv/step: 0.044 (last = 0.0183), fitness=-25881867.072722279
13083.34 secs, 1557984 evals, 1558006 steps, improv/step: 0.044 (last = 0.0208), fitness=-25881867.072781228
13113.35 secs, 1561385 evals, 1561407 steps, improv/step: 0.044 (last = 0.0182), fitness=-25881867.072839417
13143.36 secs, 1565081 evals, 1565103 steps, improv/step: 0.044 (last = 0.0200), fitness=-25881867.072904084
13173.36 secs, 1568692 evals, 1568714 steps, improv/step: 0.044 (last = 0.0244), fitness=-25881867.072974119
13203.36 secs, 1572324 evals, 1572347 steps, improv/step: 0.044 (last = 0.0256), fitness=-25881867.073050883
13233.37 secs, 1575967 evals, 1575990 steps, improv/step: 0.044 (last = 0.0233), fitness=-25881867.073079392
13263.37 secs, 1579567 evals, 1579590 steps, improv/step: 0.044 (last = 0.0169), fitness=-25881867.073207892
13293.37 secs, 1583132 evals, 1583156 steps, improv/step: 0.044 (last = 0.0236), fitness=-25881867.073247224
13323.38 secs, 1586626 evals, 1586651 steps, improv/step: 0.044 (last = 0.0175), fitness=-25881867.073266510
13353.39 secs, 1590167 evals, 1590193 steps, improv/step: 0.044 (last = 0.0229), fitness=-25881867.073308576
13383.39 secs, 1593675 evals, 1593701 steps, improv/step: 0.044 (last = 0.0265), fitness=-25881867.073373105
13413.39 secs, 1597108 evals, 1597135 steps, improv/step: 0.043 (last = 0.0256), fitness=-25881867.073390737
13443.40 secs, 1600651 evals, 1600678 steps, improv/step: 0.043 (last = 0.0172), fitness=-25881867.073458530
13473.40 secs, 1604188 evals, 1604215 steps, improv/step: 0.043 (last = 0.0170), fitness=-25881867.073569559
13503.41 secs, 1607661 evals, 1607688 steps, improv/step: 0.043 (last = 0.0187), fitness=-25881867.073634826
13533.42 secs, 1611230 evals, 1611257 steps, improv/step: 0.043 (last = 0.0185), fitness=-25881867.073645763
13563.42 secs, 1614781 evals, 1614808 steps, improv/step: 0.043 (last = 0.0161), fitness=-25881867.073659819
13593.43 secs, 1618297 evals, 1618324 steps, improv/step: 0.043 (last = 0.0173), fitness=-25881867.073695458
13623.44 secs, 1621803 evals, 1621831 steps, improv/step: 0.043 (last = 0.0222), fitness=-25881867.073763475
13653.44 secs, 1625323 evals, 1625351 steps, improv/step: 0.043 (last = 0.0247), fitness=-25881867.073887475
13683.44 secs, 1628810 evals, 1628839 steps, improv/step: 0.043 (last = 0.0204), fitness=-25881867.073963903
13713.45 secs, 1632252 evals, 1632281 steps, improv/step: 0.043 (last = 0.0189), fitness=-25881867.073993143
13743.45 secs, 1635728 evals, 1635757 steps, improv/step: 0.043 (last = 0.0132), fitness=-25881867.073993143
13773.46 secs, 1639106 evals, 1639135 steps, improv/step: 0.043 (last = 0.0107), fitness=-25881867.074004561
13803.50 secs, 1642633 evals, 1642663 steps, improv/step: 0.043 (last = 0.0176), fitness=-25881867.074035496
13833.50 secs, 1646090 evals, 1646121 steps, improv/step: 0.043 (last = 0.0153), fitness=-25881867.074056271
13863.51 secs, 1649625 evals, 1649656 steps, improv/step: 0.043 (last = 0.0130), fitness=-25881867.074098706
13893.51 secs, 1653129 evals, 1653160 steps, improv/step: 0.043 (last = 0.0171), fitness=-25881867.074114535
13923.52 secs, 1656543 evals, 1656574 steps, improv/step: 0.043 (last = 0.0173), fitness=-25881867.074130718
13953.53 secs, 1659940 evals, 1659972 steps, improv/step: 0.042 (last = 0.0209), fitness=-25881867.074171986
13983.53 secs, 1663368 evals, 1663401 steps, improv/step: 0.042 (last = 0.0140), fitness=-25881867.074183308
14013.54 secs, 1666853 evals, 1666886 steps, improv/step: 0.042 (last = 0.0175), fitness=-25881867.074227542
14043.54 secs, 1670372 evals, 1670405 steps, improv/step: 0.042 (last = 0.0196), fitness=-25881867.074229911
14073.54 secs, 1673922 evals, 1673955 steps, improv/step: 0.042 (last = 0.0189), fitness=-25881867.074253663
14103.55 secs, 1677334 evals, 1677368 steps, improv/step: 0.042 (last = 0.0217), fitness=-25881867.074253853
14133.63 secs, 1680766 evals, 1680801 steps, improv/step: 0.042 (last = 0.0207), fitness=-25881867.074267551
14163.64 secs, 1684306 evals, 1684343 steps, improv/step: 0.042 (last = 0.0178), fitness=-25881867.074295625
14193.64 secs, 1687898 evals, 1687935 steps, improv/step: 0.042 (last = 0.0167), fitness=-25881867.074305333
14223.64 secs, 1691456 evals, 1691494 steps, improv/step: 0.042 (last = 0.0219), fitness=-25881867.074335083
14253.65 secs, 1694954 evals, 1694993 steps, improv/step: 0.042 (last = 0.0194), fitness=-25881867.074339081
14283.65 secs, 1698425 evals, 1698464 steps, improv/step: 0.042 (last = 0.0184), fitness=-25881867.074348841
14313.65 secs, 1701872 evals, 1701911 steps, improv/step: 0.042 (last = 0.0258), fitness=-25881867.074377809
14343.66 secs, 1705385 evals, 1705426 steps, improv/step: 0.042 (last = 0.0233), fitness=-25881867.074386213
14373.66 secs, 1708863 evals, 1708905 steps, improv/step: 0.042 (last = 0.0236), fitness=-25881867.074397594
14403.67 secs, 1712380 evals, 1712422 steps, improv/step: 0.042 (last = 0.0162), fitness=-25881867.074401010
14433.73 secs, 1715889 evals, 1715932 steps, improv/step: 0.042 (last = 0.0188), fitness=-25881867.074405175
14463.74 secs, 1719368 evals, 1719411 steps, improv/step: 0.042 (last = 0.0204), fitness=-25881867.074409697
14493.74 secs, 1722707 evals, 1722750 steps, improv/step: 0.042 (last = 0.0159), fitness=-25881867.074416604
14523.74 secs, 1726181 evals, 1726224 steps, improv/step: 0.042 (last = 0.0207), fitness=-25881867.074416604
14553.75 secs, 1729681 evals, 1729724 steps, improv/step: 0.042 (last = 0.0191), fitness=-25881867.074420024
14583.76 secs, 1733163 evals, 1733206 steps, improv/step: 0.042 (last = 0.0172), fitness=-25881867.074422888
14613.76 secs, 1736670 evals, 1736714 steps, improv/step: 0.041 (last = 0.0217), fitness=-25881867.074425239
14643.76 secs, 1740211 evals, 1740255 steps, improv/step: 0.041 (last = 0.0251), fitness=-25881867.074426278
14673.77 secs, 1743796 evals, 1743840 steps, improv/step: 0.041 (last = 0.0307), fitness=-25881867.074427430
14703.77 secs, 1747301 evals, 1747345 steps, improv/step: 0.041 (last = 0.0442), fitness=-25881867.074428283
14733.77 secs, 1750778 evals, 1750822 steps, improv/step: 0.041 (last = 0.0385), fitness=-25881867.074429814
14763.78 secs, 1754182 evals, 1754227 steps, improv/step: 0.041 (last = 0.0549), fitness=-25881867.074431092
14793.79 secs, 1757612 evals, 1757657 steps, improv/step: 0.041 (last = 0.0443), fitness=-25881867.074431602
14823.79 secs, 1760983 evals, 1761028 steps, improv/step: 0.041 (last = 0.0415), fitness=-25881867.074431948
14853.82 secs, 1764373 evals, 1764419 steps, improv/step: 0.041 (last = 0.0271), fitness=-25881867.074432164
14883.82 secs, 1767863 evals, 1767910 steps, improv/step: 0.041 (last = 0.0395), fitness=-25881867.074432448
14913.82 secs, 1771370 evals, 1771417 steps, improv/step: 0.041 (last = 0.0259), fitness=-25881867.074432649
14943.83 secs, 1774973 evals, 1775020 steps, improv/step: 0.041 (last = 0.0264), fitness=-25881867.074432671
14973.83 secs, 1778422 evals, 1778469 steps, improv/step: 0.041 (last = 0.0296), fitness=-25881867.074432746
15003.84 secs, 1781865 evals, 1781912 steps, improv/step: 0.041 (last = 0.0314), fitness=-25881867.074432857
15033.84 secs, 1785223 evals, 1785270 steps, improv/step: 0.041 (last = 0.0345), fitness=-25881867.074432988
15063.84 secs, 1788658 evals, 1788705 steps, improv/step: 0.041 (last = 0.0306), fitness=-25881867.074433077
15093.85 secs, 1792189 evals, 1792236 steps, improv/step: 0.041 (last = 0.0261), fitness=-25881867.074433193
15123.85 secs, 1795704 evals, 1795751 steps, improv/step: 0.041 (last = 0.0324), fitness=-25881867.074433327
15153.85 secs, 1799251 evals, 1799298 steps, improv/step: 0.041 (last = 0.0341), fitness=-25881867.074433394
15183.86 secs, 1802752 evals, 1802799 steps, improv/step: 0.041 (last = 0.0383), fitness=-25881867.074433472
15213.87 secs, 1806252 evals, 1806299 steps, improv/step: 0.041 (last = 0.0329), fitness=-25881867.074433535
15243.88 secs, 1809700 evals, 1809747 steps, improv/step: 0.041 (last = 0.0403), fitness=-25881867.074433580
15273.88 secs, 1813147 evals, 1813194 steps, improv/step: 0.041 (last = 0.0438), fitness=-25881867.074433602
15303.89 secs, 1816638 evals, 1816685 steps, improv/step: 0.041 (last = 0.0450), fitness=-25881867.074433625
15333.89 secs, 1820032 evals, 1820079 steps, improv/step: 0.041 (last = 0.0401), fitness=-25881867.074433655
15363.90 secs, 1823456 evals, 1823504 steps, improv/step: 0.041 (last = 0.0362), fitness=-25881867.074433677
15393.97 secs, 1826845 evals, 1826893 steps, improv/step: 0.041 (last = 0.0372), fitness=-25881867.074433710
15423.98 secs, 1830259 evals, 1830308 steps, improv/step: 0.041 (last = 0.0310), fitness=-25881867.074433744
15454.02 secs, 1833745 evals, 1833794 steps, improv/step: 0.041 (last = 0.0462), fitness=-25881867.074433796
15484.03 secs, 1837309 evals, 1837359 steps, improv/step: 0.041 (last = 0.0407), fitness=-25881867.074433807
15514.10 secs, 1840732 evals, 1840782 steps, improv/step: 0.041 (last = 0.0380), fitness=-25881867.074433833
15544.10 secs, 1844255 evals, 1844305 steps, improv/step: 0.041 (last = 0.0443), fitness=-25881867.074433886
15574.12 secs, 1847788 evals, 1847838 steps, improv/step: 0.041 (last = 0.0484), fitness=-25881867.074433967
15604.12 secs, 1851282 evals, 1851334 steps, improv/step: 0.041 (last = 0.0481), fitness=-25881867.074434049
15634.12 secs, 1854853 evals, 1854905 steps, improv/step: 0.041 (last = 0.0456), fitness=-25881867.074434079
15664.16 secs, 1858344 evals, 1858396 steps, improv/step: 0.041 (last = 0.0412), fitness=-25881867.074434131
15694.16 secs, 1861873 evals, 1861925 steps, improv/step: 0.041 (last = 0.0448), fitness=-25881867.074434198
15724.21 secs, 1865432 evals, 1865485 steps, improv/step: 0.041 (last = 0.0404), fitness=-25881867.074434288
15754.21 secs, 1869022 evals, 1869075 steps, improv/step: 0.041 (last = 0.0387), fitness=-25881867.074434336
15784.21 secs, 1872707 evals, 1872760 steps, improv/step: 0.041 (last = 0.0345), fitness=-25881867.074434392
15814.22 secs, 1876366 evals, 1876420 steps, improv/step: 0.041 (last = 0.0342), fitness=-25881867.074434496
15844.23 secs, 1879934 evals, 1879988 steps, improv/step: 0.041 (last = 0.0342), fitness=-25881867.074434638
15874.34 secs, 1883515 evals, 1883569 steps, improv/step: 0.041 (last = 0.0327), fitness=-25881867.074434739
15904.34 secs, 1887187 evals, 1887241 steps, improv/step: 0.041 (last = 0.0330), fitness=-25881867.074435029
15934.35 secs, 1890878 evals, 1890932 steps, improv/step: 0.041 (last = 0.0293), fitness=-25881867.074435115
15964.35 secs, 1894476 evals, 1894530 steps, improv/step: 0.041 (last = 0.0314), fitness=-25881867.074435294
15994.35 secs, 1897957 evals, 1898011 steps, improv/step: 0.041 (last = 0.0213), fitness=-25881867.074435294
16024.35 secs, 1901468 evals, 1901523 steps, improv/step: 0.041 (last = 0.0293), fitness=-25881867.074435443
16054.36 secs, 1904995 evals, 1905051 steps, improv/step: 0.041 (last = 0.0281), fitness=-25881867.074435573
16084.38 secs, 1908618 evals, 1908675 steps, improv/step: 0.041 (last = 0.0215), fitness=-25881867.074435726
16114.38 secs, 1912200 evals, 1912257 steps, improv/step: 0.041 (last = 0.0198), fitness=-25881867.074435800
16144.39 secs, 1915688 evals, 1915746 steps, improv/step: 0.041 (last = 0.0241), fitness=-25881867.074435860
16174.39 secs, 1919153 evals, 1919213 steps, improv/step: 0.041 (last = 0.0216), fitness=-25881867.074435949
16204.39 secs, 1922663 evals, 1922723 steps, improv/step: 0.041 (last = 0.0214), fitness=-25881867.074436016
16234.40 secs, 1926266 evals, 1926326 steps, improv/step: 0.041 (last = 0.0158), fitness=-25881867.074436150
16264.40 secs, 1929867 evals, 1929928 steps, improv/step: 0.041 (last = 0.0200), fitness=-25881867.074436225
16294.43 secs, 1933417 evals, 1933478 steps, improv/step: 0.041 (last = 0.0282), fitness=-25881867.074436359
16324.43 secs, 1937039 evals, 1937100 steps, improv/step: 0.041 (last = 0.0207), fitness=-25881867.074436493
16354.43 secs, 1940569 evals, 1940630 steps, improv/step: 0.041 (last = 0.0218), fitness=-25881867.074436538
16384.45 secs, 1944095 evals, 1944156 steps, improv/step: 0.041 (last = 0.0213), fitness=-25881867.074436612
16414.45 secs, 1947595 evals, 1947656 steps, improv/step: 0.041 (last = 0.0149), fitness=-25881867.074436739
16444.46 secs, 1951148 evals, 1951209 steps, improv/step: 0.041 (last = 0.0225), fitness=-25881867.074436799
16474.46 secs, 1954776 evals, 1954837 steps, improv/step: 0.041 (last = 0.0229), fitness=-25881867.074436817
16504.47 secs, 1958422 evals, 1958483 steps, improv/step: 0.040 (last = 0.0288), fitness=-25881867.074436918
16534.47 secs, 1962121 evals, 1962183 steps, improv/step: 0.040 (last = 0.0165), fitness=-25881867.074437015
16564.48 secs, 1965838 evals, 1965900 steps, improv/step: 0.040 (last = 0.0231), fitness=-25881867.074437067
16594.48 secs, 1969344 evals, 1969406 steps, improv/step: 0.040 (last = 0.0205), fitness=-25881867.074437123
16624.48 secs, 1972765 evals, 1972827 steps, improv/step: 0.040 (last = 0.0184), fitness=-25881867.074437201
16654.49 secs, 1976236 evals, 1976298 steps, improv/step: 0.040 (last = 0.0259), fitness=-25881867.074437231
16684.49 secs, 1979704 evals, 1979767 steps, improv/step: 0.040 (last = 0.0179), fitness=-25881867.074437372
16714.49 secs, 1983171 evals, 1983234 steps, improv/step: 0.040 (last = 0.0205), fitness=-25881867.074437372
16744.49 secs, 1986656 evals, 1986722 steps, improv/step: 0.040 (last = 0.0189), fitness=-25881867.074437529
16774.49 secs, 1990084 evals, 1990150 steps, improv/step: 0.040 (last = 0.0219), fitness=-25881867.074437603
16804.50 secs, 1993715 evals, 1993781 steps, improv/step: 0.040 (last = 0.0151), fitness=-25881867.074437737
16834.50 secs, 1997262 evals, 1997330 steps, improv/step: 0.040 (last = 0.0180), fitness=-25881867.074437965
16864.51 secs, 2000866 evals, 2000934 steps, improv/step: 0.040 (last = 0.0189), fitness=-25881867.074438151
16894.52 secs, 2004446 evals, 2004514 steps, improv/step: 0.040 (last = 0.0196), fitness=-25881867.074438307
16924.52 secs, 2007987 evals, 2008055 steps, improv/step: 0.040 (last = 0.0167), fitness=-25881867.074438386
16954.54 secs, 2011495 evals, 2011564 steps, improv/step: 0.040 (last = 0.0202), fitness=-25881867.074438456
16984.54 secs, 2014896 evals, 2014965 steps, improv/step: 0.040 (last = 0.0212), fitness=-25881867.074438546
17014.55 secs, 2018272 evals, 2018341 steps, improv/step: 0.040 (last = 0.0193), fitness=-25881867.074438654
17044.55 secs, 2021787 evals, 2021857 steps, improv/step: 0.040 (last = 0.0202), fitness=-25881867.074438751
17074.56 secs, 2025316 evals, 2025386 steps, improv/step: 0.040 (last = 0.0198), fitness=-25881867.074438795
17104.56 secs, 2028811 evals, 2028881 steps, improv/step: 0.040 (last = 0.0120), fitness=-25881867.074438818
17134.57 secs, 2032347 evals, 2032417 steps, improv/step: 0.040 (last = 0.0187), fitness=-25881867.074438840
17164.57 secs, 2036045 evals, 2036116 steps, improv/step: 0.040 (last = 0.0251), fitness=-25881867.074438885
17194.58 secs, 2039576 evals, 2039647 steps, improv/step: 0.040 (last = 0.0193), fitness=-25881867.074438952
17224.58 secs, 2043142 evals, 2043214 steps, improv/step: 0.040 (last = 0.0216), fitness=-25881867.074439064
17254.58 secs, 2046647 evals, 2046719 steps, improv/step: 0.040 (last = 0.0282), fitness=-25881867.074439097
17284.69 secs, 2050196 evals, 2050268 steps, improv/step: 0.040 (last = 0.0234), fitness=-25881867.074439168
17314.70 secs, 2053598 evals, 2053671 steps, improv/step: 0.040 (last = 0.0170), fitness=-25881867.074439280
17344.70 secs, 2057045 evals, 2057118 steps, improv/step: 0.040 (last = 0.0203), fitness=-25881867.074439280
17374.70 secs, 2060460 evals, 2060533 steps, improv/step: 0.039 (last = 0.0170), fitness=-25881867.074439324
17404.70 secs, 2063893 evals, 2063966 steps, improv/step: 0.039 (last = 0.0157), fitness=-25881867.074439336
17434.71 secs, 2067281 evals, 2067354 steps, improv/step: 0.039 (last = 0.0124), fitness=-25881867.074439391
17464.72 secs, 2070773 evals, 2070846 steps, improv/step: 0.039 (last = 0.0180), fitness=-25881867.074439406
17494.72 secs, 2074125 evals, 2074199 steps, improv/step: 0.039 (last = 0.0140), fitness=-25881867.074439432
17524.73 secs, 2077456 evals, 2077530 steps, improv/step: 0.039 (last = 0.0123), fitness=-25881867.074439451
17554.73 secs, 2080732 evals, 2080806 steps, improv/step: 0.039 (last = 0.0174), fitness=-25881867.074439473
17584.73 secs, 2084072 evals, 2084146 steps, improv/step: 0.039 (last = 0.0117), fitness=-25881867.074439496
17614.74 secs, 2087378 evals, 2087452 steps, improv/step: 0.039 (last = 0.0118), fitness=-25881867.074439496
17644.75 secs, 2090641 evals, 2090715 steps, improv/step: 0.039 (last = 0.0233), fitness=-25881867.074439511
17674.75 secs, 2093973 evals, 2094048 steps, improv/step: 0.039 (last = 0.0222), fitness=-25881867.074439541
17704.75 secs, 2097399 evals, 2097474 steps, improv/step: 0.039 (last = 0.0201), fitness=-25881867.074439574
17734.79 secs, 2100844 evals, 2100919 steps, improv/step: 0.039 (last = 0.0221), fitness=-25881867.074439589
17764.80 secs, 2104258 evals, 2104333 steps, improv/step: 0.039 (last = 0.0149), fitness=-25881867.074439593
17794.84 secs, 2107620 evals, 2107695 steps, improv/step: 0.039 (last = 0.0155), fitness=-25881867.074439604
17824.84 secs, 2111006 evals, 2111081 steps, improv/step: 0.039 (last = 0.0142), fitness=-25881867.074439615
17854.84 secs, 2114357 evals, 2114432 steps, improv/step: 0.039 (last = 0.0218), fitness=-25881867.074439619
17884.84 secs, 2117761 evals, 2117837 steps, improv/step: 0.039 (last = 0.0129), fitness=-25881867.074439630
17914.88 secs, 2121271 evals, 2121348 steps, improv/step: 0.039 (last = 0.0182), fitness=-25881867.074439630
17944.89 secs, 2124752 evals, 2124829 steps, improv/step: 0.039 (last = 0.0201), fitness=-25881867.074439637
17974.90 secs, 2128158 evals, 2128235 steps, improv/step: 0.039 (last = 0.0153), fitness=-25881867.074439652
18004.91 secs, 2131627 evals, 2131704 steps, improv/step: 0.039 (last = 0.0147), fitness=-25881867.074439652
18034.91 secs, 2135049 evals, 2135127 steps, improv/step: 0.039 (last = 0.0134), fitness=-25881867.074439656
18064.92 secs, 2138466 evals, 2138546 steps, improv/step: 0.039 (last = 0.0114), fitness=-25881867.074439656
18094.92 secs, 2141860 evals, 2141940 steps, improv/step: 0.039 (last = 0.0077), fitness=-25881867.074439656
18124.93 secs, 2145225 evals, 2145306 steps, improv/step: 0.039 (last = 0.0119), fitness=-25881867.074439660
18154.93 secs, 2148664 evals, 2148746 steps, improv/step: 0.038 (last = 0.0116), fitness=-25881867.074439660
18184.93 secs, 2152052 evals, 2152134 steps, improv/step: 0.038 (last = 0.0112), fitness=-25881867.074439660
18214.97 secs, 2155397 evals, 2155479 steps, improv/step: 0.038 (last = 0.0141), fitness=-25881867.074439671
18244.97 secs, 2158725 evals, 2158807 steps, improv/step: 0.038 (last = 0.0126), fitness=-25881867.074439675
18274.98 secs, 2162066 evals, 2162148 steps, improv/step: 0.038 (last = 0.0120), fitness=-25881867.074439675
18304.98 secs, 2165491 evals, 2165573 steps, improv/step: 0.038 (last = 0.0102), fitness=-25881867.074439675
18334.99 secs, 2168921 evals, 2169003 steps, improv/step: 0.038 (last = 0.0125), fitness=-25881867.074439682
18364.99 secs, 2172324 evals, 2172406 steps, improv/step: 0.038 (last = 0.0165), fitness=-25881867.074439690
18395.00 secs, 2175715 evals, 2175797 steps, improv/step: 0.038 (last = 0.0080), fitness=-25881867.074439690
18425.01 secs, 2179081 evals, 2179163 steps, improv/step: 0.038 (last = 0.0107), fitness=-25881867.074439701
18455.01 secs, 2182427 evals, 2182509 steps, improv/step: 0.038 (last = 0.0143), fitness=-25881867.074439701
18485.01 secs, 2185841 evals, 2185923 steps, improv/step: 0.038 (last = 0.0132), fitness=-25881867.074439701
18515.01 secs, 2189153 evals, 2189236 steps, improv/step: 0.038 (last = 0.0109), fitness=-25881867.074439704
18545.01 secs, 2192501 evals, 2192584 steps, improv/step: 0.038 (last = 0.0119), fitness=-25881867.074439704
18575.02 secs, 2195877 evals, 2195960 steps, improv/step: 0.038 (last = 0.0121), fitness=-25881867.074439712
18605.03 secs, 2199225 evals, 2199308 steps, improv/step: 0.038 (last = 0.0096), fitness=-25881867.074439712
18635.03 secs, 2202661 evals, 2202744 steps, improv/step: 0.038 (last = 0.0105), fitness=-25881867.074439719
18665.04 secs, 2205994 evals, 2206077 steps, improv/step: 0.038 (last = 0.0099), fitness=-25881867.074439719
18695.04 secs, 2209375 evals, 2209458 steps, improv/step: 0.038 (last = 0.0127), fitness=-25881867.074439719
18725.04 secs, 2212798 evals, 2212881 steps, improv/step: 0.038 (last = 0.0114), fitness=-25881867.074439719
18755.05 secs, 2216165 evals, 2216249 steps, improv/step: 0.038 (last = 0.0080), fitness=-25881867.074439719
18785.06 secs, 2219520 evals, 2219604 steps, improv/step: 0.038 (last = 0.0086), fitness=-25881867.074439719
18815.06 secs, 2222805 evals, 2222889 steps, improv/step: 0.038 (last = 0.0091), fitness=-25881867.074439719
18845.06 secs, 2226133 evals, 2226217 steps, improv/step: 0.038 (last = 0.0072), fitness=-25881867.074439719
18875.08 secs, 2229421 evals, 2229506 steps, improv/step: 0.038 (last = 0.0091), fitness=-25881867.074439719
18905.09 secs, 2232614 evals, 2232699 steps, improv/step: 0.037 (last = 0.0050), fitness=-25881867.074439719
18935.09 secs, 2235940 evals, 2236026 steps, improv/step: 0.037 (last = 0.0030), fitness=-25881867.074439719
18965.10 secs, 2239277 evals, 2239363 steps, improv/step: 0.037 (last = 0.0060), fitness=-25881867.074439719
18995.10 secs, 2242711 evals, 2242797 steps, improv/step: 0.037 (last = 0.0052), fitness=-25881867.074439719
19025.10 secs, 2246150 evals, 2246237 steps, improv/step: 0.037 (last = 0.0047), fitness=-25881867.074439719
19055.11 secs, 2249516 evals, 2249603 steps, improv/step: 0.037 (last = 0.0068), fitness=-25881867.074439719
19085.12 secs, 2252879 evals, 2252966 steps, improv/step: 0.037 (last = 0.0030), fitness=-25881867.074439719
19115.12 secs, 2256205 evals, 2256292 steps, improv/step: 0.037 (last = 0.0054), fitness=-25881867.074439719
19145.13 secs, 2259577 evals, 2259664 steps, improv/step: 0.037 (last = 0.0053), fitness=-25881867.074439719
19175.13 secs, 2262975 evals, 2263062 steps, improv/step: 0.037 (last = 0.0053), fitness=-25881867.074439719
19205.13 secs, 2266299 evals, 2266387 steps, improv/step: 0.037 (last = 0.0075), fitness=-25881867.074439719
19235.13 secs, 2269655 evals, 2269743 steps, improv/step: 0.037 (last = 0.0083), fitness=-25881867.074439719
19265.14 secs, 2272963 evals, 2273052 steps, improv/step: 0.037 (last = 0.0085), fitness=-25881867.074439719
19295.14 secs, 2276435 evals, 2276524 steps, improv/step: 0.037 (last = 0.0026), fitness=-25881867.074439719
19325.15 secs, 2279955 evals, 2280044 steps, improv/step: 0.037 (last = 0.0051), fitness=-25881867.074439723
19355.15 secs, 2283537 evals, 2283626 steps, improv/step: 0.037 (last = 0.0064), fitness=-25881867.074439730
19385.16 secs, 2287163 evals, 2287253 steps, improv/step: 0.037 (last = 0.0050), fitness=-25881867.074439730
19415.16 secs, 2290930 evals, 2291020 steps, improv/step: 0.037 (last = 0.0048), fitness=-25881867.074439730
19445.16 secs, 2294804 evals, 2294894 steps, improv/step: 0.037 (last = 0.0039), fitness=-25881867.074439730
19475.17 secs, 2298594 evals, 2298685 steps, improv/step: 0.037 (last = 0.0024), fitness=-25881867.074439730
19505.17 secs, 2302608 evals, 2302699 steps, improv/step: 0.036 (last = 0.0027), fitness=-25881867.074439730
19535.18 secs, 2306590 evals, 2306681 steps, improv/step: 0.036 (last = 0.0033), fitness=-25881867.074439730
19565.18 secs, 2310499 evals, 2310592 steps, improv/step: 0.036 (last = 0.0041), fitness=-25881867.074439730
19595.19 secs, 2314206 evals, 2314300 steps, improv/step: 0.036 (last = 0.0027), fitness=-25881867.074439730
19625.19 secs, 2318050 evals, 2318145 steps, improv/step: 0.036 (last = 0.0044), fitness=-25881867.074439730
19655.19 secs, 2321825 evals, 2321920 steps, improv/step: 0.036 (last = 0.0021), fitness=-25881867.074439730
19685.20 secs, 2325652 evals, 2325747 steps, improv/step: 0.036 (last = 0.0018), fitness=-25881867.074439730
19715.20 secs, 2329686 evals, 2329782 steps, improv/step: 0.036 (last = 0.0015), fitness=-25881867.074439730
19745.24 secs, 2333871 evals, 2333969 steps, improv/step: 0.036 (last = 0.0019), fitness=-25881867.074439730
19775.25 secs, 2338042 evals, 2338141 steps, improv/step: 0.036 (last = 0.0022), fitness=-25881867.074439730
19805.25 secs, 2342143 evals, 2342242 steps, improv/step: 0.036 (last = 0.0020), fitness=-25881867.074439730
19835.26 secs, 2346209 evals, 2346309 steps, improv/step: 0.036 (last = 0.0012), fitness=-25881867.074439730
19865.26 secs, 2350143 evals, 2350243 steps, improv/step: 0.036 (last = 0.0008), fitness=-25881867.074439730
19895.27 secs, 2354230 evals, 2354330 steps, improv/step: 0.036 (last = 0.0007), fitness=-25881867.074439730
19925.27 secs, 2358314 evals, 2358414 steps, improv/step: 0.036 (last = 0.0015), fitness=-25881867.074439730
19955.28 secs, 2362486 evals, 2362587 steps, improv/step: 0.036 (last = 0.0012), fitness=-25881867.074439730
19985.28 secs, 2366526 evals, 2366627 steps, improv/step: 0.036 (last = 0.0012), fitness=-25881867.074439730
20015.28 secs, 2370553 evals, 2370654 steps, improv/step: 0.035 (last = 0.0017), fitness=-25881867.074439730
20045.28 secs, 2374611 evals, 2374713 steps, improv/step: 0.035 (last = 0.0015), fitness=-25881867.074439730
20075.28 secs, 2378734 evals, 2378836 steps, improv/step: 0.035 (last = 0.0029), fitness=-25881867.074439730
20105.28 secs, 2382947 evals, 2383049 steps, improv/step: 0.035 (last = 0.0014), fitness=-25881867.074439730
20135.29 secs, 2387075 evals, 2387177 steps, improv/step: 0.035 (last = 0.0012), fitness=-25881867.074439730
20165.29 secs, 2391351 evals, 2391453 steps, improv/step: 0.035 (last = 0.0019), fitness=-25881867.074439730
20195.29 secs, 2395483 evals, 2395585 steps, improv/step: 0.035 (last = 0.0024), fitness=-25881867.074439730
20225.30 secs, 2399450 evals, 2399552 steps, improv/step: 0.035 (last = 0.0003), fitness=-25881867.074439730
20255.30 secs, 2403613 evals, 2403715 steps, improv/step: 0.035 (last = 0.0010), fitness=-25881867.074439730
20285.33 secs, 2407795 evals, 2407897 steps, improv/step: 0.035 (last = 0.0012), fitness=-25881867.074439730
20315.33 secs, 2411878 evals, 2411980 steps, improv/step: 0.035 (last = 0.0012), fitness=-25881867.074439730
20345.35 secs, 2415962 evals, 2416064 steps, improv/step: 0.035 (last = 0.0022), fitness=-25881867.074439730
20375.35 secs, 2419953 evals, 2420055 steps, improv/step: 0.035 (last = 0.0010), fitness=-25881867.074439730
20405.35 secs, 2424074 evals, 2424176 steps, improv/step: 0.035 (last = 0.0012), fitness=-25881867.074439730
20435.35 secs, 2428239 evals, 2428341 steps, improv/step: 0.035 (last = 0.0014), fitness=-25881867.074439730
20465.36 secs, 2432416 evals, 2432518 steps, improv/step: 0.035 (last = 0.0007), fitness=-25881867.074439730
20495.36 secs, 2436506 evals, 2436609 steps, improv/step: 0.035 (last = 0.0017), fitness=-25881867.074439730
20525.36 secs, 2440793 evals, 2440896 steps, improv/step: 0.035 (last = 0.0016), fitness=-25881867.074439730
20555.36 secs, 2444786 evals, 2444890 steps, improv/step: 0.034 (last = 0.0008), fitness=-25881867.074439730
20585.37 secs, 2448844 evals, 2448950 steps, improv/step: 0.034 (last = 0.0012), fitness=-25881867.074439730
20615.37 secs, 2453076 evals, 2453182 steps, improv/step: 0.034 (last = 0.0014), fitness=-25881867.074439730
20645.38 secs, 2457272 evals, 2457378 steps, improv/step: 0.034 (last = 0.0014), fitness=-25881867.074439730
20675.38 secs, 2461263 evals, 2461371 steps, improv/step: 0.034 (last = 0.0015), fitness=-25881867.074439730
20705.38 secs, 2465379 evals, 2465488 steps, improv/step: 0.034 (last = 0.0027), fitness=-25881867.074439730
20735.39 secs, 2469578 evals, 2469687 steps, improv/step: 0.034 (last = 0.0017), fitness=-25881867.074439730
20765.39 secs, 2473809 evals, 2473918 steps, improv/step: 0.034 (last = 0.0002), fitness=-25881867.074439730
20795.39 secs, 2478031 evals, 2478140 steps, improv/step: 0.034 (last = 0.0014), fitness=-25881867.074439730
20825.39 secs, 2482143 evals, 2482254 steps, improv/step: 0.034 (last = 0.0017), fitness=-25881867.074439730
20855.39 secs, 2486288 evals, 2486400 steps, improv/step: 0.034 (last = 0.0005), fitness=-25881867.074439730
20885.40 secs, 2490580 evals, 2490694 steps, improv/step: 0.034 (last = 0.0021), fitness=-25881867.074439730
20915.40 secs, 2494826 evals, 2494940 steps, improv/step: 0.034 (last = 0.0007), fitness=-25881867.074439730
20945.43 secs, 2499137 evals, 2499251 steps, improv/step: 0.034 (last = 0.0012), fitness=-25881867.074439730

Optimization stopped after 2500115 steps and 20951.47 seconds
Termination reason: Max number of function evaluations (2500000) reached
Steps per second = 119.33
Function evals per second = 119.32
Improvements/step = Inf
Total function evaluations = 2500001


Best candidate found: [24.9367, 10.0121, 2.00859, 2.99808, 29.293, 50.197, 20.0599, 206.38, 1.10071, 100.08, 5.16258e-6, 8.23792e-5, 0.00298629, 0.0498107, 0.399621, 1.99871]

Fitness: -25881867.074439730

-2.588186707443973e7

[24.936708786509932, 10.012076428362109, 2.0085863889870863, 2.998084190059777, 29.29301840387605, 50.19702613859108, 20.059861801516757, 206.37961735454866, 1.1007120885186614, 100.08045711748817, 5.1625847653594656e-6, 8.237920363317188e-5, 0.0029862861774459337, 0.04981066726661932, 0.39962114457419573, 1.9987116749545704]

Script has finished
Wed Dec 22 01:56:47 CET 2021

------------------------------------------------------------
Sender: LSF System <schwan@makalu191>
Subject: Job 576371: <Julia_Job_parallel> in cluster <wuerfel> Done

Job <Julia_Job_parallel> was submitted from host <makalu56> by user <magr4985> in cluster <wuerfel> at Tue Dec 21 19:54:23 2021
Job was executed on host(s) <makalu191>, in queue <BatchXL>, as user <magr4985> in cluster <wuerfel> at Tue Dec 21 20:03:57 2021
</usr/scratch4/magr4985> was used as the home directory.
</usr/scratch4/magr4985/TRPL/BatchJobs/syn_data_3/Run8> was used as the working directory.
Started at Tue Dec 21 20:03:57 2021
Terminated at Wed Dec 22 01:56:47 2021
Results reported at Wed Dec 22 01:56:47 2021

Your job looked like:

------------------------------------------------------------
# LSBATCH: User input
#!/bin/csh 
#BSUB -q BatchXL 
#BSUB -R "mem > 8000 span[hosts=1] && intel_avx2" 
#BSUB -oo lsf_julia_%J.log 
#BSUB -eo lsf_julia_%J.err 
#BSUB -J Julia_Job_parallel 
#BSUB -L /bin/csh 
#BSUB -n 1 
date 
pwd 
module purge 
/usr/scratch4/magr4985/julia-1.6.2/bin/julia -t 4 /usr/scratch4/magr4985/TRPL/Programs/trpl_analysis_syn.jl 3 2500000 1 /usr/scratch4/magr4985/TRPL/BatchJobs/syn_data_3/Run8 1.0e-14 3600 "[1.0, 1.0, 1.0, 1.0, 1.0, 1.0, 1.0, 1.0, 1.0, 1.0, 1.0e-6, 1.0e-6, 1.0e-6, 1.0e-6, 1.0e-6, 1.0e-6, 1.0e-6, 1.0e-6, 1.0e-6, 1.0e-6]" "[5000.0, 5000.0, 1000.0, 1000.0, 1.0e9, 1000.0, 10000.0, 10000.0, 1000.0, 1.0e6, 5.0, 5.0, 5.0, 5.0, 5.0, 5.0, 5.0, 5.0, 5.0, 5.0]" 
date
------------------------------------------------------------

Successfully completed.

Resource usage summary:

    CPU time :                                   39207.68 sec.
    Max Memory :                                 1444.21 MB
    Average Memory :                             1236.70 MB
    Total Requested Memory :                     -
    Delta Memory :                               -
    Max Swap :                                   256 KB
    Max Processes :                              4
    Max Threads :                                12
    Run time :                                   21170 sec.
    Turnaround time :                            21744 sec.

The output (if any) is above this job summary.



PS:

Read file <lsf_julia_576371.err> for stderr output of this job.

