Warning: no access to tty (Bad file descriptor).
Thus no job control in this shell.
Warning: no access to tty (Bad file descriptor).
Thus no job control in this shell.
Tue Dec 21 20:17:20 CET 2021
/usr/scratch4/magr4985/TRPL/BatchJobs/syn_data_4/Run24
# Thread: 4
3949287028877820386 RNG Seed
Run 1
Starting optimization with optimizer DiffEvoOpt{FitPopulation{Float64}, RadiusLimitedSelector, BlackBoxOptim.DiffEvoRandBin{3}, RandomBound{ContinuousRectSearchSpace}}
0.00 secs, 0 evals, 0 steps
30.00 secs, 5394 evals, 5270 steps, improv/step: 0.336 (last = 0.3359), fitness=-1791853062.291710377
60.00 secs, 11098 evals, 10974 steps, improv/step: 0.230 (last = 0.1322), fitness=-1794838169.569633484
90.00 secs, 17001 evals, 16877 steps, improv/step: 0.180 (last = 0.0869), fitness=-1795054631.603761196
120.00 secs, 23268 evals, 23145 steps, improv/step: 0.165 (last = 0.1251), fitness=-1795215477.697730541
150.01 secs, 29426 evals, 29303 steps, improv/step: 0.156 (last = 0.1197), fitness=-1795340868.681754589
180.01 secs, 35726 evals, 35604 steps, improv/step: 0.143 (last = 0.0833), fitness=-1795352755.748866081
210.01 secs, 41418 evals, 41296 steps, improv/step: 0.131 (last = 0.0573), fitness=-1795356091.447285891
240.02 secs, 46297 evals, 46175 steps, improv/step: 0.123 (last = 0.0580), fitness=-1795359656.183669090
270.02 secs, 50690 evals, 50568 steps, improv/step: 0.119 (last = 0.0715), fitness=-1795362555.064276934
300.03 secs, 55150 evals, 55028 steps, improv/step: 0.115 (last = 0.0677), fitness=-1795367219.718648672
330.03 secs, 59419 evals, 59298 steps, improv/step: 0.110 (last = 0.0485), fitness=-1795369833.778145790
360.05 secs, 63705 evals, 63584 steps, improv/step: 0.106 (last = 0.0490), fitness=-1795372721.071608543
390.06 secs, 67720 evals, 67600 steps, improv/step: 0.103 (last = 0.0530), fitness=-1795374570.129389286
420.06 secs, 71588 evals, 71468 steps, improv/step: 0.101 (last = 0.0716), fitness=-1795376593.607128382
450.06 secs, 75498 evals, 75378 steps, improv/step: 0.099 (last = 0.0555), fitness=-1795378735.270961046
480.07 secs, 79318 evals, 79198 steps, improv/step: 0.096 (last = 0.0537), fitness=-1795382385.195980787
510.07 secs, 83162 evals, 83042 steps, improv/step: 0.094 (last = 0.0528), fitness=-1795383228.997091770
540.08 secs, 87082 evals, 86962 steps, improv/step: 0.092 (last = 0.0418), fitness=-1795384427.147194624
570.08 secs, 90989 evals, 90869 steps, improv/step: 0.090 (last = 0.0376), fitness=-1795385570.945082664
600.08 secs, 94618 evals, 94501 steps, improv/step: 0.088 (last = 0.0438), fitness=-1795386414.791490555
630.09 secs, 98231 evals, 98114 steps, improv/step: 0.086 (last = 0.0423), fitness=-1795386732.085952044
660.10 secs, 101958 evals, 101841 steps, improv/step: 0.085 (last = 0.0421), fitness=-1795387070.708189487
690.11 secs, 105502 evals, 105385 steps, improv/step: 0.084 (last = 0.0511), fitness=-1795387707.681564093
720.11 secs, 109138 evals, 109021 steps, improv/step: 0.082 (last = 0.0451), fitness=-1795387859.010518789
750.12 secs, 112865 evals, 112748 steps, improv/step: 0.081 (last = 0.0494), fitness=-1795388075.743737936
780.12 secs, 116609 evals, 116492 steps, improv/step: 0.080 (last = 0.0473), fitness=-1795388316.969660282
810.12 secs, 120312 evals, 120195 steps, improv/step: 0.079 (last = 0.0365), fitness=-1795388547.188343048
840.12 secs, 123898 evals, 123781 steps, improv/step: 0.078 (last = 0.0376), fitness=-1795388627.547546148
870.13 secs, 127540 evals, 127423 steps, improv/step: 0.077 (last = 0.0494), fitness=-1795388745.108701468
900.13 secs, 131237 evals, 131120 steps, improv/step: 0.076 (last = 0.0427), fitness=-1795388832.448451519
930.19 secs, 134916 evals, 134799 steps, improv/step: 0.075 (last = 0.0487), fitness=-1795388947.260394335
960.20 secs, 138666 evals, 138549 steps, improv/step: 0.074 (last = 0.0379), fitness=-1795388968.841671467
990.21 secs, 142484 evals, 142367 steps, improv/step: 0.073 (last = 0.0354), fitness=-1795389048.241336823
1020.21 secs, 146248 evals, 146131 steps, improv/step: 0.072 (last = 0.0300), fitness=-1795389117.305824757
1050.22 secs, 149979 evals, 149862 steps, improv/step: 0.071 (last = 0.0322), fitness=-1795389134.595370770
1080.28 secs, 153684 evals, 153567 steps, improv/step: 0.070 (last = 0.0391), fitness=-1795389186.853028059
1110.28 secs, 157403 evals, 157286 steps, improv/step: 0.069 (last = 0.0363), fitness=-1795389243.178860426
1140.29 secs, 161182 evals, 161065 steps, improv/step: 0.069 (last = 0.0400), fitness=-1795389286.851778269
1170.30 secs, 164973 evals, 164856 steps, improv/step: 0.068 (last = 0.0298), fitness=-1795389351.574751377
1200.30 secs, 168824 evals, 168710 steps, improv/step: 0.067 (last = 0.0288), fitness=-1795402850.793886185
1230.30 secs, 172872 evals, 172758 steps, improv/step: 0.066 (last = 0.0395), fitness=-1795404723.776946068
1260.31 secs, 176906 evals, 176792 steps, improv/step: 0.066 (last = 0.0412), fitness=-1795407791.147937775
1290.31 secs, 180780 evals, 180666 steps, improv/step: 0.065 (last = 0.0498), fitness=-1795408573.925224781
1320.31 secs, 184683 evals, 184569 steps, improv/step: 0.065 (last = 0.0433), fitness=-1795413102.344195843
1350.35 secs, 188752 evals, 188640 steps, improv/step: 0.065 (last = 0.0550), fitness=-1795415785.296397924
1380.36 secs, 192929 evals, 192817 steps, improv/step: 0.066 (last = 0.1140), fitness=-1795428419.381809711
1410.36 secs, 196913 evals, 196802 steps, improv/step: 0.067 (last = 0.1232), fitness=-1795446395.809826851
1440.37 secs, 201170 evals, 201059 steps, improv/step: 0.067 (last = 0.0942), fitness=-1795462687.750563145
1470.37 secs, 205372 evals, 205261 steps, improv/step: 0.068 (last = 0.0821), fitness=-1795470760.874349356
1500.37 secs, 209675 evals, 209565 steps, improv/step: 0.067 (last = 0.0534), fitness=-1795472985.514834404
1530.37 secs, 214035 evals, 213925 steps, improv/step: 0.067 (last = 0.0493), fitness=-1795474871.200132608
1560.38 secs, 218371 evals, 218261 steps, improv/step: 0.067 (last = 0.0427), fitness=-1795476002.995541096
1590.38 secs, 222747 evals, 222637 steps, improv/step: 0.066 (last = 0.0388), fitness=-1795476628.687846661
1620.38 secs, 227082 evals, 226973 steps, improv/step: 0.066 (last = 0.0530), fitness=-1795478260.368554115
1650.38 secs, 231438 evals, 231331 steps, improv/step: 0.065 (last = 0.0344), fitness=-1795478428.039494276
1680.39 secs, 235765 evals, 235658 steps, improv/step: 0.065 (last = 0.0367), fitness=-1795478761.575156689
1710.39 secs, 240118 evals, 240011 steps, improv/step: 0.064 (last = 0.0462), fitness=-1795479175.189160109
1740.39 secs, 244565 evals, 244458 steps, improv/step: 0.064 (last = 0.0382), fitness=-1795479373.630723000
1770.40 secs, 248932 evals, 248826 steps, improv/step: 0.063 (last = 0.0346), fitness=-1795479572.420553207
1800.40 secs, 253238 evals, 253133 steps, improv/step: 0.063 (last = 0.0455), fitness=-1795479881.987196922
1830.41 secs, 257614 evals, 257509 steps, improv/step: 0.063 (last = 0.0551), fitness=-1795480077.922656775
1860.42 secs, 262046 evals, 261941 steps, improv/step: 0.063 (last = 0.0402), fitness=-1795480109.856822491
1890.43 secs, 266247 evals, 266143 steps, improv/step: 0.062 (last = 0.0355), fitness=-1795480194.099659920
1920.43 secs, 270572 evals, 270471 steps, improv/step: 0.062 (last = 0.0340), fitness=-1795480238.460287809
1950.44 secs, 275111 evals, 275010 steps, improv/step: 0.061 (last = 0.0443), fitness=-1795480335.313972950
1980.45 secs, 279485 evals, 279386 steps, improv/step: 0.061 (last = 0.0457), fitness=-1795480397.727720499
2010.49 secs, 283778 evals, 283679 steps, improv/step: 0.061 (last = 0.0494), fitness=-1795480457.916100979
2040.50 secs, 287839 evals, 287741 steps, improv/step: 0.061 (last = 0.0505), fitness=-1795480494.785752535
2070.50 secs, 292209 evals, 292111 steps, improv/step: 0.061 (last = 0.0485), fitness=-1795480537.943936110
2100.50 secs, 296534 evals, 296436 steps, improv/step: 0.060 (last = 0.0412), fitness=-1795480583.156112194
2130.51 secs, 300838 evals, 300740 steps, improv/step: 0.060 (last = 0.0455), fitness=-1795480627.909583807
2160.51 secs, 305015 evals, 304918 steps, improv/step: 0.060 (last = 0.0390), fitness=-1795480633.135032892
2190.51 secs, 309410 evals, 309313 steps, improv/step: 0.059 (last = 0.0305), fitness=-1795480638.888497829
2220.52 secs, 313796 evals, 313699 steps, improv/step: 0.059 (last = 0.0276), fitness=-1795480642.032268763
2250.52 secs, 318026 evals, 317931 steps, improv/step: 0.059 (last = 0.0284), fitness=-1795480645.429045439
2280.56 secs, 322268 evals, 322173 steps, improv/step: 0.058 (last = 0.0342), fitness=-1795480647.163511038
2310.57 secs, 326588 evals, 326494 steps, improv/step: 0.058 (last = 0.0245), fitness=-1795480648.844456434
2340.57 secs, 330715 evals, 330622 steps, improv/step: 0.057 (last = 0.0269), fitness=-1795480649.961703539
2370.59 secs, 335165 evals, 335073 steps, improv/step: 0.057 (last = 0.0252), fitness=-1795480652.761994600
2400.59 secs, 339711 evals, 339619 steps, improv/step: 0.057 (last = 0.0216), fitness=-1795480653.664070129
2430.59 secs, 344322 evals, 344230 steps, improv/step: 0.056 (last = 0.0265), fitness=-1795480653.927655458
2460.63 secs, 348690 evals, 348598 steps, improv/step: 0.056 (last = 0.0215), fitness=-1795480654.210359097
2490.63 secs, 353154 evals, 353062 steps, improv/step: 0.055 (last = 0.0186), fitness=-1795480654.507127285
2520.63 secs, 357560 evals, 357468 steps, improv/step: 0.055 (last = 0.0247), fitness=-1795480654.604997873
2550.66 secs, 361897 evals, 361805 steps, improv/step: 0.054 (last = 0.0198), fitness=-1795480654.731759548
2580.66 secs, 366201 evals, 366110 steps, improv/step: 0.054 (last = 0.0307), fitness=-1795480654.783430099
2610.67 secs, 371015 evals, 370924 steps, improv/step: 0.054 (last = 0.0272), fitness=-1795480655.017549515
2640.67 secs, 375629 evals, 375539 steps, improv/step: 0.053 (last = 0.0223), fitness=-1795480655.240167141
2670.69 secs, 379793 evals, 379704 steps, improv/step: 0.053 (last = 0.0202), fitness=-1795480655.303551912
2700.69 secs, 384040 evals, 383951 steps, improv/step: 0.053 (last = 0.0254), fitness=-1795480655.344921827
2730.70 secs, 388520 evals, 388431 steps, improv/step: 0.052 (last = 0.0217), fitness=-1795480655.383634329
2760.70 secs, 392983 evals, 392894 steps, improv/step: 0.052 (last = 0.0289), fitness=-1795480655.400654316
2790.71 secs, 397475 evals, 397387 steps, improv/step: 0.052 (last = 0.0336), fitness=-1795480655.427776337
2820.71 secs, 401795 evals, 401707 steps, improv/step: 0.052 (last = 0.0231), fitness=-1795480655.429723263
2850.72 secs, 406149 evals, 406062 steps, improv/step: 0.051 (last = 0.0246), fitness=-1795480655.434966087
2880.72 secs, 410504 evals, 410417 steps, improv/step: 0.051 (last = 0.0200), fitness=-1795480655.439195156
2910.76 secs, 414716 evals, 414629 steps, improv/step: 0.051 (last = 0.0230), fitness=-1795480655.443924427
2940.76 secs, 419137 evals, 419050 steps, improv/step: 0.050 (last = 0.0201), fitness=-1795480655.452538490
2970.77 secs, 423557 evals, 423472 steps, improv/step: 0.050 (last = 0.0249), fitness=-1795480655.455494404
3000.77 secs, 427910 evals, 427825 steps, improv/step: 0.050 (last = 0.0195), fitness=-1795480655.458078623
3030.77 secs, 432453 evals, 432368 steps, improv/step: 0.049 (last = 0.0200), fitness=-1795480655.465661287
3060.77 secs, 436974 evals, 436891 steps, improv/step: 0.049 (last = 0.0150), fitness=-1795480655.473769426
3090.77 secs, 441757 evals, 441675 steps, improv/step: 0.049 (last = 0.0249), fitness=-1795480655.475020647
3120.78 secs, 446296 evals, 446214 steps, improv/step: 0.049 (last = 0.0165), fitness=-1795480655.486174345
3150.78 secs, 450828 evals, 450746 steps, improv/step: 0.048 (last = 0.0207), fitness=-1795480655.491322756
3180.79 secs, 455297 evals, 455216 steps, improv/step: 0.048 (last = 0.0284), fitness=-1795480655.499947309
3210.79 secs, 459919 evals, 459838 steps, improv/step: 0.048 (last = 0.0299), fitness=-1795480655.505837679
3240.79 secs, 464363 evals, 464283 steps, improv/step: 0.048 (last = 0.0322), fitness=-1795480655.512534618
3270.79 secs, 468834 evals, 468754 steps, improv/step: 0.048 (last = 0.0358), fitness=-1795480655.516909838
3300.79 secs, 473269 evals, 473189 steps, improv/step: 0.047 (last = 0.0221), fitness=-1795480655.522555351
3330.80 secs, 477654 evals, 477574 steps, improv/step: 0.047 (last = 0.0192), fitness=-1795480655.523931980
3360.80 secs, 482101 evals, 482023 steps, improv/step: 0.047 (last = 0.0234), fitness=-1795480655.536154747
3390.80 secs, 486587 evals, 486509 steps, improv/step: 0.047 (last = 0.0288), fitness=-1795480655.541319847
3420.81 secs, 491089 evals, 491011 steps, improv/step: 0.047 (last = 0.0295), fitness=-1795480655.547991514
3450.81 secs, 495526 evals, 495448 steps, improv/step: 0.046 (last = 0.0311), fitness=-1795480655.558003902
3480.81 secs, 499935 evals, 499858 steps, improv/step: 0.046 (last = 0.0213), fitness=-1795480655.560002089
3510.82 secs, 504334 evals, 504257 steps, improv/step: 0.046 (last = 0.0234), fitness=-1795480655.585418224
3540.86 secs, 508730 evals, 508653 steps, improv/step: 0.046 (last = 0.0287), fitness=-1795480655.605340242
3570.87 secs, 513163 evals, 513086 steps, improv/step: 0.046 (last = 0.0257), fitness=-1795480655.619309902
3600.87 secs, 517409 evals, 517333 steps, improv/step: 0.046 (last = 0.0278), fitness=-1795480655.634696007
3630.88 secs, 521616 evals, 521541 steps, improv/step: 0.045 (last = 0.0271), fitness=-1795480655.646202803
3660.88 secs, 525880 evals, 525806 steps, improv/step: 0.045 (last = 0.0328), fitness=-1795480655.659583807
3690.88 secs, 530300 evals, 530226 steps, improv/step: 0.045 (last = 0.0251), fitness=-1795480655.671991825
3720.88 secs, 534677 evals, 534604 steps, improv/step: 0.045 (last = 0.0256), fitness=-1795480655.696353436
3750.89 secs, 539237 evals, 539165 steps, improv/step: 0.045 (last = 0.0215), fitness=-1795480655.715517282
3780.89 secs, 543522 evals, 543451 steps, improv/step: 0.045 (last = 0.0194), fitness=-1795480655.730161428
3810.89 secs, 548125 evals, 548055 steps, improv/step: 0.044 (last = 0.0243), fitness=-1795480655.772411108
3840.89 secs, 552619 evals, 552550 steps, improv/step: 0.044 (last = 0.0225), fitness=-1795480655.810102224
3870.92 secs, 556948 evals, 556880 steps, improv/step: 0.044 (last = 0.0289), fitness=-1795480655.838609219
3900.93 secs, 561070 evals, 561004 steps, improv/step: 0.044 (last = 0.0235), fitness=-1795480655.872116327
3930.93 secs, 565123 evals, 565057 steps, improv/step: 0.044 (last = 0.0247), fitness=-1795480655.900068760
3960.93 secs, 569581 evals, 569516 steps, improv/step: 0.044 (last = 0.0224), fitness=-1795480655.971986532
3990.93 secs, 573869 evals, 573804 steps, improv/step: 0.043 (last = 0.0201), fitness=-1795480656.020469904
4020.94 secs, 578190 evals, 578126 steps, improv/step: 0.043 (last = 0.0178), fitness=-1795480656.048913956
4050.94 secs, 582521 evals, 582458 steps, improv/step: 0.043 (last = 0.0178), fitness=-1795480656.134881020
4080.94 secs, 586726 evals, 586664 steps, improv/step: 0.043 (last = 0.0152), fitness=-1795480656.169675589
4110.95 secs, 590952 evals, 590891 steps, improv/step: 0.043 (last = 0.0135), fitness=-1795480656.254964590
4141.01 secs, 595290 evals, 595230 steps, improv/step: 0.042 (last = 0.0180), fitness=-1795480656.272012711
4171.01 secs, 599466 evals, 599406 steps, improv/step: 0.042 (last = 0.0144), fitness=-1795480656.323825598
4201.02 secs, 603616 evals, 603556 steps, improv/step: 0.042 (last = 0.0120), fitness=-1795480656.361081123
4231.02 secs, 607907 evals, 607849 steps, improv/step: 0.042 (last = 0.0142), fitness=-1795480656.419534922
4261.02 secs, 612226 evals, 612171 steps, improv/step: 0.042 (last = 0.0120), fitness=-1795480656.504404306
4291.03 secs, 616351 evals, 616298 steps, improv/step: 0.041 (last = 0.0141), fitness=-1795480656.545401573
4321.03 secs, 620584 evals, 620532 steps, improv/step: 0.041 (last = 0.0163), fitness=-1795480656.609473944
4351.03 secs, 624633 evals, 624581 steps, improv/step: 0.041 (last = 0.0146), fitness=-1795480656.637626886
4381.04 secs, 628708 evals, 628657 steps, improv/step: 0.041 (last = 0.0155), fitness=-1795480656.730889082
4411.04 secs, 632815 evals, 632765 steps, improv/step: 0.041 (last = 0.0180), fitness=-1795480656.750902176
4441.05 secs, 636898 evals, 636848 steps, improv/step: 0.041 (last = 0.0149), fitness=-1795480656.750902176
4471.11 secs, 641144 evals, 641096 steps, improv/step: 0.040 (last = 0.0148), fitness=-1795480656.793302536
4501.12 secs, 645474 evals, 645427 steps, improv/step: 0.040 (last = 0.0132), fitness=-1795480656.840922117
4531.13 secs, 649492 evals, 649445 steps, improv/step: 0.040 (last = 0.0182), fitness=-1795480656.867531300
4561.16 secs, 653513 evals, 653467 steps, improv/step: 0.040 (last = 0.0194), fitness=-1795480656.908482313
4591.16 secs, 657744 evals, 657698 steps, improv/step: 0.040 (last = 0.0220), fitness=-1795480656.955482721
4621.17 secs, 661892 evals, 661846 steps, improv/step: 0.040 (last = 0.0224), fitness=-1795480657.018182516
4651.17 secs, 665999 evals, 665953 steps, improv/step: 0.040 (last = 0.0212), fitness=-1795480657.102334023
4681.17 secs, 670278 evals, 670236 steps, improv/step: 0.040 (last = 0.0259), fitness=-1795480657.244699955
4711.18 secs, 674538 evals, 674496 steps, improv/step: 0.039 (last = 0.0232), fitness=-1795480657.286335945
4741.19 secs, 678817 evals, 678776 steps, improv/step: 0.039 (last = 0.0257), fitness=-1795480657.455255032
4771.19 secs, 683174 evals, 683134 steps, improv/step: 0.039 (last = 0.0193), fitness=-1795480657.483622789
4801.20 secs, 687336 evals, 687296 steps, improv/step: 0.039 (last = 0.0159), fitness=-1795480657.519517183
4831.20 secs, 691636 evals, 691596 steps, improv/step: 0.039 (last = 0.0177), fitness=-1795480657.588823318
4861.20 secs, 695868 evals, 695828 steps, improv/step: 0.039 (last = 0.0215), fitness=-1795480657.610142946
4891.20 secs, 700127 evals, 700087 steps, improv/step: 0.039 (last = 0.0169), fitness=-1795480657.686938524
4921.20 secs, 704201 evals, 704161 steps, improv/step: 0.039 (last = 0.0155), fitness=-1795480657.715146780
4951.20 secs, 708428 evals, 708389 steps, improv/step: 0.039 (last = 0.0234), fitness=-1795480657.741389751
4981.21 secs, 712682 evals, 712643 steps, improv/step: 0.038 (last = 0.0197), fitness=-1795480657.809364319
5011.21 secs, 716930 evals, 716891 steps, improv/step: 0.038 (last = 0.0160), fitness=-1795480657.888840199
5041.21 secs, 721122 evals, 721084 steps, improv/step: 0.038 (last = 0.0172), fitness=-1795480657.927901983
5071.25 secs, 725436 evals, 725400 steps, improv/step: 0.038 (last = 0.0109), fitness=-1795480657.952878475
5101.25 secs, 729740 evals, 729704 steps, improv/step: 0.038 (last = 0.0109), fitness=-1795480657.952878475
5131.31 secs, 734029 evals, 733994 steps, improv/step: 0.038 (last = 0.0184), fitness=-1795480658.050625324
5161.32 secs, 738384 evals, 738349 steps, improv/step: 0.038 (last = 0.0204), fitness=-1795480658.071934462
5191.32 secs, 742784 evals, 742749 steps, improv/step: 0.038 (last = 0.0214), fitness=-1795480658.131308794
5221.33 secs, 746900 evals, 746865 steps, improv/step: 0.037 (last = 0.0233), fitness=-1795480658.206002474
5251.37 secs, 751103 evals, 751069 steps, improv/step: 0.037 (last = 0.0181), fitness=-1795480658.230134249
5281.47 secs, 755380 evals, 755347 steps, improv/step: 0.037 (last = 0.0203), fitness=-1795480658.258989811
5311.47 secs, 759818 evals, 759786 steps, improv/step: 0.037 (last = 0.0207), fitness=-1795480658.310781479
5341.47 secs, 764266 evals, 764236 steps, improv/step: 0.037 (last = 0.0175), fitness=-1795480658.364693403
5371.47 secs, 768692 evals, 768664 steps, improv/step: 0.037 (last = 0.0199), fitness=-1795480658.408945799
5401.48 secs, 772949 evals, 772922 steps, improv/step: 0.037 (last = 0.0167), fitness=-1795480658.439249039
5431.48 secs, 777273 evals, 777249 steps, improv/step: 0.037 (last = 0.0194), fitness=-1795480658.493583918
5461.52 secs, 781549 evals, 781525 steps, improv/step: 0.037 (last = 0.0175), fitness=-1795480658.557622910
5491.54 secs, 785858 evals, 785836 steps, improv/step: 0.037 (last = 0.0213), fitness=-1795480658.604247093
5521.54 secs, 790422 evals, 790402 steps, improv/step: 0.036 (last = 0.0212), fitness=-1795480658.648746967
5551.54 secs, 794728 evals, 794710 steps, improv/step: 0.036 (last = 0.0169), fitness=-1795480658.689274073
5581.55 secs, 799224 evals, 799206 steps, improv/step: 0.036 (last = 0.0187), fitness=-1795480658.737758875
5611.55 secs, 803397 evals, 803379 steps, improv/step: 0.036 (last = 0.0194), fitness=-1795480658.783050060
5641.55 secs, 807733 evals, 807715 steps, improv/step: 0.036 (last = 0.0175), fitness=-1795480658.829094887
5671.59 secs, 812206 evals, 812189 steps, improv/step: 0.036 (last = 0.0156), fitness=-1795480658.846950054
5701.59 secs, 816712 evals, 816696 steps, improv/step: 0.036 (last = 0.0191), fitness=-1795480658.908114433
5731.59 secs, 821248 evals, 821233 steps, improv/step: 0.036 (last = 0.0205), fitness=-1795480659.027074099
5761.59 secs, 825856 evals, 825841 steps, improv/step: 0.036 (last = 0.0202), fitness=-1795480659.174273968
5791.60 secs, 830507 evals, 830492 steps, improv/step: 0.036 (last = 0.0153), fitness=-1795480659.174273968
5821.60 secs, 835069 evals, 835054 steps, improv/step: 0.035 (last = 0.0189), fitness=-1795480659.260848522
5851.60 secs, 839437 evals, 839422 steps, improv/step: 0.035 (last = 0.0151), fitness=-1795480659.313926220
5881.60 secs, 844138 evals, 844123 steps, improv/step: 0.035 (last = 0.0151), fitness=-1795480659.431509018
5911.61 secs, 848759 evals, 848744 steps, improv/step: 0.035 (last = 0.0143), fitness=-1795480659.476281166
5941.61 secs, 853395 evals, 853380 steps, improv/step: 0.035 (last = 0.0127), fitness=-1795480659.528073549
5971.61 secs, 857905 evals, 857891 steps, improv/step: 0.035 (last = 0.0129), fitness=-1795480659.691703558
6001.61 secs, 862514 evals, 862501 steps, improv/step: 0.035 (last = 0.0117), fitness=-1795480659.744264841
6031.66 secs, 867033 evals, 867021 steps, improv/step: 0.035 (last = 0.0128), fitness=-1795480659.892048120
6061.67 secs, 871656 evals, 871644 steps, improv/step: 0.035 (last = 0.0128), fitness=-1795480659.976762295
6091.68 secs, 876236 evals, 876224 steps, improv/step: 0.034 (last = 0.0175), fitness=-1795480660.097677231
6121.68 secs, 880786 evals, 880775 steps, improv/step: 0.034 (last = 0.0101), fitness=-1795480660.102742434
6151.68 secs, 885334 evals, 885323 steps, improv/step: 0.034 (last = 0.0134), fitness=-1795480660.201475382
6181.69 secs, 889911 evals, 889903 steps, improv/step: 0.034 (last = 0.0144), fitness=-1795480660.314290285
6211.69 secs, 894238 evals, 894231 steps, improv/step: 0.034 (last = 0.0120), fitness=-1795480660.398336887
6241.70 secs, 898814 evals, 898808 steps, improv/step: 0.034 (last = 0.0140), fitness=-1795480660.457093477
6271.70 secs, 903302 evals, 903296 steps, improv/step: 0.034 (last = 0.0160), fitness=-1795480660.519414902
6301.71 secs, 907989 evals, 907985 steps, improv/step: 0.034 (last = 0.0173), fitness=-1795480660.751893282
6331.71 secs, 912449 evals, 912446 steps, improv/step: 0.034 (last = 0.0166), fitness=-1795480660.798283815
6361.71 secs, 916985 evals, 916982 steps, improv/step: 0.034 (last = 0.0181), fitness=-1795480660.858860970
6391.71 secs, 921530 evals, 921527 steps, improv/step: 0.034 (last = 0.0187), fitness=-1795480660.927868605
6421.72 secs, 926240 evals, 926240 steps, improv/step: 0.033 (last = 0.0136), fitness=-1795480660.941780329
6451.72 secs, 930890 evals, 930890 steps, improv/step: 0.033 (last = 0.0189), fitness=-1795480661.105387688
6481.73 secs, 935362 evals, 935362 steps, improv/step: 0.033 (last = 0.0215), fitness=-1795480661.240643024
6511.73 secs, 939746 evals, 939748 steps, improv/step: 0.033 (last = 0.0201), fitness=-1795480661.288965464
6541.74 secs, 944107 evals, 944109 steps, improv/step: 0.033 (last = 0.0126), fitness=-1795480661.288965464
6571.74 secs, 948294 evals, 948298 steps, improv/step: 0.033 (last = 0.0177), fitness=-1795480661.476975679
6601.74 secs, 952679 evals, 952683 steps, improv/step: 0.033 (last = 0.0125), fitness=-1795480661.510197401
6631.75 secs, 957193 evals, 957200 steps, improv/step: 0.033 (last = 0.0175), fitness=-1795480661.631917000
6661.75 secs, 961987 evals, 961995 steps, improv/step: 0.033 (last = 0.0190), fitness=-1795480661.794163227
6691.75 secs, 966351 evals, 966359 steps, improv/step: 0.033 (last = 0.0181), fitness=-1795480662.027278662
6721.76 secs, 970878 evals, 970886 steps, improv/step: 0.033 (last = 0.0212), fitness=-1795480662.115200996
6751.76 secs, 975486 evals, 975495 steps, improv/step: 0.033 (last = 0.0204), fitness=-1795480662.245796442
6781.76 secs, 979991 evals, 980000 steps, improv/step: 0.033 (last = 0.0189), fitness=-1795480662.328078508
6811.77 secs, 984535 evals, 984544 steps, improv/step: 0.033 (last = 0.0165), fitness=-1795480662.572284698
6841.77 secs, 988980 evals, 988991 steps, improv/step: 0.032 (last = 0.0160), fitness=-1795480662.676465750
6871.80 secs, 993430 evals, 993441 steps, improv/step: 0.032 (last = 0.0110), fitness=-1795480662.733212471
6901.80 secs, 997966 evals, 997977 steps, improv/step: 0.032 (last = 0.0123), fitness=-1795480662.940225601
6931.81 secs, 1002434 evals, 1002446 steps, improv/step: 0.032 (last = 0.0136), fitness=-1795480663.050387859
6961.81 secs, 1007089 evals, 1007102 steps, improv/step: 0.032 (last = 0.0168), fitness=-1795480663.126116514
6991.81 secs, 1011737 evals, 1011752 steps, improv/step: 0.032 (last = 0.0131), fitness=-1795480663.298430920
7021.81 secs, 1016263 evals, 1016280 steps, improv/step: 0.032 (last = 0.0155), fitness=-1795480663.409950018
7051.82 secs, 1020810 evals, 1020828 steps, improv/step: 0.032 (last = 0.0134), fitness=-1795480663.615263462
7081.82 secs, 1025490 evals, 1025510 steps, improv/step: 0.032 (last = 0.0190), fitness=-1795480663.633721828
7111.86 secs, 1030188 evals, 1030209 steps, improv/step: 0.032 (last = 0.0194), fitness=-1795480663.892734051
7141.88 secs, 1034741 evals, 1034763 steps, improv/step: 0.032 (last = 0.0132), fitness=-1795480663.892734051
7171.88 secs, 1039441 evals, 1039464 steps, improv/step: 0.032 (last = 0.0149), fitness=-1795480664.031021833
7201.88 secs, 1044098 evals, 1044122 steps, improv/step: 0.031 (last = 0.0135), fitness=-1795480664.116227865
7231.88 secs, 1048723 evals, 1048747 steps, improv/step: 0.031 (last = 0.0106), fitness=-1795480664.249658823
7261.89 secs, 1053273 evals, 1053298 steps, improv/step: 0.031 (last = 0.0167), fitness=-1795480664.444703341
7291.89 secs, 1057701 evals, 1057726 steps, improv/step: 0.031 (last = 0.0142), fitness=-1795480664.510339260
7321.89 secs, 1062335 evals, 1062360 steps, improv/step: 0.031 (last = 0.0160), fitness=-1795480664.688591957
7351.89 secs, 1066795 evals, 1066820 steps, improv/step: 0.031 (last = 0.0150), fitness=-1795480664.834065914
7381.90 secs, 1071261 evals, 1071286 steps, improv/step: 0.031 (last = 0.0121), fitness=-1795480665.026407242
7411.90 secs, 1075733 evals, 1075759 steps, improv/step: 0.031 (last = 0.0148), fitness=-1795480665.196990013
7441.91 secs, 1080294 evals, 1080320 steps, improv/step: 0.031 (last = 0.0129), fitness=-1795480665.198021173
7471.91 secs, 1084874 evals, 1084901 steps, improv/step: 0.031 (last = 0.0129), fitness=-1795480665.280591965
7501.91 secs, 1089393 evals, 1089420 steps, improv/step: 0.031 (last = 0.0117), fitness=-1795480665.312303305
7531.91 secs, 1094001 evals, 1094029 steps, improv/step: 0.031 (last = 0.0130), fitness=-1795480665.362620592
7561.92 secs, 1098406 evals, 1098434 steps, improv/step: 0.031 (last = 0.0075), fitness=-1795480665.400200129
7591.92 secs, 1102883 evals, 1102912 steps, improv/step: 0.031 (last = 0.0103), fitness=-1795480665.433260441
7621.92 secs, 1107318 evals, 1107348 steps, improv/step: 0.030 (last = 0.0133), fitness=-1795480665.508767366
7651.95 secs, 1112057 evals, 1112088 steps, improv/step: 0.030 (last = 0.0093), fitness=-1795480665.546368122
7681.95 secs, 1116507 evals, 1116538 steps, improv/step: 0.030 (last = 0.0106), fitness=-1795480665.594996691
7711.95 secs, 1120977 evals, 1121009 steps, improv/step: 0.030 (last = 0.0150), fitness=-1795480665.738037586
7741.97 secs, 1125651 evals, 1125685 steps, improv/step: 0.030 (last = 0.0122), fitness=-1795480665.802345276
7771.97 secs, 1130367 evals, 1130401 steps, improv/step: 0.030 (last = 0.0163), fitness=-1795480665.883404732
7801.97 secs, 1135083 evals, 1135117 steps, improv/step: 0.030 (last = 0.0178), fitness=-1795480666.002040148
7831.97 secs, 1139895 evals, 1139929 steps, improv/step: 0.030 (last = 0.0210), fitness=-1795480666.174633741
7861.98 secs, 1144684 evals, 1144719 steps, improv/step: 0.030 (last = 0.0215), fitness=-1795480666.370483398
7891.98 secs, 1149550 evals, 1149588 steps, improv/step: 0.030 (last = 0.0136), fitness=-1795480666.370483398
7921.98 secs, 1154317 evals, 1154358 steps, improv/step: 0.030 (last = 0.0136), fitness=-1795480666.430602312
7951.99 secs, 1158994 evals, 1159036 steps, improv/step: 0.030 (last = 0.0158), fitness=-1795480666.533580065
7981.99 secs, 1163599 evals, 1163641 steps, improv/step: 0.030 (last = 0.0148), fitness=-1795480666.717497110
8011.99 secs, 1168360 evals, 1168403 steps, improv/step: 0.030 (last = 0.0120), fitness=-1795480666.832968712
8042.08 secs, 1173004 evals, 1173048 steps, improv/step: 0.030 (last = 0.0149), fitness=-1795480666.846041203
8072.08 secs, 1177627 evals, 1177674 steps, improv/step: 0.030 (last = 0.0147), fitness=-1795480667.021192074
8102.08 secs, 1182198 evals, 1182246 steps, improv/step: 0.029 (last = 0.0164), fitness=-1795480667.162918091
8132.08 secs, 1186694 evals, 1186744 steps, improv/step: 0.029 (last = 0.0149), fitness=-1795480667.205328703
8162.10 secs, 1191257 evals, 1191309 steps, improv/step: 0.029 (last = 0.0129), fitness=-1795480667.485525846
8192.10 secs, 1195854 evals, 1195907 steps, improv/step: 0.029 (last = 0.0133), fitness=-1795480667.566897154
8222.10 secs, 1200410 evals, 1200463 steps, improv/step: 0.029 (last = 0.0145), fitness=-1795480667.619732141
8252.14 secs, 1205131 evals, 1205184 steps, improv/step: 0.029 (last = 0.0153), fitness=-1795480667.899263382
8282.14 secs, 1209744 evals, 1209798 steps, improv/step: 0.029 (last = 0.0128), fitness=-1795480667.923409462
8312.14 secs, 1214195 evals, 1214249 steps, improv/step: 0.029 (last = 0.0191), fitness=-1795480668.172097206
8342.18 secs, 1218504 evals, 1218559 steps, improv/step: 0.029 (last = 0.0137), fitness=-1795480668.294952393
8372.19 secs, 1222957 evals, 1223014 steps, improv/step: 0.029 (last = 0.0168), fitness=-1795480668.363697529
8402.19 secs, 1227389 evals, 1227446 steps, improv/step: 0.029 (last = 0.0187), fitness=-1795480668.384907484
8432.19 secs, 1231895 evals, 1231953 steps, improv/step: 0.029 (last = 0.0129), fitness=-1795480668.493910074
8462.19 secs, 1236260 evals, 1236318 steps, improv/step: 0.029 (last = 0.0160), fitness=-1795480668.534942150
8492.20 secs, 1240684 evals, 1240744 steps, improv/step: 0.029 (last = 0.0129), fitness=-1795480668.600113630
8522.21 secs, 1244998 evals, 1245061 steps, improv/step: 0.029 (last = 0.0146), fitness=-1795480668.653608084
8552.21 secs, 1249447 evals, 1249512 steps, improv/step: 0.029 (last = 0.0103), fitness=-1795480668.745836258
8582.21 secs, 1254040 evals, 1254105 steps, improv/step: 0.029 (last = 0.0128), fitness=-1795480668.906318188
8612.21 secs, 1258619 evals, 1258685 steps, improv/step: 0.029 (last = 0.0114), fitness=-1795480668.906318188
8642.22 secs, 1262876 evals, 1262942 steps, improv/step: 0.028 (last = 0.0087), fitness=-1795480668.929252863
8672.22 secs, 1267463 evals, 1267529 steps, improv/step: 0.028 (last = 0.0150), fitness=-1795480668.957492352
8702.22 secs, 1272084 evals, 1272150 steps, improv/step: 0.028 (last = 0.0113), fitness=-1795480669.011807919
8732.26 secs, 1276527 evals, 1276593 steps, improv/step: 0.028 (last = 0.0119), fitness=-1795480669.074701071
8762.27 secs, 1280925 evals, 1280993 steps, improv/step: 0.028 (last = 0.0132), fitness=-1795480669.202226877
8792.31 secs, 1285299 evals, 1285368 steps, improv/step: 0.028 (last = 0.0110), fitness=-1795480669.202226877
8822.31 secs, 1289654 evals, 1289725 steps, improv/step: 0.028 (last = 0.0080), fitness=-1795480669.235396624
8852.32 secs, 1294244 evals, 1294316 steps, improv/step: 0.028 (last = 0.0129), fitness=-1795480669.314544439
8882.32 secs, 1298799 evals, 1298871 steps, improv/step: 0.028 (last = 0.0141), fitness=-1795480669.359023333
8912.32 secs, 1303293 evals, 1303365 steps, improv/step: 0.028 (last = 0.0120), fitness=-1795480669.419653177
8942.33 secs, 1307879 evals, 1307952 steps, improv/step: 0.028 (last = 0.0111), fitness=-1795480669.584146023
8972.33 secs, 1312252 evals, 1312326 steps, improv/step: 0.028 (last = 0.0117), fitness=-1795480669.653801441
9002.34 secs, 1316708 evals, 1316783 steps, improv/step: 0.028 (last = 0.0135), fitness=-1795480669.711489916
9032.34 secs, 1321310 evals, 1321387 steps, improv/step: 0.028 (last = 0.0150), fitness=-1795480669.803350925
9062.34 secs, 1325753 evals, 1325831 steps, improv/step: 0.028 (last = 0.0180), fitness=-1795480669.918795586
9092.34 secs, 1330204 evals, 1330283 steps, improv/step: 0.028 (last = 0.0133), fitness=-1795480670.098791122
9122.34 secs, 1334640 evals, 1334721 steps, improv/step: 0.028 (last = 0.0128), fitness=-1795480670.187841892
9152.35 secs, 1339148 evals, 1339232 steps, improv/step: 0.028 (last = 0.0135), fitness=-1795480670.409329653
9182.37 secs, 1343748 evals, 1343832 steps, improv/step: 0.028 (last = 0.0113), fitness=-1795480670.459815502
9212.37 secs, 1348201 evals, 1348286 steps, improv/step: 0.027 (last = 0.0128), fitness=-1795480670.505309343
9242.37 secs, 1352614 evals, 1352701 steps, improv/step: 0.027 (last = 0.0127), fitness=-1795480670.557289600
9272.37 secs, 1357001 evals, 1357088 steps, improv/step: 0.027 (last = 0.0121), fitness=-1795480670.577232838
9302.44 secs, 1361270 evals, 1361360 steps, improv/step: 0.027 (last = 0.0115), fitness=-1795480670.610056877
9332.46 secs, 1365593 evals, 1365683 steps, improv/step: 0.027 (last = 0.0111), fitness=-1795480670.652438641
9362.46 secs, 1369902 evals, 1369995 steps, improv/step: 0.027 (last = 0.0139), fitness=-1795480670.682398558
9392.46 secs, 1374274 evals, 1374369 steps, improv/step: 0.027 (last = 0.0144), fitness=-1795480670.723518133
9422.46 secs, 1378720 evals, 1378817 steps, improv/step: 0.027 (last = 0.0137), fitness=-1795480670.793946743
9452.46 secs, 1383085 evals, 1383182 steps, improv/step: 0.027 (last = 0.0163), fitness=-1795480670.793946743
9482.47 secs, 1387492 evals, 1387592 steps, improv/step: 0.027 (last = 0.0159), fitness=-1795480670.819489717
9512.47 secs, 1391895 evals, 1391998 steps, improv/step: 0.027 (last = 0.0191), fitness=-1795480670.844024897
9542.59 secs, 1396315 evals, 1396418 steps, improv/step: 0.027 (last = 0.0179), fitness=-1795480670.866088390
9572.59 secs, 1400852 evals, 1400957 steps, improv/step: 0.027 (last = 0.0172), fitness=-1795480670.892111778
9602.59 secs, 1405221 evals, 1405326 steps, improv/step: 0.027 (last = 0.0279), fitness=-1795480670.971348763
9632.60 secs, 1409595 evals, 1409700 steps, improv/step: 0.027 (last = 0.0350), fitness=-1795480671.032143354
9662.60 secs, 1414027 evals, 1414133 steps, improv/step: 0.027 (last = 0.0277), fitness=-1795480671.076176405
9692.60 secs, 1418652 evals, 1418758 steps, improv/step: 0.027 (last = 0.0143), fitness=-1795480671.081576824
9722.67 secs, 1423228 evals, 1423334 steps, improv/step: 0.027 (last = 0.0168), fitness=-1795480671.094260693
9752.67 secs, 1427716 evals, 1427824 steps, improv/step: 0.027 (last = 0.0218), fitness=-1795480671.113349915
9782.67 secs, 1432225 evals, 1432333 steps, improv/step: 0.027 (last = 0.0248), fitness=-1795480671.125054598
9812.68 secs, 1436828 evals, 1436937 steps, improv/step: 0.027 (last = 0.0213), fitness=-1795480671.166662455
9842.68 secs, 1441482 evals, 1441593 steps, improv/step: 0.027 (last = 0.0256), fitness=-1795480671.198420286
9872.68 secs, 1446326 evals, 1446437 steps, improv/step: 0.027 (last = 0.0200), fitness=-1795480671.219312668
9902.73 secs, 1450847 evals, 1450958 steps, improv/step: 0.027 (last = 0.0190), fitness=-1795480671.243204594
9932.74 secs, 1455496 evals, 1455610 steps, improv/step: 0.027 (last = 0.0187), fitness=-1795480671.301513195
9962.74 secs, 1460141 evals, 1460255 steps, improv/step: 0.027 (last = 0.0222), fitness=-1795480671.332532644
9992.74 secs, 1464464 evals, 1464578 steps, improv/step: 0.027 (last = 0.0157), fitness=-1795480671.375275850
10022.74 secs, 1469145 evals, 1469259 steps, improv/step: 0.027 (last = 0.0188), fitness=-1795480671.400380373
10052.74 secs, 1473875 evals, 1473989 steps, improv/step: 0.027 (last = 0.0178), fitness=-1795480671.486543655
10082.76 secs, 1478394 evals, 1478508 steps, improv/step: 0.027 (last = 0.0157), fitness=-1795480671.506960154
10112.76 secs, 1482836 evals, 1482950 steps, improv/step: 0.027 (last = 0.0162), fitness=-1795480671.522457838
10142.77 secs, 1487276 evals, 1487391 steps, improv/step: 0.027 (last = 0.0137), fitness=-1795480671.527597189
10172.85 secs, 1491804 evals, 1491920 steps, improv/step: 0.027 (last = 0.0199), fitness=-1795480671.579016924
10202.85 secs, 1496154 evals, 1496270 steps, improv/step: 0.027 (last = 0.0191), fitness=-1795480671.585148811
10232.86 secs, 1500647 evals, 1500763 steps, improv/step: 0.027 (last = 0.0178), fitness=-1795480671.598138571
10262.86 secs, 1505235 evals, 1505354 steps, improv/step: 0.027 (last = 0.0131), fitness=-1795480671.605158806
10292.87 secs, 1509834 evals, 1509954 steps, improv/step: 0.026 (last = 0.0150), fitness=-1795480671.617486000
10322.88 secs, 1514436 evals, 1514557 steps, improv/step: 0.026 (last = 0.0180), fitness=-1795480671.620257854
10352.88 secs, 1519089 evals, 1519210 steps, improv/step: 0.026 (last = 0.0165), fitness=-1795480671.631989717
10382.88 secs, 1523465 evals, 1523588 steps, improv/step: 0.026 (last = 0.0199), fitness=-1795480671.642690897
10412.89 secs, 1527838 evals, 1527961 steps, improv/step: 0.026 (last = 0.0197), fitness=-1795480671.652108908
10442.89 secs, 1532331 evals, 1532455 steps, improv/step: 0.026 (last = 0.0225), fitness=-1795480671.666189194
10472.89 secs, 1536772 evals, 1536898 steps, improv/step: 0.026 (last = 0.0196), fitness=-1795480671.670918226
10502.89 secs, 1541329 evals, 1541457 steps, improv/step: 0.026 (last = 0.0151), fitness=-1795480671.679753304
10532.89 secs, 1545732 evals, 1545861 steps, improv/step: 0.026 (last = 0.0225), fitness=-1795480671.694177866
10562.90 secs, 1550224 evals, 1550355 steps, improv/step: 0.026 (last = 0.0289), fitness=-1795480671.725635767
10592.90 secs, 1554774 evals, 1554906 steps, improv/step: 0.026 (last = 0.0202), fitness=-1795480671.731506348
10622.90 secs, 1559362 evals, 1559495 steps, improv/step: 0.026 (last = 0.0185), fitness=-1795480671.739595175
10652.90 secs, 1563973 evals, 1564107 steps, improv/step: 0.026 (last = 0.0249), fitness=-1795480671.759128094
10682.90 secs, 1568367 evals, 1568505 steps, improv/step: 0.026 (last = 0.0296), fitness=-1795480671.778232813
10712.91 secs, 1572811 evals, 1572949 steps, improv/step: 0.026 (last = 0.0277), fitness=-1795480671.815794468
10742.91 secs, 1577233 evals, 1577371 steps, improv/step: 0.026 (last = 0.0244), fitness=-1795480671.841624498
10772.92 secs, 1581695 evals, 1581834 steps, improv/step: 0.026 (last = 0.0242), fitness=-1795480671.870527029
10802.92 secs, 1586034 evals, 1586174 steps, improv/step: 0.026 (last = 0.0196), fitness=-1795480671.926475286
10832.93 secs, 1590458 evals, 1590598 steps, improv/step: 0.026 (last = 0.0176), fitness=-1795480671.953532219
10862.93 secs, 1594972 evals, 1595112 steps, improv/step: 0.026 (last = 0.0160), fitness=-1795480671.981126070
10892.93 secs, 1599375 evals, 1599517 steps, improv/step: 0.026 (last = 0.0175), fitness=-1795480672.010215759
10922.93 secs, 1603655 evals, 1603797 steps, improv/step: 0.026 (last = 0.0140), fitness=-1795480672.043559074
10952.99 secs, 1608070 evals, 1608213 steps, improv/step: 0.026 (last = 0.0156), fitness=-1795480672.071235895
10983.00 secs, 1612509 evals, 1612652 steps, improv/step: 0.026 (last = 0.0178), fitness=-1795480672.102936029
11013.00 secs, 1616857 evals, 1617000 steps, improv/step: 0.026 (last = 0.0205), fitness=-1795480672.136177063
11043.01 secs, 1621225 evals, 1621369 steps, improv/step: 0.026 (last = 0.0199), fitness=-1795480672.207019806
11073.01 secs, 1625714 evals, 1625861 steps, improv/step: 0.026 (last = 0.0167), fitness=-1795480672.239940643
11103.02 secs, 1630093 evals, 1630240 steps, improv/step: 0.026 (last = 0.0158), fitness=-1795480672.289759398
11133.06 secs, 1634471 evals, 1634619 steps, improv/step: 0.026 (last = 0.0151), fitness=-1795480672.303413630
11163.06 secs, 1638829 evals, 1638977 steps, improv/step: 0.026 (last = 0.0186), fitness=-1795480672.337539434
11193.07 secs, 1643390 evals, 1643539 steps, improv/step: 0.026 (last = 0.0149), fitness=-1795480672.357773542
11223.08 secs, 1647766 evals, 1647915 steps, improv/step: 0.026 (last = 0.0128), fitness=-1795480672.380057096
11253.08 secs, 1652229 evals, 1652379 steps, improv/step: 0.026 (last = 0.0128), fitness=-1795480672.394692183
11283.09 secs, 1656721 evals, 1656873 steps, improv/step: 0.026 (last = 0.0182), fitness=-1795480672.437889814
11313.09 secs, 1661247 evals, 1661400 steps, improv/step: 0.026 (last = 0.0163), fitness=-1795480672.471230984
11343.09 secs, 1665790 evals, 1665946 steps, improv/step: 0.026 (last = 0.0156), fitness=-1795480672.491961718
11373.09 secs, 1670204 evals, 1670361 steps, improv/step: 0.026 (last = 0.0202), fitness=-1795480672.535197020
11403.10 secs, 1674645 evals, 1674802 steps, improv/step: 0.026 (last = 0.0164), fitness=-1795480672.633546114
11433.11 secs, 1679054 evals, 1679211 steps, improv/step: 0.026 (last = 0.0163), fitness=-1795480672.634006977
11463.11 secs, 1683497 evals, 1683655 steps, improv/step: 0.026 (last = 0.0167), fitness=-1795480672.650961637
11493.11 secs, 1688093 evals, 1688253 steps, improv/step: 0.026 (last = 0.0174), fitness=-1795480672.688816071
11523.11 secs, 1692557 evals, 1692717 steps, improv/step: 0.026 (last = 0.0213), fitness=-1795480672.727010727
11553.11 secs, 1696996 evals, 1697156 steps, improv/step: 0.026 (last = 0.0212), fitness=-1795480672.746927023
11583.12 secs, 1701160 evals, 1701320 steps, improv/step: 0.026 (last = 0.0228), fitness=-1795480672.838590145
11613.12 secs, 1705346 evals, 1705506 steps, improv/step: 0.026 (last = 0.0289), fitness=-1795480672.842600346
11643.13 secs, 1709743 evals, 1709905 steps, improv/step: 0.026 (last = 0.0168), fitness=-1795480672.857200861
11673.13 secs, 1714254 evals, 1714416 steps, improv/step: 0.026 (last = 0.0126), fitness=-1795480672.908136368
11703.14 secs, 1718774 evals, 1718937 steps, improv/step: 0.026 (last = 0.0135), fitness=-1795480672.909601450
11733.14 secs, 1723181 evals, 1723347 steps, improv/step: 0.026 (last = 0.0168), fitness=-1795480672.941570282
11763.14 secs, 1727719 evals, 1727885 steps, improv/step: 0.026 (last = 0.0139), fitness=-1795480672.985185623
11793.15 secs, 1732371 evals, 1732537 steps, improv/step: 0.025 (last = 0.0125), fitness=-1795480673.005767345
11823.15 secs, 1737104 evals, 1737274 steps, improv/step: 0.025 (last = 0.0192), fitness=-1795480673.115249157
11853.16 secs, 1741726 evals, 1741898 steps, improv/step: 0.025 (last = 0.0130), fitness=-1795480673.147800922
11883.16 secs, 1746227 evals, 1746400 steps, improv/step: 0.025 (last = 0.0178), fitness=-1795480673.218806267
11913.16 secs, 1750671 evals, 1750845 steps, improv/step: 0.025 (last = 0.0196), fitness=-1795480673.258028984
11943.17 secs, 1754975 evals, 1755150 steps, improv/step: 0.025 (last = 0.0167), fitness=-1795480673.335131407
11973.18 secs, 1759449 evals, 1759625 steps, improv/step: 0.025 (last = 0.0237), fitness=-1795480673.350685596
12003.19 secs, 1763893 evals, 1764070 steps, improv/step: 0.025 (last = 0.0162), fitness=-1795480673.471509695
12033.19 secs, 1768474 evals, 1768651 steps, improv/step: 0.025 (last = 0.0131), fitness=-1795480673.473925352
12063.19 secs, 1773145 evals, 1773322 steps, improv/step: 0.025 (last = 0.0150), fitness=-1795480673.505952835
12093.20 secs, 1777651 evals, 1777828 steps, improv/step: 0.025 (last = 0.0140), fitness=-1795480673.548154831
12123.21 secs, 1782161 evals, 1782338 steps, improv/step: 0.025 (last = 0.0149), fitness=-1795480673.574483156
12153.21 secs, 1786677 evals, 1786856 steps, improv/step: 0.025 (last = 0.0210), fitness=-1795480673.636929274
12183.21 secs, 1791206 evals, 1791386 steps, improv/step: 0.025 (last = 0.0199), fitness=-1795480673.703823328
12213.21 secs, 1795612 evals, 1795792 steps, improv/step: 0.025 (last = 0.0213), fitness=-1795480673.749669075
12243.21 secs, 1800005 evals, 1800185 steps, improv/step: 0.025 (last = 0.0205), fitness=-1795480673.792652130
12273.21 secs, 1804464 evals, 1804644 steps, improv/step: 0.025 (last = 0.0177), fitness=-1795480673.855599880
12303.24 secs, 1808678 evals, 1808860 steps, improv/step: 0.025 (last = 0.0185), fitness=-1795480673.907976389
12333.24 secs, 1813046 evals, 1813228 steps, improv/step: 0.025 (last = 0.0110), fitness=-1795480673.927489281
12363.24 secs, 1817403 evals, 1817586 steps, improv/step: 0.025 (last = 0.0172), fitness=-1795480674.023360729
12393.25 secs, 1821837 evals, 1822020 steps, improv/step: 0.025 (last = 0.0129), fitness=-1795480674.115617990
12423.25 secs, 1826279 evals, 1826463 steps, improv/step: 0.025 (last = 0.0167), fitness=-1795480674.177212238
12453.25 secs, 1830839 evals, 1831024 steps, improv/step: 0.025 (last = 0.0171), fitness=-1795480674.247321844
12483.26 secs, 1835196 evals, 1835384 steps, improv/step: 0.025 (last = 0.0174), fitness=-1795480674.272847652
12513.26 secs, 1839687 evals, 1839876 steps, improv/step: 0.025 (last = 0.0142), fitness=-1795480674.293136597
12543.26 secs, 1844133 evals, 1844322 steps, improv/step: 0.025 (last = 0.0157), fitness=-1795480674.383078098
12573.26 secs, 1848391 evals, 1848580 steps, improv/step: 0.025 (last = 0.0171), fitness=-1795480674.446406603
12603.26 secs, 1853023 evals, 1853213 steps, improv/step: 0.025 (last = 0.0138), fitness=-1795480674.487055779
12633.27 secs, 1857574 evals, 1857764 steps, improv/step: 0.025 (last = 0.0158), fitness=-1795480674.522300243
12663.27 secs, 1861918 evals, 1862110 steps, improv/step: 0.025 (last = 0.0207), fitness=-1795480674.570825815
12693.27 secs, 1866263 evals, 1866456 steps, improv/step: 0.025 (last = 0.0154), fitness=-1795480674.640642643
12723.36 secs, 1870622 evals, 1870816 steps, improv/step: 0.025 (last = 0.0216), fitness=-1795480674.720989227
12753.36 secs, 1875127 evals, 1875321 steps, improv/step: 0.025 (last = 0.0166), fitness=-1795480674.738729000
12783.36 secs, 1879600 evals, 1879795 steps, improv/step: 0.025 (last = 0.0172), fitness=-1795480674.801249504
12813.36 secs, 1884066 evals, 1884262 steps, improv/step: 0.025 (last = 0.0152), fitness=-1795480674.900455713
12843.36 secs, 1888505 evals, 1888703 steps, improv/step: 0.025 (last = 0.0180), fitness=-1795480674.952007294
12873.37 secs, 1893165 evals, 1893363 steps, improv/step: 0.025 (last = 0.0165), fitness=-1795480675.019946575
12903.37 secs, 1897955 evals, 1898153 steps, improv/step: 0.025 (last = 0.0177), fitness=-1795480675.037200928
12933.37 secs, 1902331 evals, 1902529 steps, improv/step: 0.025 (last = 0.0167), fitness=-1795480675.125197649
12963.38 secs, 1907154 evals, 1907352 steps, improv/step: 0.025 (last = 0.0147), fitness=-1795480675.270556927
12993.38 secs, 1911512 evals, 1911710 steps, improv/step: 0.025 (last = 0.0117), fitness=-1795480675.270556927
13023.47 secs, 1915982 evals, 1916181 steps, improv/step: 0.025 (last = 0.0127), fitness=-1795480675.292945147
13053.47 secs, 1920467 evals, 1920666 steps, improv/step: 0.025 (last = 0.0190), fitness=-1795480675.402328730
13083.48 secs, 1925146 evals, 1925347 steps, improv/step: 0.025 (last = 0.0167), fitness=-1795480675.525687695
13113.48 secs, 1929654 evals, 1929856 steps, improv/step: 0.025 (last = 0.0164), fitness=-1795480675.652540445
13143.48 secs, 1934161 evals, 1934366 steps, improv/step: 0.025 (last = 0.0144), fitness=-1795480675.712313414
13173.51 secs, 1938493 evals, 1938699 steps, improv/step: 0.025 (last = 0.0118), fitness=-1795480675.751017332
13203.51 secs, 1942923 evals, 1943129 steps, improv/step: 0.025 (last = 0.0151), fitness=-1795480675.787218571
13233.51 secs, 1947283 evals, 1947491 steps, improv/step: 0.024 (last = 0.0122), fitness=-1795480675.819750547
13263.52 secs, 1951747 evals, 1951957 steps, improv/step: 0.024 (last = 0.0112), fitness=-1795480676.007906914
13293.53 secs, 1956212 evals, 1956422 steps, improv/step: 0.024 (last = 0.0094), fitness=-1795480676.032541037
13323.54 secs, 1960643 evals, 1960853 steps, improv/step: 0.024 (last = 0.0063), fitness=-1795480676.108572006
13353.54 secs, 1964918 evals, 1965128 steps, improv/step: 0.024 (last = 0.0089), fitness=-1795480676.142956734
13383.55 secs, 1969361 evals, 1969572 steps, improv/step: 0.024 (last = 0.0106), fitness=-1795480676.184540033
13413.55 secs, 1973876 evals, 1974087 steps, improv/step: 0.024 (last = 0.0122), fitness=-1795480676.338180304
13443.56 secs, 1978252 evals, 1978464 steps, improv/step: 0.024 (last = 0.0098), fitness=-1795480676.341334820
13473.56 secs, 1982855 evals, 1983068 steps, improv/step: 0.024 (last = 0.0130), fitness=-1795480676.430806637
13503.56 secs, 1987250 evals, 1987463 steps, improv/step: 0.024 (last = 0.0109), fitness=-1795480676.465528011
13533.57 secs, 1991519 evals, 1991733 steps, improv/step: 0.024 (last = 0.0101), fitness=-1795480676.522753954
13563.57 secs, 1995879 evals, 1996095 steps, improv/step: 0.024 (last = 0.0140), fitness=-1795480676.655813694
13593.57 secs, 2000097 evals, 2000313 steps, improv/step: 0.024 (last = 0.0095), fitness=-1795480676.655813694
13623.60 secs, 2004624 evals, 2004841 steps, improv/step: 0.024 (last = 0.0088), fitness=-1795480676.799212456
13653.60 secs, 2009023 evals, 2009240 steps, improv/step: 0.024 (last = 0.0089), fitness=-1795480676.842105627
13683.60 secs, 2013737 evals, 2013954 steps, improv/step: 0.024 (last = 0.0087), fitness=-1795480676.842105627
13713.61 secs, 2018188 evals, 2018407 steps, improv/step: 0.024 (last = 0.0115), fitness=-1795480676.846115112
13743.61 secs, 2022720 evals, 2022939 steps, improv/step: 0.024 (last = 0.0121), fitness=-1795480676.899901628
13773.62 secs, 2027374 evals, 2027595 steps, improv/step: 0.024 (last = 0.0129), fitness=-1795480676.950247526
13803.62 secs, 2031866 evals, 2032089 steps, improv/step: 0.024 (last = 0.0136), fitness=-1795480677.051539898
13833.63 secs, 2036342 evals, 2036566 steps, improv/step: 0.024 (last = 0.0134), fitness=-1795480677.103244781
13863.63 secs, 2040894 evals, 2041119 steps, improv/step: 0.024 (last = 0.0138), fitness=-1795480677.154234409
13893.63 secs, 2045436 evals, 2045663 steps, improv/step: 0.024 (last = 0.0130), fitness=-1795480677.168429375
13923.63 secs, 2050031 evals, 2050259 steps, improv/step: 0.024 (last = 0.0133), fitness=-1795480677.197920561
13953.64 secs, 2054485 evals, 2054713 steps, improv/step: 0.024 (last = 0.0112), fitness=-1795480677.393518448
13983.64 secs, 2059040 evals, 2059268 steps, improv/step: 0.024 (last = 0.0138), fitness=-1795480677.461822510
14013.64 secs, 2063496 evals, 2063725 steps, improv/step: 0.024 (last = 0.0119), fitness=-1795480677.515890837
14043.65 secs, 2068142 evals, 2068372 steps, improv/step: 0.024 (last = 0.0148), fitness=-1795480677.515890837
14073.65 secs, 2072661 evals, 2072891 steps, improv/step: 0.024 (last = 0.0144), fitness=-1795480677.588902473
14103.66 secs, 2077118 evals, 2077349 steps, improv/step: 0.024 (last = 0.0117), fitness=-1795480677.606741428
14133.66 secs, 2081543 evals, 2081774 steps, improv/step: 0.024 (last = 0.0104), fitness=-1795480677.628048658
14163.66 secs, 2086073 evals, 2086304 steps, improv/step: 0.024 (last = 0.0157), fitness=-1795480677.714861631
14193.68 secs, 2090486 evals, 2090721 steps, improv/step: 0.024 (last = 0.0163), fitness=-1795480677.891610861
14223.73 secs, 2095019 evals, 2095255 steps, improv/step: 0.024 (last = 0.0157), fitness=-1795480677.994830132
14253.73 secs, 2099438 evals, 2099675 steps, improv/step: 0.024 (last = 0.0167), fitness=-1795480678.080015659
14283.73 secs, 2103992 evals, 2104231 steps, improv/step: 0.024 (last = 0.0143), fitness=-1795480678.107412815
14313.73 secs, 2108382 evals, 2108621 steps, improv/step: 0.024 (last = 0.0125), fitness=-1795480678.120420456
14343.74 secs, 2112860 evals, 2113099 steps, improv/step: 0.024 (last = 0.0150), fitness=-1795480678.167606354
14373.74 secs, 2117393 evals, 2117634 steps, improv/step: 0.023 (last = 0.0121), fitness=-1795480678.174649239
14403.74 secs, 2122128 evals, 2122369 steps, improv/step: 0.023 (last = 0.0131), fitness=-1795480678.203301668
14433.74 secs, 2126744 evals, 2126988 steps, improv/step: 0.023 (last = 0.0152), fitness=-1795480678.250396013
14463.75 secs, 2131149 evals, 2131393 steps, improv/step: 0.023 (last = 0.0098), fitness=-1795480678.254610777
14493.75 secs, 2135621 evals, 2135865 steps, improv/step: 0.023 (last = 0.0121), fitness=-1795480678.303064108
14523.76 secs, 2140095 evals, 2140341 steps, improv/step: 0.023 (last = 0.0152), fitness=-1795480678.336008310
14553.76 secs, 2144745 evals, 2144994 steps, improv/step: 0.023 (last = 0.0116), fitness=-1795480678.361219883
14583.76 secs, 2149364 evals, 2149613 steps, improv/step: 0.023 (last = 0.0095), fitness=-1795480678.416032553
14613.77 secs, 2153838 evals, 2154090 steps, improv/step: 0.023 (last = 0.0114), fitness=-1795480678.439654112
14643.77 secs, 2158318 evals, 2158570 steps, improv/step: 0.023 (last = 0.0123), fitness=-1795480678.452560663
14673.77 secs, 2162706 evals, 2162958 steps, improv/step: 0.023 (last = 0.0125), fitness=-1795480678.504670620
14703.78 secs, 2167132 evals, 2167384 steps, improv/step: 0.023 (last = 0.0149), fitness=-1795480678.582883596
14733.78 secs, 2171557 evals, 2171809 steps, improv/step: 0.023 (last = 0.0136), fitness=-1795480678.587508440
14763.78 secs, 2175938 evals, 2176190 steps, improv/step: 0.023 (last = 0.0110), fitness=-1795480678.620557070
14793.84 secs, 2180212 evals, 2180467 steps, improv/step: 0.023 (last = 0.0096), fitness=-1795480678.674138546
14823.85 secs, 2184487 evals, 2184743 steps, improv/step: 0.023 (last = 0.0082), fitness=-1795480678.676246643
14853.86 secs, 2188989 evals, 2189247 steps, improv/step: 0.023 (last = 0.0075), fitness=-1795480678.730756521
14883.86 secs, 2193673 evals, 2193932 steps, improv/step: 0.023 (last = 0.0085), fitness=-1795480678.743626833
14913.87 secs, 2198258 evals, 2198517 steps, improv/step: 0.023 (last = 0.0074), fitness=-1795480678.754772902
14943.87 secs, 2203049 evals, 2203312 steps, improv/step: 0.023 (last = 0.0073), fitness=-1795480678.764287710
14973.88 secs, 2207679 evals, 2207942 steps, improv/step: 0.023 (last = 0.0065), fitness=-1795480678.778392315
15003.88 secs, 2212131 evals, 2212394 steps, improv/step: 0.023 (last = 0.0101), fitness=-1795480678.820840836
15033.89 secs, 2216490 evals, 2216754 steps, improv/step: 0.023 (last = 0.0138), fitness=-1795480678.836556435
15063.89 secs, 2220782 evals, 2221047 steps, improv/step: 0.023 (last = 0.0084), fitness=-1795480678.879348755
15093.89 secs, 2225255 evals, 2225521 steps, improv/step: 0.023 (last = 0.0110), fitness=-1795480678.938503742
15123.89 secs, 2229609 evals, 2229876 steps, improv/step: 0.023 (last = 0.0140), fitness=-1795480678.978161812
15153.90 secs, 2234019 evals, 2234286 steps, improv/step: 0.023 (last = 0.0116), fitness=-1795480678.979246616
15183.90 secs, 2238269 evals, 2238538 steps, improv/step: 0.023 (last = 0.0094), fitness=-1795480679.022267580
15213.99 secs, 2242710 evals, 2242982 steps, improv/step: 0.023 (last = 0.0133), fitness=-1795480679.066769600
15243.99 secs, 2246954 evals, 2247227 steps, improv/step: 0.023 (last = 0.0170), fitness=-1795480679.066769600
15274.00 secs, 2251839 evals, 2252112 steps, improv/step: 0.023 (last = 0.0160), fitness=-1795480679.146509409
15304.00 secs, 2256654 evals, 2256927 steps, improv/step: 0.023 (last = 0.0174), fitness=-1795480679.193632126
15334.00 secs, 2261400 evals, 2261676 steps, improv/step: 0.023 (last = 0.0114), fitness=-1795480679.208712816
15364.00 secs, 2265877 evals, 2266153 steps, improv/step: 0.023 (last = 0.0150), fitness=-1795480679.246868849
15394.00 secs, 2270541 evals, 2270817 steps, improv/step: 0.023 (last = 0.0122), fitness=-1795480679.263955593
15424.00 secs, 2275120 evals, 2275397 steps, improv/step: 0.023 (last = 0.0111), fitness=-1795480679.288268566
15454.00 secs, 2280003 evals, 2280282 steps, improv/step: 0.023 (last = 0.0145), fitness=-1795480679.319492340
15484.08 secs, 2284823 evals, 2285104 steps, improv/step: 0.023 (last = 0.0151), fitness=-1795480679.328647375
15514.16 secs, 2289511 evals, 2289793 steps, improv/step: 0.023 (last = 0.0160), fitness=-1795480679.361757040
15544.21 secs, 2294198 evals, 2294480 steps, improv/step: 0.023 (last = 0.0158), fitness=-1795480679.406696796
15574.21 secs, 2298831 evals, 2299114 steps, improv/step: 0.023 (last = 0.0119), fitness=-1795480679.433674812
15604.22 secs, 2303181 evals, 2303466 steps, improv/step: 0.023 (last = 0.0131), fitness=-1795480679.433674812
15634.22 secs, 2307879 evals, 2308165 steps, improv/step: 0.023 (last = 0.0166), fitness=-1795480679.467195749
15664.22 secs, 2312436 evals, 2312724 steps, improv/step: 0.023 (last = 0.0121), fitness=-1795480679.478459358
15694.22 secs, 2317025 evals, 2317314 steps, improv/step: 0.023 (last = 0.0157), fitness=-1795480679.505341291
15724.28 secs, 2321755 evals, 2322045 steps, improv/step: 0.023 (last = 0.0133), fitness=-1795480679.505341291
15754.28 secs, 2326443 evals, 2326734 steps, improv/step: 0.023 (last = 0.0200), fitness=-1795480679.533246756
15784.29 secs, 2331281 evals, 2331573 steps, improv/step: 0.022 (last = 0.0161), fitness=-1795480679.550291777
15814.36 secs, 2336020 evals, 2336314 steps, improv/step: 0.022 (last = 0.0150), fitness=-1795480679.565564156
15844.36 secs, 2340475 evals, 2340769 steps, improv/step: 0.022 (last = 0.0182), fitness=-1795480679.582653284
15874.37 secs, 2345113 evals, 2345409 steps, improv/step: 0.022 (last = 0.0129), fitness=-1795480679.592235565
15904.37 secs, 2349588 evals, 2349886 steps, improv/step: 0.022 (last = 0.0161), fitness=-1795480679.614630222
15934.46 secs, 2354397 evals, 2354697 steps, improv/step: 0.022 (last = 0.0152), fitness=-1795480679.634067297
15964.46 secs, 2359531 evals, 2359832 steps, improv/step: 0.022 (last = 0.0156), fitness=-1795480679.666683912
15994.46 secs, 2364867 evals, 2365168 steps, improv/step: 0.022 (last = 0.0144), fitness=-1795480679.671389103
16024.46 secs, 2370096 evals, 2370397 steps, improv/step: 0.022 (last = 0.0130), fitness=-1795480679.678178549
16054.52 secs, 2375484 evals, 2375787 steps, improv/step: 0.022 (last = 0.0121), fitness=-1795480679.700266600
16084.52 secs, 2380536 evals, 2380839 steps, improv/step: 0.022 (last = 0.0184), fitness=-1795480679.714454174
16114.53 secs, 2385720 evals, 2386024 steps, improv/step: 0.022 (last = 0.0158), fitness=-1795480679.766126394
16144.53 secs, 2391358 evals, 2391662 steps, improv/step: 0.022 (last = 0.0149), fitness=-1795480679.782702446
16174.53 secs, 2396805 evals, 2397111 steps, improv/step: 0.022 (last = 0.0165), fitness=-1795480679.804687977
16204.53 secs, 2402211 evals, 2402519 steps, improv/step: 0.022 (last = 0.0170), fitness=-1795480679.871364355
16234.53 secs, 2407792 evals, 2408103 steps, improv/step: 0.022 (last = 0.0138), fitness=-1795480679.923755884
16264.53 secs, 2413063 evals, 2413377 steps, improv/step: 0.022 (last = 0.0161), fitness=-1795480679.939339399
16294.54 secs, 2418434 evals, 2418749 steps, improv/step: 0.022 (last = 0.0149), fitness=-1795480679.958548784
16324.54 secs, 2424112 evals, 2424427 steps, improv/step: 0.022 (last = 0.0148), fitness=-1795480679.990369558
16354.54 secs, 2429419 evals, 2429735 steps, improv/step: 0.022 (last = 0.0188), fitness=-1795480680.047955275
16384.55 secs, 2434943 evals, 2435260 steps, improv/step: 0.022 (last = 0.0148), fitness=-1795480680.081184149
16414.55 secs, 2440282 evals, 2440599 steps, improv/step: 0.022 (last = 0.0163), fitness=-1795480680.106048584
16444.59 secs, 2445669 evals, 2445988 steps, improv/step: 0.022 (last = 0.0167), fitness=-1795480680.127136469
16474.63 secs, 2450932 evals, 2451252 steps, improv/step: 0.022 (last = 0.0182), fitness=-1795480680.158524752
16504.64 secs, 2456342 evals, 2456664 steps, improv/step: 0.022 (last = 0.0163), fitness=-1795480680.209225655
16534.64 secs, 2461672 evals, 2461995 steps, improv/step: 0.022 (last = 0.0133), fitness=-1795480680.258133411
16564.64 secs, 2467047 evals, 2467371 steps, improv/step: 0.022 (last = 0.0119), fitness=-1795480680.282688379
16594.64 secs, 2472453 evals, 2472778 steps, improv/step: 0.022 (last = 0.0117), fitness=-1795480680.326339722
16624.65 secs, 2477590 evals, 2477916 steps, improv/step: 0.022 (last = 0.0117), fitness=-1795480680.366987467
16654.65 secs, 2482693 evals, 2483020 steps, improv/step: 0.022 (last = 0.0153), fitness=-1795480680.380451202
16684.65 secs, 2487826 evals, 2488154 steps, improv/step: 0.022 (last = 0.0140), fitness=-1795480680.388064861
16714.66 secs, 2492762 evals, 2493091 steps, improv/step: 0.022 (last = 0.0120), fitness=-1795480680.428386450
16744.66 secs, 2497567 evals, 2497896 steps, improv/step: 0.022 (last = 0.0162), fitness=-1795480680.447498322

Optimization stopped after 2500330 steps and 16759.16 seconds
Termination reason: Max number of function evaluations (2500000) reached
Steps per second = 149.19
Function evals per second = 149.17
Improvements/step = Inf
Total function evaluations = 2500001


Best candidate found: [117.184, 67.7019, 15.2071, 4.97363, 1328.31, 86.2458, 79.8096, 97.0576, 4.35542, 1014.09, 6.16883e-5, 0.000616713, 0.00615081, 0.584279, 0.584456]

Fitness: -1795480680.458441734

-1.7954806804882634e9

[117.183601140412, 67.70194525108784, 15.20710437821431, 4.973634566171202, 1328.3087844545653, 86.24577994238193, 79.8096385627675, 97.05761676587599, 4.355478362313725, 1014.0926438125259, 6.164973419553409e-5, 0.0006167173560226628, 0.006151297041239573, 0.5842796873927502, 0.5844558762777665]

Script has finished
Wed Dec 22 01:00:30 CET 2021

------------------------------------------------------------
Sender: LSF System <schwan@makalu111>
Subject: Job 576412: <Julia_Job_parallel> in cluster <wuerfel> Done

Job <Julia_Job_parallel> was submitted from host <makalu56> by user <magr4985> in cluster <wuerfel> at Tue Dec 21 19:54:42 2021
Job was executed on host(s) <makalu111>, in queue <BatchXL>, as user <magr4985> in cluster <wuerfel> at Tue Dec 21 20:17:18 2021
</usr/scratch4/magr4985> was used as the home directory.
</usr/scratch4/magr4985/TRPL/BatchJobs/syn_data_4/Run24> was used as the working directory.
Started at Tue Dec 21 20:17:18 2021
Terminated at Wed Dec 22 01:00:30 2021
Results reported at Wed Dec 22 01:00:30 2021

Your job looked like:

------------------------------------------------------------
# LSBATCH: User input
#!/bin/csh 
#BSUB -q BatchXL 
#BSUB -R "mem > 8000 span[hosts=1] && intel_avx2" 
#BSUB -oo lsf_julia_%J.log 
#BSUB -eo lsf_julia_%J.err 
#BSUB -J Julia_Job_parallel 
#BSUB -L /bin/csh 
#BSUB -n 1 
date 
pwd 
module purge 
/usr/scratch4/magr4985/julia-1.6.2/bin/julia -t 4 /usr/scratch4/magr4985/TRPL/Programs/trpl_analysis_syn.jl 4 2500000 1 /usr/scratch4/magr4985/TRPL/BatchJobs/syn_data_4/Run24 1.0e-14 3600 "[1.0, 1.0, 1.0, 1.0, 1.0, 1.0, 1.0, 1.0, 1.0, 1.0, 1.0e-6, 1.0e-6, 1.0e-6, 1.0e-6, 1.0e-6, 1.0e-6, 1.0e-6, 1.0e-6, 1.0e-6, 1.0e-6]" "[5000.0, 5000.0, 1000.0, 1000.0, 1.0e9, 1000.0, 10000.0, 10000.0, 1000.0, 1.0e6, 1.0, 1.0, 1.0, 1.0, 1.0, 1.0, 1.0, 1.0, 1.0, 1.0]" 
date
------------------------------------------------------------

Successfully completed.

Resource usage summary:

    CPU time :                                   34927.26 sec.
    Max Memory :                                 1443.82 MB
    Average Memory :                             1189.17 MB
    Total Requested Memory :                     -
    Delta Memory :                               -
    Max Swap :                                   128 KB
    Max Processes :                              4
    Max Threads :                                12
    Run time :                                   16992 sec.
    Turnaround time :                            18348 sec.

The output (if any) is above this job summary.



PS:

Read file <lsf_julia_576412.err> for stderr output of this job.

