Warning: no access to tty (Bad file descriptor).
Thus no job control in this shell.
Warning: no access to tty (Bad file descriptor).
Thus no job control in this shell.
Tue Dec 21 20:10:39 CET 2021
/usr/scratch4/magr4985/TRPL/BatchJobs/syn_data_4/Run1
# Thread: 4
8260954868291959615 RNG Seed
Run 1
Starting optimization with optimizer DiffEvoOpt{FitPopulation{Float64}, RadiusLimitedSelector, BlackBoxOptim.DiffEvoRandBin{3}, RandomBound{ContinuousRectSearchSpace}}
0.00 secs, 0 evals, 0 steps
30.00 secs, 6011 evals, 5936 steps, improv/step: 0.264 (last = 0.2642), fitness=-1794659912.424185753
60.01 secs, 12424 evals, 12349 steps, improv/step: 0.180 (last = 0.1028), fitness=-1794888701.026388407
90.01 secs, 19165 evals, 19090 steps, improv/step: 0.146 (last = 0.0832), fitness=-1795198536.336635828
120.01 secs, 25932 evals, 25857 steps, improv/step: 0.131 (last = 0.0901), fitness=-1795287721.972836971
150.01 secs, 32733 evals, 32658 steps, improv/step: 0.126 (last = 0.1045), fitness=-1795343823.647920370
180.02 secs, 39360 evals, 39285 steps, improv/step: 0.120 (last = 0.0931), fitness=-1795359415.844587803
210.07 secs, 45292 evals, 45217 steps, improv/step: 0.115 (last = 0.0774), fitness=-1795369801.213613272
240.07 secs, 51148 evals, 51073 steps, improv/step: 0.108 (last = 0.0596), fitness=-1795432118.079019070
270.12 secs, 56659 evals, 56584 steps, improv/step: 0.106 (last = 0.0889), fitness=-1795448735.053873777
300.12 secs, 62525 evals, 62450 steps, improv/step: 0.105 (last = 0.0863), fitness=-1795463743.383418322
330.12 secs, 68103 evals, 68029 steps, improv/step: 0.101 (last = 0.0667), fitness=-1795470760.856567383
360.13 secs, 73506 evals, 73432 steps, improv/step: 0.099 (last = 0.0720), fitness=-1795474217.411586046
390.14 secs, 78371 evals, 78297 steps, improv/step: 0.098 (last = 0.0744), fitness=-1795476122.493892431
420.14 secs, 83582 evals, 83508 steps, improv/step: 0.096 (last = 0.0679), fitness=-1795477567.410311222
450.14 secs, 88556 evals, 88483 steps, improv/step: 0.093 (last = 0.0525), fitness=-1795478244.014405251
480.18 secs, 93572 evals, 93499 steps, improv/step: 0.091 (last = 0.0556), fitness=-1795478572.437591553
510.20 secs, 98732 evals, 98659 steps, improv/step: 0.089 (last = 0.0506), fitness=-1795478847.809226036
540.25 secs, 103900 evals, 103828 steps, improv/step: 0.088 (last = 0.0644), fitness=-1795479236.755238533
570.28 secs, 109143 evals, 109071 steps, improv/step: 0.087 (last = 0.0721), fitness=-1795479412.550830841
600.29 secs, 113623 evals, 113551 steps, improv/step: 0.087 (last = 0.0788), fitness=-1795479603.150773525
630.29 secs, 118475 evals, 118403 steps, improv/step: 0.086 (last = 0.0641), fitness=-1795479786.308569670
660.29 secs, 123026 evals, 122955 steps, improv/step: 0.085 (last = 0.0606), fitness=-1795479978.940253973
690.30 secs, 127898 evals, 127827 steps, improv/step: 0.084 (last = 0.0550), fitness=-1795480101.596270800
720.30 secs, 132713 evals, 132642 steps, improv/step: 0.083 (last = 0.0652), fitness=-1795480226.496927500
750.30 secs, 137462 evals, 137391 steps, improv/step: 0.082 (last = 0.0606), fitness=-1795480377.744616508
780.35 secs, 142060 evals, 141990 steps, improv/step: 0.081 (last = 0.0511), fitness=-1795480515.914901733
810.35 secs, 146016 evals, 145946 steps, improv/step: 0.080 (last = 0.0369), fitness=-1795480572.137177706
840.43 secs, 150064 evals, 149994 steps, improv/step: 0.079 (last = 0.0385), fitness=-1795480591.854389191
870.43 secs, 153912 evals, 153842 steps, improv/step: 0.078 (last = 0.0418), fitness=-1795480620.499710321
900.43 secs, 157912 evals, 157842 steps, improv/step: 0.077 (last = 0.0348), fitness=-1795480633.189412355
930.43 secs, 161992 evals, 161922 steps, improv/step: 0.076 (last = 0.0331), fitness=-1795480644.256291389
960.43 secs, 166108 evals, 166038 steps, improv/step: 0.075 (last = 0.0335), fitness=-1795480651.538351774
990.43 secs, 169946 evals, 169879 steps, improv/step: 0.074 (last = 0.0359), fitness=-1795480657.167850018
1020.43 secs, 173688 evals, 173622 steps, improv/step: 0.073 (last = 0.0369), fitness=-1795480659.853888750
1050.44 secs, 177521 evals, 177455 steps, improv/step: 0.073 (last = 0.0425), fitness=-1795480666.678785801
1080.45 secs, 181346 evals, 181282 steps, improv/step: 0.072 (last = 0.0387), fitness=-1795480669.292063713
1110.45 secs, 185125 evals, 185061 steps, improv/step: 0.071 (last = 0.0344), fitness=-1795480670.381466389
1140.48 secs, 188848 evals, 188784 steps, improv/step: 0.070 (last = 0.0306), fitness=-1795480671.638318539
1170.48 secs, 192669 evals, 192605 steps, improv/step: 0.070 (last = 0.0319), fitness=-1795480672.412712574
1200.49 secs, 196398 evals, 196334 steps, improv/step: 0.069 (last = 0.0260), fitness=-1795480672.759006500
1230.49 secs, 200136 evals, 200072 steps, improv/step: 0.068 (last = 0.0251), fitness=-1795480672.982269287
1260.49 secs, 203997 evals, 203933 steps, improv/step: 0.067 (last = 0.0370), fitness=-1795480673.146677494
1290.50 secs, 207752 evals, 207690 steps, improv/step: 0.067 (last = 0.0394), fitness=-1795480673.286167145
1320.51 secs, 211532 evals, 211471 steps, improv/step: 0.066 (last = 0.0447), fitness=-1795480673.331983805
1350.57 secs, 215395 evals, 215334 steps, improv/step: 0.066 (last = 0.0469), fitness=-1795480673.346402645
1380.58 secs, 219233 evals, 219172 steps, improv/step: 0.066 (last = 0.0474), fitness=-1795480673.417199373
1410.58 secs, 223084 evals, 223023 steps, improv/step: 0.065 (last = 0.0384), fitness=-1795480673.459290504
1440.58 secs, 226883 evals, 226822 steps, improv/step: 0.065 (last = 0.0303), fitness=-1795480673.477555513
1470.63 secs, 230591 evals, 230530 steps, improv/step: 0.064 (last = 0.0302), fitness=-1795480673.486848116
1500.63 secs, 234416 evals, 234356 steps, improv/step: 0.064 (last = 0.0301), fitness=-1795480673.495007038
1530.64 secs, 238386 evals, 238326 steps, improv/step: 0.063 (last = 0.0259), fitness=-1795480673.508630037
1560.64 secs, 242247 evals, 242187 steps, improv/step: 0.062 (last = 0.0212), fitness=-1795480673.511433601
1590.64 secs, 246007 evals, 245947 steps, improv/step: 0.062 (last = 0.0189), fitness=-1795480673.516261816
1620.64 secs, 249859 evals, 249799 steps, improv/step: 0.061 (last = 0.0200), fitness=-1795480673.532914400
1650.65 secs, 253811 evals, 253751 steps, improv/step: 0.060 (last = 0.0251), fitness=-1795480673.537210703
1680.65 secs, 257554 evals, 257497 steps, improv/step: 0.060 (last = 0.0240), fitness=-1795480673.548271656
1710.65 secs, 261409 evals, 261354 steps, improv/step: 0.059 (last = 0.0309), fitness=-1795480673.553226948
1740.66 secs, 265314 evals, 265259 steps, improv/step: 0.059 (last = 0.0297), fitness=-1795480673.559396029
1770.66 secs, 269071 evals, 269016 steps, improv/step: 0.058 (last = 0.0205), fitness=-1795480673.560464144
1800.66 secs, 273014 evals, 272959 steps, improv/step: 0.058 (last = 0.0246), fitness=-1795480673.562765598
1830.67 secs, 276973 evals, 276919 steps, improv/step: 0.058 (last = 0.0250), fitness=-1795480673.563505173
1860.68 secs, 280816 evals, 280763 steps, improv/step: 0.057 (last = 0.0219), fitness=-1795480673.565087080
1890.68 secs, 284700 evals, 284648 steps, improv/step: 0.057 (last = 0.0242), fitness=-1795480673.567655087
1920.69 secs, 288643 evals, 288591 steps, improv/step: 0.056 (last = 0.0302), fitness=-1795480673.569213152
1950.69 secs, 292485 evals, 292434 steps, improv/step: 0.056 (last = 0.0213), fitness=-1795480673.573219061
1980.69 secs, 296458 evals, 296407 steps, improv/step: 0.055 (last = 0.0244), fitness=-1795480673.574058771
2010.69 secs, 300454 evals, 300403 steps, improv/step: 0.055 (last = 0.0323), fitness=-1795480673.577450991
2040.69 secs, 304317 evals, 304267 steps, improv/step: 0.055 (last = 0.0246), fitness=-1795480673.577739239
2070.70 secs, 308086 evals, 308036 steps, improv/step: 0.054 (last = 0.0218), fitness=-1795480673.580252171
2100.74 secs, 311902 evals, 311852 steps, improv/step: 0.054 (last = 0.0280), fitness=-1795480673.583587646
2130.74 secs, 315755 evals, 315705 steps, improv/step: 0.054 (last = 0.0304), fitness=-1795480673.588228226
2160.75 secs, 319672 evals, 319622 steps, improv/step: 0.053 (last = 0.0253), fitness=-1795480673.588361979
2190.75 secs, 323551 evals, 323501 steps, improv/step: 0.053 (last = 0.0229), fitness=-1795480673.599291086
2220.76 secs, 327341 evals, 327292 steps, improv/step: 0.053 (last = 0.0216), fitness=-1795480673.604676962
2250.76 secs, 331329 evals, 331283 steps, improv/step: 0.052 (last = 0.0238), fitness=-1795480673.613776922
2280.76 secs, 335260 evals, 335214 steps, improv/step: 0.052 (last = 0.0219), fitness=-1795480673.619950294
2310.76 secs, 339067 evals, 339021 steps, improv/step: 0.052 (last = 0.0202), fitness=-1795480673.632757425
2340.77 secs, 342914 evals, 342868 steps, improv/step: 0.051 (last = 0.0211), fitness=-1795480673.634305716
2370.90 secs, 346854 evals, 346808 steps, improv/step: 0.051 (last = 0.0259), fitness=-1795480673.645292282
2400.90 secs, 350790 evals, 350744 steps, improv/step: 0.051 (last = 0.0183), fitness=-1795480673.647581577
2430.91 secs, 354744 evals, 354699 steps, improv/step: 0.050 (last = 0.0240), fitness=-1795480673.662070274
2460.92 secs, 358701 evals, 358657 steps, improv/step: 0.050 (last = 0.0263), fitness=-1795480673.670386314
2490.92 secs, 362617 evals, 362573 steps, improv/step: 0.050 (last = 0.0235), fitness=-1795480673.675525665
2520.92 secs, 366516 evals, 366473 steps, improv/step: 0.049 (last = 0.0231), fitness=-1795480673.681967497
2550.93 secs, 370445 evals, 370402 steps, improv/step: 0.049 (last = 0.0247), fitness=-1795480673.696395874
2580.93 secs, 374234 evals, 374191 steps, improv/step: 0.049 (last = 0.0267), fitness=-1795480673.713539839
2610.93 secs, 378053 evals, 378010 steps, improv/step: 0.049 (last = 0.0209), fitness=-1795480673.721692562
2640.94 secs, 381937 evals, 381894 steps, improv/step: 0.048 (last = 0.0234), fitness=-1795480673.731443644
2670.94 secs, 385863 evals, 385822 steps, improv/step: 0.048 (last = 0.0272), fitness=-1795480673.741432905
2700.94 secs, 389808 evals, 389768 steps, improv/step: 0.048 (last = 0.0284), fitness=-1795480673.756932020
2730.95 secs, 393768 evals, 393728 steps, improv/step: 0.048 (last = 0.0301), fitness=-1795480673.775344372
2760.95 secs, 397643 evals, 397603 steps, improv/step: 0.048 (last = 0.0222), fitness=-1795480673.802008867
2790.96 secs, 401399 evals, 401359 steps, improv/step: 0.047 (last = 0.0122), fitness=-1795480673.811612368
2820.96 secs, 405345 evals, 405305 steps, improv/step: 0.047 (last = 0.0152), fitness=-1795480673.811612368
2850.97 secs, 409225 evals, 409185 steps, improv/step: 0.047 (last = 0.0206), fitness=-1795480673.842183828
2880.97 secs, 413028 evals, 412988 steps, improv/step: 0.046 (last = 0.0158), fitness=-1795480673.851097107
2910.98 secs, 416865 evals, 416827 steps, improv/step: 0.046 (last = 0.0151), fitness=-1795480673.857896566
2940.98 secs, 420589 evals, 420552 steps, improv/step: 0.046 (last = 0.0148), fitness=-1795480673.861884356
2971.00 secs, 424376 evals, 424342 steps, improv/step: 0.046 (last = 0.0177), fitness=-1795480673.878396511
3001.00 secs, 428229 evals, 428199 steps, improv/step: 0.045 (last = 0.0181), fitness=-1795480673.915537357
3031.00 secs, 432181 evals, 432151 steps, improv/step: 0.045 (last = 0.0207), fitness=-1795480673.922143936
3061.01 secs, 436089 evals, 436061 steps, improv/step: 0.045 (last = 0.0187), fitness=-1795480673.926661491
3091.04 secs, 439989 evals, 439961 steps, improv/step: 0.045 (last = 0.0210), fitness=-1795480673.940425873
3121.07 secs, 443816 evals, 443788 steps, improv/step: 0.044 (last = 0.0235), fitness=-1795480673.951105356
3151.21 secs, 447644 evals, 447617 steps, improv/step: 0.044 (last = 0.0206), fitness=-1795480673.963866472
3181.22 secs, 451489 evals, 451462 steps, improv/step: 0.044 (last = 0.0221), fitness=-1795480673.975833654
3211.22 secs, 455444 evals, 455419 steps, improv/step: 0.044 (last = 0.0210), fitness=-1795480673.988190413
3241.22 secs, 459243 evals, 459219 steps, improv/step: 0.044 (last = 0.0242), fitness=-1795480674.003357887
3271.22 secs, 462982 evals, 462958 steps, improv/step: 0.043 (last = 0.0211), fitness=-1795480674.030621052
3301.22 secs, 466729 evals, 466707 steps, improv/step: 0.043 (last = 0.0208), fitness=-1795480674.045823812
3331.23 secs, 470617 evals, 470597 steps, improv/step: 0.043 (last = 0.0195), fitness=-1795480674.049208403
3361.23 secs, 474507 evals, 474487 steps, improv/step: 0.043 (last = 0.0180), fitness=-1795480674.062129259
3391.23 secs, 478525 evals, 478506 steps, improv/step: 0.043 (last = 0.0202), fitness=-1795480674.099333763
3421.28 secs, 482587 evals, 482568 steps, improv/step: 0.042 (last = 0.0162), fitness=-1795480674.105024099
3451.31 secs, 486681 evals, 486663 steps, improv/step: 0.042 (last = 0.0227), fitness=-1795480674.130532980
3481.32 secs, 490605 evals, 490588 steps, improv/step: 0.042 (last = 0.0176), fitness=-1795480674.144543409
3511.33 secs, 494542 evals, 494525 steps, improv/step: 0.042 (last = 0.0178), fitness=-1795480674.174407959
3541.33 secs, 498375 evals, 498358 steps, improv/step: 0.042 (last = 0.0190), fitness=-1795480674.174407959
3571.33 secs, 502193 evals, 502178 steps, improv/step: 0.042 (last = 0.0188), fitness=-1795480674.211869717
3601.34 secs, 506056 evals, 506042 steps, improv/step: 0.041 (last = 0.0145), fitness=-1795480674.211869717
3631.34 secs, 509913 evals, 509899 steps, improv/step: 0.041 (last = 0.0179), fitness=-1795480674.240915298
3661.35 secs, 513776 evals, 513762 steps, improv/step: 0.041 (last = 0.0127), fitness=-1795480674.240952969
3691.36 secs, 517647 evals, 517634 steps, improv/step: 0.041 (last = 0.0147), fitness=-1795480674.260016441
3721.36 secs, 521503 evals, 521490 steps, improv/step: 0.041 (last = 0.0140), fitness=-1795480674.268544197
3751.37 secs, 525353 evals, 525343 steps, improv/step: 0.040 (last = 0.0179), fitness=-1795480674.301238775
3781.37 secs, 529282 evals, 529272 steps, improv/step: 0.040 (last = 0.0135), fitness=-1795480674.306179285
3811.42 secs, 533296 evals, 533288 steps, improv/step: 0.040 (last = 0.0105), fitness=-1795480674.319142103
3841.43 secs, 537208 evals, 537201 steps, improv/step: 0.040 (last = 0.0156), fitness=-1795480674.353016376
3871.44 secs, 541051 evals, 541044 steps, improv/step: 0.040 (last = 0.0143), fitness=-1795480674.358021736
3901.49 secs, 544898 evals, 544891 steps, improv/step: 0.039 (last = 0.0161), fitness=-1795480674.421226501
3931.59 secs, 548825 evals, 548818 steps, improv/step: 0.039 (last = 0.0201), fitness=-1795480674.465817928
3961.66 secs, 552599 evals, 552592 steps, improv/step: 0.039 (last = 0.0143), fitness=-1795480674.468272924
3991.66 secs, 556458 evals, 556453 steps, improv/step: 0.039 (last = 0.0148), fitness=-1795480674.522653818
4021.67 secs, 560361 evals, 560358 steps, improv/step: 0.039 (last = 0.0151), fitness=-1795480674.529065132
4051.67 secs, 564186 evals, 564187 steps, improv/step: 0.039 (last = 0.0110), fitness=-1795480674.580886364
4081.67 secs, 567971 evals, 567972 steps, improv/step: 0.038 (last = 0.0132), fitness=-1795480674.597333431
4111.72 secs, 571760 evals, 571761 steps, improv/step: 0.038 (last = 0.0127), fitness=-1795480674.617686749
4141.72 secs, 575476 evals, 575477 steps, improv/step: 0.038 (last = 0.0137), fitness=-1795480674.661183357
4171.72 secs, 579316 evals, 579317 steps, improv/step: 0.038 (last = 0.0138), fitness=-1795480674.661183357
4201.73 secs, 583067 evals, 583068 steps, improv/step: 0.038 (last = 0.0181), fitness=-1795480674.668967009
4231.73 secs, 586936 evals, 586937 steps, improv/step: 0.038 (last = 0.0176), fitness=-1795480674.712530851
4261.73 secs, 590815 evals, 590816 steps, improv/step: 0.038 (last = 0.0193), fitness=-1795480674.714752436
4291.73 secs, 594665 evals, 594667 steps, improv/step: 0.037 (last = 0.0229), fitness=-1795480674.731791735
4321.74 secs, 598497 evals, 598502 steps, improv/step: 0.037 (last = 0.0256), fitness=-1795480674.756834984
4351.74 secs, 602279 evals, 602285 steps, improv/step: 0.037 (last = 0.0198), fitness=-1795480674.800126076
4381.76 secs, 605969 evals, 605977 steps, improv/step: 0.037 (last = 0.0230), fitness=-1795480674.836829424
4411.77 secs, 609747 evals, 609757 steps, improv/step: 0.037 (last = 0.0159), fitness=-1795480674.917173862
4441.78 secs, 613525 evals, 613536 steps, improv/step: 0.037 (last = 0.0161), fitness=-1795480674.938447952
4471.78 secs, 617324 evals, 617337 steps, improv/step: 0.037 (last = 0.0113), fitness=-1795480675.001499653
4501.78 secs, 621193 evals, 621207 steps, improv/step: 0.037 (last = 0.0127), fitness=-1795480675.037567139
4531.79 secs, 624976 evals, 624991 steps, improv/step: 0.036 (last = 0.0098), fitness=-1795480675.039512634
4561.81 secs, 628819 evals, 628836 steps, improv/step: 0.036 (last = 0.0174), fitness=-1795480675.053801537
4591.84 secs, 632587 evals, 632604 steps, improv/step: 0.036 (last = 0.0072), fitness=-1795480675.053801537
4621.84 secs, 636442 evals, 636459 steps, improv/step: 0.036 (last = 0.0075), fitness=-1795480675.080536127
4651.84 secs, 640206 evals, 640225 steps, improv/step: 0.036 (last = 0.0082), fitness=-1795480675.130099773
4681.87 secs, 644070 evals, 644091 steps, improv/step: 0.036 (last = 0.0067), fitness=-1795480675.130099773
4711.87 secs, 647962 evals, 647983 steps, improv/step: 0.036 (last = 0.0087), fitness=-1795480675.130407810
4741.88 secs, 651841 evals, 651862 steps, improv/step: 0.035 (last = 0.0108), fitness=-1795480675.162157297
4771.89 secs, 655824 evals, 655846 steps, improv/step: 0.035 (last = 0.0108), fitness=-1795480675.250581026
4801.89 secs, 659765 evals, 659787 steps, improv/step: 0.035 (last = 0.0107), fitness=-1795480675.250581026
4831.89 secs, 663534 evals, 663557 steps, improv/step: 0.035 (last = 0.0082), fitness=-1795480675.250581026
4861.91 secs, 667368 evals, 667392 steps, improv/step: 0.035 (last = 0.0091), fitness=-1795480675.274662256
4891.92 secs, 671260 evals, 671286 steps, improv/step: 0.035 (last = 0.0100), fitness=-1795480675.292491436
4921.92 secs, 675247 evals, 675275 steps, improv/step: 0.034 (last = 0.0103), fitness=-1795480675.321490765
4951.92 secs, 679033 evals, 679062 steps, improv/step: 0.034 (last = 0.0124), fitness=-1795480675.342223644
4981.93 secs, 682851 evals, 682882 steps, improv/step: 0.034 (last = 0.0131), fitness=-1795480675.367851257
5011.94 secs, 686744 evals, 686775 steps, improv/step: 0.034 (last = 0.0146), fitness=-1795480675.436882496
5041.94 secs, 690682 evals, 690713 steps, improv/step: 0.034 (last = 0.0130), fitness=-1795480675.436882496
5071.95 secs, 694479 evals, 694510 steps, improv/step: 0.034 (last = 0.0145), fitness=-1795480675.448458195
5101.95 secs, 698439 evals, 698471 steps, improv/step: 0.034 (last = 0.0167), fitness=-1795480675.472904682
5132.05 secs, 702189 evals, 702224 steps, improv/step: 0.034 (last = 0.0115), fitness=-1795480675.491450310
5162.06 secs, 706000 evals, 706035 steps, improv/step: 0.034 (last = 0.0139), fitness=-1795480675.512359142
5192.06 secs, 710062 evals, 710100 steps, improv/step: 0.034 (last = 0.0202), fitness=-1795480675.534523726
5222.07 secs, 714067 evals, 714107 steps, improv/step: 0.033 (last = 0.0097), fitness=-1795480675.545472383
5252.08 secs, 718042 evals, 718082 steps, improv/step: 0.033 (last = 0.0128), fitness=-1795480675.561934471
5282.08 secs, 722099 evals, 722140 steps, improv/step: 0.033 (last = 0.0150), fitness=-1795480675.580371380
5312.09 secs, 726000 evals, 726041 steps, improv/step: 0.033 (last = 0.0154), fitness=-1795480675.593385458
5342.09 secs, 730027 evals, 730068 steps, improv/step: 0.033 (last = 0.0199), fitness=-1795480675.660806417
5372.10 secs, 733908 evals, 733950 steps, improv/step: 0.033 (last = 0.0157), fitness=-1795480675.665293455
5402.10 secs, 737677 evals, 737720 steps, improv/step: 0.033 (last = 0.0191), fitness=-1795480675.709573269
5432.11 secs, 741426 evals, 741469 steps, improv/step: 0.033 (last = 0.0144), fitness=-1795480675.748474360
5462.11 secs, 745262 evals, 745308 steps, improv/step: 0.033 (last = 0.0141), fitness=-1795480675.792241335
5492.16 secs, 749142 evals, 749188 steps, improv/step: 0.033 (last = 0.0157), fitness=-1795480675.841075897
5522.16 secs, 752973 evals, 753022 steps, improv/step: 0.032 (last = 0.0159), fitness=-1795480675.856947422
5552.17 secs, 756830 evals, 756879 steps, improv/step: 0.032 (last = 0.0143), fitness=-1795480675.929375887
5582.17 secs, 760714 evals, 760763 steps, improv/step: 0.032 (last = 0.0118), fitness=-1795480675.929375887
5612.19 secs, 764667 evals, 764718 steps, improv/step: 0.032 (last = 0.0152), fitness=-1795480676.024819374
5642.19 secs, 768620 evals, 768672 steps, improv/step: 0.032 (last = 0.0182), fitness=-1795480676.041076899
5672.27 secs, 772447 evals, 772500 steps, improv/step: 0.032 (last = 0.0196), fitness=-1795480676.081948996
5702.29 secs, 776314 evals, 776368 steps, improv/step: 0.032 (last = 0.0163), fitness=-1795480676.170058250
5732.30 secs, 780169 evals, 780223 steps, improv/step: 0.032 (last = 0.0195), fitness=-1795480676.236945868
5762.30 secs, 784060 evals, 784114 steps, improv/step: 0.032 (last = 0.0242), fitness=-1795480676.325330019
5792.30 secs, 787963 evals, 788017 steps, improv/step: 0.032 (last = 0.0200), fitness=-1795480676.376609802
5822.31 secs, 791807 evals, 791862 steps, improv/step: 0.032 (last = 0.0187), fitness=-1795480676.493063211
5852.31 secs, 795610 evals, 795665 steps, improv/step: 0.032 (last = 0.0208), fitness=-1795480676.636253834
5882.31 secs, 799366 evals, 799422 steps, improv/step: 0.032 (last = 0.0221), fitness=-1795480676.751211882
5912.32 secs, 803159 evals, 803215 steps, improv/step: 0.032 (last = 0.0163), fitness=-1795480676.756666183
5942.38 secs, 806984 evals, 807042 steps, improv/step: 0.032 (last = 0.0157), fitness=-1795480676.789512873
5972.38 secs, 810871 evals, 810930 steps, improv/step: 0.031 (last = 0.0177), fitness=-1795480676.840773821
6002.39 secs, 814839 evals, 814899 steps, improv/step: 0.031 (last = 0.0194), fitness=-1795480676.919217110
6032.39 secs, 818840 evals, 818900 steps, improv/step: 0.031 (last = 0.0182), fitness=-1795480677.070601225
6062.40 secs, 822869 evals, 822931 steps, improv/step: 0.031 (last = 0.0156), fitness=-1795480677.154094458
6092.40 secs, 826891 evals, 826953 steps, improv/step: 0.031 (last = 0.0112), fitness=-1795480677.209887981
6122.41 secs, 830831 evals, 830893 steps, improv/step: 0.031 (last = 0.0162), fitness=-1795480677.250981331
6152.41 secs, 834666 evals, 834728 steps, improv/step: 0.031 (last = 0.0177), fitness=-1795480677.332794428
6182.42 secs, 838603 evals, 838667 steps, improv/step: 0.031 (last = 0.0124), fitness=-1795480677.400029421
6212.42 secs, 842602 evals, 842668 steps, improv/step: 0.031 (last = 0.0152), fitness=-1795480677.462342501
6242.43 secs, 846432 evals, 846499 steps, improv/step: 0.031 (last = 0.0136), fitness=-1795480677.531781197
6272.43 secs, 850208 evals, 850275 steps, improv/step: 0.031 (last = 0.0148), fitness=-1795480677.633206606
6302.45 secs, 854006 evals, 854074 steps, improv/step: 0.031 (last = 0.0113), fitness=-1795480677.650109768
6332.45 secs, 858018 evals, 858091 steps, improv/step: 0.031 (last = 0.0095), fitness=-1795480677.742123365
6362.46 secs, 862079 evals, 862152 steps, improv/step: 0.030 (last = 0.0116), fitness=-1795480677.796670437
6392.46 secs, 866040 evals, 866115 steps, improv/step: 0.030 (last = 0.0106), fitness=-1795480677.796670437
6422.46 secs, 870091 evals, 870167 steps, improv/step: 0.030 (last = 0.0133), fitness=-1795480677.850423098
6452.48 secs, 874144 evals, 874221 steps, improv/step: 0.030 (last = 0.0096), fitness=-1795480677.909824848
6482.49 secs, 878018 evals, 878097 steps, improv/step: 0.030 (last = 0.0119), fitness=-1795480677.948094130
6512.57 secs, 881870 evals, 881949 steps, improv/step: 0.030 (last = 0.0135), fitness=-1795480678.012118816
6542.57 secs, 885806 evals, 885886 steps, improv/step: 0.030 (last = 0.0114), fitness=-1795480678.031811953
6572.57 secs, 889625 evals, 889705 steps, improv/step: 0.030 (last = 0.0115), fitness=-1795480678.098155260
6602.57 secs, 893447 evals, 893527 steps, improv/step: 0.030 (last = 0.0113), fitness=-1795480678.102022886
6632.57 secs, 897475 evals, 897555 steps, improv/step: 0.030 (last = 0.0132), fitness=-1795480678.143779039
6662.58 secs, 901316 evals, 901397 steps, improv/step: 0.030 (last = 0.0133), fitness=-1795480678.176246166
6692.59 secs, 905093 evals, 905174 steps, improv/step: 0.030 (last = 0.0177), fitness=-1795480678.198716640
6722.59 secs, 908936 evals, 909019 steps, improv/step: 0.030 (last = 0.0140), fitness=-1795480678.208310127
6752.59 secs, 912807 evals, 912890 steps, improv/step: 0.029 (last = 0.0108), fitness=-1795480678.255858660
6782.59 secs, 916599 evals, 916682 steps, improv/step: 0.029 (last = 0.0169), fitness=-1795480678.276310921
6812.59 secs, 920494 evals, 920577 steps, improv/step: 0.029 (last = 0.0141), fitness=-1795480678.306538820
6842.60 secs, 924390 evals, 924473 steps, improv/step: 0.029 (last = 0.0154), fitness=-1795480678.330891371
6872.60 secs, 928428 evals, 928512 steps, improv/step: 0.029 (last = 0.0186), fitness=-1795480678.376057386
6902.67 secs, 932299 evals, 932383 steps, improv/step: 0.029 (last = 0.0189), fitness=-1795480678.426258802
6932.67 secs, 936158 evals, 936242 steps, improv/step: 0.029 (last = 0.0161), fitness=-1795480678.426258802
6962.67 secs, 939893 evals, 939978 steps, improv/step: 0.029 (last = 0.0086), fitness=-1795480678.426258802
6992.68 secs, 943822 evals, 943911 steps, improv/step: 0.029 (last = 0.0099), fitness=-1795480678.448857546
7022.68 secs, 947571 evals, 947660 steps, improv/step: 0.029 (last = 0.0101), fitness=-1795480678.513448715
7052.69 secs, 951583 evals, 951673 steps, improv/step: 0.029 (last = 0.0102), fitness=-1795480678.513448715
7082.70 secs, 955563 evals, 955654 steps, improv/step: 0.029 (last = 0.0093), fitness=-1795480678.539282322
7112.70 secs, 959509 evals, 959602 steps, improv/step: 0.029 (last = 0.0099), fitness=-1795480678.609881878
7142.71 secs, 963444 evals, 963538 steps, improv/step: 0.029 (last = 0.0119), fitness=-1795480678.609881878
7172.71 secs, 967358 evals, 967453 steps, improv/step: 0.029 (last = 0.0151), fitness=-1795480678.657867670
7202.72 secs, 971406 evals, 971502 steps, improv/step: 0.028 (last = 0.0131), fitness=-1795480678.679220915
7232.77 secs, 975293 evals, 975391 steps, improv/step: 0.028 (last = 0.0121), fitness=-1795480678.694348097
7262.77 secs, 979143 evals, 979242 steps, improv/step: 0.028 (last = 0.0145), fitness=-1795480678.726424932
7292.86 secs, 983111 evals, 983212 steps, improv/step: 0.028 (last = 0.0156), fitness=-1795480678.750819445
7322.87 secs, 987149 evals, 987251 steps, improv/step: 0.028 (last = 0.0171), fitness=-1795480678.789770365
7352.87 secs, 991050 evals, 991152 steps, improv/step: 0.028 (last = 0.0156), fitness=-1795480678.814082861
7382.87 secs, 994936 evals, 995038 steps, improv/step: 0.028 (last = 0.0160), fitness=-1795480678.824927330
7412.89 secs, 998938 evals, 999041 steps, improv/step: 0.028 (last = 0.0122), fitness=-1795480678.841325521
7442.90 secs, 1002985 evals, 1003088 steps, improv/step: 0.028 (last = 0.0178), fitness=-1795480678.873900652
7472.91 secs, 1006961 evals, 1007068 steps, improv/step: 0.028 (last = 0.0171), fitness=-1795480679.024338961
7502.91 secs, 1011027 evals, 1011135 steps, improv/step: 0.028 (last = 0.0165), fitness=-1795480679.068067551
7532.92 secs, 1015117 evals, 1015225 steps, improv/step: 0.028 (last = 0.0166), fitness=-1795480679.138293266
7562.92 secs, 1019065 evals, 1019176 steps, improv/step: 0.028 (last = 0.0182), fitness=-1795480679.245340347
7592.92 secs, 1023002 evals, 1023113 steps, improv/step: 0.028 (last = 0.0165), fitness=-1795480679.280951738
7622.92 secs, 1027003 evals, 1027114 steps, improv/step: 0.028 (last = 0.0127), fitness=-1795480679.344380617
7652.93 secs, 1031060 evals, 1031171 steps, improv/step: 0.028 (last = 0.0143), fitness=-1795480679.344380617
7682.93 secs, 1035176 evals, 1035287 steps, improv/step: 0.028 (last = 0.0131), fitness=-1795480679.384003878
7712.93 secs, 1039158 evals, 1039269 steps, improv/step: 0.028 (last = 0.0121), fitness=-1795480679.438566208
7742.93 secs, 1043202 evals, 1043315 steps, improv/step: 0.028 (last = 0.0106), fitness=-1795480679.492168427
7772.94 secs, 1047074 evals, 1047187 steps, improv/step: 0.027 (last = 0.0111), fitness=-1795480679.522984982
7802.94 secs, 1050947 evals, 1051062 steps, improv/step: 0.027 (last = 0.0126), fitness=-1795480679.536225080
7832.94 secs, 1054877 evals, 1054992 steps, improv/step: 0.027 (last = 0.0112), fitness=-1795480679.613601923
7863.00 secs, 1058797 evals, 1058912 steps, improv/step: 0.027 (last = 0.0112), fitness=-1795480679.628125429
7893.08 secs, 1062860 evals, 1062976 steps, improv/step: 0.027 (last = 0.0106), fitness=-1795480679.649523735
7923.09 secs, 1066839 evals, 1066955 steps, improv/step: 0.027 (last = 0.0108), fitness=-1795480679.716949701
7953.09 secs, 1070851 evals, 1070968 steps, improv/step: 0.027 (last = 0.0115), fitness=-1795480679.743436337
7983.09 secs, 1074766 evals, 1074883 steps, improv/step: 0.027 (last = 0.0110), fitness=-1795480679.743436337
8013.09 secs, 1078735 evals, 1078852 steps, improv/step: 0.027 (last = 0.0083), fitness=-1795480679.752672434
8043.10 secs, 1082673 evals, 1082794 steps, improv/step: 0.027 (last = 0.0086), fitness=-1795480679.767333031
8073.10 secs, 1086662 evals, 1086784 steps, improv/step: 0.027 (last = 0.0105), fitness=-1795480679.883316755
8103.11 secs, 1090690 evals, 1090813 steps, improv/step: 0.027 (last = 0.0102), fitness=-1795480679.933669806
8133.12 secs, 1094693 evals, 1094818 steps, improv/step: 0.027 (last = 0.0107), fitness=-1795480679.933669806
8163.13 secs, 1098728 evals, 1098854 steps, improv/step: 0.027 (last = 0.0087), fitness=-1795480679.960453987
8193.13 secs, 1102640 evals, 1102766 steps, improv/step: 0.027 (last = 0.0115), fitness=-1795480679.970411301
8223.14 secs, 1106545 evals, 1106672 steps, improv/step: 0.027 (last = 0.0097), fitness=-1795480680.025842667
8253.14 secs, 1110458 evals, 1110586 steps, improv/step: 0.026 (last = 0.0084), fitness=-1795480680.033560753
8283.14 secs, 1114354 evals, 1114483 steps, improv/step: 0.026 (last = 0.0098), fitness=-1795480680.067703009
8313.15 secs, 1118395 evals, 1118524 steps, improv/step: 0.026 (last = 0.0089), fitness=-1795480680.067703009
8343.15 secs, 1122573 evals, 1122703 steps, improv/step: 0.026 (last = 0.0101), fitness=-1795480680.076325655
8373.15 secs, 1126755 evals, 1126885 steps, improv/step: 0.026 (last = 0.0134), fitness=-1795480680.170615911
8403.16 secs, 1130811 evals, 1130941 steps, improv/step: 0.026 (last = 0.0141), fitness=-1795480680.197574615
8433.16 secs, 1134691 evals, 1134821 steps, improv/step: 0.026 (last = 0.0137), fitness=-1795480680.199213743
8463.16 secs, 1138701 evals, 1138833 steps, improv/step: 0.026 (last = 0.0155), fitness=-1795480680.238072395
8493.16 secs, 1142768 evals, 1142901 steps, improv/step: 0.026 (last = 0.0113), fitness=-1795480680.238072395
8523.17 secs, 1146699 evals, 1146832 steps, improv/step: 0.026 (last = 0.0109), fitness=-1795480680.292814732
8553.17 secs, 1150517 evals, 1150653 steps, improv/step: 0.026 (last = 0.0131), fitness=-1795480680.321980000
8583.24 secs, 1154369 evals, 1154505 steps, improv/step: 0.026 (last = 0.0114), fitness=-1795480680.327086449
8613.25 secs, 1158206 evals, 1158344 steps, improv/step: 0.026 (last = 0.0141), fitness=-1795480680.360852718
8643.26 secs, 1162099 evals, 1162238 steps, improv/step: 0.026 (last = 0.0146), fitness=-1795480680.401354313
8673.27 secs, 1166076 evals, 1166216 steps, improv/step: 0.026 (last = 0.0138), fitness=-1795480680.428777695
8703.27 secs, 1169952 evals, 1170093 steps, improv/step: 0.026 (last = 0.0137), fitness=-1795480680.450416327
8733.29 secs, 1173783 evals, 1173925 steps, improv/step: 0.026 (last = 0.0115), fitness=-1795480680.579620361
8763.29 secs, 1177751 evals, 1177893 steps, improv/step: 0.026 (last = 0.0091), fitness=-1795480680.579620361
8793.29 secs, 1181722 evals, 1181865 steps, improv/step: 0.026 (last = 0.0131), fitness=-1795480680.604695082
8823.29 secs, 1185714 evals, 1185858 steps, improv/step: 0.026 (last = 0.0145), fitness=-1795480680.627189636
8853.30 secs, 1189473 evals, 1189618 steps, improv/step: 0.026 (last = 0.0117), fitness=-1795480680.694989920
8883.31 secs, 1193492 evals, 1193640 steps, improv/step: 0.025 (last = 0.0099), fitness=-1795480680.733098984
8913.31 secs, 1197507 evals, 1197658 steps, improv/step: 0.025 (last = 0.0162), fitness=-1795480680.806126595
8943.32 secs, 1201464 evals, 1201615 steps, improv/step: 0.025 (last = 0.0142), fitness=-1795480680.806126595
8973.32 secs, 1205412 evals, 1205563 steps, improv/step: 0.025 (last = 0.0147), fitness=-1795480680.905342102
9003.32 secs, 1209258 evals, 1209409 steps, improv/step: 0.025 (last = 0.0146), fitness=-1795480680.954225063
9033.36 secs, 1213086 evals, 1213239 steps, improv/step: 0.025 (last = 0.0178), fitness=-1795480680.971369743
9063.36 secs, 1217028 evals, 1217181 steps, improv/step: 0.025 (last = 0.0167), fitness=-1795480681.043458462
9093.36 secs, 1220986 evals, 1221140 steps, improv/step: 0.025 (last = 0.0162), fitness=-1795480681.073176861
9123.37 secs, 1224893 evals, 1225047 steps, improv/step: 0.025 (last = 0.0169), fitness=-1795480681.112915277
9153.37 secs, 1228847 evals, 1229004 steps, improv/step: 0.025 (last = 0.0164), fitness=-1795480681.122181416
9183.41 secs, 1232670 evals, 1232828 steps, improv/step: 0.025 (last = 0.0199), fitness=-1795480681.144589424
9213.42 secs, 1236542 evals, 1236703 steps, improv/step: 0.025 (last = 0.0157), fitness=-1795480681.179871082
9243.42 secs, 1240568 evals, 1240730 steps, improv/step: 0.025 (last = 0.0139), fitness=-1795480681.212681055
9273.48 secs, 1244510 evals, 1244673 steps, improv/step: 0.025 (last = 0.0101), fitness=-1795480681.226208687
9303.48 secs, 1248521 evals, 1248686 steps, improv/step: 0.025 (last = 0.0095), fitness=-1795480681.241276503
9333.48 secs, 1252584 evals, 1252750 steps, improv/step: 0.025 (last = 0.0096), fitness=-1795480681.258085966
9363.48 secs, 1256598 evals, 1256765 steps, improv/step: 0.025 (last = 0.0107), fitness=-1795480681.289339781
9393.49 secs, 1260569 evals, 1260736 steps, improv/step: 0.025 (last = 0.0133), fitness=-1795480681.311925650
9423.52 secs, 1264490 evals, 1264658 steps, improv/step: 0.025 (last = 0.0107), fitness=-1795480681.331228971
9453.52 secs, 1268284 evals, 1268454 steps, improv/step: 0.025 (last = 0.0124), fitness=-1795480681.362744093
9483.54 secs, 1272100 evals, 1272270 steps, improv/step: 0.025 (last = 0.0136), fitness=-1795480681.407543898
9513.55 secs, 1276065 evals, 1276236 steps, improv/step: 0.025 (last = 0.0134), fitness=-1795480681.407543898
9543.56 secs, 1280049 evals, 1280220 steps, improv/step: 0.025 (last = 0.0115), fitness=-1795480681.418616772
9573.56 secs, 1283941 evals, 1284113 steps, improv/step: 0.025 (last = 0.0113), fitness=-1795480681.428948879
9603.56 secs, 1287859 evals, 1288033 steps, improv/step: 0.025 (last = 0.0153), fitness=-1795480681.458731890
9633.56 secs, 1291817 evals, 1291991 steps, improv/step: 0.025 (last = 0.0139), fitness=-1795480681.489799261
9663.56 secs, 1295682 evals, 1295856 steps, improv/step: 0.025 (last = 0.0109), fitness=-1795480681.494304895
9693.60 secs, 1299607 evals, 1299781 steps, improv/step: 0.025 (last = 0.0158), fitness=-1795480681.500295877
9723.61 secs, 1303523 evals, 1303698 steps, improv/step: 0.025 (last = 0.0181), fitness=-1795480681.534874678
9753.62 secs, 1307482 evals, 1307657 steps, improv/step: 0.024 (last = 0.0126), fitness=-1795480681.576699734
9783.62 secs, 1311316 evals, 1311491 steps, improv/step: 0.024 (last = 0.0133), fitness=-1795480681.600049019
9813.62 secs, 1315224 evals, 1315399 steps, improv/step: 0.024 (last = 0.0161), fitness=-1795480681.645136118
9843.63 secs, 1319141 evals, 1319317 steps, improv/step: 0.024 (last = 0.0112), fitness=-1795480681.667807817
9873.63 secs, 1323069 evals, 1323245 steps, improv/step: 0.024 (last = 0.0160), fitness=-1795480681.707215071
9903.63 secs, 1327014 evals, 1327190 steps, improv/step: 0.024 (last = 0.0132), fitness=-1795480681.756752014
9933.72 secs, 1331038 evals, 1331215 steps, improv/step: 0.024 (last = 0.0107), fitness=-1795480681.785215855
9963.72 secs, 1335080 evals, 1335259 steps, improv/step: 0.024 (last = 0.0158), fitness=-1795480681.807454586
9993.72 secs, 1339186 evals, 1339366 steps, improv/step: 0.024 (last = 0.0144), fitness=-1795480681.807454586
10023.72 secs, 1343133 evals, 1343315 steps, improv/step: 0.024 (last = 0.0154), fitness=-1795480681.807454586
10053.72 secs, 1347065 evals, 1347247 steps, improv/step: 0.024 (last = 0.0135), fitness=-1795480681.817380905
10083.72 secs, 1351104 evals, 1351287 steps, improv/step: 0.024 (last = 0.0166), fitness=-1795480681.849408627
10113.72 secs, 1354910 evals, 1355094 steps, improv/step: 0.024 (last = 0.0176), fitness=-1795480681.856842518
10143.73 secs, 1358883 evals, 1359067 steps, improv/step: 0.024 (last = 0.0146), fitness=-1795480681.862726927
10173.73 secs, 1362953 evals, 1363140 steps, improv/step: 0.024 (last = 0.0196), fitness=-1795480681.878215551
10203.73 secs, 1366887 evals, 1367074 steps, improv/step: 0.024 (last = 0.0130), fitness=-1795480681.900499582
10233.74 secs, 1370871 evals, 1371058 steps, improv/step: 0.024 (last = 0.0171), fitness=-1795480681.915639639
10263.74 secs, 1374902 evals, 1375089 steps, improv/step: 0.024 (last = 0.0149), fitness=-1795480681.934467077
10293.74 secs, 1379034 evals, 1379224 steps, improv/step: 0.024 (last = 0.0138), fitness=-1795480681.942447186
10323.75 secs, 1383089 evals, 1383280 steps, improv/step: 0.024 (last = 0.0155), fitness=-1795480681.990677834
10353.75 secs, 1387129 evals, 1387320 steps, improv/step: 0.024 (last = 0.0149), fitness=-1795480682.020033598
10383.75 secs, 1391344 evals, 1391535 steps, improv/step: 0.024 (last = 0.0159), fitness=-1795480682.022100210
10413.76 secs, 1395275 evals, 1395467 steps, improv/step: 0.024 (last = 0.0142), fitness=-1795480682.033635378
10443.76 secs, 1399261 evals, 1399456 steps, improv/step: 0.024 (last = 0.0153), fitness=-1795480682.047917128
10473.76 secs, 1403344 evals, 1403541 steps, improv/step: 0.024 (last = 0.0110), fitness=-1795480682.081485987
10503.77 secs, 1407275 evals, 1407474 steps, improv/step: 0.024 (last = 0.0173), fitness=-1795480682.081485987
10533.84 secs, 1411194 evals, 1411395 steps, improv/step: 0.024 (last = 0.0145), fitness=-1795480682.123750925
10563.84 secs, 1415256 evals, 1415458 steps, improv/step: 0.024 (last = 0.0130), fitness=-1795480682.123750925
10593.84 secs, 1419279 evals, 1419481 steps, improv/step: 0.024 (last = 0.0139), fitness=-1795480682.135580063
10623.84 secs, 1423239 evals, 1423441 steps, improv/step: 0.024 (last = 0.0129), fitness=-1795480682.152356625
10653.96 secs, 1427193 evals, 1427396 steps, improv/step: 0.024 (last = 0.0129), fitness=-1795480682.162197828
10683.96 secs, 1431101 evals, 1431305 steps, improv/step: 0.024 (last = 0.0151), fitness=-1795480682.177086830
10713.97 secs, 1435038 evals, 1435243 steps, improv/step: 0.024 (last = 0.0114), fitness=-1795480682.185902119
10743.97 secs, 1439000 evals, 1439209 steps, improv/step: 0.024 (last = 0.0116), fitness=-1795480682.206299782
10773.98 secs, 1443009 evals, 1443219 steps, improv/step: 0.024 (last = 0.0150), fitness=-1795480682.215453863
10803.98 secs, 1446913 evals, 1447125 steps, improv/step: 0.024 (last = 0.0154), fitness=-1795480682.228763819
10833.98 secs, 1450938 evals, 1451150 steps, improv/step: 0.023 (last = 0.0107), fitness=-1795480682.246940613
10863.99 secs, 1455002 evals, 1455215 steps, improv/step: 0.023 (last = 0.0135), fitness=-1795480682.247263432
10893.99 secs, 1459012 evals, 1459226 steps, improv/step: 0.023 (last = 0.0145), fitness=-1795480682.274220467
10923.99 secs, 1463038 evals, 1463252 steps, improv/step: 0.023 (last = 0.0221), fitness=-1795480682.295521021
10953.99 secs, 1466900 evals, 1467114 steps, improv/step: 0.023 (last = 0.0230), fitness=-1795480682.338554859
10983.99 secs, 1470866 evals, 1471082 steps, improv/step: 0.023 (last = 0.0174), fitness=-1795480682.347373009
11014.00 secs, 1474739 evals, 1474956 steps, improv/step: 0.023 (last = 0.0170), fitness=-1795480682.384186983
11044.01 secs, 1478618 evals, 1478836 steps, improv/step: 0.023 (last = 0.0165), fitness=-1795480682.422200680
11074.01 secs, 1482574 evals, 1482794 steps, improv/step: 0.023 (last = 0.0152), fitness=-1795480682.434241056
11104.01 secs, 1486680 evals, 1486901 steps, improv/step: 0.023 (last = 0.0139), fitness=-1795480682.440207005
11134.01 secs, 1490535 evals, 1490757 steps, improv/step: 0.023 (last = 0.0195), fitness=-1795480682.449054241
11164.01 secs, 1494468 evals, 1494693 steps, improv/step: 0.023 (last = 0.0163), fitness=-1795480682.465146542
11194.01 secs, 1498530 evals, 1498757 steps, improv/step: 0.023 (last = 0.0153), fitness=-1795480682.472308159
11224.02 secs, 1502522 evals, 1502750 steps, improv/step: 0.023 (last = 0.0140), fitness=-1795480682.485329390
11254.03 secs, 1506439 evals, 1506668 steps, improv/step: 0.023 (last = 0.0120), fitness=-1795480682.500499249
11284.04 secs, 1510324 evals, 1510554 steps, improv/step: 0.023 (last = 0.0118), fitness=-1795480682.509025574
11314.04 secs, 1514238 evals, 1514468 steps, improv/step: 0.023 (last = 0.0115), fitness=-1795480682.517727137
11344.04 secs, 1518319 evals, 1518550 steps, improv/step: 0.023 (last = 0.0211), fitness=-1795480682.528416157
11374.05 secs, 1522253 evals, 1522485 steps, improv/step: 0.023 (last = 0.0180), fitness=-1795480682.546132565
11404.05 secs, 1526321 evals, 1526555 steps, improv/step: 0.023 (last = 0.0201), fitness=-1795480682.554686546
11434.06 secs, 1530207 evals, 1530443 steps, improv/step: 0.023 (last = 0.0159), fitness=-1795480682.562818289
11464.13 secs, 1534047 evals, 1534284 steps, improv/step: 0.023 (last = 0.0195), fitness=-1795480682.582811117
11494.14 secs, 1538059 evals, 1538296 steps, improv/step: 0.023 (last = 0.0169), fitness=-1795480682.595022202
11524.15 secs, 1542112 evals, 1542349 steps, improv/step: 0.023 (last = 0.0123), fitness=-1795480682.613135815
11554.15 secs, 1546229 evals, 1546466 steps, improv/step: 0.023 (last = 0.0134), fitness=-1795480682.644663572
11584.15 secs, 1550300 evals, 1550538 steps, improv/step: 0.023 (last = 0.0140), fitness=-1795480682.644663572
11614.15 secs, 1554207 evals, 1554445 steps, improv/step: 0.023 (last = 0.0131), fitness=-1795480682.644663572
11644.15 secs, 1558168 evals, 1558406 steps, improv/step: 0.023 (last = 0.0124), fitness=-1795480682.652055502
11674.19 secs, 1562091 evals, 1562330 steps, improv/step: 0.023 (last = 0.0130), fitness=-1795480682.670625687
11704.19 secs, 1566051 evals, 1566291 steps, improv/step: 0.023 (last = 0.0124), fitness=-1795480682.670625687
11734.20 secs, 1570091 evals, 1570331 steps, improv/step: 0.023 (last = 0.0111), fitness=-1795480682.694933891
11764.20 secs, 1574283 evals, 1574523 steps, improv/step: 0.023 (last = 0.0124), fitness=-1795480682.705214739
11794.21 secs, 1578280 evals, 1578520 steps, improv/step: 0.023 (last = 0.0130), fitness=-1795480682.729046345
11824.21 secs, 1582316 evals, 1582557 steps, improv/step: 0.023 (last = 0.0131), fitness=-1795480682.784251690
11854.21 secs, 1586204 evals, 1586445 steps, improv/step: 0.023 (last = 0.0123), fitness=-1795480682.788035154
11884.21 secs, 1590083 evals, 1590325 steps, improv/step: 0.023 (last = 0.0144), fitness=-1795480682.802664757
11914.22 secs, 1594076 evals, 1594318 steps, improv/step: 0.023 (last = 0.0120), fitness=-1795480682.805422068
11944.23 secs, 1598114 evals, 1598356 steps, improv/step: 0.023 (last = 0.0111), fitness=-1795480682.817752123
11974.27 secs, 1602032 evals, 1602277 steps, improv/step: 0.023 (last = 0.0117), fitness=-1795480682.832374811
12004.30 secs, 1606275 evals, 1606520 steps, improv/step: 0.023 (last = 0.0118), fitness=-1795480682.839137554
12034.30 secs, 1610388 evals, 1610635 steps, improv/step: 0.023 (last = 0.0126), fitness=-1795480682.859016418
12064.31 secs, 1614417 evals, 1614665 steps, improv/step: 0.023 (last = 0.0141), fitness=-1795480682.862464428
12094.31 secs, 1618289 evals, 1618539 steps, improv/step: 0.023 (last = 0.0103), fitness=-1795480682.869294405
12124.31 secs, 1622276 evals, 1622527 steps, improv/step: 0.023 (last = 0.0138), fitness=-1795480682.869790316
12154.32 secs, 1626282 evals, 1626534 steps, improv/step: 0.023 (last = 0.0175), fitness=-1795480682.892198324
12184.33 secs, 1630360 evals, 1630612 steps, improv/step: 0.023 (last = 0.0120), fitness=-1795480682.893114567
12214.35 secs, 1634515 evals, 1634767 steps, improv/step: 0.022 (last = 0.0161), fitness=-1795480682.912663460
12244.36 secs, 1638468 evals, 1638720 steps, improv/step: 0.022 (last = 0.0228), fitness=-1795480682.933534861
12274.36 secs, 1642282 evals, 1642535 steps, improv/step: 0.022 (last = 0.0204), fitness=-1795480682.940245390
12304.37 secs, 1646235 evals, 1646488 steps, improv/step: 0.022 (last = 0.0096), fitness=-1795480682.946429253
12334.40 secs, 1650148 evals, 1650401 steps, improv/step: 0.022 (last = 0.0146), fitness=-1795480682.952845573
12364.47 secs, 1654139 evals, 1654394 steps, improv/step: 0.022 (last = 0.0143), fitness=-1795480682.965061665
12394.47 secs, 1658212 evals, 1658469 steps, improv/step: 0.022 (last = 0.0174), fitness=-1795480682.974248409
12424.47 secs, 1662163 evals, 1662420 steps, improv/step: 0.022 (last = 0.0132), fitness=-1795480682.986135244
12454.47 secs, 1666295 evals, 1666553 steps, improv/step: 0.022 (last = 0.0143), fitness=-1795480682.997240305
12484.48 secs, 1670191 evals, 1670450 steps, improv/step: 0.022 (last = 0.0203), fitness=-1795480683.020877600
12514.48 secs, 1674149 evals, 1674409 steps, improv/step: 0.022 (last = 0.0179), fitness=-1795480683.025434494
12544.48 secs, 1678019 evals, 1678281 steps, improv/step: 0.022 (last = 0.0173), fitness=-1795480683.038960457
12574.48 secs, 1681848 evals, 1682110 steps, improv/step: 0.022 (last = 0.0180), fitness=-1795480683.049775600
12604.48 secs, 1685738 evals, 1686001 steps, improv/step: 0.022 (last = 0.0164), fitness=-1795480683.081827164
12634.49 secs, 1689651 evals, 1689914 steps, improv/step: 0.022 (last = 0.0171), fitness=-1795480683.081827164
12664.49 secs, 1693562 evals, 1693826 steps, improv/step: 0.022 (last = 0.0184), fitness=-1795480683.095976591
12694.50 secs, 1697371 evals, 1697635 steps, improv/step: 0.022 (last = 0.0142), fitness=-1795480683.104527473
12724.50 secs, 1701322 evals, 1701588 steps, improv/step: 0.022 (last = 0.0187), fitness=-1795480683.126094103
12754.50 secs, 1705309 evals, 1705575 steps, improv/step: 0.022 (last = 0.0133), fitness=-1795480683.131267786
12784.50 secs, 1709150 evals, 1709416 steps, improv/step: 0.022 (last = 0.0148), fitness=-1795480683.152999401
12814.50 secs, 1713078 evals, 1713346 steps, improv/step: 0.022 (last = 0.0132), fitness=-1795480683.152999401
12844.51 secs, 1716945 evals, 1717216 steps, improv/step: 0.022 (last = 0.0124), fitness=-1795480683.163583040
12874.52 secs, 1720947 evals, 1721220 steps, improv/step: 0.022 (last = 0.0130), fitness=-1795480683.165422440
12904.57 secs, 1724984 evals, 1725259 steps, improv/step: 0.022 (last = 0.0126), fitness=-1795480683.177006245
12934.58 secs, 1729094 evals, 1729371 steps, improv/step: 0.022 (last = 0.0134), fitness=-1795480683.177006245
12964.59 secs, 1733079 evals, 1733356 steps, improv/step: 0.022 (last = 0.0151), fitness=-1795480683.193916798
12994.59 secs, 1737086 evals, 1737363 steps, improv/step: 0.022 (last = 0.0135), fitness=-1795480683.202774763
13024.59 secs, 1741062 evals, 1741339 steps, improv/step: 0.022 (last = 0.0136), fitness=-1795480683.227132082
13054.60 secs, 1745058 evals, 1745336 steps, improv/step: 0.022 (last = 0.0148), fitness=-1795480683.244963884
13084.60 secs, 1749026 evals, 1749306 steps, improv/step: 0.022 (last = 0.0134), fitness=-1795480683.247694969
13114.60 secs, 1752936 evals, 1753216 steps, improv/step: 0.022 (last = 0.0133), fitness=-1795480683.256397009
13144.61 secs, 1756923 evals, 1757206 steps, improv/step: 0.022 (last = 0.0135), fitness=-1795480683.264151573
13174.61 secs, 1760877 evals, 1761160 steps, improv/step: 0.022 (last = 0.0109), fitness=-1795480683.286607027
13204.62 secs, 1764797 evals, 1765081 steps, improv/step: 0.022 (last = 0.0105), fitness=-1795480683.294909716
13234.62 secs, 1768737 evals, 1769022 steps, improv/step: 0.022 (last = 0.0107), fitness=-1795480683.294909716
13264.62 secs, 1772730 evals, 1773017 steps, improv/step: 0.022 (last = 0.0090), fitness=-1795480683.311176538
13294.63 secs, 1776661 evals, 1776955 steps, improv/step: 0.022 (last = 0.0127), fitness=-1795480683.311176538
13324.63 secs, 1780444 evals, 1780742 steps, improv/step: 0.022 (last = 0.0151), fitness=-1795480683.314382315
13354.63 secs, 1784489 evals, 1784787 steps, improv/step: 0.022 (last = 0.0151), fitness=-1795480683.320865154
13384.63 secs, 1788390 evals, 1788688 steps, improv/step: 0.022 (last = 0.0100), fitness=-1795480683.328387737
13414.64 secs, 1792264 evals, 1792563 steps, improv/step: 0.022 (last = 0.0095), fitness=-1795480683.338910818
13444.64 secs, 1796173 evals, 1796472 steps, improv/step: 0.022 (last = 0.0118), fitness=-1795480683.338910818
13474.64 secs, 1800247 evals, 1800546 steps, improv/step: 0.022 (last = 0.0125), fitness=-1795480683.344988823
13504.71 secs, 1804174 evals, 1804474 steps, improv/step: 0.022 (last = 0.0097), fitness=-1795480683.345248699
13534.71 secs, 1807973 evals, 1808273 steps, improv/step: 0.022 (last = 0.0113), fitness=-1795480683.360532999
13564.71 secs, 1811985 evals, 1812285 steps, improv/step: 0.022 (last = 0.0169), fitness=-1795480683.365776062
13594.72 secs, 1815898 evals, 1816198 steps, improv/step: 0.022 (last = 0.0176), fitness=-1795480683.372339249
13624.72 secs, 1819746 evals, 1820048 steps, improv/step: 0.022 (last = 0.0205), fitness=-1795480683.385411263
13654.72 secs, 1823742 evals, 1824044 steps, improv/step: 0.022 (last = 0.0145), fitness=-1795480683.386734962
13684.73 secs, 1827801 evals, 1828104 steps, improv/step: 0.022 (last = 0.0128), fitness=-1795480683.409988403
13714.73 secs, 1831647 evals, 1831951 steps, improv/step: 0.022 (last = 0.0117), fitness=-1795480683.409988403
13744.74 secs, 1835621 evals, 1835925 steps, improv/step: 0.022 (last = 0.0103), fitness=-1795480683.423524380
13774.74 secs, 1839576 evals, 1839880 steps, improv/step: 0.022 (last = 0.0119), fitness=-1795480683.431224346
13804.75 secs, 1843487 evals, 1843791 steps, improv/step: 0.022 (last = 0.0123), fitness=-1795480683.450222969
13834.76 secs, 1847469 evals, 1847773 steps, improv/step: 0.022 (last = 0.0136), fitness=-1795480683.450222969
13864.76 secs, 1851589 evals, 1851893 steps, improv/step: 0.022 (last = 0.0100), fitness=-1795480683.463076591
13894.77 secs, 1855669 evals, 1855976 steps, improv/step: 0.021 (last = 0.0118), fitness=-1795480683.472182274
13924.77 secs, 1859677 evals, 1859985 steps, improv/step: 0.021 (last = 0.0102), fitness=-1795480683.484099150
13954.78 secs, 1863634 evals, 1863944 steps, improv/step: 0.021 (last = 0.0129), fitness=-1795480683.488098145
13984.79 secs, 1867372 evals, 1867682 steps, improv/step: 0.021 (last = 0.0147), fitness=-1795480683.494344234
14014.79 secs, 1871200 evals, 1871511 steps, improv/step: 0.021 (last = 0.0128), fitness=-1795480683.512517929
14044.80 secs, 1875190 evals, 1875501 steps, improv/step: 0.021 (last = 0.0138), fitness=-1795480683.547838926
14074.80 secs, 1879099 evals, 1879410 steps, improv/step: 0.021 (last = 0.0153), fitness=-1795480683.552255869
14104.81 secs, 1883010 evals, 1883321 steps, improv/step: 0.021 (last = 0.0130), fitness=-1795480683.617364883
14134.81 secs, 1887155 evals, 1887469 steps, improv/step: 0.021 (last = 0.0133), fitness=-1795480683.617364883
14164.83 secs, 1891239 evals, 1891556 steps, improv/step: 0.021 (last = 0.0108), fitness=-1795480683.628867626
14194.83 secs, 1895258 evals, 1895576 steps, improv/step: 0.021 (last = 0.0152), fitness=-1795480683.670249462
14224.83 secs, 1899360 evals, 1899679 steps, improv/step: 0.021 (last = 0.0124), fitness=-1795480683.708201647
14254.83 secs, 1903283 evals, 1903602 steps, improv/step: 0.021 (last = 0.0135), fitness=-1795480683.711458445
14284.91 secs, 1907230 evals, 1907551 steps, improv/step: 0.021 (last = 0.0144), fitness=-1795480683.726344585
14314.92 secs, 1911132 evals, 1911453 steps, improv/step: 0.021 (last = 0.0100), fitness=-1795480683.738159657
14344.92 secs, 1915128 evals, 1915450 steps, improv/step: 0.021 (last = 0.0165), fitness=-1795480683.766994953
14374.92 secs, 1919147 evals, 1919470 steps, improv/step: 0.021 (last = 0.0104), fitness=-1795480683.780421734
14404.92 secs, 1923051 evals, 1923374 steps, improv/step: 0.021 (last = 0.0146), fitness=-1795480683.801674128
14434.93 secs, 1927003 evals, 1927326 steps, improv/step: 0.021 (last = 0.0134), fitness=-1795480683.821829319
14464.94 secs, 1931012 evals, 1931336 steps, improv/step: 0.021 (last = 0.0147), fitness=-1795480683.843547344
14494.94 secs, 1935068 evals, 1935393 steps, improv/step: 0.021 (last = 0.0140), fitness=-1795480683.850284576
14524.95 secs, 1939112 evals, 1939437 steps, improv/step: 0.021 (last = 0.0134), fitness=-1795480683.881042480
14554.95 secs, 1943215 evals, 1943540 steps, improv/step: 0.021 (last = 0.0146), fitness=-1795480683.881117582
14584.96 secs, 1947358 evals, 1947684 steps, improv/step: 0.021 (last = 0.0109), fitness=-1795480683.894348860
14614.96 secs, 1951268 evals, 1951594 steps, improv/step: 0.021 (last = 0.0153), fitness=-1795480683.909628153
14644.96 secs, 1955241 evals, 1955568 steps, improv/step: 0.021 (last = 0.0126), fitness=-1795480683.910902977
14674.96 secs, 1959206 evals, 1959533 steps, improv/step: 0.021 (last = 0.0119), fitness=-1795480683.929197788
14704.97 secs, 1963383 evals, 1963712 steps, improv/step: 0.021 (last = 0.0129), fitness=-1795480683.989943027
14734.98 secs, 1967434 evals, 1967764 steps, improv/step: 0.021 (last = 0.0123), fitness=-1795480684.013402462
14764.98 secs, 1971438 evals, 1971768 steps, improv/step: 0.021 (last = 0.0120), fitness=-1795480684.013800859
14794.99 secs, 1975407 evals, 1975738 steps, improv/step: 0.021 (last = 0.0149), fitness=-1795480684.027954102
14824.99 secs, 1979308 evals, 1979639 steps, improv/step: 0.021 (last = 0.0131), fitness=-1795480684.039513826
14855.00 secs, 1983468 evals, 1983800 steps, improv/step: 0.021 (last = 0.0120), fitness=-1795480684.047120094
14885.03 secs, 1987657 evals, 1987991 steps, improv/step: 0.021 (last = 0.0150), fitness=-1795480684.072073936
14915.03 secs, 1991809 evals, 1992144 steps, improv/step: 0.021 (last = 0.0128), fitness=-1795480684.092076778
14945.05 secs, 1995837 evals, 1996174 steps, improv/step: 0.021 (last = 0.0114), fitness=-1795480684.120859146
14975.12 secs, 1999983 evals, 2000322 steps, improv/step: 0.021 (last = 0.0137), fitness=-1795480684.139576912
15005.13 secs, 2004004 evals, 2004343 steps, improv/step: 0.021 (last = 0.0129), fitness=-1795480684.150869846
15035.13 secs, 2007947 evals, 2008286 steps, improv/step: 0.021 (last = 0.0114), fitness=-1795480684.159523010
15065.13 secs, 2011867 evals, 2012208 steps, improv/step: 0.021 (last = 0.0112), fitness=-1795480684.176205873
15095.14 secs, 2015909 evals, 2016250 steps, improv/step: 0.021 (last = 0.0134), fitness=-1795480684.193342209
15125.14 secs, 2019978 evals, 2020321 steps, improv/step: 0.021 (last = 0.0147), fitness=-1795480684.196529388
15155.15 secs, 2023899 evals, 2024242 steps, improv/step: 0.021 (last = 0.0128), fitness=-1795480684.208071470
15185.15 secs, 2027787 evals, 2028130 steps, improv/step: 0.021 (last = 0.0116), fitness=-1795480684.210206747
15215.15 secs, 2031713 evals, 2032056 steps, improv/step: 0.021 (last = 0.0112), fitness=-1795480684.226111650
15245.15 secs, 2035686 evals, 2036029 steps, improv/step: 0.021 (last = 0.0121), fitness=-1795480684.230796099
15275.16 secs, 2039701 evals, 2040045 steps, improv/step: 0.021 (last = 0.0137), fitness=-1795480684.238846064
15305.16 secs, 2043786 evals, 2044130 steps, improv/step: 0.021 (last = 0.0118), fitness=-1795480684.244201183
15335.16 secs, 2048028 evals, 2048372 steps, improv/step: 0.021 (last = 0.0139), fitness=-1795480684.252592325
15365.17 secs, 2052122 evals, 2052467 steps, improv/step: 0.021 (last = 0.0110), fitness=-1795480684.260557890
15395.18 secs, 2056094 evals, 2056439 steps, improv/step: 0.021 (last = 0.0106), fitness=-1795480684.277807951
15425.18 secs, 2060069 evals, 2060415 steps, improv/step: 0.021 (last = 0.0138), fitness=-1795480684.288992405
15455.18 secs, 2064122 evals, 2064469 steps, improv/step: 0.021 (last = 0.0121), fitness=-1795480684.305937052
15485.19 secs, 2068069 evals, 2068417 steps, improv/step: 0.021 (last = 0.0127), fitness=-1795480684.316545963
15515.19 secs, 2072022 evals, 2072371 steps, improv/step: 0.021 (last = 0.0126), fitness=-1795480684.329218864
15545.19 secs, 2075982 evals, 2076332 steps, improv/step: 0.021 (last = 0.0167), fitness=-1795480684.347131014
15575.20 secs, 2080000 evals, 2080352 steps, improv/step: 0.021 (last = 0.0117), fitness=-1795480684.350567341
15605.20 secs, 2083999 evals, 2084352 steps, improv/step: 0.021 (last = 0.0147), fitness=-1795480684.358838320
15635.21 secs, 2087900 evals, 2088254 steps, improv/step: 0.021 (last = 0.0123), fitness=-1795480684.364537001
15665.27 secs, 2091968 evals, 2092322 steps, improv/step: 0.021 (last = 0.0130), fitness=-1795480684.375865936
15695.33 secs, 2095868 evals, 2096223 steps, improv/step: 0.021 (last = 0.0146), fitness=-1795480684.376028061
15725.41 secs, 2099876 evals, 2100231 steps, improv/step: 0.021 (last = 0.0115), fitness=-1795480684.382434368
15755.49 secs, 2103887 evals, 2104245 steps, improv/step: 0.020 (last = 0.0122), fitness=-1795480684.403715611
15785.50 secs, 2107876 evals, 2108237 steps, improv/step: 0.020 (last = 0.0148), fitness=-1795480684.424303770
15815.50 secs, 2111787 evals, 2112150 steps, improv/step: 0.020 (last = 0.0166), fitness=-1795480684.428880692
15845.58 secs, 2115726 evals, 2116092 steps, improv/step: 0.020 (last = 0.0157), fitness=-1795480684.439304352
15875.59 secs, 2119586 evals, 2119953 steps, improv/step: 0.020 (last = 0.0161), fitness=-1795480684.451266289
15905.59 secs, 2123477 evals, 2123845 steps, improv/step: 0.020 (last = 0.0139), fitness=-1795480684.458305836
15935.60 secs, 2127383 evals, 2127752 steps, improv/step: 0.020 (last = 0.0171), fitness=-1795480684.469328880
15965.60 secs, 2131319 evals, 2131691 steps, improv/step: 0.020 (last = 0.0127), fitness=-1795480684.479129076
15995.60 secs, 2135158 evals, 2135530 steps, improv/step: 0.020 (last = 0.0122), fitness=-1795480684.482145309
16025.61 secs, 2139097 evals, 2139470 steps, improv/step: 0.020 (last = 0.0190), fitness=-1795480684.486222982
16055.64 secs, 2142983 evals, 2143359 steps, improv/step: 0.020 (last = 0.0139), fitness=-1795480684.492376566
16085.70 secs, 2146811 evals, 2147189 steps, improv/step: 0.020 (last = 0.0112), fitness=-1795480684.500625849
16115.70 secs, 2150810 evals, 2151188 steps, improv/step: 0.020 (last = 0.0128), fitness=-1795480684.511888504
16145.70 secs, 2154885 evals, 2155264 steps, improv/step: 0.020 (last = 0.0152), fitness=-1795480684.516948938
16175.76 secs, 2158844 evals, 2159223 steps, improv/step: 0.020 (last = 0.0136), fitness=-1795480684.533432007
16205.76 secs, 2162804 evals, 2163184 steps, improv/step: 0.020 (last = 0.0119), fitness=-1795480684.552625418
16235.77 secs, 2166712 evals, 2167092 steps, improv/step: 0.020 (last = 0.0182), fitness=-1795480684.567166567
16265.77 secs, 2170776 evals, 2171157 steps, improv/step: 0.020 (last = 0.0153), fitness=-1795480684.583785772
16295.78 secs, 2174713 evals, 2175094 steps, improv/step: 0.020 (last = 0.0170), fitness=-1795480684.585478306
16325.78 secs, 2178760 evals, 2179141 steps, improv/step: 0.020 (last = 0.0116), fitness=-1795480684.589027643
16355.78 secs, 2182621 evals, 2183002 steps, improv/step: 0.020 (last = 0.0132), fitness=-1795480684.601495743
16385.79 secs, 2186595 evals, 2186976 steps, improv/step: 0.020 (last = 0.0146), fitness=-1795480684.615977049
16415.80 secs, 2190685 evals, 2191066 steps, improv/step: 0.020 (last = 0.0144), fitness=-1795480684.626365185
16445.80 secs, 2194719 evals, 2195100 steps, improv/step: 0.020 (last = 0.0139), fitness=-1795480684.635622025
16475.81 secs, 2198669 evals, 2199050 steps, improv/step: 0.020 (last = 0.0157), fitness=-1795480684.646473169
16505.81 secs, 2202600 evals, 2202982 steps, improv/step: 0.020 (last = 0.0120), fitness=-1795480684.658037901
16535.81 secs, 2206587 evals, 2206969 steps, improv/step: 0.020 (last = 0.0100), fitness=-1795480684.658037901
16565.81 secs, 2210577 evals, 2210961 steps, improv/step: 0.020 (last = 0.0103), fitness=-1795480684.663521528
16595.82 secs, 2214454 evals, 2214841 steps, improv/step: 0.020 (last = 0.0098), fitness=-1795480684.673661709
16625.82 secs, 2218374 evals, 2218762 steps, improv/step: 0.020 (last = 0.0135), fitness=-1795480684.673661709
16655.82 secs, 2222311 evals, 2222699 steps, improv/step: 0.020 (last = 0.0130), fitness=-1795480684.676021576
16685.83 secs, 2226242 evals, 2226631 steps, improv/step: 0.020 (last = 0.0102), fitness=-1795480684.681154966
16715.83 secs, 2230214 evals, 2230606 steps, improv/step: 0.020 (last = 0.0164), fitness=-1795480684.694011927
16745.83 secs, 2234291 evals, 2234684 steps, improv/step: 0.020 (last = 0.0152), fitness=-1795480684.707210541
16775.84 secs, 2238194 evals, 2238588 steps, improv/step: 0.020 (last = 0.0141), fitness=-1795480684.721544266
16805.84 secs, 2242157 evals, 2242551 steps, improv/step: 0.020 (last = 0.0134), fitness=-1795480684.721544266
16835.84 secs, 2246040 evals, 2246434 steps, improv/step: 0.020 (last = 0.0134), fitness=-1795480684.726314783
16865.85 secs, 2250012 evals, 2250406 steps, improv/step: 0.020 (last = 0.0144), fitness=-1795480684.731289625
16895.85 secs, 2254105 evals, 2254501 steps, improv/step: 0.020 (last = 0.0142), fitness=-1795480684.739556074
16925.92 secs, 2258188 evals, 2258586 steps, improv/step: 0.020 (last = 0.0130), fitness=-1795480684.742914677
16955.92 secs, 2262228 evals, 2262626 steps, improv/step: 0.020 (last = 0.0131), fitness=-1795480684.747534275
16985.92 secs, 2266257 evals, 2266655 steps, improv/step: 0.020 (last = 0.0129), fitness=-1795480684.759437799
17015.92 secs, 2270140 evals, 2270541 steps, improv/step: 0.020 (last = 0.0167), fitness=-1795480684.759437799
17045.93 secs, 2274006 evals, 2274408 steps, improv/step: 0.020 (last = 0.0132), fitness=-1795480684.768316746
17075.94 secs, 2277830 evals, 2278232 steps, improv/step: 0.020 (last = 0.0144), fitness=-1795480684.797987223
17105.94 secs, 2281555 evals, 2281958 steps, improv/step: 0.020 (last = 0.0134), fitness=-1795480684.804700375
17135.94 secs, 2285297 evals, 2285700 steps, improv/step: 0.020 (last = 0.0150), fitness=-1795480684.812073708
17165.95 secs, 2289265 evals, 2289669 steps, improv/step: 0.020 (last = 0.0131), fitness=-1795480684.836308718
17195.96 secs, 2292987 evals, 2293393 steps, improv/step: 0.020 (last = 0.0107), fitness=-1795480684.862157106
17226.11 secs, 2296698 evals, 2297105 steps, improv/step: 0.020 (last = 0.0097), fitness=-1795480684.866003990
17256.11 secs, 2300491 evals, 2300898 steps, improv/step: 0.020 (last = 0.0137), fitness=-1795480684.870617151
17286.11 secs, 2304338 evals, 2304745 steps, improv/step: 0.020 (last = 0.0125), fitness=-1795480684.885711432
17316.12 secs, 2308127 evals, 2308535 steps, improv/step: 0.020 (last = 0.0116), fitness=-1795480684.885711432
17346.13 secs, 2311831 evals, 2312239 steps, improv/step: 0.020 (last = 0.0124), fitness=-1795480684.889083147
17376.13 secs, 2315505 evals, 2315913 steps, improv/step: 0.020 (last = 0.0112), fitness=-1795480684.901442766
17406.13 secs, 2319217 evals, 2319627 steps, improv/step: 0.020 (last = 0.0178), fitness=-1795480684.925353050
17436.13 secs, 2322968 evals, 2323378 steps, improv/step: 0.020 (last = 0.0160), fitness=-1795480684.939710379
17466.14 secs, 2326778 evals, 2327189 steps, improv/step: 0.020 (last = 0.0152), fitness=-1795480684.954744101
17496.14 secs, 2330544 evals, 2330955 steps, improv/step: 0.020 (last = 0.0133), fitness=-1795480684.957497835
17526.25 secs, 2334468 evals, 2334880 steps, improv/step: 0.020 (last = 0.0125), fitness=-1795480684.967818022
17556.25 secs, 2338325 evals, 2338737 steps, improv/step: 0.020 (last = 0.0150), fitness=-1795480684.976636410
17586.26 secs, 2342092 evals, 2342504 steps, improv/step: 0.020 (last = 0.0173), fitness=-1795480684.994032383
17616.26 secs, 2345926 evals, 2346338 steps, improv/step: 0.020 (last = 0.0138), fitness=-1795480684.994032383
17646.27 secs, 2349702 evals, 2350115 steps, improv/step: 0.020 (last = 0.0116), fitness=-1795480685.008936167
17676.27 secs, 2353330 evals, 2353744 steps, improv/step: 0.020 (last = 0.0143), fitness=-1795480685.008936167
17706.27 secs, 2357135 evals, 2357549 steps, improv/step: 0.020 (last = 0.0116), fitness=-1795480685.032258511
17736.27 secs, 2360970 evals, 2361385 steps, improv/step: 0.020 (last = 0.0094), fitness=-1795480685.035110235
17766.28 secs, 2364716 evals, 2365131 steps, improv/step: 0.020 (last = 0.0136), fitness=-1795480685.037764549
17796.29 secs, 2368472 evals, 2368888 steps, improv/step: 0.020 (last = 0.0117), fitness=-1795480685.042472124
17826.29 secs, 2372244 evals, 2372661 steps, improv/step: 0.020 (last = 0.0130), fitness=-1795480685.054291010
17856.30 secs, 2376041 evals, 2376459 steps, improv/step: 0.020 (last = 0.0113), fitness=-1795480685.054291010
17886.30 secs, 2379807 evals, 2380226 steps, improv/step: 0.020 (last = 0.0149), fitness=-1795480685.072517395
17916.31 secs, 2383563 evals, 2383983 steps, improv/step: 0.020 (last = 0.0154), fitness=-1795480685.086131096
17946.31 secs, 2387510 evals, 2387932 steps, improv/step: 0.020 (last = 0.0109), fitness=-1795480685.098221540
17976.31 secs, 2391147 evals, 2391569 steps, improv/step: 0.020 (last = 0.0132), fitness=-1795480685.098221540
18006.32 secs, 2394993 evals, 2395416 steps, improv/step: 0.020 (last = 0.0099), fitness=-1795480685.098955154
18036.33 secs, 2398786 evals, 2399210 steps, improv/step: 0.020 (last = 0.0105), fitness=-1795480685.102494001
18066.42 secs, 2402512 evals, 2402937 steps, improv/step: 0.020 (last = 0.0094), fitness=-1795480685.110871077
18096.42 secs, 2406295 evals, 2406722 steps, improv/step: 0.020 (last = 0.0122), fitness=-1795480685.118250847
18126.43 secs, 2410056 evals, 2410483 steps, improv/step: 0.020 (last = 0.0109), fitness=-1795480685.122081995
18156.43 secs, 2413812 evals, 2414241 steps, improv/step: 0.020 (last = 0.0088), fitness=-1795480685.127046108
18186.45 secs, 2417540 evals, 2417969 steps, improv/step: 0.020 (last = 0.0118), fitness=-1795480685.138265848
18216.49 secs, 2421425 evals, 2421857 steps, improv/step: 0.020 (last = 0.0082), fitness=-1795480685.143936396
18246.49 secs, 2425227 evals, 2425660 steps, improv/step: 0.020 (last = 0.0092), fitness=-1795480685.145914078
18276.50 secs, 2429003 evals, 2429436 steps, improv/step: 0.020 (last = 0.0098), fitness=-1795480685.152004719
18306.50 secs, 2432740 evals, 2433173 steps, improv/step: 0.019 (last = 0.0067), fitness=-1795480685.156949997
18336.51 secs, 2436490 evals, 2436924 steps, improv/step: 0.019 (last = 0.0091), fitness=-1795480685.162755013
18366.52 secs, 2440346 evals, 2440780 steps, improv/step: 0.019 (last = 0.0088), fitness=-1795480685.164120913
18396.52 secs, 2444209 evals, 2444643 steps, improv/step: 0.019 (last = 0.0083), fitness=-1795480685.172587395
18426.53 secs, 2448008 evals, 2448442 steps, improv/step: 0.019 (last = 0.0100), fitness=-1795480685.173655510
18456.61 secs, 2451813 evals, 2452248 steps, improv/step: 0.019 (last = 0.0074), fitness=-1795480685.178708792
18486.61 secs, 2455474 evals, 2455913 steps, improv/step: 0.019 (last = 0.0090), fitness=-1795480685.182214022
18516.62 secs, 2459139 evals, 2459579 steps, improv/step: 0.019 (last = 0.0104), fitness=-1795480685.182214022
18546.63 secs, 2462877 evals, 2463317 steps, improv/step: 0.019 (last = 0.0096), fitness=-1795480685.183804274
18576.63 secs, 2466563 evals, 2467003 steps, improv/step: 0.019 (last = 0.0098), fitness=-1795480685.186512470
18606.64 secs, 2470493 evals, 2470933 steps, improv/step: 0.019 (last = 0.0137), fitness=-1795480685.188700199
18636.64 secs, 2474279 evals, 2474719 steps, improv/step: 0.019 (last = 0.0098), fitness=-1795480685.193684816
18666.65 secs, 2478101 evals, 2478543 steps, improv/step: 0.019 (last = 0.0144), fitness=-1795480685.196094275
18696.66 secs, 2481755 evals, 2482197 steps, improv/step: 0.019 (last = 0.0126), fitness=-1795480685.199047565
18726.72 secs, 2485506 evals, 2485948 steps, improv/step: 0.019 (last = 0.0133), fitness=-1795480685.199775219
18756.72 secs, 2489079 evals, 2489522 steps, improv/step: 0.019 (last = 0.0126), fitness=-1795480685.202097416
18786.72 secs, 2492794 evals, 2493237 steps, improv/step: 0.019 (last = 0.0102), fitness=-1795480685.206078291
18816.73 secs, 2496636 evals, 2497080 steps, improv/step: 0.019 (last = 0.0130), fitness=-1795480685.210884571

Optimization stopped after 2500446 steps and 18844.63 seconds
Termination reason: Max number of function evaluations (2500000) reached
Steps per second = 132.69
Function evals per second = 132.66
Improvements/step = Inf
Total function evaluations = 2500001


Best candidate found: [102.833, 73.7115, 15.3624, 4.96112, 1328.47, 86.1718, 94.9738, 106.925, 4.8308, 1207.78, 5.17375e-5, 0.000517554, 0.00517094, 0.512985, 0.513141]

Fitness: -1795480685.218828678

-1.7954806852212794e9

[102.83260232754876, 73.71145481588562, 15.362418228083978, 4.9611245032281115, 1328.4659238825855, 86.17177986479172, 94.97377967283924, 106.92463614680459, 4.830834015042052, 1207.7792205622945, 5.173151994892181e-5, 0.0005175524221836661, 0.0051706776787780045, 0.5129853196853211, 0.5131406752586539]

Script has finished
Wed Dec 22 01:28:34 CET 2021

------------------------------------------------------------
Sender: LSF System <schwan@makalu191>
Subject: Job 576389: <Julia_Job_parallel> in cluster <wuerfel> Done

Job <Julia_Job_parallel> was submitted from host <makalu56> by user <magr4985> in cluster <wuerfel> at Tue Dec 21 19:54:39 2021
Job was executed on host(s) <makalu191>, in queue <BatchXL>, as user <magr4985> in cluster <wuerfel> at Tue Dec 21 20:10:37 2021
</usr/scratch4/magr4985> was used as the home directory.
</usr/scratch4/magr4985/TRPL/BatchJobs/syn_data_4/Run1> was used as the working directory.
Started at Tue Dec 21 20:10:37 2021
Terminated at Wed Dec 22 01:28:34 2021
Results reported at Wed Dec 22 01:28:34 2021

Your job looked like:

------------------------------------------------------------
# LSBATCH: User input
#!/bin/csh 
#BSUB -q BatchXL 
#BSUB -R "mem > 8000 span[hosts=1] && intel_avx2" 
#BSUB -oo lsf_julia_%J.log 
#BSUB -eo lsf_julia_%J.err 
#BSUB -J Julia_Job_parallel 
#BSUB -L /bin/csh 
#BSUB -n 1 
date 
pwd 
module purge 
/usr/scratch4/magr4985/julia-1.6.2/bin/julia -t 4 /usr/scratch4/magr4985/TRPL/Programs/trpl_analysis_syn.jl 4 2500000 1 /usr/scratch4/magr4985/TRPL/BatchJobs/syn_data_4/Run1 1.0e-14 3600 "[1.0, 1.0, 1.0, 1.0, 1.0, 1.0, 1.0, 1.0, 1.0, 1.0, 1.0e-6, 1.0e-6, 1.0e-6, 1.0e-6, 1.0e-6, 1.0e-6, 1.0e-6, 1.0e-6, 1.0e-6, 1.0e-6]" "[5000.0, 5000.0, 1000.0, 1000.0, 1.0e9, 1000.0, 10000.0, 10000.0, 1000.0, 1.0e6, 1.0, 1.0, 1.0, 1.0, 1.0, 1.0, 1.0, 1.0, 1.0, 1.0]" 
date
------------------------------------------------------------

Successfully completed.

Resource usage summary:

    CPU time :                                   33200.77 sec.
    Max Memory :                                 1353.91 MB
    Average Memory :                             1145.75 MB
    Total Requested Memory :                     -
    Delta Memory :                               -
    Max Swap :                                   256 KB
    Max Processes :                              4
    Max Threads :                                12
    Run time :                                   19077 sec.
    Turnaround time :                            20035 sec.

The output (if any) is above this job summary.



PS:

Read file <lsf_julia_576389.err> for stderr output of this job.

