Warning: no access to tty (Bad file descriptor).
Thus no job control in this shell.
Warning: no access to tty (Bad file descriptor).
Thus no job control in this shell.
Sat Dec 18 15:58:29 CET 2021
/usr/scratch4/magr4985/TRPL/BatchJobs/C2704_hzb/Run4
# Thread: 4
76748076962876884 RNG Seed
Run 1
Starting optimization with optimizer DiffEvoOpt{FitPopulation{Float64}, RadiusLimitedSelector, BlackBoxOptim.DiffEvoRandBin{3}, RandomBound{ContinuousRectSearchSpace}}
0.00 secs, 0 evals, 0 steps
30.00 secs, 3055 evals, 2964 steps, improv/step: 0.318 (last = 0.3178), fitness=-338875343.265199482
60.00 secs, 6218 evals, 6127 steps, improv/step: 0.249 (last = 0.1843), fitness=-353703030.958978295
90.03 secs, 9370 evals, 9279 steps, improv/step: 0.214 (last = 0.1453), fitness=-356041819.174700141
120.04 secs, 12574 evals, 12484 steps, improv/step: 0.193 (last = 0.1314), fitness=-356639842.746153712
150.04 secs, 15890 evals, 15800 steps, improv/step: 0.174 (last = 0.1049), fitness=-356759943.228938162
180.05 secs, 19244 evals, 19154 steps, improv/step: 0.162 (last = 0.1020), fitness=-356929630.803545117
210.05 secs, 22594 evals, 22504 steps, improv/step: 0.156 (last = 0.1245), fitness=-357061661.741110921
240.05 secs, 25912 evals, 25822 steps, improv/step: 0.153 (last = 0.1308), fitness=-357110521.391378880
270.06 secs, 29234 evals, 29144 steps, improv/step: 0.148 (last = 0.1126), fitness=-357129640.375977337
300.06 secs, 32652 evals, 32562 steps, improv/step: 0.142 (last = 0.0919), fitness=-357138862.530970812
330.06 secs, 36010 evals, 35921 steps, improv/step: 0.138 (last = 0.0932), fitness=-357141470.367265105
360.07 secs, 39411 evals, 39323 steps, improv/step: 0.132 (last = 0.0732), fitness=-357143880.098188877
390.07 secs, 42501 evals, 42414 steps, improv/step: 0.127 (last = 0.0579), fitness=-357145022.276267529
420.07 secs, 45655 evals, 45568 steps, improv/step: 0.121 (last = 0.0510), fitness=-357145505.679579854
450.09 secs, 48774 evals, 48687 steps, improv/step: 0.118 (last = 0.0648), fitness=-357145862.772984385
480.10 secs, 51858 evals, 51771 steps, improv/step: 0.114 (last = 0.0554), fitness=-357146122.823277175
510.10 secs, 55166 evals, 55079 steps, improv/step: 0.110 (last = 0.0466), fitness=-357146269.189935625
540.10 secs, 58424 evals, 58337 steps, improv/step: 0.107 (last = 0.0556), fitness=-357146470.624673128
570.11 secs, 61616 evals, 61529 steps, improv/step: 0.104 (last = 0.0555), fitness=-357146529.353789628
600.11 secs, 64730 evals, 64643 steps, improv/step: 0.101 (last = 0.0427), fitness=-357146541.314336538
630.11 secs, 67857 evals, 67770 steps, improv/step: 0.099 (last = 0.0438), fitness=-357146581.111466706
660.12 secs, 71056 evals, 70969 steps, improv/step: 0.097 (last = 0.0613), fitness=-357146616.215042114
690.12 secs, 74365 evals, 74278 steps, improv/step: 0.094 (last = 0.0399), fitness=-357146632.826248586
720.17 secs, 77501 evals, 77414 steps, improv/step: 0.092 (last = 0.0408), fitness=-357146656.887546599
750.17 secs, 80687 evals, 80601 steps, improv/step: 0.090 (last = 0.0442), fitness=-357146662.223473608
780.20 secs, 83997 evals, 83911 steps, improv/step: 0.089 (last = 0.0459), fitness=-357146668.484071672
810.26 secs, 87227 evals, 87141 steps, improv/step: 0.087 (last = 0.0446), fitness=-357146672.286004901
840.26 secs, 90454 evals, 90368 steps, improv/step: 0.085 (last = 0.0409), fitness=-357146675.244599700
870.26 secs, 93763 evals, 93677 steps, improv/step: 0.084 (last = 0.0505), fitness=-357146676.612631202
900.26 secs, 96961 evals, 96875 steps, improv/step: 0.083 (last = 0.0435), fitness=-357146677.181550205
930.27 secs, 100213 evals, 100127 steps, improv/step: 0.082 (last = 0.0474), fitness=-357146678.121995628
960.27 secs, 103266 evals, 103180 steps, improv/step: 0.081 (last = 0.0439), fitness=-357146678.604788303
990.27 secs, 106607 evals, 106522 steps, improv/step: 0.079 (last = 0.0350), fitness=-357146678.990853608
1020.34 secs, 109966 evals, 109881 steps, improv/step: 0.078 (last = 0.0375), fitness=-357146679.226264477
1050.35 secs, 113324 evals, 113239 steps, improv/step: 0.077 (last = 0.0375), fitness=-357146679.486204326
1080.39 secs, 116750 evals, 116665 steps, improv/step: 0.076 (last = 0.0397), fitness=-357146679.704160154
1110.39 secs, 120166 evals, 120081 steps, improv/step: 0.075 (last = 0.0416), fitness=-357146679.904119611
1140.40 secs, 123588 evals, 123505 steps, improv/step: 0.074 (last = 0.0607), fitness=-357146679.961512029
1170.41 secs, 126916 evals, 126834 steps, improv/step: 0.074 (last = 0.0613), fitness=-357146680.053834319
1200.41 secs, 130218 evals, 130136 steps, improv/step: 0.073 (last = 0.0584), fitness=-357146680.181960583
1230.42 secs, 133549 evals, 133467 steps, improv/step: 0.073 (last = 0.0549), fitness=-357146680.367485940
1260.42 secs, 136904 evals, 136822 steps, improv/step: 0.072 (last = 0.0453), fitness=-357146680.519000292
1290.43 secs, 140302 evals, 140220 steps, improv/step: 0.072 (last = 0.0547), fitness=-357146680.812375188
1320.43 secs, 143599 evals, 143517 steps, improv/step: 0.071 (last = 0.0537), fitness=-357146680.953059852
1350.43 secs, 147005 evals, 146923 steps, improv/step: 0.071 (last = 0.0578), fitness=-357146681.300742149
1380.43 secs, 150322 evals, 150240 steps, improv/step: 0.071 (last = 0.0458), fitness=-357146681.743903995
1410.44 secs, 153705 evals, 153623 steps, improv/step: 0.070 (last = 0.0426), fitness=-357146682.405847490
1440.44 secs, 157255 evals, 157173 steps, improv/step: 0.069 (last = 0.0358), fitness=-357146682.741394043
1470.44 secs, 160929 evals, 160848 steps, improv/step: 0.068 (last = 0.0321), fitness=-357146682.980759263
1500.45 secs, 164512 evals, 164431 steps, improv/step: 0.067 (last = 0.0248), fitness=-357146683.668157756
1530.45 secs, 168058 evals, 167977 steps, improv/step: 0.067 (last = 0.0310), fitness=-357146683.931738079
1560.46 secs, 171712 evals, 171631 steps, improv/step: 0.066 (last = 0.0290), fitness=-357146684.289102912
1590.46 secs, 175344 evals, 175264 steps, improv/step: 0.065 (last = 0.0314), fitness=-357146684.666867733
1620.46 secs, 178627 evals, 178547 steps, improv/step: 0.064 (last = 0.0271), fitness=-357146685.481117010
1650.47 secs, 182230 evals, 182150 steps, improv/step: 0.064 (last = 0.0291), fitness=-357146685.799214303
1680.52 secs, 185832 evals, 185752 steps, improv/step: 0.063 (last = 0.0322), fitness=-357146686.226131201
1710.52 secs, 189524 evals, 189446 steps, improv/step: 0.062 (last = 0.0295), fitness=-357146686.770344377
1740.53 secs, 193076 evals, 192998 steps, improv/step: 0.062 (last = 0.0324), fitness=-357146687.289306462
1770.53 secs, 196615 evals, 196538 steps, improv/step: 0.061 (last = 0.0251), fitness=-357146687.745344520
1800.54 secs, 200216 evals, 200139 steps, improv/step: 0.061 (last = 0.0328), fitness=-357146688.093324065
1830.54 secs, 203587 evals, 203510 steps, improv/step: 0.060 (last = 0.0264), fitness=-357146688.565824389
1860.54 secs, 207124 evals, 207048 steps, improv/step: 0.060 (last = 0.0300), fitness=-357146688.991190493
1890.55 secs, 210602 evals, 210526 steps, improv/step: 0.059 (last = 0.0256), fitness=-357146689.141064048
1920.62 secs, 214190 evals, 214114 steps, improv/step: 0.059 (last = 0.0307), fitness=-357146689.636286378
1950.63 secs, 217780 evals, 217704 steps, improv/step: 0.058 (last = 0.0337), fitness=-357146690.463724196
1980.63 secs, 221283 evals, 221207 steps, improv/step: 0.058 (last = 0.0217), fitness=-357146690.760162055
2010.64 secs, 224837 evals, 224762 steps, improv/step: 0.057 (last = 0.0211), fitness=-357146690.928775966
2040.64 secs, 228422 evals, 228347 steps, improv/step: 0.057 (last = 0.0273), fitness=-357146691.457288861
2070.64 secs, 231942 evals, 231867 steps, improv/step: 0.056 (last = 0.0216), fitness=-357146691.674072146
2100.65 secs, 235627 evals, 235555 steps, improv/step: 0.055 (last = 0.0195), fitness=-357146691.942001283
2130.65 secs, 239194 evals, 239123 steps, improv/step: 0.055 (last = 0.0221), fitness=-357146692.009259224
2160.66 secs, 242483 evals, 242412 steps, improv/step: 0.055 (last = 0.0216), fitness=-357146692.421686530
2190.78 secs, 245872 evals, 245801 steps, improv/step: 0.054 (last = 0.0257), fitness=-357146692.614645660
2220.78 secs, 249330 evals, 249259 steps, improv/step: 0.054 (last = 0.0388), fitness=-357146692.921438396
2250.79 secs, 252819 evals, 252748 steps, improv/step: 0.053 (last = 0.0218), fitness=-357146693.523797035
2280.79 secs, 256298 evals, 256227 steps, improv/step: 0.053 (last = 0.0262), fitness=-357146693.616592824
2310.79 secs, 259702 evals, 259632 steps, improv/step: 0.053 (last = 0.0267), fitness=-357146693.986026943
2340.80 secs, 263186 evals, 263117 steps, improv/step: 0.052 (last = 0.0301), fitness=-357146694.288050711
2370.80 secs, 266851 evals, 266782 steps, improv/step: 0.052 (last = 0.0278), fitness=-357146695.004120946
2400.80 secs, 270372 evals, 270303 steps, improv/step: 0.052 (last = 0.0227), fitness=-357146695.315660059
2430.81 secs, 273737 evals, 273669 steps, improv/step: 0.051 (last = 0.0199), fitness=-357146695.662555575
2460.88 secs, 277171 evals, 277103 steps, improv/step: 0.051 (last = 0.0236), fitness=-357146696.579794705
2490.89 secs, 280532 evals, 280466 steps, improv/step: 0.051 (last = 0.0208), fitness=-357146697.581856668
2520.89 secs, 284072 evals, 284006 steps, improv/step: 0.050 (last = 0.0195), fitness=-357146698.346671164
2550.89 secs, 287657 evals, 287591 steps, improv/step: 0.050 (last = 0.0192), fitness=-357146698.779794574
2580.90 secs, 291161 evals, 291096 steps, improv/step: 0.049 (last = 0.0185), fitness=-357146699.653501630
2610.90 secs, 294797 evals, 294734 steps, improv/step: 0.049 (last = 0.0173), fitness=-357146701.271635473
2640.91 secs, 298164 evals, 298102 steps, improv/step: 0.049 (last = 0.0214), fitness=-357146702.232219875
2670.98 secs, 301651 evals, 301589 steps, improv/step: 0.048 (last = 0.0235), fitness=-357146703.777719080
2700.99 secs, 305117 evals, 305057 steps, improv/step: 0.048 (last = 0.0219), fitness=-357146704.082235634
2730.99 secs, 308594 evals, 308535 steps, improv/step: 0.048 (last = 0.0227), fitness=-357146704.785243154
2761.00 secs, 312115 evals, 312057 steps, improv/step: 0.048 (last = 0.0261), fitness=-357146705.298296154
2791.00 secs, 315621 evals, 315563 steps, improv/step: 0.047 (last = 0.0328), fitness=-357146706.346925497
2821.00 secs, 319261 evals, 319203 steps, improv/step: 0.047 (last = 0.0225), fitness=-357146707.062981904
2851.01 secs, 322346 evals, 322289 steps, improv/step: 0.047 (last = 0.0240), fitness=-357146707.909297347
2881.01 secs, 325618 evals, 325561 steps, improv/step: 0.047 (last = 0.0202), fitness=-357146709.108280957
2911.07 secs, 329009 evals, 328953 steps, improv/step: 0.047 (last = 0.0286), fitness=-357146709.965569794
2941.08 secs, 332272 evals, 332217 steps, improv/step: 0.046 (last = 0.0227), fitness=-357146710.349689662
2971.08 secs, 335586 evals, 335531 steps, improv/step: 0.046 (last = 0.0163), fitness=-357146711.306550086
3001.08 secs, 339009 evals, 338954 steps, improv/step: 0.046 (last = 0.0175), fitness=-357146711.980291128
3031.14 secs, 342353 evals, 342300 steps, improv/step: 0.045 (last = 0.0230), fitness=-357146713.966030598
3061.14 secs, 345811 evals, 345758 steps, improv/step: 0.045 (last = 0.0139), fitness=-357146714.037070990
3091.15 secs, 349047 evals, 348995 steps, improv/step: 0.045 (last = 0.0167), fitness=-357146714.659097254
3121.15 secs, 352239 evals, 352188 steps, improv/step: 0.045 (last = 0.0153), fitness=-357146715.380856752
3151.16 secs, 355601 evals, 355550 steps, improv/step: 0.044 (last = 0.0178), fitness=-357146716.133120418
3181.16 secs, 359101 evals, 359052 steps, improv/step: 0.044 (last = 0.0246), fitness=-357146717.371425390
3211.16 secs, 362513 evals, 362464 steps, improv/step: 0.044 (last = 0.0199), fitness=-357146718.284932911
3241.18 secs, 365726 evals, 365677 steps, improv/step: 0.044 (last = 0.0184), fitness=-357146718.588385463
3271.18 secs, 368922 evals, 368873 steps, improv/step: 0.044 (last = 0.0278), fitness=-357146719.307456613
3301.18 secs, 372228 evals, 372179 steps, improv/step: 0.043 (last = 0.0239), fitness=-357146719.491553664
3331.25 secs, 375575 evals, 375526 steps, improv/step: 0.043 (last = 0.0194), fitness=-357146719.928656161
3361.25 secs, 378940 evals, 378891 steps, improv/step: 0.043 (last = 0.0226), fitness=-357146720.374153554
3391.26 secs, 382170 evals, 382122 steps, improv/step: 0.043 (last = 0.0201), fitness=-357146721.692167997
3421.26 secs, 385321 evals, 385273 steps, improv/step: 0.043 (last = 0.0175), fitness=-357146722.602329314
3451.33 secs, 388667 evals, 388620 steps, improv/step: 0.042 (last = 0.0164), fitness=-357146722.971512914
3481.36 secs, 392045 evals, 392000 steps, improv/step: 0.042 (last = 0.0186), fitness=-357146723.499676108
3511.47 secs, 395443 evals, 395399 steps, improv/step: 0.042 (last = 0.0174), fitness=-357146724.863832474
3541.48 secs, 398809 evals, 398765 steps, improv/step: 0.042 (last = 0.0163), fitness=-357146726.194247425
3571.48 secs, 402173 evals, 402129 steps, improv/step: 0.042 (last = 0.0163), fitness=-357146726.194247425
3601.58 secs, 405610 evals, 405566 steps, improv/step: 0.041 (last = 0.0169), fitness=-357146727.394528210
3631.58 secs, 408861 evals, 408817 steps, improv/step: 0.041 (last = 0.0138), fitness=-357146728.167879999
3661.59 secs, 412229 evals, 412185 steps, improv/step: 0.041 (last = 0.0181), fitness=-357146728.192020476
3691.59 secs, 415589 evals, 415546 steps, improv/step: 0.041 (last = 0.0211), fitness=-357146729.626114070
3721.59 secs, 419007 evals, 418965 steps, improv/step: 0.041 (last = 0.0152), fitness=-357146730.269158423
3751.59 secs, 422405 evals, 422363 steps, improv/step: 0.040 (last = 0.0200), fitness=-357146730.854274035
3781.59 secs, 425821 evals, 425780 steps, improv/step: 0.040 (last = 0.0167), fitness=-357146731.567304492
3811.72 secs, 429138 evals, 429097 steps, improv/step: 0.040 (last = 0.0190), fitness=-357146731.690279603
3841.72 secs, 432397 evals, 432357 steps, improv/step: 0.040 (last = 0.0221), fitness=-357146733.022381425
3871.72 secs, 435688 evals, 435650 steps, improv/step: 0.040 (last = 0.0137), fitness=-357146733.659482241
3901.83 secs, 439095 evals, 439057 steps, improv/step: 0.040 (last = 0.0138), fitness=-357146733.856997430
3931.83 secs, 442402 evals, 442365 steps, improv/step: 0.039 (last = 0.0184), fitness=-357146734.362210333
3961.83 secs, 445493 evals, 445456 steps, improv/step: 0.039 (last = 0.0139), fitness=-357146735.173085690
3991.84 secs, 448885 evals, 448848 steps, improv/step: 0.039 (last = 0.0183), fitness=-357146736.038667440
4021.85 secs, 452299 evals, 452263 steps, improv/step: 0.039 (last = 0.0155), fitness=-357146736.313826442
4051.85 secs, 455691 evals, 455655 steps, improv/step: 0.039 (last = 0.0156), fitness=-357146736.420664251
4081.85 secs, 459082 evals, 459048 steps, improv/step: 0.039 (last = 0.0224), fitness=-357146737.199424684
4111.85 secs, 462534 evals, 462501 steps, improv/step: 0.038 (last = 0.0153), fitness=-357146737.624085605
4141.85 secs, 465879 evals, 465847 steps, improv/step: 0.038 (last = 0.0209), fitness=-357146738.668672740
4171.86 secs, 469312 evals, 469280 steps, improv/step: 0.038 (last = 0.0175), fitness=-357146739.495689154
4201.86 secs, 472804 evals, 472775 steps, improv/step: 0.038 (last = 0.0169), fitness=-357146739.495689154
4231.90 secs, 476173 evals, 476144 steps, improv/step: 0.038 (last = 0.0229), fitness=-357146740.356951356
4261.99 secs, 479558 evals, 479529 steps, improv/step: 0.038 (last = 0.0174), fitness=-357146740.686316967
4292.00 secs, 482958 evals, 482929 steps, improv/step: 0.038 (last = 0.0168), fitness=-357146740.935970902
4322.00 secs, 486323 evals, 486295 steps, improv/step: 0.037 (last = 0.0199), fitness=-357146741.539991915
4352.00 secs, 489728 evals, 489703 steps, improv/step: 0.037 (last = 0.0161), fitness=-357146741.722291350
4382.00 secs, 492869 evals, 492844 steps, improv/step: 0.037 (last = 0.0191), fitness=-357146742.023272872
4412.00 secs, 496307 evals, 496284 steps, improv/step: 0.037 (last = 0.0201), fitness=-357146742.380495727
4442.01 secs, 499596 evals, 499573 steps, improv/step: 0.037 (last = 0.0189), fitness=-357146742.683574855
4472.17 secs, 502848 evals, 502825 steps, improv/step: 0.037 (last = 0.0175), fitness=-357146742.845714271
4502.17 secs, 506206 evals, 506184 steps, improv/step: 0.037 (last = 0.0205), fitness=-357146743.304020762
4532.33 secs, 509459 evals, 509437 steps, improv/step: 0.037 (last = 0.0169), fitness=-357146743.473610520
4562.33 secs, 512807 evals, 512785 steps, improv/step: 0.036 (last = 0.0203), fitness=-357146743.476565301
4592.33 secs, 516002 evals, 515980 steps, improv/step: 0.036 (last = 0.0210), fitness=-357146744.060239434
4622.44 secs, 519269 evals, 519247 steps, improv/step: 0.036 (last = 0.0217), fitness=-357146744.610269666
4652.44 secs, 522500 evals, 522478 steps, improv/step: 0.036 (last = 0.0180), fitness=-357146744.981262088
4682.45 secs, 525946 evals, 525925 steps, improv/step: 0.036 (last = 0.0183), fitness=-357146745.057440162
4712.45 secs, 529312 evals, 529291 steps, improv/step: 0.036 (last = 0.0137), fitness=-357146745.428166747
4742.45 secs, 532615 evals, 532595 steps, improv/step: 0.036 (last = 0.0197), fitness=-357146745.428978264
4772.47 secs, 535997 evals, 535977 steps, improv/step: 0.036 (last = 0.0148), fitness=-357146745.706481874
4802.48 secs, 539386 evals, 539367 steps, improv/step: 0.036 (last = 0.0189), fitness=-357146746.157631993
4832.48 secs, 542747 evals, 542729 steps, improv/step: 0.035 (last = 0.0113), fitness=-357146746.309657931
4862.48 secs, 546177 evals, 546160 steps, improv/step: 0.035 (last = 0.0175), fitness=-357146747.557165980
4892.48 secs, 549716 evals, 549699 steps, improv/step: 0.035 (last = 0.0178), fitness=-357146747.861738920
4922.63 secs, 553036 evals, 553019 steps, improv/step: 0.035 (last = 0.0232), fitness=-357146748.146480799
4952.63 secs, 556356 evals, 556339 steps, improv/step: 0.035 (last = 0.0142), fitness=-357146748.894263029
4982.64 secs, 559737 evals, 559720 steps, improv/step: 0.035 (last = 0.0154), fitness=-357146749.018143415
5012.65 secs, 563173 evals, 563156 steps, improv/step: 0.035 (last = 0.0166), fitness=-357146749.097451329
5042.65 secs, 566551 evals, 566534 steps, improv/step: 0.035 (last = 0.0175), fitness=-357146749.814024270
5072.65 secs, 569844 evals, 569827 steps, improv/step: 0.035 (last = 0.0140), fitness=-357146749.926988602
5102.66 secs, 573145 evals, 573128 steps, improv/step: 0.034 (last = 0.0215), fitness=-357146750.811258495
5132.67 secs, 576557 evals, 576540 steps, improv/step: 0.034 (last = 0.0223), fitness=-357146750.811258495
5162.67 secs, 579953 evals, 579936 steps, improv/step: 0.034 (last = 0.0221), fitness=-357146751.494857430
5192.67 secs, 583272 evals, 583255 steps, improv/step: 0.034 (last = 0.0187), fitness=-357146751.575835586
5222.79 secs, 586635 evals, 586619 steps, improv/step: 0.034 (last = 0.0172), fitness=-357146752.230791509
5252.94 secs, 589886 evals, 589872 steps, improv/step: 0.034 (last = 0.0191), fitness=-357146752.562158704
5282.94 secs, 593282 evals, 593268 steps, improv/step: 0.034 (last = 0.0159), fitness=-357146752.708989143
5312.94 secs, 596620 evals, 596606 steps, improv/step: 0.034 (last = 0.0168), fitness=-357146752.917202473
5342.95 secs, 599957 evals, 599943 steps, improv/step: 0.034 (last = 0.0201), fitness=-357146753.028704047
5372.95 secs, 603353 evals, 603339 steps, improv/step: 0.034 (last = 0.0203), fitness=-357146753.397226036
5402.96 secs, 606584 evals, 606571 steps, improv/step: 0.034 (last = 0.0170), fitness=-357146753.439514995
5432.98 secs, 609899 evals, 609886 steps, improv/step: 0.034 (last = 0.0175), fitness=-357146753.817180037
5463.02 secs, 613144 evals, 613133 steps, improv/step: 0.033 (last = 0.0154), fitness=-357146753.817180037
5493.03 secs, 616299 evals, 616288 steps, improv/step: 0.033 (last = 0.0127), fitness=-357146753.817180037
5523.03 secs, 619470 evals, 619460 steps, improv/step: 0.033 (last = 0.0164), fitness=-357146753.896598220
5553.04 secs, 622811 evals, 622801 steps, improv/step: 0.033 (last = 0.0120), fitness=-357146754.119007170
5583.11 secs, 626052 evals, 626042 steps, improv/step: 0.033 (last = 0.0173), fitness=-357146754.213621676
5613.11 secs, 629303 evals, 629295 steps, improv/step: 0.033 (last = 0.0181), fitness=-357146754.345824301
5643.12 secs, 632755 evals, 632747 steps, improv/step: 0.033 (last = 0.0156), fitness=-357146754.414479971
5673.12 secs, 636130 evals, 636122 steps, improv/step: 0.033 (last = 0.0204), fitness=-357146754.522450626
5703.13 secs, 639491 evals, 639484 steps, improv/step: 0.033 (last = 0.0277), fitness=-357146754.643170118
5733.13 secs, 642927 evals, 642920 steps, improv/step: 0.033 (last = 0.0236), fitness=-357146754.779599249
5763.13 secs, 646283 evals, 646276 steps, improv/step: 0.033 (last = 0.0143), fitness=-357146754.796804905
5793.14 secs, 649638 evals, 649631 steps, improv/step: 0.033 (last = 0.0241), fitness=-357146755.037983477
5823.14 secs, 652791 evals, 652785 steps, improv/step: 0.033 (last = 0.0197), fitness=-357146755.075796008
5853.15 secs, 656195 evals, 656190 steps, improv/step: 0.032 (last = 0.0261), fitness=-357146755.089814305
5883.15 secs, 659540 evals, 659536 steps, improv/step: 0.032 (last = 0.0269), fitness=-357146755.169624567
5913.15 secs, 662931 evals, 662928 steps, improv/step: 0.032 (last = 0.0286), fitness=-357146755.205873311
5943.16 secs, 666239 evals, 666236 steps, improv/step: 0.032 (last = 0.0230), fitness=-357146755.268889844
5973.16 secs, 669521 evals, 669518 steps, improv/step: 0.032 (last = 0.0225), fitness=-357146755.386334360
6003.17 secs, 672800 evals, 672797 steps, improv/step: 0.032 (last = 0.0220), fitness=-357146755.391921043
6033.17 secs, 676176 evals, 676173 steps, improv/step: 0.032 (last = 0.0184), fitness=-357146755.430618644
6063.18 secs, 679502 evals, 679499 steps, improv/step: 0.032 (last = 0.0210), fitness=-357146755.507554173
6093.18 secs, 682800 evals, 682799 steps, improv/step: 0.032 (last = 0.0236), fitness=-357146755.591111183
6123.19 secs, 686141 evals, 686141 steps, improv/step: 0.032 (last = 0.0194), fitness=-357146755.613946676
6153.23 secs, 689243 evals, 689243 steps, improv/step: 0.032 (last = 0.0206), fitness=-357146755.712798357
6183.23 secs, 692589 evals, 692589 steps, improv/step: 0.032 (last = 0.0197), fitness=-357146755.800047398
6213.23 secs, 696015 evals, 696015 steps, improv/step: 0.032 (last = 0.0210), fitness=-357146755.842788219
6243.24 secs, 699432 evals, 699432 steps, improv/step: 0.032 (last = 0.0179), fitness=-357146755.885179162
6273.25 secs, 702699 evals, 702700 steps, improv/step: 0.032 (last = 0.0190), fitness=-357146756.033726633
6303.25 secs, 706001 evals, 706002 steps, improv/step: 0.032 (last = 0.0164), fitness=-357146756.097640097
6333.25 secs, 709267 evals, 709269 steps, improv/step: 0.032 (last = 0.0159), fitness=-357146756.263523698
6363.25 secs, 712521 evals, 712524 steps, improv/step: 0.032 (last = 0.0129), fitness=-357146756.572433770
6393.26 secs, 715868 evals, 715872 steps, improv/step: 0.031 (last = 0.0173), fitness=-357146756.608514905
6423.27 secs, 719190 evals, 719196 steps, improv/step: 0.031 (last = 0.0165), fitness=-357146756.638854086
6453.27 secs, 722542 evals, 722548 steps, improv/step: 0.031 (last = 0.0116), fitness=-357146756.733552217
6483.28 secs, 725886 evals, 725893 steps, improv/step: 0.031 (last = 0.0114), fitness=-357146756.814154744
6513.28 secs, 729199 evals, 729206 steps, improv/step: 0.031 (last = 0.0118), fitness=-357146756.864239395
6543.29 secs, 732546 evals, 732554 steps, improv/step: 0.031 (last = 0.0191), fitness=-357146756.930326641
6573.29 secs, 735861 evals, 735869 steps, improv/step: 0.031 (last = 0.0220), fitness=-357146757.015819311
6603.30 secs, 739223 evals, 739231 steps, improv/step: 0.031 (last = 0.0137), fitness=-357146757.086995244
6633.41 secs, 742538 evals, 742548 steps, improv/step: 0.031 (last = 0.0184), fitness=-357146757.152591705
6663.60 secs, 745847 evals, 745860 steps, improv/step: 0.031 (last = 0.0169), fitness=-357146757.188506842
6693.61 secs, 749173 evals, 749187 steps, improv/step: 0.031 (last = 0.0180), fitness=-357146757.229995191
6723.61 secs, 752476 evals, 752490 steps, improv/step: 0.031 (last = 0.0200), fitness=-357146757.232324243
6753.61 secs, 755703 evals, 755717 steps, improv/step: 0.031 (last = 0.0267), fitness=-357146757.358968437
6783.62 secs, 758708 evals, 758722 steps, improv/step: 0.031 (last = 0.0260), fitness=-357146757.494326770
6813.62 secs, 761724 evals, 761739 steps, improv/step: 0.031 (last = 0.0239), fitness=-357146757.571377277
6843.62 secs, 764832 evals, 764848 steps, improv/step: 0.031 (last = 0.0212), fitness=-357146757.628156781
6873.63 secs, 767840 evals, 767856 steps, improv/step: 0.031 (last = 0.0153), fitness=-357146757.691789210
6903.63 secs, 770916 evals, 770932 steps, improv/step: 0.031 (last = 0.0140), fitness=-357146757.814282298
6933.64 secs, 774226 evals, 774242 steps, improv/step: 0.030 (last = 0.0121), fitness=-357146757.814282298
6963.64 secs, 777385 evals, 777402 steps, improv/step: 0.030 (last = 0.0117), fitness=-357146757.850205660
6993.75 secs, 780618 evals, 780635 steps, improv/step: 0.030 (last = 0.0142), fitness=-357146757.881336212
7023.75 secs, 783830 evals, 783847 steps, improv/step: 0.030 (last = 0.0137), fitness=-357146757.930191517
7053.75 secs, 786804 evals, 786821 steps, improv/step: 0.030 (last = 0.0128), fitness=-357146758.009439945
7083.76 secs, 790013 evals, 790030 steps, improv/step: 0.030 (last = 0.0143), fitness=-357146758.074932396
7113.83 secs, 793445 evals, 793464 steps, improv/step: 0.030 (last = 0.0128), fitness=-357146758.143333972
7143.83 secs, 796576 evals, 796595 steps, improv/step: 0.030 (last = 0.0137), fitness=-357146758.155042112
7173.92 secs, 799664 evals, 799683 steps, improv/step: 0.030 (last = 0.0130), fitness=-357146758.205842793
7203.92 secs, 802809 evals, 802828 steps, improv/step: 0.030 (last = 0.0175), fitness=-357146758.243620872
7234.16 secs, 805793 evals, 805813 steps, improv/step: 0.030 (last = 0.0131), fitness=-357146758.243620872
7264.17 secs, 809099 evals, 809119 steps, improv/step: 0.030 (last = 0.0136), fitness=-357146758.267127156
7294.17 secs, 812371 evals, 812391 steps, improv/step: 0.030 (last = 0.0116), fitness=-357146758.303036571
7324.18 secs, 815463 evals, 815484 steps, improv/step: 0.030 (last = 0.0204), fitness=-357146758.361023903
7354.18 secs, 818794 evals, 818817 steps, improv/step: 0.030 (last = 0.0144), fitness=-357146758.365457773
7384.18 secs, 822068 evals, 822092 steps, improv/step: 0.029 (last = 0.0211), fitness=-357146758.430188000
7414.19 secs, 825306 evals, 825330 steps, improv/step: 0.029 (last = 0.0219), fitness=-357146758.480369806
7444.36 secs, 828688 evals, 828713 steps, improv/step: 0.029 (last = 0.0201), fitness=-357146758.489238083
7474.37 secs, 831849 evals, 831875 steps, improv/step: 0.029 (last = 0.0190), fitness=-357146758.577969968
7504.37 secs, 835214 evals, 835241 steps, improv/step: 0.029 (last = 0.0181), fitness=-357146758.577969968
7534.38 secs, 838450 evals, 838479 steps, improv/step: 0.029 (last = 0.0142), fitness=-357146758.613505960
7564.38 secs, 841714 evals, 841743 steps, improv/step: 0.029 (last = 0.0178), fitness=-357146758.642386496
7594.45 secs, 845018 evals, 845047 steps, improv/step: 0.029 (last = 0.0176), fitness=-357146758.678064942
7624.45 secs, 848229 evals, 848258 steps, improv/step: 0.029 (last = 0.0128), fitness=-357146758.708954334
7654.59 secs, 851569 evals, 851599 steps, improv/step: 0.029 (last = 0.0114), fitness=-357146758.708954334
7684.74 secs, 854861 evals, 854891 steps, improv/step: 0.029 (last = 0.0143), fitness=-357146758.722839475
7714.75 secs, 858151 evals, 858182 steps, improv/step: 0.029 (last = 0.0170), fitness=-357146758.750313818
7744.75 secs, 861268 evals, 861300 steps, improv/step: 0.029 (last = 0.0119), fitness=-357146758.750313818
7774.76 secs, 864248 evals, 864281 steps, improv/step: 0.029 (last = 0.0111), fitness=-357146758.774705708
7804.76 secs, 867434 evals, 867467 steps, improv/step: 0.029 (last = 0.0138), fitness=-357146758.781888545
7834.77 secs, 870636 evals, 870669 steps, improv/step: 0.029 (last = 0.0166), fitness=-357146758.816451252
7864.77 secs, 873493 evals, 873527 steps, improv/step: 0.029 (last = 0.0150), fitness=-357146758.816451252
7894.78 secs, 876771 evals, 876805 steps, improv/step: 0.029 (last = 0.0119), fitness=-357146758.838892102
7924.78 secs, 880071 evals, 880106 steps, improv/step: 0.029 (last = 0.0145), fitness=-357146758.838892102
7954.91 secs, 883419 evals, 883456 steps, improv/step: 0.029 (last = 0.0104), fitness=-357146758.843585551
7984.91 secs, 886587 evals, 886624 steps, improv/step: 0.028 (last = 0.0145), fitness=-357146758.857631207
8014.92 secs, 889918 evals, 889955 steps, improv/step: 0.028 (last = 0.0117), fitness=-357146758.874062657
8044.93 secs, 893113 evals, 893151 steps, improv/step: 0.028 (last = 0.0141), fitness=-357146758.881531835
8074.93 secs, 896435 evals, 896474 steps, improv/step: 0.028 (last = 0.0138), fitness=-357146758.900480688
8105.01 secs, 899787 evals, 899827 steps, improv/step: 0.028 (last = 0.0161), fitness=-357146758.914049268
8135.01 secs, 902975 evals, 903015 steps, improv/step: 0.028 (last = 0.0125), fitness=-357146758.952747345
8165.01 secs, 906198 evals, 906241 steps, improv/step: 0.028 (last = 0.0146), fitness=-357146758.952976763
8195.01 secs, 909379 evals, 909422 steps, improv/step: 0.028 (last = 0.0145), fitness=-357146758.980371118
8225.02 secs, 912527 evals, 912570 steps, improv/step: 0.028 (last = 0.0162), fitness=-357146759.038480639
8255.02 secs, 915864 evals, 915907 steps, improv/step: 0.028 (last = 0.0171), fitness=-357146759.038480639
8285.22 secs, 919328 evals, 919371 steps, improv/step: 0.028 (last = 0.0162), fitness=-357146759.052553952
8315.23 secs, 922809 evals, 922855 steps, improv/step: 0.028 (last = 0.0178), fitness=-357146759.067233205
8345.23 secs, 926203 evals, 926249 steps, improv/step: 0.028 (last = 0.0118), fitness=-357146759.071973920
8375.23 secs, 929571 evals, 929619 steps, improv/step: 0.028 (last = 0.0151), fitness=-357146759.074319839
8405.24 secs, 932937 evals, 932985 steps, improv/step: 0.028 (last = 0.0146), fitness=-357146759.074319839
8435.51 secs, 936255 evals, 936303 steps, improv/step: 0.028 (last = 0.0130), fitness=-357146759.093374014
8465.51 secs, 939505 evals, 939554 steps, improv/step: 0.028 (last = 0.0151), fitness=-357146759.104664445
8495.51 secs, 942789 evals, 942838 steps, improv/step: 0.028 (last = 0.0195), fitness=-357146759.116970062
8525.65 secs, 946088 evals, 946137 steps, improv/step: 0.028 (last = 0.0206), fitness=-357146759.121854544
8555.65 secs, 949518 evals, 949568 steps, improv/step: 0.028 (last = 0.0201), fitness=-357146759.128307939
8585.65 secs, 952903 evals, 952956 steps, improv/step: 0.028 (last = 0.0121), fitness=-357146759.132875085
8615.80 secs, 956160 evals, 956213 steps, improv/step: 0.028 (last = 0.0193), fitness=-357146759.137212694
8645.80 secs, 959311 evals, 959364 steps, improv/step: 0.027 (last = 0.0156), fitness=-357146759.148188770
8675.81 secs, 962662 evals, 962715 steps, improv/step: 0.027 (last = 0.0131), fitness=-357146759.152379036
8705.82 secs, 966036 evals, 966090 steps, improv/step: 0.027 (last = 0.0136), fitness=-357146759.157677948
8735.82 secs, 969351 evals, 969405 steps, improv/step: 0.027 (last = 0.0106), fitness=-357146759.163598657
8765.83 secs, 972553 evals, 972608 steps, improv/step: 0.027 (last = 0.0150), fitness=-357146759.165065169
8795.84 secs, 975779 evals, 975834 steps, improv/step: 0.027 (last = 0.0130), fitness=-357146759.166417360
8825.84 secs, 978703 evals, 978758 steps, improv/step: 0.027 (last = 0.0192), fitness=-357146759.170616508
8855.84 secs, 981839 evals, 981895 steps, improv/step: 0.027 (last = 0.0121), fitness=-357146759.173532963
8885.85 secs, 985092 evals, 985149 steps, improv/step: 0.027 (last = 0.0141), fitness=-357146759.177667081
8915.85 secs, 988188 evals, 988247 steps, improv/step: 0.027 (last = 0.0145), fitness=-357146759.177667081
8945.86 secs, 991418 evals, 991477 steps, improv/step: 0.027 (last = 0.0127), fitness=-357146759.178496122
8975.99 secs, 994393 evals, 994453 steps, improv/step: 0.027 (last = 0.0155), fitness=-357146759.183560252
9005.99 secs, 997779 evals, 997839 steps, improv/step: 0.027 (last = 0.0204), fitness=-357146759.183983207
9035.99 secs, 1001201 evals, 1001262 steps, improv/step: 0.027 (last = 0.0152), fitness=-357146759.185885549
9066.00 secs, 1004518 evals, 1004580 steps, improv/step: 0.027 (last = 0.0139), fitness=-357146759.187296689
9096.03 secs, 1007740 evals, 1007805 steps, improv/step: 0.027 (last = 0.0158), fitness=-357146759.189250350
9126.03 secs, 1011028 evals, 1011094 steps, improv/step: 0.027 (last = 0.0131), fitness=-357146759.189570725
9156.03 secs, 1014353 evals, 1014420 steps, improv/step: 0.027 (last = 0.0135), fitness=-357146759.190080643
9186.04 secs, 1017646 evals, 1017713 steps, improv/step: 0.027 (last = 0.0182), fitness=-357146759.191035271
9216.04 secs, 1020985 evals, 1021052 steps, improv/step: 0.027 (last = 0.0207), fitness=-357146759.191508591
9246.05 secs, 1024233 evals, 1024300 steps, improv/step: 0.027 (last = 0.0188), fitness=-357146759.192535996
9276.05 secs, 1027581 evals, 1027648 steps, improv/step: 0.027 (last = 0.0167), fitness=-357146759.192772031
9306.06 secs, 1030705 evals, 1030772 steps, improv/step: 0.027 (last = 0.0176), fitness=-357146759.192971587
9336.06 secs, 1033783 evals, 1033851 steps, improv/step: 0.027 (last = 0.0208), fitness=-357146759.193430305
9366.06 secs, 1036843 evals, 1036911 steps, improv/step: 0.027 (last = 0.0229), fitness=-357146759.193802595
9396.09 secs, 1040076 evals, 1040144 steps, improv/step: 0.027 (last = 0.0257), fitness=-357146759.194263279
9426.10 secs, 1043356 evals, 1043425 steps, improv/step: 0.027 (last = 0.0320), fitness=-357146759.194381237
9456.11 secs, 1046649 evals, 1046718 steps, improv/step: 0.027 (last = 0.0349), fitness=-357146759.194794059
9486.11 secs, 1049882 evals, 1049951 steps, improv/step: 0.027 (last = 0.0306), fitness=-357146759.194851279
9516.11 secs, 1053154 evals, 1053223 steps, improv/step: 0.027 (last = 0.0244), fitness=-357146759.195064664
9546.12 secs, 1056376 evals, 1056446 steps, improv/step: 0.027 (last = 0.0226), fitness=-357146759.195442438
9576.12 secs, 1059369 evals, 1059440 steps, improv/step: 0.027 (last = 0.0204), fitness=-357146759.195442438
9606.13 secs, 1062655 evals, 1062726 steps, improv/step: 0.027 (last = 0.0265), fitness=-357146759.195738196
9636.13 secs, 1065901 evals, 1065972 steps, improv/step: 0.027 (last = 0.0209), fitness=-357146759.195945799
9666.14 secs, 1069220 evals, 1069291 steps, improv/step: 0.027 (last = 0.0169), fitness=-357146759.196018338
9696.14 secs, 1072491 evals, 1072562 steps, improv/step: 0.027 (last = 0.0186), fitness=-357146759.196122527
9726.14 secs, 1075670 evals, 1075741 steps, improv/step: 0.027 (last = 0.0182), fitness=-357146759.196493149
9756.14 secs, 1078913 evals, 1078988 steps, improv/step: 0.027 (last = 0.0179), fitness=-357146759.196493149
9786.15 secs, 1082094 evals, 1082170 steps, improv/step: 0.026 (last = 0.0195), fitness=-357146759.196493149
9816.15 secs, 1085256 evals, 1085333 steps, improv/step: 0.026 (last = 0.0218), fitness=-357146759.196580529
9846.15 secs, 1088482 evals, 1088559 steps, improv/step: 0.026 (last = 0.0273), fitness=-357146759.196828842
9876.16 secs, 1091747 evals, 1091824 steps, improv/step: 0.026 (last = 0.0263), fitness=-357146759.197059631
9906.16 secs, 1094869 evals, 1094946 steps, improv/step: 0.026 (last = 0.0314), fitness=-357146759.197204530
9936.16 secs, 1098129 evals, 1098206 steps, improv/step: 0.026 (last = 0.0276), fitness=-357146759.197248876
9966.16 secs, 1101369 evals, 1101446 steps, improv/step: 0.026 (last = 0.0188), fitness=-357146759.197280228
9996.31 secs, 1104701 evals, 1104778 steps, improv/step: 0.026 (last = 0.0222), fitness=-357146759.197365165
10026.31 secs, 1108005 evals, 1108082 steps, improv/step: 0.026 (last = 0.0218), fitness=-357146759.197459579
10056.32 secs, 1111178 evals, 1111255 steps, improv/step: 0.026 (last = 0.0252), fitness=-357146759.197491169
10086.32 secs, 1114455 evals, 1114533 steps, improv/step: 0.026 (last = 0.0223), fitness=-357146759.197541595
10116.33 secs, 1117658 evals, 1117736 steps, improv/step: 0.026 (last = 0.0315), fitness=-357146759.197703004
10146.33 secs, 1120781 evals, 1120859 steps, improv/step: 0.026 (last = 0.0323), fitness=-357146759.197703004
10176.50 secs, 1124162 evals, 1124241 steps, improv/step: 0.026 (last = 0.0213), fitness=-357146759.197824419
10206.50 secs, 1127462 evals, 1127541 steps, improv/step: 0.026 (last = 0.0239), fitness=-357146759.197861075
10236.50 secs, 1130699 evals, 1130779 steps, improv/step: 0.026 (last = 0.0303), fitness=-357146759.197949231
10266.50 secs, 1133784 evals, 1133865 steps, improv/step: 0.026 (last = 0.0243), fitness=-357146759.197978139
10296.50 secs, 1136874 evals, 1136955 steps, improv/step: 0.026 (last = 0.0278), fitness=-357146759.198027194
10326.50 secs, 1140113 evals, 1140194 steps, improv/step: 0.026 (last = 0.0284), fitness=-357146759.198147655
10356.58 secs, 1143388 evals, 1143470 steps, improv/step: 0.026 (last = 0.0205), fitness=-357146759.198191106
10386.59 secs, 1146585 evals, 1146667 steps, improv/step: 0.026 (last = 0.0213), fitness=-357146759.198253334
10416.59 secs, 1149899 evals, 1149982 steps, improv/step: 0.026 (last = 0.0169), fitness=-357146759.198291898
10446.60 secs, 1153160 evals, 1153243 steps, improv/step: 0.026 (last = 0.0205), fitness=-357146759.198369503
10476.60 secs, 1156340 evals, 1156423 steps, improv/step: 0.026 (last = 0.0223), fitness=-357146759.198379099
10506.61 secs, 1159684 evals, 1159770 steps, improv/step: 0.026 (last = 0.0218), fitness=-357146759.198471010
10536.61 secs, 1162946 evals, 1163032 steps, improv/step: 0.026 (last = 0.0261), fitness=-357146759.198535919
10566.61 secs, 1166214 evals, 1166301 steps, improv/step: 0.026 (last = 0.0220), fitness=-357146759.198582232
10596.62 secs, 1169397 evals, 1169484 steps, improv/step: 0.026 (last = 0.0126), fitness=-357146759.198645055
10627.00 secs, 1172583 evals, 1172671 steps, improv/step: 0.026 (last = 0.0163), fitness=-357146759.198759854
10657.00 secs, 1175763 evals, 1175852 steps, improv/step: 0.026 (last = 0.0157), fitness=-357146759.198778510
10687.01 secs, 1179026 evals, 1179115 steps, improv/step: 0.026 (last = 0.0141), fitness=-357146759.198791027
10717.01 secs, 1182253 evals, 1182342 steps, improv/step: 0.026 (last = 0.0146), fitness=-357146759.198801041
10747.02 secs, 1185580 evals, 1185670 steps, improv/step: 0.026 (last = 0.0168), fitness=-357146759.198818088
10777.20 secs, 1188880 evals, 1188971 steps, improv/step: 0.026 (last = 0.0124), fitness=-357146759.198841095
10807.21 secs, 1192311 evals, 1192404 steps, improv/step: 0.026 (last = 0.0157), fitness=-357146759.198867738
10837.21 secs, 1195585 evals, 1195679 steps, improv/step: 0.026 (last = 0.0183), fitness=-357146759.198886633
10867.21 secs, 1198753 evals, 1198847 steps, improv/step: 0.026 (last = 0.0142), fitness=-357146759.198886633
10897.21 secs, 1202041 evals, 1202135 steps, improv/step: 0.026 (last = 0.0198), fitness=-357146759.198907495
10927.37 secs, 1205376 evals, 1205470 steps, improv/step: 0.026 (last = 0.0138), fitness=-357146759.198915243
10957.38 secs, 1208553 evals, 1208647 steps, improv/step: 0.026 (last = 0.0101), fitness=-357146759.198947191
10987.43 secs, 1211844 evals, 1211939 steps, improv/step: 0.026 (last = 0.0210), fitness=-357146759.198957205
11017.53 secs, 1215183 evals, 1215279 steps, improv/step: 0.026 (last = 0.0174), fitness=-357146759.198979497
11047.53 secs, 1218528 evals, 1218624 steps, improv/step: 0.026 (last = 0.0155), fitness=-357146759.198979497
11077.54 secs, 1221869 evals, 1221965 steps, improv/step: 0.026 (last = 0.0171), fitness=-357146759.198982716
11107.54 secs, 1225178 evals, 1225275 steps, improv/step: 0.026 (last = 0.0088), fitness=-357146759.198991537
11137.54 secs, 1228545 evals, 1228642 steps, improv/step: 0.026 (last = 0.0122), fitness=-357146759.199011922
11167.55 secs, 1231763 evals, 1231861 steps, improv/step: 0.026 (last = 0.0121), fitness=-357146759.199011922
11197.92 secs, 1235007 evals, 1235106 steps, improv/step: 0.026 (last = 0.0173), fitness=-357146759.199026942
11227.92 secs, 1238323 evals, 1238423 steps, improv/step: 0.026 (last = 0.0142), fitness=-357146759.199035287
11257.92 secs, 1241572 evals, 1241672 steps, improv/step: 0.026 (last = 0.0126), fitness=-357146759.199035287
11287.93 secs, 1244646 evals, 1244746 steps, improv/step: 0.026 (last = 0.0179), fitness=-357146759.199041069
11317.93 secs, 1247997 evals, 1248099 steps, improv/step: 0.026 (last = 0.0113), fitness=-357146759.199041069
11347.94 secs, 1251386 evals, 1251488 steps, improv/step: 0.026 (last = 0.0174), fitness=-357146759.199045956
11378.16 secs, 1254732 evals, 1254835 steps, improv/step: 0.026 (last = 0.0134), fitness=-357146759.199051917
11408.16 secs, 1258132 evals, 1258236 steps, improv/step: 0.025 (last = 0.0115), fitness=-357146759.199055076
11438.33 secs, 1261432 evals, 1261536 steps, improv/step: 0.025 (last = 0.0161), fitness=-357146759.199058652
11468.34 secs, 1264766 evals, 1264872 steps, improv/step: 0.025 (last = 0.0129), fitness=-357146759.199067056
11498.34 secs, 1268071 evals, 1268178 steps, improv/step: 0.025 (last = 0.0130), fitness=-357146759.199072301
11528.34 secs, 1271289 evals, 1271396 steps, improv/step: 0.025 (last = 0.0155), fitness=-357146759.199077606
11558.35 secs, 1274792 evals, 1274899 steps, improv/step: 0.025 (last = 0.0114), fitness=-357146759.199077606
11588.35 secs, 1278476 evals, 1278583 steps, improv/step: 0.025 (last = 0.0128), fitness=-357146759.199080706
11618.40 secs, 1282116 evals, 1282225 steps, improv/step: 0.025 (last = 0.0104), fitness=-357146759.199088693
11648.40 secs, 1285774 evals, 1285884 steps, improv/step: 0.025 (last = 0.0098), fitness=-357146759.199088693
11678.40 secs, 1289440 evals, 1289552 steps, improv/step: 0.025 (last = 0.0125), fitness=-357146759.199088693
11708.54 secs, 1292864 evals, 1292976 steps, improv/step: 0.025 (last = 0.0099), fitness=-357146759.199088931
11738.55 secs, 1295623 evals, 1295735 steps, improv/step: 0.025 (last = 0.0101), fitness=-357146759.199093997
11768.56 secs, 1298585 evals, 1298697 steps, improv/step: 0.025 (last = 0.0138), fitness=-357146759.199093997
11798.56 secs, 1301538 evals, 1301651 steps, improv/step: 0.025 (last = 0.0115), fitness=-357146759.199093997
11828.56 secs, 1304557 evals, 1304671 steps, improv/step: 0.025 (last = 0.0086), fitness=-357146759.199096859
11858.56 secs, 1307612 evals, 1307726 steps, improv/step: 0.025 (last = 0.0111), fitness=-357146759.199098051
11888.56 secs, 1310614 evals, 1310729 steps, improv/step: 0.025 (last = 0.0107), fitness=-357146759.199100733
11918.58 secs, 1313404 evals, 1313520 steps, improv/step: 0.025 (last = 0.0090), fitness=-357146759.199100733
11948.58 secs, 1316515 evals, 1316631 steps, improv/step: 0.025 (last = 0.0071), fitness=-357146759.199101508
11978.59 secs, 1319552 evals, 1319668 steps, improv/step: 0.025 (last = 0.0063), fitness=-357146759.199101985
12008.59 secs, 1322943 evals, 1323061 steps, improv/step: 0.025 (last = 0.0083), fitness=-357146759.199103832
12038.60 secs, 1326448 evals, 1326567 steps, improv/step: 0.025 (last = 0.0057), fitness=-357146759.199103832
12068.60 secs, 1329992 evals, 1330113 steps, improv/step: 0.025 (last = 0.0082), fitness=-357146759.199104130
12098.60 secs, 1333427 evals, 1333548 steps, improv/step: 0.025 (last = 0.0102), fitness=-357146759.199105561
12128.61 secs, 1336864 evals, 1336988 steps, improv/step: 0.025 (last = 0.0067), fitness=-357146759.199105561
12158.64 secs, 1340296 evals, 1340420 steps, improv/step: 0.025 (last = 0.0079), fitness=-357146759.199106395
12188.66 secs, 1343742 evals, 1343867 steps, improv/step: 0.025 (last = 0.0064), fitness=-357146759.199106395
12218.67 secs, 1347200 evals, 1347327 steps, improv/step: 0.024 (last = 0.0058), fitness=-357146759.199107528
12248.94 secs, 1350659 evals, 1350787 steps, improv/step: 0.024 (last = 0.0058), fitness=-357146759.199107528
12278.95 secs, 1354079 evals, 1354211 steps, improv/step: 0.024 (last = 0.0064), fitness=-357146759.199108958
12309.09 secs, 1357402 evals, 1357534 steps, improv/step: 0.024 (last = 0.0036), fitness=-357146759.199108958
12339.09 secs, 1360755 evals, 1360887 steps, improv/step: 0.024 (last = 0.0084), fitness=-357146759.199108958
12369.10 secs, 1364210 evals, 1364342 steps, improv/step: 0.024 (last = 0.0072), fitness=-357146759.199109077
12399.10 secs, 1367680 evals, 1367812 steps, improv/step: 0.024 (last = 0.0095), fitness=-357146759.199109375
12429.11 secs, 1371115 evals, 1371248 steps, improv/step: 0.024 (last = 0.0096), fitness=-357146759.199110508
12459.11 secs, 1374490 evals, 1374623 steps, improv/step: 0.024 (last = 0.0089), fitness=-357146759.199110508
12489.48 secs, 1377814 evals, 1377948 steps, improv/step: 0.024 (last = 0.0072), fitness=-357146759.199110925
12519.49 secs, 1381180 evals, 1381314 steps, improv/step: 0.024 (last = 0.0095), fitness=-357146759.199110925
12549.50 secs, 1384451 evals, 1384585 steps, improv/step: 0.024 (last = 0.0073), fitness=-357146759.199111700
12579.85 secs, 1387598 evals, 1387733 steps, improv/step: 0.024 (last = 0.0057), fitness=-357146759.199112535
12609.86 secs, 1390749 evals, 1390884 steps, improv/step: 0.024 (last = 0.0076), fitness=-357146759.199112952
12639.86 secs, 1393629 evals, 1393764 steps, improv/step: 0.024 (last = 0.0083), fitness=-357146759.199113071
12670.31 secs, 1396605 evals, 1396740 steps, improv/step: 0.024 (last = 0.0047), fitness=-357146759.199113250
12700.32 secs, 1399667 evals, 1399802 steps, improv/step: 0.024 (last = 0.0065), fitness=-357146759.199113250
12730.32 secs, 1402680 evals, 1402815 steps, improv/step: 0.024 (last = 0.0040), fitness=-357146759.199113250
12760.33 secs, 1405737 evals, 1405873 steps, improv/step: 0.024 (last = 0.0056), fitness=-357146759.199114025
12790.51 secs, 1408836 evals, 1408973 steps, improv/step: 0.024 (last = 0.0061), fitness=-357146759.199114144
12820.52 secs, 1411874 evals, 1412012 steps, improv/step: 0.024 (last = 0.0066), fitness=-357146759.199114561
12850.52 secs, 1414793 evals, 1414931 steps, improv/step: 0.024 (last = 0.0055), fitness=-357146759.199114561
12880.52 secs, 1417733 evals, 1417874 steps, improv/step: 0.024 (last = 0.0034), fitness=-357146759.199114561
12910.53 secs, 1420694 evals, 1420836 steps, improv/step: 0.024 (last = 0.0051), fitness=-357146759.199115217
12940.54 secs, 1423537 evals, 1423682 steps, improv/step: 0.024 (last = 0.0053), fitness=-357146759.199115217
12970.55 secs, 1426442 evals, 1426588 steps, improv/step: 0.023 (last = 0.0041), fitness=-357146759.199115217
13000.55 secs, 1429243 evals, 1429389 steps, improv/step: 0.023 (last = 0.0032), fitness=-357146759.199115217
13030.74 secs, 1432080 evals, 1432227 steps, improv/step: 0.023 (last = 0.0049), fitness=-357146759.199115336
13060.75 secs, 1434991 evals, 1435139 steps, improv/step: 0.023 (last = 0.0041), fitness=-357146759.199115396
13090.76 secs, 1437917 evals, 1438065 steps, improv/step: 0.023 (last = 0.0038), fitness=-357146759.199115396
13120.76 secs, 1440846 evals, 1440994 steps, improv/step: 0.023 (last = 0.0048), fitness=-357146759.199115396
13150.76 secs, 1443730 evals, 1443878 steps, improv/step: 0.023 (last = 0.0076), fitness=-357146759.199115813
13180.77 secs, 1446653 evals, 1446801 steps, improv/step: 0.023 (last = 0.0041), fitness=-357146759.199116051
13210.77 secs, 1449471 evals, 1449619 steps, improv/step: 0.023 (last = 0.0064), fitness=-357146759.199116051
13240.78 secs, 1452391 evals, 1452542 steps, improv/step: 0.023 (last = 0.0048), fitness=-357146759.199116468
13270.79 secs, 1455200 evals, 1455351 steps, improv/step: 0.023 (last = 0.0032), fitness=-357146759.199116826
13300.79 secs, 1457933 evals, 1458084 steps, improv/step: 0.023 (last = 0.0077), fitness=-357146759.199116826
13330.80 secs, 1460668 evals, 1460820 steps, improv/step: 0.023 (last = 0.0026), fitness=-357146759.199116886
13360.80 secs, 1463525 evals, 1463678 steps, improv/step: 0.023 (last = 0.0038), fitness=-357146759.199116886
13390.80 secs, 1466280 evals, 1466433 steps, improv/step: 0.023 (last = 0.0029), fitness=-357146759.199116886
13421.05 secs, 1469238 evals, 1469392 steps, improv/step: 0.023 (last = 0.0041), fitness=-357146759.199116886
13451.06 secs, 1472144 evals, 1472299 steps, improv/step: 0.023 (last = 0.0041), fitness=-357146759.199116886
13481.06 secs, 1475018 evals, 1475173 steps, improv/step: 0.023 (last = 0.0031), fitness=-357146759.199117243
13511.06 secs, 1477759 evals, 1477914 steps, improv/step: 0.023 (last = 0.0047), fitness=-357146759.199117243
13541.26 secs, 1480486 evals, 1480644 steps, improv/step: 0.023 (last = 0.0066), fitness=-357146759.199117243
13571.68 secs, 1483366 evals, 1483524 steps, improv/step: 0.023 (last = 0.0031), fitness=-357146759.199117243
13601.68 secs, 1486268 evals, 1486428 steps, improv/step: 0.023 (last = 0.0038), fitness=-357146759.199117243
13631.68 secs, 1489202 evals, 1489362 steps, improv/step: 0.023 (last = 0.0010), fitness=-357146759.199117243
13661.69 secs, 1492108 evals, 1492270 steps, improv/step: 0.023 (last = 0.0031), fitness=-357146759.199117243
13691.69 secs, 1495015 evals, 1495177 steps, improv/step: 0.023 (last = 0.0048), fitness=-357146759.199117243
13721.70 secs, 1497935 evals, 1498097 steps, improv/step: 0.023 (last = 0.0038), fitness=-357146759.199117243
13751.70 secs, 1500821 evals, 1500985 steps, improv/step: 0.023 (last = 0.0038), fitness=-357146759.199117482
13781.70 secs, 1503757 evals, 1503921 steps, improv/step: 0.022 (last = 0.0058), fitness=-357146759.199117482
13811.70 secs, 1506621 evals, 1506786 steps, improv/step: 0.022 (last = 0.0056), fitness=-357146759.199117601
13841.71 secs, 1509429 evals, 1509596 steps, improv/step: 0.022 (last = 0.0036), fitness=-357146759.199117601
13871.71 secs, 1512387 evals, 1512555 steps, improv/step: 0.022 (last = 0.0034), fitness=-357146759.199117839
13901.72 secs, 1515276 evals, 1515446 steps, improv/step: 0.022 (last = 0.0024), fitness=-357146759.199117839
13931.73 secs, 1518173 evals, 1518343 steps, improv/step: 0.022 (last = 0.0045), fitness=-357146759.199117899
13961.73 secs, 1521042 evals, 1521214 steps, improv/step: 0.022 (last = 0.0031), fitness=-357146759.199117899
13992.02 secs, 1523986 evals, 1524159 steps, improv/step: 0.022 (last = 0.0041), fitness=-357146759.199117899
14022.02 secs, 1526946 evals, 1527119 steps, improv/step: 0.022 (last = 0.0034), fitness=-357146759.199117899
14052.03 secs, 1529817 evals, 1529991 steps, improv/step: 0.022 (last = 0.0021), fitness=-357146759.199117899
14082.12 secs, 1532639 evals, 1532815 steps, improv/step: 0.022 (last = 0.0050), fitness=-357146759.199118018
14112.13 secs, 1535608 evals, 1535784 steps, improv/step: 0.022 (last = 0.0020), fitness=-357146759.199118018
14142.13 secs, 1538436 evals, 1538612 steps, improv/step: 0.022 (last = 0.0039), fitness=-357146759.199118018
14172.13 secs, 1541362 evals, 1541540 steps, improv/step: 0.022 (last = 0.0031), fitness=-357146759.199118257
14202.13 secs, 1544337 evals, 1544515 steps, improv/step: 0.022 (last = 0.0024), fitness=-357146759.199118257
14232.14 secs, 1547219 evals, 1547397 steps, improv/step: 0.022 (last = 0.0031), fitness=-357146759.199118257
14262.15 secs, 1550035 evals, 1550214 steps, improv/step: 0.022 (last = 0.0060), fitness=-357146759.199118316
14292.15 secs, 1552905 evals, 1553085 steps, improv/step: 0.022 (last = 0.0031), fitness=-357146759.199118316
14322.15 secs, 1555816 evals, 1555996 steps, improv/step: 0.022 (last = 0.0027), fitness=-357146759.199118316
14352.15 secs, 1558630 evals, 1558811 steps, improv/step: 0.022 (last = 0.0046), fitness=-357146759.199118316
14382.16 secs, 1561551 evals, 1561732 steps, improv/step: 0.022 (last = 0.0024), fitness=-357146759.199118316
14412.16 secs, 1564435 evals, 1564617 steps, improv/step: 0.022 (last = 0.0014), fitness=-357146759.199118316
14442.43 secs, 1567232 evals, 1567415 steps, improv/step: 0.022 (last = 0.0046), fitness=-357146759.199118316
14472.58 secs, 1570030 evals, 1570213 steps, improv/step: 0.022 (last = 0.0021), fitness=-357146759.199118316
14502.59 secs, 1572947 evals, 1573131 steps, improv/step: 0.022 (last = 0.0024), fitness=-357146759.199118376
14532.59 secs, 1575854 evals, 1576039 steps, improv/step: 0.022 (last = 0.0028), fitness=-357146759.199118674
14562.59 secs, 1578703 evals, 1578888 steps, improv/step: 0.022 (last = 0.0049), fitness=-357146759.199118733
14592.60 secs, 1581550 evals, 1581735 steps, improv/step: 0.022 (last = 0.0130), fitness=-357146759.199118853
14622.60 secs, 1584368 evals, 1584554 steps, improv/step: 0.022 (last = 0.0192), fitness=-357146759.199118912
14652.61 secs, 1587330 evals, 1587517 steps, improv/step: 0.022 (last = 0.0287), fitness=-357146759.199118912
14682.87 secs, 1590212 evals, 1590400 steps, improv/step: 0.022 (last = 0.0371), fitness=-357146759.199118912
14712.88 secs, 1593075 evals, 1593263 steps, improv/step: 0.022 (last = 0.0395), fitness=-357146759.199118972
14742.88 secs, 1595990 evals, 1596179 steps, improv/step: 0.022 (last = 0.0689), fitness=-357146759.199119151
14772.88 secs, 1598847 evals, 1599036 steps, improv/step: 0.022 (last = 0.0504), fitness=-357146759.199119210
14802.89 secs, 1601796 evals, 1601985 steps, improv/step: 0.022 (last = 0.0281), fitness=-357146759.199119210
14832.90 secs, 1604763 evals, 1604953 steps, improv/step: 0.022 (last = 0.0323), fitness=-357146759.199119210
14862.90 secs, 1607578 evals, 1607770 steps, improv/step: 0.022 (last = 0.0390), fitness=-357146759.199119210
14892.91 secs, 1610374 evals, 1610566 steps, improv/step: 0.022 (last = 0.0368), fitness=-357146759.199119210
14922.91 secs, 1613132 evals, 1613324 steps, improv/step: 0.022 (last = 0.0301), fitness=-357146759.199119210
14952.91 secs, 1616005 evals, 1616201 steps, improv/step: 0.022 (last = 0.0236), fitness=-357146759.199119210
14982.92 secs, 1618921 evals, 1619119 steps, improv/step: 0.022 (last = 0.0322), fitness=-357146759.199119210
15012.92 secs, 1621880 evals, 1622079 steps, improv/step: 0.022 (last = 0.0355), fitness=-357146759.199119210
15042.92 secs, 1624718 evals, 1624917 steps, improv/step: 0.022 (last = 0.0321), fitness=-357146759.199119210
15072.93 secs, 1627600 evals, 1627802 steps, improv/step: 0.022 (last = 0.0270), fitness=-357146759.199119210
15102.93 secs, 1630500 evals, 1630705 steps, improv/step: 0.022 (last = 0.0465), fitness=-357146759.199119210
15132.93 secs, 1633289 evals, 1633494 steps, improv/step: 0.022 (last = 0.0344), fitness=-357146759.199119210
15162.94 secs, 1636161 evals, 1636368 steps, improv/step: 0.022 (last = 0.0313), fitness=-357146759.199119270
15193.14 secs, 1639028 evals, 1639235 steps, improv/step: 0.022 (last = 0.0359), fitness=-357146759.199119270
15223.45 secs, 1641941 evals, 1642148 steps, improv/step: 0.022 (last = 0.0391), fitness=-357146759.199119270
15253.48 secs, 1644859 evals, 1645066 steps, improv/step: 0.022 (last = 0.0387), fitness=-357146759.199119270
15283.65 secs, 1647782 evals, 1647990 steps, improv/step: 0.022 (last = 0.0349), fitness=-357146759.199119270
15313.65 secs, 1650583 evals, 1650792 steps, improv/step: 0.022 (last = 0.0371), fitness=-357146759.199119270
15343.65 secs, 1653347 evals, 1653556 steps, improv/step: 0.022 (last = 0.0326), fitness=-357146759.199119270
15373.66 secs, 1656219 evals, 1656428 steps, improv/step: 0.022 (last = 0.0355), fitness=-357146759.199119270
15403.67 secs, 1659157 evals, 1659366 steps, improv/step: 0.022 (last = 0.0551), fitness=-357146759.199119270
15433.67 secs, 1662005 evals, 1662214 steps, improv/step: 0.022 (last = 0.0386), fitness=-357146759.199119270
15463.68 secs, 1664962 evals, 1665171 steps, improv/step: 0.022 (last = 0.0399), fitness=-357146759.199119270
15493.68 secs, 1667886 evals, 1668095 steps, improv/step: 0.022 (last = 0.0458), fitness=-357146759.199119270
15523.68 secs, 1670746 evals, 1670955 steps, improv/step: 0.022 (last = 0.0727), fitness=-357146759.199119270
15553.79 secs, 1673559 evals, 1673768 steps, improv/step: 0.023 (last = 0.0619), fitness=-357146759.199119270
15583.80 secs, 1676307 evals, 1676516 steps, improv/step: 0.023 (last = 0.0932), fitness=-357146759.199119270
15613.80 secs, 1679215 evals, 1679424 steps, improv/step: 0.023 (last = 0.1173), fitness=-357146759.199119329
15643.82 secs, 1682149 evals, 1682358 steps, improv/step: 0.023 (last = 0.0692), fitness=-357146759.199119389
15673.84 secs, 1684966 evals, 1685175 steps, improv/step: 0.023 (last = 0.0444), fitness=-357146759.199119389
15703.84 secs, 1687819 evals, 1688028 steps, improv/step: 0.023 (last = 0.0312), fitness=-357146759.199119389
15734.09 secs, 1690696 evals, 1690905 steps, improv/step: 0.023 (last = 0.0407), fitness=-357146759.199119389
15764.09 secs, 1693414 evals, 1693624 steps, improv/step: 0.023 (last = 0.0371), fitness=-357146759.199119389
15794.09 secs, 1696261 evals, 1696471 steps, improv/step: 0.023 (last = 0.0457), fitness=-357146759.199119389
15824.10 secs, 1699061 evals, 1699273 steps, improv/step: 0.023 (last = 0.0567), fitness=-357146759.199119389
15854.10 secs, 1701847 evals, 1702059 steps, improv/step: 0.023 (last = 0.0506), fitness=-357146759.199119389
15884.10 secs, 1704506 evals, 1704718 steps, improv/step: 0.023 (last = 0.0564), fitness=-357146759.199119389
15914.20 secs, 1707239 evals, 1707454 steps, improv/step: 0.023 (last = 0.0581), fitness=-357146759.199119389
15944.20 secs, 1709996 evals, 1710211 steps, improv/step: 0.023 (last = 0.0591), fitness=-357146759.199119389
15974.20 secs, 1712706 evals, 1712921 steps, improv/step: 0.023 (last = 0.0491), fitness=-357146759.199119389
16004.21 secs, 1715277 evals, 1715492 steps, improv/step: 0.023 (last = 0.0502), fitness=-357146759.199119389
16034.21 secs, 1717944 evals, 1718159 steps, improv/step: 0.023 (last = 0.0457), fitness=-357146759.199119389
16064.21 secs, 1720813 evals, 1721028 steps, improv/step: 0.023 (last = 0.0509), fitness=-357146759.199119389
16094.52 secs, 1723673 evals, 1723889 steps, improv/step: 0.023 (last = 0.0517), fitness=-357146759.199119389
16124.53 secs, 1726492 evals, 1726708 steps, improv/step: 0.024 (last = 0.0372), fitness=-357146759.199119389
16154.53 secs, 1729315 evals, 1729531 steps, improv/step: 0.024 (last = 0.0372), fitness=-357146759.199119389
16184.88 secs, 1732072 evals, 1732288 steps, improv/step: 0.024 (last = 0.0399), fitness=-357146759.199119389
16214.92 secs, 1734879 evals, 1735095 steps, improv/step: 0.024 (last = 0.0385), fitness=-357146759.199119389
16245.02 secs, 1737691 evals, 1737907 steps, improv/step: 0.024 (last = 0.0327), fitness=-357146759.199119389
16275.02 secs, 1740463 evals, 1740679 steps, improv/step: 0.024 (last = 0.0317), fitness=-357146759.199119389
16305.02 secs, 1743208 evals, 1743424 steps, improv/step: 0.024 (last = 0.0211), fitness=-357146759.199119449
16335.16 secs, 1745895 evals, 1746111 steps, improv/step: 0.024 (last = 0.0272), fitness=-357146759.199119449
16365.33 secs, 1748723 evals, 1748939 steps, improv/step: 0.024 (last = 0.0269), fitness=-357146759.199119449
16395.34 secs, 1751717 evals, 1751933 steps, improv/step: 0.024 (last = 0.0274), fitness=-357146759.199119449
16425.34 secs, 1754565 evals, 1754781 steps, improv/step: 0.024 (last = 0.0284), fitness=-357146759.199119449
16455.35 secs, 1757267 evals, 1757483 steps, improv/step: 0.024 (last = 0.0252), fitness=-357146759.199119449
16485.36 secs, 1760092 evals, 1760308 steps, improv/step: 0.024 (last = 0.0400), fitness=-357146759.199119449
16515.36 secs, 1762930 evals, 1763146 steps, improv/step: 0.024 (last = 0.0268), fitness=-357146759.199119449
16545.48 secs, 1765780 evals, 1765996 steps, improv/step: 0.024 (last = 0.0330), fitness=-357146759.199119449
16575.49 secs, 1768517 evals, 1768739 steps, improv/step: 0.024 (last = 0.0995), fitness=-357146759.199119449
16605.49 secs, 1771342 evals, 1771573 steps, improv/step: 0.024 (last = 0.1877), fitness=-357146759.199119449
16635.49 secs, 1774192 evals, 1774428 steps, improv/step: 0.024 (last = 0.2900), fitness=-357146759.199119449
16665.58 secs, 1776974 evals, 1777228 steps, improv/step: 0.025 (last = 0.4418), fitness=-357146759.199119449
16695.59 secs, 1779911 evals, 1780181 steps, improv/step: 0.026 (last = 0.6065), fitness=-357146759.199119449
16725.59 secs, 1782718 evals, 1783000 steps, improv/step: 0.027 (last = 0.5044), fitness=-357146759.199119449
16755.73 secs, 1785609 evals, 1785908 steps, improv/step: 0.028 (last = 0.5389), fitness=-357146759.199119449
16785.78 secs, 1788496 evals, 1788813 steps, improv/step: 0.029 (last = 0.5762), fitness=-357146759.199119449
16815.79 secs, 1791415 evals, 1791748 steps, improv/step: 0.030 (last = 0.6140), fitness=-357146759.199119449
16845.79 secs, 1794268 evals, 1794619 steps, improv/step: 0.030 (last = 0.5138), fitness=-357146759.199119449
16875.79 secs, 1797174 evals, 1797544 steps, improv/step: 0.031 (last = 0.5600), fitness=-357146759.199119449
16905.79 secs, 1799936 evals, 1800326 steps, improv/step: 0.032 (last = 0.5126), fitness=-357146759.199119449
16935.80 secs, 1802851 evals, 1803262 steps, improv/step: 0.033 (last = 0.4779), fitness=-357146759.199119449
16965.80 secs, 1805618 evals, 1806045 steps, improv/step: 0.033 (last = 0.5052), fitness=-357146759.199119449
16995.81 secs, 1808391 evals, 1808843 steps, improv/step: 0.034 (last = 0.5847), fitness=-357146759.199119449
17026.35 secs, 1811213 evals, 1811680 steps, improv/step: 0.035 (last = 0.4737), fitness=-357146759.199119449
17056.35 secs, 1814074 evals, 1814564 steps, improv/step: 0.036 (last = 0.5257), fitness=-357146759.199119449
17086.36 secs, 1816751 evals, 1817262 steps, improv/step: 0.036 (last = 0.5352), fitness=-357146759.199119449
17116.36 secs, 1819688 evals, 1820222 steps, improv/step: 0.037 (last = 0.6118), fitness=-357146759.199119449
17146.36 secs, 1822638 evals, 1823190 steps, improv/step: 0.038 (last = 0.5357), fitness=-357146759.199119449
17176.37 secs, 1825525 evals, 1826098 steps, improv/step: 0.039 (last = 0.5272), fitness=-357146759.199119449
17206.38 secs, 1828411 evals, 1829000 steps, improv/step: 0.040 (last = 0.5038), fitness=-357146759.199119449
17236.38 secs, 1831261 evals, 1831862 steps, improv/step: 0.041 (last = 0.5730), fitness=-357146759.199119449
17266.38 secs, 1834185 evals, 1834802 steps, improv/step: 0.041 (last = 0.5759), fitness=-357146759.199119449
17296.38 secs, 1837073 evals, 1837708 steps, improv/step: 0.042 (last = 0.5984), fitness=-357146759.199119449
17326.38 secs, 1839916 evals, 1840563 steps, improv/step: 0.043 (last = 0.5720), fitness=-357146759.199119449
17356.51 secs, 1842813 evals, 1843471 steps, improv/step: 0.044 (last = 0.5138), fitness=-357146759.199119449
17386.99 secs, 1845785 evals, 1846461 steps, improv/step: 0.045 (last = 0.5625), fitness=-357146759.199119449
17416.99 secs, 1848683 evals, 1849377 steps, improv/step: 0.045 (last = 0.4739), fitness=-357146759.199119449
17447.00 secs, 1851594 evals, 1852312 steps, improv/step: 0.046 (last = 0.4944), fitness=-357146759.199119449
17477.00 secs, 1854323 evals, 1855053 steps, improv/step: 0.047 (last = 0.5053), fitness=-357146759.199119449
17507.37 secs, 1857171 evals, 1857920 steps, improv/step: 0.047 (last = 0.5281), fitness=-357146759.199119449
17537.37 secs, 1860110 evals, 1860883 steps, improv/step: 0.048 (last = 0.5582), fitness=-357146759.199119449
17567.38 secs, 1862996 evals, 1863791 steps, improv/step: 0.049 (last = 0.5230), fitness=-357146759.199119449
17597.39 secs, 1865840 evals, 1866653 steps, improv/step: 0.050 (last = 0.4969), fitness=-357146759.199119449
17627.39 secs, 1868649 evals, 1869480 steps, improv/step: 0.050 (last = 0.5150), fitness=-357146759.199119449
17657.39 secs, 1871444 evals, 1872292 steps, improv/step: 0.051 (last = 0.5167), fitness=-357146759.199119449
17687.40 secs, 1874305 evals, 1875168 steps, improv/step: 0.052 (last = 0.4572), fitness=-357146759.199119449
17717.72 secs, 1877113 evals, 1877990 steps, improv/step: 0.053 (last = 0.5776), fitness=-357146759.199119449
17747.73 secs, 1879990 evals, 1880887 steps, improv/step: 0.053 (last = 0.4536), fitness=-357146759.199119449
17777.73 secs, 1882860 evals, 1883770 steps, improv/step: 0.054 (last = 0.4953), fitness=-357146759.199119449
17807.73 secs, 1885745 evals, 1886664 steps, improv/step: 0.055 (last = 0.4962), fitness=-357146759.199119449
17837.74 secs, 1888566 evals, 1889499 steps, improv/step: 0.055 (last = 0.5041), fitness=-357146759.199119449
17867.74 secs, 1891399 evals, 1892352 steps, improv/step: 0.056 (last = 0.5328), fitness=-357146759.199119449
17897.74 secs, 1894040 evals, 1895004 steps, improv/step: 0.057 (last = 0.5279), fitness=-357146759.199119449
17927.75 secs, 1896811 evals, 1897793 steps, improv/step: 0.057 (last = 0.4844), fitness=-357146759.199119449
17957.76 secs, 1899667 evals, 1900669 steps, improv/step: 0.058 (last = 0.5501), fitness=-357146759.199119449
17987.76 secs, 1902451 evals, 1903473 steps, improv/step: 0.059 (last = 0.5339), fitness=-357146759.199119449
18017.76 secs, 1905179 evals, 1906218 steps, improv/step: 0.059 (last = 0.5060), fitness=-357146759.199119449
18047.76 secs, 1907823 evals, 1908873 steps, improv/step: 0.060 (last = 0.5224), fitness=-357146759.199119449
18077.76 secs, 1910533 evals, 1911597 steps, improv/step: 0.061 (last = 0.5151), fitness=-357146759.199119449
18107.87 secs, 1913111 evals, 1914193 steps, improv/step: 0.061 (last = 0.5035), fitness=-357146759.199119449
18137.88 secs, 1915798 evals, 1916899 steps, improv/step: 0.062 (last = 0.5185), fitness=-357146759.199119449
18168.30 secs, 1918706 evals, 1919825 steps, improv/step: 0.062 (last = 0.4525), fitness=-357146759.199119449
18198.30 secs, 1921587 evals, 1922727 steps, improv/step: 0.063 (last = 0.4883), fitness=-357146759.199119449
18228.31 secs, 1924387 evals, 1925540 steps, improv/step: 0.064 (last = 0.5204), fitness=-357146759.199119449
18258.31 secs, 1927151 evals, 1928321 steps, improv/step: 0.064 (last = 0.5315), fitness=-357146759.199119449
18288.35 secs, 1929941 evals, 1931121 steps, improv/step: 0.065 (last = 0.5068), fitness=-357146759.199119449
18318.56 secs, 1932758 evals, 1933959 steps, improv/step: 0.066 (last = 0.4630), fitness=-357146759.199119449
18348.56 secs, 1935586 evals, 1936807 steps, improv/step: 0.066 (last = 0.4775), fitness=-357146759.199119449
18378.57 secs, 1938492 evals, 1939733 steps, improv/step: 0.067 (last = 0.4812), fitness=-357146759.199119449
18408.58 secs, 1941379 evals, 1942635 steps, improv/step: 0.068 (last = 0.4966), fitness=-357146759.199119449
18438.58 secs, 1944177 evals, 1945451 steps, improv/step: 0.068 (last = 0.4819), fitness=-357146759.199119449
18468.59 secs, 1946930 evals, 1948222 steps, improv/step: 0.069 (last = 0.4940), fitness=-357146759.199119449
18498.60 secs, 1949806 evals, 1951111 steps, improv/step: 0.069 (last = 0.5230), fitness=-357146759.199119449
18528.60 secs, 1952643 evals, 1953966 steps, improv/step: 0.070 (last = 0.4543), fitness=-357146759.199119449
18558.61 secs, 1955454 evals, 1956804 steps, improv/step: 0.071 (last = 0.5166), fitness=-357146759.199119449
18588.62 secs, 1958313 evals, 1959675 steps, improv/step: 0.071 (last = 0.5117), fitness=-357146759.199119449
18618.62 secs, 1961166 evals, 1962549 steps, improv/step: 0.072 (last = 0.4669), fitness=-357146759.199119449
18648.62 secs, 1963897 evals, 1965293 steps, improv/step: 0.072 (last = 0.5313), fitness=-357146759.199119449
18678.63 secs, 1966659 evals, 1968067 steps, improv/step: 0.073 (last = 0.4470), fitness=-357146759.199119449
18708.63 secs, 1969452 evals, 1970886 steps, improv/step: 0.074 (last = 0.4906), fitness=-357146759.199119449
18738.64 secs, 1972297 evals, 1973747 steps, improv/step: 0.074 (last = 0.5505), fitness=-357146759.199119449
18768.65 secs, 1975172 evals, 1976637 steps, improv/step: 0.075 (last = 0.4817), fitness=-357146759.199119449
18798.65 secs, 1977947 evals, 1979434 steps, improv/step: 0.075 (last = 0.5098), fitness=-357146759.199119449
18828.66 secs, 1980788 evals, 1982292 steps, improv/step: 0.076 (last = 0.5136), fitness=-357146759.199119449
18858.67 secs, 1983669 evals, 1985189 steps, improv/step: 0.077 (last = 0.4991), fitness=-357146759.199119449
18888.67 secs, 1986543 evals, 1988084 steps, improv/step: 0.077 (last = 0.4950), fitness=-357146759.199119449
18918.68 secs, 1989461 evals, 1991017 steps, improv/step: 0.078 (last = 0.5356), fitness=-357146759.199119449
18948.69 secs, 1992246 evals, 1993818 steps, improv/step: 0.079 (last = 0.5377), fitness=-357146759.199119449
18979.02 secs, 1995141 evals, 1996741 steps, improv/step: 0.079 (last = 0.5843), fitness=-357146759.199119449
19009.02 secs, 1998030 evals, 1999649 steps, improv/step: 0.080 (last = 0.4924), fitness=-357146759.199119449
19039.02 secs, 2000862 evals, 2002496 steps, improv/step: 0.081 (last = 0.4658), fitness=-357146759.199119449
19069.03 secs, 2003642 evals, 2005290 steps, improv/step: 0.081 (last = 0.4782), fitness=-357146759.199119449
19099.03 secs, 2006515 evals, 2008184 steps, improv/step: 0.082 (last = 0.4585), fitness=-357146759.199119449
19129.03 secs, 2009342 evals, 2011034 steps, improv/step: 0.082 (last = 0.4902), fitness=-357146759.199119449
19159.04 secs, 2012166 evals, 2013869 steps, improv/step: 0.083 (last = 0.4416), fitness=-357146759.199119449
19189.04 secs, 2014916 evals, 2016635 steps, improv/step: 0.083 (last = 0.4725), fitness=-357146759.199119449
19219.05 secs, 2017711 evals, 2019446 steps, improv/step: 0.084 (last = 0.4724), fitness=-357146759.199119449
19249.05 secs, 2020464 evals, 2022214 steps, improv/step: 0.084 (last = 0.4599), fitness=-357146759.199119449
19279.06 secs, 2023322 evals, 2025094 steps, improv/step: 0.085 (last = 0.4885), fitness=-357146759.199119449
19309.11 secs, 2026138 evals, 2027925 steps, improv/step: 0.086 (last = 0.5030), fitness=-357146759.199119449
19339.11 secs, 2028984 evals, 2030788 steps, improv/step: 0.086 (last = 0.5208), fitness=-357146759.199119449
19369.11 secs, 2031749 evals, 2033567 steps, improv/step: 0.087 (last = 0.4592), fitness=-357146759.199119449
19399.12 secs, 2034567 evals, 2036399 steps, improv/step: 0.087 (last = 0.4643), fitness=-357146759.199119449
19429.13 secs, 2037216 evals, 2039065 steps, improv/step: 0.088 (last = 0.4629), fitness=-357146759.199119449
19459.13 secs, 2039988 evals, 2041858 steps, improv/step: 0.088 (last = 0.5184), fitness=-357146759.199119449
19489.13 secs, 2042726 evals, 2044614 steps, improv/step: 0.089 (last = 0.5860), fitness=-357146759.199119449
19519.14 secs, 2045477 evals, 2047385 steps, improv/step: 0.090 (last = 0.5586), fitness=-357146759.199119449
19549.14 secs, 2048106 evals, 2050038 steps, improv/step: 0.090 (last = 0.5006), fitness=-357146759.199119449
19579.15 secs, 2050778 evals, 2052726 steps, improv/step: 0.091 (last = 0.5472), fitness=-357146759.199119449
19609.60 secs, 2053401 evals, 2055363 steps, improv/step: 0.091 (last = 0.5089), fitness=-357146759.199119449
19639.61 secs, 2056068 evals, 2058049 steps, improv/step: 0.092 (last = 0.5160), fitness=-357146759.199119449
19669.61 secs, 2058657 evals, 2060654 steps, improv/step: 0.092 (last = 0.5086), fitness=-357146759.199119449
19699.61 secs, 2061296 evals, 2063305 steps, improv/step: 0.093 (last = 0.4553), fitness=-357146759.199119449
19729.61 secs, 2063927 evals, 2065957 steps, improv/step: 0.093 (last = 0.4310), fitness=-357146759.199119449
19759.62 secs, 2066662 evals, 2068713 steps, improv/step: 0.094 (last = 0.5319), fitness=-357146759.199119449
19789.63 secs, 2069336 evals, 2071402 steps, improv/step: 0.094 (last = 0.4946), fitness=-357146759.199119449
19819.63 secs, 2072080 evals, 2074164 steps, improv/step: 0.095 (last = 0.4631), fitness=-357146759.199119449
19849.63 secs, 2074790 evals, 2076889 steps, improv/step: 0.095 (last = 0.5622), fitness=-357146759.199119449
19879.64 secs, 2077528 evals, 2079648 steps, improv/step: 0.096 (last = 0.5386), fitness=-357146759.199119449
19909.64 secs, 2080356 evals, 2082501 steps, improv/step: 0.097 (last = 0.5615), fitness=-357146759.199119449
19939.64 secs, 2083057 evals, 2085214 steps, improv/step: 0.097 (last = 0.5278), fitness=-357146759.199119449
19969.64 secs, 2085724 evals, 2087892 steps, improv/step: 0.098 (last = 0.5407), fitness=-357146759.199119449
19999.65 secs, 2088524 evals, 2090713 steps, improv/step: 0.098 (last = 0.5126), fitness=-357146759.199119449
20029.66 secs, 2091260 evals, 2093464 steps, improv/step: 0.099 (last = 0.5060), fitness=-357146759.199119449
20059.66 secs, 2094008 evals, 2096234 steps, improv/step: 0.099 (last = 0.4801), fitness=-357146759.199119449
20089.66 secs, 2096682 evals, 2098923 steps, improv/step: 0.100 (last = 0.5203), fitness=-357146759.199119449
20119.67 secs, 2099381 evals, 2101648 steps, improv/step: 0.100 (last = 0.5090), fitness=-357146759.199119449
20149.79 secs, 2101929 evals, 2104212 steps, improv/step: 0.101 (last = 0.5289), fitness=-357146759.199119449
20179.79 secs, 2104492 evals, 2106787 steps, improv/step: 0.101 (last = 0.4672), fitness=-357146759.199119449
20210.21 secs, 2107115 evals, 2109428 steps, improv/step: 0.102 (last = 0.4672), fitness=-357146759.199119449
20240.22 secs, 2109785 evals, 2112114 steps, improv/step: 0.102 (last = 0.4643), fitness=-357146759.199119449
20270.23 secs, 2112544 evals, 2114888 steps, improv/step: 0.103 (last = 0.4950), fitness=-357146759.199119449
20300.24 secs, 2115100 evals, 2117456 steps, improv/step: 0.103 (last = 0.4155), fitness=-357146759.199119449
20330.80 secs, 2117829 evals, 2120200 steps, improv/step: 0.104 (last = 0.4625), fitness=-357146759.199119449
20361.02 secs, 2120592 evals, 2122984 steps, improv/step: 0.104 (last = 0.5431), fitness=-357146759.199119449
20391.32 secs, 2123358 evals, 2125768 steps, improv/step: 0.105 (last = 0.5797), fitness=-357146759.199119449
20421.32 secs, 2125980 evals, 2128407 steps, improv/step: 0.105 (last = 0.5320), fitness=-357146759.199119449
20451.33 secs, 2128615 evals, 2131058 steps, improv/step: 0.106 (last = 0.4836), fitness=-357146759.199119449
20481.34 secs, 2131377 evals, 2133837 steps, improv/step: 0.106 (last = 0.5351), fitness=-357146759.199119449
20511.51 secs, 2134148 evals, 2136623 steps, improv/step: 0.107 (last = 0.5470), fitness=-357146759.199119449
20541.51 secs, 2136798 evals, 2139290 steps, improv/step: 0.108 (last = 0.5238), fitness=-357146759.199119449
20571.52 secs, 2139510 evals, 2142016 steps, improv/step: 0.108 (last = 0.4875), fitness=-357146759.199119449
20601.52 secs, 2142224 evals, 2144748 steps, improv/step: 0.108 (last = 0.4590), fitness=-357146759.199119449
20631.54 secs, 2145006 evals, 2147549 steps, improv/step: 0.109 (last = 0.4056), fitness=-357146759.199119449
20661.54 secs, 2147765 evals, 2150327 steps, improv/step: 0.109 (last = 0.4194), fitness=-357146759.199119449
20691.54 secs, 2150326 evals, 2152906 steps, improv/step: 0.110 (last = 0.4847), fitness=-357146759.199119449
20721.91 secs, 2153074 evals, 2155669 steps, improv/step: 0.110 (last = 0.5273), fitness=-357146759.199119449
20751.91 secs, 2155616 evals, 2158223 steps, improv/step: 0.111 (last = 0.4977), fitness=-357146759.199119449
20781.92 secs, 2158440 evals, 2161065 steps, improv/step: 0.111 (last = 0.4887), fitness=-357146759.199119449
20811.92 secs, 2161275 evals, 2163919 steps, improv/step: 0.112 (last = 0.4643), fitness=-357146759.199119449
20841.93 secs, 2164147 evals, 2166802 steps, improv/step: 0.112 (last = 0.5168), fitness=-357146759.199119449
20872.39 secs, 2167135 evals, 2169814 steps, improv/step: 0.113 (last = 0.5169), fitness=-357146759.199119449
20902.90 secs, 2170272 evals, 2172972 steps, improv/step: 0.113 (last = 0.5586), fitness=-357146759.199119449
20932.99 secs, 2173412 evals, 2176140 steps, improv/step: 0.114 (last = 0.5120), fitness=-357146759.199119449
20962.99 secs, 2176484 evals, 2179232 steps, improv/step: 0.115 (last = 0.5000), fitness=-357146759.199119449
20993.00 secs, 2179569 evals, 2182335 steps, improv/step: 0.115 (last = 0.5672), fitness=-357146759.199119449
21023.00 secs, 2182567 evals, 2185356 steps, improv/step: 0.116 (last = 0.5270), fitness=-357146759.199119449
21053.00 secs, 2185693 evals, 2188503 steps, improv/step: 0.116 (last = 0.4735), fitness=-357146759.199119449
21083.01 secs, 2188740 evals, 2191568 steps, improv/step: 0.117 (last = 0.4832), fitness=-357146759.199119449
21113.05 secs, 2191711 evals, 2194557 steps, improv/step: 0.117 (last = 0.4747), fitness=-357146759.199119449
21143.53 secs, 2194881 evals, 2197754 steps, improv/step: 0.118 (last = 0.4754), fitness=-357146759.199119449
21173.54 secs, 2197965 evals, 2200862 steps, improv/step: 0.118 (last = 0.5257), fitness=-357146759.199119449
21203.54 secs, 2201047 evals, 2203958 steps, improv/step: 0.119 (last = 0.5772), fitness=-357146759.199119449
21233.55 secs, 2204216 evals, 2207148 steps, improv/step: 0.120 (last = 0.5219), fitness=-357146759.199119449
21263.55 secs, 2207442 evals, 2210396 steps, improv/step: 0.120 (last = 0.5200), fitness=-357146759.199119449
21293.55 secs, 2210582 evals, 2213569 steps, improv/step: 0.121 (last = 0.5134), fitness=-357146759.199119449
21323.56 secs, 2213761 evals, 2216780 steps, improv/step: 0.121 (last = 0.4777), fitness=-357146759.199119449
21353.56 secs, 2216941 evals, 2219990 steps, improv/step: 0.122 (last = 0.5421), fitness=-357146759.199119449
21383.67 secs, 2220069 evals, 2223134 steps, improv/step: 0.122 (last = 0.4593), fitness=-357146759.199119449
21413.67 secs, 2223226 evals, 2226310 steps, improv/step: 0.123 (last = 0.4559), fitness=-357146759.199119449
21443.68 secs, 2226334 evals, 2229445 steps, improv/step: 0.123 (last = 0.5407), fitness=-357146759.199119449
21473.68 secs, 2229391 evals, 2232517 steps, improv/step: 0.124 (last = 0.5212), fitness=-357146759.199119449
21504.10 secs, 2232602 evals, 2235750 steps, improv/step: 0.125 (last = 0.5193), fitness=-357146759.199119449
21534.10 secs, 2235869 evals, 2239035 steps, improv/step: 0.125 (last = 0.5072), fitness=-357146759.199119449
21564.10 secs, 2239221 evals, 2242403 steps, improv/step: 0.126 (last = 0.5344), fitness=-357146759.199119449
21594.61 secs, 2242288 evals, 2245492 steps, improv/step: 0.126 (last = 0.5545), fitness=-357146759.199119449
21624.61 secs, 2245450 evals, 2248677 steps, improv/step: 0.127 (last = 0.5036), fitness=-357146759.199119449
21654.62 secs, 2248487 evals, 2251734 steps, improv/step: 0.127 (last = 0.5276), fitness=-357146759.199119449
21684.62 secs, 2251640 evals, 2254903 steps, improv/step: 0.128 (last = 0.5626), fitness=-357146759.199119449
21714.76 secs, 2254613 evals, 2257901 steps, improv/step: 0.128 (last = 0.5183), fitness=-357146759.199119449
21744.77 secs, 2257748 evals, 2261050 steps, improv/step: 0.129 (last = 0.5027), fitness=-357146759.199119449
21774.78 secs, 2260799 evals, 2264114 steps, improv/step: 0.130 (last = 0.5228), fitness=-357146759.199119449
21805.12 secs, 2264061 evals, 2267394 steps, improv/step: 0.130 (last = 0.5765), fitness=-357146759.199119449
21835.13 secs, 2267278 evals, 2270633 steps, improv/step: 0.131 (last = 0.5316), fitness=-357146759.199119449
21865.53 secs, 2270270 evals, 2273641 steps, improv/step: 0.131 (last = 0.5196), fitness=-357146759.199119449
21895.53 secs, 2273445 evals, 2276835 steps, improv/step: 0.132 (last = 0.4637), fitness=-357146759.199119449
21925.53 secs, 2276636 evals, 2280041 steps, improv/step: 0.132 (last = 0.4779), fitness=-357146759.199119449
21955.53 secs, 2279919 evals, 2283340 steps, improv/step: 0.133 (last = 0.4874), fitness=-357146759.199119449
21985.54 secs, 2283312 evals, 2286753 steps, improv/step: 0.133 (last = 0.5215), fitness=-357146759.199119449
22015.54 secs, 2286622 evals, 2290082 steps, improv/step: 0.134 (last = 0.5458), fitness=-357146759.199119449
22046.00 secs, 2289986 evals, 2293469 steps, improv/step: 0.135 (last = 0.5379), fitness=-357146759.199119449
22076.00 secs, 2293229 evals, 2296727 steps, improv/step: 0.135 (last = 0.5178), fitness=-357146759.199119449
22106.00 secs, 2296375 evals, 2299895 steps, improv/step: 0.136 (last = 0.5249), fitness=-357146759.199119449
22136.01 secs, 2299638 evals, 2303181 steps, improv/step: 0.136 (last = 0.5819), fitness=-357146759.199119449
22166.04 secs, 2302886 evals, 2306445 steps, improv/step: 0.137 (last = 0.5824), fitness=-357146759.199119449
22196.04 secs, 2306203 evals, 2309781 steps, improv/step: 0.137 (last = 0.5123), fitness=-357146759.199119449
22226.77 secs, 2309528 evals, 2313125 steps, improv/step: 0.138 (last = 0.4865), fitness=-357146759.199119449
22256.77 secs, 2312827 evals, 2316439 steps, improv/step: 0.138 (last = 0.5121), fitness=-357146759.199119449
22286.78 secs, 2315952 evals, 2319584 steps, improv/step: 0.139 (last = 0.4913), fitness=-357146759.199119449
22316.78 secs, 2319224 evals, 2322871 steps, improv/step: 0.139 (last = 0.4810), fitness=-357146759.199119449
22346.78 secs, 2322543 evals, 2326210 steps, improv/step: 0.140 (last = 0.4783), fitness=-357146759.199119449
22376.78 secs, 2325900 evals, 2329585 steps, improv/step: 0.140 (last = 0.4850), fitness=-357146759.199119449
22406.81 secs, 2329225 evals, 2332934 steps, improv/step: 0.141 (last = 0.4775), fitness=-357146759.199119449
22436.82 secs, 2332604 evals, 2336330 steps, improv/step: 0.141 (last = 0.5253), fitness=-357146759.199119449
22466.82 secs, 2335822 evals, 2339566 steps, improv/step: 0.142 (last = 0.5226), fitness=-357146759.199119449
22496.83 secs, 2339086 evals, 2342847 steps, improv/step: 0.142 (last = 0.5120), fitness=-357146759.199119449
22526.91 secs, 2342331 evals, 2346114 steps, improv/step: 0.143 (last = 0.5430), fitness=-357146759.199119449
22557.46 secs, 2345702 evals, 2349514 steps, improv/step: 0.144 (last = 0.5641), fitness=-357146759.199119449
22587.47 secs, 2348785 evals, 2352614 steps, improv/step: 0.144 (last = 0.5613), fitness=-357146759.199119449
22617.47 secs, 2351980 evals, 2355830 steps, improv/step: 0.145 (last = 0.4932), fitness=-357146759.199119449
22647.47 secs, 2355222 evals, 2359091 steps, improv/step: 0.145 (last = 0.5302), fitness=-357146759.199119449
22677.47 secs, 2358538 evals, 2362434 steps, improv/step: 0.146 (last = 0.5196), fitness=-357146759.199119449
22707.47 secs, 2361786 evals, 2365698 steps, improv/step: 0.146 (last = 0.5218), fitness=-357146759.199119449
22737.48 secs, 2365084 evals, 2369024 steps, improv/step: 0.147 (last = 0.5379), fitness=-357146759.199119449
22767.48 secs, 2368256 evals, 2372217 steps, improv/step: 0.147 (last = 0.5080), fitness=-357146759.199119449
22797.80 secs, 2371474 evals, 2375457 steps, improv/step: 0.148 (last = 0.5222), fitness=-357146759.199119449
22827.80 secs, 2374706 evals, 2378708 steps, improv/step: 0.148 (last = 0.4783), fitness=-357146759.199119449
22858.26 secs, 2377958 evals, 2381981 steps, improv/step: 0.149 (last = 0.5661), fitness=-357146759.199119449
22888.62 secs, 2381378 evals, 2385420 steps, improv/step: 0.149 (last = 0.5208), fitness=-357146759.199119449
22918.62 secs, 2384611 evals, 2388667 steps, improv/step: 0.150 (last = 0.5457), fitness=-357146759.199119449
22948.81 secs, 2387544 evals, 2391624 steps, improv/step: 0.150 (last = 0.5685), fitness=-357146759.199119449
22978.81 secs, 2390754 evals, 2394846 steps, improv/step: 0.151 (last = 0.5239), fitness=-357146759.199119449
23008.82 secs, 2394008 evals, 2398118 steps, improv/step: 0.151 (last = 0.4560), fitness=-357146759.199119449
23038.83 secs, 2397206 evals, 2401338 steps, improv/step: 0.152 (last = 0.5016), fitness=-357146759.199119449
23068.83 secs, 2400495 evals, 2404650 steps, improv/step: 0.152 (last = 0.4499), fitness=-357146759.199119449
23098.83 secs, 2403810 evals, 2407982 steps, improv/step: 0.153 (last = 0.4451), fitness=-357146759.199119449
23128.84 secs, 2407119 evals, 2411316 steps, improv/step: 0.153 (last = 0.4430), fitness=-357146759.199119449
23159.28 secs, 2410283 evals, 2414498 steps, improv/step: 0.153 (last = 0.4494), fitness=-357146759.199119449
23190.02 secs, 2413399 evals, 2417641 steps, improv/step: 0.154 (last = 0.4652), fitness=-357146759.199119449
23220.02 secs, 2416515 evals, 2420783 steps, improv/step: 0.154 (last = 0.4825), fitness=-357146759.199119449
23250.15 secs, 2419642 evals, 2423932 steps, improv/step: 0.155 (last = 0.5443), fitness=-357146759.199119449
23280.15 secs, 2422664 evals, 2426968 steps, improv/step: 0.155 (last = 0.4625), fitness=-357146759.199119449
23310.16 secs, 2425547 evals, 2429874 steps, improv/step: 0.156 (last = 0.4518), fitness=-357146759.199119449
23340.17 secs, 2428366 evals, 2432711 steps, improv/step: 0.156 (last = 0.5538), fitness=-357146759.199119449
23370.17 secs, 2431369 evals, 2435724 steps, improv/step: 0.156 (last = 0.4583), fitness=-357146759.199119449
23400.18 secs, 2434252 evals, 2438624 steps, improv/step: 0.157 (last = 0.5438), fitness=-357146759.199119449
23430.18 secs, 2437223 evals, 2441606 steps, improv/step: 0.157 (last = 0.5892), fitness=-357146759.199119449
23460.19 secs, 2440283 evals, 2444686 steps, improv/step: 0.158 (last = 0.5091), fitness=-357146759.199119449
23490.33 secs, 2443365 evals, 2447792 steps, improv/step: 0.158 (last = 0.4704), fitness=-357146759.199119449
23520.34 secs, 2446408 evals, 2450860 steps, improv/step: 0.159 (last = 0.4433), fitness=-357146759.199119449
23550.34 secs, 2449426 evals, 2453897 steps, improv/step: 0.159 (last = 0.4702), fitness=-357146759.199119449
23580.34 secs, 2452391 evals, 2456882 steps, improv/step: 0.159 (last = 0.5380), fitness=-357146759.199119449
23610.35 secs, 2455360 evals, 2459869 steps, improv/step: 0.160 (last = 0.5169), fitness=-357146759.199119449
23640.35 secs, 2458408 evals, 2462946 steps, improv/step: 0.160 (last = 0.4693), fitness=-357146759.199119449
23670.74 secs, 2461301 evals, 2465858 steps, improv/step: 0.161 (last = 0.5920), fitness=-357146759.199119449
23700.75 secs, 2464247 evals, 2468825 steps, improv/step: 0.161 (last = 0.5228), fitness=-357146759.199119449
23730.76 secs, 2467269 evals, 2471875 steps, improv/step: 0.162 (last = 0.4984), fitness=-357146759.199119449
23760.76 secs, 2470111 evals, 2474738 steps, improv/step: 0.162 (last = 0.4799), fitness=-357146759.199119449
23790.80 secs, 2472970 evals, 2477613 steps, improv/step: 0.162 (last = 0.5165), fitness=-357146759.199119449
23820.81 secs, 2475882 evals, 2480536 steps, improv/step: 0.163 (last = 0.4879), fitness=-357146759.199119449
23850.81 secs, 2478867 evals, 2483540 steps, improv/step: 0.163 (last = 0.4830), fitness=-357146759.199119449
23880.82 secs, 2481919 evals, 2486606 steps, improv/step: 0.164 (last = 0.4971), fitness=-357146759.199119449
23910.82 secs, 2484871 evals, 2489586 steps, improv/step: 0.164 (last = 0.4614), fitness=-357146759.199119449
23941.04 secs, 2487899 evals, 2492634 steps, improv/step: 0.164 (last = 0.5525), fitness=-357146759.199119449
23971.05 secs, 2490935 evals, 2495689 steps, improv/step: 0.165 (last = 0.4586), fitness=-357146759.199119449
24001.05 secs, 2493792 evals, 2498566 steps, improv/step: 0.165 (last = 0.4800), fitness=-357146759.199119449
24031.05 secs, 2496690 evals, 2501478 steps, improv/step: 0.166 (last = 0.5560), fitness=-357146759.199119449
24061.06 secs, 2499636 evals, 2504442 steps, improv/step: 0.166 (last = 0.5270), fitness=-357146759.199119449

Optimization stopped after 2504809 steps and 24065.00 seconds
Termination reason: Max number of function evaluations (2500000) reached
Steps per second = 104.09
Function evals per second = 103.89
Improvements/step = Inf
Total function evaluations = 2500001


Best candidate found: [261.677, 400.12, 192.86, 6.96716, 1.79505e5, 1000.0, 259.811, 55.6188, 21.8203, 10510.5, 0.000101208, 0.00100099, 0.0112197, 0.0992098, 0.770403]

Fitness: -357146759.199119449

-3.5714675919911945e8
15-element Vector{Float64}:
    261.67670939644603
    400.1197493683458
    192.86044053134248
      6.96716399272195
 179504.50684023535
    999.9999999999285
    259.81092903717456
     55.618784629782695
     21.82034039629791
  10510.53887579469
      0.00010120846094439796
      0.0010009943366269636
      0.011219712382603494
      0.09920979827288273
      0.7704026650030253
Script has finished
Sat Dec 18 22:44:37 CET 2021

------------------------------------------------------------
Sender: LSF System <schwan@makalu118>
Subject: Job 575442: <Julia_Job_parallel> in cluster <wuerfel> Done

Job <Julia_Job_parallel> was submitted from host <makalu56> by user <magr4985> in cluster <wuerfel> at Sat Dec 18 15:58:16 2021
Job was executed on host(s) <makalu118>, in queue <BatchXL>, as user <magr4985> in cluster <wuerfel> at Sat Dec 18 15:58:26 2021
</usr/scratch4/magr4985> was used as the home directory.
</usr/scratch4/magr4985/TRPL/BatchJobs/C2704_hzb/Run4> was used as the working directory.
Started at Sat Dec 18 15:58:26 2021
Terminated at Sat Dec 18 22:44:37 2021
Results reported at Sat Dec 18 22:44:37 2021

Your job looked like:

------------------------------------------------------------
# LSBATCH: User input
#!/bin/csh 
#BSUB -q BatchXL 
#BSUB -R "mem > 8000 span[hosts=1] && intel_avx2" 
#BSUB -oo lsf_julia_%J.log 
#BSUB -eo lsf_julia_%J.err 
#BSUB -J Julia_Job_parallel 
#BSUB -L /bin/csh 
#BSUB -n 1 
date 
pwd 
module purge 
/usr/scratch4/magr4985/julia-1.6.2/bin/julia -t 4 /usr/scratch4/magr4985/TRPL/Programs/trpl_analysis_real.jl C2704_hzb 5.0e16 2500000 1 /usr/scratch4/magr4985/TRPL/BatchJobs/C2704_hzb/Run4 1.0e-14 3600 "[1.0, 1.0, 1.0, 1.0, 1.0, 1.0, 1.0, 1.0, 1.0, 1.0, 1.0e-6, 1.0e-6, 1.0e-6, 1.0e-6, 1.0e-6, 1.0e-6, 1.0e-6, 1.0e-6, 1.0e-6, 1.0e-6]" "[5000.0, 5000.0, 1000.0, 1000.0, 1.0e9, 1000.0, 10000.0, 10000.0, 1000.0, 1.0e6, 1.0, 1.0, 1.0, 1.0, 1.0, 1.0, 1.0, 1.0, 1.0, 1.0]" 
date
------------------------------------------------------------

Successfully completed.

Resource usage summary:

    CPU time :                                   61089.35 sec.
    Max Memory :                                 5935.06 MB
    Average Memory :                             2149.63 MB
    Total Requested Memory :                     -
    Delta Memory :                               -
    Max Swap :                                   256 KB
    Max Processes :                              6
    Max Threads :                                12
    Run time :                                   24369 sec.
    Turnaround time :                            24381 sec.

The output (if any) is above this job summary.



PS:

Read file <lsf_julia_575442.err> for stderr output of this job.

