Warning: no access to tty (Bad file descriptor).
Thus no job control in this shell.
Warning: no access to tty (Bad file descriptor).
Thus no job control in this shell.
Sat Dec 18 15:38:03 CET 2021
/usr/scratch4/magr4985/TRPL/BatchJobs/C2702_hzb/Run9
# Thread: 4
1211766954589437855 RNG Seed
Run 1
Starting optimization with optimizer DiffEvoOpt{FitPopulation{Float64}, RadiusLimitedSelector, BlackBoxOptim.DiffEvoRandBin{3}, RandomBound{ContinuousRectSearchSpace}}
0.00 secs, 0 evals, 0 steps
30.01 secs, 3199 evals, 3115 steps, improv/step: 0.331 (last = 0.3313), fitness=-268826398.302679300
60.01 secs, 6621 evals, 6537 steps, improv/step: 0.260 (last = 0.1955), fitness=-285441049.949243486
90.02 secs, 10032 evals, 9948 steps, improv/step: 0.208 (last = 0.1091), fitness=-286946382.472551525
120.02 secs, 13327 evals, 13243 steps, improv/step: 0.186 (last = 0.1181), fitness=-287160412.656634092
150.02 secs, 16512 evals, 16428 steps, improv/step: 0.175 (last = 0.1272), fitness=-287178446.228253603
180.07 secs, 19919 evals, 19835 steps, improv/step: 0.167 (last = 0.1324), fitness=-287190289.247284055
210.07 secs, 23422 evals, 23338 steps, improv/step: 0.158 (last = 0.1033), fitness=-287195107.931967497
240.11 secs, 26868 evals, 26784 steps, improv/step: 0.153 (last = 0.1184), fitness=-287197721.731821179
270.11 secs, 30206 evals, 30122 steps, improv/step: 0.146 (last = 0.0887), fitness=-287199228.919106483
300.12 secs, 33576 evals, 33492 steps, improv/step: 0.140 (last = 0.0914), fitness=-287200451.036759019
330.18 secs, 36890 evals, 36806 steps, improv/step: 0.134 (last = 0.0772), fitness=-287200795.726407290
360.18 secs, 40279 evals, 40195 steps, improv/step: 0.129 (last = 0.0670), fitness=-287201231.418810129
390.18 secs, 43732 evals, 43648 steps, improv/step: 0.124 (last = 0.0733), fitness=-287201455.380968094
420.24 secs, 47139 evals, 47056 steps, improv/step: 0.120 (last = 0.0675), fitness=-287201617.358916879
450.25 secs, 50495 evals, 50412 steps, improv/step: 0.116 (last = 0.0590), fitness=-287201695.903262496
480.30 secs, 54039 evals, 53956 steps, improv/step: 0.113 (last = 0.0683), fitness=-287201737.781767130
510.31 secs, 57612 evals, 57529 steps, improv/step: 0.111 (last = 0.0882), fitness=-287201849.723744273
540.31 secs, 61297 evals, 61214 steps, improv/step: 0.109 (last = 0.0697), fitness=-287201902.086729705
570.31 secs, 64962 evals, 64880 steps, improv/step: 0.106 (last = 0.0633), fitness=-287201940.755812764
600.32 secs, 68580 evals, 68499 steps, improv/step: 0.104 (last = 0.0660), fitness=-287201983.175447464
630.32 secs, 72168 evals, 72087 steps, improv/step: 0.101 (last = 0.0460), fitness=-287202007.479310632
660.33 secs, 75745 evals, 75664 steps, improv/step: 0.099 (last = 0.0520), fitness=-287202028.727638483
690.33 secs, 79314 evals, 79233 steps, improv/step: 0.097 (last = 0.0532), fitness=-287202043.653350413
720.34 secs, 82901 evals, 82820 steps, improv/step: 0.095 (last = 0.0505), fitness=-287202059.116624236
750.34 secs, 86447 evals, 86367 steps, improv/step: 0.094 (last = 0.0657), fitness=-287202074.201263547
780.34 secs, 90011 evals, 89931 steps, improv/step: 0.092 (last = 0.0581), fitness=-287202080.762941837
810.35 secs, 93593 evals, 93513 steps, improv/step: 0.091 (last = 0.0597), fitness=-287202087.522863626
840.36 secs, 97139 evals, 97059 steps, improv/step: 0.089 (last = 0.0426), fitness=-287202090.659459829
870.43 secs, 100677 evals, 100598 steps, improv/step: 0.088 (last = 0.0418), fitness=-287202091.422296286
900.46 secs, 104196 evals, 104117 steps, improv/step: 0.085 (last = 0.0239), fitness=-287202092.782530069
930.47 secs, 107710 evals, 107631 steps, improv/step: 0.083 (last = 0.0199), fitness=-287202093.264554381
960.48 secs, 111228 evals, 111150 steps, improv/step: 0.082 (last = 0.0276), fitness=-287202093.888694942
990.55 secs, 114734 evals, 114656 steps, improv/step: 0.080 (last = 0.0388), fitness=-287202094.165632010
1020.55 secs, 118295 evals, 118218 steps, improv/step: 0.079 (last = 0.0289), fitness=-287202094.376862168
1050.55 secs, 121781 evals, 121704 steps, improv/step: 0.077 (last = 0.0341), fitness=-287202094.607549191
1080.56 secs, 125472 evals, 125395 steps, improv/step: 0.076 (last = 0.0317), fitness=-287202094.654075742
1110.56 secs, 129110 evals, 129033 steps, improv/step: 0.075 (last = 0.0374), fitness=-287202094.706569552
1140.56 secs, 132511 evals, 132434 steps, improv/step: 0.074 (last = 0.0435), fitness=-287202094.754653215
1170.56 secs, 136198 evals, 136121 steps, improv/step: 0.073 (last = 0.0401), fitness=-287202094.758294106
1200.61 secs, 140093 evals, 140016 steps, improv/step: 0.072 (last = 0.0336), fitness=-287202094.761180878
1230.61 secs, 143896 evals, 143820 steps, improv/step: 0.071 (last = 0.0384), fitness=-287202094.768937707
1260.62 secs, 147731 evals, 147655 steps, improv/step: 0.071 (last = 0.0475), fitness=-287202094.772090495
1290.62 secs, 151638 evals, 151562 steps, improv/step: 0.070 (last = 0.0381), fitness=-287202094.772488475
1320.67 secs, 155428 evals, 155353 steps, improv/step: 0.069 (last = 0.0340), fitness=-287202094.773265421
1350.70 secs, 159137 evals, 159062 steps, improv/step: 0.068 (last = 0.0402), fitness=-287202094.774271131
1380.79 secs, 162893 evals, 162819 steps, improv/step: 0.068 (last = 0.0466), fitness=-287202094.774952292
1410.79 secs, 166670 evals, 166596 steps, improv/step: 0.067 (last = 0.0503), fitness=-287202094.775588989
1440.80 secs, 170527 evals, 170454 steps, improv/step: 0.067 (last = 0.0454), fitness=-287202094.776552439
1470.83 secs, 174383 evals, 174310 steps, improv/step: 0.066 (last = 0.0441), fitness=-287202094.777705789
1500.83 secs, 178089 evals, 178016 steps, improv/step: 0.066 (last = 0.0413), fitness=-287202094.779020071
1530.84 secs, 181972 evals, 181899 steps, improv/step: 0.065 (last = 0.0379), fitness=-287202094.779781699
1560.84 secs, 185743 evals, 185670 steps, improv/step: 0.065 (last = 0.0424), fitness=-287202094.781248987
1590.84 secs, 189429 evals, 189357 steps, improv/step: 0.064 (last = 0.0423), fitness=-287202094.782018781
1620.84 secs, 193204 evals, 193132 steps, improv/step: 0.064 (last = 0.0421), fitness=-287202094.783078074
1650.86 secs, 197028 evals, 196956 steps, improv/step: 0.063 (last = 0.0366), fitness=-287202094.784606338
1680.86 secs, 200744 evals, 200672 steps, improv/step: 0.063 (last = 0.0495), fitness=-287202094.786181152
1710.87 secs, 204547 evals, 204475 steps, improv/step: 0.063 (last = 0.0568), fitness=-287202094.787044704
1740.93 secs, 208423 evals, 208351 steps, improv/step: 0.063 (last = 0.0570), fitness=-287202094.788598061
1770.93 secs, 212281 evals, 212209 steps, improv/step: 0.062 (last = 0.0386), fitness=-287202094.790060699
1800.94 secs, 216064 evals, 215992 steps, improv/step: 0.062 (last = 0.0383), fitness=-287202094.793690383
1830.94 secs, 219765 evals, 219693 steps, improv/step: 0.062 (last = 0.0376), fitness=-287202094.795354366
1860.94 secs, 223342 evals, 223270 steps, improv/step: 0.061 (last = 0.0280), fitness=-287202094.798276067
1890.94 secs, 226965 evals, 226895 steps, improv/step: 0.061 (last = 0.0419), fitness=-287202094.800457001
1920.94 secs, 230638 evals, 230570 steps, improv/step: 0.061 (last = 0.0441), fitness=-287202094.804039836
1950.95 secs, 234293 evals, 234225 steps, improv/step: 0.060 (last = 0.0378), fitness=-287202094.805554867
1980.95 secs, 238067 evals, 238000 steps, improv/step: 0.060 (last = 0.0278), fitness=-287202094.806447566
2010.96 secs, 241791 evals, 241724 steps, improv/step: 0.059 (last = 0.0258), fitness=-287202094.808560371
2040.96 secs, 245443 evals, 245377 steps, improv/step: 0.059 (last = 0.0328), fitness=-287202094.813128769
2070.96 secs, 249230 evals, 249165 steps, improv/step: 0.058 (last = 0.0341), fitness=-287202094.820793271
2100.97 secs, 252873 evals, 252809 steps, improv/step: 0.058 (last = 0.0255), fitness=-287202094.822133601
2130.98 secs, 256598 evals, 256534 steps, improv/step: 0.057 (last = 0.0239), fitness=-287202094.825292051
2160.98 secs, 260369 evals, 260307 steps, improv/step: 0.057 (last = 0.0262), fitness=-287202094.826444447
2190.99 secs, 264232 evals, 264170 steps, improv/step: 0.057 (last = 0.0334), fitness=-287202094.828785896
2220.99 secs, 268161 evals, 268100 steps, improv/step: 0.056 (last = 0.0318), fitness=-287202094.832768202
2250.99 secs, 271723 evals, 271663 steps, improv/step: 0.056 (last = 0.0306), fitness=-287202094.834839821
2281.00 secs, 275185 evals, 275125 steps, improv/step: 0.056 (last = 0.0266), fitness=-287202094.840068460
2311.00 secs, 278830 evals, 278770 steps, improv/step: 0.055 (last = 0.0225), fitness=-287202094.842672706
2341.00 secs, 282395 evals, 282335 steps, improv/step: 0.055 (last = 0.0250), fitness=-287202094.844111085
2371.01 secs, 286039 evals, 285979 steps, improv/step: 0.054 (last = 0.0272), fitness=-287202094.847977281
2401.01 secs, 289615 evals, 289557 steps, improv/step: 0.054 (last = 0.0274), fitness=-287202094.850424528
2431.02 secs, 293462 evals, 293404 steps, improv/step: 0.054 (last = 0.0330), fitness=-287202094.854794443
2461.02 secs, 297460 evals, 297403 steps, improv/step: 0.053 (last = 0.0290), fitness=-287202094.863447785
2491.02 secs, 301259 evals, 301202 steps, improv/step: 0.053 (last = 0.0232), fitness=-287202094.869007230
2521.03 secs, 305215 evals, 305158 steps, improv/step: 0.053 (last = 0.0268), fitness=-287202094.872210920
2551.12 secs, 309096 evals, 309039 steps, improv/step: 0.052 (last = 0.0227), fitness=-287202094.879931152
2581.12 secs, 312878 evals, 312824 steps, improv/step: 0.052 (last = 0.0246), fitness=-287202094.884805620
2611.13 secs, 316828 evals, 316775 steps, improv/step: 0.052 (last = 0.0205), fitness=-287202094.885859668
2641.13 secs, 320818 evals, 320766 steps, improv/step: 0.051 (last = 0.0205), fitness=-287202094.896359980
2671.14 secs, 324861 evals, 324810 steps, improv/step: 0.051 (last = 0.0183), fitness=-287202094.901558757
2701.14 secs, 328591 evals, 328540 steps, improv/step: 0.050 (last = 0.0193), fitness=-287202094.910501301
2731.14 secs, 332206 evals, 332156 steps, improv/step: 0.050 (last = 0.0177), fitness=-287202094.922307491
2761.15 secs, 335932 evals, 335882 steps, improv/step: 0.050 (last = 0.0134), fitness=-287202094.928245604
2791.15 secs, 339753 evals, 339703 steps, improv/step: 0.049 (last = 0.0133), fitness=-287202094.929906666
2821.15 secs, 343479 evals, 343430 steps, improv/step: 0.049 (last = 0.0177), fitness=-287202094.946963668
2851.15 secs, 347341 evals, 347292 steps, improv/step: 0.049 (last = 0.0132), fitness=-287202094.946976066
2881.16 secs, 351324 evals, 351276 steps, improv/step: 0.048 (last = 0.0176), fitness=-287202094.959420979
2911.16 secs, 355299 evals, 355251 steps, improv/step: 0.048 (last = 0.0148), fitness=-287202094.987943053
2941.17 secs, 359094 evals, 359046 steps, improv/step: 0.047 (last = 0.0119), fitness=-287202094.987943053
2971.22 secs, 362911 evals, 362865 steps, improv/step: 0.047 (last = 0.0215), fitness=-287202094.994283020
3001.23 secs, 366706 evals, 366660 steps, improv/step: 0.047 (last = 0.0108), fitness=-287202095.009387910
3031.23 secs, 370454 evals, 370410 steps, improv/step: 0.046 (last = 0.0131), fitness=-287202095.014816284
3061.24 secs, 374221 evals, 374177 steps, improv/step: 0.046 (last = 0.0127), fitness=-287202095.033327758
3091.24 secs, 378247 evals, 378203 steps, improv/step: 0.046 (last = 0.0129), fitness=-287202095.036756575
3121.25 secs, 381801 evals, 381757 steps, improv/step: 0.045 (last = 0.0146), fitness=-287202095.051215827
3151.25 secs, 385163 evals, 385120 steps, improv/step: 0.045 (last = 0.0184), fitness=-287202095.073381662
3181.25 secs, 388832 evals, 388789 steps, improv/step: 0.045 (last = 0.0136), fitness=-287202095.100320518
3211.26 secs, 392680 evals, 392638 steps, improv/step: 0.045 (last = 0.0127), fitness=-287202095.100320518
3241.26 secs, 396463 evals, 396422 steps, improv/step: 0.044 (last = 0.0119), fitness=-287202095.105356574
3271.36 secs, 400069 evals, 400029 steps, improv/step: 0.044 (last = 0.0097), fitness=-287202095.130010545
3301.36 secs, 404073 evals, 404036 steps, improv/step: 0.044 (last = 0.0137), fitness=-287202095.144733548
3331.37 secs, 407779 evals, 407743 steps, improv/step: 0.043 (last = 0.0084), fitness=-287202095.169021070
3361.37 secs, 411561 evals, 411526 steps, improv/step: 0.043 (last = 0.0122), fitness=-287202095.185332179
3391.37 secs, 415391 evals, 415356 steps, improv/step: 0.043 (last = 0.0117), fitness=-287202095.185332179
3421.37 secs, 419083 evals, 419048 steps, improv/step: 0.042 (last = 0.0095), fitness=-287202095.194688916
3451.37 secs, 422875 evals, 422844 steps, improv/step: 0.042 (last = 0.0103), fitness=-287202095.203428686
3481.38 secs, 426650 evals, 426620 steps, improv/step: 0.042 (last = 0.0124), fitness=-287202095.209024072
3511.38 secs, 430486 evals, 430456 steps, improv/step: 0.042 (last = 0.0096), fitness=-287202095.229267299
3541.39 secs, 434187 evals, 434157 steps, improv/step: 0.041 (last = 0.0173), fitness=-287202095.256755650
3571.39 secs, 438058 evals, 438028 steps, improv/step: 0.041 (last = 0.0098), fitness=-287202095.287710309
3601.39 secs, 441765 evals, 441736 steps, improv/step: 0.041 (last = 0.0127), fitness=-287202095.324983060
3631.40 secs, 445563 evals, 445536 steps, improv/step: 0.041 (last = 0.0095), fitness=-287202095.329931080
3661.40 secs, 449192 evals, 449165 steps, improv/step: 0.040 (last = 0.0083), fitness=-287202095.335349798
3691.40 secs, 452964 evals, 452937 steps, improv/step: 0.040 (last = 0.0098), fitness=-287202095.358768582
3721.40 secs, 456667 evals, 456640 steps, improv/step: 0.040 (last = 0.0076), fitness=-287202095.359833598
3751.41 secs, 460268 evals, 460243 steps, improv/step: 0.040 (last = 0.0075), fitness=-287202095.375130117
3781.41 secs, 463871 evals, 463846 steps, improv/step: 0.039 (last = 0.0089), fitness=-287202095.401334703
3811.41 secs, 467672 evals, 467647 steps, improv/step: 0.039 (last = 0.0118), fitness=-287202095.401334703
3841.42 secs, 471014 evals, 470989 steps, improv/step: 0.039 (last = 0.0096), fitness=-287202095.405857205
3871.42 secs, 474340 evals, 474316 steps, improv/step: 0.039 (last = 0.0150), fitness=-287202095.440090477
3901.42 secs, 477876 evals, 477854 steps, improv/step: 0.039 (last = 0.0102), fitness=-287202095.457687974
3931.42 secs, 481387 evals, 481367 steps, improv/step: 0.038 (last = 0.0117), fitness=-287202095.464249432
3961.43 secs, 485101 evals, 485083 steps, improv/step: 0.038 (last = 0.0102), fitness=-287202095.477417707
3991.43 secs, 488531 evals, 488514 steps, improv/step: 0.038 (last = 0.0085), fitness=-287202095.515677750
4021.43 secs, 491993 evals, 491977 steps, improv/step: 0.038 (last = 0.0072), fitness=-287202095.515677750
4051.47 secs, 495675 evals, 495659 steps, improv/step: 0.038 (last = 0.0109), fitness=-287202095.532212257
4081.47 secs, 499359 evals, 499343 steps, improv/step: 0.037 (last = 0.0084), fitness=-287202095.561530948
4111.51 secs, 502977 evals, 502962 steps, improv/step: 0.037 (last = 0.0094), fitness=-287202095.561530948
4141.51 secs, 506177 evals, 506163 steps, improv/step: 0.037 (last = 0.0122), fitness=-287202095.568249345
4171.68 secs, 509525 evals, 509511 steps, improv/step: 0.037 (last = 0.0099), fitness=-287202095.598966181
4201.68 secs, 513125 evals, 513111 steps, improv/step: 0.037 (last = 0.0164), fitness=-287202095.604374647
4231.69 secs, 516539 evals, 516526 steps, improv/step: 0.036 (last = 0.0141), fitness=-287202095.623530865
4261.69 secs, 519954 evals, 519941 steps, improv/step: 0.036 (last = 0.0170), fitness=-287202095.628054857
4291.69 secs, 523508 evals, 523497 steps, improv/step: 0.036 (last = 0.0096), fitness=-287202095.628054857
4321.69 secs, 526988 evals, 526977 steps, improv/step: 0.036 (last = 0.0089), fitness=-287202095.633934796
4351.70 secs, 530313 evals, 530302 steps, improv/step: 0.036 (last = 0.0099), fitness=-287202095.658310056
4381.73 secs, 533894 evals, 533884 steps, improv/step: 0.036 (last = 0.0131), fitness=-287202095.685311556
4411.79 secs, 537502 evals, 537493 steps, improv/step: 0.036 (last = 0.0172), fitness=-287202095.685311556
4441.80 secs, 540880 evals, 540873 steps, improv/step: 0.035 (last = 0.0115), fitness=-287202095.706718385
4471.92 secs, 544019 evals, 544012 steps, improv/step: 0.035 (last = 0.0131), fitness=-287202095.711605787
4501.93 secs, 547382 evals, 547376 steps, improv/step: 0.035 (last = 0.0086), fitness=-287202095.715528846
4531.93 secs, 550872 evals, 550866 steps, improv/step: 0.035 (last = 0.0097), fitness=-287202095.727429152
4561.93 secs, 554496 evals, 554491 steps, improv/step: 0.035 (last = 0.0097), fitness=-287202095.739513397
4591.93 secs, 558122 evals, 558119 steps, improv/step: 0.035 (last = 0.0105), fitness=-287202095.745322347
4621.94 secs, 561726 evals, 561725 steps, improv/step: 0.034 (last = 0.0092), fitness=-287202095.778255939
4651.94 secs, 565374 evals, 565374 steps, improv/step: 0.034 (last = 0.0110), fitness=-287202095.780493915
4681.95 secs, 568982 evals, 568982 steps, improv/step: 0.034 (last = 0.0108), fitness=-287202095.789316356
4711.95 secs, 572518 evals, 572520 steps, improv/step: 0.034 (last = 0.0088), fitness=-287202095.802725732
4742.08 secs, 576103 evals, 576105 steps, improv/step: 0.034 (last = 0.0117), fitness=-287202095.802725732
4772.08 secs, 579641 evals, 579644 steps, improv/step: 0.034 (last = 0.0124), fitness=-287202095.826612055
4802.08 secs, 583158 evals, 583161 steps, improv/step: 0.034 (last = 0.0125), fitness=-287202095.826612055
4832.22 secs, 586724 evals, 586728 steps, improv/step: 0.033 (last = 0.0118), fitness=-287202095.844804049
4862.31 secs, 590344 evals, 590348 steps, improv/step: 0.033 (last = 0.0102), fitness=-287202095.846296251
4892.32 secs, 594007 evals, 594015 steps, improv/step: 0.033 (last = 0.0147), fitness=-287202095.869529963
4922.32 secs, 597520 evals, 597528 steps, improv/step: 0.033 (last = 0.0111), fitness=-287202095.877390802
4952.52 secs, 601039 evals, 601047 steps, improv/step: 0.033 (last = 0.0085), fitness=-287202095.881722093
4982.53 secs, 604667 evals, 604675 steps, improv/step: 0.033 (last = 0.0127), fitness=-287202095.893296123
5012.53 secs, 608368 evals, 608377 steps, improv/step: 0.033 (last = 0.0105), fitness=-287202095.895772815
5042.53 secs, 611889 evals, 611900 steps, improv/step: 0.033 (last = 0.0114), fitness=-287202095.895874619
5072.54 secs, 615353 evals, 615365 steps, improv/step: 0.032 (last = 0.0124), fitness=-287202095.913356066
5102.54 secs, 618860 evals, 618872 steps, improv/step: 0.032 (last = 0.0145), fitness=-287202095.915618837
5132.54 secs, 622537 evals, 622549 steps, improv/step: 0.032 (last = 0.0125), fitness=-287202095.922327399
5162.54 secs, 626160 evals, 626174 steps, improv/step: 0.032 (last = 0.0143), fitness=-287202095.928564250
5192.54 secs, 629760 evals, 629775 steps, improv/step: 0.032 (last = 0.0114), fitness=-287202095.928564250
5222.55 secs, 633272 evals, 633289 steps, improv/step: 0.032 (last = 0.0134), fitness=-287202095.930480182
5252.55 secs, 636850 evals, 636867 steps, improv/step: 0.032 (last = 0.0134), fitness=-287202095.935339868
5282.55 secs, 640568 evals, 640587 steps, improv/step: 0.032 (last = 0.0145), fitness=-287202095.940354228
5312.55 secs, 644229 evals, 644248 steps, improv/step: 0.032 (last = 0.0131), fitness=-287202095.943357706
5342.55 secs, 647725 evals, 647744 steps, improv/step: 0.031 (last = 0.0120), fitness=-287202095.951467276
5372.56 secs, 651288 evals, 651307 steps, improv/step: 0.031 (last = 0.0109), fitness=-287202095.957908750
5402.56 secs, 654860 evals, 654880 steps, improv/step: 0.031 (last = 0.0115), fitness=-287202095.973630130
5432.56 secs, 658389 evals, 658411 steps, improv/step: 0.031 (last = 0.0142), fitness=-287202095.978428483
5462.57 secs, 661988 evals, 662011 steps, improv/step: 0.031 (last = 0.0100), fitness=-287202095.990405679
5492.57 secs, 665526 evals, 665549 steps, improv/step: 0.031 (last = 0.0150), fitness=-287202095.994710267
5522.57 secs, 669091 evals, 669114 steps, improv/step: 0.031 (last = 0.0126), fitness=-287202096.003670275
5552.58 secs, 672589 evals, 672612 steps, improv/step: 0.031 (last = 0.0080), fitness=-287202096.014150858
5582.66 secs, 676159 evals, 676182 steps, improv/step: 0.031 (last = 0.0126), fitness=-287202096.014150858
5612.66 secs, 679804 evals, 679828 steps, improv/step: 0.031 (last = 0.0118), fitness=-287202096.026951015
5642.66 secs, 683302 evals, 683329 steps, improv/step: 0.030 (last = 0.0111), fitness=-287202096.026951015
5672.67 secs, 686871 evals, 686903 steps, improv/step: 0.030 (last = 0.0115), fitness=-287202096.041846931
5702.67 secs, 690454 evals, 690489 steps, improv/step: 0.030 (last = 0.0120), fitness=-287202096.049541473
5732.81 secs, 693905 evals, 693944 steps, improv/step: 0.030 (last = 0.0127), fitness=-287202096.052729368
5762.81 secs, 697346 evals, 697385 steps, improv/step: 0.030 (last = 0.0096), fitness=-287202096.054705501
5792.82 secs, 700997 evals, 701038 steps, improv/step: 0.030 (last = 0.0140), fitness=-287202096.061113000
5822.82 secs, 704742 evals, 704784 steps, improv/step: 0.030 (last = 0.0136), fitness=-287202096.070620000
5852.92 secs, 708439 evals, 708481 steps, improv/step: 0.030 (last = 0.0122), fitness=-287202096.078676701
5882.93 secs, 712043 evals, 712086 steps, improv/step: 0.030 (last = 0.0097), fitness=-287202096.090160966
5912.93 secs, 715627 evals, 715671 steps, improv/step: 0.030 (last = 0.0114), fitness=-287202096.103317678
5942.93 secs, 719260 evals, 719306 steps, improv/step: 0.030 (last = 0.0105), fitness=-287202096.105711997
5972.94 secs, 722731 evals, 722778 steps, improv/step: 0.029 (last = 0.0081), fitness=-287202096.107869685
6002.94 secs, 726238 evals, 726285 steps, improv/step: 0.029 (last = 0.0111), fitness=-287202096.118490160
6033.17 secs, 729916 evals, 729965 steps, improv/step: 0.029 (last = 0.0109), fitness=-287202096.127710223
6063.30 secs, 733440 evals, 733489 steps, improv/step: 0.029 (last = 0.0088), fitness=-287202096.133979619
6093.31 secs, 736969 evals, 737018 steps, improv/step: 0.029 (last = 0.0128), fitness=-287202096.158921778
6123.37 secs, 740532 evals, 740584 steps, improv/step: 0.029 (last = 0.0084), fitness=-287202096.158921778
6153.37 secs, 744126 evals, 744184 steps, improv/step: 0.029 (last = 0.0069), fitness=-287202096.160441220
6183.38 secs, 747855 evals, 747914 steps, improv/step: 0.029 (last = 0.0091), fitness=-287202096.170524120
6213.39 secs, 751439 evals, 751501 steps, improv/step: 0.029 (last = 0.0084), fitness=-287202096.170524120
6243.39 secs, 754960 evals, 755023 steps, improv/step: 0.029 (last = 0.0122), fitness=-287202096.186604321
6273.40 secs, 758488 evals, 758553 steps, improv/step: 0.028 (last = 0.0085), fitness=-287202096.186604321
6303.40 secs, 762162 evals, 762229 steps, improv/step: 0.028 (last = 0.0117), fitness=-287202096.186604321
6333.40 secs, 765783 evals, 765851 steps, improv/step: 0.028 (last = 0.0099), fitness=-287202096.189939618
6363.50 secs, 769471 evals, 769540 steps, improv/step: 0.028 (last = 0.0079), fitness=-287202096.189939618
6393.50 secs, 773142 evals, 773213 steps, improv/step: 0.028 (last = 0.0071), fitness=-287202096.193284810
6423.51 secs, 776877 evals, 776949 steps, improv/step: 0.028 (last = 0.0102), fitness=-287202096.194424808
6453.51 secs, 780492 evals, 780564 steps, improv/step: 0.028 (last = 0.0105), fitness=-287202096.195886791
6483.52 secs, 784119 evals, 784192 steps, improv/step: 0.028 (last = 0.0063), fitness=-287202096.195886791
6513.52 secs, 787924 evals, 787998 steps, improv/step: 0.028 (last = 0.0092), fitness=-287202096.196927428
6543.53 secs, 791551 evals, 791626 steps, improv/step: 0.028 (last = 0.0107), fitness=-287202096.198676288
6573.53 secs, 795403 evals, 795481 steps, improv/step: 0.028 (last = 0.0086), fitness=-287202096.198676288
6603.78 secs, 799183 evals, 799262 steps, improv/step: 0.028 (last = 0.0119), fitness=-287202096.200752735
6633.78 secs, 802843 evals, 802922 steps, improv/step: 0.027 (last = 0.0066), fitness=-287202096.200880945
6663.81 secs, 806630 evals, 806710 steps, improv/step: 0.027 (last = 0.0090), fitness=-287202096.204046011
6693.81 secs, 810447 evals, 810528 steps, improv/step: 0.027 (last = 0.0128), fitness=-287202096.205494165
6724.05 secs, 814137 evals, 814220 steps, improv/step: 0.027 (last = 0.0130), fitness=-287202096.205494165
6754.06 secs, 817922 evals, 818005 steps, improv/step: 0.027 (last = 0.0159), fitness=-287202096.206253648
6784.06 secs, 821528 evals, 821611 steps, improv/step: 0.027 (last = 0.0180), fitness=-287202096.208032906
6814.06 secs, 824905 evals, 824988 steps, improv/step: 0.027 (last = 0.0151), fitness=-287202096.208231091
6844.31 secs, 828260 evals, 828345 steps, improv/step: 0.027 (last = 0.0146), fitness=-287202096.208290100
6874.31 secs, 831858 evals, 831944 steps, improv/step: 0.027 (last = 0.0197), fitness=-287202096.209140897
6904.31 secs, 835645 evals, 835732 steps, improv/step: 0.027 (last = 0.0143), fitness=-287202096.209532678
6934.31 secs, 839321 evals, 839408 steps, improv/step: 0.027 (last = 0.0188), fitness=-287202096.210182250
6964.32 secs, 843052 evals, 843139 steps, improv/step: 0.027 (last = 0.0225), fitness=-287202096.210317671
6994.32 secs, 846599 evals, 846687 steps, improv/step: 0.027 (last = 0.0163), fitness=-287202096.210609555
7024.32 secs, 850377 evals, 850466 steps, improv/step: 0.027 (last = 0.0143), fitness=-287202096.211106837
7054.38 secs, 854021 evals, 854111 steps, improv/step: 0.027 (last = 0.0173), fitness=-287202096.211181402
7084.38 secs, 857746 evals, 857837 steps, improv/step: 0.027 (last = 0.0180), fitness=-287202096.212141693
7114.39 secs, 861380 evals, 861472 steps, improv/step: 0.027 (last = 0.0173), fitness=-287202096.213102221
7144.39 secs, 865188 evals, 865280 steps, improv/step: 0.027 (last = 0.0202), fitness=-287202096.213102221
7174.40 secs, 868790 evals, 868882 steps, improv/step: 0.027 (last = 0.0161), fitness=-287202096.214226007
7204.40 secs, 872497 evals, 872590 steps, improv/step: 0.027 (last = 0.0191), fitness=-287202096.214226007
7234.41 secs, 875924 evals, 876017 steps, improv/step: 0.027 (last = 0.0152), fitness=-287202096.216556072
7264.41 secs, 879351 evals, 879445 steps, improv/step: 0.026 (last = 0.0117), fitness=-287202096.217409372
7294.41 secs, 882948 evals, 883044 steps, improv/step: 0.026 (last = 0.0108), fitness=-287202096.217409372
7324.42 secs, 886817 evals, 886913 steps, improv/step: 0.026 (last = 0.0124), fitness=-287202096.219094813
7354.50 secs, 890442 evals, 890538 steps, improv/step: 0.026 (last = 0.0091), fitness=-287202096.219397426
7384.50 secs, 894011 evals, 894109 steps, improv/step: 0.026 (last = 0.0109), fitness=-287202096.219577610
7414.50 secs, 897575 evals, 897677 steps, improv/step: 0.026 (last = 0.0151), fitness=-287202096.220930398
7444.50 secs, 901048 evals, 901151 steps, improv/step: 0.026 (last = 0.0112), fitness=-287202096.223032713
7474.51 secs, 904650 evals, 904754 steps, improv/step: 0.026 (last = 0.0125), fitness=-287202096.223201871
7504.51 secs, 908271 evals, 908376 steps, improv/step: 0.026 (last = 0.0110), fitness=-287202096.223503351
7534.52 secs, 911779 evals, 911884 steps, improv/step: 0.026 (last = 0.0103), fitness=-287202096.224101722
7564.52 secs, 915361 evals, 915467 steps, improv/step: 0.026 (last = 0.0106), fitness=-287202096.226997137
7594.52 secs, 918882 evals, 918988 steps, improv/step: 0.026 (last = 0.0091), fitness=-287202096.226997137
7624.68 secs, 922518 evals, 922625 steps, improv/step: 0.026 (last = 0.0099), fitness=-287202096.227062762
7654.68 secs, 926145 evals, 926253 steps, improv/step: 0.026 (last = 0.0094), fitness=-287202096.227140486
7684.69 secs, 929755 evals, 929865 steps, improv/step: 0.026 (last = 0.0094), fitness=-287202096.227144897
7714.69 secs, 933392 evals, 933504 steps, improv/step: 0.026 (last = 0.0118), fitness=-287202096.228639007
7744.70 secs, 936900 evals, 937012 steps, improv/step: 0.026 (last = 0.0128), fitness=-287202096.228639007
7774.70 secs, 940399 evals, 940511 steps, improv/step: 0.025 (last = 0.0111), fitness=-287202096.229331195
7804.71 secs, 943997 evals, 944109 steps, improv/step: 0.025 (last = 0.0108), fitness=-287202096.229948461
7834.71 secs, 947567 evals, 947679 steps, improv/step: 0.025 (last = 0.0106), fitness=-287202096.230477870
7864.87 secs, 951167 evals, 951279 steps, improv/step: 0.025 (last = 0.0125), fitness=-287202096.230792463
7894.87 secs, 954845 evals, 954957 steps, improv/step: 0.025 (last = 0.0209), fitness=-287202096.231212854
7924.88 secs, 958350 evals, 958463 steps, improv/step: 0.025 (last = 0.0171), fitness=-287202096.231645703
7954.88 secs, 961800 evals, 961913 steps, improv/step: 0.025 (last = 0.0177), fitness=-287202096.232354462
7984.88 secs, 965187 evals, 965301 steps, improv/step: 0.025 (last = 0.0118), fitness=-287202096.232575655
8014.88 secs, 968925 evals, 969039 steps, improv/step: 0.025 (last = 0.0120), fitness=-287202096.233391941
8044.89 secs, 972612 evals, 972726 steps, improv/step: 0.025 (last = 0.0138), fitness=-287202096.233858407
8074.89 secs, 976369 evals, 976485 steps, improv/step: 0.025 (last = 0.0133), fitness=-287202096.234208107
8104.90 secs, 979838 evals, 979955 steps, improv/step: 0.025 (last = 0.0107), fitness=-287202096.234872758
8134.90 secs, 983569 evals, 983687 steps, improv/step: 0.025 (last = 0.0094), fitness=-287202096.234872758
8165.13 secs, 987184 evals, 987302 steps, improv/step: 0.025 (last = 0.0116), fitness=-287202096.236707270
8195.14 secs, 990825 evals, 990943 steps, improv/step: 0.025 (last = 0.0060), fitness=-287202096.237006009
8225.14 secs, 994040 evals, 994158 steps, improv/step: 0.025 (last = 0.0096), fitness=-287202096.237006009
8255.14 secs, 997427 evals, 997545 steps, improv/step: 0.025 (last = 0.0065), fitness=-287202096.237149239
8285.15 secs, 1000831 evals, 1000949 steps, improv/step: 0.025 (last = 0.0088), fitness=-287202096.237250447
8315.15 secs, 1004446 evals, 1004565 steps, improv/step: 0.025 (last = 0.0088), fitness=-287202096.237497568
8345.16 secs, 1008052 evals, 1008172 steps, improv/step: 0.025 (last = 0.0080), fitness=-287202096.237634063
8375.16 secs, 1011615 evals, 1011735 steps, improv/step: 0.024 (last = 0.0112), fitness=-287202096.238102555
8405.17 secs, 1015264 evals, 1015387 steps, improv/step: 0.024 (last = 0.0082), fitness=-287202096.238102555
8435.17 secs, 1018835 evals, 1018958 steps, improv/step: 0.024 (last = 0.0090), fitness=-287202096.238376379
8465.18 secs, 1022395 evals, 1022518 steps, improv/step: 0.024 (last = 0.0096), fitness=-287202096.238619566
8495.18 secs, 1025945 evals, 1026069 steps, improv/step: 0.024 (last = 0.0056), fitness=-287202096.238619566
8525.47 secs, 1029519 evals, 1029644 steps, improv/step: 0.024 (last = 0.0070), fitness=-287202096.238828719
8555.47 secs, 1033087 evals, 1033214 steps, improv/step: 0.024 (last = 0.0073), fitness=-287202096.238931894
8585.48 secs, 1036630 evals, 1036758 steps, improv/step: 0.024 (last = 0.0082), fitness=-287202096.239280522
8615.48 secs, 1040118 evals, 1040246 steps, improv/step: 0.024 (last = 0.0054), fitness=-287202096.239406824
8645.48 secs, 1043561 evals, 1043691 steps, improv/step: 0.024 (last = 0.0090), fitness=-287202096.239942670
8675.48 secs, 1047044 evals, 1047176 steps, improv/step: 0.024 (last = 0.0135), fitness=-287202096.240327775
8705.64 secs, 1050732 evals, 1050865 steps, improv/step: 0.024 (last = 0.0062), fitness=-287202096.240327775
8735.65 secs, 1054308 evals, 1054441 steps, improv/step: 0.024 (last = 0.0078), fitness=-287202096.240327775
8765.65 secs, 1057808 evals, 1057943 steps, improv/step: 0.024 (last = 0.0086), fitness=-287202096.240333915
8795.66 secs, 1061311 evals, 1061447 steps, improv/step: 0.024 (last = 0.0097), fitness=-287202096.240436792
8825.66 secs, 1064907 evals, 1065044 steps, improv/step: 0.024 (last = 0.0081), fitness=-287202096.240545809
8855.66 secs, 1068256 evals, 1068393 steps, improv/step: 0.024 (last = 0.0090), fitness=-287202096.240853608
8885.67 secs, 1071553 evals, 1071690 steps, improv/step: 0.024 (last = 0.0073), fitness=-287202096.240853608
8915.84 secs, 1074997 evals, 1075134 steps, improv/step: 0.024 (last = 0.0075), fitness=-287202096.240885377
8945.84 secs, 1078697 evals, 1078834 steps, improv/step: 0.023 (last = 0.0078), fitness=-287202096.241116762
8975.85 secs, 1082332 evals, 1082469 steps, improv/step: 0.023 (last = 0.0113), fitness=-287202096.241377711
9005.85 secs, 1085880 evals, 1086017 steps, improv/step: 0.023 (last = 0.0085), fitness=-287202096.241377711
9035.85 secs, 1089298 evals, 1089435 steps, improv/step: 0.023 (last = 0.0105), fitness=-287202096.241523027
9065.85 secs, 1092537 evals, 1092674 steps, improv/step: 0.023 (last = 0.0083), fitness=-287202096.241523027
9095.96 secs, 1096123 evals, 1096261 steps, improv/step: 0.023 (last = 0.0100), fitness=-287202096.241656423
9125.97 secs, 1099746 evals, 1099885 steps, improv/step: 0.023 (last = 0.0099), fitness=-287202096.241656423
9155.98 secs, 1103219 evals, 1103361 steps, improv/step: 0.023 (last = 0.0101), fitness=-287202096.241858900
9186.39 secs, 1106823 evals, 1106966 steps, improv/step: 0.023 (last = 0.0078), fitness=-287202096.241858900
9216.39 secs, 1110433 evals, 1110577 steps, improv/step: 0.023 (last = 0.0089), fitness=-287202096.242137372
9246.40 secs, 1113878 evals, 1114022 steps, improv/step: 0.023 (last = 0.0110), fitness=-287202096.242193103
9276.40 secs, 1117528 evals, 1117675 steps, improv/step: 0.023 (last = 0.0099), fitness=-287202096.242418468
9306.40 secs, 1121196 evals, 1121343 steps, improv/step: 0.023 (last = 0.0131), fitness=-287202096.242596269
9336.41 secs, 1124501 evals, 1124648 steps, improv/step: 0.023 (last = 0.0124), fitness=-287202096.242632866
9366.41 secs, 1127618 evals, 1127765 steps, improv/step: 0.023 (last = 0.0119), fitness=-287202096.242850900
9396.41 secs, 1130914 evals, 1131061 steps, improv/step: 0.023 (last = 0.0179), fitness=-287202096.243481398
9426.41 secs, 1134338 evals, 1134485 steps, improv/step: 0.023 (last = 0.0111), fitness=-287202096.243481398
9456.41 secs, 1137880 evals, 1138028 steps, improv/step: 0.023 (last = 0.0133), fitness=-287202096.243524551
9486.42 secs, 1141426 evals, 1141574 steps, improv/step: 0.023 (last = 0.0138), fitness=-287202096.243543625
9516.42 secs, 1145072 evals, 1145221 steps, improv/step: 0.023 (last = 0.0148), fitness=-287202096.243768454
9546.42 secs, 1148651 evals, 1148800 steps, improv/step: 0.023 (last = 0.0173), fitness=-287202096.243960738
9576.43 secs, 1152239 evals, 1152391 steps, improv/step: 0.023 (last = 0.0097), fitness=-287202096.244229198
9606.43 secs, 1155597 evals, 1155749 steps, improv/step: 0.023 (last = 0.0158), fitness=-287202096.244229198
9636.43 secs, 1159230 evals, 1159383 steps, improv/step: 0.023 (last = 0.0154), fitness=-287202096.244409442
9666.44 secs, 1162725 evals, 1162878 steps, improv/step: 0.023 (last = 0.0157), fitness=-287202096.244567394
9696.44 secs, 1166062 evals, 1166216 steps, improv/step: 0.023 (last = 0.0105), fitness=-287202096.244591594
9726.53 secs, 1169377 evals, 1169533 steps, improv/step: 0.023 (last = 0.0115), fitness=-287202096.244683862
9756.53 secs, 1172889 evals, 1173046 steps, improv/step: 0.023 (last = 0.0125), fitness=-287202096.244949698
9786.54 secs, 1176315 evals, 1176472 steps, improv/step: 0.023 (last = 0.0108), fitness=-287202096.244995952
9816.97 secs, 1179499 evals, 1179656 steps, improv/step: 0.022 (last = 0.0151), fitness=-287202096.245108426
9846.98 secs, 1183212 evals, 1183369 steps, improv/step: 0.022 (last = 0.0129), fitness=-287202096.245175004
9876.98 secs, 1186943 evals, 1187101 steps, improv/step: 0.022 (last = 0.0145), fitness=-287202096.245327473
9906.99 secs, 1190735 evals, 1190897 steps, improv/step: 0.022 (last = 0.0124), fitness=-287202096.245431125
9937.00 secs, 1194338 evals, 1194502 steps, improv/step: 0.022 (last = 0.0161), fitness=-287202096.245652437
9967.16 secs, 1198012 evals, 1198177 steps, improv/step: 0.022 (last = 0.0139), fitness=-287202096.245790243
9997.17 secs, 1201322 evals, 1201487 steps, improv/step: 0.022 (last = 0.0118), fitness=-287202096.245790243
10027.17 secs, 1204901 evals, 1205067 steps, improv/step: 0.022 (last = 0.0126), fitness=-287202096.245822310
10057.17 secs, 1208712 evals, 1208878 steps, improv/step: 0.022 (last = 0.0108), fitness=-287202096.245849013
10087.18 secs, 1212505 evals, 1212672 steps, improv/step: 0.022 (last = 0.0121), fitness=-287202096.245856345
10117.18 secs, 1216231 evals, 1216399 steps, improv/step: 0.022 (last = 0.0107), fitness=-287202096.245998621
10147.18 secs, 1219645 evals, 1219815 steps, improv/step: 0.022 (last = 0.0105), fitness=-287202096.245998621
10177.48 secs, 1223015 evals, 1223185 steps, improv/step: 0.022 (last = 0.0128), fitness=-287202096.246045113
10207.48 secs, 1226617 evals, 1226791 steps, improv/step: 0.022 (last = 0.0105), fitness=-287202096.246072948
10237.99 secs, 1230028 evals, 1230204 steps, improv/step: 0.022 (last = 0.0103), fitness=-287202096.246072948
10268.00 secs, 1233507 evals, 1233683 steps, improv/step: 0.022 (last = 0.0129), fitness=-287202096.246139228
10298.00 secs, 1237055 evals, 1237232 steps, improv/step: 0.022 (last = 0.0110), fitness=-287202096.246210814
10328.01 secs, 1240628 evals, 1240808 steps, improv/step: 0.022 (last = 0.0137), fitness=-287202096.246266723
10358.01 secs, 1244230 evals, 1244411 steps, improv/step: 0.022 (last = 0.0105), fitness=-287202096.246287882
10388.01 secs, 1247821 evals, 1248002 steps, improv/step: 0.022 (last = 0.0111), fitness=-287202096.246345103
10418.02 secs, 1251442 evals, 1251624 steps, improv/step: 0.022 (last = 0.0110), fitness=-287202096.246345103
10448.02 secs, 1255062 evals, 1255247 steps, improv/step: 0.022 (last = 0.0102), fitness=-287202096.246391356
10478.02 secs, 1258673 evals, 1258859 steps, improv/step: 0.022 (last = 0.0086), fitness=-287202096.246431768
10508.02 secs, 1262260 evals, 1262447 steps, improv/step: 0.022 (last = 0.0109), fitness=-287202096.246435046
10538.02 secs, 1265934 evals, 1266121 steps, improv/step: 0.022 (last = 0.0155), fitness=-287202096.246494889
10568.41 secs, 1269507 evals, 1269695 steps, improv/step: 0.022 (last = 0.0182), fitness=-287202096.246541500
10598.41 secs, 1273282 evals, 1273471 steps, improv/step: 0.022 (last = 0.0124), fitness=-287202096.246660233
10628.42 secs, 1276955 evals, 1277144 steps, improv/step: 0.022 (last = 0.0079), fitness=-287202096.246660233
10658.42 secs, 1280327 evals, 1280516 steps, improv/step: 0.022 (last = 0.0080), fitness=-287202096.246660233
10688.47 secs, 1283785 evals, 1283976 steps, improv/step: 0.022 (last = 0.0110), fitness=-287202096.246684790
10718.48 secs, 1287424 evals, 1287615 steps, improv/step: 0.022 (last = 0.0069), fitness=-287202096.246718943
10748.55 secs, 1291110 evals, 1291302 steps, improv/step: 0.022 (last = 0.0084), fitness=-287202096.246753097
10778.56 secs, 1294852 evals, 1295045 steps, improv/step: 0.022 (last = 0.0088), fitness=-287202096.246753097
10808.56 secs, 1298462 evals, 1298658 steps, improv/step: 0.021 (last = 0.0108), fitness=-287202096.246785104
10838.57 secs, 1301979 evals, 1302175 steps, improv/step: 0.021 (last = 0.0117), fitness=-287202096.246785104
10868.77 secs, 1305608 evals, 1305806 steps, improv/step: 0.021 (last = 0.0132), fitness=-287202096.246873140
10898.78 secs, 1309129 evals, 1309330 steps, improv/step: 0.021 (last = 0.0125), fitness=-287202096.246878266
10928.78 secs, 1312663 evals, 1312866 steps, improv/step: 0.021 (last = 0.0113), fitness=-287202096.246957362
10959.24 secs, 1316510 evals, 1316714 steps, improv/step: 0.021 (last = 0.0096), fitness=-287202096.246985972
10989.25 secs, 1319856 evals, 1320061 steps, improv/step: 0.021 (last = 0.0120), fitness=-287202096.247029543
11019.25 secs, 1323422 evals, 1323628 steps, improv/step: 0.021 (last = 0.0098), fitness=-287202096.247048736
11049.25 secs, 1327075 evals, 1327283 steps, improv/step: 0.021 (last = 0.0088), fitness=-287202096.247056305
11079.26 secs, 1330896 evals, 1331104 steps, improv/step: 0.021 (last = 0.0120), fitness=-287202096.247143865
11109.27 secs, 1334607 evals, 1334816 steps, improv/step: 0.021 (last = 0.0062), fitness=-287202096.247143865
11139.27 secs, 1338104 evals, 1338313 steps, improv/step: 0.021 (last = 0.0094), fitness=-287202096.247163892
11169.27 secs, 1341762 evals, 1341972 steps, improv/step: 0.021 (last = 0.0093), fitness=-287202096.247192979
11199.40 secs, 1345349 evals, 1345559 steps, improv/step: 0.021 (last = 0.0098), fitness=-287202096.247195721
11229.40 secs, 1348949 evals, 1349162 steps, improv/step: 0.021 (last = 0.0083), fitness=-287202096.247210383
11259.41 secs, 1352565 evals, 1352778 steps, improv/step: 0.021 (last = 0.0105), fitness=-287202096.247249365
11289.41 secs, 1356188 evals, 1356402 steps, improv/step: 0.021 (last = 0.0135), fitness=-287202096.247284234
11319.81 secs, 1359845 evals, 1360059 steps, improv/step: 0.021 (last = 0.0101), fitness=-287202096.247293234
11349.81 secs, 1363571 evals, 1363786 steps, improv/step: 0.021 (last = 0.0099), fitness=-287202096.247333348
11379.82 secs, 1367045 evals, 1367261 steps, improv/step: 0.021 (last = 0.0078), fitness=-287202096.247350097
11409.93 secs, 1370601 evals, 1370817 steps, improv/step: 0.021 (last = 0.0118), fitness=-287202096.247360647
11439.93 secs, 1374278 evals, 1374494 steps, improv/step: 0.021 (last = 0.0090), fitness=-287202096.247383058
11469.94 secs, 1377897 evals, 1378113 steps, improv/step: 0.021 (last = 0.0088), fitness=-287202096.247395873
11499.94 secs, 1381458 evals, 1381674 steps, improv/step: 0.021 (last = 0.0118), fitness=-287202096.247424722
11530.37 secs, 1385062 evals, 1385279 steps, improv/step: 0.021 (last = 0.0105), fitness=-287202096.247488916
11560.37 secs, 1388758 evals, 1388976 steps, improv/step: 0.021 (last = 0.0092), fitness=-287202096.247532666
11590.38 secs, 1392425 evals, 1392643 steps, improv/step: 0.021 (last = 0.0071), fitness=-287202096.247543037
11620.38 secs, 1396119 evals, 1396339 steps, improv/step: 0.021 (last = 0.0084), fitness=-287202096.247556746
11650.38 secs, 1399700 evals, 1399921 steps, improv/step: 0.021 (last = 0.0106), fitness=-287202096.247556746
11680.39 secs, 1403369 evals, 1403591 steps, improv/step: 0.021 (last = 0.0117), fitness=-287202096.247561336
11710.39 secs, 1406757 evals, 1406979 steps, improv/step: 0.021 (last = 0.0118), fitness=-287202096.247587025
11740.40 secs, 1410474 evals, 1410696 steps, improv/step: 0.021 (last = 0.0153), fitness=-287202096.247590363
11770.63 secs, 1414114 evals, 1414336 steps, improv/step: 0.021 (last = 0.0113), fitness=-287202096.247602046
11800.63 secs, 1417842 evals, 1418067 steps, improv/step: 0.021 (last = 0.0099), fitness=-287202096.247671485
11830.64 secs, 1421296 evals, 1421522 steps, improv/step: 0.021 (last = 0.0093), fitness=-287202096.247671485
11860.88 secs, 1424971 evals, 1425197 steps, improv/step: 0.020 (last = 0.0122), fitness=-287202096.247685194
11890.88 secs, 1428678 evals, 1428905 steps, improv/step: 0.020 (last = 0.0086), fitness=-287202096.247697592
11920.88 secs, 1432420 evals, 1432647 steps, improv/step: 0.020 (last = 0.0123), fitness=-287202096.247704148
11950.88 secs, 1436282 evals, 1436510 steps, improv/step: 0.020 (last = 0.0106), fitness=-287202096.247714937
11980.88 secs, 1440112 evals, 1440341 steps, improv/step: 0.020 (last = 0.0144), fitness=-287202096.247744024
12010.89 secs, 1443850 evals, 1444079 steps, improv/step: 0.020 (last = 0.0118), fitness=-287202096.247744024
12040.90 secs, 1447479 evals, 1447711 steps, improv/step: 0.020 (last = 0.0124), fitness=-287202096.247750103
12070.90 secs, 1451341 evals, 1451575 steps, improv/step: 0.020 (last = 0.0155), fitness=-287202096.247750401
12100.91 secs, 1454965 evals, 1455199 steps, improv/step: 0.020 (last = 0.0152), fitness=-287202096.247754693
12130.91 secs, 1458787 evals, 1459021 steps, improv/step: 0.020 (last = 0.0107), fitness=-287202096.247767508
12160.91 secs, 1462566 evals, 1462800 steps, improv/step: 0.020 (last = 0.0138), fitness=-287202096.247778773
12191.42 secs, 1466217 evals, 1466451 steps, improv/step: 0.020 (last = 0.0118), fitness=-287202096.247778773
12221.43 secs, 1469855 evals, 1470090 steps, improv/step: 0.020 (last = 0.0132), fitness=-287202096.247779846
12251.43 secs, 1473489 evals, 1473724 steps, improv/step: 0.020 (last = 0.0165), fitness=-287202096.247807264
12281.44 secs, 1477217 evals, 1477453 steps, improv/step: 0.020 (last = 0.0166), fitness=-287202096.247811258
12311.44 secs, 1480970 evals, 1481206 steps, improv/step: 0.020 (last = 0.0160), fitness=-287202096.247816205
12341.92 secs, 1484564 evals, 1484800 steps, improv/step: 0.020 (last = 0.0125), fitness=-287202096.247816205
12371.92 secs, 1488165 evals, 1488402 steps, improv/step: 0.020 (last = 0.0119), fitness=-287202096.247825503
12401.92 secs, 1491834 evals, 1492071 steps, improv/step: 0.020 (last = 0.0128), fitness=-287202096.247829676
12431.93 secs, 1495322 evals, 1495559 steps, improv/step: 0.020 (last = 0.0126), fitness=-287202096.247843206
12461.93 secs, 1499071 evals, 1499309 steps, improv/step: 0.020 (last = 0.0096), fitness=-287202096.247843206
12492.20 secs, 1502818 evals, 1503059 steps, improv/step: 0.020 (last = 0.0093), fitness=-287202096.247848988
12522.20 secs, 1506533 evals, 1506775 steps, improv/step: 0.020 (last = 0.0097), fitness=-287202096.247862041
12552.20 secs, 1510221 evals, 1510463 steps, improv/step: 0.020 (last = 0.0193), fitness=-287202096.247868478
12582.21 secs, 1513865 evals, 1514107 steps, improv/step: 0.020 (last = 0.0126), fitness=-287202096.247873187
12612.49 secs, 1517326 evals, 1517568 steps, improv/step: 0.020 (last = 0.0130), fitness=-287202096.247883081
12642.50 secs, 1521010 evals, 1521253 steps, improv/step: 0.020 (last = 0.0111), fitness=-287202096.247888982
12672.50 secs, 1524480 evals, 1524724 steps, improv/step: 0.020 (last = 0.0121), fitness=-287202096.247900605
12702.51 secs, 1527945 evals, 1528190 steps, improv/step: 0.020 (last = 0.0113), fitness=-287202096.247901261
12732.69 secs, 1531654 evals, 1531901 steps, improv/step: 0.020 (last = 0.0081), fitness=-287202096.247902274
12762.72 secs, 1535639 evals, 1535886 steps, improv/step: 0.020 (last = 0.0090), fitness=-287202096.247906804
12792.72 secs, 1539647 evals, 1539894 steps, improv/step: 0.020 (last = 0.0122), fitness=-287202096.247919679
12822.72 secs, 1543614 evals, 1543861 steps, improv/step: 0.020 (last = 0.0116), fitness=-287202096.247920096
12852.72 secs, 1547379 evals, 1547626 steps, improv/step: 0.020 (last = 0.0112), fitness=-287202096.247923374
12882.98 secs, 1551363 evals, 1551611 steps, improv/step: 0.020 (last = 0.0120), fitness=-287202096.247930646
12912.98 secs, 1555434 evals, 1555683 steps, improv/step: 0.020 (last = 0.0076), fitness=-287202096.247937500
12942.98 secs, 1559407 evals, 1559660 steps, improv/step: 0.020 (last = 0.0085), fitness=-287202096.247946024
12972.99 secs, 1563309 evals, 1563563 steps, improv/step: 0.020 (last = 0.0072), fitness=-287202096.247946024
13002.99 secs, 1567198 evals, 1567454 steps, improv/step: 0.020 (last = 0.0069), fitness=-287202096.247949421
13032.99 secs, 1571069 evals, 1571326 steps, improv/step: 0.020 (last = 0.0103), fitness=-287202096.247952998
13063.00 secs, 1574923 evals, 1575180 steps, improv/step: 0.020 (last = 0.0086), fitness=-287202096.247952998
13093.00 secs, 1578698 evals, 1578955 steps, improv/step: 0.020 (last = 0.0090), fitness=-287202096.247962117
13123.00 secs, 1582686 evals, 1582943 steps, improv/step: 0.020 (last = 0.0130), fitness=-287202096.247974634
13153.00 secs, 1586590 evals, 1586847 steps, improv/step: 0.020 (last = 0.0138), fitness=-287202096.247977018
13183.22 secs, 1590530 evals, 1590789 steps, improv/step: 0.020 (last = 0.0145), fitness=-287202096.247981787
13213.30 secs, 1594337 evals, 1594596 steps, improv/step: 0.020 (last = 0.0123), fitness=-287202096.247985184
13243.30 secs, 1598332 evals, 1598592 steps, improv/step: 0.020 (last = 0.0138), fitness=-287202096.247991681
13273.37 secs, 1602295 evals, 1602557 steps, improv/step: 0.020 (last = 0.0139), fitness=-287202096.247998893
13303.37 secs, 1606152 evals, 1606416 steps, improv/step: 0.020 (last = 0.0101), fitness=-287202096.248006761
13333.38 secs, 1609872 evals, 1610136 steps, improv/step: 0.019 (last = 0.0097), fitness=-287202096.248009801
13363.78 secs, 1613499 evals, 1613765 steps, improv/step: 0.019 (last = 0.0121), fitness=-287202096.248019218
13394.31 secs, 1617035 evals, 1617302 steps, improv/step: 0.019 (last = 0.0116), fitness=-287202096.248019218
13424.31 secs, 1620499 evals, 1620768 steps, improv/step: 0.019 (last = 0.0107), fitness=-287202096.248019218
13454.32 secs, 1623965 evals, 1624234 steps, improv/step: 0.019 (last = 0.0115), fitness=-287202096.248024583
13484.32 secs, 1627421 evals, 1627690 steps, improv/step: 0.019 (last = 0.0093), fitness=-287202096.248025119
13514.33 secs, 1630858 evals, 1631130 steps, improv/step: 0.019 (last = 0.0137), fitness=-287202096.248033345
13544.33 secs, 1634108 evals, 1634380 steps, improv/step: 0.019 (last = 0.0117), fitness=-287202096.248036265
13574.65 secs, 1637423 evals, 1637696 steps, improv/step: 0.019 (last = 0.0121), fitness=-287202096.248036265
13604.65 secs, 1640699 evals, 1640972 steps, improv/step: 0.019 (last = 0.0107), fitness=-287202096.248039365
13634.65 secs, 1644175 evals, 1644448 steps, improv/step: 0.019 (last = 0.0118), fitness=-287202096.248039365
13664.66 secs, 1647790 evals, 1648066 steps, improv/step: 0.019 (last = 0.0119), fitness=-287202096.248043180
13694.67 secs, 1651255 evals, 1651533 steps, improv/step: 0.019 (last = 0.0115), fitness=-287202096.248049617
13724.67 secs, 1654734 evals, 1655012 steps, improv/step: 0.019 (last = 0.0109), fitness=-287202096.248050570
13754.67 secs, 1658056 evals, 1658336 steps, improv/step: 0.019 (last = 0.0111), fitness=-287202096.248054624
13784.68 secs, 1661372 evals, 1661653 steps, improv/step: 0.019 (last = 0.0109), fitness=-287202096.248056889
13814.68 secs, 1664617 evals, 1664899 steps, improv/step: 0.019 (last = 0.0120), fitness=-287202096.248059988
13844.68 secs, 1667844 evals, 1668127 steps, improv/step: 0.019 (last = 0.0118), fitness=-287202096.248060286
13874.69 secs, 1671240 evals, 1671524 steps, improv/step: 0.019 (last = 0.0085), fitness=-287202096.248063684
13904.86 secs, 1674585 evals, 1674870 steps, improv/step: 0.019 (last = 0.0087), fitness=-287202096.248064041
13934.87 secs, 1677892 evals, 1678177 steps, improv/step: 0.019 (last = 0.0079), fitness=-287202096.248068690
13964.87 secs, 1680903 evals, 1681188 steps, improv/step: 0.019 (last = 0.0100), fitness=-287202096.248070180
13994.87 secs, 1684163 evals, 1684449 steps, improv/step: 0.019 (last = 0.0101), fitness=-287202096.248076439
14024.87 secs, 1687351 evals, 1687637 steps, improv/step: 0.019 (last = 0.0135), fitness=-287202096.248080909
14054.88 secs, 1690577 evals, 1690865 steps, improv/step: 0.019 (last = 0.0115), fitness=-287202096.248080909
14084.88 secs, 1693781 evals, 1694070 steps, improv/step: 0.019 (last = 0.0106), fitness=-287202096.248082161
14115.23 secs, 1696983 evals, 1697273 steps, improv/step: 0.019 (last = 0.0106), fitness=-287202096.248084784
14145.24 secs, 1700214 evals, 1700505 steps, improv/step: 0.019 (last = 0.0118), fitness=-287202096.248092651
14175.24 secs, 1703391 evals, 1703682 steps, improv/step: 0.019 (last = 0.0076), fitness=-287202096.248092651
14205.25 secs, 1706668 evals, 1706960 steps, improv/step: 0.019 (last = 0.0101), fitness=-287202096.248093486
14235.26 secs, 1709875 evals, 1710169 steps, improv/step: 0.019 (last = 0.0106), fitness=-287202096.248099864
14265.26 secs, 1713038 evals, 1713334 steps, improv/step: 0.019 (last = 0.0101), fitness=-287202096.248101771
14295.27 secs, 1716166 evals, 1716463 steps, improv/step: 0.019 (last = 0.0064), fitness=-287202096.248101771
14325.48 secs, 1719317 evals, 1719615 steps, improv/step: 0.019 (last = 0.0079), fitness=-287202096.248101771
14355.48 secs, 1722601 evals, 1722900 steps, improv/step: 0.019 (last = 0.0091), fitness=-287202096.248105347
14385.49 secs, 1725890 evals, 1726189 steps, improv/step: 0.019 (last = 0.0076), fitness=-287202096.248105347
14415.49 secs, 1729016 evals, 1729315 steps, improv/step: 0.019 (last = 0.0054), fitness=-287202096.248105645
14445.49 secs, 1732241 evals, 1732540 steps, improv/step: 0.019 (last = 0.0087), fitness=-287202096.248107493
14475.49 secs, 1735474 evals, 1735775 steps, improv/step: 0.019 (last = 0.0102), fitness=-287202096.248108268
14505.50 secs, 1738754 evals, 1739055 steps, improv/step: 0.019 (last = 0.0064), fitness=-287202096.248108268
14535.50 secs, 1741949 evals, 1742250 steps, improv/step: 0.019 (last = 0.0050), fitness=-287202096.248110056
14565.50 secs, 1745061 evals, 1745362 steps, improv/step: 0.019 (last = 0.0064), fitness=-287202096.248110056
14595.51 secs, 1748396 evals, 1748697 steps, improv/step: 0.019 (last = 0.0069), fitness=-287202096.248111069
14625.51 secs, 1751488 evals, 1751789 steps, improv/step: 0.019 (last = 0.0065), fitness=-287202096.248111069
14655.52 secs, 1754734 evals, 1755036 steps, improv/step: 0.019 (last = 0.0089), fitness=-287202096.248112798
14685.52 secs, 1757864 evals, 1758166 steps, improv/step: 0.019 (last = 0.0073), fitness=-287202096.248113811
14715.52 secs, 1760989 evals, 1761291 steps, improv/step: 0.019 (last = 0.0067), fitness=-287202096.248113811
14745.52 secs, 1764159 evals, 1764461 steps, improv/step: 0.019 (last = 0.0085), fitness=-287202096.248113990
14775.53 secs, 1767306 evals, 1767608 steps, improv/step: 0.019 (last = 0.0124), fitness=-287202096.248115599
14806.21 secs, 1770389 evals, 1770691 steps, improv/step: 0.019 (last = 0.0075), fitness=-287202096.248115599
14836.63 secs, 1773539 evals, 1773843 steps, improv/step: 0.019 (last = 0.0095), fitness=-287202096.248116672
14866.63 secs, 1776848 evals, 1777156 steps, improv/step: 0.019 (last = 0.0109), fitness=-287202096.248116732
14896.63 secs, 1780170 evals, 1780478 steps, improv/step: 0.019 (last = 0.0090), fitness=-287202096.248119295
14926.71 secs, 1783374 evals, 1783682 steps, improv/step: 0.019 (last = 0.0072), fitness=-287202096.248120546
14956.72 secs, 1786565 evals, 1786873 steps, improv/step: 0.019 (last = 0.0078), fitness=-287202096.248120546
14986.72 secs, 1789724 evals, 1790033 steps, improv/step: 0.019 (last = 0.0079), fitness=-287202096.248120546
15016.72 secs, 1792918 evals, 1793227 steps, improv/step: 0.018 (last = 0.0116), fitness=-287202096.248121738
15046.73 secs, 1796081 evals, 1796390 steps, improv/step: 0.018 (last = 0.0104), fitness=-287202096.248121738
15076.74 secs, 1799087 evals, 1799397 steps, improv/step: 0.018 (last = 0.0106), fitness=-287202096.248122334
15106.75 secs, 1802127 evals, 1802437 steps, improv/step: 0.018 (last = 0.0086), fitness=-287202096.248122931
15136.75 secs, 1805270 evals, 1805581 steps, improv/step: 0.018 (last = 0.0080), fitness=-287202096.248123169
15166.75 secs, 1808394 evals, 1808705 steps, improv/step: 0.018 (last = 0.0106), fitness=-287202096.248125315
15196.76 secs, 1811483 evals, 1811794 steps, improv/step: 0.018 (last = 0.0074), fitness=-287202096.248126030
15226.76 secs, 1814652 evals, 1814963 steps, improv/step: 0.018 (last = 0.0076), fitness=-287202096.248126030
15257.07 secs, 1817835 evals, 1818147 steps, improv/step: 0.018 (last = 0.0094), fitness=-287202096.248126268
15287.08 secs, 1820812 evals, 1821125 steps, improv/step: 0.018 (last = 0.0087), fitness=-287202096.248126805
15317.13 secs, 1823937 evals, 1824251 steps, improv/step: 0.018 (last = 0.0080), fitness=-287202096.248128176
15347.13 secs, 1827171 evals, 1827485 steps, improv/step: 0.018 (last = 0.0093), fitness=-287202096.248128891
15377.13 secs, 1830327 evals, 1830642 steps, improv/step: 0.018 (last = 0.0089), fitness=-287202096.248129308
15407.13 secs, 1833464 evals, 1833780 steps, improv/step: 0.018 (last = 0.0099), fitness=-287202096.248129725
15437.13 secs, 1836582 evals, 1836898 steps, improv/step: 0.018 (last = 0.0112), fitness=-287202096.248130143
15467.76 secs, 1839820 evals, 1840137 steps, improv/step: 0.018 (last = 0.0130), fitness=-287202096.248130620
15497.76 secs, 1842970 evals, 1843289 steps, improv/step: 0.018 (last = 0.0098), fitness=-287202096.248130918
15527.76 secs, 1846039 evals, 1846358 steps, improv/step: 0.018 (last = 0.0101), fitness=-287202096.248131156
15557.88 secs, 1849266 evals, 1849585 steps, improv/step: 0.018 (last = 0.0099), fitness=-287202096.248131514
15587.89 secs, 1852483 evals, 1852802 steps, improv/step: 0.018 (last = 0.0106), fitness=-287202096.248131514
15618.35 secs, 1855465 evals, 1855784 steps, improv/step: 0.018 (last = 0.0137), fitness=-287202096.248131990
15648.35 secs, 1858491 evals, 1858810 steps, improv/step: 0.018 (last = 0.0099), fitness=-287202096.248131990
15678.36 secs, 1861479 evals, 1861798 steps, improv/step: 0.018 (last = 0.0114), fitness=-287202096.248132467
15708.37 secs, 1864640 evals, 1864962 steps, improv/step: 0.018 (last = 0.0095), fitness=-287202096.248132706
15738.37 secs, 1867848 evals, 1868170 steps, improv/step: 0.018 (last = 0.0090), fitness=-287202096.248133063
15768.38 secs, 1870978 evals, 1871300 steps, improv/step: 0.018 (last = 0.0080), fitness=-287202096.248133063
15798.38 secs, 1874138 evals, 1874463 steps, improv/step: 0.018 (last = 0.0120), fitness=-287202096.248133183
15828.38 secs, 1877187 evals, 1877513 steps, improv/step: 0.018 (last = 0.0102), fitness=-287202096.248133421
15858.39 secs, 1880422 evals, 1880748 steps, improv/step: 0.018 (last = 0.0105), fitness=-287202096.248133540
15888.40 secs, 1883482 evals, 1883809 steps, improv/step: 0.018 (last = 0.0124), fitness=-287202096.248133957
15918.40 secs, 1886700 evals, 1887027 steps, improv/step: 0.018 (last = 0.0121), fitness=-287202096.248133957
15948.41 secs, 1889782 evals, 1890110 steps, improv/step: 0.018 (last = 0.0091), fitness=-287202096.248134017
15978.41 secs, 1892980 evals, 1893308 steps, improv/step: 0.018 (last = 0.0116), fitness=-287202096.248134315
16008.41 secs, 1896118 evals, 1896447 steps, improv/step: 0.018 (last = 0.0105), fitness=-287202096.248134553
16038.42 secs, 1899226 evals, 1899556 steps, improv/step: 0.018 (last = 0.0093), fitness=-287202096.248134613
16068.42 secs, 1902394 evals, 1902725 steps, improv/step: 0.018 (last = 0.0092), fitness=-287202096.248134613
16098.42 secs, 1905647 evals, 1905981 steps, improv/step: 0.018 (last = 0.0089), fitness=-287202096.248134851
16128.65 secs, 1908762 evals, 1909097 steps, improv/step: 0.018 (last = 0.0061), fitness=-287202096.248134851
16158.70 secs, 1911763 evals, 1912098 steps, improv/step: 0.018 (last = 0.0070), fitness=-287202096.248134851
16188.71 secs, 1914920 evals, 1915257 steps, improv/step: 0.018 (last = 0.0085), fitness=-287202096.248134851
16219.10 secs, 1918157 evals, 1918494 steps, improv/step: 0.018 (last = 0.0080), fitness=-287202096.248134971
16249.11 secs, 1921501 evals, 1921838 steps, improv/step: 0.018 (last = 0.0069), fitness=-287202096.248135030
16279.11 secs, 1924620 evals, 1924959 steps, improv/step: 0.018 (last = 0.0093), fitness=-287202096.248135030
16309.12 secs, 1927823 evals, 1928162 steps, improv/step: 0.018 (last = 0.0072), fitness=-287202096.248135149
16339.12 secs, 1931067 evals, 1931409 steps, improv/step: 0.018 (last = 0.0086), fitness=-287202096.248135209
16369.13 secs, 1934089 evals, 1934431 steps, improv/step: 0.018 (last = 0.0089), fitness=-287202096.248135209
16399.29 secs, 1937081 evals, 1937425 steps, improv/step: 0.018 (last = 0.0084), fitness=-287202096.248135448
16429.29 secs, 1940373 evals, 1940718 steps, improv/step: 0.018 (last = 0.0085), fitness=-287202096.248135448
16459.31 secs, 1943497 evals, 1943842 steps, improv/step: 0.018 (last = 0.0096), fitness=-287202096.248135448
16489.31 secs, 1946696 evals, 1947041 steps, improv/step: 0.018 (last = 0.0072), fitness=-287202096.248135507
16519.31 secs, 1949828 evals, 1950174 steps, improv/step: 0.018 (last = 0.0096), fitness=-287202096.248135507
16549.32 secs, 1953032 evals, 1953378 steps, improv/step: 0.018 (last = 0.0115), fitness=-287202096.248135746
16579.32 secs, 1956234 evals, 1956580 steps, improv/step: 0.018 (last = 0.0062), fitness=-287202096.248135746
16609.32 secs, 1959583 evals, 1959929 steps, improv/step: 0.018 (last = 0.0045), fitness=-287202096.248135746
16639.32 secs, 1962755 evals, 1963101 steps, improv/step: 0.018 (last = 0.0054), fitness=-287202096.248135746
16669.33 secs, 1965730 evals, 1966077 steps, improv/step: 0.018 (last = 0.0081), fitness=-287202096.248135746
16699.34 secs, 1968585 evals, 1968933 steps, improv/step: 0.018 (last = 0.0032), fitness=-287202096.248135746
16729.34 secs, 1971472 evals, 1971820 steps, improv/step: 0.018 (last = 0.0080), fitness=-287202096.248135865
16759.35 secs, 1974236 evals, 1974584 steps, improv/step: 0.018 (last = 0.0080), fitness=-287202096.248136222
16789.35 secs, 1977188 evals, 1977536 steps, improv/step: 0.018 (last = 0.0125), fitness=-287202096.248136699
16819.35 secs, 1980058 evals, 1980406 steps, improv/step: 0.018 (last = 0.0111), fitness=-287202096.248136699
16849.36 secs, 1982969 evals, 1983317 steps, improv/step: 0.018 (last = 0.0155), fitness=-287202096.248136699
16879.36 secs, 1985822 evals, 1986170 steps, improv/step: 0.018 (last = 0.0123), fitness=-287202096.248136938
16909.37 secs, 1988681 evals, 1989029 steps, improv/step: 0.018 (last = 0.0154), fitness=-287202096.248137057
16939.37 secs, 1991555 evals, 1991903 steps, improv/step: 0.018 (last = 0.0157), fitness=-287202096.248137474
16969.37 secs, 1994452 evals, 1994800 steps, improv/step: 0.018 (last = 0.0186), fitness=-287202096.248137712
16999.38 secs, 1997379 evals, 1997727 steps, improv/step: 0.018 (last = 0.0198), fitness=-287202096.248137951
17029.95 secs, 2000365 evals, 2000713 steps, improv/step: 0.018 (last = 0.0164), fitness=-287202096.248138011
17059.96 secs, 2003281 evals, 2003629 steps, improv/step: 0.018 (last = 0.0134), fitness=-287202096.248138011
17089.96 secs, 2006269 evals, 2006617 steps, improv/step: 0.018 (last = 0.0127), fitness=-287202096.248138070
17119.96 secs, 2009385 evals, 2009733 steps, improv/step: 0.018 (last = 0.0116), fitness=-287202096.248138249
17150.23 secs, 2012541 evals, 2012889 steps, improv/step: 0.018 (last = 0.0108), fitness=-287202096.248138249
17180.23 secs, 2015588 evals, 2015936 steps, improv/step: 0.018 (last = 0.0095), fitness=-287202096.248138249
17210.24 secs, 2018712 evals, 2019061 steps, improv/step: 0.018 (last = 0.0093), fitness=-287202096.248138249
17240.39 secs, 2021620 evals, 2021970 steps, improv/step: 0.018 (last = 0.0083), fitness=-287202096.248138309
17270.39 secs, 2024627 evals, 2024977 steps, improv/step: 0.018 (last = 0.0083), fitness=-287202096.248138309
17300.40 secs, 2027741 evals, 2028091 steps, improv/step: 0.017 (last = 0.0074), fitness=-287202096.248138309
17330.40 secs, 2030723 evals, 2031073 steps, improv/step: 0.017 (last = 0.0064), fitness=-287202096.248138368
17360.40 secs, 2033642 evals, 2033992 steps, improv/step: 0.017 (last = 0.0027), fitness=-287202096.248138428
17390.41 secs, 2036716 evals, 2037068 steps, improv/step: 0.017 (last = 0.0068), fitness=-287202096.248138428
17420.43 secs, 2039841 evals, 2040193 steps, improv/step: 0.017 (last = 0.0051), fitness=-287202096.248138428
17450.43 secs, 2042818 evals, 2043171 steps, improv/step: 0.017 (last = 0.0057), fitness=-287202096.248138428
17480.46 secs, 2045882 evals, 2046236 steps, improv/step: 0.017 (last = 0.0042), fitness=-287202096.248138428
17510.46 secs, 2048979 evals, 2049333 steps, improv/step: 0.017 (last = 0.0036), fitness=-287202096.248138428
17540.48 secs, 2051889 evals, 2052243 steps, improv/step: 0.017 (last = 0.0052), fitness=-287202096.248138666
17570.48 secs, 2054927 evals, 2055281 steps, improv/step: 0.017 (last = 0.0059), fitness=-287202096.248138785
17601.08 secs, 2057914 evals, 2058268 steps, improv/step: 0.017 (last = 0.0060), fitness=-287202096.248139262
17631.19 secs, 2060730 evals, 2061084 steps, improv/step: 0.017 (last = 0.0064), fitness=-287202096.248139262
17661.20 secs, 2063560 evals, 2063914 steps, improv/step: 0.017 (last = 0.0113), fitness=-287202096.248140931
17691.37 secs, 2066375 evals, 2066729 steps, improv/step: 0.017 (last = 0.0117), fitness=-287202096.248140931
17721.38 secs, 2069119 evals, 2069473 steps, improv/step: 0.017 (last = 0.0219), fitness=-287202096.248141766
17751.81 secs, 2071629 evals, 2071984 steps, improv/step: 0.017 (last = 0.0207), fitness=-287202096.248141766
17781.82 secs, 2074266 evals, 2074621 steps, improv/step: 0.017 (last = 0.0228), fitness=-287202096.248141766
17812.46 secs, 2076896 evals, 2077251 steps, improv/step: 0.017 (last = 0.0156), fitness=-287202096.248142004
17842.46 secs, 2079567 evals, 2079922 steps, improv/step: 0.017 (last = 0.0213), fitness=-287202096.248142004
17872.46 secs, 2082316 evals, 2082673 steps, improv/step: 0.017 (last = 0.0211), fitness=-287202096.248142302
17902.47 secs, 2085240 evals, 2085597 steps, improv/step: 0.017 (last = 0.0171), fitness=-287202096.248142421
17932.47 secs, 2087987 evals, 2088344 steps, improv/step: 0.017 (last = 0.0160), fitness=-287202096.248142600
17962.80 secs, 2090731 evals, 2091088 steps, improv/step: 0.017 (last = 0.0124), fitness=-287202096.248142600
17992.80 secs, 2093573 evals, 2093930 steps, improv/step: 0.017 (last = 0.0211), fitness=-287202096.248142719
18022.81 secs, 2096242 evals, 2096599 steps, improv/step: 0.017 (last = 0.0176), fitness=-287202096.248142719
18052.84 secs, 2098908 evals, 2099265 steps, improv/step: 0.017 (last = 0.0146), fitness=-287202096.248142719
18082.84 secs, 2101746 evals, 2102103 steps, improv/step: 0.017 (last = 0.0155), fitness=-287202096.248142719
18112.84 secs, 2104445 evals, 2104802 steps, improv/step: 0.017 (last = 0.0107), fitness=-287202096.248142719
18142.84 secs, 2107198 evals, 2107555 steps, improv/step: 0.017 (last = 0.0138), fitness=-287202096.248142838
18172.92 secs, 2109996 evals, 2110353 steps, improv/step: 0.017 (last = 0.0104), fitness=-287202096.248142838
18202.92 secs, 2112844 evals, 2113201 steps, improv/step: 0.017 (last = 0.0112), fitness=-287202096.248142838
18232.92 secs, 2115706 evals, 2116063 steps, improv/step: 0.017 (last = 0.0094), fitness=-287202096.248142898
18262.93 secs, 2118544 evals, 2118901 steps, improv/step: 0.017 (last = 0.0074), fitness=-287202096.248142898
18292.93 secs, 2121280 evals, 2121637 steps, improv/step: 0.017 (last = 0.0037), fitness=-287202096.248142898
18323.20 secs, 2124035 evals, 2124392 steps, improv/step: 0.017 (last = 0.0047), fitness=-287202096.248142898
18353.21 secs, 2126908 evals, 2127265 steps, improv/step: 0.017 (last = 0.0042), fitness=-287202096.248142958
18383.21 secs, 2129695 evals, 2130052 steps, improv/step: 0.017 (last = 0.0039), fitness=-287202096.248142958
18413.21 secs, 2132466 evals, 2132823 steps, improv/step: 0.017 (last = 0.0083), fitness=-287202096.248142958
18443.21 secs, 2135288 evals, 2135645 steps, improv/step: 0.017 (last = 0.0053), fitness=-287202096.248142958
18473.22 secs, 2138118 evals, 2138476 steps, improv/step: 0.017 (last = 0.0053), fitness=-287202096.248142958
18503.22 secs, 2140906 evals, 2141264 steps, improv/step: 0.017 (last = 0.0025), fitness=-287202096.248142958
18533.23 secs, 2143490 evals, 2143848 steps, improv/step: 0.017 (last = 0.0046), fitness=-287202096.248142958
18563.50 secs, 2146096 evals, 2146454 steps, improv/step: 0.017 (last = 0.0061), fitness=-287202096.248142958
18593.51 secs, 2148936 evals, 2149294 steps, improv/step: 0.017 (last = 0.0049), fitness=-287202096.248143017
18623.51 secs, 2151587 evals, 2151945 steps, improv/step: 0.017 (last = 0.0057), fitness=-287202096.248143017
18653.52 secs, 2154439 evals, 2154797 steps, improv/step: 0.017 (last = 0.0039), fitness=-287202096.248143017
18683.53 secs, 2157197 evals, 2157555 steps, improv/step: 0.017 (last = 0.0044), fitness=-287202096.248143017
18713.53 secs, 2159912 evals, 2160270 steps, improv/step: 0.017 (last = 0.0055), fitness=-287202096.248143017
18743.54 secs, 2162513 evals, 2162871 steps, improv/step: 0.017 (last = 0.0050), fitness=-287202096.248143017
18773.55 secs, 2165329 evals, 2165687 steps, improv/step: 0.017 (last = 0.0025), fitness=-287202096.248143017
18803.55 secs, 2167980 evals, 2168338 steps, improv/step: 0.017 (last = 0.0038), fitness=-287202096.248143017
18833.56 secs, 2170723 evals, 2171081 steps, improv/step: 0.017 (last = 0.0026), fitness=-287202096.248143017
18863.90 secs, 2173444 evals, 2173802 steps, improv/step: 0.017 (last = 0.0015), fitness=-287202096.248143017
18893.90 secs, 2176232 evals, 2176590 steps, improv/step: 0.017 (last = 0.0029), fitness=-287202096.248143017
18923.90 secs, 2178985 evals, 2179344 steps, improv/step: 0.017 (last = 0.0029), fitness=-287202096.248143017
18953.91 secs, 2181621 evals, 2181980 steps, improv/step: 0.017 (last = 0.0019), fitness=-287202096.248143017
18983.91 secs, 2184454 evals, 2184813 steps, improv/step: 0.017 (last = 0.0018), fitness=-287202096.248143077
19013.92 secs, 2187090 evals, 2187449 steps, improv/step: 0.017 (last = 0.0023), fitness=-287202096.248143077
19043.93 secs, 2189781 evals, 2190140 steps, improv/step: 0.017 (last = 0.0004), fitness=-287202096.248143077
19073.94 secs, 2192440 evals, 2192799 steps, improv/step: 0.017 (last = 0.0008), fitness=-287202096.248143077
19104.72 secs, 2195129 evals, 2195488 steps, improv/step: 0.017 (last = 0.0015), fitness=-287202096.248143077
19134.72 secs, 2197862 evals, 2198221 steps, improv/step: 0.017 (last = 0.0011), fitness=-287202096.248143077
19164.73 secs, 2200699 evals, 2201058 steps, improv/step: 0.017 (last = 0.0011), fitness=-287202096.248143077
19195.12 secs, 2203688 evals, 2204047 steps, improv/step: 0.017 (last = 0.0013), fitness=-287202096.248143077
19225.13 secs, 2206642 evals, 2207001 steps, improv/step: 0.017 (last = 0.0014), fitness=-287202096.248143077
19255.14 secs, 2209496 evals, 2209856 steps, improv/step: 0.017 (last = 0.0011), fitness=-287202096.248143077
19285.15 secs, 2212366 evals, 2212726 steps, improv/step: 0.017 (last = 0.0014), fitness=-287202096.248143077
19315.52 secs, 2215293 evals, 2215653 steps, improv/step: 0.017 (last = 0.0007), fitness=-287202096.248143077
19345.52 secs, 2218281 evals, 2218645 steps, improv/step: 0.017 (last = 0.0030), fitness=-287202096.248143137
19375.53 secs, 2221151 evals, 2221516 steps, improv/step: 0.017 (last = 0.0007), fitness=-287202096.248143137
19405.54 secs, 2224030 evals, 2224395 steps, improv/step: 0.017 (last = 0.0003), fitness=-287202096.248143137
19435.54 secs, 2227025 evals, 2227390 steps, improv/step: 0.017 (last = 0.0017), fitness=-287202096.248143137
19465.93 secs, 2229989 evals, 2230355 steps, improv/step: 0.017 (last = 0.0027), fitness=-287202096.248143137
19495.93 secs, 2232943 evals, 2233309 steps, improv/step: 0.017 (last = 0.0010), fitness=-287202096.248143137
19525.94 secs, 2235656 evals, 2236023 steps, improv/step: 0.016 (last = 0.0004), fitness=-287202096.248143137
19555.94 secs, 2238638 evals, 2239006 steps, improv/step: 0.016 (last = 0.0010), fitness=-287202096.248143137
19585.94 secs, 2241535 evals, 2241903 steps, improv/step: 0.016 (last = 0.0003), fitness=-287202096.248143137
19615.95 secs, 2244333 evals, 2244701 steps, improv/step: 0.016 (last = 0.0014), fitness=-287202096.248143137
19645.95 secs, 2247261 evals, 2247629 steps, improv/step: 0.016 (last = 0.0010), fitness=-287202096.248143137
19676.15 secs, 2250016 evals, 2250384 steps, improv/step: 0.016 (last = 0.0007), fitness=-287202096.248143137
19706.16 secs, 2252931 evals, 2253299 steps, improv/step: 0.016 (last = 0.0021), fitness=-287202096.248143137
19736.16 secs, 2255789 evals, 2256157 steps, improv/step: 0.016 (last = 0.0007), fitness=-287202096.248143137
19766.16 secs, 2258746 evals, 2259114 steps, improv/step: 0.016 (last = 0.0010), fitness=-287202096.248143137
19796.16 secs, 2261603 evals, 2261971 steps, improv/step: 0.016 (last = 0.0011), fitness=-287202096.248143137
19826.32 secs, 2264488 evals, 2264857 steps, improv/step: 0.016 (last = 0.0028), fitness=-287202096.248143137
19856.32 secs, 2267334 evals, 2267704 steps, improv/step: 0.016 (last = 0.0004), fitness=-287202096.248143137
19886.33 secs, 2270163 evals, 2270534 steps, improv/step: 0.016 (last = 0.0018), fitness=-287202096.248143137
19916.34 secs, 2272982 evals, 2273353 steps, improv/step: 0.016 (last = 0.0014), fitness=-287202096.248143137
19946.34 secs, 2275886 evals, 2276257 steps, improv/step: 0.016 (last = 0.0010), fitness=-287202096.248143137
19976.66 secs, 2278604 evals, 2278976 steps, improv/step: 0.016 (last = 0.0015), fitness=-287202096.248143137
20006.66 secs, 2281406 evals, 2281778 steps, improv/step: 0.016 (last = 0.0011), fitness=-287202096.248143137
20036.66 secs, 2284204 evals, 2284576 steps, improv/step: 0.016 (last = 0.0007), fitness=-287202096.248143137
20067.49 secs, 2287025 evals, 2287397 steps, improv/step: 0.016 (last = 0.0007), fitness=-287202096.248143137
20097.50 secs, 2289873 evals, 2290246 steps, improv/step: 0.016 (last = 0.0007), fitness=-287202096.248143137
20127.84 secs, 2292803 evals, 2293176 steps, improv/step: 0.016 (last = 0.0010), fitness=-287202096.248143137
20157.84 secs, 2295744 evals, 2296117 steps, improv/step: 0.016 (last = 0.0014), fitness=-287202096.248143137
20187.89 secs, 2298595 evals, 2298969 steps, improv/step: 0.016 (last = 0.0014), fitness=-287202096.248143137
20217.89 secs, 2301568 evals, 2301942 steps, improv/step: 0.016 (last = 0.0000), fitness=-287202096.248143137
20247.91 secs, 2304401 evals, 2304776 steps, improv/step: 0.016 (last = 0.0011), fitness=-287202096.248143196
20277.92 secs, 2307332 evals, 2307709 steps, improv/step: 0.016 (last = 0.0003), fitness=-287202096.248143196
20307.92 secs, 2310143 evals, 2310521 steps, improv/step: 0.016 (last = 0.0011), fitness=-287202096.248143196
20337.93 secs, 2312967 evals, 2313346 steps, improv/step: 0.016 (last = 0.0007), fitness=-287202096.248143196
20367.94 secs, 2315909 evals, 2316289 steps, improv/step: 0.016 (last = 0.0003), fitness=-287202096.248143196
20397.94 secs, 2318678 evals, 2319058 steps, improv/step: 0.016 (last = 0.0011), fitness=-287202096.248143196
20427.95 secs, 2321505 evals, 2321885 steps, improv/step: 0.016 (last = 0.0000), fitness=-287202096.248143196
20457.95 secs, 2324389 evals, 2324769 steps, improv/step: 0.016 (last = 0.0007), fitness=-287202096.248143196
20488.58 secs, 2327311 evals, 2327691 steps, improv/step: 0.016 (last = 0.0014), fitness=-287202096.248143196
20518.58 secs, 2330076 evals, 2330456 steps, improv/step: 0.016 (last = 0.0000), fitness=-287202096.248143196
20548.59 secs, 2332941 evals, 2333321 steps, improv/step: 0.016 (last = 0.0007), fitness=-287202096.248143196
20578.60 secs, 2335741 evals, 2336121 steps, improv/step: 0.016 (last = 0.0018), fitness=-287202096.248143196
20608.60 secs, 2338478 evals, 2338858 steps, improv/step: 0.016 (last = 0.0000), fitness=-287202096.248143196
20638.61 secs, 2341222 evals, 2341602 steps, improv/step: 0.016 (last = 0.0011), fitness=-287202096.248143196
20669.42 secs, 2344065 evals, 2344445 steps, improv/step: 0.016 (last = 0.0011), fitness=-287202096.248143196
20699.42 secs, 2346944 evals, 2347324 steps, improv/step: 0.016 (last = 0.0000), fitness=-287202096.248143196
20729.43 secs, 2349907 evals, 2350287 steps, improv/step: 0.016 (last = 0.0020), fitness=-287202096.248143196
20759.43 secs, 2352721 evals, 2353101 steps, improv/step: 0.016 (last = 0.0004), fitness=-287202096.248143196
20789.44 secs, 2355609 evals, 2355989 steps, improv/step: 0.016 (last = 0.0007), fitness=-287202096.248143196
20819.44 secs, 2358580 evals, 2358960 steps, improv/step: 0.016 (last = 0.0010), fitness=-287202096.248143196
20849.91 secs, 2361391 evals, 2361772 steps, improv/step: 0.016 (last = 0.0004), fitness=-287202096.248143196
20879.91 secs, 2364343 evals, 2364724 steps, improv/step: 0.016 (last = 0.0014), fitness=-287202096.248143196
20909.92 secs, 2367134 evals, 2367515 steps, improv/step: 0.016 (last = 0.0004), fitness=-287202096.248143196
20939.92 secs, 2370038 evals, 2370419 steps, improv/step: 0.016 (last = 0.0010), fitness=-287202096.248143196
20969.92 secs, 2372712 evals, 2373094 steps, improv/step: 0.016 (last = 0.0004), fitness=-287202096.248143196
21000.11 secs, 2375614 evals, 2375997 steps, improv/step: 0.016 (last = 0.0007), fitness=-287202096.248143196
21030.12 secs, 2378470 evals, 2378854 steps, improv/step: 0.016 (last = 0.0004), fitness=-287202096.248143196
21060.12 secs, 2381391 evals, 2381776 steps, improv/step: 0.016 (last = 0.0007), fitness=-287202096.248143196
21090.13 secs, 2384260 evals, 2384646 steps, improv/step: 0.016 (last = 0.0000), fitness=-287202096.248143196
21120.13 secs, 2387089 evals, 2387475 steps, improv/step: 0.016 (last = 0.0011), fitness=-287202096.248143196
21150.46 secs, 2389919 evals, 2390305 steps, improv/step: 0.015 (last = 0.0011), fitness=-287202096.248143196
21180.47 secs, 2392728 evals, 2393115 steps, improv/step: 0.015 (last = 0.0004), fitness=-287202096.248143196
21210.48 secs, 2395654 evals, 2396041 steps, improv/step: 0.015 (last = 0.0000), fitness=-287202096.248143196
21240.50 secs, 2398578 evals, 2398966 steps, improv/step: 0.015 (last = 0.0000), fitness=-287202096.248143196
21270.50 secs, 2401280 evals, 2401669 steps, improv/step: 0.015 (last = 0.0022), fitness=-287202096.248143196
21300.51 secs, 2404120 evals, 2404509 steps, improv/step: 0.015 (last = 0.0000), fitness=-287202096.248143196
21330.51 secs, 2407008 evals, 2407397 steps, improv/step: 0.015 (last = 0.0010), fitness=-287202096.248143196
21360.51 secs, 2409879 evals, 2410268 steps, improv/step: 0.015 (last = 0.0003), fitness=-287202096.248143196
21390.52 secs, 2412763 evals, 2413152 steps, improv/step: 0.015 (last = 0.0010), fitness=-287202096.248143196
21420.52 secs, 2415750 evals, 2416139 steps, improv/step: 0.015 (last = 0.0003), fitness=-287202096.248143196
21450.53 secs, 2418570 evals, 2418960 steps, improv/step: 0.015 (last = 0.0004), fitness=-287202096.248143196
21480.53 secs, 2421374 evals, 2421764 steps, improv/step: 0.015 (last = 0.0021), fitness=-287202096.248143196
21510.53 secs, 2424118 evals, 2424508 steps, improv/step: 0.015 (last = 0.0011), fitness=-287202096.248143196
21540.53 secs, 2427060 evals, 2427450 steps, improv/step: 0.015 (last = 0.0007), fitness=-287202096.248143196
21570.54 secs, 2429926 evals, 2430316 steps, improv/step: 0.015 (last = 0.0007), fitness=-287202096.248143196
21601.30 secs, 2432850 evals, 2433241 steps, improv/step: 0.015 (last = 0.0000), fitness=-287202096.248143196
21631.30 secs, 2435743 evals, 2436135 steps, improv/step: 0.015 (last = 0.0010), fitness=-287202096.248143196
21661.72 secs, 2438503 evals, 2438895 steps, improv/step: 0.015 (last = 0.0000), fitness=-287202096.248143196
21691.72 secs, 2441326 evals, 2441718 steps, improv/step: 0.015 (last = 0.0000), fitness=-287202096.248143196
21721.72 secs, 2444181 evals, 2444573 steps, improv/step: 0.015 (last = 0.0011), fitness=-287202096.248143196
21751.73 secs, 2447126 evals, 2447518 steps, improv/step: 0.015 (last = 0.0000), fitness=-287202096.248143196
21781.74 secs, 2450140 evals, 2450532 steps, improv/step: 0.015 (last = 0.0003), fitness=-287202096.248143196
21811.74 secs, 2453069 evals, 2453461 steps, improv/step: 0.015 (last = 0.0007), fitness=-287202096.248143196
21841.75 secs, 2455942 evals, 2456334 steps, improv/step: 0.015 (last = 0.0003), fitness=-287202096.248143196
21872.45 secs, 2458862 evals, 2459254 steps, improv/step: 0.015 (last = 0.0003), fitness=-287202096.248143196
21902.46 secs, 2461778 evals, 2462170 steps, improv/step: 0.015 (last = 0.0003), fitness=-287202096.248143196
21932.46 secs, 2464627 evals, 2465019 steps, improv/step: 0.015 (last = 0.0004), fitness=-287202096.248143196
21962.54 secs, 2467431 evals, 2467823 steps, improv/step: 0.015 (last = 0.0004), fitness=-287202096.248143196
21992.61 secs, 2470294 evals, 2470686 steps, improv/step: 0.015 (last = 0.0007), fitness=-287202096.248143196
22022.99 secs, 2473160 evals, 2473552 steps, improv/step: 0.015 (last = 0.0010), fitness=-287202096.248143196
22053.00 secs, 2476146 evals, 2476538 steps, improv/step: 0.015 (last = 0.0003), fitness=-287202096.248143196
22083.00 secs, 2478959 evals, 2479351 steps, improv/step: 0.015 (last = 0.0000), fitness=-287202096.248143196
22113.00 secs, 2481799 evals, 2482191 steps, improv/step: 0.015 (last = 0.0000), fitness=-287202096.248143196
22143.52 secs, 2484656 evals, 2485050 steps, improv/step: 0.015 (last = 0.0000), fitness=-287202096.248143196
22173.53 secs, 2487400 evals, 2487794 steps, improv/step: 0.015 (last = 0.0007), fitness=-287202096.248143196
22203.53 secs, 2490178 evals, 2490572 steps, improv/step: 0.015 (last = 0.0011), fitness=-287202096.248143196
22233.53 secs, 2493117 evals, 2493511 steps, improv/step: 0.015 (last = 0.0000), fitness=-287202096.248143196
22263.54 secs, 2495874 evals, 2496269 steps, improv/step: 0.015 (last = 0.0004), fitness=-287202096.248143196
22294.36 secs, 2498615 evals, 2499010 steps, improv/step: 0.015 (last = 0.0000), fitness=-287202096.248143196

Optimization stopped after 2500396 steps and 22308.22 seconds
Termination reason: Max number of function evaluations (2500000) reached
Steps per second = 112.08
Function evals per second = 112.07
Improvements/step = Inf
Total function evaluations = 2500001


Best candidate found: [142.973, 490.658, 122.659, 7.35414, 2.80585e5, 428.887, 712.823, 533.812, 40.1232, 25481.3, 4.51303e-5, 0.000439079, 0.00464142, 0.03637, 0.324401]

Fitness: -287202096.248143196

-2.872020962481432e8
15-element Vector{Float64}:
    142.97264351037128
    490.65788067724674
    122.65865457583483
      7.354136837466813
 280584.50210091093
    428.88684387948354
    712.8225663652913
    533.8122446960873
     40.12318954966518
  25481.269602570905
      4.513031632422263e-5
      0.00043907891699531337
      0.004641417931789122
      0.03636995833554287
      0.3244009820464828
Script has finished
Sat Dec 18 21:54:36 CET 2021

------------------------------------------------------------
Sender: LSF System <schwan@makalu128>
Subject: Job 575421: <Julia_Job_parallel> in cluster <wuerfel> Done

Job <Julia_Job_parallel> was submitted from host <makalu56> by user <magr4985> in cluster <wuerfel> at Sat Dec 18 15:37:50 2021
Job was executed on host(s) <makalu128>, in queue <BatchXL>, as user <magr4985> in cluster <wuerfel> at Sat Dec 18 15:38:00 2021
</usr/scratch4/magr4985> was used as the home directory.
</usr/scratch4/magr4985/TRPL/BatchJobs/C2702_hzb/Run9> was used as the working directory.
Started at Sat Dec 18 15:38:00 2021
Terminated at Sat Dec 18 21:54:37 2021
Results reported at Sat Dec 18 21:54:37 2021

Your job looked like:

------------------------------------------------------------
# LSBATCH: User input
#!/bin/csh 
#BSUB -q BatchXL 
#BSUB -R "mem > 8000 span[hosts=1] && intel_avx2" 
#BSUB -oo lsf_julia_%J.log 
#BSUB -eo lsf_julia_%J.err 
#BSUB -J Julia_Job_parallel 
#BSUB -L /bin/csh 
#BSUB -n 1 
date 
pwd 
module purge 
/usr/scratch4/magr4985/julia-1.6.2/bin/julia -t 4 /usr/scratch4/magr4985/TRPL/Programs/trpl_analysis_real.jl C2702_hzb 1.0e17 2500000 1 /usr/scratch4/magr4985/TRPL/BatchJobs/C2702_hzb/Run9 1.0e-14 3600 "[1.0, 1.0, 1.0, 1.0, 1.0, 1.0, 1.0, 1.0, 1.0, 1.0, 1.0e-6, 1.0e-6, 1.0e-6, 1.0e-6, 1.0e-6, 1.0e-6, 1.0e-6, 1.0e-6, 1.0e-6, 1.0e-6]" "[5000.0, 5000.0, 1000.0, 1000.0, 1.0e9, 1000.0, 10000.0, 10000.0, 1000.0, 1.0e6, 0.5, 0.5, 0.5, 0.5, 0.5, 0.5, 0.5, 0.5, 0.5, 0.5]" 
date
------------------------------------------------------------

Successfully completed.

Resource usage summary:

    CPU time :                                   57625.34 sec.
    Max Memory :                                 6730.49 MB
    Average Memory :                             2240.05 MB
    Total Requested Memory :                     -
    Delta Memory :                               -
    Max Swap :                                   384 KB
    Max Processes :                              4
    Max Threads :                                12
    Run time :                                   22595 sec.
    Turnaround time :                            22607 sec.

The output (if any) is above this job summary.



PS:

Read file <lsf_julia_575421.err> for stderr output of this job.

