Warning: no access to tty (Bad file descriptor).
Thus no job control in this shell.
Warning: no access to tty (Bad file descriptor).
Thus no job control in this shell.
Tue Dec 21 20:10:41 CET 2021
/usr/scratch4/magr4985/TRPL/BatchJobs/syn_data_4/Run8
# Thread: 4
7939662413597955425 RNG Seed
Run 1
Starting optimization with optimizer DiffEvoOpt{FitPopulation{Float64}, RadiusLimitedSelector, BlackBoxOptim.DiffEvoRandBin{3}, RandomBound{ContinuousRectSearchSpace}}
0.00 secs, 0 evals, 0 steps
30.00 secs, 6270 evals, 6174 steps, improv/step: 0.280 (last = 0.2804), fitness=-1794491880.925515413
60.00 secs, 12664 evals, 12569 steps, improv/step: 0.187 (last = 0.0966), fitness=-1795073598.907939434
90.01 secs, 19782 evals, 19687 steps, improv/step: 0.153 (last = 0.0924), fitness=-1795276032.135799170
120.01 secs, 27028 evals, 26933 steps, improv/step: 0.136 (last = 0.0919), fitness=-1795338505.253203392
150.01 secs, 34089 evals, 33996 steps, improv/step: 0.121 (last = 0.0613), fitness=-1795357435.122358799
180.01 secs, 40654 evals, 40561 steps, improv/step: 0.108 (last = 0.0448), fitness=-1795364334.467227221
210.03 secs, 46013 evals, 45920 steps, improv/step: 0.102 (last = 0.0506), fitness=-1795369601.108284950
240.03 secs, 51118 evals, 51026 steps, improv/step: 0.097 (last = 0.0584), fitness=-1795372505.102329016
270.04 secs, 56004 evals, 55913 steps, improv/step: 0.094 (last = 0.0579), fitness=-1795374223.921734571
300.04 secs, 61053 evals, 60964 steps, improv/step: 0.092 (last = 0.0756), fitness=-1795377811.807145596
330.04 secs, 65967 evals, 65878 steps, improv/step: 0.091 (last = 0.0726), fitness=-1795381294.349781990
360.04 secs, 70879 evals, 70790 steps, improv/step: 0.090 (last = 0.0833), fitness=-1795383362.092891932
390.04 secs, 75758 evals, 75669 steps, improv/step: 0.089 (last = 0.0689), fitness=-1795384357.929322481
420.05 secs, 80419 evals, 80331 steps, improv/step: 0.089 (last = 0.0890), fitness=-1795386121.572376013
450.05 secs, 85385 evals, 85298 steps, improv/step: 0.088 (last = 0.0721), fitness=-1795387119.447135448
480.06 secs, 90330 evals, 90243 steps, improv/step: 0.087 (last = 0.0696), fitness=-1795388188.018721819
510.06 secs, 95488 evals, 95401 steps, improv/step: 0.085 (last = 0.0572), fitness=-1795388614.925790310
540.06 secs, 100522 evals, 100435 steps, improv/step: 0.083 (last = 0.0451), fitness=-1795388924.549197912
570.06 secs, 105716 evals, 105629 steps, improv/step: 0.081 (last = 0.0418), fitness=-1795389076.398906708
600.06 secs, 110100 evals, 110013 steps, improv/step: 0.080 (last = 0.0509), fitness=-1795389186.286361933
630.06 secs, 114644 evals, 114559 steps, improv/step: 0.079 (last = 0.0458), fitness=-1795389248.800764322
660.07 secs, 119070 evals, 118985 steps, improv/step: 0.077 (last = 0.0393), fitness=-1795389270.519456863
690.07 secs, 123479 evals, 123394 steps, improv/step: 0.076 (last = 0.0533), fitness=-1795389332.039839268
720.08 secs, 128111 evals, 128027 steps, improv/step: 0.076 (last = 0.0617), fitness=-1795405994.604510069
750.08 secs, 132838 evals, 132754 steps, improv/step: 0.076 (last = 0.0853), fitness=-1795422318.325763226
780.08 secs, 137745 evals, 137661 steps, improv/step: 0.079 (last = 0.1398), fitness=-1795450427.137691975
810.08 secs, 142054 evals, 141970 steps, improv/step: 0.078 (last = 0.0622), fitness=-1795455079.056211233
840.08 secs, 146594 evals, 146510 steps, improv/step: 0.077 (last = 0.0606), fitness=-1795462921.412849903
870.09 secs, 150921 evals, 150837 steps, improv/step: 0.077 (last = 0.0721), fitness=-1795469175.162227154
900.09 secs, 155564 evals, 155480 steps, improv/step: 0.077 (last = 0.0698), fitness=-1795473333.310199738
930.09 secs, 160112 evals, 160029 steps, improv/step: 0.076 (last = 0.0534), fitness=-1795476937.308055639
960.10 secs, 164646 evals, 164563 steps, improv/step: 0.076 (last = 0.0474), fitness=-1795478085.769203186
990.10 secs, 169220 evals, 169137 steps, improv/step: 0.075 (last = 0.0404), fitness=-1795478684.003695488
1020.10 secs, 173579 evals, 173496 steps, improv/step: 0.074 (last = 0.0383), fitness=-1795479139.469031096
1050.11 secs, 178132 evals, 178049 steps, improv/step: 0.073 (last = 0.0485), fitness=-1795479554.829630613
1080.15 secs, 182515 evals, 182432 steps, improv/step: 0.073 (last = 0.0559), fitness=-1795480061.827584743
1110.16 secs, 186963 evals, 186880 steps, improv/step: 0.072 (last = 0.0513), fitness=-1795480245.761136055
1140.16 secs, 191427 evals, 191344 steps, improv/step: 0.071 (last = 0.0414), fitness=-1795480388.065015554
1170.17 secs, 195700 evals, 195617 steps, improv/step: 0.071 (last = 0.0403), fitness=-1795480502.148162365
1200.17 secs, 200232 evals, 200149 steps, improv/step: 0.070 (last = 0.0371), fitness=-1795480513.332638979
1230.22 secs, 204743 evals, 204661 steps, improv/step: 0.069 (last = 0.0344), fitness=-1795480570.875416279
1260.22 secs, 209181 evals, 209099 steps, improv/step: 0.069 (last = 0.0363), fitness=-1795480599.019443989
1290.22 secs, 213477 evals, 213396 steps, improv/step: 0.068 (last = 0.0363), fitness=-1795480616.978359461
1320.25 secs, 217890 evals, 217809 steps, improv/step: 0.067 (last = 0.0281), fitness=-1795480635.778191566
1350.25 secs, 222278 evals, 222197 steps, improv/step: 0.066 (last = 0.0283), fitness=-1795480645.088635921
1380.25 secs, 226714 evals, 226633 steps, improv/step: 0.066 (last = 0.0286), fitness=-1795480658.279062748
1410.25 secs, 230919 evals, 230838 steps, improv/step: 0.065 (last = 0.0259), fitness=-1795480661.592442274
1440.25 secs, 234964 evals, 234884 steps, improv/step: 0.064 (last = 0.0242), fitness=-1795480667.358654022
1470.25 secs, 239390 evals, 239311 steps, improv/step: 0.063 (last = 0.0221), fitness=-1795480669.741665363
1500.49 secs, 243831 evals, 243752 steps, improv/step: 0.063 (last = 0.0257), fitness=-1795480671.146254301
1530.50 secs, 248234 evals, 248158 steps, improv/step: 0.062 (last = 0.0211), fitness=-1795480672.389867544
1560.58 secs, 252613 evals, 252537 steps, improv/step: 0.061 (last = 0.0265), fitness=-1795480675.854321718
1590.58 secs, 257217 evals, 257142 steps, improv/step: 0.061 (last = 0.0245), fitness=-1795480676.875118732
1620.58 secs, 261639 evals, 261565 steps, improv/step: 0.060 (last = 0.0249), fitness=-1795480677.596332073
1650.63 secs, 265930 evals, 265857 steps, improv/step: 0.059 (last = 0.0219), fitness=-1795480678.100123405
1680.63 secs, 270387 evals, 270315 steps, improv/step: 0.059 (last = 0.0231), fitness=-1795480678.245608091
1710.65 secs, 274833 evals, 274762 steps, improv/step: 0.058 (last = 0.0270), fitness=-1795480678.477999926
1740.65 secs, 279395 evals, 279324 steps, improv/step: 0.058 (last = 0.0298), fitness=-1795480678.800292253
1770.72 secs, 283976 evals, 283905 steps, improv/step: 0.058 (last = 0.0419), fitness=-1795480678.939751625
1800.72 secs, 288666 evals, 288595 steps, improv/step: 0.057 (last = 0.0362), fitness=-1795480679.017979622
1830.72 secs, 293092 evals, 293021 steps, improv/step: 0.057 (last = 0.0409), fitness=-1795480679.126619339
1860.73 secs, 297454 evals, 297384 steps, improv/step: 0.057 (last = 0.0321), fitness=-1795480679.240798473
1890.73 secs, 301949 evals, 301879 steps, improv/step: 0.056 (last = 0.0247), fitness=-1795480679.262620211
1920.73 secs, 306350 evals, 306282 steps, improv/step: 0.056 (last = 0.0236), fitness=-1795480679.352979660
1950.74 secs, 310757 evals, 310690 steps, improv/step: 0.055 (last = 0.0181), fitness=-1795480679.400094032
1980.74 secs, 314960 evals, 314894 steps, improv/step: 0.055 (last = 0.0176), fitness=-1795480679.431857347
2010.75 secs, 319333 evals, 319268 steps, improv/step: 0.054 (last = 0.0178), fitness=-1795480679.452826023
2040.75 secs, 323724 evals, 323661 steps, improv/step: 0.054 (last = 0.0216), fitness=-1795480679.486167431
2070.75 secs, 328049 evals, 327989 steps, improv/step: 0.053 (last = 0.0259), fitness=-1795480679.511393785
2100.75 secs, 332570 evals, 332511 steps, improv/step: 0.053 (last = 0.0252), fitness=-1795480679.529023409
2130.76 secs, 337272 evals, 337214 steps, improv/step: 0.053 (last = 0.0257), fitness=-1795480679.546482086
2160.76 secs, 341583 evals, 341527 steps, improv/step: 0.052 (last = 0.0218), fitness=-1795480679.557055235
2190.86 secs, 345931 evals, 345878 steps, improv/step: 0.052 (last = 0.0161), fitness=-1795480679.565355301
2220.86 secs, 350426 evals, 350373 steps, improv/step: 0.051 (last = 0.0156), fitness=-1795480679.575036287
2250.86 secs, 354784 evals, 354731 steps, improv/step: 0.051 (last = 0.0186), fitness=-1795480679.585057020
2280.91 secs, 359135 evals, 359084 steps, improv/step: 0.050 (last = 0.0133), fitness=-1795480679.593227386
2310.91 secs, 363533 evals, 363484 steps, improv/step: 0.050 (last = 0.0125), fitness=-1795480679.593227386
2340.92 secs, 367944 evals, 367895 steps, improv/step: 0.050 (last = 0.0118), fitness=-1795480679.611667633
2370.92 secs, 372304 evals, 372256 steps, improv/step: 0.049 (last = 0.0190), fitness=-1795480679.631188393
2400.93 secs, 376784 evals, 376736 steps, improv/step: 0.049 (last = 0.0210), fitness=-1795480679.642169952
2430.98 secs, 381229 evals, 381181 steps, improv/step: 0.049 (last = 0.0227), fitness=-1795480679.662143230
2460.99 secs, 386023 evals, 385975 steps, improv/step: 0.048 (last = 0.0225), fitness=-1795480679.675879717
2490.99 secs, 390508 evals, 390461 steps, improv/step: 0.048 (last = 0.0183), fitness=-1795480679.686726332
2520.99 secs, 395045 evals, 394998 steps, improv/step: 0.048 (last = 0.0179), fitness=-1795480679.703316450
2550.99 secs, 399551 evals, 399505 steps, improv/step: 0.047 (last = 0.0180), fitness=-1795480679.733925819
2581.00 secs, 403994 evals, 403949 steps, improv/step: 0.047 (last = 0.0171), fitness=-1795480679.741209745
2611.00 secs, 408442 evals, 408399 steps, improv/step: 0.047 (last = 0.0171), fitness=-1795480679.776824951
2641.01 secs, 412916 evals, 412873 steps, improv/step: 0.046 (last = 0.0174), fitness=-1795480679.792599201
2671.04 secs, 417293 evals, 417251 steps, improv/step: 0.046 (last = 0.0148), fitness=-1795480679.817085505
2701.05 secs, 421704 evals, 421662 steps, improv/step: 0.046 (last = 0.0154), fitness=-1795480679.824679375
2731.12 secs, 426097 evals, 426056 steps, improv/step: 0.045 (last = 0.0155), fitness=-1795480679.855168819
2761.13 secs, 430582 evals, 430542 steps, improv/step: 0.045 (last = 0.0129), fitness=-1795480679.855168819
2791.13 secs, 435206 evals, 435169 steps, improv/step: 0.045 (last = 0.0134), fitness=-1795480679.870463848
2821.13 secs, 439700 evals, 439664 steps, improv/step: 0.044 (last = 0.0160), fitness=-1795480679.870463848
2851.24 secs, 444067 evals, 444031 steps, improv/step: 0.044 (last = 0.0151), fitness=-1795480679.890772581
2881.24 secs, 448466 evals, 448433 steps, improv/step: 0.044 (last = 0.0220), fitness=-1795480679.921609402
2911.24 secs, 453169 evals, 453138 steps, improv/step: 0.043 (last = 0.0151), fitness=-1795480679.968926430
2941.25 secs, 457850 evals, 457821 steps, improv/step: 0.043 (last = 0.0171), fitness=-1795480680.063687325
2971.25 secs, 462219 evals, 462191 steps, improv/step: 0.043 (last = 0.0192), fitness=-1795480680.073372364
3001.25 secs, 466878 evals, 466850 steps, improv/step: 0.043 (last = 0.0180), fitness=-1795480680.142171144
3031.25 secs, 471689 evals, 471663 steps, improv/step: 0.042 (last = 0.0166), fitness=-1795480680.187523127
3061.26 secs, 476288 evals, 476262 steps, improv/step: 0.042 (last = 0.0196), fitness=-1795480680.219011784
3091.26 secs, 480956 evals, 480930 steps, improv/step: 0.042 (last = 0.0135), fitness=-1795480680.258619785
3121.27 secs, 485613 evals, 485587 steps, improv/step: 0.042 (last = 0.0137), fitness=-1795480680.268839359
3151.27 secs, 490312 evals, 490286 steps, improv/step: 0.041 (last = 0.0136), fitness=-1795480680.293541431
3181.28 secs, 494813 evals, 494789 steps, improv/step: 0.041 (last = 0.0162), fitness=-1795480680.304355383
3211.33 secs, 499358 evals, 499334 steps, improv/step: 0.041 (last = 0.0154), fitness=-1795480680.347565413
3241.34 secs, 503775 evals, 503751 steps, improv/step: 0.041 (last = 0.0138), fitness=-1795480680.351892710
3271.34 secs, 508205 evals, 508181 steps, improv/step: 0.041 (last = 0.0185), fitness=-1795480680.358607292
3301.34 secs, 512611 evals, 512588 steps, improv/step: 0.040 (last = 0.0175), fitness=-1795480680.371632338
3331.34 secs, 516866 evals, 516844 steps, improv/step: 0.040 (last = 0.0141), fitness=-1795480680.393778324
3361.35 secs, 521170 evals, 521149 steps, improv/step: 0.040 (last = 0.0151), fitness=-1795480680.408682108
3391.35 secs, 525734 evals, 525714 steps, improv/step: 0.040 (last = 0.0151), fitness=-1795480680.424073458
3421.36 secs, 530219 evals, 530199 steps, improv/step: 0.040 (last = 0.0198), fitness=-1795480680.448271990
3451.41 secs, 534560 evals, 534543 steps, improv/step: 0.039 (last = 0.0099), fitness=-1795480680.448271990
3481.41 secs, 538854 evals, 538837 steps, improv/step: 0.039 (last = 0.0182), fitness=-1795480680.463105440
3511.42 secs, 543487 evals, 543470 steps, improv/step: 0.039 (last = 0.0151), fitness=-1795480680.467033148
3541.42 secs, 548055 evals, 548039 steps, improv/step: 0.039 (last = 0.0116), fitness=-1795480680.489432096
3571.42 secs, 552497 evals, 552482 steps, improv/step: 0.038 (last = 0.0117), fitness=-1795480680.524819613
3601.44 secs, 556932 evals, 556918 steps, improv/step: 0.038 (last = 0.0169), fitness=-1795480680.524819613
3631.44 secs, 561323 evals, 561311 steps, improv/step: 0.038 (last = 0.0148), fitness=-1795480680.527478695
3661.44 secs, 565710 evals, 565699 steps, improv/step: 0.038 (last = 0.0125), fitness=-1795480680.558025122
3691.45 secs, 570136 evals, 570125 steps, improv/step: 0.038 (last = 0.0158), fitness=-1795480680.561594725
3721.45 secs, 574677 evals, 574666 steps, improv/step: 0.038 (last = 0.0163), fitness=-1795480680.567584991
3751.46 secs, 579197 evals, 579186 steps, improv/step: 0.037 (last = 0.0100), fitness=-1795480680.567831278
3781.46 secs, 583429 evals, 583418 steps, improv/step: 0.037 (last = 0.0104), fitness=-1795480680.575985432
3811.46 secs, 587714 evals, 587707 steps, improv/step: 0.037 (last = 0.0112), fitness=-1795480680.585599184
3841.46 secs, 592189 evals, 592182 steps, improv/step: 0.037 (last = 0.0132), fitness=-1795480680.592457294
3871.51 secs, 596676 evals, 596671 steps, improv/step: 0.037 (last = 0.0136), fitness=-1795480680.606682539
3901.51 secs, 601158 evals, 601154 steps, improv/step: 0.036 (last = 0.0152), fitness=-1795480680.623994827
3931.51 secs, 605585 evals, 605584 steps, improv/step: 0.036 (last = 0.0158), fitness=-1795480680.629060984
3961.52 secs, 610312 evals, 610314 steps, improv/step: 0.036 (last = 0.0137), fitness=-1795480680.656974077
3991.52 secs, 614870 evals, 614872 steps, improv/step: 0.036 (last = 0.0156), fitness=-1795480680.661048651
4021.52 secs, 619452 evals, 619454 steps, improv/step: 0.036 (last = 0.0194), fitness=-1795480680.677940130
4051.52 secs, 624094 evals, 624096 steps, improv/step: 0.036 (last = 0.0144), fitness=-1795480680.682319880
4081.52 secs, 628696 evals, 628699 steps, improv/step: 0.036 (last = 0.0113), fitness=-1795480680.690917492
4111.53 secs, 633294 evals, 633298 steps, improv/step: 0.035 (last = 0.0120), fitness=-1795480680.714004755
4141.53 secs, 638058 evals, 638063 steps, improv/step: 0.035 (last = 0.0174), fitness=-1795480680.748087406
4171.53 secs, 642907 evals, 642912 steps, improv/step: 0.035 (last = 0.0212), fitness=-1795480680.768739223
4201.53 secs, 647636 evals, 647642 steps, improv/step: 0.035 (last = 0.0173), fitness=-1795480680.799183369
4231.53 secs, 652299 evals, 652306 steps, improv/step: 0.035 (last = 0.0167), fitness=-1795480680.809582710
4261.54 secs, 657004 evals, 657012 steps, improv/step: 0.035 (last = 0.0185), fitness=-1795480680.832673788
4291.54 secs, 661642 evals, 661656 steps, improv/step: 0.035 (last = 0.0200), fitness=-1795480680.857090712
4321.54 secs, 666507 evals, 666522 steps, improv/step: 0.034 (last = 0.0150), fitness=-1795480680.865039110
4351.55 secs, 671182 evals, 671197 steps, improv/step: 0.034 (last = 0.0169), fitness=-1795480680.895628929
4381.55 secs, 676072 evals, 676087 steps, improv/step: 0.034 (last = 0.0129), fitness=-1795480680.911816359
4411.55 secs, 680684 evals, 680699 steps, improv/step: 0.034 (last = 0.0119), fitness=-1795480680.922348499
4441.60 secs, 685539 evals, 685555 steps, improv/step: 0.034 (last = 0.0154), fitness=-1795480680.941830158
4471.60 secs, 690410 evals, 690427 steps, improv/step: 0.034 (last = 0.0142), fitness=-1795480680.965857506
4501.65 secs, 695243 evals, 695262 steps, improv/step: 0.034 (last = 0.0157), fitness=-1795480680.994930983
4531.66 secs, 700022 evals, 700041 steps, improv/step: 0.034 (last = 0.0146), fitness=-1795480681.006863356
4561.67 secs, 704733 evals, 704753 steps, improv/step: 0.033 (last = 0.0170), fitness=-1795480681.030096292
4591.67 secs, 709414 evals, 709435 steps, improv/step: 0.033 (last = 0.0173), fitness=-1795480681.049033403
4621.67 secs, 714347 evals, 714370 steps, improv/step: 0.033 (last = 0.0154), fitness=-1795480681.062852383
4651.67 secs, 719005 evals, 719028 steps, improv/step: 0.033 (last = 0.0174), fitness=-1795480681.079006433
4681.69 secs, 723847 evals, 723870 steps, improv/step: 0.033 (last = 0.0159), fitness=-1795480681.105040073
4711.69 secs, 728626 evals, 728649 steps, improv/step: 0.033 (last = 0.0130), fitness=-1795480681.105040073
4741.69 secs, 733152 evals, 733175 steps, improv/step: 0.033 (last = 0.0175), fitness=-1795480681.113944292
4771.69 secs, 737862 evals, 737885 steps, improv/step: 0.033 (last = 0.0163), fitness=-1795480681.137390852
4801.70 secs, 742618 evals, 742644 steps, improv/step: 0.033 (last = 0.0177), fitness=-1795480681.149216652
4831.70 secs, 747538 evals, 747566 steps, improv/step: 0.032 (last = 0.0165), fitness=-1795480681.166431665
4861.71 secs, 752363 evals, 752391 steps, improv/step: 0.032 (last = 0.0178), fitness=-1795480681.204464197
4891.71 secs, 757212 evals, 757243 steps, improv/step: 0.032 (last = 0.0185), fitness=-1795480681.234396219
4921.71 secs, 762149 evals, 762181 steps, improv/step: 0.032 (last = 0.0176), fitness=-1795480681.237948179
4951.71 secs, 767071 evals, 767103 steps, improv/step: 0.032 (last = 0.0167), fitness=-1795480681.262475491
4981.71 secs, 771847 evals, 771880 steps, improv/step: 0.032 (last = 0.0195), fitness=-1795480681.284564495
5011.71 secs, 776402 evals, 776435 steps, improv/step: 0.032 (last = 0.0182), fitness=-1795480681.344711065
5041.71 secs, 781170 evals, 781203 steps, improv/step: 0.032 (last = 0.0193), fitness=-1795480681.412845135
5071.72 secs, 785918 evals, 785951 steps, improv/step: 0.032 (last = 0.0154), fitness=-1795480681.432089090
5101.72 secs, 790511 evals, 790545 steps, improv/step: 0.032 (last = 0.0168), fitness=-1795480681.458053112
5131.73 secs, 795187 evals, 795221 steps, improv/step: 0.032 (last = 0.0197), fitness=-1795480681.472705364
5161.73 secs, 799787 evals, 799821 steps, improv/step: 0.032 (last = 0.0202), fitness=-1795480681.495569706
5191.73 secs, 804116 evals, 804150 steps, improv/step: 0.031 (last = 0.0219), fitness=-1795480681.508843899
5221.74 secs, 808793 evals, 808828 steps, improv/step: 0.031 (last = 0.0184), fitness=-1795480681.512447596
5251.74 secs, 813595 evals, 813631 steps, improv/step: 0.031 (last = 0.0156), fitness=-1795480681.521198750
5281.74 secs, 818408 evals, 818444 steps, improv/step: 0.031 (last = 0.0189), fitness=-1795480681.539833546
5311.75 secs, 823502 evals, 823538 steps, improv/step: 0.031 (last = 0.0185), fitness=-1795480681.552583694
5341.75 secs, 828222 evals, 828259 steps, improv/step: 0.031 (last = 0.0172), fitness=-1795480681.563313246
5371.75 secs, 833059 evals, 833097 steps, improv/step: 0.031 (last = 0.0147), fitness=-1795480681.575214386
5401.84 secs, 837809 evals, 837847 steps, improv/step: 0.031 (last = 0.0135), fitness=-1795480681.586737156
5431.84 secs, 842442 evals, 842480 steps, improv/step: 0.031 (last = 0.0192), fitness=-1795480681.611162186
5461.84 secs, 847210 evals, 847248 steps, improv/step: 0.031 (last = 0.0166), fitness=-1795480681.627421856
5491.84 secs, 852161 evals, 852202 steps, improv/step: 0.031 (last = 0.0141), fitness=-1795480681.643097878
5521.85 secs, 856666 evals, 856709 steps, improv/step: 0.031 (last = 0.0175), fitness=-1795480681.657656193
5551.85 secs, 861266 evals, 861310 steps, improv/step: 0.030 (last = 0.0161), fitness=-1795480681.674024105
5581.85 secs, 865806 evals, 865850 steps, improv/step: 0.030 (last = 0.0137), fitness=-1795480681.683019876
5611.85 secs, 870490 evals, 870535 steps, improv/step: 0.030 (last = 0.0171), fitness=-1795480681.698308706
5641.85 secs, 875072 evals, 875119 steps, improv/step: 0.030 (last = 0.0148), fitness=-1795480681.713832855
5671.86 secs, 879615 evals, 879663 steps, improv/step: 0.030 (last = 0.0161), fitness=-1795480681.717883587
5701.86 secs, 884257 evals, 884305 steps, improv/step: 0.030 (last = 0.0174), fitness=-1795480681.732480764
5731.86 secs, 888949 evals, 888997 steps, improv/step: 0.030 (last = 0.0202), fitness=-1795480681.749567986
5761.91 secs, 893698 evals, 893747 steps, improv/step: 0.030 (last = 0.0242), fitness=-1795480681.786809444
5791.92 secs, 898398 evals, 898451 steps, improv/step: 0.030 (last = 0.0179), fitness=-1795480681.811692715
5822.02 secs, 903122 evals, 903176 steps, improv/step: 0.030 (last = 0.0184), fitness=-1795480681.840851545
5852.08 secs, 907465 evals, 907521 steps, improv/step: 0.030 (last = 0.0163), fitness=-1795480681.855954885
5882.09 secs, 911874 evals, 911932 steps, improv/step: 0.030 (last = 0.0141), fitness=-1795480681.877012014
5912.12 secs, 916245 evals, 916304 steps, improv/step: 0.030 (last = 0.0130), fitness=-1795480681.884145498
5942.13 secs, 921018 evals, 921077 steps, improv/step: 0.030 (last = 0.0107), fitness=-1795480681.889321804
5972.13 secs, 925736 evals, 925795 steps, improv/step: 0.029 (last = 0.0159), fitness=-1795480681.917028904
6002.13 secs, 930425 evals, 930484 steps, improv/step: 0.029 (last = 0.0132), fitness=-1795480681.930179119
6032.19 secs, 935040 evals, 935102 steps, improv/step: 0.029 (last = 0.0149), fitness=-1795480681.958440781
6062.19 secs, 939705 evals, 939767 steps, improv/step: 0.029 (last = 0.0146), fitness=-1795480681.975605965
6092.20 secs, 944380 evals, 944443 steps, improv/step: 0.029 (last = 0.0122), fitness=-1795480681.994867086
6122.28 secs, 949269 evals, 949333 steps, improv/step: 0.029 (last = 0.0123), fitness=-1795480682.001805305
6152.28 secs, 954209 evals, 954275 steps, improv/step: 0.029 (last = 0.0127), fitness=-1795480682.018832684
6182.28 secs, 958707 evals, 958775 steps, improv/step: 0.029 (last = 0.0113), fitness=-1795480682.025534868
6212.29 secs, 963616 evals, 963685 steps, improv/step: 0.029 (last = 0.0151), fitness=-1795480682.069464207
6242.29 secs, 968305 evals, 968375 steps, improv/step: 0.029 (last = 0.0117), fitness=-1795480682.076971054
6272.30 secs, 973221 evals, 973293 steps, improv/step: 0.029 (last = 0.0148), fitness=-1795480682.111515522
6302.30 secs, 977958 evals, 978030 steps, improv/step: 0.029 (last = 0.0152), fitness=-1795480682.111515522
6332.31 secs, 982858 evals, 982930 steps, improv/step: 0.029 (last = 0.0206), fitness=-1795480682.168268204
6362.31 secs, 987621 evals, 987695 steps, improv/step: 0.029 (last = 0.0168), fitness=-1795480682.191909790
6392.31 secs, 992371 evals, 992445 steps, improv/step: 0.028 (last = 0.0147), fitness=-1795480682.212884426
6422.31 secs, 997350 evals, 997424 steps, improv/step: 0.028 (last = 0.0137), fitness=-1795480682.232856989
6452.32 secs, 1002195 evals, 1002272 steps, improv/step: 0.028 (last = 0.0136), fitness=-1795480682.240951538
6482.32 secs, 1007161 evals, 1007239 steps, improv/step: 0.028 (last = 0.0129), fitness=-1795480682.274717808
6512.33 secs, 1012064 evals, 1012144 steps, improv/step: 0.028 (last = 0.0120), fitness=-1795480682.283410788
6542.33 secs, 1016850 evals, 1016930 steps, improv/step: 0.028 (last = 0.0119), fitness=-1795480682.312335730
6572.34 secs, 1021769 evals, 1021850 steps, improv/step: 0.028 (last = 0.0159), fitness=-1795480682.325389862
6602.34 secs, 1026524 evals, 1026606 steps, improv/step: 0.028 (last = 0.0158), fitness=-1795480682.379457474
6632.34 secs, 1031199 evals, 1031281 steps, improv/step: 0.028 (last = 0.0145), fitness=-1795480682.402480841
6662.35 secs, 1035981 evals, 1036063 steps, improv/step: 0.028 (last = 0.0107), fitness=-1795480682.416701078
6692.35 secs, 1040523 evals, 1040605 steps, improv/step: 0.028 (last = 0.0130), fitness=-1795480682.434662580
6722.36 secs, 1045098 evals, 1045181 steps, improv/step: 0.028 (last = 0.0125), fitness=-1795480682.467722893
6752.36 secs, 1049919 evals, 1050003 steps, improv/step: 0.028 (last = 0.0122), fitness=-1795480682.494788647
6782.36 secs, 1054680 evals, 1054764 steps, improv/step: 0.028 (last = 0.0155), fitness=-1795480682.497463465
6812.37 secs, 1059430 evals, 1059514 steps, improv/step: 0.028 (last = 0.0152), fitness=-1795480682.556293488
6842.43 secs, 1064198 evals, 1064282 steps, improv/step: 0.027 (last = 0.0143), fitness=-1795480682.556293488
6872.43 secs, 1068793 evals, 1068879 steps, improv/step: 0.027 (last = 0.0133), fitness=-1795480682.569715738
6902.43 secs, 1073397 evals, 1073485 steps, improv/step: 0.027 (last = 0.0119), fitness=-1795480682.585441828
6932.44 secs, 1078179 evals, 1078270 steps, improv/step: 0.027 (last = 0.0165), fitness=-1795480682.604631424
6962.44 secs, 1082760 evals, 1082851 steps, improv/step: 0.027 (last = 0.0118), fitness=-1795480682.607014418
6992.44 secs, 1087439 evals, 1087531 steps, improv/step: 0.027 (last = 0.0122), fitness=-1795480682.637969971
7022.44 secs, 1092038 evals, 1092131 steps, improv/step: 0.027 (last = 0.0111), fitness=-1795480682.637969971
7052.48 secs, 1096638 evals, 1096735 steps, improv/step: 0.027 (last = 0.0146), fitness=-1795480682.656663179
7082.48 secs, 1101417 evals, 1101514 steps, improv/step: 0.027 (last = 0.0117), fitness=-1795480682.692733288
7112.49 secs, 1106027 evals, 1106124 steps, improv/step: 0.027 (last = 0.0104), fitness=-1795480682.692733288
7142.59 secs, 1110583 evals, 1110680 steps, improv/step: 0.027 (last = 0.0101), fitness=-1795480682.702194214
7172.60 secs, 1115223 evals, 1115320 steps, improv/step: 0.027 (last = 0.0101), fitness=-1795480682.713359356
7202.60 secs, 1120020 evals, 1120120 steps, improv/step: 0.027 (last = 0.0096), fitness=-1795480682.738328457
7232.64 secs, 1124483 evals, 1124584 steps, improv/step: 0.027 (last = 0.0150), fitness=-1795480682.753404856
7262.65 secs, 1129103 evals, 1129206 steps, improv/step: 0.027 (last = 0.0117), fitness=-1795480682.764093399
7292.69 secs, 1133947 evals, 1134051 steps, improv/step: 0.027 (last = 0.0138), fitness=-1795480682.794039249
7322.69 secs, 1138672 evals, 1138778 steps, improv/step: 0.026 (last = 0.0133), fitness=-1795480682.794039249
7352.69 secs, 1143278 evals, 1143385 steps, improv/step: 0.026 (last = 0.0132), fitness=-1795480682.808589935
7382.70 secs, 1148089 evals, 1148199 steps, improv/step: 0.026 (last = 0.0127), fitness=-1795480682.832556963
7412.72 secs, 1152584 evals, 1152694 steps, improv/step: 0.026 (last = 0.0082), fitness=-1795480682.832556963
7442.73 secs, 1157197 evals, 1157309 steps, improv/step: 0.026 (last = 0.0091), fitness=-1795480682.835957766
7472.73 secs, 1161968 evals, 1162081 steps, improv/step: 0.026 (last = 0.0111), fitness=-1795480682.868536949
7502.73 secs, 1166552 evals, 1166666 steps, improv/step: 0.026 (last = 0.0118), fitness=-1795480682.884899855
7532.73 secs, 1171168 evals, 1171284 steps, improv/step: 0.026 (last = 0.0126), fitness=-1795480682.885548830
7562.73 secs, 1175817 evals, 1175934 steps, improv/step: 0.026 (last = 0.0105), fitness=-1795480682.899317980
7592.74 secs, 1180525 evals, 1180644 steps, improv/step: 0.026 (last = 0.0106), fitness=-1795480682.909056187
7622.74 secs, 1185226 evals, 1185349 steps, improv/step: 0.026 (last = 0.0094), fitness=-1795480682.918287992
7652.74 secs, 1189842 evals, 1189966 steps, improv/step: 0.026 (last = 0.0084), fitness=-1795480682.933580637
7682.74 secs, 1194381 evals, 1194506 steps, improv/step: 0.026 (last = 0.0101), fitness=-1795480682.937071323
7712.74 secs, 1199002 evals, 1199128 steps, improv/step: 0.026 (last = 0.0091), fitness=-1795480682.973646402
7742.78 secs, 1203583 evals, 1203710 steps, improv/step: 0.026 (last = 0.0111), fitness=-1795480682.980562925
7772.81 secs, 1207944 evals, 1208073 steps, improv/step: 0.026 (last = 0.0117), fitness=-1795480682.984462261
7802.81 secs, 1212377 evals, 1212508 steps, improv/step: 0.026 (last = 0.0104), fitness=-1795480682.997083187
7832.82 secs, 1216843 evals, 1216977 steps, improv/step: 0.025 (last = 0.0081), fitness=-1795480683.017400026
7862.82 secs, 1221477 evals, 1221612 steps, improv/step: 0.025 (last = 0.0095), fitness=-1795480683.020782471
7892.83 secs, 1225972 evals, 1226109 steps, improv/step: 0.025 (last = 0.0076), fitness=-1795480683.028519392
7922.84 secs, 1230513 evals, 1230651 steps, improv/step: 0.025 (last = 0.0110), fitness=-1795480683.056685448
7952.84 secs, 1234956 evals, 1235094 steps, improv/step: 0.025 (last = 0.0090), fitness=-1795480683.072272778
7982.84 secs, 1239548 evals, 1239687 steps, improv/step: 0.025 (last = 0.0105), fitness=-1795480683.082588196
8012.84 secs, 1244020 evals, 1244160 steps, improv/step: 0.025 (last = 0.0089), fitness=-1795480683.088393927
8042.85 secs, 1248408 evals, 1248549 steps, improv/step: 0.025 (last = 0.0105), fitness=-1795480683.098416805
8072.85 secs, 1252888 evals, 1253031 steps, improv/step: 0.025 (last = 0.0107), fitness=-1795480683.119636774
8102.85 secs, 1257334 evals, 1257479 steps, improv/step: 0.025 (last = 0.0117), fitness=-1795480683.128098965
8132.86 secs, 1261689 evals, 1261834 steps, improv/step: 0.025 (last = 0.0069), fitness=-1795480683.133385420
8162.86 secs, 1266222 evals, 1266369 steps, improv/step: 0.025 (last = 0.0093), fitness=-1795480683.160868168
8192.87 secs, 1270732 evals, 1270881 steps, improv/step: 0.025 (last = 0.0106), fitness=-1795480683.160868168
8222.87 secs, 1275376 evals, 1275527 steps, improv/step: 0.025 (last = 0.0073), fitness=-1795480683.162990093
8252.92 secs, 1280005 evals, 1280156 steps, improv/step: 0.025 (last = 0.0104), fitness=-1795480683.175158501
8282.92 secs, 1284604 evals, 1284756 steps, improv/step: 0.025 (last = 0.0074), fitness=-1795480683.201878548
8312.92 secs, 1289182 evals, 1289334 steps, improv/step: 0.025 (last = 0.0114), fitness=-1795480683.212976694
8342.93 secs, 1293732 evals, 1293885 steps, improv/step: 0.025 (last = 0.0092), fitness=-1795480683.213968039
8372.99 secs, 1298300 evals, 1298453 steps, improv/step: 0.024 (last = 0.0092), fitness=-1795480683.244464397
8402.99 secs, 1303017 evals, 1303171 steps, improv/step: 0.024 (last = 0.0081), fitness=-1795480683.244464397
8433.00 secs, 1307493 evals, 1307649 steps, improv/step: 0.024 (last = 0.0165), fitness=-1795480683.292165041
8463.00 secs, 1312242 evals, 1312398 steps, improv/step: 0.024 (last = 0.0109), fitness=-1795480683.311343670
8493.01 secs, 1316782 evals, 1316939 steps, improv/step: 0.024 (last = 0.0101), fitness=-1795480683.319179773
8523.01 secs, 1321268 evals, 1321425 steps, improv/step: 0.024 (last = 0.0091), fitness=-1795480683.330652714
8553.02 secs, 1325849 evals, 1326008 steps, improv/step: 0.024 (last = 0.0111), fitness=-1795480683.376028299
8583.08 secs, 1330430 evals, 1330589 steps, improv/step: 0.024 (last = 0.0083), fitness=-1795480683.385816574
8613.09 secs, 1335071 evals, 1335232 steps, improv/step: 0.024 (last = 0.0093), fitness=-1795480683.422726393
8643.10 secs, 1339553 evals, 1339715 steps, improv/step: 0.024 (last = 0.0103), fitness=-1795480683.422726393
8673.10 secs, 1344136 evals, 1344299 steps, improv/step: 0.024 (last = 0.0103), fitness=-1795480683.430429697
8703.10 secs, 1348603 evals, 1348766 steps, improv/step: 0.024 (last = 0.0119), fitness=-1795480683.452543736
8733.11 secs, 1353167 evals, 1353331 steps, improv/step: 0.024 (last = 0.0131), fitness=-1795480683.453489780
8763.11 secs, 1357707 evals, 1357872 steps, improv/step: 0.024 (last = 0.0123), fitness=-1795480683.474983454
8793.11 secs, 1362191 evals, 1362358 steps, improv/step: 0.024 (last = 0.0129), fitness=-1795480683.509920597
8823.12 secs, 1366705 evals, 1366872 steps, improv/step: 0.024 (last = 0.0111), fitness=-1795480683.525816441
8853.12 secs, 1371214 evals, 1371385 steps, improv/step: 0.024 (last = 0.0091), fitness=-1795480683.542737246
8883.13 secs, 1375762 evals, 1375937 steps, improv/step: 0.024 (last = 0.0116), fitness=-1795480683.554982424
8913.13 secs, 1380379 evals, 1380558 steps, improv/step: 0.024 (last = 0.0104), fitness=-1795480683.571056366
8943.14 secs, 1384953 evals, 1385133 steps, improv/step: 0.024 (last = 0.0151), fitness=-1795480683.592563629
8973.14 secs, 1389586 evals, 1389769 steps, improv/step: 0.024 (last = 0.0129), fitness=-1795480683.595802784
9003.15 secs, 1394127 evals, 1394311 steps, improv/step: 0.024 (last = 0.0121), fitness=-1795480683.602021217
9033.15 secs, 1398653 evals, 1398840 steps, improv/step: 0.024 (last = 0.0128), fitness=-1795480683.610707760
9063.15 secs, 1403125 evals, 1403313 steps, improv/step: 0.023 (last = 0.0110), fitness=-1795480683.643116236
9093.15 secs, 1407760 evals, 1407950 steps, improv/step: 0.023 (last = 0.0112), fitness=-1795480683.643116236
9123.16 secs, 1412314 evals, 1412504 steps, improv/step: 0.023 (last = 0.0130), fitness=-1795480683.662135839
9153.16 secs, 1416742 evals, 1416932 steps, improv/step: 0.023 (last = 0.0120), fitness=-1795480683.688443661
9183.17 secs, 1421478 evals, 1421669 steps, improv/step: 0.023 (last = 0.0101), fitness=-1795480683.694551468
9213.17 secs, 1425997 evals, 1426189 steps, improv/step: 0.023 (last = 0.0104), fitness=-1795480683.703220129
9243.18 secs, 1430382 evals, 1430575 steps, improv/step: 0.023 (last = 0.0105), fitness=-1795480683.714738131
9273.18 secs, 1434847 evals, 1435040 steps, improv/step: 0.023 (last = 0.0130), fitness=-1795480683.723357916
9303.18 secs, 1439374 evals, 1439568 steps, improv/step: 0.023 (last = 0.0121), fitness=-1795480683.760592937
9333.18 secs, 1443995 evals, 1444191 steps, improv/step: 0.023 (last = 0.0110), fitness=-1795480683.765484333
9363.19 secs, 1448575 evals, 1448773 steps, improv/step: 0.023 (last = 0.0148), fitness=-1795480683.791239023
9393.25 secs, 1452914 evals, 1453114 steps, improv/step: 0.023 (last = 0.0115), fitness=-1795480683.791239023
9423.25 secs, 1457490 evals, 1457691 steps, improv/step: 0.023 (last = 0.0103), fitness=-1795480683.803297520
9453.25 secs, 1462011 evals, 1462214 steps, improv/step: 0.023 (last = 0.0104), fitness=-1795480683.817421436
9483.26 secs, 1466666 evals, 1466870 steps, improv/step: 0.023 (last = 0.0118), fitness=-1795480683.845058441
9513.26 secs, 1471164 evals, 1471369 steps, improv/step: 0.023 (last = 0.0093), fitness=-1795480683.847582579
9543.26 secs, 1475804 evals, 1476009 steps, improv/step: 0.023 (last = 0.0108), fitness=-1795480683.854088306
9573.26 secs, 1480333 evals, 1480538 steps, improv/step: 0.023 (last = 0.0117), fitness=-1795480683.858320475
9603.26 secs, 1485036 evals, 1485243 steps, improv/step: 0.023 (last = 0.0123), fitness=-1795480683.872985601
9633.27 secs, 1489610 evals, 1489818 steps, improv/step: 0.023 (last = 0.0120), fitness=-1795480683.885324478
9663.37 secs, 1494152 evals, 1494362 steps, improv/step: 0.023 (last = 0.0097), fitness=-1795480683.890714884
9693.38 secs, 1498626 evals, 1498837 steps, improv/step: 0.023 (last = 0.0107), fitness=-1795480683.892222166
9723.38 secs, 1503215 evals, 1503427 steps, improv/step: 0.023 (last = 0.0094), fitness=-1795480683.893245697
9753.39 secs, 1507832 evals, 1508044 steps, improv/step: 0.023 (last = 0.0104), fitness=-1795480683.895411015
9783.40 secs, 1512276 evals, 1512491 steps, improv/step: 0.023 (last = 0.0119), fitness=-1795480683.906794786
9813.40 secs, 1516780 evals, 1516997 steps, improv/step: 0.023 (last = 0.0120), fitness=-1795480683.906794786
9843.40 secs, 1521404 evals, 1521622 steps, improv/step: 0.023 (last = 0.0106), fitness=-1795480683.909116268
9873.41 secs, 1525848 evals, 1526067 steps, improv/step: 0.022 (last = 0.0108), fitness=-1795480683.918645859
9903.41 secs, 1530291 evals, 1530511 steps, improv/step: 0.022 (last = 0.0124), fitness=-1795480683.921191216
9933.41 secs, 1534567 evals, 1534787 steps, improv/step: 0.022 (last = 0.0098), fitness=-1795480683.928556681
9963.42 secs, 1538684 evals, 1538904 steps, improv/step: 0.022 (last = 0.0138), fitness=-1795480683.932870865
9993.42 secs, 1543045 evals, 1543265 steps, improv/step: 0.022 (last = 0.0119), fitness=-1795480683.940133333
10023.42 secs, 1547426 evals, 1547647 steps, improv/step: 0.022 (last = 0.0084), fitness=-1795480683.944498539
10053.43 secs, 1551778 evals, 1552000 steps, improv/step: 0.022 (last = 0.0103), fitness=-1795480683.946628809
10083.43 secs, 1556299 evals, 1556523 steps, improv/step: 0.022 (last = 0.0091), fitness=-1795480683.951462269
10113.43 secs, 1560892 evals, 1561118 steps, improv/step: 0.022 (last = 0.0126), fitness=-1795480683.954896927
10143.43 secs, 1565384 evals, 1565610 steps, improv/step: 0.022 (last = 0.0109), fitness=-1795480683.959553003
10173.49 secs, 1569883 evals, 1570109 steps, improv/step: 0.022 (last = 0.0116), fitness=-1795480683.964486599
10203.56 secs, 1574287 evals, 1574513 steps, improv/step: 0.022 (last = 0.0136), fitness=-1795480683.983529091
10233.57 secs, 1578486 evals, 1578712 steps, improv/step: 0.022 (last = 0.0102), fitness=-1795480683.986399889
10263.57 secs, 1582725 evals, 1582951 steps, improv/step: 0.022 (last = 0.0123), fitness=-1795480683.986399889
10293.57 secs, 1587228 evals, 1587454 steps, improv/step: 0.022 (last = 0.0107), fitness=-1795480683.987372637
10323.59 secs, 1591560 evals, 1591787 steps, improv/step: 0.022 (last = 0.0111), fitness=-1795480683.999305725
10353.60 secs, 1595831 evals, 1596059 steps, improv/step: 0.022 (last = 0.0080), fitness=-1795480684.002000809
10383.60 secs, 1600201 evals, 1600429 steps, improv/step: 0.022 (last = 0.0092), fitness=-1795480684.002000809
10413.61 secs, 1604567 evals, 1604798 steps, improv/step: 0.022 (last = 0.0098), fitness=-1795480684.015505075
10443.61 secs, 1608848 evals, 1609081 steps, improv/step: 0.022 (last = 0.0103), fitness=-1795480684.015505075
10473.61 secs, 1612951 evals, 1613185 steps, improv/step: 0.022 (last = 0.0078), fitness=-1795480684.023011208
10503.62 secs, 1617354 evals, 1617589 steps, improv/step: 0.022 (last = 0.0079), fitness=-1795480684.023440838
10533.62 secs, 1622020 evals, 1622257 steps, improv/step: 0.022 (last = 0.0092), fitness=-1795480684.028219700
10563.63 secs, 1626456 evals, 1626693 steps, improv/step: 0.022 (last = 0.0088), fitness=-1795480684.028219700
10593.64 secs, 1630798 evals, 1631035 steps, improv/step: 0.022 (last = 0.0097), fitness=-1795480684.035263777
10623.65 secs, 1635327 evals, 1635564 steps, improv/step: 0.022 (last = 0.0086), fitness=-1795480684.039214611
10653.65 secs, 1639712 evals, 1639950 steps, improv/step: 0.022 (last = 0.0084), fitness=-1795480684.044540405
10683.66 secs, 1643981 evals, 1644219 steps, improv/step: 0.022 (last = 0.0075), fitness=-1795480684.046427488
10713.66 secs, 1648468 evals, 1648707 steps, improv/step: 0.022 (last = 0.0082), fitness=-1795480684.046427488
10743.67 secs, 1652942 evals, 1653181 steps, improv/step: 0.022 (last = 0.0078), fitness=-1795480684.049374819
10773.67 secs, 1657510 evals, 1657749 steps, improv/step: 0.021 (last = 0.0096), fitness=-1795480684.049392700
10803.70 secs, 1661997 evals, 1662237 steps, improv/step: 0.021 (last = 0.0111), fitness=-1795480684.059260607
10833.71 secs, 1666570 evals, 1666810 steps, improv/step: 0.021 (last = 0.0116), fitness=-1795480684.062753677
10863.71 secs, 1671068 evals, 1671310 steps, improv/step: 0.021 (last = 0.0142), fitness=-1795480684.068296671
10893.71 secs, 1675677 evals, 1675921 steps, improv/step: 0.021 (last = 0.0147), fitness=-1795480684.073612452
10923.72 secs, 1680283 evals, 1680529 steps, improv/step: 0.021 (last = 0.0139), fitness=-1795480684.083046436
10953.72 secs, 1684858 evals, 1685104 steps, improv/step: 0.021 (last = 0.0170), fitness=-1795480684.085882187
10983.72 secs, 1689459 evals, 1689706 steps, improv/step: 0.021 (last = 0.0185), fitness=-1795480684.099109173
11013.73 secs, 1694045 evals, 1694293 steps, improv/step: 0.021 (last = 0.0140), fitness=-1795480684.105971336
11043.74 secs, 1698638 evals, 1698886 steps, improv/step: 0.021 (last = 0.0200), fitness=-1795480684.128042698
11073.74 secs, 1703112 evals, 1703360 steps, improv/step: 0.021 (last = 0.0165), fitness=-1795480684.138007164
11103.74 secs, 1707691 evals, 1707940 steps, improv/step: 0.021 (last = 0.0212), fitness=-1795480684.154823542
11133.75 secs, 1712169 evals, 1712418 steps, improv/step: 0.021 (last = 0.0194), fitness=-1795480684.166599751
11163.75 secs, 1716643 evals, 1716894 steps, improv/step: 0.021 (last = 0.0194), fitness=-1795480684.190581799
11193.77 secs, 1721058 evals, 1721309 steps, improv/step: 0.021 (last = 0.0190), fitness=-1795480684.206220627
11223.78 secs, 1725478 evals, 1725729 steps, improv/step: 0.021 (last = 0.0181), fitness=-1795480684.220914841
11253.78 secs, 1729868 evals, 1730120 steps, improv/step: 0.021 (last = 0.0205), fitness=-1795480684.229392767
11283.79 secs, 1734320 evals, 1734573 steps, improv/step: 0.021 (last = 0.0195), fitness=-1795480684.263151169
11313.79 secs, 1738786 evals, 1739039 steps, improv/step: 0.021 (last = 0.0146), fitness=-1795480684.264389515
11343.79 secs, 1743140 evals, 1743394 steps, improv/step: 0.021 (last = 0.0168), fitness=-1795480684.269860506
11373.81 secs, 1747618 evals, 1747872 steps, improv/step: 0.021 (last = 0.0143), fitness=-1795480684.272385359
11403.83 secs, 1752271 evals, 1752525 steps, improv/step: 0.021 (last = 0.0196), fitness=-1795480684.282572985
11433.83 secs, 1756861 evals, 1757116 steps, improv/step: 0.021 (last = 0.0194), fitness=-1795480684.282572985
11463.84 secs, 1761456 evals, 1761711 steps, improv/step: 0.021 (last = 0.0165), fitness=-1795480684.284340382
11493.88 secs, 1766056 evals, 1766311 steps, improv/step: 0.021 (last = 0.0189), fitness=-1795480684.289581299
11523.88 secs, 1770589 evals, 1770844 steps, improv/step: 0.021 (last = 0.0168), fitness=-1795480684.291021109
11553.89 secs, 1775056 evals, 1775312 steps, improv/step: 0.021 (last = 0.0148), fitness=-1795480684.297781467
11583.89 secs, 1779559 evals, 1779816 steps, improv/step: 0.021 (last = 0.0167), fitness=-1795480684.301565647
11613.89 secs, 1784077 evals, 1784336 steps, improv/step: 0.021 (last = 0.0179), fitness=-1795480684.308728933
11643.90 secs, 1788384 evals, 1788643 steps, improv/step: 0.021 (last = 0.0114), fitness=-1795480684.308728933
11673.90 secs, 1792893 evals, 1793153 steps, improv/step: 0.021 (last = 0.0146), fitness=-1795480684.310756207
11703.90 secs, 1797323 evals, 1797586 steps, improv/step: 0.021 (last = 0.0097), fitness=-1795480684.312395096
11733.90 secs, 1801949 evals, 1802213 steps, improv/step: 0.021 (last = 0.0145), fitness=-1795480684.314026833
11763.90 secs, 1806382 evals, 1806646 steps, improv/step: 0.021 (last = 0.0122), fitness=-1795480684.317996502
11793.91 secs, 1810769 evals, 1811033 steps, improv/step: 0.021 (last = 0.0100), fitness=-1795480684.319030285
11823.91 secs, 1815115 evals, 1815379 steps, improv/step: 0.021 (last = 0.0129), fitness=-1795480684.325375319
11853.91 secs, 1819578 evals, 1819843 steps, improv/step: 0.021 (last = 0.0146), fitness=-1795480684.327021360
11883.91 secs, 1824060 evals, 1824325 steps, improv/step: 0.021 (last = 0.0145), fitness=-1795480684.328212023
11913.92 secs, 1828532 evals, 1828797 steps, improv/step: 0.021 (last = 0.0127), fitness=-1795480684.333937883
11943.97 secs, 1833107 evals, 1833376 steps, improv/step: 0.021 (last = 0.0131), fitness=-1795480684.345870018
11973.97 secs, 1837445 evals, 1837714 steps, improv/step: 0.021 (last = 0.0157), fitness=-1795480684.351694107
12003.98 secs, 1841861 evals, 1842131 steps, improv/step: 0.021 (last = 0.0168), fitness=-1795480684.366700411
12033.99 secs, 1846317 evals, 1846590 steps, improv/step: 0.021 (last = 0.0126), fitness=-1795480684.366700411
12063.99 secs, 1850913 evals, 1851186 steps, improv/step: 0.021 (last = 0.0124), fitness=-1795480684.375034809
12093.99 secs, 1855354 evals, 1855627 steps, improv/step: 0.021 (last = 0.0095), fitness=-1795480684.381033897
12123.99 secs, 1859881 evals, 1860155 steps, improv/step: 0.021 (last = 0.0113), fitness=-1795480684.386270761
12154.04 secs, 1864465 evals, 1864740 steps, improv/step: 0.021 (last = 0.0142), fitness=-1795480684.393414259
12184.04 secs, 1868842 evals, 1869118 steps, improv/step: 0.021 (last = 0.0190), fitness=-1795480684.407205105
12214.05 secs, 1873396 evals, 1873673 steps, improv/step: 0.021 (last = 0.0147), fitness=-1795480684.413268328
12244.05 secs, 1878014 evals, 1878293 steps, improv/step: 0.021 (last = 0.0110), fitness=-1795480684.439867735
12274.06 secs, 1882530 evals, 1882810 steps, improv/step: 0.021 (last = 0.0124), fitness=-1795480684.439867735
12304.06 secs, 1887049 evals, 1887329 steps, improv/step: 0.021 (last = 0.0119), fitness=-1795480684.453160048
12334.06 secs, 1891567 evals, 1891849 steps, improv/step: 0.021 (last = 0.0119), fitness=-1795480684.453160048
12364.06 secs, 1895999 evals, 1896282 steps, improv/step: 0.021 (last = 0.0095), fitness=-1795480684.462779045
12394.06 secs, 1900488 evals, 1900773 steps, improv/step: 0.021 (last = 0.0078), fitness=-1795480684.471406698
12424.07 secs, 1905003 evals, 1905288 steps, improv/step: 0.021 (last = 0.0097), fitness=-1795480684.471406698
12454.09 secs, 1909546 evals, 1909832 steps, improv/step: 0.021 (last = 0.0090), fitness=-1795480684.489118099
12484.09 secs, 1914022 evals, 1914309 steps, improv/step: 0.021 (last = 0.0085), fitness=-1795480684.489118099
12514.18 secs, 1918626 evals, 1918916 steps, improv/step: 0.021 (last = 0.0089), fitness=-1795480684.497993708
12544.18 secs, 1922961 evals, 1923252 steps, improv/step: 0.021 (last = 0.0067), fitness=-1795480684.502858400
12574.18 secs, 1927471 evals, 1927764 steps, improv/step: 0.020 (last = 0.0100), fitness=-1795480684.507596493
12604.24 secs, 1931815 evals, 1932109 steps, improv/step: 0.020 (last = 0.0106), fitness=-1795480684.518664598
12634.25 secs, 1936014 evals, 1936309 steps, improv/step: 0.020 (last = 0.0121), fitness=-1795480684.522378206
12664.25 secs, 1940388 evals, 1940683 steps, improv/step: 0.020 (last = 0.0101), fitness=-1795480684.524272919
12694.29 secs, 1944830 evals, 1945125 steps, improv/step: 0.020 (last = 0.0077), fitness=-1795480684.528581142
12724.30 secs, 1949237 evals, 1949533 steps, improv/step: 0.020 (last = 0.0091), fitness=-1795480684.546716690
12754.30 secs, 1953806 evals, 1954104 steps, improv/step: 0.020 (last = 0.0131), fitness=-1795480684.561534166
12784.30 secs, 1958372 evals, 1958670 steps, improv/step: 0.020 (last = 0.0125), fitness=-1795480684.571193457
12814.30 secs, 1962838 evals, 1963138 steps, improv/step: 0.020 (last = 0.0114), fitness=-1795480684.577800274
12844.30 secs, 1967401 evals, 1967701 steps, improv/step: 0.020 (last = 0.0101), fitness=-1795480684.577800274
12874.30 secs, 1971778 evals, 1972079 steps, improv/step: 0.020 (last = 0.0103), fitness=-1795480684.594445705
12904.31 secs, 1976331 evals, 1976636 steps, improv/step: 0.020 (last = 0.0125), fitness=-1795480684.611303568
12934.32 secs, 1981055 evals, 1981361 steps, improv/step: 0.020 (last = 0.0093), fitness=-1795480684.611303568
12964.32 secs, 1985742 evals, 1986050 steps, improv/step: 0.020 (last = 0.0094), fitness=-1795480684.615071297
12994.32 secs, 1990556 evals, 1990865 steps, improv/step: 0.020 (last = 0.0073), fitness=-1795480684.620660782
13024.32 secs, 1995198 evals, 1995509 steps, improv/step: 0.020 (last = 0.0155), fitness=-1795480684.627022028
13054.38 secs, 1999777 evals, 2000088 steps, improv/step: 0.020 (last = 0.0100), fitness=-1795480684.627022028
13084.38 secs, 2004328 evals, 2004639 steps, improv/step: 0.020 (last = 0.0097), fitness=-1795480684.627022028
13114.39 secs, 2009072 evals, 2009384 steps, improv/step: 0.020 (last = 0.0110), fitness=-1795480684.631959677
13144.39 secs, 2013982 evals, 2014294 steps, improv/step: 0.020 (last = 0.0094), fitness=-1795480684.633552790
13174.39 secs, 2018631 evals, 2018943 steps, improv/step: 0.020 (last = 0.0095), fitness=-1795480684.636443853
13204.40 secs, 2023329 evals, 2023642 steps, improv/step: 0.020 (last = 0.0115), fitness=-1795480684.640002489
13234.40 secs, 2027892 evals, 2028206 steps, improv/step: 0.020 (last = 0.0110), fitness=-1795480684.646452427
13264.41 secs, 2032500 evals, 2032814 steps, improv/step: 0.020 (last = 0.0113), fitness=-1795480684.652490377
13294.41 secs, 2037304 evals, 2037619 steps, improv/step: 0.020 (last = 0.0087), fitness=-1795480684.655166626
13324.41 secs, 2042285 evals, 2042602 steps, improv/step: 0.020 (last = 0.0110), fitness=-1795480684.656771660
13354.46 secs, 2046898 evals, 2047217 steps, improv/step: 0.020 (last = 0.0089), fitness=-1795480684.659210682
13384.47 secs, 2051556 evals, 2051875 steps, improv/step: 0.020 (last = 0.0109), fitness=-1795480684.664507866
13414.47 secs, 2056107 evals, 2056427 steps, improv/step: 0.020 (last = 0.0092), fitness=-1795480684.667545557
13444.47 secs, 2060640 evals, 2060960 steps, improv/step: 0.020 (last = 0.0128), fitness=-1795480684.671837330
13474.47 secs, 2065093 evals, 2065415 steps, improv/step: 0.020 (last = 0.0139), fitness=-1795480684.674884558
13504.48 secs, 2069730 evals, 2070054 steps, improv/step: 0.020 (last = 0.0149), fitness=-1795480684.684246540
13534.48 secs, 2074406 evals, 2074732 steps, improv/step: 0.020 (last = 0.0158), fitness=-1795480684.690355301
13564.52 secs, 2078952 evals, 2079278 steps, improv/step: 0.020 (last = 0.0216), fitness=-1795480684.695782900
13594.53 secs, 2083472 evals, 2083799 steps, improv/step: 0.020 (last = 0.0148), fitness=-1795480684.695945263
13624.53 secs, 2087973 evals, 2088301 steps, improv/step: 0.020 (last = 0.0218), fitness=-1795480684.700125694
13654.55 secs, 2092622 evals, 2092952 steps, improv/step: 0.020 (last = 0.0196), fitness=-1795480684.710342884
13684.55 secs, 2097043 evals, 2097375 steps, improv/step: 0.020 (last = 0.0145), fitness=-1795480684.716106415
13714.55 secs, 2101779 evals, 2102111 steps, improv/step: 0.020 (last = 0.0177), fitness=-1795480684.738277435
13744.55 secs, 2106165 evals, 2106497 steps, improv/step: 0.020 (last = 0.0192), fitness=-1795480684.762639999
13774.56 secs, 2110576 evals, 2110908 steps, improv/step: 0.020 (last = 0.0175), fitness=-1795480684.775459290
13804.56 secs, 2114854 evals, 2115186 steps, improv/step: 0.020 (last = 0.0129), fitness=-1795480684.778236151
13834.56 secs, 2119374 evals, 2119708 steps, improv/step: 0.020 (last = 0.0155), fitness=-1795480684.782898664
13864.67 secs, 2124085 evals, 2124419 steps, improv/step: 0.020 (last = 0.0129), fitness=-1795480684.789639950
13894.67 secs, 2128692 evals, 2129027 steps, improv/step: 0.020 (last = 0.0122), fitness=-1795480684.796876431
13924.68 secs, 2133280 evals, 2133615 steps, improv/step: 0.020 (last = 0.0155), fitness=-1795480684.803955078
13954.68 secs, 2137869 evals, 2138206 steps, improv/step: 0.020 (last = 0.0163), fitness=-1795480684.805114746
13984.68 secs, 2142195 evals, 2142537 steps, improv/step: 0.020 (last = 0.0203), fitness=-1795480684.813744068
14014.68 secs, 2146555 evals, 2146900 steps, improv/step: 0.020 (last = 0.0195), fitness=-1795480684.814483881
14044.68 secs, 2151048 evals, 2151393 steps, improv/step: 0.020 (last = 0.0191), fitness=-1795480684.818360329
14074.68 secs, 2155536 evals, 2155884 steps, improv/step: 0.020 (last = 0.0187), fitness=-1795480684.819545269
14104.75 secs, 2160200 evals, 2160550 steps, improv/step: 0.020 (last = 0.0163), fitness=-1795480684.821664572
14134.75 secs, 2164551 evals, 2164901 steps, improv/step: 0.020 (last = 0.0191), fitness=-1795480684.826451302
14164.75 secs, 2169049 evals, 2169401 steps, improv/step: 0.020 (last = 0.0167), fitness=-1795480684.828360558
14194.76 secs, 2173546 evals, 2173900 steps, improv/step: 0.020 (last = 0.0156), fitness=-1795480684.829529047
14224.76 secs, 2178026 evals, 2178383 steps, improv/step: 0.020 (last = 0.0152), fitness=-1795480684.829529047
14254.76 secs, 2182736 evals, 2183094 steps, improv/step: 0.020 (last = 0.0149), fitness=-1795480684.829913616
14284.77 secs, 2187208 evals, 2187568 steps, improv/step: 0.020 (last = 0.0127), fitness=-1795480684.830343246
14314.79 secs, 2191610 evals, 2191970 steps, improv/step: 0.020 (last = 0.0127), fitness=-1795480684.830990076
14344.79 secs, 2196159 evals, 2196520 steps, improv/step: 0.020 (last = 0.0105), fitness=-1795480684.832862616
14374.79 secs, 2200747 evals, 2201109 steps, improv/step: 0.020 (last = 0.0122), fitness=-1795480684.832862616
14404.80 secs, 2205232 evals, 2205595 steps, improv/step: 0.020 (last = 0.0183), fitness=-1795480684.835006952
14434.80 secs, 2209674 evals, 2210037 steps, improv/step: 0.020 (last = 0.0212), fitness=-1795480684.837941408
14464.80 secs, 2214114 evals, 2214477 steps, improv/step: 0.020 (last = 0.0227), fitness=-1795480684.841155529
14494.81 secs, 2218586 evals, 2218949 steps, improv/step: 0.020 (last = 0.0154), fitness=-1795480684.842764616
14524.81 secs, 2222924 evals, 2223287 steps, improv/step: 0.020 (last = 0.0141), fitness=-1795480684.843195438
14554.81 secs, 2227348 evals, 2227711 steps, improv/step: 0.020 (last = 0.0113), fitness=-1795480684.845293522
14584.81 secs, 2231781 evals, 2232145 steps, improv/step: 0.020 (last = 0.0120), fitness=-1795480684.845364571
14614.82 secs, 2236374 evals, 2236739 steps, improv/step: 0.020 (last = 0.0107), fitness=-1795480684.846254110
14644.82 secs, 2241030 evals, 2241396 steps, improv/step: 0.020 (last = 0.0097), fitness=-1795480684.847628355
14674.82 secs, 2245591 evals, 2245960 steps, improv/step: 0.020 (last = 0.0099), fitness=-1795480684.848934174
14704.83 secs, 2250041 evals, 2250411 steps, improv/step: 0.019 (last = 0.0106), fitness=-1795480684.849557638
14734.83 secs, 2254452 evals, 2254822 steps, improv/step: 0.019 (last = 0.0129), fitness=-1795480684.850357056
14764.91 secs, 2259163 evals, 2259533 steps, improv/step: 0.019 (last = 0.0132), fitness=-1795480684.857224703
14794.92 secs, 2263711 evals, 2264081 steps, improv/step: 0.019 (last = 0.0141), fitness=-1795480684.859041452
14824.92 secs, 2268100 evals, 2268473 steps, improv/step: 0.019 (last = 0.0137), fitness=-1795480684.864179134
14854.99 secs, 2272507 evals, 2272880 steps, improv/step: 0.019 (last = 0.0102), fitness=-1795480684.868745804
14884.99 secs, 2276839 evals, 2277214 steps, improv/step: 0.019 (last = 0.0132), fitness=-1795480684.871138096
14915.01 secs, 2281281 evals, 2281659 steps, improv/step: 0.019 (last = 0.0119), fitness=-1795480684.873070240
14945.01 secs, 2285648 evals, 2286027 steps, improv/step: 0.019 (last = 0.0105), fitness=-1795480684.873997927
14975.02 secs, 2290438 evals, 2290821 steps, improv/step: 0.019 (last = 0.0100), fitness=-1795480684.882331848
15005.04 secs, 2295033 evals, 2295417 steps, improv/step: 0.019 (last = 0.0113), fitness=-1795480684.885827065
15035.04 secs, 2299655 evals, 2300039 steps, improv/step: 0.019 (last = 0.0113), fitness=-1795480684.889893770
15065.04 secs, 2304179 evals, 2304564 steps, improv/step: 0.019 (last = 0.0099), fitness=-1795480684.889893770
15095.12 secs, 2308677 evals, 2309066 steps, improv/step: 0.019 (last = 0.0149), fitness=-1795480684.893568993
15125.12 secs, 2313454 evals, 2313844 steps, improv/step: 0.019 (last = 0.0144), fitness=-1795480684.896527529
15155.13 secs, 2318051 evals, 2318441 steps, improv/step: 0.019 (last = 0.0131), fitness=-1795480684.901660919
15185.17 secs, 2322681 evals, 2323074 steps, improv/step: 0.019 (last = 0.0112), fitness=-1795480684.907074213
15215.17 secs, 2327403 evals, 2327798 steps, improv/step: 0.019 (last = 0.0125), fitness=-1795480684.909979582
15245.17 secs, 2331862 evals, 2332258 steps, improv/step: 0.019 (last = 0.0110), fitness=-1795480684.911056757
15275.17 secs, 2336427 evals, 2336824 steps, improv/step: 0.019 (last = 0.0140), fitness=-1795480684.917165518
15305.26 secs, 2341219 evals, 2341616 steps, improv/step: 0.019 (last = 0.0111), fitness=-1795480684.919574022
15335.31 secs, 2346058 evals, 2346457 steps, improv/step: 0.019 (last = 0.0130), fitness=-1795480684.922686338
15365.31 secs, 2350748 evals, 2351148 steps, improv/step: 0.019 (last = 0.0104), fitness=-1795480684.927560091
15395.32 secs, 2355452 evals, 2355856 steps, improv/step: 0.019 (last = 0.0085), fitness=-1795480684.929290295
15425.32 secs, 2360086 evals, 2360491 steps, improv/step: 0.019 (last = 0.0088), fitness=-1795480684.931574583
15455.32 secs, 2364828 evals, 2365235 steps, improv/step: 0.019 (last = 0.0126), fitness=-1795480684.939742565
15485.32 secs, 2369441 evals, 2369848 steps, improv/step: 0.019 (last = 0.0126), fitness=-1795480684.943727255
15515.33 secs, 2374324 evals, 2374731 steps, improv/step: 0.019 (last = 0.0135), fitness=-1795480684.946705103
15545.33 secs, 2379077 evals, 2379485 steps, improv/step: 0.019 (last = 0.0145), fitness=-1795480684.950044632
15575.33 secs, 2383713 evals, 2384121 steps, improv/step: 0.019 (last = 0.0127), fitness=-1795480684.953072309
15605.33 secs, 2388263 evals, 2388672 steps, improv/step: 0.019 (last = 0.0158), fitness=-1795480684.954880476
15635.33 secs, 2392779 evals, 2393188 steps, improv/step: 0.019 (last = 0.0159), fitness=-1795480684.961422205
15665.34 secs, 2397560 evals, 2397969 steps, improv/step: 0.019 (last = 0.0155), fitness=-1795480684.961422205
15695.34 secs, 2402572 evals, 2402983 steps, improv/step: 0.019 (last = 0.0144), fitness=-1795480684.963956833
15725.34 secs, 2407316 evals, 2407729 steps, improv/step: 0.019 (last = 0.0131), fitness=-1795480684.965052605
15755.35 secs, 2412342 evals, 2412755 steps, improv/step: 0.019 (last = 0.0137), fitness=-1795480684.971422434
15785.35 secs, 2417058 evals, 2417471 steps, improv/step: 0.019 (last = 0.0176), fitness=-1795480684.978305340
15815.35 secs, 2421879 evals, 2422292 steps, improv/step: 0.019 (last = 0.0131), fitness=-1795480684.979810953
15845.35 secs, 2426650 evals, 2427064 steps, improv/step: 0.019 (last = 0.0155), fitness=-1795480684.983703136
15875.36 secs, 2431392 evals, 2431808 steps, improv/step: 0.019 (last = 0.0133), fitness=-1795480684.992232561
15905.36 secs, 2435921 evals, 2436338 steps, improv/step: 0.019 (last = 0.0126), fitness=-1795480684.997383356
15935.36 secs, 2440394 evals, 2440812 steps, improv/step: 0.019 (last = 0.0134), fitness=-1795480685.000264406
15965.42 secs, 2444844 evals, 2445262 steps, improv/step: 0.019 (last = 0.0169), fitness=-1795480685.011508465
15995.49 secs, 2449540 evals, 2449958 steps, improv/step: 0.019 (last = 0.0081), fitness=-1795480685.014812946
16025.50 secs, 2454130 evals, 2454548 steps, improv/step: 0.019 (last = 0.0129), fitness=-1795480685.020109653
16055.51 secs, 2458832 evals, 2459250 steps, improv/step: 0.019 (last = 0.0147), fitness=-1795480685.024930716
16085.51 secs, 2463571 evals, 2463990 steps, improv/step: 0.019 (last = 0.0133), fitness=-1795480685.030526876
16115.53 secs, 2468250 evals, 2468669 steps, improv/step: 0.019 (last = 0.0115), fitness=-1795480685.036229849
16145.53 secs, 2472928 evals, 2473349 steps, improv/step: 0.019 (last = 0.0109), fitness=-1795480685.036919594
16175.53 secs, 2477616 evals, 2478037 steps, improv/step: 0.019 (last = 0.0141), fitness=-1795480685.042330742
16205.54 secs, 2482211 evals, 2482632 steps, improv/step: 0.019 (last = 0.0111), fitness=-1795480685.044119358
16235.54 secs, 2486956 evals, 2487380 steps, improv/step: 0.019 (last = 0.0120), fitness=-1795480685.054636955
16265.55 secs, 2491956 evals, 2492381 steps, improv/step: 0.019 (last = 0.0112), fitness=-1795480685.057462215
16295.55 secs, 2496559 evals, 2496985 steps, improv/step: 0.019 (last = 0.0135), fitness=-1795480685.069642782

Optimization stopped after 2500427 steps and 16318.91 seconds
Termination reason: Max number of function evaluations (2500000) reached
Steps per second = 153.22
Function evals per second = 153.20
Improvements/step = Inf
Total function evaluations = 2500001


Best candidate found: [103.779, 73.1915, 15.3356, 4.96312, 1327.4, 86.1482, 93.7867, 106.423, 4.79911, 1191.31, 5.24442e-5, 0.000524753, 0.00524094, 0.518278, 0.518428]

Fitness: -1795480685.071494341

-1.7954806850800655e9

[103.7791712586346, 73.19149348912663, 15.33564447601104, 4.963126639327643, 1327.4043198322986, 86.1481986711978, 93.78675054689455, 106.42346121437535, 4.7991549949771235, 1191.3110214993708, 5.245351136686239e-5, 0.000524765657647531, 0.005241368207387476, 0.5182782802215609, 0.5184288580104975]

Script has finished
Wed Dec 22 00:46:22 CET 2021

------------------------------------------------------------
Sender: LSF System <schwan@makalu111>
Subject: Job 576396: <Julia_Job_parallel> in cluster <wuerfel> Done

Job <Julia_Job_parallel> was submitted from host <makalu56> by user <magr4985> in cluster <wuerfel> at Tue Dec 21 19:54:40 2021
Job was executed on host(s) <makalu111>, in queue <BatchXL>, as user <magr4985> in cluster <wuerfel> at Tue Dec 21 20:10:38 2021
</usr/scratch4/magr4985> was used as the home directory.
</usr/scratch4/magr4985/TRPL/BatchJobs/syn_data_4/Run8> was used as the working directory.
Started at Tue Dec 21 20:10:38 2021
Terminated at Wed Dec 22 00:46:23 2021
Results reported at Wed Dec 22 00:46:23 2021

Your job looked like:

------------------------------------------------------------
# LSBATCH: User input
#!/bin/csh 
#BSUB -q BatchXL 
#BSUB -R "mem > 8000 span[hosts=1] && intel_avx2" 
#BSUB -oo lsf_julia_%J.log 
#BSUB -eo lsf_julia_%J.err 
#BSUB -J Julia_Job_parallel 
#BSUB -L /bin/csh 
#BSUB -n 1 
date 
pwd 
module purge 
/usr/scratch4/magr4985/julia-1.6.2/bin/julia -t 4 /usr/scratch4/magr4985/TRPL/Programs/trpl_analysis_syn.jl 4 2500000 1 /usr/scratch4/magr4985/TRPL/BatchJobs/syn_data_4/Run8 1.0e-14 3600 "[1.0, 1.0, 1.0, 1.0, 1.0, 1.0, 1.0, 1.0, 1.0, 1.0, 1.0e-6, 1.0e-6, 1.0e-6, 1.0e-6, 1.0e-6, 1.0e-6, 1.0e-6, 1.0e-6, 1.0e-6, 1.0e-6]" "[5000.0, 5000.0, 1000.0, 1000.0, 1.0e9, 1000.0, 10000.0, 10000.0, 1000.0, 1.0e6, 1.0, 1.0, 1.0, 1.0, 1.0, 1.0, 1.0, 1.0, 1.0, 1.0]" 
date
------------------------------------------------------------

Successfully completed.

Resource usage summary:

    CPU time :                                   34198.15 sec.
    Max Memory :                                 1384.85 MB
    Average Memory :                             1204.58 MB
    Total Requested Memory :                     -
    Delta Memory :                               -
    Max Swap :                                   128 KB
    Max Processes :                              4
    Max Threads :                                12
    Run time :                                   16542 sec.
    Turnaround time :                            17503 sec.

The output (if any) is above this job summary.



PS:

Read file <lsf_julia_576396.err> for stderr output of this job.

