Warning: no access to tty (Bad file descriptor).
Thus no job control in this shell.
Warning: no access to tty (Bad file descriptor).
Thus no job control in this shell.
Tue Dec 21 19:53:59 CET 2021
/usr/scratch4/magr4985/TRPL/BatchJobs/syn_data_1/Run19
# Thread: 4
4180580524682077835 RNG Seed
Run 1
Starting optimization with optimizer DiffEvoOpt{FitPopulation{Float64}, RadiusLimitedSelector, BlackBoxOptim.DiffEvoRandBin{3}, RandomBound{ContinuousRectSearchSpace}}
0.00 secs, 0 evals, 0 steps
30.00 secs, 3686 evals, 3607 steps, improv/step: 0.380 (last = 0.3801), fitness=-443583317.997949243
60.00 secs, 7720 evals, 7641 steps, improv/step: 0.270 (last = 0.1723), fitness=-446252692.835460722
90.01 secs, 11668 evals, 11589 steps, improv/step: 0.205 (last = 0.0788), fitness=-446268250.096388578
120.01 secs, 15783 evals, 15704 steps, improv/step: 0.172 (last = 0.0775), fitness=-446284049.033838034
150.04 secs, 19767 evals, 19688 steps, improv/step: 0.155 (last = 0.0904), fitness=-446300431.084852993
180.04 secs, 24502 evals, 24423 steps, improv/step: 0.141 (last = 0.0800), fitness=-446362488.006531954
210.05 secs, 29139 evals, 29060 steps, improv/step: 0.130 (last = 0.0742), fitness=-446383931.169383943
240.05 secs, 33908 evals, 33829 steps, improv/step: 0.123 (last = 0.0782), fitness=-446383931.169383943
270.08 secs, 38924 evals, 38846 steps, improv/step: 0.117 (last = 0.0747), fitness=-446390823.425976455
300.08 secs, 44032 evals, 43954 steps, improv/step: 0.111 (last = 0.0728), fitness=-446390823.425976455
330.08 secs, 49073 evals, 48995 steps, improv/step: 0.110 (last = 0.0966), fitness=-446396682.650731146
360.10 secs, 53532 evals, 53455 steps, improv/step: 0.109 (last = 0.0966), fitness=-446405732.204311669
390.10 secs, 58018 evals, 57941 steps, improv/step: 0.109 (last = 0.1130), fitness=-446409488.389815807
420.10 secs, 62787 evals, 62710 steps, improv/step: 0.107 (last = 0.0843), fitness=-446411399.612652063
450.11 secs, 67465 evals, 67388 steps, improv/step: 0.105 (last = 0.0806), fitness=-446412430.911159098
480.11 secs, 72128 evals, 72051 steps, improv/step: 0.103 (last = 0.0656), fitness=-446412717.567635715
510.11 secs, 76789 evals, 76712 steps, improv/step: 0.100 (last = 0.0539), fitness=-446413064.918147683
540.11 secs, 81444 evals, 81368 steps, improv/step: 0.097 (last = 0.0483), fitness=-446413254.820728958
570.14 secs, 86103 evals, 86027 steps, improv/step: 0.096 (last = 0.0749), fitness=-446413532.278425634
600.16 secs, 90521 evals, 90445 steps, improv/step: 0.094 (last = 0.0629), fitness=-446413677.906859696
630.16 secs, 95070 evals, 94994 steps, improv/step: 0.093 (last = 0.0769), fitness=-446413897.118747354
660.17 secs, 99524 evals, 99448 steps, improv/step: 0.092 (last = 0.0543), fitness=-446414038.366679966
690.17 secs, 104251 evals, 104176 steps, improv/step: 0.090 (last = 0.0556), fitness=-446414136.789263368
720.17 secs, 109067 evals, 108992 steps, improv/step: 0.088 (last = 0.0523), fitness=-446414211.620642424
750.19 secs, 113773 evals, 113698 steps, improv/step: 0.087 (last = 0.0574), fitness=-446414244.118506432
780.24 secs, 118573 evals, 118498 steps, improv/step: 0.086 (last = 0.0554), fitness=-446414296.318085194
810.25 secs, 122937 evals, 122862 steps, improv/step: 0.085 (last = 0.0529), fitness=-446414311.685045540
840.25 secs, 127272 evals, 127197 steps, improv/step: 0.083 (last = 0.0473), fitness=-446414320.468059659
870.25 secs, 131591 evals, 131516 steps, improv/step: 0.082 (last = 0.0475), fitness=-446414328.106496334
900.26 secs, 135817 evals, 135742 steps, improv/step: 0.081 (last = 0.0492), fitness=-446414335.428311408
930.27 secs, 140085 evals, 140012 steps, improv/step: 0.080 (last = 0.0485), fitness=-446414337.989067495
960.27 secs, 144258 evals, 144185 steps, improv/step: 0.079 (last = 0.0573), fitness=-446414346.803134382
990.27 secs, 148436 evals, 148363 steps, improv/step: 0.079 (last = 0.0505), fitness=-446414355.303759694
1020.27 secs, 152653 evals, 152580 steps, improv/step: 0.078 (last = 0.0507), fitness=-446414360.719015956
1050.28 secs, 156782 evals, 156709 steps, improv/step: 0.077 (last = 0.0562), fitness=-446414366.476425588
1080.28 secs, 160812 evals, 160739 steps, improv/step: 0.077 (last = 0.0551), fitness=-446414370.009172678
1110.28 secs, 164896 evals, 164824 steps, improv/step: 0.076 (last = 0.0514), fitness=-446414374.516358554
1140.28 secs, 169242 evals, 169170 steps, improv/step: 0.075 (last = 0.0456), fitness=-446414379.453542888
1170.32 secs, 173591 evals, 173520 steps, improv/step: 0.074 (last = 0.0384), fitness=-446414382.118953586
1200.33 secs, 177852 evals, 177781 steps, improv/step: 0.074 (last = 0.0387), fitness=-446414383.634308457
1230.33 secs, 181740 evals, 181669 steps, improv/step: 0.073 (last = 0.0291), fitness=-446414384.414583385
1260.34 secs, 185514 evals, 185443 steps, improv/step: 0.072 (last = 0.0318), fitness=-446414386.008768082
1290.35 secs, 189226 evals, 189156 steps, improv/step: 0.071 (last = 0.0364), fitness=-446414387.282093287
1320.35 secs, 192958 evals, 192888 steps, improv/step: 0.070 (last = 0.0364), fitness=-446414389.181921065
1350.36 secs, 196876 evals, 196808 steps, improv/step: 0.070 (last = 0.0446), fitness=-446414391.544438422
1380.36 secs, 200645 evals, 200578 steps, improv/step: 0.069 (last = 0.0464), fitness=-446414393.853773892
1410.37 secs, 204445 evals, 204379 steps, improv/step: 0.069 (last = 0.0384), fitness=-446414395.638427973
1440.37 secs, 207822 evals, 207756 steps, improv/step: 0.068 (last = 0.0332), fitness=-446414396.423959255
1470.37 secs, 211264 evals, 211198 steps, improv/step: 0.068 (last = 0.0424), fitness=-446414397.684726954
1500.38 secs, 214646 evals, 214580 steps, improv/step: 0.068 (last = 0.0571), fitness=-446414399.281387508
1530.38 secs, 218112 evals, 218046 steps, improv/step: 0.067 (last = 0.0540), fitness=-446414402.070504367
1560.39 secs, 221531 evals, 221465 steps, improv/step: 0.067 (last = 0.0412), fitness=-446414402.558832288
1590.39 secs, 224973 evals, 224907 steps, improv/step: 0.067 (last = 0.0398), fitness=-446414403.379891217
1620.39 secs, 228151 evals, 228085 steps, improv/step: 0.066 (last = 0.0560), fitness=-446414403.664154112
1650.51 secs, 231282 evals, 231216 steps, improv/step: 0.066 (last = 0.0364), fitness=-446414403.798726320
1680.55 secs, 234295 evals, 234229 steps, improv/step: 0.066 (last = 0.0435), fitness=-446414403.990518749
1710.55 secs, 237499 evals, 237433 steps, improv/step: 0.065 (last = 0.0440), fitness=-446414404.333313584
1740.55 secs, 240717 evals, 240651 steps, improv/step: 0.065 (last = 0.0364), fitness=-446414404.432851374
1770.56 secs, 243908 evals, 243843 steps, improv/step: 0.065 (last = 0.0467), fitness=-446414405.048033357
1800.56 secs, 247064 evals, 246999 steps, improv/step: 0.065 (last = 0.0387), fitness=-446414405.960167885
1830.57 secs, 249967 evals, 249902 steps, improv/step: 0.064 (last = 0.0386), fitness=-446414406.745539844
1860.57 secs, 252772 evals, 252707 steps, improv/step: 0.064 (last = 0.0335), fitness=-446414407.571789265
1890.57 secs, 255730 evals, 255665 steps, improv/step: 0.064 (last = 0.0453), fitness=-446414408.105406463
1920.68 secs, 258634 evals, 258570 steps, improv/step: 0.063 (last = 0.0427), fitness=-446414409.507599115
1950.68 secs, 261506 evals, 261442 steps, improv/step: 0.063 (last = 0.0386), fitness=-446414410.114606261
1980.68 secs, 264316 evals, 264252 steps, improv/step: 0.063 (last = 0.0470), fitness=-446414410.880084932
2010.69 secs, 267039 evals, 266975 steps, improv/step: 0.063 (last = 0.0378), fitness=-446414412.160495639
2040.71 secs, 269720 evals, 269656 steps, improv/step: 0.062 (last = 0.0392), fitness=-446414412.644112170
2070.71 secs, 272430 evals, 272366 steps, improv/step: 0.062 (last = 0.0358), fitness=-446414413.491244972
2100.71 secs, 275322 evals, 275258 steps, improv/step: 0.062 (last = 0.0318), fitness=-446414414.247113466
2130.81 secs, 278056 evals, 277992 steps, improv/step: 0.062 (last = 0.0337), fitness=-446414414.967039108
2160.82 secs, 280807 evals, 280743 steps, improv/step: 0.061 (last = 0.0414), fitness=-446414417.503132820
2190.83 secs, 283520 evals, 283457 steps, improv/step: 0.061 (last = 0.0387), fitness=-446414417.583467066
2220.84 secs, 286150 evals, 286087 steps, improv/step: 0.061 (last = 0.0335), fitness=-446414419.000404954
2250.85 secs, 288931 evals, 288868 steps, improv/step: 0.061 (last = 0.0345), fitness=-446414419.749653459
2280.89 secs, 291733 evals, 291670 steps, improv/step: 0.060 (last = 0.0350), fitness=-446414420.265250802
2310.90 secs, 294442 evals, 294379 steps, improv/step: 0.060 (last = 0.0340), fitness=-446414421.175318718
2340.90 secs, 297253 evals, 297191 steps, improv/step: 0.060 (last = 0.0356), fitness=-446414421.819579959
2370.91 secs, 299959 evals, 299897 steps, improv/step: 0.060 (last = 0.0373), fitness=-446414421.949189723
2400.92 secs, 302701 evals, 302639 steps, improv/step: 0.060 (last = 0.0350), fitness=-446414422.509987891
2431.04 secs, 305531 evals, 305469 steps, improv/step: 0.059 (last = 0.0360), fitness=-446414423.314834118
2461.04 secs, 308237 evals, 308175 steps, improv/step: 0.059 (last = 0.0377), fitness=-446414423.723184407
2491.05 secs, 310913 evals, 310851 steps, improv/step: 0.059 (last = 0.0404), fitness=-446414424.141337872
2521.06 secs, 313627 evals, 313565 steps, improv/step: 0.059 (last = 0.0479), fitness=-446414424.521789551
2551.06 secs, 316534 evals, 316472 steps, improv/step: 0.059 (last = 0.0461), fitness=-446414425.043288648
2581.07 secs, 319254 evals, 319192 steps, improv/step: 0.059 (last = 0.0441), fitness=-446414425.561005056
2611.30 secs, 321824 evals, 321762 steps, improv/step: 0.059 (last = 0.0409), fitness=-446414425.865146935
2641.30 secs, 324536 evals, 324474 steps, improv/step: 0.058 (last = 0.0383), fitness=-446414426.140785754
2671.31 secs, 327263 evals, 327201 steps, improv/step: 0.058 (last = 0.0491), fitness=-446414426.670735776
2701.31 secs, 330105 evals, 330043 steps, improv/step: 0.058 (last = 0.0493), fitness=-446414426.875301659
2731.45 secs, 332742 evals, 332680 steps, improv/step: 0.058 (last = 0.0550), fitness=-446414427.210478663
2761.46 secs, 335479 evals, 335417 steps, improv/step: 0.058 (last = 0.0446), fitness=-446414427.222631216
2791.47 secs, 338134 evals, 338072 steps, improv/step: 0.058 (last = 0.0448), fitness=-446414427.547255397
2821.48 secs, 340825 evals, 340763 steps, improv/step: 0.058 (last = 0.0390), fitness=-446414427.718827724
2851.48 secs, 343656 evals, 343594 steps, improv/step: 0.058 (last = 0.0417), fitness=-446414428.154232383
2881.49 secs, 346267 evals, 346206 steps, improv/step: 0.058 (last = 0.0528), fitness=-446414428.305398405
2911.49 secs, 349014 evals, 348954 steps, improv/step: 0.058 (last = 0.0517), fitness=-446414428.523691833
2941.49 secs, 351736 evals, 351676 steps, improv/step: 0.057 (last = 0.0467), fitness=-446414428.972398877
2971.69 secs, 354464 evals, 354404 steps, improv/step: 0.057 (last = 0.0403), fitness=-446414429.200505197
3001.69 secs, 357127 evals, 357067 steps, improv/step: 0.057 (last = 0.0533), fitness=-446414429.713187277
3031.70 secs, 359784 evals, 359725 steps, improv/step: 0.057 (last = 0.0519), fitness=-446414430.204730749
3061.74 secs, 362589 evals, 362530 steps, improv/step: 0.057 (last = 0.0449), fitness=-446414430.705481291
3091.74 secs, 365324 evals, 365266 steps, improv/step: 0.057 (last = 0.0351), fitness=-446414430.928914130
3121.74 secs, 368081 evals, 368023 steps, improv/step: 0.057 (last = 0.0428), fitness=-446414431.307780981
3151.75 secs, 370814 evals, 370757 steps, improv/step: 0.057 (last = 0.0494), fitness=-446414431.728405058
3181.75 secs, 373678 evals, 373621 steps, improv/step: 0.057 (last = 0.0416), fitness=-446414432.409714520
3211.76 secs, 376419 evals, 376363 steps, improv/step: 0.057 (last = 0.0401), fitness=-446414433.472166002
3241.76 secs, 379050 evals, 378994 steps, improv/step: 0.057 (last = 0.0407), fitness=-446414433.839924514
3271.77 secs, 381685 evals, 381629 steps, improv/step: 0.056 (last = 0.0345), fitness=-446414434.384765327
3301.78 secs, 384319 evals, 384263 steps, improv/step: 0.056 (last = 0.0323), fitness=-446414435.009983599
3331.78 secs, 386860 evals, 386804 steps, improv/step: 0.056 (last = 0.0350), fitness=-446414435.398983002
3361.79 secs, 389489 evals, 389433 steps, improv/step: 0.056 (last = 0.0399), fitness=-446414435.873450398
3391.79 secs, 392336 evals, 392281 steps, improv/step: 0.056 (last = 0.0449), fitness=-446414436.289530396
3421.80 secs, 394921 evals, 394866 steps, improv/step: 0.056 (last = 0.0429), fitness=-446414437.037926495
3451.81 secs, 397529 evals, 397474 steps, improv/step: 0.056 (last = 0.0460), fitness=-446414437.535868645
3481.81 secs, 400238 evals, 400185 steps, improv/step: 0.056 (last = 0.0325), fitness=-446414437.817621529
3511.81 secs, 402864 evals, 402811 steps, improv/step: 0.055 (last = 0.0392), fitness=-446414438.546353221
3541.99 secs, 405572 evals, 405519 steps, improv/step: 0.055 (last = 0.0292), fitness=-446414439.203190386
3572.53 secs, 408311 evals, 408258 steps, improv/step: 0.055 (last = 0.0285), fitness=-446414439.979070663
3602.53 secs, 410927 evals, 410874 steps, improv/step: 0.055 (last = 0.0291), fitness=-446414440.143937349
3632.54 secs, 413556 evals, 413503 steps, improv/step: 0.055 (last = 0.0331), fitness=-446414441.238859594
3662.54 secs, 416286 evals, 416233 steps, improv/step: 0.055 (last = 0.0326), fitness=-446414442.209752023
3692.55 secs, 418857 evals, 418804 steps, improv/step: 0.055 (last = 0.0346), fitness=-446414443.410988271
3722.57 secs, 421440 evals, 421388 steps, improv/step: 0.054 (last = 0.0325), fitness=-446414444.997990549
3752.58 secs, 424091 evals, 424039 steps, improv/step: 0.054 (last = 0.0309), fitness=-446414445.964791358
3782.59 secs, 426758 evals, 426706 steps, improv/step: 0.054 (last = 0.0304), fitness=-446414446.168793201
3812.59 secs, 429447 evals, 429395 steps, improv/step: 0.054 (last = 0.0357), fitness=-446414446.744912744
3842.60 secs, 432043 evals, 431991 steps, improv/step: 0.054 (last = 0.0347), fitness=-446414447.765242934
3872.60 secs, 434749 evals, 434697 steps, improv/step: 0.054 (last = 0.0325), fitness=-446414447.774430156
3902.61 secs, 437392 evals, 437340 steps, improv/step: 0.054 (last = 0.0348), fitness=-446414448.885987282
3932.61 secs, 440162 evals, 440110 steps, improv/step: 0.053 (last = 0.0264), fitness=-446414449.728660166
3962.62 secs, 442892 evals, 442841 steps, improv/step: 0.053 (last = 0.0234), fitness=-446414449.782069683
3992.62 secs, 445626 evals, 445575 steps, improv/step: 0.053 (last = 0.0263), fitness=-446414450.353204131
4022.63 secs, 448387 evals, 448336 steps, improv/step: 0.053 (last = 0.0315), fitness=-446414451.395895541
4052.91 secs, 451187 evals, 451136 steps, improv/step: 0.053 (last = 0.0329), fitness=-446414451.395895541
4082.92 secs, 453939 evals, 453888 steps, improv/step: 0.053 (last = 0.0305), fitness=-446414451.994040310
4112.92 secs, 456725 evals, 456675 steps, improv/step: 0.053 (last = 0.0291), fitness=-446414452.840273440
4142.93 secs, 459437 evals, 459388 steps, improv/step: 0.052 (last = 0.0321), fitness=-446414453.506698012
4172.94 secs, 462184 evals, 462135 steps, improv/step: 0.052 (last = 0.0284), fitness=-446414455.030770957
4202.95 secs, 464845 evals, 464797 steps, improv/step: 0.052 (last = 0.0233), fitness=-446414455.991357684
4232.96 secs, 467536 evals, 467488 steps, improv/step: 0.052 (last = 0.0234), fitness=-446414456.709625602
4262.96 secs, 470128 evals, 470080 steps, improv/step: 0.052 (last = 0.0239), fitness=-446414457.678937912
4292.96 secs, 472762 evals, 472715 steps, improv/step: 0.052 (last = 0.0254), fitness=-446414458.984593749
4322.97 secs, 475453 evals, 475406 steps, improv/step: 0.052 (last = 0.0320), fitness=-446414459.255462468
4353.04 secs, 478090 evals, 478043 steps, improv/step: 0.051 (last = 0.0292), fitness=-446414459.815202832
4383.05 secs, 480913 evals, 480868 steps, improv/step: 0.051 (last = 0.0244), fitness=-446414460.796852469
4413.07 secs, 483566 evals, 483521 steps, improv/step: 0.051 (last = 0.0286), fitness=-446414461.127184093
4443.08 secs, 486110 evals, 486065 steps, improv/step: 0.051 (last = 0.0216), fitness=-446414461.699065328
4473.30 secs, 488751 evals, 488706 steps, improv/step: 0.051 (last = 0.0280), fitness=-446414461.915389538
4503.30 secs, 491438 evals, 491393 steps, improv/step: 0.051 (last = 0.0223), fitness=-446414462.176074147
4533.31 secs, 494223 evals, 494178 steps, improv/step: 0.051 (last = 0.0244), fitness=-446414462.393545747
4563.31 secs, 497014 evals, 496969 steps, improv/step: 0.050 (last = 0.0283), fitness=-446414462.783217907
4593.32 secs, 499755 evals, 499710 steps, improv/step: 0.050 (last = 0.0358), fitness=-446414463.192941785
4623.32 secs, 502403 evals, 502358 steps, improv/step: 0.050 (last = 0.0287), fitness=-446414463.708072364
4653.34 secs, 505047 evals, 505003 steps, improv/step: 0.050 (last = 0.0325), fitness=-446414463.859513581
4683.34 secs, 507688 evals, 507644 steps, improv/step: 0.050 (last = 0.0360), fitness=-446414464.901632488
4713.35 secs, 510315 evals, 510272 steps, improv/step: 0.050 (last = 0.0304), fitness=-446414464.906768680
4743.36 secs, 513010 evals, 512967 steps, improv/step: 0.050 (last = 0.0297), fitness=-446414465.554367304
4773.36 secs, 515643 evals, 515600 steps, improv/step: 0.050 (last = 0.0296), fitness=-446414465.869927049
4803.36 secs, 518385 evals, 518342 steps, improv/step: 0.050 (last = 0.0314), fitness=-446414466.310373485
4833.38 secs, 521055 evals, 521012 steps, improv/step: 0.050 (last = 0.0251), fitness=-446414466.780139625
4863.38 secs, 523730 evals, 523687 steps, improv/step: 0.049 (last = 0.0318), fitness=-446414467.469930589
4893.63 secs, 526412 evals, 526370 steps, improv/step: 0.049 (last = 0.0224), fitness=-446414467.567448437
4923.65 secs, 529054 evals, 529013 steps, improv/step: 0.049 (last = 0.0280), fitness=-446414467.685768962
4953.82 secs, 531685 evals, 531644 steps, improv/step: 0.049 (last = 0.0369), fitness=-446414468.088496983
4983.95 secs, 534338 evals, 534297 steps, improv/step: 0.049 (last = 0.0343), fitness=-446414468.580124974
5013.96 secs, 536964 evals, 536923 steps, improv/step: 0.049 (last = 0.0305), fitness=-446414468.968664050
5044.29 secs, 539678 evals, 539637 steps, improv/step: 0.049 (last = 0.0254), fitness=-446414469.047510326
5074.29 secs, 542346 evals, 542305 steps, improv/step: 0.049 (last = 0.0292), fitness=-446414469.282099903
5104.56 secs, 544869 evals, 544829 steps, improv/step: 0.049 (last = 0.0293), fitness=-446414469.702730119
5134.57 secs, 547561 evals, 547522 steps, improv/step: 0.049 (last = 0.0256), fitness=-446414469.769506395
5164.57 secs, 550349 evals, 550310 steps, improv/step: 0.048 (last = 0.0258), fitness=-446414470.064966619
5194.58 secs, 552975 evals, 552936 steps, improv/step: 0.048 (last = 0.0293), fitness=-446414470.599477887
5224.59 secs, 555568 evals, 555529 steps, improv/step: 0.048 (last = 0.0270), fitness=-446414470.679673672
5254.60 secs, 558261 evals, 558222 steps, improv/step: 0.048 (last = 0.0308), fitness=-446414471.494012773
5284.62 secs, 560770 evals, 560731 steps, improv/step: 0.048 (last = 0.0243), fitness=-446414471.596981287
5314.63 secs, 563440 evals, 563401 steps, improv/step: 0.048 (last = 0.0236), fitness=-446414471.897081673
5344.63 secs, 566082 evals, 566043 steps, improv/step: 0.048 (last = 0.0329), fitness=-446414472.640864015
5374.64 secs, 568767 evals, 568728 steps, improv/step: 0.048 (last = 0.0257), fitness=-446414472.671896458
5404.64 secs, 571340 evals, 571302 steps, improv/step: 0.048 (last = 0.0326), fitness=-446414472.996283650
5434.64 secs, 573934 evals, 573896 steps, improv/step: 0.048 (last = 0.0332), fitness=-446414473.400590718
5464.65 secs, 576668 evals, 576631 steps, improv/step: 0.048 (last = 0.0311), fitness=-446414473.606653690
5494.65 secs, 579326 evals, 579289 steps, improv/step: 0.047 (last = 0.0233), fitness=-446414473.729943514
5524.65 secs, 582004 evals, 581967 steps, improv/step: 0.047 (last = 0.0246), fitness=-446414473.741545320
5554.65 secs, 584624 evals, 584588 steps, improv/step: 0.047 (last = 0.0248), fitness=-446414474.175405800
5584.65 secs, 587221 evals, 587185 steps, improv/step: 0.047 (last = 0.0347), fitness=-446414474.606884360
5614.66 secs, 589857 evals, 589822 steps, improv/step: 0.047 (last = 0.0391), fitness=-446414475.191707671
5644.67 secs, 592619 evals, 592584 steps, improv/step: 0.047 (last = 0.0387), fitness=-446414475.802096665
5674.67 secs, 595199 evals, 595164 steps, improv/step: 0.047 (last = 0.0302), fitness=-446414476.260708570
5704.68 secs, 597852 evals, 597817 steps, improv/step: 0.047 (last = 0.0377), fitness=-446414476.378332555
5734.68 secs, 600548 evals, 600514 steps, improv/step: 0.047 (last = 0.0352), fitness=-446414476.623031974
5764.69 secs, 603258 evals, 603224 steps, improv/step: 0.047 (last = 0.0295), fitness=-446414477.761781037
5794.69 secs, 605984 evals, 605950 steps, improv/step: 0.047 (last = 0.0315), fitness=-446414478.500471711
5824.92 secs, 608622 evals, 608588 steps, improv/step: 0.047 (last = 0.0337), fitness=-446414478.569932401
5854.92 secs, 611417 evals, 611384 steps, improv/step: 0.047 (last = 0.0268), fitness=-446414479.232040226
5884.93 secs, 614024 evals, 613991 steps, improv/step: 0.047 (last = 0.0269), fitness=-446414479.853195548
5914.93 secs, 616587 evals, 616554 steps, improv/step: 0.046 (last = 0.0211), fitness=-446414480.385214448
5944.94 secs, 619137 evals, 619104 steps, improv/step: 0.046 (last = 0.0282), fitness=-446414481.430914640
5974.95 secs, 621681 evals, 621648 steps, improv/step: 0.046 (last = 0.0295), fitness=-446414481.789294481
6004.96 secs, 624273 evals, 624240 steps, improv/step: 0.046 (last = 0.0278), fitness=-446414482.045136333
6034.96 secs, 626785 evals, 626754 steps, improv/step: 0.046 (last = 0.0251), fitness=-446414483.140629649
6065.18 secs, 629270 evals, 629239 steps, improv/step: 0.046 (last = 0.0185), fitness=-446414483.290708899
6095.18 secs, 631762 evals, 631732 steps, improv/step: 0.046 (last = 0.0213), fitness=-446414483.290708899
6125.18 secs, 634241 evals, 634211 steps, improv/step: 0.046 (last = 0.0290), fitness=-446414483.798957229
6155.20 secs, 636764 evals, 636734 steps, improv/step: 0.046 (last = 0.0234), fitness=-446414484.378098845
6185.21 secs, 639208 evals, 639179 steps, improv/step: 0.046 (last = 0.0225), fitness=-446414484.449361444
6215.23 secs, 641796 evals, 641768 steps, improv/step: 0.046 (last = 0.0205), fitness=-446414484.708357990
6245.24 secs, 644405 evals, 644378 steps, improv/step: 0.046 (last = 0.0268), fitness=-446414485.254105687
6275.26 secs, 647172 evals, 647145 steps, improv/step: 0.045 (last = 0.0224), fitness=-446414485.279646635
6305.26 secs, 649673 evals, 649646 steps, improv/step: 0.045 (last = 0.0204), fitness=-446414486.007059097
6335.27 secs, 652128 evals, 652101 steps, improv/step: 0.045 (last = 0.0216), fitness=-446414486.518829107
6365.27 secs, 654598 evals, 654571 steps, improv/step: 0.045 (last = 0.0186), fitness=-446414486.979421854
6395.29 secs, 657151 evals, 657124 steps, improv/step: 0.045 (last = 0.0168), fitness=-446414487.096580982
6425.31 secs, 659763 evals, 659736 steps, improv/step: 0.045 (last = 0.0191), fitness=-446414487.434151649
6455.31 secs, 662378 evals, 662351 steps, improv/step: 0.045 (last = 0.0134), fitness=-446414487.434151649
6485.84 secs, 665018 evals, 664991 steps, improv/step: 0.045 (last = 0.0186), fitness=-446414487.711244822
6515.85 secs, 667760 evals, 667733 steps, improv/step: 0.045 (last = 0.0168), fitness=-446414487.988923788
6545.85 secs, 670451 evals, 670424 steps, improv/step: 0.044 (last = 0.0208), fitness=-446414488.524843156
6575.85 secs, 673093 evals, 673066 steps, improv/step: 0.044 (last = 0.0167), fitness=-446414488.720046163
6605.85 secs, 675720 evals, 675693 steps, improv/step: 0.044 (last = 0.0175), fitness=-446414489.157367945
6635.86 secs, 678324 evals, 678298 steps, improv/step: 0.044 (last = 0.0169), fitness=-446414489.211958766
6665.86 secs, 680853 evals, 680830 steps, improv/step: 0.044 (last = 0.0213), fitness=-446414489.501695812
6695.86 secs, 683494 evals, 683471 steps, improv/step: 0.044 (last = 0.0140), fitness=-446414490.060425878
6725.93 secs, 686119 evals, 686096 steps, improv/step: 0.044 (last = 0.0206), fitness=-446414490.611240208
6755.94 secs, 688879 evals, 688856 steps, improv/step: 0.044 (last = 0.0170), fitness=-446414490.804935038
6785.95 secs, 691517 evals, 691495 steps, improv/step: 0.044 (last = 0.0224), fitness=-446414490.897848487
6815.95 secs, 694259 evals, 694237 steps, improv/step: 0.044 (last = 0.0201), fitness=-446414491.165122509
6845.97 secs, 696949 evals, 696928 steps, improv/step: 0.044 (last = 0.0201), fitness=-446414491.426438332
6875.98 secs, 699561 evals, 699540 steps, improv/step: 0.043 (last = 0.0184), fitness=-446414491.751872540
6905.98 secs, 702215 evals, 702195 steps, improv/step: 0.043 (last = 0.0169), fitness=-446414491.991553783
6935.99 secs, 704791 evals, 704771 steps, improv/step: 0.043 (last = 0.0229), fitness=-446414492.457493305
6966.28 secs, 707317 evals, 707297 steps, improv/step: 0.043 (last = 0.0214), fitness=-446414492.761112869
6996.29 secs, 710042 evals, 710022 steps, improv/step: 0.043 (last = 0.0220), fitness=-446414492.786260962
7026.42 secs, 712643 evals, 712623 steps, improv/step: 0.043 (last = 0.0235), fitness=-446414493.038357615
7056.70 secs, 715319 evals, 715300 steps, improv/step: 0.043 (last = 0.0194), fitness=-446414493.829939663
7086.70 secs, 717815 evals, 717798 steps, improv/step: 0.043 (last = 0.0224), fitness=-446414494.013552308
7116.71 secs, 720426 evals, 720409 steps, improv/step: 0.043 (last = 0.0234), fitness=-446414494.328194380
7146.71 secs, 723133 evals, 723116 steps, improv/step: 0.043 (last = 0.0151), fitness=-446414494.625688255
7176.71 secs, 725645 evals, 725631 steps, improv/step: 0.043 (last = 0.0187), fitness=-446414495.300118983
7206.88 secs, 728334 evals, 728320 steps, improv/step: 0.042 (last = 0.0156), fitness=-446414495.300118983
7236.88 secs, 730893 evals, 730879 steps, improv/step: 0.042 (last = 0.0106), fitness=-446414495.300118983
7266.88 secs, 733469 evals, 733455 steps, improv/step: 0.042 (last = 0.0163), fitness=-446414495.742107034
7296.89 secs, 736014 evals, 736001 steps, improv/step: 0.042 (last = 0.0153), fitness=-446414496.319433451
7326.89 secs, 738706 evals, 738693 steps, improv/step: 0.042 (last = 0.0141), fitness=-446414496.319433451
7356.89 secs, 741247 evals, 741234 steps, improv/step: 0.042 (last = 0.0126), fitness=-446414496.523785293
7386.90 secs, 743632 evals, 743619 steps, improv/step: 0.042 (last = 0.0176), fitness=-446414496.523785293
7416.90 secs, 746255 evals, 746242 steps, improv/step: 0.042 (last = 0.0141), fitness=-446414496.579619408
7446.91 secs, 748860 evals, 748848 steps, improv/step: 0.042 (last = 0.0215), fitness=-446414496.924591005
7476.92 secs, 751652 evals, 751641 steps, improv/step: 0.042 (last = 0.0190), fitness=-446414497.066025317
7506.92 secs, 754243 evals, 754232 steps, improv/step: 0.042 (last = 0.0174), fitness=-446414497.206739485
7536.92 secs, 756795 evals, 756784 steps, improv/step: 0.042 (last = 0.0255), fitness=-446414497.231103837
7566.93 secs, 759491 evals, 759482 steps, improv/step: 0.041 (last = 0.0289), fitness=-446414497.360423803
7596.94 secs, 762035 evals, 762026 steps, improv/step: 0.041 (last = 0.0318), fitness=-446414497.538433373
7626.95 secs, 764509 evals, 764500 steps, improv/step: 0.041 (last = 0.0283), fitness=-446414497.626153171
7656.95 secs, 767182 evals, 767173 steps, improv/step: 0.041 (last = 0.0221), fitness=-446414497.765740156
7686.95 secs, 769917 evals, 769909 steps, improv/step: 0.041 (last = 0.0212), fitness=-446414497.847410679
7717.39 secs, 772531 evals, 772524 steps, improv/step: 0.041 (last = 0.0207), fitness=-446414497.847410679
7747.40 secs, 775196 evals, 775189 steps, improv/step: 0.041 (last = 0.0218), fitness=-446414498.157228947
7777.40 secs, 777929 evals, 777923 steps, improv/step: 0.041 (last = 0.0227), fitness=-446414498.250190794
7807.40 secs, 780524 evals, 780519 steps, improv/step: 0.041 (last = 0.0208), fitness=-446414498.383212566
7837.41 secs, 783006 evals, 783001 steps, improv/step: 0.041 (last = 0.0201), fitness=-446414498.439422429
7867.41 secs, 785471 evals, 785466 steps, improv/step: 0.041 (last = 0.0215), fitness=-446414498.555350900
7897.76 secs, 788043 evals, 788038 steps, improv/step: 0.041 (last = 0.0272), fitness=-446414498.717968702
7927.77 secs, 790657 evals, 790652 steps, improv/step: 0.041 (last = 0.0210), fitness=-446414498.945117295
7957.78 secs, 793105 evals, 793101 steps, improv/step: 0.041 (last = 0.0229), fitness=-446414498.945117295
7987.78 secs, 795702 evals, 795699 steps, improv/step: 0.041 (last = 0.0227), fitness=-446414498.945117295
8017.78 secs, 798199 evals, 798197 steps, improv/step: 0.041 (last = 0.0268), fitness=-446414499.009646237
8047.78 secs, 800703 evals, 800701 steps, improv/step: 0.041 (last = 0.0184), fitness=-446414499.009646237
8077.78 secs, 803377 evals, 803376 steps, improv/step: 0.040 (last = 0.0101), fitness=-446414499.009646237
8107.81 secs, 805991 evals, 805990 steps, improv/step: 0.040 (last = 0.0176), fitness=-446414499.092139006
8137.82 secs, 808435 evals, 808434 steps, improv/step: 0.040 (last = 0.0164), fitness=-446414499.124717355
8167.83 secs, 811078 evals, 811078 steps, improv/step: 0.040 (last = 0.0159), fitness=-446414499.125029325
8197.84 secs, 813590 evals, 813592 steps, improv/step: 0.040 (last = 0.0239), fitness=-446414499.248146176
8227.84 secs, 816248 evals, 816250 steps, improv/step: 0.040 (last = 0.0207), fitness=-446414499.265839696
8257.84 secs, 818731 evals, 818733 steps, improv/step: 0.040 (last = 0.0213), fitness=-446414499.523219407
8287.85 secs, 821207 evals, 821210 steps, improv/step: 0.040 (last = 0.0186), fitness=-446414499.523219407
8317.86 secs, 823711 evals, 823715 steps, improv/step: 0.040 (last = 0.0200), fitness=-446414499.660211086
8348.15 secs, 826232 evals, 826236 steps, improv/step: 0.040 (last = 0.0198), fitness=-446414499.932461083
8378.16 secs, 828945 evals, 828949 steps, improv/step: 0.040 (last = 0.0136), fitness=-446414499.932461083
8408.17 secs, 831566 evals, 831570 steps, improv/step: 0.040 (last = 0.0317), fitness=-446414499.991698205
8438.17 secs, 834171 evals, 834176 steps, improv/step: 0.040 (last = 0.0295), fitness=-446414500.095095396
8468.17 secs, 836780 evals, 836785 steps, improv/step: 0.040 (last = 0.0280), fitness=-446414500.193373144
8498.18 secs, 839287 evals, 839293 steps, improv/step: 0.040 (last = 0.0275), fitness=-446414500.226582587
8528.19 secs, 841972 evals, 841978 steps, improv/step: 0.040 (last = 0.0194), fitness=-446414500.368087590
8558.19 secs, 844546 evals, 844552 steps, improv/step: 0.040 (last = 0.0214), fitness=-446414500.407902360
8588.20 secs, 847108 evals, 847114 steps, improv/step: 0.039 (last = 0.0148), fitness=-446414500.465488195
8618.20 secs, 849686 evals, 849692 steps, improv/step: 0.039 (last = 0.0202), fitness=-446414500.490339339
8648.20 secs, 852129 evals, 852135 steps, improv/step: 0.039 (last = 0.0225), fitness=-446414500.629684508
8678.21 secs, 854671 evals, 854677 steps, improv/step: 0.039 (last = 0.0216), fitness=-446414500.683758259
8708.22 secs, 857141 evals, 857147 steps, improv/step: 0.039 (last = 0.0202), fitness=-446414500.737135112
8738.22 secs, 859590 evals, 859596 steps, improv/step: 0.039 (last = 0.0241), fitness=-446414500.934649408
8768.23 secs, 862193 evals, 862199 steps, improv/step: 0.039 (last = 0.0204), fitness=-446414500.934649408
8798.23 secs, 864763 evals, 864769 steps, improv/step: 0.039 (last = 0.0288), fitness=-446414501.015804112
8828.23 secs, 867357 evals, 867364 steps, improv/step: 0.039 (last = 0.0247), fitness=-446414501.015804112
8858.25 secs, 869897 evals, 869904 steps, improv/step: 0.039 (last = 0.0236), fitness=-446414501.102050483
8888.26 secs, 872588 evals, 872595 steps, improv/step: 0.039 (last = 0.0201), fitness=-446414501.130909622
8918.26 secs, 875238 evals, 875245 steps, improv/step: 0.039 (last = 0.0189), fitness=-446414501.221223235
8948.28 secs, 877752 evals, 877759 steps, improv/step: 0.039 (last = 0.0267), fitness=-446414501.321262300
8978.29 secs, 880225 evals, 880232 steps, improv/step: 0.039 (last = 0.0263), fitness=-446414501.418435454
9008.29 secs, 882760 evals, 882767 steps, improv/step: 0.039 (last = 0.0249), fitness=-446414501.434544802
9038.30 secs, 885431 evals, 885439 steps, improv/step: 0.039 (last = 0.0254), fitness=-446414501.482561350
9068.30 secs, 888100 evals, 888108 steps, improv/step: 0.039 (last = 0.0363), fitness=-446414501.690509260
9098.32 secs, 890880 evals, 890888 steps, improv/step: 0.039 (last = 0.0299), fitness=-446414501.801275015
9128.32 secs, 893521 evals, 893529 steps, improv/step: 0.039 (last = 0.0329), fitness=-446414501.937368870
9158.33 secs, 896029 evals, 896037 steps, improv/step: 0.039 (last = 0.0363), fitness=-446414502.025239587
9188.33 secs, 898581 evals, 898589 steps, improv/step: 0.039 (last = 0.0212), fitness=-446414502.084898114
9218.35 secs, 901151 evals, 901159 steps, improv/step: 0.039 (last = 0.0272), fitness=-446414502.133453071
9248.35 secs, 903752 evals, 903760 steps, improv/step: 0.039 (last = 0.0254), fitness=-446414502.183113933
9278.35 secs, 906258 evals, 906266 steps, improv/step: 0.039 (last = 0.0271), fitness=-446414502.242528796
9308.88 secs, 908786 evals, 908794 steps, improv/step: 0.038 (last = 0.0301), fitness=-446414502.333337605
9338.89 secs, 911332 evals, 911340 steps, improv/step: 0.038 (last = 0.0322), fitness=-446414502.426286995
9368.89 secs, 913892 evals, 913901 steps, improv/step: 0.038 (last = 0.0250), fitness=-446414502.487350047
9398.90 secs, 916393 evals, 916402 steps, improv/step: 0.038 (last = 0.0340), fitness=-446414502.676908374
9428.90 secs, 918900 evals, 918909 steps, improv/step: 0.038 (last = 0.0279), fitness=-446414502.731437266
9458.90 secs, 921414 evals, 921424 steps, improv/step: 0.038 (last = 0.0219), fitness=-446414502.772374094
9488.91 secs, 923941 evals, 923952 steps, improv/step: 0.038 (last = 0.0214), fitness=-446414502.936440647
9519.31 secs, 926398 evals, 926409 steps, improv/step: 0.038 (last = 0.0199), fitness=-446414503.000344813
9549.32 secs, 928974 evals, 928985 steps, improv/step: 0.038 (last = 0.0326), fitness=-446414503.126100838
9579.33 secs, 931432 evals, 931444 steps, improv/step: 0.038 (last = 0.0252), fitness=-446414503.225001991
9609.33 secs, 934022 evals, 934034 steps, improv/step: 0.038 (last = 0.0201), fitness=-446414503.304210305
9639.92 secs, 936556 evals, 936568 steps, improv/step: 0.038 (last = 0.0233), fitness=-446414503.449091613
9670.38 secs, 939033 evals, 939045 steps, improv/step: 0.038 (last = 0.0226), fitness=-446414503.571594775
9700.81 secs, 941517 evals, 941529 steps, improv/step: 0.038 (last = 0.0246), fitness=-446414503.580735445
9731.19 secs, 944005 evals, 944017 steps, improv/step: 0.038 (last = 0.0209), fitness=-446414503.599767089
9761.19 secs, 946527 evals, 946539 steps, improv/step: 0.038 (last = 0.0202), fitness=-446414503.682798028
9791.20 secs, 949245 evals, 949257 steps, improv/step: 0.038 (last = 0.0221), fitness=-446414503.808592916
9821.21 secs, 951885 evals, 951897 steps, improv/step: 0.038 (last = 0.0295), fitness=-446414503.847524822
9851.21 secs, 954543 evals, 954556 steps, improv/step: 0.038 (last = 0.0211), fitness=-446414503.847524822
9881.21 secs, 957045 evals, 957059 steps, improv/step: 0.038 (last = 0.0196), fitness=-446414503.879920125
9911.22 secs, 959627 evals, 959641 steps, improv/step: 0.038 (last = 0.0198), fitness=-446414503.958153486
9941.23 secs, 962296 evals, 962310 steps, improv/step: 0.038 (last = 0.0210), fitness=-446414504.009752393
9971.24 secs, 964969 evals, 964984 steps, improv/step: 0.038 (last = 0.0221), fitness=-446414504.100679517
10001.24 secs, 967495 evals, 967510 steps, improv/step: 0.038 (last = 0.0198), fitness=-446414504.133348107
10031.25 secs, 970093 evals, 970108 steps, improv/step: 0.038 (last = 0.0216), fitness=-446414504.173051298
10061.26 secs, 972697 evals, 972712 steps, improv/step: 0.038 (last = 0.0246), fitness=-446414504.282014608
10091.26 secs, 975221 evals, 975237 steps, improv/step: 0.037 (last = 0.0222), fitness=-446414504.294476211
10121.26 secs, 977766 evals, 977783 steps, improv/step: 0.037 (last = 0.0291), fitness=-446414504.321240485
10151.27 secs, 980289 evals, 980307 steps, improv/step: 0.037 (last = 0.0281), fitness=-446414504.354754090
10181.28 secs, 982761 evals, 982780 steps, improv/step: 0.037 (last = 0.0222), fitness=-446414504.377903283
10211.29 secs, 985270 evals, 985289 steps, improv/step: 0.037 (last = 0.0211), fitness=-446414504.400685132
10241.29 secs, 987762 evals, 987781 steps, improv/step: 0.037 (last = 0.0209), fitness=-446414504.416448355
10271.29 secs, 990189 evals, 990208 steps, improv/step: 0.037 (last = 0.0214), fitness=-446414504.474536359
10301.34 secs, 992770 evals, 992791 steps, improv/step: 0.037 (last = 0.0240), fitness=-446414504.484281778
10331.35 secs, 995233 evals, 995254 steps, improv/step: 0.037 (last = 0.0386), fitness=-446414504.501047730
10361.35 secs, 997687 evals, 997708 steps, improv/step: 0.037 (last = 0.0310), fitness=-446414504.529532015
10391.94 secs, 1000294 evals, 1000315 steps, improv/step: 0.037 (last = 0.0280), fitness=-446414504.577316284
10421.94 secs, 1002939 evals, 1002963 steps, improv/step: 0.037 (last = 0.0249), fitness=-446414504.603629947
10451.95 secs, 1005675 evals, 1005699 steps, improv/step: 0.037 (last = 0.0260), fitness=-446414504.603629947
10481.96 secs, 1008421 evals, 1008445 steps, improv/step: 0.037 (last = 0.0222), fitness=-446414504.603629947
10511.97 secs, 1011128 evals, 1011153 steps, improv/step: 0.037 (last = 0.0177), fitness=-446414504.629066706
10541.97 secs, 1013844 evals, 1013869 steps, improv/step: 0.037 (last = 0.0188), fitness=-446414504.636003494
10571.98 secs, 1016525 evals, 1016550 steps, improv/step: 0.037 (last = 0.0138), fitness=-446414504.641109765
10601.98 secs, 1019209 evals, 1019234 steps, improv/step: 0.037 (last = 0.0164), fitness=-446414504.655416727
10631.99 secs, 1021942 evals, 1021969 steps, improv/step: 0.037 (last = 0.0212), fitness=-446414504.665224254
10661.99 secs, 1024522 evals, 1024549 steps, improv/step: 0.037 (last = 0.0198), fitness=-446414504.682477295
10692.00 secs, 1027005 evals, 1027032 steps, improv/step: 0.037 (last = 0.0181), fitness=-446414504.713678598
10722.00 secs, 1029527 evals, 1029555 steps, improv/step: 0.037 (last = 0.0182), fitness=-446414504.713678598
10752.01 secs, 1032145 evals, 1032173 steps, improv/step: 0.037 (last = 0.0225), fitness=-446414504.759950280
10782.02 secs, 1034626 evals, 1034655 steps, improv/step: 0.037 (last = 0.0238), fitness=-446414504.800333917
10812.02 secs, 1037177 evals, 1037206 steps, improv/step: 0.037 (last = 0.0216), fitness=-446414504.834119797
10842.10 secs, 1039712 evals, 1039741 steps, improv/step: 0.037 (last = 0.0193), fitness=-446414504.869759679
10872.11 secs, 1042310 evals, 1042339 steps, improv/step: 0.037 (last = 0.0227), fitness=-446414504.893760860
10902.11 secs, 1044842 evals, 1044871 steps, improv/step: 0.037 (last = 0.0249), fitness=-446414504.910464048
10932.11 secs, 1047562 evals, 1047591 steps, improv/step: 0.036 (last = 0.0235), fitness=-446414504.938368559
10962.11 secs, 1050282 evals, 1050313 steps, improv/step: 0.036 (last = 0.0242), fitness=-446414504.962805450
10992.13 secs, 1052850 evals, 1052882 steps, improv/step: 0.036 (last = 0.0179), fitness=-446414505.000110567
11022.14 secs, 1055360 evals, 1055392 steps, improv/step: 0.036 (last = 0.0235), fitness=-446414505.057683587
11052.14 secs, 1057862 evals, 1057894 steps, improv/step: 0.036 (last = 0.0184), fitness=-446414505.087192535
11082.14 secs, 1060372 evals, 1060404 steps, improv/step: 0.036 (last = 0.0163), fitness=-446414505.087192535
11112.14 secs, 1062801 evals, 1062834 steps, improv/step: 0.036 (last = 0.0152), fitness=-446414505.121825755
11142.15 secs, 1065229 evals, 1065262 steps, improv/step: 0.036 (last = 0.0189), fitness=-446414505.148969471
11172.15 secs, 1067728 evals, 1067761 steps, improv/step: 0.036 (last = 0.0176), fitness=-446414505.171791494
11202.15 secs, 1070292 evals, 1070325 steps, improv/step: 0.036 (last = 0.0152), fitness=-446414505.180640042
11232.86 secs, 1072816 evals, 1072849 steps, improv/step: 0.036 (last = 0.0162), fitness=-446414505.202089489
11262.96 secs, 1075266 evals, 1075300 steps, improv/step: 0.036 (last = 0.0257), fitness=-446414505.243604004
11292.96 secs, 1077787 evals, 1077821 steps, improv/step: 0.036 (last = 0.0202), fitness=-446414505.254570246
11322.96 secs, 1080238 evals, 1080272 steps, improv/step: 0.036 (last = 0.0208), fitness=-446414505.290067017
11352.98 secs, 1082844 evals, 1082878 steps, improv/step: 0.036 (last = 0.0196), fitness=-446414505.307158113
11382.99 secs, 1085300 evals, 1085335 steps, improv/step: 0.036 (last = 0.0175), fitness=-446414505.323164999
11412.99 secs, 1087757 evals, 1087792 steps, improv/step: 0.036 (last = 0.0134), fitness=-446414505.323164999
11443.00 secs, 1090168 evals, 1090203 steps, improv/step: 0.036 (last = 0.0182), fitness=-446414505.323615074
11473.00 secs, 1092654 evals, 1092689 steps, improv/step: 0.036 (last = 0.0189), fitness=-446414505.346732020
11503.01 secs, 1095089 evals, 1095125 steps, improv/step: 0.036 (last = 0.0185), fitness=-446414505.352535307
11533.02 secs, 1097623 evals, 1097659 steps, improv/step: 0.036 (last = 0.0201), fitness=-446414505.353247166
11563.02 secs, 1100194 evals, 1100230 steps, improv/step: 0.036 (last = 0.0175), fitness=-446414505.376776397
11593.03 secs, 1102576 evals, 1102612 steps, improv/step: 0.036 (last = 0.0223), fitness=-446414505.386071265
11623.31 secs, 1105078 evals, 1105115 steps, improv/step: 0.036 (last = 0.0200), fitness=-446414505.393975556
11653.31 secs, 1107609 evals, 1107646 steps, improv/step: 0.036 (last = 0.0174), fitness=-446414505.417457223
11683.32 secs, 1110056 evals, 1110093 steps, improv/step: 0.035 (last = 0.0184), fitness=-446414505.417457223
11713.32 secs, 1112486 evals, 1112524 steps, improv/step: 0.035 (last = 0.0222), fitness=-446414505.439329505
11743.32 secs, 1115013 evals, 1115051 steps, improv/step: 0.035 (last = 0.0174), fitness=-446414505.439329505
11773.32 secs, 1117411 evals, 1117450 steps, improv/step: 0.035 (last = 0.0129), fitness=-446414505.447535098
11803.33 secs, 1119911 evals, 1119950 steps, improv/step: 0.035 (last = 0.0172), fitness=-446414505.449668586
11833.33 secs, 1122382 evals, 1122421 steps, improv/step: 0.035 (last = 0.0231), fitness=-446414505.459913731
11863.33 secs, 1124875 evals, 1124915 steps, improv/step: 0.035 (last = 0.0269), fitness=-446414505.463075101
11893.33 secs, 1127443 evals, 1127483 steps, improv/step: 0.035 (last = 0.0292), fitness=-446414505.466261864
11923.34 secs, 1130047 evals, 1130089 steps, improv/step: 0.035 (last = 0.0276), fitness=-446414505.502339363
11953.34 secs, 1132563 evals, 1132605 steps, improv/step: 0.035 (last = 0.0262), fitness=-446414505.503396332
11983.35 secs, 1135019 evals, 1135062 steps, improv/step: 0.035 (last = 0.0220), fitness=-446414505.512674212
12013.46 secs, 1137488 evals, 1137532 steps, improv/step: 0.035 (last = 0.0162), fitness=-446414505.526729465
12043.47 secs, 1139994 evals, 1140040 steps, improv/step: 0.035 (last = 0.0199), fitness=-446414505.527031958
12073.48 secs, 1142483 evals, 1142529 steps, improv/step: 0.035 (last = 0.0229), fitness=-446414505.554697037
12103.48 secs, 1144948 evals, 1144995 steps, improv/step: 0.035 (last = 0.0195), fitness=-446414505.582535744
12133.49 secs, 1147573 evals, 1147620 steps, improv/step: 0.035 (last = 0.0229), fitness=-446414505.593674958
12163.49 secs, 1150140 evals, 1150187 steps, improv/step: 0.035 (last = 0.0129), fitness=-446414505.611876726
12193.65 secs, 1152709 evals, 1152757 steps, improv/step: 0.035 (last = 0.0144), fitness=-446414505.611876726
12224.27 secs, 1155326 evals, 1155374 steps, improv/step: 0.035 (last = 0.0225), fitness=-446414505.623590171
12254.29 secs, 1157941 evals, 1157989 steps, improv/step: 0.035 (last = 0.0168), fitness=-446414505.644143939
12284.29 secs, 1160461 evals, 1160510 steps, improv/step: 0.035 (last = 0.0159), fitness=-446414505.644143939
12314.30 secs, 1163019 evals, 1163068 steps, improv/step: 0.035 (last = 0.0235), fitness=-446414505.688476861
12344.78 secs, 1165472 evals, 1165521 steps, improv/step: 0.035 (last = 0.0163), fitness=-446414505.698992550
12374.79 secs, 1168000 evals, 1168051 steps, improv/step: 0.035 (last = 0.0166), fitness=-446414505.724566579
12404.79 secs, 1170494 evals, 1170545 steps, improv/step: 0.035 (last = 0.0160), fitness=-446414505.755914330
12435.19 secs, 1173040 evals, 1173093 steps, improv/step: 0.035 (last = 0.0157), fitness=-446414505.784333766
12465.20 secs, 1175581 evals, 1175636 steps, improv/step: 0.035 (last = 0.0106), fitness=-446414505.786674201
12495.21 secs, 1178098 evals, 1178155 steps, improv/step: 0.035 (last = 0.0127), fitness=-446414505.795473695
12525.21 secs, 1180716 evals, 1180773 steps, improv/step: 0.035 (last = 0.0160), fitness=-446414505.797926962
12555.21 secs, 1183289 evals, 1183346 steps, improv/step: 0.034 (last = 0.0140), fitness=-446414505.797926962
12585.22 secs, 1185802 evals, 1185859 steps, improv/step: 0.034 (last = 0.0171), fitness=-446414505.805678785
12615.71 secs, 1188314 evals, 1188371 steps, improv/step: 0.034 (last = 0.0199), fitness=-446414505.812182367
12645.72 secs, 1190960 evals, 1191018 steps, improv/step: 0.034 (last = 0.0151), fitness=-446414505.812182367
12675.72 secs, 1193514 evals, 1193572 steps, improv/step: 0.034 (last = 0.0117), fitness=-446414505.820036829
12705.72 secs, 1196116 evals, 1196174 steps, improv/step: 0.034 (last = 0.0161), fitness=-446414505.827489913
12736.17 secs, 1198726 evals, 1198784 steps, improv/step: 0.034 (last = 0.0134), fitness=-446414505.827489913
12766.17 secs, 1201254 evals, 1201313 steps, improv/step: 0.034 (last = 0.0130), fitness=-446414505.833634317
12796.18 secs, 1203787 evals, 1203848 steps, improv/step: 0.034 (last = 0.0107), fitness=-446414505.833634317
12826.18 secs, 1206247 evals, 1206310 steps, improv/step: 0.034 (last = 0.0183), fitness=-446414505.837943256
12856.19 secs, 1208722 evals, 1208786 steps, improv/step: 0.034 (last = 0.0137), fitness=-446414505.842303216
12886.44 secs, 1211176 evals, 1211240 steps, improv/step: 0.034 (last = 0.0118), fitness=-446414505.842303216
12916.45 secs, 1213709 evals, 1213773 steps, improv/step: 0.034 (last = 0.0111), fitness=-446414505.847024798
12946.46 secs, 1216251 evals, 1216315 steps, improv/step: 0.034 (last = 0.0090), fitness=-446414505.848945439
12976.47 secs, 1218783 evals, 1218847 steps, improv/step: 0.034 (last = 0.0079), fitness=-446414505.848945439
13006.47 secs, 1221429 evals, 1221493 steps, improv/step: 0.034 (last = 0.0091), fitness=-446414505.855518281
13036.47 secs, 1224033 evals, 1224098 steps, improv/step: 0.034 (last = 0.0084), fitness=-446414505.855518281
13066.48 secs, 1226561 evals, 1226627 steps, improv/step: 0.034 (last = 0.0166), fitness=-446414505.859556079
13096.49 secs, 1229028 evals, 1229094 steps, improv/step: 0.034 (last = 0.0170), fitness=-446414505.860773087
13126.98 secs, 1231658 evals, 1231724 steps, improv/step: 0.034 (last = 0.0122), fitness=-446414505.861983120
13156.99 secs, 1234276 evals, 1234342 steps, improv/step: 0.034 (last = 0.0210), fitness=-446414505.865060329
13187.00 secs, 1236586 evals, 1236652 steps, improv/step: 0.034 (last = 0.0169), fitness=-446414505.867642224
13217.00 secs, 1238995 evals, 1239061 steps, improv/step: 0.034 (last = 0.0154), fitness=-446414505.869292796
13247.01 secs, 1241533 evals, 1241599 steps, improv/step: 0.034 (last = 0.0197), fitness=-446414505.873077989
13277.02 secs, 1244068 evals, 1244134 steps, improv/step: 0.033 (last = 0.0158), fitness=-446414505.873077989
13307.03 secs, 1246573 evals, 1246640 steps, improv/step: 0.033 (last = 0.0124), fitness=-446414505.876921415
13337.04 secs, 1249136 evals, 1249204 steps, improv/step: 0.033 (last = 0.0121), fitness=-446414505.879576027
13367.04 secs, 1251781 evals, 1251850 steps, improv/step: 0.033 (last = 0.0174), fitness=-446414505.879576027
13397.04 secs, 1254370 evals, 1254439 steps, improv/step: 0.033 (last = 0.0178), fitness=-446414505.880856514
13427.34 secs, 1256902 evals, 1256972 steps, improv/step: 0.033 (last = 0.0142), fitness=-446414505.883433640
13457.35 secs, 1259488 evals, 1259559 steps, improv/step: 0.033 (last = 0.0131), fitness=-446414505.886406302
13487.35 secs, 1262016 evals, 1262089 steps, improv/step: 0.033 (last = 0.0111), fitness=-446414505.886406302
13517.37 secs, 1264603 evals, 1264677 steps, improv/step: 0.033 (last = 0.0112), fitness=-446414505.888939142
13547.37 secs, 1267125 evals, 1267199 steps, improv/step: 0.033 (last = 0.0159), fitness=-446414505.890094995
13577.38 secs, 1269619 evals, 1269693 steps, improv/step: 0.033 (last = 0.0172), fitness=-446414505.892566741
13607.38 secs, 1272188 evals, 1272263 steps, improv/step: 0.033 (last = 0.0156), fitness=-446414505.892566741
13637.39 secs, 1274739 evals, 1274815 steps, improv/step: 0.033 (last = 0.0141), fitness=-446414505.892566741
13667.40 secs, 1277097 evals, 1277173 steps, improv/step: 0.033 (last = 0.0106), fitness=-446414505.892874956
13697.40 secs, 1279659 evals, 1279735 steps, improv/step: 0.033 (last = 0.0203), fitness=-446414505.895515203
13727.41 secs, 1282181 evals, 1282258 steps, improv/step: 0.033 (last = 0.0186), fitness=-446414505.895515203
13757.92 secs, 1284687 evals, 1284765 steps, improv/step: 0.033 (last = 0.0140), fitness=-446414505.896839678
13787.92 secs, 1287346 evals, 1287424 steps, improv/step: 0.033 (last = 0.0169), fitness=-446414505.897962570
13817.93 secs, 1289935 evals, 1290013 steps, improv/step: 0.033 (last = 0.0139), fitness=-446414505.898839235
13847.93 secs, 1292457 evals, 1292535 steps, improv/step: 0.033 (last = 0.0155), fitness=-446414505.899189711
13878.68 secs, 1295043 evals, 1295121 steps, improv/step: 0.033 (last = 0.0166), fitness=-446414505.900705338
13909.21 secs, 1297540 evals, 1297619 steps, improv/step: 0.033 (last = 0.0212), fitness=-446414505.900705338
13939.21 secs, 1300172 evals, 1300252 steps, improv/step: 0.033 (last = 0.0197), fitness=-446414505.902854443
13969.22 secs, 1302641 evals, 1302721 steps, improv/step: 0.033 (last = 0.0150), fitness=-446414505.902989924
13999.38 secs, 1305057 evals, 1305139 steps, improv/step: 0.033 (last = 0.0223), fitness=-446414505.904546320
14029.39 secs, 1307610 evals, 1307695 steps, improv/step: 0.033 (last = 0.0200), fitness=-446414505.905449510
14060.11 secs, 1310091 evals, 1310176 steps, improv/step: 0.033 (last = 0.0161), fitness=-446414505.905967474
14090.11 secs, 1312529 evals, 1312616 steps, improv/step: 0.033 (last = 0.0148), fitness=-446414505.906098545
14120.11 secs, 1315105 evals, 1315192 steps, improv/step: 0.033 (last = 0.0171), fitness=-446414505.907297611
14150.12 secs, 1317597 evals, 1317684 steps, improv/step: 0.032 (last = 0.0136), fitness=-446414505.908102155
14180.12 secs, 1320069 evals, 1320156 steps, improv/step: 0.032 (last = 0.0146), fitness=-446414505.908344269
14210.13 secs, 1322504 evals, 1322591 steps, improv/step: 0.032 (last = 0.0181), fitness=-446414505.909231067
14240.13 secs, 1324938 evals, 1325028 steps, improv/step: 0.032 (last = 0.0156), fitness=-446414505.909661353
14270.14 secs, 1327544 evals, 1327634 steps, improv/step: 0.032 (last = 0.0119), fitness=-446414505.910021901
14300.15 secs, 1330248 evals, 1330338 steps, improv/step: 0.032 (last = 0.0107), fitness=-446414505.910133362
14330.16 secs, 1332892 evals, 1332982 steps, improv/step: 0.032 (last = 0.0140), fitness=-446414505.910767019
14360.16 secs, 1335312 evals, 1335402 steps, improv/step: 0.032 (last = 0.0198), fitness=-446414505.911401451
14390.17 secs, 1337734 evals, 1337824 steps, improv/step: 0.032 (last = 0.0145), fitness=-446414505.911614537
14420.18 secs, 1340219 evals, 1340309 steps, improv/step: 0.032 (last = 0.0189), fitness=-446414505.912655234
14450.18 secs, 1342704 evals, 1342796 steps, improv/step: 0.032 (last = 0.0161), fitness=-446414505.912967980
14480.19 secs, 1345179 evals, 1345272 steps, improv/step: 0.032 (last = 0.0166), fitness=-446414505.912967980
14510.19 secs, 1347635 evals, 1347730 steps, improv/step: 0.032 (last = 0.0163), fitness=-446414505.913823307
14540.19 secs, 1350176 evals, 1350271 steps, improv/step: 0.032 (last = 0.0197), fitness=-446414505.914385855
14570.36 secs, 1352748 evals, 1352843 steps, improv/step: 0.032 (last = 0.0159), fitness=-446414505.914859533
14600.76 secs, 1355347 evals, 1355442 steps, improv/step: 0.032 (last = 0.0158), fitness=-446414505.915271461
14630.77 secs, 1357855 evals, 1357950 steps, improv/step: 0.032 (last = 0.0136), fitness=-446414505.916387200
14660.77 secs, 1360523 evals, 1360618 steps, improv/step: 0.032 (last = 0.0131), fitness=-446414505.916387200
14690.78 secs, 1362913 evals, 1363008 steps, improv/step: 0.032 (last = 0.0159), fitness=-446414505.916529298
14720.78 secs, 1365418 evals, 1365513 steps, improv/step: 0.032 (last = 0.0092), fitness=-446414505.917317092
14751.29 secs, 1367978 evals, 1368073 steps, improv/step: 0.032 (last = 0.0160), fitness=-446414505.917481005
14781.29 secs, 1370514 evals, 1370610 steps, improv/step: 0.032 (last = 0.0095), fitness=-446414505.917710185
14811.30 secs, 1373040 evals, 1373136 steps, improv/step: 0.032 (last = 0.0178), fitness=-446414505.917943358
14841.30 secs, 1375439 evals, 1375536 steps, improv/step: 0.032 (last = 0.0142), fitness=-446414505.918163061
14871.30 secs, 1378054 evals, 1378151 steps, improv/step: 0.032 (last = 0.0168), fitness=-446414505.918583453
14901.30 secs, 1380398 evals, 1380496 steps, improv/step: 0.032 (last = 0.0085), fitness=-446414505.918583453
14931.31 secs, 1382882 evals, 1382980 steps, improv/step: 0.032 (last = 0.0089), fitness=-446414505.918661296
14961.32 secs, 1385336 evals, 1385435 steps, improv/step: 0.032 (last = 0.0102), fitness=-446414505.919163644
14991.96 secs, 1387795 evals, 1387895 steps, improv/step: 0.032 (last = 0.0106), fitness=-446414505.919179440
15021.96 secs, 1390404 evals, 1390504 steps, improv/step: 0.032 (last = 0.0103), fitness=-446414505.919484973
15051.97 secs, 1392941 evals, 1393042 steps, improv/step: 0.031 (last = 0.0095), fitness=-446414505.919510543
15081.97 secs, 1395466 evals, 1395568 steps, improv/step: 0.031 (last = 0.0154), fitness=-446414505.919618726
15111.97 secs, 1398029 evals, 1398131 steps, improv/step: 0.031 (last = 0.0133), fitness=-446414505.919817090
15142.87 secs, 1400707 evals, 1400812 steps, improv/step: 0.031 (last = 0.0127), fitness=-446414505.920144320
15172.87 secs, 1403344 evals, 1403450 steps, improv/step: 0.031 (last = 0.0167), fitness=-446414505.920388699
15202.88 secs, 1405914 evals, 1406020 steps, improv/step: 0.031 (last = 0.0214), fitness=-446414505.920942962
15232.88 secs, 1408496 evals, 1408602 steps, improv/step: 0.031 (last = 0.0186), fitness=-446414505.921278477
15262.88 secs, 1411053 evals, 1411159 steps, improv/step: 0.031 (last = 0.0199), fitness=-446414505.921984076
15292.88 secs, 1413685 evals, 1413791 steps, improv/step: 0.031 (last = 0.0175), fitness=-446414505.922158003
15322.89 secs, 1416299 evals, 1416406 steps, improv/step: 0.031 (last = 0.0203), fitness=-446414505.922403812
15352.90 secs, 1418942 evals, 1419050 steps, improv/step: 0.031 (last = 0.0219), fitness=-446414505.922444820
15382.90 secs, 1421599 evals, 1421708 steps, improv/step: 0.031 (last = 0.0173), fitness=-446414505.922612607
15412.91 secs, 1424134 evals, 1424243 steps, improv/step: 0.031 (last = 0.0249), fitness=-446414505.922633588
15442.91 secs, 1426537 evals, 1426647 steps, improv/step: 0.031 (last = 0.0254), fitness=-446414505.922656536
15473.43 secs, 1429142 evals, 1429253 steps, improv/step: 0.031 (last = 0.0211), fitness=-446414505.922732294
15503.43 secs, 1431695 evals, 1431806 steps, improv/step: 0.031 (last = 0.0223), fitness=-446414505.922732294
15533.43 secs, 1434183 evals, 1434295 steps, improv/step: 0.031 (last = 0.0209), fitness=-446414505.922793448
15563.44 secs, 1436704 evals, 1436816 steps, improv/step: 0.031 (last = 0.0234), fitness=-446414505.922827005
15593.51 secs, 1439199 evals, 1439312 steps, improv/step: 0.031 (last = 0.0200), fitness=-446414505.922875643
15623.52 secs, 1441596 evals, 1441709 steps, improv/step: 0.031 (last = 0.0167), fitness=-446414505.922875643
15653.52 secs, 1444090 evals, 1444203 steps, improv/step: 0.031 (last = 0.0277), fitness=-446414505.922913432
15683.65 secs, 1446554 evals, 1446667 steps, improv/step: 0.031 (last = 0.0150), fitness=-446414505.922929049
15713.65 secs, 1449055 evals, 1449168 steps, improv/step: 0.031 (last = 0.0208), fitness=-446414505.922945917
15743.66 secs, 1451455 evals, 1451568 steps, improv/step: 0.031 (last = 0.0258), fitness=-446414505.922949016
15774.17 secs, 1453943 evals, 1454057 steps, improv/step: 0.031 (last = 0.0333), fitness=-446414505.922971606
15804.17 secs, 1456441 evals, 1456555 steps, improv/step: 0.031 (last = 0.0296), fitness=-446414505.922985613
15834.17 secs, 1458958 evals, 1459072 steps, improv/step: 0.031 (last = 0.0330), fitness=-446414505.922996402
15864.18 secs, 1461405 evals, 1461519 steps, improv/step: 0.031 (last = 0.0360), fitness=-446414505.923007727
15894.18 secs, 1463970 evals, 1464084 steps, improv/step: 0.031 (last = 0.0437), fitness=-446414505.923015773
15924.68 secs, 1466494 evals, 1466608 steps, improv/step: 0.031 (last = 0.0412), fitness=-446414505.923024714
15954.68 secs, 1468957 evals, 1469071 steps, improv/step: 0.031 (last = 0.0483), fitness=-446414505.923029542
15984.68 secs, 1471391 evals, 1471505 steps, improv/step: 0.031 (last = 0.0534), fitness=-446414505.923036754
16014.68 secs, 1473922 evals, 1474036 steps, improv/step: 0.031 (last = 0.0565), fitness=-446414505.923053503
16044.69 secs, 1476355 evals, 1476469 steps, improv/step: 0.031 (last = 0.0514), fitness=-446414505.923054457
16074.70 secs, 1478877 evals, 1478991 steps, improv/step: 0.031 (last = 0.0559), fitness=-446414505.923055530
16105.17 secs, 1481499 evals, 1481613 steps, improv/step: 0.031 (last = 0.0530), fitness=-446414505.923072219
16135.18 secs, 1484110 evals, 1484224 steps, improv/step: 0.031 (last = 0.0326), fitness=-446414505.923077762
16165.18 secs, 1486552 evals, 1486666 steps, improv/step: 0.031 (last = 0.0217), fitness=-446414505.923082888
16195.19 secs, 1488923 evals, 1489037 steps, improv/step: 0.031 (last = 0.0190), fitness=-446414505.923088312
16225.20 secs, 1491309 evals, 1491424 steps, improv/step: 0.031 (last = 0.0247), fitness=-446414505.923093438
16255.20 secs, 1493723 evals, 1493838 steps, improv/step: 0.031 (last = 0.0141), fitness=-446414505.923093438
16285.31 secs, 1496172 evals, 1496287 steps, improv/step: 0.031 (last = 0.0155), fitness=-446414505.923095584
16315.32 secs, 1498664 evals, 1498780 steps, improv/step: 0.031 (last = 0.0205), fitness=-446414505.923100173
16345.32 secs, 1501114 evals, 1501230 steps, improv/step: 0.031 (last = 0.0147), fitness=-446414505.923100770
16375.33 secs, 1503700 evals, 1503817 steps, improv/step: 0.031 (last = 0.0166), fitness=-446414505.923104167
16405.33 secs, 1506078 evals, 1506195 steps, improv/step: 0.031 (last = 0.0114), fitness=-446414505.923105001
16435.34 secs, 1508528 evals, 1508647 steps, improv/step: 0.031 (last = 0.0143), fitness=-446414505.923105180
16465.34 secs, 1510984 evals, 1511103 steps, improv/step: 0.031 (last = 0.0175), fitness=-446414505.923106551
16495.35 secs, 1513555 evals, 1513676 steps, improv/step: 0.031 (last = 0.0179), fitness=-446414505.923106551
16525.36 secs, 1516057 evals, 1516178 steps, improv/step: 0.031 (last = 0.0156), fitness=-446414505.923106849
16555.36 secs, 1518568 evals, 1518689 steps, improv/step: 0.031 (last = 0.0135), fitness=-446414505.923108637
16585.36 secs, 1520986 evals, 1521107 steps, improv/step: 0.031 (last = 0.0165), fitness=-446414505.923109889
16615.54 secs, 1523506 evals, 1523628 steps, improv/step: 0.031 (last = 0.0143), fitness=-446414505.923110962
16645.55 secs, 1525954 evals, 1526076 steps, improv/step: 0.031 (last = 0.0127), fitness=-446414505.923111856
16676.31 secs, 1528348 evals, 1528470 steps, improv/step: 0.031 (last = 0.0150), fitness=-446414505.923114657
16706.32 secs, 1530872 evals, 1530996 steps, improv/step: 0.031 (last = 0.0238), fitness=-446414505.923115373
16736.33 secs, 1533218 evals, 1533342 steps, improv/step: 0.031 (last = 0.0183), fitness=-446414505.923115671
16766.72 secs, 1535638 evals, 1535762 steps, improv/step: 0.031 (last = 0.0194), fitness=-446414505.923117578
16796.74 secs, 1538097 evals, 1538221 steps, improv/step: 0.031 (last = 0.0240), fitness=-446414505.923119187
16826.75 secs, 1540580 evals, 1540704 steps, improv/step: 0.031 (last = 0.0153), fitness=-446414505.923119485
16856.91 secs, 1542961 evals, 1543086 steps, improv/step: 0.031 (last = 0.0164), fitness=-446414505.923121572
16887.16 secs, 1545409 evals, 1545534 steps, improv/step: 0.031 (last = 0.0225), fitness=-446414505.923123360
16917.17 secs, 1547996 evals, 1548122 steps, improv/step: 0.031 (last = 0.0182), fitness=-446414505.923123360
16947.17 secs, 1550504 evals, 1550633 steps, improv/step: 0.031 (last = 0.0195), fitness=-446414505.923124909
16977.17 secs, 1552976 evals, 1553105 steps, improv/step: 0.031 (last = 0.0170), fitness=-446414505.923124909
17007.18 secs, 1555587 evals, 1555718 steps, improv/step: 0.031 (last = 0.0165), fitness=-446414505.923125923
17037.19 secs, 1558129 evals, 1558260 steps, improv/step: 0.031 (last = 0.0201), fitness=-446414505.923127651
17067.20 secs, 1560581 evals, 1560713 steps, improv/step: 0.031 (last = 0.0151), fitness=-446414505.923129201
17097.20 secs, 1563033 evals, 1563165 steps, improv/step: 0.031 (last = 0.0143), fitness=-446414505.923129320
17127.21 secs, 1565591 evals, 1565723 steps, improv/step: 0.031 (last = 0.0172), fitness=-446414505.923130214
17157.21 secs, 1568167 evals, 1568299 steps, improv/step: 0.031 (last = 0.0155), fitness=-446414505.923130214
17187.21 secs, 1570825 evals, 1570957 steps, improv/step: 0.031 (last = 0.0211), fitness=-446414505.923130989
17217.22 secs, 1573418 evals, 1573550 steps, improv/step: 0.031 (last = 0.0216), fitness=-446414505.923131287
17248.22 secs, 1576073 evals, 1576206 steps, improv/step: 0.030 (last = 0.0169), fitness=-446414505.923131704
17278.23 secs, 1578627 evals, 1578760 steps, improv/step: 0.030 (last = 0.0208), fitness=-446414505.923132002
17308.24 secs, 1581222 evals, 1581355 steps, improv/step: 0.030 (last = 0.0197), fitness=-446414505.923132360
17338.24 secs, 1583816 evals, 1583949 steps, improv/step: 0.030 (last = 0.0185), fitness=-446414505.923132718
17368.24 secs, 1586529 evals, 1586663 steps, improv/step: 0.030 (last = 0.0173), fitness=-446414505.923132718
17398.94 secs, 1589100 evals, 1589234 steps, improv/step: 0.030 (last = 0.0218), fitness=-446414505.923133016
17428.95 secs, 1591761 evals, 1591896 steps, improv/step: 0.030 (last = 0.0199), fitness=-446414505.923133433
17458.96 secs, 1594520 evals, 1594655 steps, improv/step: 0.030 (last = 0.0181), fitness=-446414505.923133552
17489.71 secs, 1597168 evals, 1597304 steps, improv/step: 0.030 (last = 0.0215), fitness=-446414505.923133790
17519.71 secs, 1599809 evals, 1599945 steps, improv/step: 0.030 (last = 0.0273), fitness=-446414505.923134446
17549.71 secs, 1602347 evals, 1602483 steps, improv/step: 0.030 (last = 0.0280), fitness=-446414505.923134685
17579.72 secs, 1604932 evals, 1605068 steps, improv/step: 0.030 (last = 0.0236), fitness=-446414505.923134744
17609.72 secs, 1607503 evals, 1607639 steps, improv/step: 0.030 (last = 0.0202), fitness=-446414505.923134804
17639.73 secs, 1610247 evals, 1610383 steps, improv/step: 0.030 (last = 0.0182), fitness=-446414505.923135221
17669.73 secs, 1612819 evals, 1612955 steps, improv/step: 0.030 (last = 0.0276), fitness=-446414505.923135281
17699.98 secs, 1615460 evals, 1615596 steps, improv/step: 0.030 (last = 0.0356), fitness=-446414505.923135698
17729.98 secs, 1618121 evals, 1618257 steps, improv/step: 0.030 (last = 0.0282), fitness=-446414505.923136353
17759.98 secs, 1620700 evals, 1620836 steps, improv/step: 0.030 (last = 0.0333), fitness=-446414505.923136592
17789.98 secs, 1623353 evals, 1623489 steps, improv/step: 0.030 (last = 0.0275), fitness=-446414505.923136890
17819.99 secs, 1625951 evals, 1626087 steps, improv/step: 0.030 (last = 0.0216), fitness=-446414505.923137069
17849.99 secs, 1628718 evals, 1628855 steps, improv/step: 0.030 (last = 0.0231), fitness=-446414505.923137188
17879.99 secs, 1631337 evals, 1631476 steps, improv/step: 0.030 (last = 0.0156), fitness=-446414505.923137188
17910.47 secs, 1633949 evals, 1634088 steps, improv/step: 0.030 (last = 0.0157), fitness=-446414505.923137367
17940.48 secs, 1636656 evals, 1636796 steps, improv/step: 0.030 (last = 0.0177), fitness=-446414505.923137546
17970.49 secs, 1639418 evals, 1639558 steps, improv/step: 0.030 (last = 0.0235), fitness=-446414505.923137665
18000.49 secs, 1642142 evals, 1642282 steps, improv/step: 0.030 (last = 0.0162), fitness=-446414505.923137784
18030.49 secs, 1644733 evals, 1644873 steps, improv/step: 0.030 (last = 0.0178), fitness=-446414505.923137784
18060.50 secs, 1647334 evals, 1647474 steps, improv/step: 0.030 (last = 0.0142), fitness=-446414505.923137844
18090.51 secs, 1649942 evals, 1650083 steps, improv/step: 0.030 (last = 0.0119), fitness=-446414505.923137844
18120.52 secs, 1652555 evals, 1652696 steps, improv/step: 0.030 (last = 0.0138), fitness=-446414505.923137903
18150.52 secs, 1655240 evals, 1655381 steps, improv/step: 0.030 (last = 0.0149), fitness=-446414505.923138022
18180.52 secs, 1657999 evals, 1658140 steps, improv/step: 0.030 (last = 0.0170), fitness=-446414505.923138082
18210.53 secs, 1660684 evals, 1660825 steps, improv/step: 0.030 (last = 0.0127), fitness=-446414505.923138082
18240.54 secs, 1663362 evals, 1663504 steps, improv/step: 0.030 (last = 0.0134), fitness=-446414505.923138142
18270.54 secs, 1666177 evals, 1666319 steps, improv/step: 0.030 (last = 0.0117), fitness=-446414505.923138142
18300.54 secs, 1668692 evals, 1668834 steps, improv/step: 0.030 (last = 0.0131), fitness=-446414505.923138142
18330.55 secs, 1671330 evals, 1671473 steps, improv/step: 0.030 (last = 0.0152), fitness=-446414505.923138201
18360.56 secs, 1673870 evals, 1674013 steps, improv/step: 0.030 (last = 0.0177), fitness=-446414505.923138320
18390.56 secs, 1676605 evals, 1676748 steps, improv/step: 0.030 (last = 0.0168), fitness=-446414505.923138380
18420.56 secs, 1679208 evals, 1679352 steps, improv/step: 0.030 (last = 0.0173), fitness=-446414505.923138380
18450.56 secs, 1681922 evals, 1682066 steps, improv/step: 0.030 (last = 0.0088), fitness=-446414505.923138499
18480.57 secs, 1684674 evals, 1684818 steps, improv/step: 0.030 (last = 0.0109), fitness=-446414505.923138499
18510.57 secs, 1687374 evals, 1687518 steps, improv/step: 0.030 (last = 0.0107), fitness=-446414505.923138499
18540.57 secs, 1689933 evals, 1690078 steps, improv/step: 0.030 (last = 0.0090), fitness=-446414505.923138499
18570.57 secs, 1692552 evals, 1692697 steps, improv/step: 0.030 (last = 0.0126), fitness=-446414505.923138499
18600.58 secs, 1695232 evals, 1695378 steps, improv/step: 0.030 (last = 0.0127), fitness=-446414505.923138559
18630.60 secs, 1697893 evals, 1698039 steps, improv/step: 0.030 (last = 0.0105), fitness=-446414505.923138559
18660.60 secs, 1700462 evals, 1700610 steps, improv/step: 0.030 (last = 0.0144), fitness=-446414505.923138618
18690.60 secs, 1703029 evals, 1703177 steps, improv/step: 0.030 (last = 0.0144), fitness=-446414505.923138618
18720.65 secs, 1705607 evals, 1705756 steps, improv/step: 0.030 (last = 0.0136), fitness=-446414505.923138618
18750.97 secs, 1708297 evals, 1708447 steps, improv/step: 0.030 (last = 0.0123), fitness=-446414505.923138678
18780.97 secs, 1710965 evals, 1711115 steps, improv/step: 0.029 (last = 0.0071), fitness=-446414505.923138738
18810.98 secs, 1713582 evals, 1713732 steps, improv/step: 0.029 (last = 0.0141), fitness=-446414505.923138738
18840.98 secs, 1716179 evals, 1716330 steps, improv/step: 0.029 (last = 0.0085), fitness=-446414505.923138738
18870.99 secs, 1718685 evals, 1718836 steps, improv/step: 0.029 (last = 0.0092), fitness=-446414505.923138738
18901.52 secs, 1721265 evals, 1721416 steps, improv/step: 0.029 (last = 0.0093), fitness=-446414505.923138797
18931.52 secs, 1723917 evals, 1724068 steps, improv/step: 0.029 (last = 0.0079), fitness=-446414505.923138797
18961.53 secs, 1726575 evals, 1726726 steps, improv/step: 0.029 (last = 0.0075), fitness=-446414505.923138797
18991.54 secs, 1729207 evals, 1729359 steps, improv/step: 0.029 (last = 0.0099), fitness=-446414505.923138797
19021.54 secs, 1731903 evals, 1732056 steps, improv/step: 0.029 (last = 0.0067), fitness=-446414505.923138797
19051.55 secs, 1734481 evals, 1734634 steps, improv/step: 0.029 (last = 0.0070), fitness=-446414505.923138857
19081.67 secs, 1737057 evals, 1737212 steps, improv/step: 0.029 (last = 0.0074), fitness=-446414505.923138857
19112.49 secs, 1739794 evals, 1739949 steps, improv/step: 0.029 (last = 0.0037), fitness=-446414505.923138857
19142.49 secs, 1742390 evals, 1742546 steps, improv/step: 0.029 (last = 0.0050), fitness=-446414505.923138857
19172.49 secs, 1745122 evals, 1745278 steps, improv/step: 0.029 (last = 0.0073), fitness=-446414505.923138857
19202.50 secs, 1747776 evals, 1747932 steps, improv/step: 0.029 (last = 0.0064), fitness=-446414505.923138857
19232.50 secs, 1750439 evals, 1750595 steps, improv/step: 0.029 (last = 0.0079), fitness=-446414505.923138916
19262.51 secs, 1753074 evals, 1753230 steps, improv/step: 0.029 (last = 0.0068), fitness=-446414505.923138916
19292.59 secs, 1755747 evals, 1755903 steps, improv/step: 0.029 (last = 0.0045), fitness=-446414505.923138916
19322.60 secs, 1758465 evals, 1758623 steps, improv/step: 0.029 (last = 0.0044), fitness=-446414505.923138916
19352.61 secs, 1761003 evals, 1761161 steps, improv/step: 0.029 (last = 0.0043), fitness=-446414505.923138916
19382.61 secs, 1763559 evals, 1763718 steps, improv/step: 0.029 (last = 0.0031), fitness=-446414505.923138916
19412.62 secs, 1766048 evals, 1766207 steps, improv/step: 0.029 (last = 0.0032), fitness=-446414505.923138916
19442.62 secs, 1768731 evals, 1768890 steps, improv/step: 0.029 (last = 0.0060), fitness=-446414505.923138916
19472.62 secs, 1771343 evals, 1771503 steps, improv/step: 0.029 (last = 0.0061), fitness=-446414505.923138916
19502.63 secs, 1774065 evals, 1774225 steps, improv/step: 0.029 (last = 0.0073), fitness=-446414505.923138916
19532.63 secs, 1776770 evals, 1776930 steps, improv/step: 0.029 (last = 0.0030), fitness=-446414505.923138916
19562.64 secs, 1779353 evals, 1779515 steps, improv/step: 0.029 (last = 0.0097), fitness=-446414505.923138916
19592.65 secs, 1781990 evals, 1782152 steps, improv/step: 0.029 (last = 0.0057), fitness=-446414505.923138916
19623.11 secs, 1784698 evals, 1784860 steps, improv/step: 0.029 (last = 0.0052), fitness=-446414505.923138916
19653.11 secs, 1787427 evals, 1787589 steps, improv/step: 0.029 (last = 0.0040), fitness=-446414505.923138916
19683.12 secs, 1790114 evals, 1790276 steps, improv/step: 0.028 (last = 0.0063), fitness=-446414505.923138976
19713.13 secs, 1792754 evals, 1792916 steps, improv/step: 0.028 (last = 0.0053), fitness=-446414505.923138976
19744.07 secs, 1795389 evals, 1795551 steps, improv/step: 0.028 (last = 0.0038), fitness=-446414505.923138976
19774.07 secs, 1798155 evals, 1798317 steps, improv/step: 0.028 (last = 0.0061), fitness=-446414505.923138976
19804.07 secs, 1800799 evals, 1800961 steps, improv/step: 0.028 (last = 0.0091), fitness=-446414505.923139036
19834.08 secs, 1803484 evals, 1803646 steps, improv/step: 0.028 (last = 0.0034), fitness=-446414505.923139036
19864.08 secs, 1806096 evals, 1806258 steps, improv/step: 0.028 (last = 0.0042), fitness=-446414505.923139036
19894.09 secs, 1808728 evals, 1808890 steps, improv/step: 0.028 (last = 0.0076), fitness=-446414505.923139036
19924.09 secs, 1811379 evals, 1811541 steps, improv/step: 0.028 (last = 0.0072), fitness=-446414505.923139036
19954.10 secs, 1814019 evals, 1814181 steps, improv/step: 0.028 (last = 0.0034), fitness=-446414505.923139036
19984.10 secs, 1816688 evals, 1816851 steps, improv/step: 0.028 (last = 0.0060), fitness=-446414505.923139095
20014.11 secs, 1819247 evals, 1819411 steps, improv/step: 0.028 (last = 0.0070), fitness=-446414505.923139095
20044.12 secs, 1821994 evals, 1822158 steps, improv/step: 0.028 (last = 0.0084), fitness=-446414505.923139095
20074.12 secs, 1824771 evals, 1824936 steps, improv/step: 0.028 (last = 0.0047), fitness=-446414505.923139095
20104.12 secs, 1827602 evals, 1827768 steps, improv/step: 0.028 (last = 0.0078), fitness=-446414505.923139095
20134.13 secs, 1830416 evals, 1830582 steps, improv/step: 0.028 (last = 0.0043), fitness=-446414505.923139095
20164.14 secs, 1833263 evals, 1833429 steps, improv/step: 0.028 (last = 0.0063), fitness=-446414505.923139095
20194.14 secs, 1836246 evals, 1836412 steps, improv/step: 0.028 (last = 0.0070), fitness=-446414505.923139095
20224.14 secs, 1839239 evals, 1839406 steps, improv/step: 0.028 (last = 0.0070), fitness=-446414505.923139095
20254.14 secs, 1842230 evals, 1842399 steps, improv/step: 0.028 (last = 0.0067), fitness=-446414505.923139155
20284.15 secs, 1845396 evals, 1845566 steps, improv/step: 0.028 (last = 0.0117), fitness=-446414505.923139155
20314.16 secs, 1848541 evals, 1848712 steps, improv/step: 0.028 (last = 0.0105), fitness=-446414505.923139215
20344.66 secs, 1851497 evals, 1851668 steps, improv/step: 0.028 (last = 0.0064), fitness=-446414505.923139215
20374.66 secs, 1854640 evals, 1854812 steps, improv/step: 0.028 (last = 0.0083), fitness=-446414505.923139215
20404.66 secs, 1857843 evals, 1858015 steps, improv/step: 0.028 (last = 0.0062), fitness=-446414505.923139274
20435.05 secs, 1860815 evals, 1860989 steps, improv/step: 0.028 (last = 0.0067), fitness=-446414505.923139274
20465.06 secs, 1863886 evals, 1864060 steps, improv/step: 0.028 (last = 0.0075), fitness=-446414505.923139274
20495.06 secs, 1866795 evals, 1866970 steps, improv/step: 0.028 (last = 0.0055), fitness=-446414505.923139274
20525.07 secs, 1869914 evals, 1870089 steps, improv/step: 0.028 (last = 0.0093), fitness=-446414505.923139274
20555.07 secs, 1873015 evals, 1873190 steps, improv/step: 0.028 (last = 0.0052), fitness=-446414505.923139274
20585.08 secs, 1876162 evals, 1876337 steps, improv/step: 0.027 (last = 0.0029), fitness=-446414505.923139274
20615.08 secs, 1879070 evals, 1879246 steps, improv/step: 0.027 (last = 0.0069), fitness=-446414505.923139274
20645.08 secs, 1882036 evals, 1882213 steps, improv/step: 0.027 (last = 0.0037), fitness=-446414505.923139334
20675.08 secs, 1884986 evals, 1885163 steps, improv/step: 0.027 (last = 0.0081), fitness=-446414505.923139334
20705.09 secs, 1888204 evals, 1888381 steps, improv/step: 0.027 (last = 0.0050), fitness=-446414505.923139334
20735.18 secs, 1891401 evals, 1891578 steps, improv/step: 0.027 (last = 0.0059), fitness=-446414505.923139334
20765.18 secs, 1894485 evals, 1894663 steps, improv/step: 0.027 (last = 0.0042), fitness=-446414505.923139334
20795.19 secs, 1897751 evals, 1897929 steps, improv/step: 0.027 (last = 0.0043), fitness=-446414505.923139334
20825.19 secs, 1900908 evals, 1901086 steps, improv/step: 0.027 (last = 0.0044), fitness=-446414505.923139334
20855.19 secs, 1904351 evals, 1904532 steps, improv/step: 0.027 (last = 0.0044), fitness=-446414505.923139334
20885.19 secs, 1907513 evals, 1907694 steps, improv/step: 0.027 (last = 0.0047), fitness=-446414505.923139334
20915.20 secs, 1910951 evals, 1911135 steps, improv/step: 0.027 (last = 0.0041), fitness=-446414505.923139334
20945.21 secs, 1914149 evals, 1914334 steps, improv/step: 0.027 (last = 0.0016), fitness=-446414505.923139334
20975.21 secs, 1917628 evals, 1917813 steps, improv/step: 0.027 (last = 0.0020), fitness=-446414505.923139334
21005.22 secs, 1921071 evals, 1921256 steps, improv/step: 0.027 (last = 0.0035), fitness=-446414505.923139334
21035.22 secs, 1924326 evals, 1924511 steps, improv/step: 0.027 (last = 0.0049), fitness=-446414505.923139334
21065.23 secs, 1927615 evals, 1927800 steps, improv/step: 0.027 (last = 0.0018), fitness=-446414505.923139334
21095.23 secs, 1930795 evals, 1930980 steps, improv/step: 0.027 (last = 0.0025), fitness=-446414505.923139334
21125.24 secs, 1933911 evals, 1934096 steps, improv/step: 0.027 (last = 0.0022), fitness=-446414505.923139334
21155.64 secs, 1936962 evals, 1937147 steps, improv/step: 0.027 (last = 0.0023), fitness=-446414505.923139334
21185.64 secs, 1940452 evals, 1940637 steps, improv/step: 0.027 (last = 0.0029), fitness=-446414505.923139334
21215.64 secs, 1943776 evals, 1943962 steps, improv/step: 0.027 (last = 0.0024), fitness=-446414505.923139334
21245.65 secs, 1947254 evals, 1947441 steps, improv/step: 0.027 (last = 0.0020), fitness=-446414505.923139334
21275.65 secs, 1950776 evals, 1950963 steps, improv/step: 0.027 (last = 0.0026), fitness=-446414505.923139334
21305.65 secs, 1954128 evals, 1954315 steps, improv/step: 0.027 (last = 0.0021), fitness=-446414505.923139334
21335.66 secs, 1957658 evals, 1957845 steps, improv/step: 0.026 (last = 0.0023), fitness=-446414505.923139334
21365.66 secs, 1960868 evals, 1961056 steps, improv/step: 0.026 (last = 0.0009), fitness=-446414505.923139334
21395.67 secs, 1964402 evals, 1964591 steps, improv/step: 0.026 (last = 0.0017), fitness=-446414505.923139334
21425.67 secs, 1967577 evals, 1967768 steps, improv/step: 0.026 (last = 0.0019), fitness=-446414505.923139334
21455.68 secs, 1970791 evals, 1970983 steps, improv/step: 0.026 (last = 0.0028), fitness=-446414505.923139334
21485.68 secs, 1973960 evals, 1974152 steps, improv/step: 0.026 (last = 0.0025), fitness=-446414505.923139334
21515.69 secs, 1977169 evals, 1977361 steps, improv/step: 0.026 (last = 0.0025), fitness=-446414505.923139334
21546.14 secs, 1980462 evals, 1980655 steps, improv/step: 0.026 (last = 0.0021), fitness=-446414505.923139334
21576.14 secs, 1984025 evals, 1984218 steps, improv/step: 0.026 (last = 0.0014), fitness=-446414505.923139334
21606.15 secs, 1987359 evals, 1987554 steps, improv/step: 0.026 (last = 0.0012), fitness=-446414505.923139334
21636.16 secs, 1990609 evals, 1990804 steps, improv/step: 0.026 (last = 0.0015), fitness=-446414505.923139334
21666.16 secs, 1993923 evals, 1994118 steps, improv/step: 0.026 (last = 0.0018), fitness=-446414505.923139334
21696.16 secs, 1997233 evals, 1997430 steps, improv/step: 0.026 (last = 0.0027), fitness=-446414505.923139334
21726.17 secs, 2000543 evals, 2000741 steps, improv/step: 0.026 (last = 0.0021), fitness=-446414505.923139334
21756.72 secs, 2004123 evals, 2004321 steps, improv/step: 0.026 (last = 0.0006), fitness=-446414505.923139334
21786.73 secs, 2007604 evals, 2007802 steps, improv/step: 0.026 (last = 0.0009), fitness=-446414505.923139334
21816.73 secs, 2011095 evals, 2011294 steps, improv/step: 0.026 (last = 0.0009), fitness=-446414505.923139334
21846.74 secs, 2014636 evals, 2014835 steps, improv/step: 0.026 (last = 0.0014), fitness=-446414505.923139334
21877.01 secs, 2017945 evals, 2018144 steps, improv/step: 0.026 (last = 0.0012), fitness=-446414505.923139334
21907.02 secs, 2021356 evals, 2021555 steps, improv/step: 0.026 (last = 0.0023), fitness=-446414505.923139334
21937.02 secs, 2024878 evals, 2025078 steps, improv/step: 0.026 (last = 0.0020), fitness=-446414505.923139334
21967.03 secs, 2028438 evals, 2028639 steps, improv/step: 0.026 (last = 0.0020), fitness=-446414505.923139334
21997.22 secs, 2031857 evals, 2032058 steps, improv/step: 0.026 (last = 0.0003), fitness=-446414505.923139334
22027.23 secs, 2035504 evals, 2035705 steps, improv/step: 0.026 (last = 0.0014), fitness=-446414505.923139334
22057.23 secs, 2038913 evals, 2039116 steps, improv/step: 0.025 (last = 0.0012), fitness=-446414505.923139334
22087.24 secs, 2042607 evals, 2042810 steps, improv/step: 0.025 (last = 0.0011), fitness=-446414505.923139334
22117.24 secs, 2046139 evals, 2046343 steps, improv/step: 0.025 (last = 0.0017), fitness=-446414505.923139334
22148.07 secs, 2049697 evals, 2049904 steps, improv/step: 0.025 (last = 0.0022), fitness=-446414505.923139334
22178.08 secs, 2053182 evals, 2053389 steps, improv/step: 0.025 (last = 0.0014), fitness=-446414505.923139334
22208.38 secs, 2056745 evals, 2056952 steps, improv/step: 0.025 (last = 0.0034), fitness=-446414505.923139334
22238.38 secs, 2060421 evals, 2060628 steps, improv/step: 0.025 (last = 0.0016), fitness=-446414505.923139334
22268.39 secs, 2063878 evals, 2064086 steps, improv/step: 0.025 (last = 0.0020), fitness=-446414505.923139334
22298.39 secs, 2067620 evals, 2067828 steps, improv/step: 0.025 (last = 0.0008), fitness=-446414505.923139334
22328.39 secs, 2071235 evals, 2071444 steps, improv/step: 0.025 (last = 0.0017), fitness=-446414505.923139334
22358.74 secs, 2074792 evals, 2075002 steps, improv/step: 0.025 (last = 0.0008), fitness=-446414505.923139334
22388.74 secs, 2078345 evals, 2078555 steps, improv/step: 0.025 (last = 0.0008), fitness=-446414505.923139334
22418.75 secs, 2081782 evals, 2081992 steps, improv/step: 0.025 (last = 0.0012), fitness=-446414505.923139334
22448.75 secs, 2085207 evals, 2085418 steps, improv/step: 0.025 (last = 0.0020), fitness=-446414505.923139334
22478.76 secs, 2088644 evals, 2088857 steps, improv/step: 0.025 (last = 0.0006), fitness=-446414505.923139334
22508.76 secs, 2092190 evals, 2092403 steps, improv/step: 0.025 (last = 0.0020), fitness=-446414505.923139334
22538.76 secs, 2095872 evals, 2096085 steps, improv/step: 0.025 (last = 0.0011), fitness=-446414505.923139334
22568.77 secs, 2099587 evals, 2099801 steps, improv/step: 0.025 (last = 0.0019), fitness=-446414505.923139334
22599.09 secs, 2103455 evals, 2103670 steps, improv/step: 0.025 (last = 0.0005), fitness=-446414505.923139334
22629.09 secs, 2107354 evals, 2107570 steps, improv/step: 0.025 (last = 0.0008), fitness=-446414505.923139334
22659.09 secs, 2110975 evals, 2111192 steps, improv/step: 0.025 (last = 0.0008), fitness=-446414505.923139334
22689.62 secs, 2114630 evals, 2114847 steps, improv/step: 0.025 (last = 0.0014), fitness=-446414505.923139334
22719.63 secs, 2118585 evals, 2118803 steps, improv/step: 0.025 (last = 0.0010), fitness=-446414505.923139334
22749.63 secs, 2122258 evals, 2122480 steps, improv/step: 0.025 (last = 0.0003), fitness=-446414505.923139334
22779.63 secs, 2126395 evals, 2126617 steps, improv/step: 0.024 (last = 0.0007), fitness=-446414505.923139334
22810.19 secs, 2130503 evals, 2130730 steps, improv/step: 0.024 (last = 0.0012), fitness=-446414505.923139393
22840.20 secs, 2134749 evals, 2134986 steps, improv/step: 0.024 (last = 0.0009), fitness=-446414505.923139393
22870.20 secs, 2139077 evals, 2139316 steps, improv/step: 0.024 (last = 0.0012), fitness=-446414505.923139393
22900.20 secs, 2143223 evals, 2143466 steps, improv/step: 0.024 (last = 0.0019), fitness=-446414505.923139393
22930.21 secs, 2147562 evals, 2147808 steps, improv/step: 0.024 (last = 0.0007), fitness=-446414505.923139393
22960.57 secs, 2151843 evals, 2152091 steps, improv/step: 0.024 (last = 0.0009), fitness=-446414505.923139393
22990.57 secs, 2155918 evals, 2156172 steps, improv/step: 0.024 (last = 0.0007), fitness=-446414505.923139393
23020.57 secs, 2160251 evals, 2160512 steps, improv/step: 0.024 (last = 0.0012), fitness=-446414505.923139393
23051.38 secs, 2164610 evals, 2164875 steps, improv/step: 0.024 (last = 0.0011), fitness=-446414505.923139393
23081.38 secs, 2168794 evals, 2169062 steps, improv/step: 0.024 (last = 0.0024), fitness=-446414505.923139393
23111.39 secs, 2172920 evals, 2173191 steps, improv/step: 0.024 (last = 0.0019), fitness=-446414505.923139393
23141.39 secs, 2177111 evals, 2177389 steps, improv/step: 0.024 (last = 0.0005), fitness=-446414505.923139393
23171.40 secs, 2181390 evals, 2181670 steps, improv/step: 0.024 (last = 0.0002), fitness=-446414505.923139393
23201.88 secs, 2185595 evals, 2185879 steps, improv/step: 0.024 (last = 0.0014), fitness=-446414505.923139393
23231.88 secs, 2189691 evals, 2189977 steps, improv/step: 0.024 (last = 0.0010), fitness=-446414505.923139393
23261.88 secs, 2193778 evals, 2194066 steps, improv/step: 0.024 (last = 0.0010), fitness=-446414505.923139393
23291.89 secs, 2197932 evals, 2198221 steps, improv/step: 0.024 (last = 0.0012), fitness=-446414505.923139393
23321.89 secs, 2202038 evals, 2202329 steps, improv/step: 0.024 (last = 0.0007), fitness=-446414505.923139393
23351.89 secs, 2206242 evals, 2206536 steps, improv/step: 0.024 (last = 0.0036), fitness=-446414505.923139393
23381.90 secs, 2210402 evals, 2210707 steps, improv/step: 0.024 (last = 0.0019), fitness=-446414505.923139393
23411.90 secs, 2214518 evals, 2214838 steps, improv/step: 0.024 (last = 0.0027), fitness=-446414505.923139393
23441.90 secs, 2218481 evals, 2218822 steps, improv/step: 0.024 (last = 0.0010), fitness=-446414505.923139393
23472.07 secs, 2222612 evals, 2222962 steps, improv/step: 0.023 (last = 0.0017), fitness=-446414505.923139393
23502.08 secs, 2226790 evals, 2227146 steps, improv/step: 0.023 (last = 0.0048), fitness=-446414505.923139393
23532.08 secs, 2231084 evals, 2231443 steps, improv/step: 0.023 (last = 0.0023), fitness=-446414505.923139393
23562.09 secs, 2235383 evals, 2235744 steps, improv/step: 0.023 (last = 0.0030), fitness=-446414505.923139393
23592.09 secs, 2239337 evals, 2239701 steps, improv/step: 0.023 (last = 0.0033), fitness=-446414505.923139393
23622.10 secs, 2243571 evals, 2243937 steps, improv/step: 0.023 (last = 0.0038), fitness=-446414505.923139393
23652.10 secs, 2247615 evals, 2247985 steps, improv/step: 0.023 (last = 0.0054), fitness=-446414505.923139393
23682.11 secs, 2251660 evals, 2252035 steps, improv/step: 0.023 (last = 0.0067), fitness=-446414505.923139393
23712.11 secs, 2255962 evals, 2256345 steps, improv/step: 0.023 (last = 0.0158), fitness=-446414505.923139393
23742.11 secs, 2259954 evals, 2260341 steps, improv/step: 0.023 (last = 0.0395), fitness=-446414505.923139393
23772.11 secs, 2264120 evals, 2264512 steps, improv/step: 0.023 (last = 0.0304), fitness=-446414505.923139393
23802.12 secs, 2268347 evals, 2268742 steps, improv/step: 0.023 (last = 0.0504), fitness=-446414505.923139393
23832.12 secs, 2272676 evals, 2273077 steps, improv/step: 0.023 (last = 0.0884), fitness=-446414505.923139393
23862.12 secs, 2276649 evals, 2277060 steps, improv/step: 0.024 (last = 0.0783), fitness=-446414505.923139393
23892.12 secs, 2280799 evals, 2281222 steps, improv/step: 0.024 (last = 0.0954), fitness=-446414505.923139393
23922.13 secs, 2284936 evals, 2285363 steps, improv/step: 0.024 (last = 0.0809), fitness=-446414505.923139393
23952.13 secs, 2289213 evals, 2289661 steps, improv/step: 0.024 (last = 0.1052), fitness=-446414505.923139393
23982.13 secs, 2293516 evals, 2293977 steps, improv/step: 0.024 (last = 0.1182), fitness=-446414505.923139393
24012.13 secs, 2297740 evals, 2298223 steps, improv/step: 0.024 (last = 0.1359), fitness=-446414505.923139393
24042.13 secs, 2302003 evals, 2302507 steps, improv/step: 0.025 (last = 0.1443), fitness=-446414505.923139393
24072.13 secs, 2305965 evals, 2306473 steps, improv/step: 0.025 (last = 0.0940), fitness=-446414505.923139453
24102.14 secs, 2310089 evals, 2310602 steps, improv/step: 0.025 (last = 0.1240), fitness=-446414505.923139453
24132.14 secs, 2314338 evals, 2314855 steps, improv/step: 0.025 (last = 0.1380), fitness=-446414505.923139453
24162.24 secs, 2318516 evals, 2319039 steps, improv/step: 0.025 (last = 0.1295), fitness=-446414505.923139453
24193.17 secs, 2322838 evals, 2323370 steps, improv/step: 0.025 (last = 0.1406), fitness=-446414505.923139453
24223.17 secs, 2327071 evals, 2327610 steps, improv/step: 0.026 (last = 0.1656), fitness=-446414505.923139453
24253.17 secs, 2331374 evals, 2331924 steps, improv/step: 0.026 (last = 0.1562), fitness=-446414505.923139453
24283.18 secs, 2335450 evals, 2336005 steps, improv/step: 0.026 (last = 0.1595), fitness=-446414505.923139453
24313.18 secs, 2339527 evals, 2340097 steps, improv/step: 0.026 (last = 0.1848), fitness=-446414505.923139453
24343.18 secs, 2343468 evals, 2344051 steps, improv/step: 0.027 (last = 0.1834), fitness=-446414505.923139453
24373.19 secs, 2347437 evals, 2348030 steps, improv/step: 0.027 (last = 0.1885), fitness=-446414505.923139453
24403.19 secs, 2351555 evals, 2352155 steps, improv/step: 0.027 (last = 0.1981), fitness=-446414505.923139453
24433.19 secs, 2355688 evals, 2356296 steps, improv/step: 0.028 (last = 0.2538), fitness=-446414505.923139453
24463.74 secs, 2359877 evals, 2360494 steps, improv/step: 0.028 (last = 0.2532), fitness=-446414505.923139453
24493.74 secs, 2364004 evals, 2364630 steps, improv/step: 0.029 (last = 0.2868), fitness=-446414505.923139453
24523.74 secs, 2368205 evals, 2368844 steps, improv/step: 0.029 (last = 0.3251), fitness=-446414505.923139453
24553.74 secs, 2372349 evals, 2373000 steps, improv/step: 0.030 (last = 0.3147), fitness=-446414505.923139453
24583.75 secs, 2376595 evals, 2377265 steps, improv/step: 0.030 (last = 0.3200), fitness=-446414505.923139453
24613.75 secs, 2380690 evals, 2381371 steps, improv/step: 0.031 (last = 0.3171), fitness=-446414505.923139453
24644.63 secs, 2384884 evals, 2385580 steps, improv/step: 0.031 (last = 0.3937), fitness=-446414505.923139453
24674.64 secs, 2389316 evals, 2390032 steps, improv/step: 0.032 (last = 0.3708), fitness=-446414505.923139453
24704.64 secs, 2393524 evals, 2394257 steps, improv/step: 0.032 (last = 0.3707), fitness=-446414505.923139453
24734.65 secs, 2397864 evals, 2398623 steps, improv/step: 0.033 (last = 0.3539), fitness=-446414505.923139453
24764.65 secs, 2402639 evals, 2403413 steps, improv/step: 0.034 (last = 0.3626), fitness=-446414505.923139453
24794.65 secs, 2407252 evals, 2408039 steps, improv/step: 0.034 (last = 0.3913), fitness=-446414505.923139453
24824.66 secs, 2411956 evals, 2412766 steps, improv/step: 0.035 (last = 0.3444), fitness=-446414505.923139453
24854.66 secs, 2416467 evals, 2417300 steps, improv/step: 0.036 (last = 0.3844), fitness=-446414505.923139453
24884.66 secs, 2421090 evals, 2421948 steps, improv/step: 0.036 (last = 0.3926), fitness=-446414505.923139453
24914.67 secs, 2425433 evals, 2426299 steps, improv/step: 0.037 (last = 0.4011), fitness=-446414505.923139453
24944.67 secs, 2429804 evals, 2430693 steps, improv/step: 0.038 (last = 0.4122), fitness=-446414505.923139453
24974.67 secs, 2434098 evals, 2435002 steps, improv/step: 0.038 (last = 0.3980), fitness=-446414505.923139453
25004.68 secs, 2438264 evals, 2439185 steps, improv/step: 0.039 (last = 0.3713), fitness=-446414505.923139453
25034.70 secs, 2442363 evals, 2443298 steps, improv/step: 0.039 (last = 0.3705), fitness=-446414505.923139453
25064.70 secs, 2446582 evals, 2447532 steps, improv/step: 0.040 (last = 0.4348), fitness=-446414505.923139453
25094.71 secs, 2450802 evals, 2451768 steps, improv/step: 0.041 (last = 0.4127), fitness=-446414505.923139453
25124.72 secs, 2455035 evals, 2456024 steps, improv/step: 0.041 (last = 0.4584), fitness=-446414505.923139453
25154.72 secs, 2459181 evals, 2460193 steps, improv/step: 0.042 (last = 0.4166), fitness=-446414505.923139453
25184.73 secs, 2463304 evals, 2464335 steps, improv/step: 0.043 (last = 0.4401), fitness=-446414505.923139453
25214.73 secs, 2467430 evals, 2468482 steps, improv/step: 0.043 (last = 0.4422), fitness=-446414505.923139453
25244.73 secs, 2471591 evals, 2472668 steps, improv/step: 0.044 (last = 0.4967), fitness=-446414505.923139453
25274.74 secs, 2475864 evals, 2476962 steps, improv/step: 0.045 (last = 0.5447), fitness=-446414505.923139453
25304.75 secs, 2480033 evals, 2481156 steps, improv/step: 0.046 (last = 0.5246), fitness=-446414505.923139453
25334.75 secs, 2484191 evals, 2485332 steps, improv/step: 0.047 (last = 0.5833), fitness=-446414505.923139453
25364.76 secs, 2488212 evals, 2489374 steps, improv/step: 0.048 (last = 0.5698), fitness=-446414505.923139453
25394.76 secs, 2492295 evals, 2493490 steps, improv/step: 0.049 (last = 0.5824), fitness=-446414505.923139453
25424.77 secs, 2496428 evals, 2497648 steps, improv/step: 0.049 (last = 0.6039), fitness=-446414505.923139453

Optimization stopped after 2501241 steps and 25451.24 seconds
Termination reason: Max number of function evaluations (2500000) reached
Steps per second = 98.28
Function evals per second = 98.23
Improvements/step = Inf
Total function evaluations = 2500001


Best candidate found: [242.585, 176.486, 26.9578, 9.74897, 700.262, 153.579, 52.3427, 158.283, 1.0, 104.936, 8.5896e-5, 0.000854959, 0.00859149, 0.870458, 0.870836]

Fitness: -446414505.923139453

-4.4641450592313945e8

[242.5849382434795, 176.48574945471825, 26.957818408562634, 9.748966078499524, 700.2619586384317, 153.57949302295972, 52.342720094762484, 158.28344436917035, 1.0000000010588694, 104.93631632481164, 8.58960194308951e-5, 0.0008549593039099245, 0.008591490881842332, 0.8704579561642612, 0.870835615398706]

Script has finished
Wed Dec 22 03:01:27 CET 2021

------------------------------------------------------------
Sender: LSF System <schwan@makalu192>
Subject: Job 576332: <Julia_Job_parallel> in cluster <wuerfel> Done

Job <Julia_Job_parallel> was submitted from host <makalu56> by user <magr4985> in cluster <wuerfel> at Tue Dec 21 19:53:46 2021
Job was executed on host(s) <makalu192>, in queue <BatchXL>, as user <magr4985> in cluster <wuerfel> at Tue Dec 21 19:53:58 2021
</usr/scratch4/magr4985> was used as the home directory.
</usr/scratch4/magr4985/TRPL/BatchJobs/syn_data_1/Run19> was used as the working directory.
Started at Tue Dec 21 19:53:58 2021
Terminated at Wed Dec 22 03:01:27 2021
Results reported at Wed Dec 22 03:01:27 2021

Your job looked like:

------------------------------------------------------------
# LSBATCH: User input
#!/bin/csh 
#BSUB -q BatchXL 
#BSUB -R "mem > 8000 span[hosts=1] && intel_avx2" 
#BSUB -oo lsf_julia_%J.log 
#BSUB -eo lsf_julia_%J.err 
#BSUB -J Julia_Job_parallel 
#BSUB -L /bin/csh 
#BSUB -n 1 
date 
pwd 
module purge 
/usr/scratch4/magr4985/julia-1.6.2/bin/julia -t 4 /usr/scratch4/magr4985/TRPL/Programs/trpl_analysis_syn.jl 1 2500000 1 /usr/scratch4/magr4985/TRPL/BatchJobs/syn_data_1/Run19 1.0e-14 3600 "[1.0, 1.0, 1.0, 1.0, 1.0, 1.0, 1.0, 1.0, 1.0, 1.0, 1.0e-6, 1.0e-6, 1.0e-6, 1.0e-6, 1.0e-6, 1.0e-6, 1.0e-6, 1.0e-6, 1.0e-6, 1.0e-6]" "[5000.0, 5000.0, 1000.0, 1000.0, 1.0e9, 1000.0, 10000.0, 10000.0, 1000.0, 1.0e6, 1.0, 1.0, 1.0, 1.0, 1.0, 1.0, 1.0, 1.0, 1.0, 1.0]" 
date
------------------------------------------------------------

Successfully completed.

Resource usage summary:

    CPU time :                                   50341.59 sec.
    Max Memory :                                 5950.96 MB
    Average Memory :                             2683.22 MB
    Total Requested Memory :                     -
    Delta Memory :                               -
    Max Swap :                                   256 KB
    Max Processes :                              4
    Max Threads :                                12
    Run time :                                   25649 sec.
    Turnaround time :                            25661 sec.

The output (if any) is above this job summary.



PS:

Read file <lsf_julia_576332.err> for stderr output of this job.

