Warning: no access to tty (Bad file descriptor).
Thus no job control in this shell.
Warning: no access to tty (Bad file descriptor).
Thus no job control in this shell.
Sat Dec 18 15:58:43 CET 2021
/usr/scratch4/magr4985/TRPL/BatchJobs/C2704_hzb/Run19
# Thread: 4
7253921110354397265 RNG Seed
Run 1
Starting optimization with optimizer DiffEvoOpt{FitPopulation{Float64}, RadiusLimitedSelector, BlackBoxOptim.DiffEvoRandBin{3}, RandomBound{ContinuousRectSearchSpace}}
0.00 secs, 0 evals, 0 steps
30.00 secs, 2917 evals, 2829 steps, improv/step: 0.349 (last = 0.3489), fitness=-333104877.772518277
60.00 secs, 6062 evals, 5974 steps, improv/step: 0.282 (last = 0.2219), fitness=-351802569.071583271
90.00 secs, 9210 evals, 9122 steps, improv/step: 0.234 (last = 0.1417), fitness=-356560889.161391139
120.01 secs, 12361 evals, 12273 steps, improv/step: 0.199 (last = 0.1000), fitness=-356807273.460341394
150.01 secs, 15518 evals, 15430 steps, improv/step: 0.171 (last = 0.0596), fitness=-356864583.267027259
180.05 secs, 18634 evals, 18546 steps, improv/step: 0.152 (last = 0.0600), fitness=-356949051.418030977
210.05 secs, 21887 evals, 21799 steps, improv/step: 0.139 (last = 0.0664), fitness=-357055335.320370674
240.05 secs, 25183 evals, 25095 steps, improv/step: 0.131 (last = 0.0768), fitness=-357103889.511981189
270.06 secs, 28438 evals, 28350 steps, improv/step: 0.126 (last = 0.0906), fitness=-357124908.813638210
300.07 secs, 31692 evals, 31604 steps, improv/step: 0.122 (last = 0.0790), fitness=-357137683.198919296
330.07 secs, 35013 evals, 34925 steps, improv/step: 0.116 (last = 0.0611), fitness=-357141628.825680315
360.08 secs, 38328 evals, 38240 steps, improv/step: 0.111 (last = 0.0552), fitness=-357144308.372393131
390.08 secs, 41515 evals, 41427 steps, improv/step: 0.106 (last = 0.0508), fitness=-357145481.608321607
420.08 secs, 44906 evals, 44818 steps, improv/step: 0.101 (last = 0.0454), fitness=-357145921.466655791
450.08 secs, 48335 evals, 48247 steps, improv/step: 0.098 (last = 0.0516), fitness=-357146185.560445070
480.08 secs, 51708 evals, 51620 steps, improv/step: 0.094 (last = 0.0379), fitness=-357146289.096067429
510.09 secs, 55108 evals, 55020 steps, improv/step: 0.090 (last = 0.0347), fitness=-357146309.080426514
540.09 secs, 58450 evals, 58362 steps, improv/step: 0.087 (last = 0.0368), fitness=-357146366.374223053
570.10 secs, 61810 evals, 61722 steps, improv/step: 0.085 (last = 0.0378), fitness=-357146387.713213086
600.10 secs, 65222 evals, 65134 steps, improv/step: 0.083 (last = 0.0504), fitness=-357146501.307770193
630.10 secs, 68577 evals, 68489 steps, improv/step: 0.081 (last = 0.0495), fitness=-357146662.907816231
660.11 secs, 71837 evals, 71749 steps, improv/step: 0.080 (last = 0.0669), fitness=-357146686.391592264
690.11 secs, 75360 evals, 75272 steps, improv/step: 0.081 (last = 0.0837), fitness=-357146704.373306096
720.14 secs, 78929 evals, 78842 steps, improv/step: 0.080 (last = 0.0723), fitness=-357146709.557035983
750.14 secs, 82516 evals, 82429 steps, improv/step: 0.079 (last = 0.0622), fitness=-357146711.597539306
780.15 secs, 86041 evals, 85954 steps, improv/step: 0.078 (last = 0.0525), fitness=-357146712.626308799
810.15 secs, 89604 evals, 89517 steps, improv/step: 0.077 (last = 0.0415), fitness=-357146713.258140445
840.16 secs, 93134 evals, 93047 steps, improv/step: 0.075 (last = 0.0397), fitness=-357146713.401670814
870.16 secs, 96688 evals, 96602 steps, improv/step: 0.074 (last = 0.0371), fitness=-357146713.705806136
900.23 secs, 100204 evals, 100118 steps, improv/step: 0.073 (last = 0.0313), fitness=-357146713.850200772
930.23 secs, 103746 evals, 103660 steps, improv/step: 0.071 (last = 0.0350), fitness=-357146714.001277983
960.26 secs, 107289 evals, 107203 steps, improv/step: 0.070 (last = 0.0423), fitness=-357146714.163966477
990.27 secs, 110795 evals, 110710 steps, improv/step: 0.070 (last = 0.0519), fitness=-357146714.374726117
1020.27 secs, 114310 evals, 114226 steps, improv/step: 0.069 (last = 0.0501), fitness=-357146714.436190009
1050.28 secs, 117767 evals, 117683 steps, improv/step: 0.068 (last = 0.0454), fitness=-357146714.520144403
1080.28 secs, 121219 evals, 121135 steps, improv/step: 0.067 (last = 0.0336), fitness=-357146714.661497533
1110.29 secs, 124683 evals, 124599 steps, improv/step: 0.067 (last = 0.0367), fitness=-357146714.737556696
1140.30 secs, 128148 evals, 128064 steps, improv/step: 0.066 (last = 0.0491), fitness=-357146714.896616876
1170.30 secs, 131642 evals, 131558 steps, improv/step: 0.066 (last = 0.0575), fitness=-357146715.008897305
1200.30 secs, 135127 evals, 135043 steps, improv/step: 0.066 (last = 0.0545), fitness=-357146715.105295300
1230.30 secs, 138669 evals, 138585 steps, improv/step: 0.065 (last = 0.0567), fitness=-357146715.311970294
1260.31 secs, 142191 evals, 142107 steps, improv/step: 0.065 (last = 0.0557), fitness=-357146715.419625521
1290.32 secs, 145705 evals, 145622 steps, improv/step: 0.065 (last = 0.0543), fitness=-357146715.560740590
1320.32 secs, 149103 evals, 149020 steps, improv/step: 0.064 (last = 0.0403), fitness=-357146715.680383086
1350.33 secs, 152716 evals, 152633 steps, improv/step: 0.064 (last = 0.0440), fitness=-357146715.792545617
1380.33 secs, 156367 evals, 156285 steps, improv/step: 0.063 (last = 0.0389), fitness=-357146715.863972723
1410.34 secs, 159977 evals, 159895 steps, improv/step: 0.063 (last = 0.0443), fitness=-357146715.934588015
1440.37 secs, 163620 evals, 163538 steps, improv/step: 0.062 (last = 0.0395), fitness=-357146716.004167497
1470.39 secs, 167299 evals, 167217 steps, improv/step: 0.062 (last = 0.0391), fitness=-357146716.081530213
1500.40 secs, 170950 evals, 170869 steps, improv/step: 0.062 (last = 0.0509), fitness=-357146716.163068593
1530.40 secs, 174590 evals, 174509 steps, improv/step: 0.061 (last = 0.0560), fitness=-357146716.233826518
1560.40 secs, 178190 evals, 178109 steps, improv/step: 0.061 (last = 0.0517), fitness=-357146716.326720715
1590.41 secs, 181830 evals, 181749 steps, improv/step: 0.061 (last = 0.0566), fitness=-357146716.407833576
1620.41 secs, 185449 evals, 185368 steps, improv/step: 0.061 (last = 0.0539), fitness=-357146716.509696484
1650.41 secs, 189090 evals, 189009 steps, improv/step: 0.061 (last = 0.0475), fitness=-357146716.599800587
1680.45 secs, 192671 evals, 192590 steps, improv/step: 0.061 (last = 0.0480), fitness=-357146716.726411700
1710.46 secs, 196323 evals, 196242 steps, improv/step: 0.060 (last = 0.0512), fitness=-357146716.945317209
1740.46 secs, 199895 evals, 199815 steps, improv/step: 0.060 (last = 0.0540), fitness=-357146717.117270052
1770.47 secs, 203553 evals, 203473 steps, improv/step: 0.060 (last = 0.0514), fitness=-357146717.315828323
1800.47 secs, 207175 evals, 207097 steps, improv/step: 0.060 (last = 0.0447), fitness=-357146717.411868095
1830.47 secs, 210799 evals, 210721 steps, improv/step: 0.060 (last = 0.0544), fitness=-357146717.555964351
1860.48 secs, 214411 evals, 214333 steps, improv/step: 0.059 (last = 0.0435), fitness=-357146717.730820060
1890.48 secs, 217910 evals, 217833 steps, improv/step: 0.059 (last = 0.0449), fitness=-357146717.957908511
1920.53 secs, 221373 evals, 221296 steps, improv/step: 0.059 (last = 0.0381), fitness=-357146718.066340744
1950.54 secs, 224824 evals, 224747 steps, improv/step: 0.058 (last = 0.0348), fitness=-357146718.149258852
1980.54 secs, 228388 evals, 228313 steps, improv/step: 0.058 (last = 0.0314), fitness=-357146718.279178977
2010.59 secs, 231940 evals, 231865 steps, improv/step: 0.058 (last = 0.0312), fitness=-357146718.306750357
2040.60 secs, 235463 evals, 235388 steps, improv/step: 0.057 (last = 0.0346), fitness=-357146718.502196848
2070.64 secs, 239051 evals, 238976 steps, improv/step: 0.057 (last = 0.0404), fitness=-357146718.563941419
2100.64 secs, 242678 evals, 242603 steps, improv/step: 0.057 (last = 0.0392), fitness=-357146718.704939544
2130.65 secs, 246151 evals, 246076 steps, improv/step: 0.057 (last = 0.0605), fitness=-357146718.847581923
2160.65 secs, 249578 evals, 249504 steps, improv/step: 0.057 (last = 0.0616), fitness=-357146718.998204470
2190.65 secs, 253121 evals, 253047 steps, improv/step: 0.057 (last = 0.0745), fitness=-357146719.090132535
2220.76 secs, 256671 evals, 256597 steps, improv/step: 0.057 (last = 0.0628), fitness=-357146719.166073084
2250.85 secs, 260229 evals, 260155 steps, improv/step: 0.058 (last = 0.0790), fitness=-357146719.241986156
2280.85 secs, 263737 evals, 263663 steps, improv/step: 0.058 (last = 0.0941), fitness=-357146719.299910784
2310.85 secs, 267322 evals, 267249 steps, improv/step: 0.058 (last = 0.0736), fitness=-357146719.364492834
2340.85 secs, 270874 evals, 270801 steps, improv/step: 0.058 (last = 0.0633), fitness=-357146719.405512691
2370.85 secs, 274400 evals, 274327 steps, improv/step: 0.058 (last = 0.0590), fitness=-357146719.465531647
2400.85 secs, 277981 evals, 277908 steps, improv/step: 0.058 (last = 0.0659), fitness=-357146719.535845995
2430.85 secs, 281559 evals, 281486 steps, improv/step: 0.058 (last = 0.0520), fitness=-357146719.615934372
2460.85 secs, 285135 evals, 285062 steps, improv/step: 0.058 (last = 0.0551), fitness=-357146719.723539829
2490.86 secs, 288717 evals, 288646 steps, improv/step: 0.058 (last = 0.0555), fitness=-357146719.791377544
2520.86 secs, 292292 evals, 292221 steps, improv/step: 0.058 (last = 0.0629), fitness=-357146719.902190626
2550.88 secs, 295796 evals, 295725 steps, improv/step: 0.058 (last = 0.0477), fitness=-357146720.017542124
2580.98 secs, 299305 evals, 299234 steps, improv/step: 0.058 (last = 0.0470), fitness=-357146720.059394598
2610.98 secs, 302903 evals, 302833 steps, improv/step: 0.058 (last = 0.0403), fitness=-357146720.132387817
2640.98 secs, 306391 evals, 306321 steps, improv/step: 0.058 (last = 0.0593), fitness=-357146720.229886770
2671.03 secs, 309924 evals, 309854 steps, improv/step: 0.058 (last = 0.0614), fitness=-357146720.313929439
2701.04 secs, 313413 evals, 313344 steps, improv/step: 0.058 (last = 0.0533), fitness=-357146720.474883378
2731.05 secs, 316927 evals, 316858 steps, improv/step: 0.058 (last = 0.0586), fitness=-357146720.603446126
2761.05 secs, 320430 evals, 320362 steps, improv/step: 0.058 (last = 0.0525), fitness=-357146720.680630445
2791.05 secs, 323942 evals, 323874 steps, improv/step: 0.058 (last = 0.0453), fitness=-357146720.936839521
2821.11 secs, 327472 evals, 327405 steps, improv/step: 0.058 (last = 0.0442), fitness=-357146721.228354037
2851.11 secs, 330948 evals, 330881 steps, improv/step: 0.057 (last = 0.0409), fitness=-357146721.315994918
2881.12 secs, 334441 evals, 334375 steps, improv/step: 0.057 (last = 0.0346), fitness=-357146721.357516587
2911.12 secs, 338003 evals, 337939 steps, improv/step: 0.057 (last = 0.0412), fitness=-357146721.535583556
2941.13 secs, 341533 evals, 341470 steps, improv/step: 0.057 (last = 0.0411), fitness=-357146721.618103504
2971.14 secs, 344974 evals, 344912 steps, improv/step: 0.057 (last = 0.0436), fitness=-357146721.731980503
3001.14 secs, 348467 evals, 348405 steps, improv/step: 0.057 (last = 0.0510), fitness=-357146721.825255394
3031.19 secs, 351988 evals, 351927 steps, improv/step: 0.057 (last = 0.0508), fitness=-357146721.884614706
3061.20 secs, 355512 evals, 355451 steps, improv/step: 0.056 (last = 0.0511), fitness=-357146721.918267608
3091.20 secs, 359048 evals, 358987 steps, improv/step: 0.057 (last = 0.0600), fitness=-357146722.009888172
3121.36 secs, 362587 evals, 362526 steps, improv/step: 0.056 (last = 0.0472), fitness=-357146722.039632976
3151.36 secs, 366088 evals, 366028 steps, improv/step: 0.056 (last = 0.0454), fitness=-357146722.081015646
3181.40 secs, 369554 evals, 369494 steps, improv/step: 0.056 (last = 0.0436), fitness=-357146722.171251237
3211.40 secs, 373033 evals, 372973 steps, improv/step: 0.056 (last = 0.0618), fitness=-357146722.363286138
3241.40 secs, 376525 evals, 376466 steps, improv/step: 0.056 (last = 0.0495), fitness=-357146722.585592091
3271.47 secs, 380068 evals, 380009 steps, improv/step: 0.056 (last = 0.0446), fitness=-357146722.666112542
3301.47 secs, 383500 evals, 383442 steps, improv/step: 0.056 (last = 0.0431), fitness=-357146722.832848787
3331.47 secs, 386863 evals, 386806 steps, improv/step: 0.056 (last = 0.0378), fitness=-357146722.932658851
3361.47 secs, 390386 evals, 390330 steps, improv/step: 0.056 (last = 0.0499), fitness=-357146723.054542780
3391.47 secs, 393927 evals, 393871 steps, improv/step: 0.056 (last = 0.0438), fitness=-357146723.262363553
3421.48 secs, 397480 evals, 397425 steps, improv/step: 0.056 (last = 0.0467), fitness=-357146723.582417250
3451.48 secs, 401037 evals, 400982 steps, improv/step: 0.055 (last = 0.0304), fitness=-357146723.669334173
3481.48 secs, 404547 evals, 404492 steps, improv/step: 0.055 (last = 0.0228), fitness=-357146724.063066483
3511.49 secs, 407978 evals, 407923 steps, improv/step: 0.055 (last = 0.0361), fitness=-357146724.278429329
3541.49 secs, 411533 evals, 411480 steps, improv/step: 0.055 (last = 0.0309), fitness=-357146724.443766594
3571.50 secs, 415041 evals, 414988 steps, improv/step: 0.054 (last = 0.0308), fitness=-357146724.618697405
3601.50 secs, 418555 evals, 418502 steps, improv/step: 0.054 (last = 0.0310), fitness=-357146724.796738863
3631.51 secs, 422027 evals, 421975 steps, improv/step: 0.054 (last = 0.0251), fitness=-357146725.478055358
3661.51 secs, 425461 evals, 425409 steps, improv/step: 0.054 (last = 0.0248), fitness=-357146725.673799455
3691.51 secs, 428982 evals, 428931 steps, improv/step: 0.054 (last = 0.0261), fitness=-357146726.251362264
3721.52 secs, 432467 evals, 432417 steps, improv/step: 0.053 (last = 0.0290), fitness=-357146726.418224871
3751.52 secs, 435935 evals, 435885 steps, improv/step: 0.053 (last = 0.0433), fitness=-357146726.725036263
3781.53 secs, 439453 evals, 439403 steps, improv/step: 0.053 (last = 0.0279), fitness=-357146727.468260288
3811.53 secs, 442943 evals, 442893 steps, improv/step: 0.053 (last = 0.0209), fitness=-357146727.888092756
3841.53 secs, 446440 evals, 446390 steps, improv/step: 0.053 (last = 0.0189), fitness=-357146727.993340254
3871.58 secs, 449846 evals, 449796 steps, improv/step: 0.052 (last = 0.0200), fitness=-357146728.075544894
3901.59 secs, 453275 evals, 453225 steps, improv/step: 0.052 (last = 0.0149), fitness=-357146728.717785597
3931.59 secs, 456716 evals, 456668 steps, improv/step: 0.052 (last = 0.0177), fitness=-357146729.132203043
3961.59 secs, 460243 evals, 460196 steps, improv/step: 0.052 (last = 0.0230), fitness=-357146729.956561506
3991.59 secs, 463649 evals, 463604 steps, improv/step: 0.051 (last = 0.0191), fitness=-357146730.537929475
4021.60 secs, 467088 evals, 467043 steps, improv/step: 0.051 (last = 0.0183), fitness=-357146731.640097260
4051.60 secs, 470584 evals, 470539 steps, improv/step: 0.051 (last = 0.0180), fitness=-357146731.668852091
4081.60 secs, 474031 evals, 473986 steps, improv/step: 0.051 (last = 0.0244), fitness=-357146731.903192878
4111.66 secs, 477435 evals, 477392 steps, improv/step: 0.050 (last = 0.0229), fitness=-357146732.738433361
4141.72 secs, 480913 evals, 480871 steps, improv/step: 0.050 (last = 0.0190), fitness=-357146733.509952605
4171.72 secs, 484444 evals, 484402 steps, improv/step: 0.050 (last = 0.0187), fitness=-357146733.751609683
4201.72 secs, 487968 evals, 487926 steps, improv/step: 0.050 (last = 0.0241), fitness=-357146734.243759871
4231.72 secs, 491454 evals, 491412 steps, improv/step: 0.050 (last = 0.0198), fitness=-357146735.499218762
4261.73 secs, 494750 evals, 494708 steps, improv/step: 0.049 (last = 0.0194), fitness=-357146736.163784802
4291.73 secs, 498151 evals, 498109 steps, improv/step: 0.049 (last = 0.0165), fitness=-357146737.869006932
4321.74 secs, 501595 evals, 501553 steps, improv/step: 0.049 (last = 0.0200), fitness=-357146738.389664769
4351.86 secs, 505069 evals, 505027 steps, improv/step: 0.049 (last = 0.0204), fitness=-357146738.873279095
4381.87 secs, 508563 evals, 508522 steps, improv/step: 0.049 (last = 0.0175), fitness=-357146739.975950480
4411.87 secs, 512052 evals, 512011 steps, improv/step: 0.048 (last = 0.0183), fitness=-357146740.643596768
4442.02 secs, 515550 evals, 515509 steps, improv/step: 0.048 (last = 0.0266), fitness=-357146740.775531530
4472.02 secs, 519047 evals, 519008 steps, improv/step: 0.048 (last = 0.0183), fitness=-357146741.606706321
4502.02 secs, 522480 evals, 522441 steps, improv/step: 0.048 (last = 0.0151), fitness=-357146741.920701802
4532.08 secs, 525912 evals, 525873 steps, improv/step: 0.048 (last = 0.0163), fitness=-357146742.752000391
4562.08 secs, 529381 evals, 529343 steps, improv/step: 0.047 (last = 0.0196), fitness=-357146743.503129840
4592.09 secs, 532750 evals, 532712 steps, improv/step: 0.047 (last = 0.0181), fitness=-357146744.003842056
4622.19 secs, 536054 evals, 536017 steps, improv/step: 0.047 (last = 0.0163), fitness=-357146744.551384568
4652.20 secs, 539542 evals, 539506 steps, improv/step: 0.047 (last = 0.0149), fitness=-357146744.919426143
4682.20 secs, 542954 evals, 542919 steps, improv/step: 0.047 (last = 0.0190), fitness=-357146745.456813395
4712.20 secs, 546412 evals, 546377 steps, improv/step: 0.046 (last = 0.0150), fitness=-357146745.926565409
4742.42 secs, 549904 evals, 549870 steps, improv/step: 0.046 (last = 0.0192), fitness=-357146746.051373720
4772.42 secs, 553314 evals, 553280 steps, improv/step: 0.046 (last = 0.0155), fitness=-357146746.529275775
4802.43 secs, 556740 evals, 556706 steps, improv/step: 0.046 (last = 0.0172), fitness=-357146746.632234573
4832.43 secs, 560153 evals, 560120 steps, improv/step: 0.046 (last = 0.0170), fitness=-357146747.032996476
4862.56 secs, 563635 evals, 563604 steps, improv/step: 0.046 (last = 0.0158), fitness=-357146747.357099056
4892.56 secs, 567118 evals, 567088 steps, improv/step: 0.045 (last = 0.0169), fitness=-357146747.708660483
4922.57 secs, 570604 evals, 570574 steps, improv/step: 0.045 (last = 0.0207), fitness=-357146747.984222829
4952.57 secs, 574115 evals, 574086 steps, improv/step: 0.045 (last = 0.0168), fitness=-357146748.593332052
4982.57 secs, 577603 evals, 577576 steps, improv/step: 0.045 (last = 0.0140), fitness=-357146748.880096257
5012.58 secs, 580977 evals, 580950 steps, improv/step: 0.045 (last = 0.0205), fitness=-357146749.079643846
5042.58 secs, 584412 evals, 584385 steps, improv/step: 0.045 (last = 0.0169), fitness=-357146749.426558614
5072.58 secs, 587851 evals, 587824 steps, improv/step: 0.044 (last = 0.0177), fitness=-357146749.706347525
5102.66 secs, 591275 evals, 591248 steps, improv/step: 0.044 (last = 0.0161), fitness=-357146750.140715361
5132.72 secs, 594751 evals, 594724 steps, improv/step: 0.044 (last = 0.0193), fitness=-357146750.364378333
5162.83 secs, 598243 evals, 598217 steps, improv/step: 0.044 (last = 0.0160), fitness=-357146750.522359431
5192.84 secs, 601745 evals, 601720 steps, improv/step: 0.044 (last = 0.0231), fitness=-357146751.096921802
5222.84 secs, 605226 evals, 605204 steps, improv/step: 0.044 (last = 0.0164), fitness=-357146751.591615498
5252.84 secs, 608696 evals, 608674 steps, improv/step: 0.043 (last = 0.0196), fitness=-357146752.130132616
5282.84 secs, 612092 evals, 612071 steps, improv/step: 0.043 (last = 0.0153), fitness=-357146752.130132616
5312.85 secs, 615510 evals, 615491 steps, improv/step: 0.043 (last = 0.0143), fitness=-357146752.698303819
5342.85 secs, 618938 evals, 618919 steps, improv/step: 0.043 (last = 0.0137), fitness=-357146752.812071621
5372.86 secs, 622378 evals, 622360 steps, improv/step: 0.043 (last = 0.0163), fitness=-357146752.899296343
5402.86 secs, 625815 evals, 625797 steps, improv/step: 0.043 (last = 0.0180), fitness=-357146753.156089425
5432.86 secs, 629240 evals, 629222 steps, improv/step: 0.043 (last = 0.0228), fitness=-357146753.333528638
5462.87 secs, 632655 evals, 632637 steps, improv/step: 0.042 (last = 0.0199), fitness=-357146753.451605022
5492.87 secs, 636069 evals, 636051 steps, improv/step: 0.042 (last = 0.0170), fitness=-357146753.608287096
5522.87 secs, 639429 evals, 639411 steps, improv/step: 0.042 (last = 0.0244), fitness=-357146753.787104607
5552.88 secs, 642900 evals, 642882 steps, improv/step: 0.042 (last = 0.0282), fitness=-357146753.954936743
5582.88 secs, 646388 evals, 646371 steps, improv/step: 0.042 (last = 0.0264), fitness=-357146753.974158883
5612.99 secs, 649722 evals, 649706 steps, improv/step: 0.042 (last = 0.0216), fitness=-357146754.311061859
5642.99 secs, 653178 evals, 653164 steps, improv/step: 0.042 (last = 0.0205), fitness=-357146754.423239350
5673.00 secs, 656642 evals, 656629 steps, improv/step: 0.042 (last = 0.0188), fitness=-357146754.512993574
5703.00 secs, 660052 evals, 660042 steps, improv/step: 0.042 (last = 0.0176), fitness=-357146754.566544175
5733.00 secs, 663474 evals, 663464 steps, improv/step: 0.042 (last = 0.0155), fitness=-357146754.805872977
5763.12 secs, 666929 evals, 666920 steps, improv/step: 0.041 (last = 0.0185), fitness=-357146754.929576993
5793.12 secs, 670368 evals, 670360 steps, improv/step: 0.041 (last = 0.0119), fitness=-357146755.061773419
5823.13 secs, 673726 evals, 673720 steps, improv/step: 0.041 (last = 0.0176), fitness=-357146755.271227539
5853.13 secs, 677128 evals, 677123 steps, improv/step: 0.041 (last = 0.0188), fitness=-357146755.447090387
5883.13 secs, 680466 evals, 680461 steps, improv/step: 0.041 (last = 0.0168), fitness=-357146755.548814893
5913.13 secs, 683855 evals, 683852 steps, improv/step: 0.041 (last = 0.0150), fitness=-357146755.718314946
5943.13 secs, 687296 evals, 687293 steps, improv/step: 0.041 (last = 0.0139), fitness=-357146755.784454465
5973.14 secs, 690635 evals, 690633 steps, improv/step: 0.041 (last = 0.0192), fitness=-357146755.854914308
6003.14 secs, 694138 evals, 694138 steps, improv/step: 0.040 (last = 0.0177), fitness=-357146756.067264318
6033.15 secs, 697582 evals, 697585 steps, improv/step: 0.040 (last = 0.0180), fitness=-357146756.082253814
6063.15 secs, 700956 evals, 700959 steps, improv/step: 0.040 (last = 0.0160), fitness=-357146756.103473246
6093.17 secs, 704428 evals, 704431 steps, improv/step: 0.040 (last = 0.0150), fitness=-357146756.322199941
6123.18 secs, 707924 evals, 707927 steps, improv/step: 0.040 (last = 0.0146), fitness=-357146756.424990416
6153.19 secs, 711336 evals, 711340 steps, improv/step: 0.040 (last = 0.0196), fitness=-357146756.499401152
6183.19 secs, 714756 evals, 714761 steps, improv/step: 0.040 (last = 0.0170), fitness=-357146756.756252229
6213.20 secs, 718203 evals, 718208 steps, improv/step: 0.040 (last = 0.0145), fitness=-357146756.832158029
6243.20 secs, 721592 evals, 721597 steps, improv/step: 0.039 (last = 0.0127), fitness=-357146756.848555267
6273.21 secs, 725043 evals, 725049 steps, improv/step: 0.039 (last = 0.0165), fitness=-357146756.994093657
6303.28 secs, 728428 evals, 728435 steps, improv/step: 0.039 (last = 0.0157), fitness=-357146757.024035275
6333.29 secs, 731807 evals, 731815 steps, improv/step: 0.039 (last = 0.0169), fitness=-357146757.054054677
6363.30 secs, 735262 evals, 735271 steps, improv/step: 0.039 (last = 0.0226), fitness=-357146757.193104744
6393.30 secs, 738708 evals, 738718 steps, improv/step: 0.039 (last = 0.0125), fitness=-357146757.232491374
6423.30 secs, 742149 evals, 742160 steps, improv/step: 0.039 (last = 0.0137), fitness=-357146757.357742429
6453.48 secs, 745571 evals, 745583 steps, improv/step: 0.039 (last = 0.0184), fitness=-357146757.551820755
6483.48 secs, 748920 evals, 748934 steps, improv/step: 0.039 (last = 0.0164), fitness=-357146757.592708111
6513.48 secs, 752265 evals, 752281 steps, improv/step: 0.039 (last = 0.0200), fitness=-357146757.756386757
6543.48 secs, 755603 evals, 755620 steps, improv/step: 0.038 (last = 0.0159), fitness=-357146757.756862044
6573.49 secs, 759040 evals, 759057 steps, improv/step: 0.038 (last = 0.0186), fitness=-357146757.827557981
6603.49 secs, 762429 evals, 762448 steps, improv/step: 0.038 (last = 0.0209), fitness=-357146757.900965095
6633.49 secs, 765859 evals, 765881 steps, improv/step: 0.038 (last = 0.0195), fitness=-357146757.922067046
6663.49 secs, 769367 evals, 769390 steps, improv/step: 0.038 (last = 0.0199), fitness=-357146757.967758060
6693.50 secs, 772845 evals, 772868 steps, improv/step: 0.038 (last = 0.0129), fitness=-357146758.021803200
6723.69 secs, 776267 evals, 776291 steps, improv/step: 0.038 (last = 0.0210), fitness=-357146758.038560331
6753.70 secs, 779765 evals, 779790 steps, improv/step: 0.038 (last = 0.0272), fitness=-357146758.116818666
6783.71 secs, 783241 evals, 783267 steps, improv/step: 0.038 (last = 0.0219), fitness=-357146758.187738299
6813.71 secs, 786701 evals, 786727 steps, improv/step: 0.038 (last = 0.0199), fitness=-357146758.237438321
6843.71 secs, 790112 evals, 790139 steps, improv/step: 0.038 (last = 0.0229), fitness=-357146758.253719509
6873.71 secs, 793522 evals, 793549 steps, improv/step: 0.038 (last = 0.0158), fitness=-357146758.313854039
6903.71 secs, 796966 evals, 796995 steps, improv/step: 0.037 (last = 0.0197), fitness=-357146758.396802306
6933.88 secs, 800418 evals, 800449 steps, improv/step: 0.037 (last = 0.0127), fitness=-357146758.429420829
6964.04 secs, 803804 evals, 803836 steps, improv/step: 0.037 (last = 0.0151), fitness=-357146758.499935687
6994.04 secs, 807279 evals, 807312 steps, improv/step: 0.037 (last = 0.0098), fitness=-357146758.499935687
7024.05 secs, 810664 evals, 810697 steps, improv/step: 0.037 (last = 0.0133), fitness=-357146758.506268024
7054.05 secs, 814074 evals, 814107 steps, improv/step: 0.037 (last = 0.0147), fitness=-357146758.618079126
7084.05 secs, 817505 evals, 817539 steps, improv/step: 0.037 (last = 0.0128), fitness=-357146758.671711326
7114.05 secs, 820944 evals, 820978 steps, improv/step: 0.037 (last = 0.0140), fitness=-357146758.717878580
7144.06 secs, 824380 evals, 824414 steps, improv/step: 0.037 (last = 0.0128), fitness=-357146758.726336598
7174.06 secs, 827804 evals, 827838 steps, improv/step: 0.037 (last = 0.0111), fitness=-357146758.726336598
7204.07 secs, 831166 evals, 831200 steps, improv/step: 0.036 (last = 0.0152), fitness=-357146758.769230008
7234.07 secs, 834519 evals, 834553 steps, improv/step: 0.036 (last = 0.0131), fitness=-357146758.769230008
7264.34 secs, 837940 evals, 837974 steps, improv/step: 0.036 (last = 0.0129), fitness=-357146758.807092428
7294.34 secs, 841350 evals, 841384 steps, improv/step: 0.036 (last = 0.0135), fitness=-357146758.816621959
7324.57 secs, 844720 evals, 844755 steps, improv/step: 0.036 (last = 0.0101), fitness=-357146758.829105198
7354.57 secs, 848189 evals, 848225 steps, improv/step: 0.036 (last = 0.0133), fitness=-357146758.845424175
7384.58 secs, 851695 evals, 851731 steps, improv/step: 0.036 (last = 0.0140), fitness=-357146758.865428269
7414.58 secs, 855203 evals, 855240 steps, improv/step: 0.036 (last = 0.0140), fitness=-357146758.878894925
7444.68 secs, 858691 evals, 858728 steps, improv/step: 0.036 (last = 0.0123), fitness=-357146758.883452177
7474.69 secs, 862194 evals, 862233 steps, improv/step: 0.036 (last = 0.0128), fitness=-357146758.904175162
7504.69 secs, 865653 evals, 865695 steps, improv/step: 0.036 (last = 0.0144), fitness=-357146758.908377826
7534.69 secs, 869099 evals, 869141 steps, improv/step: 0.035 (last = 0.0145), fitness=-357146758.943182290
7564.69 secs, 872596 evals, 872640 steps, improv/step: 0.035 (last = 0.0126), fitness=-357146758.943182290
7594.70 secs, 876010 evals, 876054 steps, improv/step: 0.035 (last = 0.0141), fitness=-357146758.943182290
7624.74 secs, 879446 evals, 879492 steps, improv/step: 0.035 (last = 0.0157), fitness=-357146758.958969295
7654.74 secs, 882883 evals, 882931 steps, improv/step: 0.035 (last = 0.0113), fitness=-357146758.959044099
7684.80 secs, 886363 evals, 886411 steps, improv/step: 0.035 (last = 0.0181), fitness=-357146758.999974787
7714.80 secs, 889762 evals, 889812 steps, improv/step: 0.035 (last = 0.0162), fitness=-357146759.007890999
7744.81 secs, 893111 evals, 893161 steps, improv/step: 0.035 (last = 0.0152), fitness=-357146759.019506633
7774.82 secs, 896506 evals, 896557 steps, improv/step: 0.035 (last = 0.0156), fitness=-357146759.019506633
7804.82 secs, 899857 evals, 899908 steps, improv/step: 0.035 (last = 0.0131), fitness=-357146759.025312006
7834.83 secs, 903299 evals, 903352 steps, improv/step: 0.035 (last = 0.0139), fitness=-357146759.025312006
7864.83 secs, 906714 evals, 906767 steps, improv/step: 0.035 (last = 0.0158), fitness=-357146759.038267255
7894.83 secs, 910156 evals, 910211 steps, improv/step: 0.035 (last = 0.0166), fitness=-357146759.043352962
7924.84 secs, 913550 evals, 913605 steps, improv/step: 0.034 (last = 0.0141), fitness=-357146759.047663808
7954.85 secs, 916966 evals, 917021 steps, improv/step: 0.034 (last = 0.0155), fitness=-357146759.054476321
7984.86 secs, 920360 evals, 920415 steps, improv/step: 0.034 (last = 0.0177), fitness=-357146759.056652963
8014.86 secs, 923810 evals, 923867 steps, improv/step: 0.034 (last = 0.0148), fitness=-357146759.058060706
8044.87 secs, 927157 evals, 927215 steps, improv/step: 0.034 (last = 0.0164), fitness=-357146759.063876271
8074.87 secs, 930592 evals, 930651 steps, improv/step: 0.034 (last = 0.0212), fitness=-357146759.068143308
8104.87 secs, 933995 evals, 934054 steps, improv/step: 0.034 (last = 0.0200), fitness=-357146759.076481819
8134.87 secs, 937413 evals, 937472 steps, improv/step: 0.034 (last = 0.0231), fitness=-357146759.079221249
8164.87 secs, 940782 evals, 940842 steps, improv/step: 0.034 (last = 0.0187), fitness=-357146759.080691278
8194.87 secs, 944204 evals, 944265 steps, improv/step: 0.034 (last = 0.0286), fitness=-357146759.087964177
8224.88 secs, 947677 evals, 947738 steps, improv/step: 0.034 (last = 0.0213), fitness=-357146759.089833736
8254.88 secs, 951040 evals, 951102 steps, improv/step: 0.034 (last = 0.0265), fitness=-357146759.094463229
8285.04 secs, 954471 evals, 954534 steps, improv/step: 0.034 (last = 0.0297), fitness=-357146759.102302432
8315.04 secs, 957869 evals, 957932 steps, improv/step: 0.034 (last = 0.0232), fitness=-357146759.106888413
8345.05 secs, 961284 evals, 961347 steps, improv/step: 0.034 (last = 0.0237), fitness=-357146759.108940244
8375.05 secs, 964748 evals, 964811 steps, improv/step: 0.034 (last = 0.0237), fitness=-357146759.110218167
8405.19 secs, 968123 evals, 968187 steps, improv/step: 0.034 (last = 0.0181), fitness=-357146759.115743041
8435.19 secs, 971434 evals, 971498 steps, improv/step: 0.034 (last = 0.0154), fitness=-357146759.115984559
8465.46 secs, 974858 evals, 974922 steps, improv/step: 0.034 (last = 0.0129), fitness=-357146759.118660092
8495.59 secs, 978240 evals, 978304 steps, improv/step: 0.034 (last = 0.0192), fitness=-357146759.120384872
8525.59 secs, 981615 evals, 981680 steps, improv/step: 0.034 (last = 0.0210), fitness=-357146759.127509296
8555.60 secs, 984979 evals, 985045 steps, improv/step: 0.033 (last = 0.0226), fitness=-357146759.128272355
8585.60 secs, 988401 evals, 988469 steps, improv/step: 0.033 (last = 0.0213), fitness=-357146759.134348094
8615.61 secs, 991835 evals, 991903 steps, improv/step: 0.033 (last = 0.0218), fitness=-357146759.135542989
8645.62 secs, 995291 evals, 995359 steps, improv/step: 0.033 (last = 0.0145), fitness=-357146759.139170289
8675.62 secs, 998753 evals, 998821 steps, improv/step: 0.033 (last = 0.0202), fitness=-357146759.143229425
8705.75 secs, 1002198 evals, 1002267 steps, improv/step: 0.033 (last = 0.0154), fitness=-357146759.144536614
8735.76 secs, 1005645 evals, 1005714 steps, improv/step: 0.033 (last = 0.0131), fitness=-357146759.145387292
8765.76 secs, 1009093 evals, 1009162 steps, improv/step: 0.033 (last = 0.0162), fitness=-357146759.145980954
8795.76 secs, 1012433 evals, 1012502 steps, improv/step: 0.033 (last = 0.0183), fitness=-357146759.147428870
8825.76 secs, 1015821 evals, 1015891 steps, improv/step: 0.033 (last = 0.0183), fitness=-357146759.147902310
8855.77 secs, 1019175 evals, 1019245 steps, improv/step: 0.033 (last = 0.0155), fitness=-357146759.148779809
8886.03 secs, 1022491 evals, 1022561 steps, improv/step: 0.033 (last = 0.0235), fitness=-357146759.151456356
8916.03 secs, 1025894 evals, 1025964 steps, improv/step: 0.033 (last = 0.0176), fitness=-357146759.155507207
8946.04 secs, 1029280 evals, 1029351 steps, improv/step: 0.033 (last = 0.0165), fitness=-357146759.156521976
8976.05 secs, 1032743 evals, 1032814 steps, improv/step: 0.033 (last = 0.0185), fitness=-357146759.157091498
9006.05 secs, 1036038 evals, 1036109 steps, improv/step: 0.033 (last = 0.0197), fitness=-357146759.160003543
9036.05 secs, 1039473 evals, 1039544 steps, improv/step: 0.033 (last = 0.0175), fitness=-357146759.161425114
9066.05 secs, 1042918 evals, 1042990 steps, improv/step: 0.033 (last = 0.0174), fitness=-357146759.164768338
9096.05 secs, 1046364 evals, 1046437 steps, improv/step: 0.033 (last = 0.0174), fitness=-357146759.167010665
9126.06 secs, 1049743 evals, 1049817 steps, improv/step: 0.033 (last = 0.0186), fitness=-357146759.168257952
9156.06 secs, 1053126 evals, 1053200 steps, improv/step: 0.032 (last = 0.0136), fitness=-357146759.169435859
9186.07 secs, 1056498 evals, 1056572 steps, improv/step: 0.032 (last = 0.0166), fitness=-357146759.171411335
9216.07 secs, 1059856 evals, 1059932 steps, improv/step: 0.032 (last = 0.0205), fitness=-357146759.171747267
9246.08 secs, 1063197 evals, 1063273 steps, improv/step: 0.032 (last = 0.0180), fitness=-357146759.174003243
9276.08 secs, 1066541 evals, 1066618 steps, improv/step: 0.032 (last = 0.0197), fitness=-357146759.174003243
9306.09 secs, 1069903 evals, 1069982 steps, improv/step: 0.032 (last = 0.0202), fitness=-357146759.175382733
9336.09 secs, 1073279 evals, 1073358 steps, improv/step: 0.032 (last = 0.0207), fitness=-357146759.176410794
9366.09 secs, 1076643 evals, 1076722 steps, improv/step: 0.032 (last = 0.0196), fitness=-357146759.177511930
9396.09 secs, 1080065 evals, 1080144 steps, improv/step: 0.032 (last = 0.0175), fitness=-357146759.177545667
9426.10 secs, 1083485 evals, 1083564 steps, improv/step: 0.032 (last = 0.0140), fitness=-357146759.178997934
9456.10 secs, 1086805 evals, 1086884 steps, improv/step: 0.032 (last = 0.0102), fitness=-357146759.179977417
9486.10 secs, 1090190 evals, 1090271 steps, improv/step: 0.032 (last = 0.0124), fitness=-357146759.180948436
9516.11 secs, 1093504 evals, 1093585 steps, improv/step: 0.032 (last = 0.0187), fitness=-357146759.181347430
9546.11 secs, 1096829 evals, 1096911 steps, improv/step: 0.032 (last = 0.0138), fitness=-357146759.182620645
9576.24 secs, 1100235 evals, 1100317 steps, improv/step: 0.032 (last = 0.0220), fitness=-357146759.183203697
9606.24 secs, 1103694 evals, 1103776 steps, improv/step: 0.032 (last = 0.0147), fitness=-357146759.184551597
9636.25 secs, 1107034 evals, 1107116 steps, improv/step: 0.032 (last = 0.0183), fitness=-357146759.185957909
9666.25 secs, 1110480 evals, 1110562 steps, improv/step: 0.032 (last = 0.0142), fitness=-357146759.185957909
9696.25 secs, 1113838 evals, 1113920 steps, improv/step: 0.032 (last = 0.0149), fitness=-357146759.187612474
9726.25 secs, 1117193 evals, 1117275 steps, improv/step: 0.032 (last = 0.0134), fitness=-357146759.187646985
9756.25 secs, 1120444 evals, 1120528 steps, improv/step: 0.032 (last = 0.0191), fitness=-357146759.189446568
9786.26 secs, 1123756 evals, 1123840 steps, improv/step: 0.031 (last = 0.0157), fitness=-357146759.190450072
9816.26 secs, 1127067 evals, 1127152 steps, improv/step: 0.031 (last = 0.0163), fitness=-357146759.190450072
9846.27 secs, 1130388 evals, 1130475 steps, improv/step: 0.031 (last = 0.0205), fitness=-357146759.191141367
9876.27 secs, 1133807 evals, 1133895 steps, improv/step: 0.031 (last = 0.0178), fitness=-357146759.192384601
9906.27 secs, 1137172 evals, 1137260 steps, improv/step: 0.031 (last = 0.0152), fitness=-357146759.192654490
9936.28 secs, 1140519 evals, 1140607 steps, improv/step: 0.031 (last = 0.0125), fitness=-357146759.193262637
9966.28 secs, 1143854 evals, 1143943 steps, improv/step: 0.031 (last = 0.0138), fitness=-357146759.193598330
9996.29 secs, 1147208 evals, 1147297 steps, improv/step: 0.031 (last = 0.0158), fitness=-357146759.193598330
10026.58 secs, 1150591 evals, 1150683 steps, improv/step: 0.031 (last = 0.0121), fitness=-357146759.193857372
10056.62 secs, 1153959 evals, 1154051 steps, improv/step: 0.031 (last = 0.0148), fitness=-357146759.194398522
10086.75 secs, 1157336 evals, 1157431 steps, improv/step: 0.031 (last = 0.0154), fitness=-357146759.194673240
10116.82 secs, 1160722 evals, 1160818 steps, improv/step: 0.031 (last = 0.0213), fitness=-357146759.194893301
10146.88 secs, 1164115 evals, 1164211 steps, improv/step: 0.031 (last = 0.0192), fitness=-357146759.195457101
10176.89 secs, 1167450 evals, 1167547 steps, improv/step: 0.031 (last = 0.0159), fitness=-357146759.196076751
10206.89 secs, 1170815 evals, 1170913 steps, improv/step: 0.031 (last = 0.0160), fitness=-357146759.196118116
10236.91 secs, 1174168 evals, 1174266 steps, improv/step: 0.031 (last = 0.0137), fitness=-357146759.196366429
10266.92 secs, 1177637 evals, 1177736 steps, improv/step: 0.031 (last = 0.0173), fitness=-357146759.196750104
10297.05 secs, 1181034 evals, 1181135 steps, improv/step: 0.031 (last = 0.0156), fitness=-357146759.196848035
10327.05 secs, 1184463 evals, 1184565 steps, improv/step: 0.031 (last = 0.0108), fitness=-357146759.196915150
10357.05 secs, 1187877 evals, 1187980 steps, improv/step: 0.031 (last = 0.0114), fitness=-357146759.197181046
10387.06 secs, 1191202 evals, 1191306 steps, improv/step: 0.031 (last = 0.0168), fitness=-357146759.197442293
10417.06 secs, 1194525 evals, 1194631 steps, improv/step: 0.031 (last = 0.0153), fitness=-357146759.197442293
10447.07 secs, 1197920 evals, 1198026 steps, improv/step: 0.030 (last = 0.0144), fitness=-357146759.197772920
10477.07 secs, 1201335 evals, 1201442 steps, improv/step: 0.030 (last = 0.0117), fitness=-357146759.197772920
10507.08 secs, 1204711 evals, 1204818 steps, improv/step: 0.030 (last = 0.0133), fitness=-357146759.197841287
10537.08 secs, 1208159 evals, 1208266 steps, improv/step: 0.030 (last = 0.0142), fitness=-357146759.198435307
10567.09 secs, 1211610 evals, 1211717 steps, improv/step: 0.030 (last = 0.0168), fitness=-357146759.198621929
10597.09 secs, 1215060 evals, 1215167 steps, improv/step: 0.030 (last = 0.0145), fitness=-357146759.198621929
10627.09 secs, 1218459 evals, 1218567 steps, improv/step: 0.030 (last = 0.0147), fitness=-357146759.198663771
10657.10 secs, 1221879 evals, 1221987 steps, improv/step: 0.030 (last = 0.0140), fitness=-357146759.198686898
10687.10 secs, 1225251 evals, 1225359 steps, improv/step: 0.030 (last = 0.0080), fitness=-357146759.198686898
10717.10 secs, 1228709 evals, 1228819 steps, improv/step: 0.030 (last = 0.0127), fitness=-357146759.198807955
10747.11 secs, 1232188 evals, 1232299 steps, improv/step: 0.030 (last = 0.0158), fitness=-357146759.198807955
10777.11 secs, 1235538 evals, 1235649 steps, improv/step: 0.030 (last = 0.0161), fitness=-357146759.198807955
10807.12 secs, 1238931 evals, 1239042 steps, improv/step: 0.030 (last = 0.0180), fitness=-357146759.198855639
10837.12 secs, 1242337 evals, 1242448 steps, improv/step: 0.030 (last = 0.0167), fitness=-357146759.198889613
10867.38 secs, 1245750 evals, 1245862 steps, improv/step: 0.030 (last = 0.0202), fitness=-357146759.198889613
10897.53 secs, 1249171 evals, 1249283 steps, improv/step: 0.030 (last = 0.0248), fitness=-357146759.198928356
10927.83 secs, 1252600 evals, 1252714 steps, improv/step: 0.030 (last = 0.0184), fitness=-357146759.198948741
10957.84 secs, 1255979 evals, 1256093 steps, improv/step: 0.030 (last = 0.0216), fitness=-357146759.198960900
10987.84 secs, 1259355 evals, 1259469 steps, improv/step: 0.030 (last = 0.0222), fitness=-357146759.198986411
11018.01 secs, 1262743 evals, 1262857 steps, improv/step: 0.030 (last = 0.0139), fitness=-357146759.198987961
11048.02 secs, 1266186 evals, 1266301 steps, improv/step: 0.030 (last = 0.0113), fitness=-357146759.198994815
11078.02 secs, 1269574 evals, 1269691 steps, improv/step: 0.030 (last = 0.0100), fitness=-357146759.199010313
11108.02 secs, 1272926 evals, 1273043 steps, improv/step: 0.030 (last = 0.0122), fitness=-357146759.199013948
11138.03 secs, 1276345 evals, 1276462 steps, improv/step: 0.030 (last = 0.0114), fitness=-357146759.199018657
11168.03 secs, 1279757 evals, 1279874 steps, improv/step: 0.030 (last = 0.0158), fitness=-357146759.199022830
11198.03 secs, 1283169 evals, 1283287 steps, improv/step: 0.029 (last = 0.0120), fitness=-357146759.199042559
11228.32 secs, 1286567 evals, 1286685 steps, improv/step: 0.029 (last = 0.0147), fitness=-357146759.199042559
11258.32 secs, 1290005 evals, 1290123 steps, improv/step: 0.029 (last = 0.0177), fitness=-357146759.199047565
11288.33 secs, 1293380 evals, 1293498 steps, improv/step: 0.029 (last = 0.0178), fitness=-357146759.199060619
11318.33 secs, 1296712 evals, 1296830 steps, improv/step: 0.029 (last = 0.0147), fitness=-357146759.199065626
11348.33 secs, 1300000 evals, 1300118 steps, improv/step: 0.029 (last = 0.0131), fitness=-357146759.199065626
11378.34 secs, 1303418 evals, 1303537 steps, improv/step: 0.029 (last = 0.0143), fitness=-357146759.199066818
11408.34 secs, 1306878 evals, 1306999 steps, improv/step: 0.029 (last = 0.0139), fitness=-357146759.199067473
11438.35 secs, 1310231 evals, 1310352 steps, improv/step: 0.029 (last = 0.0119), fitness=-357146759.199073792
11468.35 secs, 1313632 evals, 1313755 steps, improv/step: 0.029 (last = 0.0115), fitness=-357146759.199076951
11498.35 secs, 1316994 evals, 1317119 steps, improv/step: 0.029 (last = 0.0119), fitness=-357146759.199078381
11528.35 secs, 1320401 evals, 1320527 steps, improv/step: 0.029 (last = 0.0109), fitness=-357146759.199082315
11558.36 secs, 1323774 evals, 1323900 steps, improv/step: 0.029 (last = 0.0089), fitness=-357146759.199084342
11588.36 secs, 1327220 evals, 1327346 steps, improv/step: 0.029 (last = 0.0093), fitness=-357146759.199084342
11618.36 secs, 1330660 evals, 1330788 steps, improv/step: 0.029 (last = 0.0134), fitness=-357146759.199086070
11648.37 secs, 1334114 evals, 1334243 steps, improv/step: 0.029 (last = 0.0107), fitness=-357146759.199087679
11678.38 secs, 1337623 evals, 1337752 steps, improv/step: 0.029 (last = 0.0128), fitness=-357146759.199088216
11708.38 secs, 1341054 evals, 1341183 steps, improv/step: 0.029 (last = 0.0102), fitness=-357146759.199089468
11738.39 secs, 1344606 evals, 1344737 steps, improv/step: 0.029 (last = 0.0076), fitness=-357146759.199089468
11768.39 secs, 1348241 evals, 1348372 steps, improv/step: 0.029 (last = 0.0107), fitness=-357146759.199089587
11798.40 secs, 1352000 evals, 1352131 steps, improv/step: 0.029 (last = 0.0101), fitness=-357146759.199090481
11828.55 secs, 1355728 evals, 1355860 steps, improv/step: 0.029 (last = 0.0121), fitness=-357146759.199091911
11858.55 secs, 1359535 evals, 1359668 steps, improv/step: 0.029 (last = 0.0126), fitness=-357146759.199094415
11888.55 secs, 1363351 evals, 1363484 steps, improv/step: 0.028 (last = 0.0189), fitness=-357146759.199095786
11918.56 secs, 1367101 evals, 1367234 steps, improv/step: 0.028 (last = 0.0160), fitness=-357146759.199096441
11948.57 secs, 1370790 evals, 1370925 steps, improv/step: 0.028 (last = 0.0095), fitness=-357146759.199096441
11978.57 secs, 1374497 evals, 1374632 steps, improv/step: 0.028 (last = 0.0127), fitness=-357146759.199096918
12008.57 secs, 1378097 evals, 1378232 steps, improv/step: 0.028 (last = 0.0125), fitness=-357146759.199097037
12038.58 secs, 1381816 evals, 1381952 steps, improv/step: 0.028 (last = 0.0126), fitness=-357146759.199097514
12068.58 secs, 1385377 evals, 1385514 steps, improv/step: 0.028 (last = 0.0087), fitness=-357146759.199099183
12098.58 secs, 1389099 evals, 1389236 steps, improv/step: 0.028 (last = 0.0083), fitness=-357146759.199099243
12128.63 secs, 1392792 evals, 1392930 steps, improv/step: 0.028 (last = 0.0100), fitness=-357146759.199099243
12158.63 secs, 1396470 evals, 1396609 steps, improv/step: 0.028 (last = 0.0095), fitness=-357146759.199099243
12188.63 secs, 1400077 evals, 1400217 steps, improv/step: 0.028 (last = 0.0097), fitness=-357146759.199099600
12218.63 secs, 1403806 evals, 1403946 steps, improv/step: 0.028 (last = 0.0113), fitness=-357146759.199100375
12248.64 secs, 1407467 evals, 1407607 steps, improv/step: 0.028 (last = 0.0060), fitness=-357146759.199100375
12278.64 secs, 1411170 evals, 1411312 steps, improv/step: 0.028 (last = 0.0081), fitness=-357146759.199100614
12308.64 secs, 1414860 evals, 1415002 steps, improv/step: 0.028 (last = 0.0081), fitness=-357146759.199101031
12338.64 secs, 1418574 evals, 1418718 steps, improv/step: 0.028 (last = 0.0108), fitness=-357146759.199101567
12368.64 secs, 1422287 evals, 1422431 steps, improv/step: 0.028 (last = 0.0092), fitness=-357146759.199101865
12398.65 secs, 1426003 evals, 1426147 steps, improv/step: 0.028 (last = 0.0065), fitness=-357146759.199101985
12428.65 secs, 1429685 evals, 1429829 steps, improv/step: 0.028 (last = 0.0071), fitness=-357146759.199101985
12458.65 secs, 1433328 evals, 1433472 steps, improv/step: 0.028 (last = 0.0071), fitness=-357146759.199101985
12488.66 secs, 1436928 evals, 1437072 steps, improv/step: 0.028 (last = 0.0058), fitness=-357146759.199102819
12518.66 secs, 1440522 evals, 1440667 steps, improv/step: 0.027 (last = 0.0036), fitness=-357146759.199102819
12548.67 secs, 1444115 evals, 1444260 steps, improv/step: 0.027 (last = 0.0067), fitness=-357146759.199103236
12578.67 secs, 1447825 evals, 1447970 steps, improv/step: 0.027 (last = 0.0086), fitness=-357146759.199103951
12608.72 secs, 1451492 evals, 1451638 steps, improv/step: 0.027 (last = 0.0055), fitness=-357146759.199103951
12638.72 secs, 1454971 evals, 1455119 steps, improv/step: 0.027 (last = 0.0043), fitness=-357146759.199103951
12668.72 secs, 1458085 evals, 1458233 steps, improv/step: 0.027 (last = 0.0051), fitness=-357146759.199103951
12698.73 secs, 1461478 evals, 1461626 steps, improv/step: 0.027 (last = 0.0041), fitness=-357146759.199103951
12728.75 secs, 1464806 evals, 1464955 steps, improv/step: 0.027 (last = 0.0054), fitness=-357146759.199103951
12759.03 secs, 1468098 evals, 1468247 steps, improv/step: 0.027 (last = 0.0052), fitness=-357146759.199104011
12789.15 secs, 1471396 evals, 1471546 steps, improv/step: 0.027 (last = 0.0073), fitness=-357146759.199104607
12819.16 secs, 1474758 evals, 1474909 steps, improv/step: 0.027 (last = 0.0054), fitness=-357146759.199104607
12849.16 secs, 1478130 evals, 1478282 steps, improv/step: 0.027 (last = 0.0068), fitness=-357146759.199104607
12879.17 secs, 1481467 evals, 1481619 steps, improv/step: 0.027 (last = 0.0057), fitness=-357146759.199104607
12909.17 secs, 1484776 evals, 1484930 steps, improv/step: 0.027 (last = 0.0057), fitness=-357146759.199104786
12939.23 secs, 1487987 evals, 1488141 steps, improv/step: 0.027 (last = 0.0034), fitness=-357146759.199104786
12969.23 secs, 1491256 evals, 1491410 steps, improv/step: 0.027 (last = 0.0055), fitness=-357146759.199104786
12999.23 secs, 1494443 evals, 1494597 steps, improv/step: 0.027 (last = 0.0053), fitness=-357146759.199105382
13029.24 secs, 1497649 evals, 1497803 steps, improv/step: 0.027 (last = 0.0044), fitness=-357146759.199105382
13059.24 secs, 1500948 evals, 1501102 steps, improv/step: 0.027 (last = 0.0039), fitness=-357146759.199105382
13089.25 secs, 1504246 evals, 1504401 steps, improv/step: 0.027 (last = 0.0052), fitness=-357146759.199105382
13119.25 secs, 1507621 evals, 1507776 steps, improv/step: 0.026 (last = 0.0047), fitness=-357146759.199105501
13149.36 secs, 1511044 evals, 1511199 steps, improv/step: 0.026 (last = 0.0035), fitness=-357146759.199105501
13179.36 secs, 1514405 evals, 1514561 steps, improv/step: 0.026 (last = 0.0045), fitness=-357146759.199105859
13209.37 secs, 1517605 evals, 1517761 steps, improv/step: 0.026 (last = 0.0025), fitness=-357146759.199105859
13239.37 secs, 1520974 evals, 1521130 steps, improv/step: 0.026 (last = 0.0062), fitness=-357146759.199105859
13269.59 secs, 1524169 evals, 1524326 steps, improv/step: 0.026 (last = 0.0038), fitness=-357146759.199105859
13299.62 secs, 1527580 evals, 1527738 steps, improv/step: 0.026 (last = 0.0038), fitness=-357146759.199105859
13329.62 secs, 1530933 evals, 1531092 steps, improv/step: 0.026 (last = 0.0039), fitness=-357146759.199105859
13359.63 secs, 1534336 evals, 1534497 steps, improv/step: 0.026 (last = 0.0029), fitness=-357146759.199105859
13389.63 secs, 1537653 evals, 1537814 steps, improv/step: 0.026 (last = 0.0027), fitness=-357146759.199105859
13419.64 secs, 1540970 evals, 1541131 steps, improv/step: 0.026 (last = 0.0033), fitness=-357146759.199105859
13449.65 secs, 1544254 evals, 1544415 steps, improv/step: 0.026 (last = 0.0033), fitness=-357146759.199105918
13479.65 secs, 1547524 evals, 1547686 steps, improv/step: 0.026 (last = 0.0034), fitness=-357146759.199105978
13509.65 secs, 1550846 evals, 1551009 steps, improv/step: 0.026 (last = 0.0015), fitness=-357146759.199105978
13539.66 secs, 1554185 evals, 1554349 steps, improv/step: 0.026 (last = 0.0036), fitness=-357146759.199106038
13569.78 secs, 1557431 evals, 1557596 steps, improv/step: 0.026 (last = 0.0025), fitness=-357146759.199106038
13599.78 secs, 1560757 evals, 1560922 steps, improv/step: 0.026 (last = 0.0024), fitness=-357146759.199106038
13629.79 secs, 1564151 evals, 1564316 steps, improv/step: 0.026 (last = 0.0035), fitness=-357146759.199106276
13659.91 secs, 1567419 evals, 1567586 steps, improv/step: 0.026 (last = 0.0037), fitness=-357146759.199106276
13689.91 secs, 1570866 evals, 1571038 steps, improv/step: 0.026 (last = 0.0041), fitness=-357146759.199106276
13719.92 secs, 1574042 evals, 1574214 steps, improv/step: 0.025 (last = 0.0022), fitness=-357146759.199106395
13749.92 secs, 1577356 evals, 1577528 steps, improv/step: 0.025 (last = 0.0027), fitness=-357146759.199106395
13780.33 secs, 1580751 evals, 1580923 steps, improv/step: 0.025 (last = 0.0024), fitness=-357146759.199106395
13810.33 secs, 1584170 evals, 1584342 steps, improv/step: 0.025 (last = 0.0026), fitness=-357146759.199106395
13840.34 secs, 1587456 evals, 1587629 steps, improv/step: 0.025 (last = 0.0021), fitness=-357146759.199106395
13870.34 secs, 1590740 evals, 1590913 steps, improv/step: 0.025 (last = 0.0043), fitness=-357146759.199106395
13900.56 secs, 1593948 evals, 1594122 steps, improv/step: 0.025 (last = 0.0034), fitness=-357146759.199106395
13930.57 secs, 1597192 evals, 1597367 steps, improv/step: 0.025 (last = 0.0031), fitness=-357146759.199106455
13960.57 secs, 1600485 evals, 1600663 steps, improv/step: 0.025 (last = 0.0030), fitness=-357146759.199106514
13990.57 secs, 1603722 evals, 1603900 steps, improv/step: 0.025 (last = 0.0015), fitness=-357146759.199106812
14020.57 secs, 1607012 evals, 1607190 steps, improv/step: 0.025 (last = 0.0033), fitness=-357146759.199106812
14050.57 secs, 1610364 evals, 1610542 steps, improv/step: 0.025 (last = 0.0018), fitness=-357146759.199106932
14080.94 secs, 1613691 evals, 1613869 steps, improv/step: 0.025 (last = 0.0030), fitness=-357146759.199106932
14110.94 secs, 1616975 evals, 1617156 steps, improv/step: 0.025 (last = 0.0012), fitness=-357146759.199106932
14140.94 secs, 1620263 evals, 1620446 steps, improv/step: 0.025 (last = 0.0015), fitness=-357146759.199106932
14170.95 secs, 1623651 evals, 1623837 steps, improv/step: 0.025 (last = 0.0035), fitness=-357146759.199106932
14201.22 secs, 1626895 evals, 1627083 steps, improv/step: 0.025 (last = 0.0043), fitness=-357146759.199106932
14231.23 secs, 1630247 evals, 1630436 steps, improv/step: 0.025 (last = 0.0030), fitness=-357146759.199106932
14261.23 secs, 1633537 evals, 1633726 steps, improv/step: 0.025 (last = 0.0043), fitness=-357146759.199107051
14291.39 secs, 1636802 evals, 1636991 steps, improv/step: 0.025 (last = 0.0025), fitness=-357146759.199107051
14321.39 secs, 1640148 evals, 1640341 steps, improv/step: 0.025 (last = 0.0030), fitness=-357146759.199107051
14351.39 secs, 1643436 evals, 1643631 steps, improv/step: 0.025 (last = 0.0052), fitness=-357146759.199107051
14381.40 secs, 1646858 evals, 1647054 steps, improv/step: 0.024 (last = 0.0041), fitness=-357146759.199107051
14411.40 secs, 1650176 evals, 1650372 steps, improv/step: 0.024 (last = 0.0039), fitness=-357146759.199107051
14441.41 secs, 1653471 evals, 1653670 steps, improv/step: 0.024 (last = 0.0055), fitness=-357146759.199107111
14471.41 secs, 1656815 evals, 1657015 steps, improv/step: 0.024 (last = 0.0030), fitness=-357146759.199107111
14501.41 secs, 1660030 evals, 1660230 steps, improv/step: 0.024 (last = 0.0056), fitness=-357146759.199107111
14531.42 secs, 1663368 evals, 1663569 steps, improv/step: 0.024 (last = 0.0072), fitness=-357146759.199107111
14561.43 secs, 1666662 evals, 1666864 steps, improv/step: 0.024 (last = 0.0088), fitness=-357146759.199107111
14591.43 secs, 1670023 evals, 1670226 steps, improv/step: 0.024 (last = 0.0071), fitness=-357146759.199107111
14621.43 secs, 1673443 evals, 1673646 steps, improv/step: 0.024 (last = 0.0041), fitness=-357146759.199107111
14651.44 secs, 1676790 evals, 1676996 steps, improv/step: 0.024 (last = 0.0233), fitness=-357146759.199107111
14681.44 secs, 1680173 evals, 1680385 steps, improv/step: 0.024 (last = 0.0301), fitness=-357146759.199107170
14711.54 secs, 1683429 evals, 1683647 steps, improv/step: 0.024 (last = 0.0432), fitness=-357146759.199107170
14742.02 secs, 1686912 evals, 1687139 steps, improv/step: 0.024 (last = 0.0498), fitness=-357146759.199107349
14772.17 secs, 1690401 evals, 1690631 steps, improv/step: 0.024 (last = 0.0352), fitness=-357146759.199107349
14802.18 secs, 1693897 evals, 1694129 steps, improv/step: 0.024 (last = 0.0323), fitness=-357146759.199107349
14832.18 secs, 1697410 evals, 1697643 steps, improv/step: 0.024 (last = 0.0481), fitness=-357146759.199107468
14862.18 secs, 1700897 evals, 1701136 steps, improv/step: 0.024 (last = 0.0381), fitness=-357146759.199107647
14892.19 secs, 1704336 evals, 1704577 steps, improv/step: 0.024 (last = 0.0398), fitness=-357146759.199107647
14922.19 secs, 1707768 evals, 1708017 steps, improv/step: 0.024 (last = 0.0387), fitness=-357146759.199107647
14952.19 secs, 1711296 evals, 1711547 steps, improv/step: 0.024 (last = 0.0320), fitness=-357146759.199107647
14982.20 secs, 1714859 evals, 1715115 steps, improv/step: 0.025 (last = 0.0420), fitness=-357146759.199107647
15012.20 secs, 1718390 evals, 1718650 steps, improv/step: 0.025 (last = 0.0322), fitness=-357146759.199107766
15042.20 secs, 1721824 evals, 1722088 steps, improv/step: 0.025 (last = 0.0122), fitness=-357146759.199107766
15072.21 secs, 1725227 evals, 1725492 steps, improv/step: 0.024 (last = 0.0097), fitness=-357146759.199108005
15102.21 secs, 1728727 evals, 1728994 steps, improv/step: 0.024 (last = 0.0217), fitness=-357146759.199108005
15132.21 secs, 1732158 evals, 1732430 steps, improv/step: 0.025 (last = 0.0343), fitness=-357146759.199108005
15162.22 secs, 1735595 evals, 1735868 steps, improv/step: 0.025 (last = 0.0364), fitness=-357146759.199108005
15192.22 secs, 1739144 evals, 1739419 steps, improv/step: 0.025 (last = 0.0273), fitness=-357146759.199108005
15222.22 secs, 1742656 evals, 1742931 steps, improv/step: 0.025 (last = 0.0290), fitness=-357146759.199108124
15252.23 secs, 1746095 evals, 1746371 steps, improv/step: 0.025 (last = 0.0294), fitness=-357146759.199108124
15282.23 secs, 1749471 evals, 1749747 steps, improv/step: 0.025 (last = 0.0275), fitness=-357146759.199108124
15312.24 secs, 1752876 evals, 1753152 steps, improv/step: 0.025 (last = 0.0326), fitness=-357146759.199108124
15342.24 secs, 1756354 evals, 1756630 steps, improv/step: 0.025 (last = 0.0213), fitness=-357146759.199108243
15372.25 secs, 1759809 evals, 1760086 steps, improv/step: 0.025 (last = 0.0185), fitness=-357146759.199108303
15402.25 secs, 1763364 evals, 1763644 steps, improv/step: 0.025 (last = 0.0222), fitness=-357146759.199108481
15432.26 secs, 1766834 evals, 1767116 steps, improv/step: 0.025 (last = 0.0199), fitness=-357146759.199108660
15462.26 secs, 1770197 evals, 1770481 steps, improv/step: 0.025 (last = 0.0160), fitness=-357146759.199108660
15492.26 secs, 1773542 evals, 1773826 steps, improv/step: 0.025 (last = 0.0224), fitness=-357146759.199108720
15522.27 secs, 1776855 evals, 1777139 steps, improv/step: 0.025 (last = 0.0320), fitness=-357146759.199108899
15552.27 secs, 1780100 evals, 1780384 steps, improv/step: 0.025 (last = 0.0330), fitness=-357146759.199108958
15582.27 secs, 1783372 evals, 1783656 steps, improv/step: 0.025 (last = 0.0263), fitness=-357146759.199109018
15612.27 secs, 1786620 evals, 1786904 steps, improv/step: 0.025 (last = 0.0268), fitness=-357146759.199109018
15642.27 secs, 1789940 evals, 1790226 steps, improv/step: 0.025 (last = 0.0406), fitness=-357146759.199109077
15672.59 secs, 1793185 evals, 1793471 steps, improv/step: 0.025 (last = 0.0268), fitness=-357146759.199109077
15702.59 secs, 1796411 evals, 1796697 steps, improv/step: 0.025 (last = 0.0372), fitness=-357146759.199109077
15732.60 secs, 1799640 evals, 1799926 steps, improv/step: 0.025 (last = 0.0251), fitness=-357146759.199109077
15762.67 secs, 1802950 evals, 1803236 steps, improv/step: 0.025 (last = 0.0251), fitness=-357146759.199109077
15792.67 secs, 1806161 evals, 1806449 steps, improv/step: 0.025 (last = 0.0349), fitness=-357146759.199109077
15822.67 secs, 1809497 evals, 1809785 steps, improv/step: 0.025 (last = 0.0306), fitness=-357146759.199109077
15852.88 secs, 1812764 evals, 1813052 steps, improv/step: 0.025 (last = 0.0211), fitness=-357146759.199109077
15882.89 secs, 1816183 evals, 1816471 steps, improv/step: 0.025 (last = 0.0237), fitness=-357146759.199109077
15912.89 secs, 1819500 evals, 1819788 steps, improv/step: 0.025 (last = 0.0208), fitness=-357146759.199109077
15942.90 secs, 1822655 evals, 1822943 steps, improv/step: 0.025 (last = 0.0206), fitness=-357146759.199109077
15972.90 secs, 1826040 evals, 1826328 steps, improv/step: 0.025 (last = 0.0216), fitness=-357146759.199109077
16003.08 secs, 1829319 evals, 1829607 steps, improv/step: 0.025 (last = 0.0223), fitness=-357146759.199109077
16033.08 secs, 1832661 evals, 1832950 steps, improv/step: 0.025 (last = 0.0144), fitness=-357146759.199109077
16063.09 secs, 1835989 evals, 1836278 steps, improv/step: 0.025 (last = 0.0180), fitness=-357146759.199109077
16093.09 secs, 1839418 evals, 1839708 steps, improv/step: 0.025 (last = 0.0102), fitness=-357146759.199109077
16123.10 secs, 1842859 evals, 1843149 steps, improv/step: 0.025 (last = 0.0131), fitness=-357146759.199109077
16153.10 secs, 1846301 evals, 1846592 steps, improv/step: 0.025 (last = 0.0139), fitness=-357146759.199109077
16183.10 secs, 1849711 evals, 1850002 steps, improv/step: 0.024 (last = 0.0079), fitness=-357146759.199109077
16213.11 secs, 1853192 evals, 1853483 steps, improv/step: 0.024 (last = 0.0092), fitness=-357146759.199109077
16243.11 secs, 1856733 evals, 1857024 steps, improv/step: 0.024 (last = 0.0090), fitness=-357146759.199109077
16273.12 secs, 1860120 evals, 1860411 steps, improv/step: 0.024 (last = 0.0065), fitness=-357146759.199109077
16303.12 secs, 1863590 evals, 1863882 steps, improv/step: 0.024 (last = 0.0075), fitness=-357146759.199109077
16333.13 secs, 1867024 evals, 1867316 steps, improv/step: 0.024 (last = 0.0084), fitness=-357146759.199109077
16363.13 secs, 1870496 evals, 1870788 steps, improv/step: 0.024 (last = 0.0075), fitness=-357146759.199109077
16393.14 secs, 1874033 evals, 1874325 steps, improv/step: 0.024 (last = 0.0076), fitness=-357146759.199109077
16423.14 secs, 1877406 evals, 1877699 steps, improv/step: 0.024 (last = 0.0083), fitness=-357146759.199109077
16453.14 secs, 1880839 evals, 1881132 steps, improv/step: 0.024 (last = 0.0047), fitness=-357146759.199109077
16483.28 secs, 1884220 evals, 1884513 steps, improv/step: 0.024 (last = 0.0080), fitness=-357146759.199109077
16513.29 secs, 1887718 evals, 1888011 steps, improv/step: 0.024 (last = 0.0097), fitness=-357146759.199109077
16543.29 secs, 1891125 evals, 1891418 steps, improv/step: 0.024 (last = 0.0117), fitness=-357146759.199109077
16573.29 secs, 1894478 evals, 1894772 steps, improv/step: 0.024 (last = 0.0095), fitness=-357146759.199109077
16603.29 secs, 1897962 evals, 1898256 steps, improv/step: 0.024 (last = 0.0126), fitness=-357146759.199109077
16633.30 secs, 1901442 evals, 1901736 steps, improv/step: 0.024 (last = 0.0138), fitness=-357146759.199109077
16663.30 secs, 1904920 evals, 1905214 steps, improv/step: 0.024 (last = 0.0141), fitness=-357146759.199109077
16693.42 secs, 1908329 evals, 1908624 steps, improv/step: 0.024 (last = 0.0126), fitness=-357146759.199109077
16723.42 secs, 1911817 evals, 1912112 steps, improv/step: 0.024 (last = 0.0123), fitness=-357146759.199109077
16753.42 secs, 1915202 evals, 1915497 steps, improv/step: 0.024 (last = 0.0109), fitness=-357146759.199109077
16783.43 secs, 1918655 evals, 1918950 steps, improv/step: 0.024 (last = 0.0064), fitness=-357146759.199109077
16813.87 secs, 1922032 evals, 1922327 steps, improv/step: 0.024 (last = 0.0101), fitness=-357146759.199109077
16843.87 secs, 1925542 evals, 1925837 steps, improv/step: 0.024 (last = 0.0114), fitness=-357146759.199109077
16873.88 secs, 1928934 evals, 1929229 steps, improv/step: 0.024 (last = 0.0088), fitness=-357146759.199109077
16903.89 secs, 1932291 evals, 1932586 steps, improv/step: 0.024 (last = 0.0086), fitness=-357146759.199109077
16933.89 secs, 1935733 evals, 1936029 steps, improv/step: 0.024 (last = 0.0102), fitness=-357146759.199109077
16963.90 secs, 1939082 evals, 1939378 steps, improv/step: 0.024 (last = 0.0081), fitness=-357146759.199109077
16993.90 secs, 1942576 evals, 1942872 steps, improv/step: 0.024 (last = 0.0080), fitness=-357146759.199109077
17024.00 secs, 1946017 evals, 1946313 steps, improv/step: 0.024 (last = 0.0131), fitness=-357146759.199109077
17054.00 secs, 1949454 evals, 1949750 steps, improv/step: 0.024 (last = 0.0099), fitness=-357146759.199109077
17084.01 secs, 1952919 evals, 1953216 steps, improv/step: 0.024 (last = 0.0101), fitness=-357146759.199109077
17114.01 secs, 1956420 evals, 1956717 steps, improv/step: 0.024 (last = 0.0111), fitness=-357146759.199109077
17144.01 secs, 1959901 evals, 1960198 steps, improv/step: 0.024 (last = 0.0109), fitness=-357146759.199109077
17174.02 secs, 1963355 evals, 1963652 steps, improv/step: 0.024 (last = 0.0087), fitness=-357146759.199109137
17204.02 secs, 1966783 evals, 1967080 steps, improv/step: 0.024 (last = 0.0090), fitness=-357146759.199109137
17234.03 secs, 1970209 evals, 1970507 steps, improv/step: 0.024 (last = 0.0088), fitness=-357146759.199109137
17264.03 secs, 1973646 evals, 1973944 steps, improv/step: 0.024 (last = 0.0076), fitness=-357146759.199109137
17294.03 secs, 1977086 evals, 1977385 steps, improv/step: 0.024 (last = 0.0061), fitness=-357146759.199109137
17324.03 secs, 1980578 evals, 1980878 steps, improv/step: 0.023 (last = 0.0086), fitness=-357146759.199109137
17354.03 secs, 1984065 evals, 1984366 steps, improv/step: 0.023 (last = 0.0092), fitness=-357146759.199109137
17384.04 secs, 1987488 evals, 1987789 steps, improv/step: 0.023 (last = 0.0105), fitness=-357146759.199109137
17414.04 secs, 1990878 evals, 1991179 steps, improv/step: 0.023 (last = 0.0056), fitness=-357146759.199109137
17444.04 secs, 1994378 evals, 1994679 steps, improv/step: 0.023 (last = 0.0086), fitness=-357146759.199109137
17474.04 secs, 1997833 evals, 1998134 steps, improv/step: 0.023 (last = 0.0087), fitness=-357146759.199109137
17504.05 secs, 2001240 evals, 2001542 steps, improv/step: 0.023 (last = 0.0041), fitness=-357146759.199109137
17534.06 secs, 2004652 evals, 2004954 steps, improv/step: 0.023 (last = 0.0073), fitness=-357146759.199109137
17564.06 secs, 2008023 evals, 2008325 steps, improv/step: 0.023 (last = 0.0083), fitness=-357146759.199109137
17594.19 secs, 2011424 evals, 2011727 steps, improv/step: 0.023 (last = 0.0103), fitness=-357146759.199109137
17624.19 secs, 2014842 evals, 2015145 steps, improv/step: 0.023 (last = 0.0082), fitness=-357146759.199109137
17654.19 secs, 2018097 evals, 2018400 steps, improv/step: 0.023 (last = 0.0108), fitness=-357146759.199109137
17684.20 secs, 2021289 evals, 2021592 steps, improv/step: 0.023 (last = 0.0088), fitness=-357146759.199109137
17714.20 secs, 2024505 evals, 2024808 steps, improv/step: 0.023 (last = 0.0109), fitness=-357146759.199109137
17744.20 secs, 2027805 evals, 2028108 steps, improv/step: 0.023 (last = 0.0139), fitness=-357146759.199109137
17774.20 secs, 2031075 evals, 2031378 steps, improv/step: 0.023 (last = 0.0214), fitness=-357146759.199109137
17804.21 secs, 2034186 evals, 2034490 steps, improv/step: 0.023 (last = 0.0398), fitness=-357146759.199109137
17834.21 secs, 2037435 evals, 2037739 steps, improv/step: 0.023 (last = 0.0197), fitness=-357146759.199109137
17864.33 secs, 2040579 evals, 2040883 steps, improv/step: 0.023 (last = 0.0229), fitness=-357146759.199109137
17894.34 secs, 2043772 evals, 2044076 steps, improv/step: 0.023 (last = 0.0244), fitness=-357146759.199109137
17924.34 secs, 2047014 evals, 2047318 steps, improv/step: 0.023 (last = 0.0210), fitness=-357146759.199109137
17954.35 secs, 2050149 evals, 2050453 steps, improv/step: 0.023 (last = 0.0281), fitness=-357146759.199109137
17984.49 secs, 2053364 evals, 2053668 steps, improv/step: 0.023 (last = 0.0289), fitness=-357146759.199109137
18014.87 secs, 2056646 evals, 2056950 steps, improv/step: 0.023 (last = 0.0350), fitness=-357146759.199109137
18044.87 secs, 2059899 evals, 2060203 steps, improv/step: 0.023 (last = 0.0350), fitness=-357146759.199109137
18074.88 secs, 2063149 evals, 2063453 steps, improv/step: 0.023 (last = 0.0335), fitness=-357146759.199109137
18104.88 secs, 2066323 evals, 2066627 steps, improv/step: 0.023 (last = 0.0378), fitness=-357146759.199109137
18134.89 secs, 2069588 evals, 2069892 steps, improv/step: 0.023 (last = 0.0297), fitness=-357146759.199109137
18164.89 secs, 2072824 evals, 2073128 steps, improv/step: 0.023 (last = 0.0210), fitness=-357146759.199109137
18194.90 secs, 2075916 evals, 2076220 steps, improv/step: 0.023 (last = 0.0217), fitness=-357146759.199109137
18224.95 secs, 2079157 evals, 2079461 steps, improv/step: 0.023 (last = 0.0170), fitness=-357146759.199109137
18254.95 secs, 2082473 evals, 2082777 steps, improv/step: 0.023 (last = 0.0253), fitness=-357146759.199109137
18284.96 secs, 2085589 evals, 2085893 steps, improv/step: 0.023 (last = 0.0244), fitness=-357146759.199109137
18315.32 secs, 2088830 evals, 2089134 steps, improv/step: 0.023 (last = 0.0216), fitness=-357146759.199109137
18345.32 secs, 2092128 evals, 2092432 steps, improv/step: 0.023 (last = 0.0224), fitness=-357146759.199109137
18375.33 secs, 2095235 evals, 2095541 steps, improv/step: 0.023 (last = 0.0190), fitness=-357146759.199109137
18405.33 secs, 2098516 evals, 2098824 steps, improv/step: 0.023 (last = 0.0250), fitness=-357146759.199109137
18435.33 secs, 2101870 evals, 2102180 steps, improv/step: 0.023 (last = 0.0188), fitness=-357146759.199109137
18465.34 secs, 2105051 evals, 2105361 steps, improv/step: 0.023 (last = 0.0176), fitness=-357146759.199109137
18495.34 secs, 2108009 evals, 2108320 steps, improv/step: 0.023 (last = 0.0159), fitness=-357146759.199109137
18525.35 secs, 2111231 evals, 2111542 steps, improv/step: 0.023 (last = 0.0161), fitness=-357146759.199109137
18555.40 secs, 2114421 evals, 2114733 steps, improv/step: 0.023 (last = 0.0128), fitness=-357146759.199109137
18585.41 secs, 2117726 evals, 2118038 steps, improv/step: 0.023 (last = 0.0136), fitness=-357146759.199109137
18615.41 secs, 2120915 evals, 2121227 steps, improv/step: 0.023 (last = 0.0151), fitness=-357146759.199109137
18645.41 secs, 2124212 evals, 2124524 steps, improv/step: 0.023 (last = 0.0146), fitness=-357146759.199109137
18675.41 secs, 2127338 evals, 2127651 steps, improv/step: 0.023 (last = 0.0109), fitness=-357146759.199109137
18705.42 secs, 2130616 evals, 2130929 steps, improv/step: 0.023 (last = 0.0101), fitness=-357146759.199109137
18735.68 secs, 2133804 evals, 2134117 steps, improv/step: 0.023 (last = 0.0176), fitness=-357146759.199109137
18765.68 secs, 2137005 evals, 2137320 steps, improv/step: 0.023 (last = 0.0203), fitness=-357146759.199109137
18795.69 secs, 2140151 evals, 2140467 steps, improv/step: 0.023 (last = 0.0140), fitness=-357146759.199109137
18826.31 secs, 2143402 evals, 2143718 steps, improv/step: 0.023 (last = 0.0126), fitness=-357146759.199109137
18856.31 secs, 2146676 evals, 2146992 steps, improv/step: 0.023 (last = 0.0110), fitness=-357146759.199109137
18886.31 secs, 2149843 evals, 2150160 steps, improv/step: 0.023 (last = 0.0098), fitness=-357146759.199109137
18916.68 secs, 2153041 evals, 2153358 steps, improv/step: 0.023 (last = 0.0113), fitness=-357146759.199109137
18946.69 secs, 2156360 evals, 2156677 steps, improv/step: 0.023 (last = 0.0111), fitness=-357146759.199109137
18976.69 secs, 2159563 evals, 2159880 steps, improv/step: 0.023 (last = 0.0134), fitness=-357146759.199109137
19006.70 secs, 2162537 evals, 2162854 steps, improv/step: 0.023 (last = 0.0124), fitness=-357146759.199109137
19036.70 secs, 2165560 evals, 2165877 steps, improv/step: 0.023 (last = 0.0126), fitness=-357146759.199109137
19066.70 secs, 2168753 evals, 2169070 steps, improv/step: 0.023 (last = 0.0110), fitness=-357146759.199109137
19096.71 secs, 2171856 evals, 2172173 steps, improv/step: 0.023 (last = 0.0110), fitness=-357146759.199109137
19126.71 secs, 2174961 evals, 2175279 steps, improv/step: 0.023 (last = 0.0158), fitness=-357146759.199109137
19156.71 secs, 2177943 evals, 2178262 steps, improv/step: 0.023 (last = 0.0181), fitness=-357146759.199109137
19186.71 secs, 2181228 evals, 2181552 steps, improv/step: 0.023 (last = 0.0243), fitness=-357146759.199109137
19216.72 secs, 2184366 evals, 2184696 steps, improv/step: 0.023 (last = 0.0496), fitness=-357146759.199109137
19246.72 secs, 2187524 evals, 2187858 steps, improv/step: 0.023 (last = 0.0607), fitness=-357146759.199109137
19276.73 secs, 2190758 evals, 2191097 steps, improv/step: 0.023 (last = 0.0954), fitness=-357146759.199109137
19306.73 secs, 2193936 evals, 2194289 steps, improv/step: 0.023 (last = 0.2372), fitness=-357146759.199109137
19336.73 secs, 2197220 evals, 2197580 steps, improv/step: 0.024 (last = 0.1920), fitness=-357146759.199109137
19366.73 secs, 2200546 evals, 2200907 steps, improv/step: 0.024 (last = 0.1629), fitness=-357146759.199109137
19396.74 secs, 2203834 evals, 2204198 steps, improv/step: 0.024 (last = 0.1538), fitness=-357146759.199109137
19426.74 secs, 2207166 evals, 2207534 steps, improv/step: 0.024 (last = 0.2032), fitness=-357146759.199109137
19456.75 secs, 2210416 evals, 2210787 steps, improv/step: 0.025 (last = 0.1592), fitness=-357146759.199109137
19486.75 secs, 2213607 evals, 2213981 steps, improv/step: 0.025 (last = 0.1647), fitness=-357146759.199109137
19516.75 secs, 2216853 evals, 2217230 steps, improv/step: 0.025 (last = 0.1970), fitness=-357146759.199109137
19546.76 secs, 2220059 evals, 2220439 steps, improv/step: 0.025 (last = 0.2406), fitness=-357146759.199109137
19577.17 secs, 2223243 evals, 2223626 steps, improv/step: 0.026 (last = 0.2516), fitness=-357146759.199109137
19607.45 secs, 2226455 evals, 2226841 steps, improv/step: 0.026 (last = 0.3611), fitness=-357146759.199109137
19637.70 secs, 2229671 evals, 2230057 steps, improv/step: 0.027 (last = 0.3427), fitness=-357146759.199109137
19668.17 secs, 2232892 evals, 2233281 steps, improv/step: 0.027 (last = 0.3586), fitness=-357146759.199109137
19698.17 secs, 2236087 evals, 2236478 steps, improv/step: 0.028 (last = 0.3835), fitness=-357146759.199109137
19728.17 secs, 2239217 evals, 2239609 steps, improv/step: 0.028 (last = 0.3951), fitness=-357146759.199109137
19758.18 secs, 2242465 evals, 2242861 steps, improv/step: 0.029 (last = 0.4400), fitness=-357146759.199109137
19788.18 secs, 2245655 evals, 2246054 steps, improv/step: 0.029 (last = 0.3843), fitness=-357146759.199109137
19818.19 secs, 2248918 evals, 2249319 steps, improv/step: 0.030 (last = 0.4070), fitness=-357146759.199109137
19848.19 secs, 2252140 evals, 2252543 steps, improv/step: 0.030 (last = 0.3756), fitness=-357146759.199109137
19878.20 secs, 2255386 evals, 2255792 steps, improv/step: 0.031 (last = 0.3918), fitness=-357146759.199109137
19908.20 secs, 2258708 evals, 2259116 steps, improv/step: 0.031 (last = 0.3592), fitness=-357146759.199109137
19938.21 secs, 2261874 evals, 2262283 steps, improv/step: 0.032 (last = 0.4130), fitness=-357146759.199109137
19968.21 secs, 2264975 evals, 2265386 steps, improv/step: 0.032 (last = 0.3906), fitness=-357146759.199109137
19998.22 secs, 2268095 evals, 2268507 steps, improv/step: 0.033 (last = 0.3947), fitness=-357146759.199109197
20028.22 secs, 2271349 evals, 2271762 steps, improv/step: 0.033 (last = 0.3717), fitness=-357146759.199109197
20058.23 secs, 2274638 evals, 2275051 steps, improv/step: 0.034 (last = 0.3864), fitness=-357146759.199109197
20088.23 secs, 2277785 evals, 2278199 steps, improv/step: 0.034 (last = 0.3701), fitness=-357146759.199109197
20118.23 secs, 2281106 evals, 2281523 steps, improv/step: 0.035 (last = 0.3381), fitness=-357146759.199109197
20148.75 secs, 2284350 evals, 2284771 steps, improv/step: 0.035 (last = 0.3488), fitness=-357146759.199109197
20179.28 secs, 2287644 evals, 2288065 steps, improv/step: 0.036 (last = 0.3506), fitness=-357146759.199109197
20209.29 secs, 2290845 evals, 2291267 steps, improv/step: 0.036 (last = 0.3086), fitness=-357146759.199109197
20239.29 secs, 2294082 evals, 2294507 steps, improv/step: 0.036 (last = 0.2929), fitness=-357146759.199109197
20269.29 secs, 2297206 evals, 2297633 steps, improv/step: 0.037 (last = 0.2767), fitness=-357146759.199109197
20299.30 secs, 2300309 evals, 2300738 steps, improv/step: 0.037 (last = 0.2470), fitness=-357146759.199109197
20329.67 secs, 2303516 evals, 2303945 steps, improv/step: 0.037 (last = 0.2233), fitness=-357146759.199109197
20360.06 secs, 2306836 evals, 2307265 steps, improv/step: 0.037 (last = 0.1738), fitness=-357146759.199109197
20390.06 secs, 2310080 evals, 2310512 steps, improv/step: 0.037 (last = 0.0896), fitness=-357146759.199109197
20420.07 secs, 2313360 evals, 2313792 steps, improv/step: 0.037 (last = 0.0747), fitness=-357146759.199109197
20450.07 secs, 2316615 evals, 2317049 steps, improv/step: 0.038 (last = 0.0758), fitness=-357146759.199109197
20480.07 secs, 2319907 evals, 2320344 steps, improv/step: 0.038 (last = 0.0865), fitness=-357146759.199109197
20510.54 secs, 2323166 evals, 2323604 steps, improv/step: 0.038 (last = 0.0785), fitness=-357146759.199109197
20540.88 secs, 2326512 evals, 2326953 steps, improv/step: 0.038 (last = 0.0866), fitness=-357146759.199109197
20570.88 secs, 2329819 evals, 2330261 steps, improv/step: 0.038 (last = 0.0886), fitness=-357146759.199109197
20600.89 secs, 2333071 evals, 2333513 steps, improv/step: 0.038 (last = 0.0796), fitness=-357146759.199109197
20630.89 secs, 2336252 evals, 2336696 steps, improv/step: 0.038 (last = 0.0688), fitness=-357146759.199109197
20660.89 secs, 2339524 evals, 2339971 steps, improv/step: 0.038 (last = 0.0766), fitness=-357146759.199109197
20690.90 secs, 2342916 evals, 2343365 steps, improv/step: 0.038 (last = 0.0902), fitness=-357146759.199109197
20720.90 secs, 2346031 evals, 2346483 steps, improv/step: 0.038 (last = 0.0888), fitness=-357146759.199109197
20750.90 secs, 2349228 evals, 2349680 steps, improv/step: 0.038 (last = 0.0942), fitness=-357146759.199109197
20780.91 secs, 2352426 evals, 2352881 steps, improv/step: 0.038 (last = 0.0806), fitness=-357146759.199109197
20810.91 secs, 2355460 evals, 2355915 steps, improv/step: 0.038 (last = 0.0929), fitness=-357146759.199109197
20840.91 secs, 2358534 evals, 2358990 steps, improv/step: 0.038 (last = 0.1034), fitness=-357146759.199109197
20870.92 secs, 2361460 evals, 2361916 steps, improv/step: 0.038 (last = 0.0803), fitness=-357146759.199109197
20900.92 secs, 2364036 evals, 2364494 steps, improv/step: 0.039 (last = 0.0861), fitness=-357146759.199109197
20930.93 secs, 2366995 evals, 2367453 steps, improv/step: 0.039 (last = 0.0912), fitness=-357146759.199109197
20960.94 secs, 2369973 evals, 2370433 steps, improv/step: 0.039 (last = 0.1081), fitness=-357146759.199109197
20990.94 secs, 2372969 evals, 2373430 steps, improv/step: 0.039 (last = 0.0874), fitness=-357146759.199109197
21020.95 secs, 2376004 evals, 2376468 steps, improv/step: 0.039 (last = 0.0879), fitness=-357146759.199109197
21051.66 secs, 2378951 evals, 2379417 steps, improv/step: 0.039 (last = 0.0888), fitness=-357146759.199109197
21081.67 secs, 2381871 evals, 2382340 steps, improv/step: 0.039 (last = 0.0992), fitness=-357146759.199109197
21111.67 secs, 2384710 evals, 2385182 steps, improv/step: 0.039 (last = 0.0985), fitness=-357146759.199109197
21141.68 secs, 2387568 evals, 2388041 steps, improv/step: 0.039 (last = 0.1049), fitness=-357146759.199109197
21171.68 secs, 2390564 evals, 2391040 steps, improv/step: 0.039 (last = 0.1007), fitness=-357146759.199109197
21201.68 secs, 2393526 evals, 2394003 steps, improv/step: 0.039 (last = 0.0705), fitness=-357146759.199109197
21232.18 secs, 2396444 evals, 2396922 steps, improv/step: 0.039 (last = 0.0709), fitness=-357146759.199109197
21262.82 secs, 2399543 evals, 2400021 steps, improv/step: 0.039 (last = 0.0623), fitness=-357146759.199109197
21293.24 secs, 2402646 evals, 2403128 steps, improv/step: 0.039 (last = 0.0679), fitness=-357146759.199109197
21323.24 secs, 2405658 evals, 2406141 steps, improv/step: 0.039 (last = 0.0962), fitness=-357146759.199109197
21353.24 secs, 2408607 evals, 2409092 steps, improv/step: 0.039 (last = 0.0810), fitness=-357146759.199109197
21383.25 secs, 2411470 evals, 2411957 steps, improv/step: 0.039 (last = 0.1044), fitness=-357146759.199109197
21413.26 secs, 2414390 evals, 2414877 steps, improv/step: 0.040 (last = 0.0801), fitness=-357146759.199109197
21443.26 secs, 2417266 evals, 2417755 steps, improv/step: 0.040 (last = 0.0837), fitness=-357146759.199109197
21473.26 secs, 2420228 evals, 2420718 steps, improv/step: 0.040 (last = 0.0823), fitness=-357146759.199109197
21503.39 secs, 2423083 evals, 2423576 steps, improv/step: 0.040 (last = 0.0801), fitness=-357146759.199109197
21533.40 secs, 2426110 evals, 2426603 steps, improv/step: 0.040 (last = 0.0833), fitness=-357146759.199109197
21563.41 secs, 2428829 evals, 2429324 steps, improv/step: 0.040 (last = 0.0669), fitness=-357146759.199109197
21593.41 secs, 2431841 evals, 2432338 steps, improv/step: 0.040 (last = 0.0660), fitness=-357146759.199109197
21623.41 secs, 2434935 evals, 2435434 steps, improv/step: 0.040 (last = 0.0782), fitness=-357146759.199109197
21653.73 secs, 2438080 evals, 2438581 steps, improv/step: 0.040 (last = 0.0772), fitness=-357146759.199109197
21683.73 secs, 2441101 evals, 2441605 steps, improv/step: 0.040 (last = 0.0678), fitness=-357146759.199109197
21713.74 secs, 2444191 evals, 2444696 steps, improv/step: 0.040 (last = 0.0624), fitness=-357146759.199109197
21743.74 secs, 2447283 evals, 2447791 steps, improv/step: 0.040 (last = 0.0785), fitness=-357146759.199109197
21773.74 secs, 2450532 evals, 2451043 steps, improv/step: 0.040 (last = 0.0839), fitness=-357146759.199109197
21803.75 secs, 2453694 evals, 2454206 steps, improv/step: 0.040 (last = 0.0806), fitness=-357146759.199109197
21833.75 secs, 2456707 evals, 2457221 steps, improv/step: 0.040 (last = 0.0740), fitness=-357146759.199109197
21864.33 secs, 2459855 evals, 2460369 steps, improv/step: 0.040 (last = 0.0877), fitness=-357146759.199109197
21894.33 secs, 2463130 evals, 2463648 steps, improv/step: 0.040 (last = 0.0839), fitness=-357146759.199109197
21924.34 secs, 2466315 evals, 2466833 steps, improv/step: 0.040 (last = 0.0788), fitness=-357146759.199109197
21954.34 secs, 2469445 evals, 2469966 steps, improv/step: 0.040 (last = 0.0827), fitness=-357146759.199109197
21984.34 secs, 2472626 evals, 2473147 steps, improv/step: 0.040 (last = 0.0858), fitness=-357146759.199109197
22014.35 secs, 2475756 evals, 2476277 steps, improv/step: 0.041 (last = 0.0824), fitness=-357146759.199109197
22044.66 secs, 2478968 evals, 2479489 steps, improv/step: 0.041 (last = 0.0791), fitness=-357146759.199109197
22074.66 secs, 2482203 evals, 2482727 steps, improv/step: 0.041 (last = 0.0871), fitness=-357146759.199109197
22104.66 secs, 2485562 evals, 2486089 steps, improv/step: 0.041 (last = 0.0821), fitness=-357146759.199109197
22134.66 secs, 2488825 evals, 2489352 steps, improv/step: 0.041 (last = 0.0772), fitness=-357146759.199109197
22164.91 secs, 2492145 evals, 2492673 steps, improv/step: 0.041 (last = 0.0828), fitness=-357146759.199109197
22195.41 secs, 2495361 evals, 2495890 steps, improv/step: 0.041 (last = 0.0740), fitness=-357146759.199109197
22225.42 secs, 2498618 evals, 2499150 steps, improv/step: 0.041 (last = 0.0899), fitness=-357146759.199109197

Optimization stopped after 2500534 steps and 22237.17 seconds
Termination reason: Max number of function evaluations (2500000) reached
Steps per second = 112.45
Function evals per second = 112.42
Improvements/step = Inf
Total function evaluations = 2500001


Best candidate found: [261.681, 400.113, 192.861, 6.96716, 1.7951e5, 1000.0, 259.799, 55.6171, 21.8184, 10510.2, 0.000101212, 0.00100103, 0.0112201, 0.0992131, 0.770422]

Fitness: -357146759.199109197

-3.571467591991092e8
15-element Vector{Float64}:
    261.6813377736285
    400.11266604680077
    192.8608072929079
      6.967159625314458
 179509.68044867017
    999.9999999999775
    259.79889888962856
     55.61710724969293
     21.818418991317913
  10510.16799105092
      0.00010121210176572862
      0.001001031548625829
      0.011220141070861316
      0.09921308684155292
      0.7704221587892341
Script has finished
Sat Dec 18 22:14:11 CET 2021

------------------------------------------------------------
Sender: LSF System <schwan@makalu192>
Subject: Job 575457: <Julia_Job_parallel> in cluster <wuerfel> Done

Job <Julia_Job_parallel> was submitted from host <makalu56> by user <magr4985> in cluster <wuerfel> at Sat Dec 18 15:58:31 2021
Job was executed on host(s) <makalu192>, in queue <BatchXL>, as user <magr4985> in cluster <wuerfel> at Sat Dec 18 15:58:41 2021
</usr/scratch4/magr4985> was used as the home directory.
</usr/scratch4/magr4985/TRPL/BatchJobs/C2704_hzb/Run19> was used as the working directory.
Started at Sat Dec 18 15:58:41 2021
Terminated at Sat Dec 18 22:14:12 2021
Results reported at Sat Dec 18 22:14:12 2021

Your job looked like:

------------------------------------------------------------
# LSBATCH: User input
#!/bin/csh 
#BSUB -q BatchXL 
#BSUB -R "mem > 8000 span[hosts=1] && intel_avx2" 
#BSUB -oo lsf_julia_%J.log 
#BSUB -eo lsf_julia_%J.err 
#BSUB -J Julia_Job_parallel 
#BSUB -L /bin/csh 
#BSUB -n 1 
date 
pwd 
module purge 
/usr/scratch4/magr4985/julia-1.6.2/bin/julia -t 4 /usr/scratch4/magr4985/TRPL/Programs/trpl_analysis_real.jl C2704_hzb 5.0e16 2500000 1 /usr/scratch4/magr4985/TRPL/BatchJobs/C2704_hzb/Run19 1.0e-14 3600 "[1.0, 1.0, 1.0, 1.0, 1.0, 1.0, 1.0, 1.0, 1.0, 1.0, 1.0e-6, 1.0e-6, 1.0e-6, 1.0e-6, 1.0e-6, 1.0e-6, 1.0e-6, 1.0e-6, 1.0e-6, 1.0e-6]" "[5000.0, 5000.0, 1000.0, 1000.0, 1.0e9, 1000.0, 10000.0, 10000.0, 1000.0, 1.0e6, 1.0, 1.0, 1.0, 1.0, 1.0, 1.0, 1.0, 1.0, 1.0, 1.0]" 
date
------------------------------------------------------------

Successfully completed.

Resource usage summary:

    CPU time :                                   58765.79 sec.
    Max Memory :                                 5162.25 MB
    Average Memory :                             2093.54 MB
    Total Requested Memory :                     -
    Delta Memory :                               -
    Max Swap :                                   1 MB
    Max Processes :                              4
    Max Threads :                                12
    Run time :                                   22529 sec.
    Turnaround time :                            22541 sec.

The output (if any) is above this job summary.



PS:

Read file <lsf_julia_575457.err> for stderr output of this job.

