Warning: no access to tty (Bad file descriptor).
Thus no job control in this shell.
Warning: no access to tty (Bad file descriptor).
Thus no job control in this shell.
Sat Dec 18 15:58:36 CET 2021
/usr/scratch4/magr4985/TRPL/BatchJobs/C2704_hzb/Run11
# Thread: 4
90906082354068406 RNG Seed
Run 1
Starting optimization with optimizer DiffEvoOpt{FitPopulation{Float64}, RadiusLimitedSelector, BlackBoxOptim.DiffEvoRandBin{3}, RandomBound{ContinuousRectSearchSpace}}
0.00 secs, 0 evals, 0 steps
30.02 secs, 3160 evals, 3061 steps, improv/step: 0.336 (last = 0.3355), fitness=-343407226.716679752
60.02 secs, 6230 evals, 6131 steps, improv/step: 0.261 (last = 0.1866), fitness=-355254478.507238388
90.03 secs, 9523 evals, 9424 steps, improv/step: 0.216 (last = 0.1327), fitness=-356384736.158927321
120.03 secs, 12865 evals, 12767 steps, improv/step: 0.181 (last = 0.0832), fitness=-356710584.126851797
150.04 secs, 16252 evals, 16154 steps, improv/step: 0.162 (last = 0.0877), fitness=-356887578.205677867
180.05 secs, 19667 evals, 19569 steps, improv/step: 0.148 (last = 0.0852), fitness=-356943000.258005798
210.05 secs, 23300 evals, 23202 steps, improv/step: 0.143 (last = 0.1145), fitness=-357004433.413136184
240.06 secs, 26962 evals, 26864 steps, improv/step: 0.138 (last = 0.1090), fitness=-357069983.257894337
270.06 secs, 30503 evals, 30405 steps, improv/step: 0.132 (last = 0.0859), fitness=-357105826.883796275
300.07 secs, 34091 evals, 33993 steps, improv/step: 0.127 (last = 0.0850), fitness=-357111062.473402143
330.07 secs, 37576 evals, 37478 steps, improv/step: 0.123 (last = 0.0864), fitness=-357116610.327182055
360.11 secs, 41138 evals, 41040 steps, improv/step: 0.119 (last = 0.0738), fitness=-357120400.347619295
390.12 secs, 44787 evals, 44689 steps, improv/step: 0.115 (last = 0.0652), fitness=-357122393.325923800
420.12 secs, 48447 evals, 48349 steps, improv/step: 0.112 (last = 0.0828), fitness=-357123950.674355865
450.12 secs, 52002 evals, 51904 steps, improv/step: 0.112 (last = 0.1097), fitness=-357124381.248666048
480.13 secs, 55608 evals, 55510 steps, improv/step: 0.110 (last = 0.0837), fitness=-357124577.889312267
510.13 secs, 59042 evals, 58944 steps, improv/step: 0.108 (last = 0.0673), fitness=-357124753.112139344
540.13 secs, 62668 evals, 62570 steps, improv/step: 0.105 (last = 0.0585), fitness=-357125000.848226070
570.13 secs, 66363 evals, 66265 steps, improv/step: 0.102 (last = 0.0503), fitness=-357125192.301085293
600.14 secs, 69861 evals, 69763 steps, improv/step: 0.099 (last = 0.0535), fitness=-357125423.055722535
630.14 secs, 73204 evals, 73106 steps, improv/step: 0.098 (last = 0.0727), fitness=-357125621.135814786
660.15 secs, 76662 evals, 76565 steps, improv/step: 0.097 (last = 0.0749), fitness=-357125769.637570858
690.15 secs, 80108 evals, 80011 steps, improv/step: 0.095 (last = 0.0551), fitness=-357125912.642159104
720.18 secs, 83306 evals, 83210 steps, improv/step: 0.094 (last = 0.0600), fitness=-357126012.067790687
750.20 secs, 86914 evals, 86818 steps, improv/step: 0.093 (last = 0.0707), fitness=-357126158.468354344
780.20 secs, 90610 evals, 90514 steps, improv/step: 0.092 (last = 0.0790), fitness=-357126301.755356133
810.20 secs, 94062 evals, 93966 steps, improv/step: 0.092 (last = 0.0878), fitness=-357126346.976005256
840.24 secs, 97520 evals, 97424 steps, improv/step: 0.092 (last = 0.0954), fitness=-357126437.646106184
870.24 secs, 101048 evals, 100953 steps, improv/step: 0.093 (last = 0.0966), fitness=-357126628.777955949
900.25 secs, 104632 evals, 104537 steps, improv/step: 0.092 (last = 0.0728), fitness=-357126793.112152755
930.26 secs, 108131 evals, 108037 steps, improv/step: 0.091 (last = 0.0614), fitness=-357126902.297082543
960.29 secs, 111618 evals, 111524 steps, improv/step: 0.090 (last = 0.0674), fitness=-357127130.069900215
990.30 secs, 115075 evals, 114981 steps, improv/step: 0.089 (last = 0.0550), fitness=-357127353.537248194
1020.30 secs, 118520 evals, 118426 steps, improv/step: 0.088 (last = 0.0496), fitness=-357127453.328206956
1050.36 secs, 121989 evals, 121895 steps, improv/step: 0.087 (last = 0.0634), fitness=-357127623.351915121
1080.36 secs, 125272 evals, 125178 steps, improv/step: 0.086 (last = 0.0512), fitness=-357127695.470071197
1110.36 secs, 128765 evals, 128671 steps, improv/step: 0.085 (last = 0.0532), fitness=-357127831.214438200
1140.37 secs, 132143 evals, 132049 steps, improv/step: 0.084 (last = 0.0409), fitness=-357127930.390457153
1170.37 secs, 135440 evals, 135347 steps, improv/step: 0.083 (last = 0.0428), fitness=-357128023.956240356
1200.38 secs, 138798 evals, 138705 steps, improv/step: 0.082 (last = 0.0342), fitness=-357128074.686173916
1230.38 secs, 142141 evals, 142048 steps, improv/step: 0.081 (last = 0.0359), fitness=-357128150.278818727
1260.38 secs, 145577 evals, 145484 steps, improv/step: 0.080 (last = 0.0451), fitness=-357128165.179720581
1290.39 secs, 149046 evals, 148953 steps, improv/step: 0.079 (last = 0.0381), fitness=-357128178.636127114
1320.39 secs, 152267 evals, 152174 steps, improv/step: 0.078 (last = 0.0342), fitness=-357128200.298337221
1350.39 secs, 155620 evals, 155527 steps, improv/step: 0.078 (last = 0.0468), fitness=-357128211.214179099
1380.39 secs, 159096 evals, 159003 steps, improv/step: 0.077 (last = 0.0463), fitness=-357128219.553861797
1410.39 secs, 162632 evals, 162539 steps, improv/step: 0.076 (last = 0.0441), fitness=-357128223.423601031
1440.40 secs, 166177 evals, 166085 steps, improv/step: 0.075 (last = 0.0369), fitness=-357128228.147802114
1470.40 secs, 169751 evals, 169660 steps, improv/step: 0.074 (last = 0.0369), fitness=-357128230.839337707
1500.40 secs, 173484 evals, 173393 steps, improv/step: 0.074 (last = 0.0311), fitness=-357128231.576150358
1530.41 secs, 177203 evals, 177112 steps, improv/step: 0.073 (last = 0.0358), fitness=-357128233.220143080
1560.41 secs, 180830 evals, 180740 steps, improv/step: 0.072 (last = 0.0477), fitness=-357128234.640540957
1590.46 secs, 184171 evals, 184081 steps, improv/step: 0.072 (last = 0.0392), fitness=-357128236.007230163
1620.47 secs, 187752 evals, 187662 steps, improv/step: 0.071 (last = 0.0397), fitness=-357128236.319886684
1650.47 secs, 191436 evals, 191347 steps, improv/step: 0.070 (last = 0.0350), fitness=-357128236.978249907
1680.47 secs, 195121 evals, 195032 steps, improv/step: 0.070 (last = 0.0421), fitness=-357128237.273715317
1710.47 secs, 198580 evals, 198492 steps, improv/step: 0.069 (last = 0.0402), fitness=-357128237.490366518
1740.48 secs, 202225 evals, 202138 steps, improv/step: 0.069 (last = 0.0461), fitness=-357128237.770054817
1770.53 secs, 205775 evals, 205688 steps, improv/step: 0.069 (last = 0.0507), fitness=-357128237.914020419
1800.54 secs, 209241 evals, 209154 steps, improv/step: 0.068 (last = 0.0591), fitness=-357128237.940896273
1830.54 secs, 212876 evals, 212789 steps, improv/step: 0.068 (last = 0.0578), fitness=-357128237.983548224
1860.54 secs, 216592 evals, 216506 steps, improv/step: 0.068 (last = 0.0471), fitness=-357128238.020056307
1890.55 secs, 220182 evals, 220096 steps, improv/step: 0.067 (last = 0.0379), fitness=-357128238.023867786
1920.55 secs, 223771 evals, 223685 steps, improv/step: 0.067 (last = 0.0354), fitness=-357128238.036415517
1950.56 secs, 227363 evals, 227277 steps, improv/step: 0.066 (last = 0.0362), fitness=-357128238.047552764
1980.64 secs, 230799 evals, 230713 steps, improv/step: 0.066 (last = 0.0373), fitness=-357128238.058880985
2010.64 secs, 234070 evals, 233984 steps, improv/step: 0.066 (last = 0.0379), fitness=-357128238.065912783
2040.64 secs, 237364 evals, 237279 steps, improv/step: 0.065 (last = 0.0388), fitness=-357128238.070812821
2070.64 secs, 240785 evals, 240700 steps, improv/step: 0.065 (last = 0.0371), fitness=-357128238.072160840
2100.65 secs, 244247 evals, 244162 steps, improv/step: 0.064 (last = 0.0413), fitness=-357128238.073509574
2130.74 secs, 247787 evals, 247702 steps, improv/step: 0.064 (last = 0.0489), fitness=-357128238.075178862
2160.74 secs, 251325 evals, 251240 steps, improv/step: 0.064 (last = 0.0531), fitness=-357128238.076156020
2190.75 secs, 254867 evals, 254785 steps, improv/step: 0.064 (last = 0.0386), fitness=-357128238.077018976
2220.75 secs, 258446 evals, 258364 steps, improv/step: 0.063 (last = 0.0346), fitness=-357128238.077775180
2250.76 secs, 262031 evals, 261950 steps, improv/step: 0.063 (last = 0.0388), fitness=-357128238.078521132
2280.76 secs, 265687 evals, 265606 steps, improv/step: 0.063 (last = 0.0342), fitness=-357128238.078844309
2310.77 secs, 269110 evals, 269030 steps, improv/step: 0.062 (last = 0.0441), fitness=-357128238.079015374
2340.77 secs, 272418 evals, 272338 steps, improv/step: 0.062 (last = 0.0396), fitness=-357128238.079157531
2370.77 secs, 275915 evals, 275836 steps, improv/step: 0.062 (last = 0.0432), fitness=-357128238.079278827
2400.77 secs, 279522 evals, 279443 steps, improv/step: 0.062 (last = 0.0399), fitness=-357128238.079385757
2430.78 secs, 283113 evals, 283034 steps, improv/step: 0.061 (last = 0.0362), fitness=-357128238.079440236
2460.78 secs, 286630 evals, 286551 steps, improv/step: 0.061 (last = 0.0421), fitness=-357128238.079484344
2490.79 secs, 290259 evals, 290181 steps, improv/step: 0.061 (last = 0.0449), fitness=-357128238.079508066
2520.79 secs, 293896 evals, 293818 steps, improv/step: 0.061 (last = 0.0443), fitness=-357128238.079528749
2550.79 secs, 297429 evals, 297351 steps, improv/step: 0.060 (last = 0.0501), fitness=-357128238.079551399
2580.79 secs, 301030 evals, 300953 steps, improv/step: 0.060 (last = 0.0530), fitness=-357128238.079582214
2610.79 secs, 304621 evals, 304544 steps, improv/step: 0.060 (last = 0.0554), fitness=-357128238.079596639
2640.80 secs, 308202 evals, 308125 steps, improv/step: 0.060 (last = 0.0503), fitness=-357128238.079609990
2670.80 secs, 311779 evals, 311702 steps, improv/step: 0.060 (last = 0.0372), fitness=-357128238.079623222
2700.81 secs, 315101 evals, 315024 steps, improv/step: 0.060 (last = 0.0247), fitness=-357128238.079623461
2730.82 secs, 318725 evals, 318648 steps, improv/step: 0.059 (last = 0.0268), fitness=-357128238.079632401
2760.82 secs, 322339 evals, 322262 steps, improv/step: 0.059 (last = 0.0249), fitness=-357128238.079636872
2790.82 secs, 325726 evals, 325649 steps, improv/step: 0.058 (last = 0.0245), fitness=-357128238.079639018
2820.83 secs, 329393 evals, 329316 steps, improv/step: 0.058 (last = 0.0232), fitness=-357128238.079643250
2850.83 secs, 332916 evals, 332839 steps, improv/step: 0.058 (last = 0.0216), fitness=-357128238.079648137
2880.84 secs, 336520 evals, 336443 steps, improv/step: 0.057 (last = 0.0211), fitness=-357128238.079649031
2910.84 secs, 340240 evals, 340163 steps, improv/step: 0.057 (last = 0.0175), fitness=-357128238.079649031
2940.85 secs, 343832 evals, 343755 steps, improv/step: 0.056 (last = 0.0161), fitness=-357128238.079649627
2970.85 secs, 347377 evals, 347300 steps, improv/step: 0.056 (last = 0.0150), fitness=-357128238.079649627
3000.89 secs, 350940 evals, 350863 steps, improv/step: 0.056 (last = 0.0138), fitness=-357128238.079649806
3030.91 secs, 354594 evals, 354517 steps, improv/step: 0.055 (last = 0.0104), fitness=-357128238.079650879
3061.05 secs, 358274 evals, 358197 steps, improv/step: 0.055 (last = 0.0098), fitness=-357128238.079650879
3091.08 secs, 361979 evals, 361903 steps, improv/step: 0.054 (last = 0.0100), fitness=-357128238.079650879
3121.09 secs, 365660 evals, 365584 steps, improv/step: 0.054 (last = 0.0043), fitness=-357128238.079652309
3151.09 secs, 369230 evals, 369155 steps, improv/step: 0.053 (last = 0.0031), fitness=-357128238.079652309
3181.09 secs, 372784 evals, 372709 steps, improv/step: 0.053 (last = 0.0037), fitness=-357128238.079652309
3211.09 secs, 376399 evals, 376325 steps, improv/step: 0.052 (last = 0.0053), fitness=-357128238.079652309
3241.10 secs, 379980 evals, 379907 steps, improv/step: 0.052 (last = 0.0056), fitness=-357128238.079652309
3271.10 secs, 383597 evals, 383525 steps, improv/step: 0.051 (last = 0.0025), fitness=-357128238.079652786
3301.10 secs, 387199 evals, 387127 steps, improv/step: 0.051 (last = 0.0025), fitness=-357128238.079652786
3331.11 secs, 390705 evals, 390633 steps, improv/step: 0.050 (last = 0.0029), fitness=-357128238.079652786
3361.11 secs, 394273 evals, 394201 steps, improv/step: 0.050 (last = 0.0031), fitness=-357128238.079652786
3391.13 secs, 397820 evals, 397748 steps, improv/step: 0.050 (last = 0.0031), fitness=-357128238.079652786
3421.13 secs, 401442 evals, 401372 steps, improv/step: 0.049 (last = 0.0039), fitness=-357128238.079652786
3451.14 secs, 405100 evals, 405031 steps, improv/step: 0.049 (last = 0.0019), fitness=-357128238.079652786
3481.14 secs, 408702 evals, 408635 steps, improv/step: 0.048 (last = 0.0047), fitness=-357128238.079653203
3511.14 secs, 412443 evals, 412376 steps, improv/step: 0.048 (last = 0.0032), fitness=-357128238.079653203
3541.14 secs, 416160 evals, 416094 steps, improv/step: 0.048 (last = 0.0032), fitness=-357128238.079653203
3571.15 secs, 419656 evals, 419590 steps, improv/step: 0.047 (last = 0.0034), fitness=-357128238.079653203
3601.15 secs, 423035 evals, 422971 steps, improv/step: 0.047 (last = 0.0071), fitness=-357128238.079653323
3631.15 secs, 426362 evals, 426299 steps, improv/step: 0.047 (last = 0.0063), fitness=-357128238.079653442
3661.16 secs, 430034 evals, 429972 steps, improv/step: 0.046 (last = 0.0060), fitness=-357128238.079653442
3691.16 secs, 433666 evals, 433606 steps, improv/step: 0.046 (last = 0.0099), fitness=-357128238.079653800
3721.17 secs, 437256 evals, 437196 steps, improv/step: 0.046 (last = 0.0234), fitness=-357128238.079654157
3751.23 secs, 440739 evals, 440680 steps, improv/step: 0.046 (last = 0.0227), fitness=-357128238.079654336
3781.23 secs, 444360 evals, 444301 steps, improv/step: 0.045 (last = 0.0318), fitness=-357128238.079654515
3811.23 secs, 447916 evals, 447857 steps, improv/step: 0.045 (last = 0.0385), fitness=-357128238.079654515
3841.24 secs, 451564 evals, 451507 steps, improv/step: 0.045 (last = 0.0299), fitness=-357128238.079654574
3871.24 secs, 455117 evals, 455061 steps, improv/step: 0.045 (last = 0.0343), fitness=-357128238.079654634
3901.28 secs, 458738 evals, 458682 steps, improv/step: 0.045 (last = 0.0539), fitness=-357128238.079654634
3931.36 secs, 462214 evals, 462158 steps, improv/step: 0.045 (last = 0.0619), fitness=-357128238.079654634
3961.36 secs, 465566 evals, 465511 steps, improv/step: 0.046 (last = 0.0775), fitness=-357128238.079654694
3991.37 secs, 469026 evals, 468971 steps, improv/step: 0.046 (last = 0.0653), fitness=-357128238.079654813
4021.37 secs, 472431 evals, 472377 steps, improv/step: 0.046 (last = 0.0540), fitness=-357128238.079654813
4051.39 secs, 475955 evals, 475901 steps, improv/step: 0.046 (last = 0.0715), fitness=-357128238.079654932
4081.40 secs, 479447 evals, 479394 steps, improv/step: 0.046 (last = 0.0782), fitness=-357128238.079654932
4111.40 secs, 482919 evals, 482866 steps, improv/step: 0.046 (last = 0.0628), fitness=-357128238.079654932
4141.40 secs, 486453 evals, 486401 steps, improv/step: 0.046 (last = 0.0478), fitness=-357128238.079654932
4171.40 secs, 489923 evals, 489871 steps, improv/step: 0.046 (last = 0.0594), fitness=-357128238.079654932
4201.40 secs, 493399 evals, 493348 steps, improv/step: 0.046 (last = 0.0521), fitness=-357128238.079654992
4231.41 secs, 496529 evals, 496479 steps, improv/step: 0.047 (last = 0.0677), fitness=-357128238.079654992
4261.41 secs, 499785 evals, 499735 steps, improv/step: 0.047 (last = 0.0900), fitness=-357128238.079654992
4291.41 secs, 503221 evals, 503171 steps, improv/step: 0.047 (last = 0.1022), fitness=-357128238.079654992
4321.42 secs, 506707 evals, 506657 steps, improv/step: 0.048 (last = 0.1231), fitness=-357128238.079654992
4351.42 secs, 510160 evals, 510111 steps, improv/step: 0.049 (last = 0.1647), fitness=-357128238.079654992
4381.42 secs, 513663 evals, 513614 steps, improv/step: 0.049 (last = 0.1439), fitness=-357128238.079654992
4411.43 secs, 517141 evals, 517093 steps, improv/step: 0.050 (last = 0.1926), fitness=-357128238.079654992
4441.43 secs, 520404 evals, 520356 steps, improv/step: 0.051 (last = 0.1753), fitness=-357128238.079654992
4471.45 secs, 523742 evals, 523694 steps, improv/step: 0.052 (last = 0.1690), fitness=-357128238.079654992
4501.45 secs, 526909 evals, 526861 steps, improv/step: 0.052 (last = 0.1456), fitness=-357128238.079654992
4531.45 secs, 530203 evals, 530157 steps, improv/step: 0.053 (last = 0.1641), fitness=-357128238.079654992
4561.46 secs, 533657 evals, 533611 steps, improv/step: 0.054 (last = 0.1627), fitness=-357128238.079654992
4591.46 secs, 537062 evals, 537016 steps, improv/step: 0.054 (last = 0.1677), fitness=-357128238.079654992
4621.50 secs, 540446 evals, 540400 steps, improv/step: 0.055 (last = 0.1767), fitness=-357128238.079655051
4651.50 secs, 543934 evals, 543888 steps, improv/step: 0.056 (last = 0.1855), fitness=-357128238.079655051
4681.50 secs, 547546 evals, 547500 steps, improv/step: 0.057 (last = 0.1620), fitness=-357128238.079655051
4711.50 secs, 551039 evals, 550993 steps, improv/step: 0.057 (last = 0.1615), fitness=-357128238.079655051
4741.50 secs, 554507 evals, 554461 steps, improv/step: 0.058 (last = 0.1525), fitness=-357128238.079655051
4771.50 secs, 557913 evals, 557867 steps, improv/step: 0.059 (last = 0.1574), fitness=-357128238.079655051
4801.51 secs, 561203 evals, 561159 steps, improv/step: 0.059 (last = 0.1552), fitness=-357128238.079655051
4831.51 secs, 564605 evals, 564561 steps, improv/step: 0.060 (last = 0.1499), fitness=-357128238.079655051
4861.52 secs, 568149 evals, 568105 steps, improv/step: 0.060 (last = 0.1662), fitness=-357128238.079655051
4891.53 secs, 571518 evals, 571474 steps, improv/step: 0.061 (last = 0.1730), fitness=-357128238.079655051
4921.53 secs, 574801 evals, 574757 steps, improv/step: 0.062 (last = 0.1803), fitness=-357128238.079655051
4951.54 secs, 578082 evals, 578039 steps, improv/step: 0.062 (last = 0.1819), fitness=-357128238.079655051
4981.54 secs, 581704 evals, 581662 steps, improv/step: 0.063 (last = 0.2007), fitness=-357128238.079655051
5011.55 secs, 585229 evals, 585187 steps, improv/step: 0.064 (last = 0.2043), fitness=-357128238.079655051
5041.55 secs, 588756 evals, 588714 steps, improv/step: 0.065 (last = 0.1474), fitness=-357128238.079655051
5071.55 secs, 592162 evals, 592122 steps, improv/step: 0.065 (last = 0.1520), fitness=-357128238.079655051
5101.56 secs, 595586 evals, 595547 steps, improv/step: 0.066 (last = 0.1682), fitness=-357128238.079655051
5131.56 secs, 599103 evals, 599064 steps, improv/step: 0.066 (last = 0.1564), fitness=-357128238.079655051
5161.56 secs, 602393 evals, 602356 steps, improv/step: 0.067 (last = 0.1431), fitness=-357128238.079655051
5191.57 secs, 605792 evals, 605755 steps, improv/step: 0.067 (last = 0.1615), fitness=-357128238.079655051
5221.58 secs, 609071 evals, 609034 steps, improv/step: 0.068 (last = 0.1845), fitness=-357128238.079655051
5251.59 secs, 612459 evals, 612422 steps, improv/step: 0.069 (last = 0.1883), fitness=-357128238.079655051
5281.59 secs, 615794 evals, 615757 steps, improv/step: 0.069 (last = 0.1763), fitness=-357128238.079655051
5311.60 secs, 619249 evals, 619212 steps, improv/step: 0.070 (last = 0.1606), fitness=-357128238.079655051
5341.60 secs, 622750 evals, 622714 steps, improv/step: 0.070 (last = 0.1873), fitness=-357128238.079655051
5371.60 secs, 626040 evals, 626004 steps, improv/step: 0.071 (last = 0.1909), fitness=-357128238.079655051
5401.63 secs, 629547 evals, 629511 steps, improv/step: 0.071 (last = 0.1631), fitness=-357128238.079655051
5431.64 secs, 632912 evals, 632876 steps, improv/step: 0.072 (last = 0.1596), fitness=-357128238.079655051
5461.64 secs, 636415 evals, 636379 steps, improv/step: 0.072 (last = 0.1510), fitness=-357128238.079655051
5491.64 secs, 639936 evals, 639901 steps, improv/step: 0.073 (last = 0.1738), fitness=-357128238.079655051
5521.64 secs, 643208 evals, 643174 steps, improv/step: 0.073 (last = 0.1690), fitness=-357128238.079655051
5551.65 secs, 646697 evals, 646663 steps, improv/step: 0.074 (last = 0.1367), fitness=-357128238.079655051
5581.65 secs, 650247 evals, 650213 steps, improv/step: 0.074 (last = 0.1482), fitness=-357128238.079655111
5611.70 secs, 653768 evals, 653735 steps, improv/step: 0.075 (last = 0.1993), fitness=-357128238.079655111
5641.70 secs, 657225 evals, 657192 steps, improv/step: 0.076 (last = 0.2887), fitness=-357128238.079655111
5671.72 secs, 660775 evals, 660744 steps, improv/step: 0.077 (last = 0.2469), fitness=-357128238.079655111
5701.72 secs, 664196 evals, 664167 steps, improv/step: 0.078 (last = 0.2337), fitness=-357128238.079655111
5731.73 secs, 667721 evals, 667693 steps, improv/step: 0.078 (last = 0.2167), fitness=-357128238.079655111
5761.88 secs, 671115 evals, 671087 steps, improv/step: 0.079 (last = 0.2092), fitness=-357128238.079655111
5791.88 secs, 674580 evals, 674552 steps, improv/step: 0.080 (last = 0.2364), fitness=-357128238.079655111
5821.89 secs, 677655 evals, 677628 steps, improv/step: 0.080 (last = 0.2227), fitness=-357128238.079655111
5851.98 secs, 680894 evals, 680867 steps, improv/step: 0.081 (last = 0.2090), fitness=-357128238.079655111
5881.98 secs, 684377 evals, 684350 steps, improv/step: 0.081 (last = 0.1430), fitness=-357128238.079655111
5911.98 secs, 687819 evals, 687794 steps, improv/step: 0.082 (last = 0.1176), fitness=-357128238.079655111
5942.04 secs, 691021 evals, 690996 steps, improv/step: 0.082 (last = 0.1037), fitness=-357128238.079655111
5972.06 secs, 694268 evals, 694243 steps, improv/step: 0.082 (last = 0.1010), fitness=-357128238.079655111
6002.27 secs, 697762 evals, 697738 steps, improv/step: 0.082 (last = 0.1047), fitness=-357128238.079655111
6032.27 secs, 701235 evals, 701211 steps, improv/step: 0.082 (last = 0.1480), fitness=-357128238.079655111
6062.27 secs, 704512 evals, 704492 steps, improv/step: 0.082 (last = 0.1308), fitness=-357128238.079655111
6092.28 secs, 707640 evals, 707622 steps, improv/step: 0.083 (last = 0.1671), fitness=-357128238.079655111
6122.28 secs, 711013 evals, 710996 steps, improv/step: 0.083 (last = 0.1600), fitness=-357128238.079655111
6152.29 secs, 714449 evals, 714433 steps, improv/step: 0.083 (last = 0.1458), fitness=-357128238.079655111
6182.30 secs, 717706 evals, 717690 steps, improv/step: 0.084 (last = 0.1756), fitness=-357128238.079655170
6212.31 secs, 721092 evals, 721079 steps, improv/step: 0.084 (last = 0.1694), fitness=-357128238.079655170
6242.31 secs, 724499 evals, 724488 steps, improv/step: 0.085 (last = 0.1945), fitness=-357128238.079655170
6272.31 secs, 727834 evals, 727824 steps, improv/step: 0.085 (last = 0.2119), fitness=-357128238.079655170
6302.47 secs, 731053 evals, 731045 steps, improv/step: 0.086 (last = 0.1965), fitness=-357128238.079655170
6332.53 secs, 734451 evals, 734443 steps, improv/step: 0.086 (last = 0.1763), fitness=-357128238.079655170
6362.53 secs, 737833 evals, 737826 steps, improv/step: 0.087 (last = 0.1913), fitness=-357128238.079655170
6392.53 secs, 741227 evals, 741222 steps, improv/step: 0.087 (last = 0.1961), fitness=-357128238.079655170
6422.53 secs, 744614 evals, 744609 steps, improv/step: 0.088 (last = 0.1769), fitness=-357128238.079655170
6452.54 secs, 748011 evals, 748007 steps, improv/step: 0.089 (last = 0.2622), fitness=-357128238.079655170
6482.54 secs, 751447 evals, 751445 steps, improv/step: 0.089 (last = 0.2853), fitness=-357128238.079655170
6512.55 secs, 754904 evals, 754906 steps, improv/step: 0.090 (last = 0.3204), fitness=-357128238.079655170
6542.55 secs, 758333 evals, 758336 steps, improv/step: 0.091 (last = 0.2942), fitness=-357128238.079655170
6572.66 secs, 761477 evals, 761483 steps, improv/step: 0.092 (last = 0.2663), fitness=-357128238.079655170
6602.66 secs, 764975 evals, 764982 steps, improv/step: 0.093 (last = 0.2083), fitness=-357128238.079655170
6632.67 secs, 768538 evals, 768550 steps, improv/step: 0.094 (last = 0.2937), fitness=-357128238.079655170
6662.67 secs, 771981 evals, 771995 steps, improv/step: 0.094 (last = 0.2151), fitness=-357128238.079655170
6692.69 secs, 775229 evals, 775245 steps, improv/step: 0.095 (last = 0.2311), fitness=-357128238.079655170
6722.69 secs, 778641 evals, 778661 steps, improv/step: 0.096 (last = 0.3050), fitness=-357128238.079655170
6752.69 secs, 782063 evals, 782088 steps, improv/step: 0.096 (last = 0.2962), fitness=-357128238.079655170
6782.69 secs, 785473 evals, 785499 steps, improv/step: 0.097 (last = 0.3137), fitness=-357128238.079655170
6812.85 secs, 788927 evals, 788954 steps, improv/step: 0.098 (last = 0.3045), fitness=-357128238.079655170
6842.85 secs, 792382 evals, 792414 steps, improv/step: 0.099 (last = 0.3266), fitness=-357128238.079655170
6872.85 secs, 795884 evals, 795921 steps, improv/step: 0.100 (last = 0.3373), fitness=-357128238.079655170
6902.86 secs, 799327 evals, 799368 steps, improv/step: 0.101 (last = 0.3035), fitness=-357128238.079655170
6932.86 secs, 802844 evals, 802887 steps, improv/step: 0.102 (last = 0.3282), fitness=-357128238.079655170
6962.86 secs, 806363 evals, 806407 steps, improv/step: 0.103 (last = 0.2437), fitness=-357128238.079655170
6992.87 secs, 809746 evals, 809797 steps, improv/step: 0.103 (last = 0.2339), fitness=-357128238.079655170
7022.87 secs, 813162 evals, 813214 steps, improv/step: 0.104 (last = 0.2294), fitness=-357128238.079655170
7052.88 secs, 816495 evals, 816547 steps, improv/step: 0.105 (last = 0.2484), fitness=-357128238.079655170
7082.88 secs, 819964 evals, 820019 steps, improv/step: 0.105 (last = 0.3050), fitness=-357128238.079655170
7112.88 secs, 823182 evals, 823238 steps, improv/step: 0.106 (last = 0.2908), fitness=-357128238.079655170
7142.88 secs, 826658 evals, 826716 steps, improv/step: 0.107 (last = 0.2412), fitness=-357128238.079655170
7172.89 secs, 830326 evals, 830387 steps, improv/step: 0.107 (last = 0.2574), fitness=-357128238.079655170
7202.93 secs, 833781 evals, 833844 steps, improv/step: 0.108 (last = 0.2459), fitness=-357128238.079655170
7233.03 secs, 837026 evals, 837089 steps, improv/step: 0.108 (last = 0.2459), fitness=-357128238.079655170
7263.04 secs, 840650 evals, 840715 steps, improv/step: 0.109 (last = 0.2386), fitness=-357128238.079655170
7293.17 secs, 844093 evals, 844159 steps, improv/step: 0.109 (last = 0.2198), fitness=-357128238.079655170
7323.17 secs, 847243 evals, 847310 steps, improv/step: 0.110 (last = 0.2545), fitness=-357128238.079655170
7353.29 secs, 850797 evals, 850867 steps, improv/step: 0.111 (last = 0.2750), fitness=-357128238.079655170
7383.29 secs, 854389 evals, 854461 steps, improv/step: 0.111 (last = 0.2682), fitness=-357128238.079655170
7413.30 secs, 858012 evals, 858086 steps, improv/step: 0.112 (last = 0.2262), fitness=-357128238.079655170
7443.30 secs, 861597 evals, 861673 steps, improv/step: 0.112 (last = 0.2308), fitness=-357128238.079655170
7473.30 secs, 864916 evals, 864996 steps, improv/step: 0.113 (last = 0.2760), fitness=-357128238.079655170
7503.31 secs, 868385 evals, 868470 steps, improv/step: 0.114 (last = 0.3313), fitness=-357128238.079655170
7533.31 secs, 871895 evals, 871981 steps, improv/step: 0.114 (last = 0.2261), fitness=-357128238.079655170
7563.37 secs, 875246 evals, 875332 steps, improv/step: 0.115 (last = 0.2319), fitness=-357128238.079655170
7593.43 secs, 878765 evals, 878854 steps, improv/step: 0.115 (last = 0.2581), fitness=-357128238.079655170
7623.43 secs, 882097 evals, 882187 steps, improv/step: 0.116 (last = 0.3213), fitness=-357128238.079655170
7653.44 secs, 885650 evals, 885746 steps, improv/step: 0.117 (last = 0.2936), fitness=-357128238.079655170
7683.44 secs, 889120 evals, 889220 steps, improv/step: 0.117 (last = 0.2893), fitness=-357128238.079655170
7713.45 secs, 892540 evals, 892642 steps, improv/step: 0.118 (last = 0.2925), fitness=-357128238.079655170
7743.45 secs, 896052 evals, 896157 steps, improv/step: 0.119 (last = 0.3539), fitness=-357128238.079655170
7773.45 secs, 899509 evals, 899616 steps, improv/step: 0.120 (last = 0.3079), fitness=-357128238.079655170
7803.46 secs, 902943 evals, 903053 steps, improv/step: 0.121 (last = 0.3099), fitness=-357128238.079655170
7833.52 secs, 906340 evals, 906451 steps, improv/step: 0.121 (last = 0.3087), fitness=-357128238.079655170
7863.53 secs, 909842 evals, 909955 steps, improv/step: 0.122 (last = 0.2132), fitness=-357128238.079655170
7893.54 secs, 913292 evals, 913411 steps, improv/step: 0.122 (last = 0.2208), fitness=-357128238.079655170
7923.54 secs, 916479 evals, 916602 steps, improv/step: 0.122 (last = 0.2187), fitness=-357128238.079655170
7953.78 secs, 920033 evals, 920158 steps, improv/step: 0.123 (last = 0.2357), fitness=-357128238.079655170
7983.78 secs, 923456 evals, 923587 steps, improv/step: 0.123 (last = 0.2878), fitness=-357128238.079655170
8013.79 secs, 926958 evals, 927095 steps, improv/step: 0.124 (last = 0.2811), fitness=-357128238.079655170
8043.79 secs, 930433 evals, 930575 steps, improv/step: 0.124 (last = 0.2213), fitness=-357128238.079655170
8073.79 secs, 933915 evals, 934059 steps, improv/step: 0.125 (last = 0.2425), fitness=-357128238.079655170
8103.80 secs, 937302 evals, 937449 steps, improv/step: 0.125 (last = 0.3280), fitness=-357128238.079655170
8133.87 secs, 940600 evals, 940749 steps, improv/step: 0.126 (last = 0.3085), fitness=-357128238.079655170
8163.88 secs, 943925 evals, 944075 steps, improv/step: 0.127 (last = 0.3172), fitness=-357128238.079655170
8193.88 secs, 947343 evals, 947496 steps, improv/step: 0.127 (last = 0.3101), fitness=-357128238.079655170
8223.88 secs, 950883 evals, 951037 steps, improv/step: 0.128 (last = 0.2643), fitness=-357128238.079655170
8253.88 secs, 954211 evals, 954367 steps, improv/step: 0.128 (last = 0.2583), fitness=-357128238.079655170
8283.89 secs, 957654 evals, 957813 steps, improv/step: 0.129 (last = 0.2298), fitness=-357128238.079655170
8313.90 secs, 961099 evals, 961262 steps, improv/step: 0.129 (last = 0.2673), fitness=-357128238.079655170
8343.91 secs, 964514 evals, 964681 steps, improv/step: 0.130 (last = 0.2852), fitness=-357128238.079655170
8374.04 secs, 967966 evals, 968136 steps, improv/step: 0.130 (last = 0.2767), fitness=-357128238.079655170
8404.05 secs, 971248 evals, 971419 steps, improv/step: 0.131 (last = 0.2888), fitness=-357128238.079655170
8434.05 secs, 974611 evals, 974786 steps, improv/step: 0.131 (last = 0.2625), fitness=-357128238.079655170
8464.05 secs, 978015 evals, 978191 steps, improv/step: 0.132 (last = 0.2446), fitness=-357128238.079655170
8494.05 secs, 981458 evals, 981635 steps, improv/step: 0.132 (last = 0.3089), fitness=-357128238.079655170
8524.06 secs, 984957 evals, 985137 steps, improv/step: 0.133 (last = 0.2758), fitness=-357128238.079655170
8554.06 secs, 988433 evals, 988619 steps, improv/step: 0.134 (last = 0.3596), fitness=-357128238.079655170
8584.06 secs, 991713 evals, 991902 steps, improv/step: 0.134 (last = 0.2738), fitness=-357128238.079655170
8614.06 secs, 995101 evals, 995291 steps, improv/step: 0.135 (last = 0.2358), fitness=-357128238.079655170
8644.26 secs, 998516 evals, 998713 steps, improv/step: 0.135 (last = 0.3311), fitness=-357128238.079655170
8674.27 secs, 1001866 evals, 1002064 steps, improv/step: 0.136 (last = 0.2644), fitness=-357128238.079655170
8704.27 secs, 1005375 evals, 1005574 steps, improv/step: 0.136 (last = 0.2695), fitness=-357128238.079655170
8734.27 secs, 1008585 evals, 1008788 steps, improv/step: 0.136 (last = 0.2309), fitness=-357128238.079655170
8764.27 secs, 1012075 evals, 1012279 steps, improv/step: 0.137 (last = 0.2681), fitness=-357128238.079655170
8794.27 secs, 1015563 evals, 1015769 steps, improv/step: 0.138 (last = 0.3464), fitness=-357128238.079655170
8824.27 secs, 1018881 evals, 1019090 steps, improv/step: 0.138 (last = 0.2650), fitness=-357128238.079655170
8854.43 secs, 1022489 evals, 1022699 steps, improv/step: 0.138 (last = 0.2715), fitness=-357128238.079655170
8884.44 secs, 1025929 evals, 1026140 steps, improv/step: 0.139 (last = 0.2063), fitness=-357128238.079655170
8914.44 secs, 1029433 evals, 1029646 steps, improv/step: 0.139 (last = 0.2635), fitness=-357128238.079655170
8944.44 secs, 1032801 evals, 1033018 steps, improv/step: 0.139 (last = 0.2352), fitness=-357128238.079655170
8974.45 secs, 1036206 evals, 1036428 steps, improv/step: 0.140 (last = 0.2718), fitness=-357128238.079655170
9004.45 secs, 1039670 evals, 1039894 steps, improv/step: 0.140 (last = 0.2556), fitness=-357128238.079655170
9034.45 secs, 1043162 evals, 1043388 steps, improv/step: 0.141 (last = 0.2716), fitness=-357128238.079655170
9064.45 secs, 1046709 evals, 1046939 steps, improv/step: 0.141 (last = 0.3084), fitness=-357128238.079655170
9094.46 secs, 1050228 evals, 1050461 steps, improv/step: 0.142 (last = 0.2950), fitness=-357128238.079655170
9124.60 secs, 1053682 evals, 1053917 steps, improv/step: 0.142 (last = 0.2902), fitness=-357128238.079655170
9154.60 secs, 1057197 evals, 1057435 steps, improv/step: 0.143 (last = 0.2803), fitness=-357128238.079655170
9184.60 secs, 1060667 evals, 1060911 steps, improv/step: 0.143 (last = 0.2762), fitness=-357128238.079655170
9214.61 secs, 1064112 evals, 1064361 steps, improv/step: 0.143 (last = 0.2151), fitness=-357128238.079655170
9244.61 secs, 1067691 evals, 1067944 steps, improv/step: 0.144 (last = 0.2478), fitness=-357128238.079655170
9274.62 secs, 1071041 evals, 1071295 steps, improv/step: 0.144 (last = 0.2250), fitness=-357128238.079655170
9304.62 secs, 1074317 evals, 1074573 steps, improv/step: 0.144 (last = 0.2621), fitness=-357128238.079655170
9334.63 secs, 1077741 evals, 1078001 steps, improv/step: 0.145 (last = 0.2167), fitness=-357128238.079655170
9364.63 secs, 1081124 evals, 1081385 steps, improv/step: 0.145 (last = 0.2559), fitness=-357128238.079655170
9394.75 secs, 1084678 evals, 1084941 steps, improv/step: 0.145 (last = 0.2385), fitness=-357128238.079655170
9424.75 secs, 1088071 evals, 1088336 steps, improv/step: 0.146 (last = 0.2595), fitness=-357128238.079655170
9454.75 secs, 1091343 evals, 1091609 steps, improv/step: 0.146 (last = 0.2854), fitness=-357128238.079655170
9484.76 secs, 1094719 evals, 1094988 steps, improv/step: 0.146 (last = 0.2714), fitness=-357128238.079655170
9514.76 secs, 1097830 evals, 1098103 steps, improv/step: 0.147 (last = 0.2196), fitness=-357128238.079655170
9544.76 secs, 1101306 evals, 1101583 steps, improv/step: 0.147 (last = 0.1991), fitness=-357128238.079655170
9574.77 secs, 1104610 evals, 1104890 steps, improv/step: 0.147 (last = 0.2380), fitness=-357128238.079655170
9604.77 secs, 1107970 evals, 1108253 steps, improv/step: 0.147 (last = 0.2269), fitness=-357128238.079655170
9634.77 secs, 1111212 evals, 1111498 steps, improv/step: 0.148 (last = 0.2521), fitness=-357128238.079655170
9665.00 secs, 1114556 evals, 1114844 steps, improv/step: 0.148 (last = 0.3111), fitness=-357128238.079655170
9695.00 secs, 1118013 evals, 1118304 steps, improv/step: 0.148 (last = 0.2723), fitness=-357128238.079655170
9725.01 secs, 1121254 evals, 1121548 steps, improv/step: 0.149 (last = 0.2713), fitness=-357128238.079655170
9755.27 secs, 1124616 evals, 1124910 steps, improv/step: 0.149 (last = 0.2835), fitness=-357128238.079655170
9785.27 secs, 1128082 evals, 1128380 steps, improv/step: 0.150 (last = 0.2732), fitness=-357128238.079655170
9815.27 secs, 1131463 evals, 1131762 steps, improv/step: 0.150 (last = 0.2596), fitness=-357128238.079655170
9845.28 secs, 1134823 evals, 1135122 steps, improv/step: 0.150 (last = 0.3110), fitness=-357128238.079655170
9875.38 secs, 1137915 evals, 1138216 steps, improv/step: 0.151 (last = 0.2870), fitness=-357128238.079655170
9905.38 secs, 1141309 evals, 1141611 steps, improv/step: 0.151 (last = 0.2130), fitness=-357128238.079655170
9935.39 secs, 1144761 evals, 1145065 steps, improv/step: 0.151 (last = 0.2562), fitness=-357128238.079655170
9965.40 secs, 1148030 evals, 1148335 steps, improv/step: 0.152 (last = 0.2636), fitness=-357128238.079655170
9995.40 secs, 1151308 evals, 1151615 steps, improv/step: 0.152 (last = 0.3046), fitness=-357128238.079655170
10025.40 secs, 1154744 evals, 1155055 steps, improv/step: 0.152 (last = 0.2250), fitness=-357128238.079655170
10055.41 secs, 1158264 evals, 1158577 steps, improv/step: 0.153 (last = 0.2595), fitness=-357128238.079655170
10085.41 secs, 1161671 evals, 1161985 steps, improv/step: 0.153 (last = 0.2289), fitness=-357128238.079655170
10115.41 secs, 1165108 evals, 1165425 steps, improv/step: 0.153 (last = 0.2035), fitness=-357128238.079655170
10145.41 secs, 1168456 evals, 1168775 steps, improv/step: 0.153 (last = 0.2875), fitness=-357128238.079655170
10175.42 secs, 1171625 evals, 1171946 steps, improv/step: 0.154 (last = 0.3267), fitness=-357128238.079655170
10205.50 secs, 1175022 evals, 1175343 steps, improv/step: 0.154 (last = 0.3480), fitness=-357128238.079655170
10235.59 secs, 1178281 evals, 1178605 steps, improv/step: 0.155 (last = 0.3532), fitness=-357128238.079655170
10265.70 secs, 1181732 evals, 1182057 steps, improv/step: 0.155 (last = 0.3244), fitness=-357128238.079655170
10295.70 secs, 1185124 evals, 1185453 steps, improv/step: 0.156 (last = 0.2406), fitness=-357128238.079655170
10325.70 secs, 1188405 evals, 1188736 steps, improv/step: 0.156 (last = 0.2836), fitness=-357128238.079655170
10355.94 secs, 1191769 evals, 1192104 steps, improv/step: 0.156 (last = 0.2874), fitness=-357128238.079655170
10385.94 secs, 1195282 evals, 1195619 steps, improv/step: 0.157 (last = 0.2430), fitness=-357128238.079655170
10416.14 secs, 1198747 evals, 1199088 steps, improv/step: 0.157 (last = 0.2790), fitness=-357128238.079655170
10446.15 secs, 1202053 evals, 1202399 steps, improv/step: 0.157 (last = 0.2800), fitness=-357128238.079655170
10476.15 secs, 1205420 evals, 1205770 steps, improv/step: 0.158 (last = 0.2513), fitness=-357128238.079655170
10506.15 secs, 1208798 evals, 1209151 steps, improv/step: 0.158 (last = 0.2011), fitness=-357128238.079655170
10536.16 secs, 1211874 evals, 1212229 steps, improv/step: 0.158 (last = 0.2083), fitness=-357128238.079655170
10566.16 secs, 1215078 evals, 1215434 steps, improv/step: 0.158 (last = 0.2062), fitness=-357128238.079655170
10596.20 secs, 1218403 evals, 1218760 steps, improv/step: 0.158 (last = 0.2156), fitness=-357128238.079655170
10626.21 secs, 1221435 evals, 1221794 steps, improv/step: 0.158 (last = 0.2505), fitness=-357128238.079655170
10656.32 secs, 1224579 evals, 1224941 steps, improv/step: 0.158 (last = 0.2008), fitness=-357128238.079655170
10686.32 secs, 1227855 evals, 1228221 steps, improv/step: 0.159 (last = 0.1985), fitness=-357128238.079655170
10716.33 secs, 1231237 evals, 1231606 steps, improv/step: 0.159 (last = 0.2316), fitness=-357128238.079655170
10746.33 secs, 1234657 evals, 1235026 steps, improv/step: 0.159 (last = 0.2608), fitness=-357128238.079655170
10776.33 secs, 1238126 evals, 1238495 steps, improv/step: 0.159 (last = 0.2626), fitness=-357128238.079655170
10806.33 secs, 1241551 evals, 1241923 steps, improv/step: 0.160 (last = 0.2920), fitness=-357128238.079655170
10836.34 secs, 1245027 evals, 1245399 steps, improv/step: 0.160 (last = 0.3271), fitness=-357128238.079655170
10866.34 secs, 1248463 evals, 1248836 steps, improv/step: 0.161 (last = 0.3235), fitness=-357128238.079655170
10896.34 secs, 1251948 evals, 1252324 steps, improv/step: 0.161 (last = 0.2761), fitness=-357128238.079655170
10926.35 secs, 1255329 evals, 1255708 steps, improv/step: 0.161 (last = 0.2790), fitness=-357128238.079655170
10956.35 secs, 1258755 evals, 1259135 steps, improv/step: 0.161 (last = 0.2279), fitness=-357128238.079655170
10986.35 secs, 1262275 evals, 1262656 steps, improv/step: 0.162 (last = 0.2445), fitness=-357128238.079655170
11016.36 secs, 1265701 evals, 1266085 steps, improv/step: 0.162 (last = 0.2948), fitness=-357128238.079655170
11046.36 secs, 1269085 evals, 1269470 steps, improv/step: 0.162 (last = 0.2688), fitness=-357128238.079655170
11076.36 secs, 1272463 evals, 1272851 steps, improv/step: 0.163 (last = 0.2774), fitness=-357128238.079655170
11106.37 secs, 1276010 evals, 1276399 steps, improv/step: 0.163 (last = 0.3021), fitness=-357128238.079655170
11136.47 secs, 1279464 evals, 1279856 steps, improv/step: 0.163 (last = 0.3208), fitness=-357128238.079655170
11166.47 secs, 1282825 evals, 1283222 steps, improv/step: 0.164 (last = 0.3155), fitness=-357128238.079655170
11196.48 secs, 1286250 evals, 1286654 steps, improv/step: 0.164 (last = 0.2870), fitness=-357128238.079655170
11226.66 secs, 1289638 evals, 1290044 steps, improv/step: 0.164 (last = 0.2855), fitness=-357128238.079655170
11256.67 secs, 1293014 evals, 1293422 steps, improv/step: 0.165 (last = 0.2676), fitness=-357128238.079655170
11286.67 secs, 1296380 evals, 1296790 steps, improv/step: 0.165 (last = 0.2491), fitness=-357128238.079655170
11316.67 secs, 1299799 evals, 1300210 steps, improv/step: 0.165 (last = 0.2488), fitness=-357128238.079655170
11346.82 secs, 1303250 evals, 1303665 steps, improv/step: 0.165 (last = 0.2269), fitness=-357128238.079655170
11376.83 secs, 1306773 evals, 1307190 steps, improv/step: 0.166 (last = 0.3078), fitness=-357128238.079655170
11406.83 secs, 1310211 evals, 1310631 steps, improv/step: 0.166 (last = 0.2772), fitness=-357128238.079655170
11436.83 secs, 1313741 evals, 1314163 steps, improv/step: 0.166 (last = 0.2811), fitness=-357128238.079655170
11466.88 secs, 1317186 evals, 1317613 steps, improv/step: 0.167 (last = 0.3078), fitness=-357128238.079655170
11496.88 secs, 1320458 evals, 1320890 steps, improv/step: 0.167 (last = 0.2673), fitness=-357128238.079655170
11526.88 secs, 1323992 evals, 1324425 steps, improv/step: 0.167 (last = 0.2702), fitness=-357128238.079655170
11556.95 secs, 1327625 evals, 1328062 steps, improv/step: 0.168 (last = 0.3228), fitness=-357128238.079655170
11586.96 secs, 1331286 evals, 1331724 steps, improv/step: 0.168 (last = 0.2878), fitness=-357128238.079655170
11616.96 secs, 1334954 evals, 1335395 steps, improv/step: 0.168 (last = 0.2743), fitness=-357128238.079655170
11646.96 secs, 1338600 evals, 1339041 steps, improv/step: 0.169 (last = 0.2729), fitness=-357128238.079655170
11676.97 secs, 1342254 evals, 1342697 steps, improv/step: 0.169 (last = 0.2708), fitness=-357128238.079655170
11706.98 secs, 1345723 evals, 1346168 steps, improv/step: 0.169 (last = 0.2434), fitness=-357128238.079655170
11736.98 secs, 1349302 evals, 1349753 steps, improv/step: 0.169 (last = 0.2273), fitness=-357128238.079655170
11767.09 secs, 1352814 evals, 1353266 steps, improv/step: 0.170 (last = 0.2972), fitness=-357128238.079655170
11797.10 secs, 1356332 evals, 1356786 steps, improv/step: 0.170 (last = 0.2798), fitness=-357128238.079655170
11827.10 secs, 1359884 evals, 1360340 steps, improv/step: 0.170 (last = 0.2634), fitness=-357128238.079655170
11857.11 secs, 1363396 evals, 1363852 steps, improv/step: 0.170 (last = 0.2013), fitness=-357128238.079655170
11887.11 secs, 1366902 evals, 1367359 steps, improv/step: 0.170 (last = 0.1468), fitness=-357128238.079655170
11917.12 secs, 1370337 evals, 1370794 steps, improv/step: 0.170 (last = 0.1581), fitness=-357128238.079655170
11947.13 secs, 1373838 evals, 1374295 steps, improv/step: 0.170 (last = 0.1977), fitness=-357128238.079655170
11977.13 secs, 1377147 evals, 1377606 steps, improv/step: 0.170 (last = 0.2422), fitness=-357128238.079655170
12007.32 secs, 1380509 evals, 1380969 steps, improv/step: 0.171 (last = 0.2959), fitness=-357128238.079655170
12037.32 secs, 1383921 evals, 1384381 steps, improv/step: 0.171 (last = 0.2450), fitness=-357128238.079655170
12067.33 secs, 1387318 evals, 1387780 steps, improv/step: 0.171 (last = 0.2404), fitness=-357128238.079655170
12097.33 secs, 1390691 evals, 1391154 steps, improv/step: 0.171 (last = 0.2697), fitness=-357128238.079655170
12127.33 secs, 1394158 evals, 1394623 steps, improv/step: 0.171 (last = 0.2168), fitness=-357128238.079655170
12157.34 secs, 1397745 evals, 1398214 steps, improv/step: 0.171 (last = 0.1880), fitness=-357128238.079655170
12187.36 secs, 1401295 evals, 1401768 steps, improv/step: 0.171 (last = 0.2169), fitness=-357128238.079655170
12217.36 secs, 1404868 evals, 1405343 steps, improv/step: 0.172 (last = 0.2372), fitness=-357128238.079655170
12247.53 secs, 1408285 evals, 1408764 steps, improv/step: 0.172 (last = 0.2643), fitness=-357128238.079655170
12277.65 secs, 1411686 evals, 1412167 steps, improv/step: 0.172 (last = 0.3306), fitness=-357128238.079655170
12307.65 secs, 1415002 evals, 1415485 steps, improv/step: 0.173 (last = 0.3427), fitness=-357128238.079655170
12337.66 secs, 1418242 evals, 1418725 steps, improv/step: 0.173 (last = 0.2552), fitness=-357128238.079655170
12367.67 secs, 1421239 evals, 1421722 steps, improv/step: 0.173 (last = 0.3026), fitness=-357128238.079655170
12397.67 secs, 1424546 evals, 1425032 steps, improv/step: 0.173 (last = 0.3384), fitness=-357128238.079655170
12427.68 secs, 1427885 evals, 1428373 steps, improv/step: 0.174 (last = 0.3427), fitness=-357128238.079655170
12457.68 secs, 1431114 evals, 1431606 steps, improv/step: 0.174 (last = 0.3232), fitness=-357128238.079655170
12487.68 secs, 1434229 evals, 1434721 steps, improv/step: 0.175 (last = 0.3393), fitness=-357128238.079655170
12517.69 secs, 1437399 evals, 1437893 steps, improv/step: 0.175 (last = 0.2948), fitness=-357128238.079655170
12548.02 secs, 1440672 evals, 1441167 steps, improv/step: 0.175 (last = 0.3186), fitness=-357128238.079655170
12578.02 secs, 1443959 evals, 1444457 steps, improv/step: 0.175 (last = 0.2763), fitness=-357128238.079655170
12608.02 secs, 1447147 evals, 1447647 steps, improv/step: 0.176 (last = 0.2589), fitness=-357128238.079655170
12638.03 secs, 1450197 evals, 1450703 steps, improv/step: 0.176 (last = 0.2277), fitness=-357128238.079655170
12668.04 secs, 1453292 evals, 1453803 steps, improv/step: 0.176 (last = 0.2461), fitness=-357128238.079655170
12698.04 secs, 1456304 evals, 1456818 steps, improv/step: 0.176 (last = 0.2109), fitness=-357128238.079655170
12728.12 secs, 1459413 evals, 1459927 steps, improv/step: 0.176 (last = 0.2274), fitness=-357128238.079655170
12758.13 secs, 1462496 evals, 1463012 steps, improv/step: 0.176 (last = 0.2360), fitness=-357128238.079655170
12788.13 secs, 1465637 evals, 1466155 steps, improv/step: 0.176 (last = 0.2918), fitness=-357128238.079655170
12818.14 secs, 1468602 evals, 1469122 steps, improv/step: 0.177 (last = 0.2996), fitness=-357128238.079655170
12848.40 secs, 1471512 evals, 1472033 steps, improv/step: 0.177 (last = 0.3088), fitness=-357128238.079655170
12878.40 secs, 1474500 evals, 1475023 steps, improv/step: 0.177 (last = 0.2916), fitness=-357128238.079655170
12908.41 secs, 1477450 evals, 1477974 steps, improv/step: 0.177 (last = 0.2697), fitness=-357128238.079655170
12938.41 secs, 1480346 evals, 1480872 steps, improv/step: 0.177 (last = 0.2650), fitness=-357128238.079655170
12968.42 secs, 1483235 evals, 1483762 steps, improv/step: 0.178 (last = 0.2734), fitness=-357128238.079655170
12998.64 secs, 1486150 evals, 1486681 steps, improv/step: 0.178 (last = 0.2700), fitness=-357128238.079655170
13028.64 secs, 1489194 evals, 1489726 steps, improv/step: 0.178 (last = 0.3241), fitness=-357128238.079655170
13058.64 secs, 1492228 evals, 1492762 steps, improv/step: 0.178 (last = 0.2777), fitness=-357128238.079655170
13088.64 secs, 1495278 evals, 1495812 steps, improv/step: 0.179 (last = 0.2600), fitness=-357128238.079655170
13118.65 secs, 1498271 evals, 1498808 steps, improv/step: 0.179 (last = 0.2660), fitness=-357128238.079655170
13148.65 secs, 1501193 evals, 1501731 steps, improv/step: 0.179 (last = 0.2768), fitness=-357128238.079655170
13178.65 secs, 1504174 evals, 1504716 steps, improv/step: 0.179 (last = 0.2908), fitness=-357128238.079655170
13208.66 secs, 1507136 evals, 1507682 steps, improv/step: 0.179 (last = 0.2771), fitness=-357128238.079655170
13238.66 secs, 1510076 evals, 1510622 steps, improv/step: 0.180 (last = 0.2864), fitness=-357128238.079655170
13268.66 secs, 1513029 evals, 1513578 steps, improv/step: 0.180 (last = 0.2919), fitness=-357128238.079655170
13298.90 secs, 1516049 evals, 1516601 steps, improv/step: 0.180 (last = 0.2249), fitness=-357128238.079655170
13328.90 secs, 1519013 evals, 1519565 steps, improv/step: 0.180 (last = 0.2257), fitness=-357128238.079655170
13358.90 secs, 1522035 evals, 1522591 steps, improv/step: 0.180 (last = 0.1778), fitness=-357128238.079655170
13388.90 secs, 1525133 evals, 1525695 steps, improv/step: 0.180 (last = 0.2426), fitness=-357128238.079655170
13418.91 secs, 1528131 evals, 1528697 steps, improv/step: 0.180 (last = 0.2738), fitness=-357128238.079655170
13448.91 secs, 1531131 evals, 1531698 steps, improv/step: 0.180 (last = 0.2249), fitness=-357128238.079655170
13479.36 secs, 1534063 evals, 1534630 steps, improv/step: 0.180 (last = 0.2520), fitness=-357128238.079655170
13509.59 secs, 1537046 evals, 1537613 steps, improv/step: 0.181 (last = 0.2628), fitness=-357128238.079655170
13539.90 secs, 1540033 evals, 1540600 steps, improv/step: 0.181 (last = 0.2772), fitness=-357128238.079655170
13569.90 secs, 1543092 evals, 1543661 steps, improv/step: 0.181 (last = 0.3198), fitness=-357128238.079655170
13599.91 secs, 1546126 evals, 1546696 steps, improv/step: 0.181 (last = 0.3282), fitness=-357128238.079655170
13629.91 secs, 1549197 evals, 1549770 steps, improv/step: 0.182 (last = 0.3321), fitness=-357128238.079655170
13659.92 secs, 1552192 evals, 1552768 steps, improv/step: 0.182 (last = 0.3692), fitness=-357128238.079655170
13690.25 secs, 1555052 evals, 1555631 steps, improv/step: 0.182 (last = 0.2787), fitness=-357128238.079655170
13720.25 secs, 1558005 evals, 1558585 steps, improv/step: 0.182 (last = 0.2905), fitness=-357128238.079655170
13750.26 secs, 1560931 evals, 1561515 steps, improv/step: 0.183 (last = 0.3389), fitness=-357128238.079655170
13780.26 secs, 1563848 evals, 1564435 steps, improv/step: 0.183 (last = 0.3010), fitness=-357128238.079655170
13810.27 secs, 1566725 evals, 1567312 steps, improv/step: 0.183 (last = 0.3087), fitness=-357128238.079655170
13840.27 secs, 1569658 evals, 1570247 steps, improv/step: 0.183 (last = 0.2514), fitness=-357128238.079655170
13870.28 secs, 1572650 evals, 1573239 steps, improv/step: 0.183 (last = 0.2413), fitness=-357128238.079655170
13900.28 secs, 1575534 evals, 1576127 steps, improv/step: 0.184 (last = 0.2735), fitness=-357128238.079655170
13930.29 secs, 1578440 evals, 1579037 steps, improv/step: 0.184 (last = 0.2598), fitness=-357128238.079655170
13960.29 secs, 1581380 evals, 1581982 steps, improv/step: 0.184 (last = 0.2445), fitness=-357128238.079655170
13990.29 secs, 1584316 evals, 1584921 steps, improv/step: 0.184 (last = 0.2184), fitness=-357128238.079655170
14020.50 secs, 1587138 evals, 1587745 steps, improv/step: 0.184 (last = 0.1983), fitness=-357128238.079655170
14050.51 secs, 1590113 evals, 1590721 steps, improv/step: 0.184 (last = 0.1515), fitness=-357128238.079655170
14080.51 secs, 1593086 evals, 1593696 steps, improv/step: 0.184 (last = 0.1408), fitness=-357128238.079655170
14110.54 secs, 1596144 evals, 1596755 steps, improv/step: 0.184 (last = 0.1984), fitness=-357128238.079655170
14140.54 secs, 1599139 evals, 1599751 steps, improv/step: 0.184 (last = 0.2203), fitness=-357128238.079655170
14170.55 secs, 1602171 evals, 1602789 steps, improv/step: 0.184 (last = 0.2505), fitness=-357128238.079655170
14200.73 secs, 1605195 evals, 1605815 steps, improv/step: 0.184 (last = 0.3073), fitness=-357128238.079655170
14230.73 secs, 1608269 evals, 1608890 steps, improv/step: 0.184 (last = 0.2367), fitness=-357128238.079655170
14260.73 secs, 1611309 evals, 1611932 steps, improv/step: 0.184 (last = 0.2778), fitness=-357128238.079655170
14290.73 secs, 1614274 evals, 1614900 steps, improv/step: 0.185 (last = 0.3086), fitness=-357128238.079655170
14320.73 secs, 1617221 evals, 1617849 steps, improv/step: 0.185 (last = 0.2594), fitness=-357128238.079655170
14350.74 secs, 1620274 evals, 1620907 steps, improv/step: 0.185 (last = 0.3385), fitness=-357128238.079655170
14380.85 secs, 1623197 evals, 1623830 steps, improv/step: 0.185 (last = 0.2853), fitness=-357128238.079655170
14410.85 secs, 1626131 evals, 1626764 steps, improv/step: 0.185 (last = 0.2788), fitness=-357128238.079655170
14441.42 secs, 1628995 evals, 1629630 steps, improv/step: 0.186 (last = 0.2987), fitness=-357128238.079655170
14471.42 secs, 1631877 evals, 1632515 steps, improv/step: 0.186 (last = 0.3334), fitness=-357128238.079655170
14501.43 secs, 1634743 evals, 1635384 steps, improv/step: 0.186 (last = 0.2820), fitness=-357128238.079655170
14531.43 secs, 1637682 evals, 1638326 steps, improv/step: 0.186 (last = 0.2298), fitness=-357128238.079655170
14561.93 secs, 1640650 evals, 1641295 steps, improv/step: 0.186 (last = 0.2657), fitness=-357128238.079655170
14591.93 secs, 1643589 evals, 1644235 steps, improv/step: 0.187 (last = 0.3051), fitness=-357128238.079655170
14622.14 secs, 1646504 evals, 1647153 steps, improv/step: 0.187 (last = 0.2690), fitness=-357128238.079655170
14652.28 secs, 1649439 evals, 1650093 steps, improv/step: 0.187 (last = 0.2374), fitness=-357128238.079655170
14682.28 secs, 1652134 evals, 1652790 steps, improv/step: 0.187 (last = 0.2595), fitness=-357128238.079655170
14712.28 secs, 1655034 evals, 1655691 steps, improv/step: 0.187 (last = 0.2765), fitness=-357128238.079655170
14742.29 secs, 1657897 evals, 1658554 steps, improv/step: 0.187 (last = 0.2941), fitness=-357128238.079655170
14772.29 secs, 1660869 evals, 1661530 steps, improv/step: 0.187 (last = 0.3004), fitness=-357128238.079655170
14802.29 secs, 1663875 evals, 1664537 steps, improv/step: 0.188 (last = 0.2461), fitness=-357128238.079655170
14832.30 secs, 1666826 evals, 1667493 steps, improv/step: 0.188 (last = 0.2453), fitness=-357128238.079655170
14862.31 secs, 1669719 evals, 1670387 steps, improv/step: 0.188 (last = 0.2754), fitness=-357128238.079655170
14892.31 secs, 1672743 evals, 1673412 steps, improv/step: 0.188 (last = 0.2932), fitness=-357128238.079655170
14922.31 secs, 1675742 evals, 1676413 steps, improv/step: 0.188 (last = 0.2696), fitness=-357128238.079655170
14952.32 secs, 1678663 evals, 1679336 steps, improv/step: 0.188 (last = 0.2696), fitness=-357128238.079655170
14982.33 secs, 1681544 evals, 1682218 steps, improv/step: 0.188 (last = 0.2585), fitness=-357128238.079655170
15012.33 secs, 1684497 evals, 1685171 steps, improv/step: 0.189 (last = 0.2933), fitness=-357128238.079655170
15042.34 secs, 1687476 evals, 1688153 steps, improv/step: 0.189 (last = 0.3115), fitness=-357128238.079655170
15072.67 secs, 1690528 evals, 1691208 steps, improv/step: 0.189 (last = 0.3552), fitness=-357128238.079655170
15102.68 secs, 1693506 evals, 1694188 steps, improv/step: 0.189 (last = 0.3117), fitness=-357128238.079655170
15132.68 secs, 1696542 evals, 1697226 steps, improv/step: 0.190 (last = 0.3223), fitness=-357128238.079655170
15162.69 secs, 1699468 evals, 1700153 steps, improv/step: 0.190 (last = 0.3420), fitness=-357128238.079655170
15192.98 secs, 1702329 evals, 1703017 steps, improv/step: 0.190 (last = 0.2971), fitness=-357128238.079655170
15222.98 secs, 1705257 evals, 1705946 steps, improv/step: 0.190 (last = 0.2523), fitness=-357128238.079655170
15252.99 secs, 1708227 evals, 1708917 steps, improv/step: 0.190 (last = 0.2868), fitness=-357128238.079655170
15283.42 secs, 1711167 evals, 1711858 steps, improv/step: 0.190 (last = 0.2744), fitness=-357128238.079655170
15313.42 secs, 1714179 evals, 1714871 steps, improv/step: 0.191 (last = 0.2954), fitness=-357128238.079655170
15343.42 secs, 1717104 evals, 1717797 steps, improv/step: 0.191 (last = 0.2666), fitness=-357128238.079655170
15373.43 secs, 1720081 evals, 1720776 steps, improv/step: 0.191 (last = 0.2682), fitness=-357128238.079655170
15403.43 secs, 1723065 evals, 1723762 steps, improv/step: 0.191 (last = 0.2609), fitness=-357128238.079655170
15433.43 secs, 1725953 evals, 1726653 steps, improv/step: 0.191 (last = 0.2729), fitness=-357128238.079655170
15463.44 secs, 1728873 evals, 1729578 steps, improv/step: 0.191 (last = 0.3200), fitness=-357128238.079655170
15493.44 secs, 1731844 evals, 1732553 steps, improv/step: 0.192 (last = 0.2958), fitness=-357128238.079655170
15523.45 secs, 1734800 evals, 1735511 steps, improv/step: 0.192 (last = 0.2772), fitness=-357128238.079655170
15553.45 secs, 1737812 evals, 1738525 steps, improv/step: 0.192 (last = 0.2565), fitness=-357128238.079655170
15583.79 secs, 1740754 evals, 1741469 steps, improv/step: 0.192 (last = 0.2683), fitness=-357128238.079655170
15613.79 secs, 1743737 evals, 1744454 steps, improv/step: 0.192 (last = 0.2690), fitness=-357128238.079655170
15643.79 secs, 1746654 evals, 1747374 steps, improv/step: 0.192 (last = 0.2541), fitness=-357128238.079655170
15673.80 secs, 1749590 evals, 1750312 steps, improv/step: 0.192 (last = 0.2815), fitness=-357128238.079655170
15703.80 secs, 1752592 evals, 1753318 steps, improv/step: 0.193 (last = 0.3190), fitness=-357128238.079655170
15733.80 secs, 1755508 evals, 1756235 steps, improv/step: 0.193 (last = 0.2592), fitness=-357128238.079655170
15763.81 secs, 1758398 evals, 1759125 steps, improv/step: 0.193 (last = 0.2536), fitness=-357128238.079655170
15793.81 secs, 1761374 evals, 1762105 steps, improv/step: 0.193 (last = 0.2540), fitness=-357128238.079655170
15823.81 secs, 1764444 evals, 1765175 steps, improv/step: 0.193 (last = 0.2202), fitness=-357128238.079655170
15853.96 secs, 1767417 evals, 1768150 steps, improv/step: 0.193 (last = 0.2303), fitness=-357128238.079655170
15884.13 secs, 1770285 evals, 1771022 steps, improv/step: 0.193 (last = 0.2347), fitness=-357128238.079655170
15914.14 secs, 1773165 evals, 1773902 steps, improv/step: 0.193 (last = 0.3059), fitness=-357128238.079655170
15944.14 secs, 1776047 evals, 1776787 steps, improv/step: 0.193 (last = 0.2884), fitness=-357128238.079655170
15974.15 secs, 1778968 evals, 1779709 steps, improv/step: 0.193 (last = 0.2673), fitness=-357128238.079655170
16004.15 secs, 1781889 evals, 1782631 steps, improv/step: 0.194 (last = 0.2536), fitness=-357128238.079655170
16034.16 secs, 1784819 evals, 1785561 steps, improv/step: 0.194 (last = 0.3024), fitness=-357128238.079655170
16064.23 secs, 1787589 evals, 1788332 steps, improv/step: 0.194 (last = 0.3800), fitness=-357128238.079655170
16094.23 secs, 1790451 evals, 1791198 steps, improv/step: 0.194 (last = 0.3374), fitness=-357128238.079655170
16124.23 secs, 1793314 evals, 1794062 steps, improv/step: 0.194 (last = 0.2294), fitness=-357128238.079655170
16154.24 secs, 1796189 evals, 1796937 steps, improv/step: 0.194 (last = 0.2170), fitness=-357128238.079655170
16184.24 secs, 1799030 evals, 1799780 steps, improv/step: 0.194 (last = 0.2487), fitness=-357128238.079655170
16214.45 secs, 1801862 evals, 1802614 steps, improv/step: 0.195 (last = 0.2989), fitness=-357128238.079655170
16244.45 secs, 1804677 evals, 1805431 steps, improv/step: 0.195 (last = 0.2854), fitness=-357128238.079655170
16274.45 secs, 1807483 evals, 1808240 steps, improv/step: 0.195 (last = 0.2770), fitness=-357128238.079655170
16304.58 secs, 1810368 evals, 1811127 steps, improv/step: 0.195 (last = 0.3145), fitness=-357128238.079655170
16334.59 secs, 1813172 evals, 1813932 steps, improv/step: 0.195 (last = 0.3248), fitness=-357128238.079655170
16364.87 secs, 1815971 evals, 1816734 steps, improv/step: 0.195 (last = 0.3084), fitness=-357128238.079655170
16394.87 secs, 1818853 evals, 1819617 steps, improv/step: 0.196 (last = 0.2400), fitness=-357128238.079655170
16425.17 secs, 1821589 evals, 1822357 steps, improv/step: 0.196 (last = 0.2372), fitness=-357128238.079655170
16455.17 secs, 1824479 evals, 1825247 steps, improv/step: 0.196 (last = 0.2311), fitness=-357128238.079655170
16485.18 secs, 1827441 evals, 1828212 steps, improv/step: 0.196 (last = 0.2641), fitness=-357128238.079655170
16515.18 secs, 1830206 evals, 1830982 steps, improv/step: 0.196 (last = 0.2711), fitness=-357128238.079655170
16545.19 secs, 1832987 evals, 1833765 steps, improv/step: 0.196 (last = 0.3126), fitness=-357128238.079655170
16575.36 secs, 1835840 evals, 1836622 steps, improv/step: 0.196 (last = 0.2716), fitness=-357128238.079655170
16605.37 secs, 1838754 evals, 1839538 steps, improv/step: 0.196 (last = 0.3138), fitness=-357128238.079655170
16635.37 secs, 1841603 evals, 1842390 steps, improv/step: 0.197 (last = 0.3275), fitness=-357128238.079655170
16665.38 secs, 1844369 evals, 1845157 steps, improv/step: 0.197 (last = 0.3123), fitness=-357128238.079655170
16695.56 secs, 1847207 evals, 1847997 steps, improv/step: 0.197 (last = 0.2581), fitness=-357128238.079655170
16725.72 secs, 1849922 evals, 1850715 steps, improv/step: 0.197 (last = 0.2421), fitness=-357128238.079655170
16755.73 secs, 1852684 evals, 1853477 steps, improv/step: 0.197 (last = 0.2505), fitness=-357128238.079655170
16785.73 secs, 1855522 evals, 1856315 steps, improv/step: 0.197 (last = 0.2463), fitness=-357128238.079655170
16815.73 secs, 1858299 evals, 1859094 steps, improv/step: 0.197 (last = 0.2605), fitness=-357128238.079655170
16845.74 secs, 1861160 evals, 1861957 steps, improv/step: 0.197 (last = 0.2309), fitness=-357128238.079655170
16875.85 secs, 1863830 evals, 1864630 steps, improv/step: 0.197 (last = 0.2361), fitness=-357128238.079655170
16905.85 secs, 1866653 evals, 1867455 steps, improv/step: 0.197 (last = 0.2758), fitness=-357128238.079655170
16935.88 secs, 1869310 evals, 1870115 steps, improv/step: 0.198 (last = 0.2966), fitness=-357128238.079655170
16966.32 secs, 1872055 evals, 1872861 steps, improv/step: 0.198 (last = 0.3055), fitness=-357128238.079655170
16996.32 secs, 1874790 evals, 1875598 steps, improv/step: 0.198 (last = 0.2894), fitness=-357128238.079655170
17026.32 secs, 1877478 evals, 1878289 steps, improv/step: 0.198 (last = 0.3151), fitness=-357128238.079655170
17056.33 secs, 1880273 evals, 1881086 steps, improv/step: 0.198 (last = 0.3296), fitness=-357128238.079655170
17086.33 secs, 1883117 evals, 1883932 steps, improv/step: 0.198 (last = 0.2843), fitness=-357128238.079655170
17116.33 secs, 1886040 evals, 1886855 steps, improv/step: 0.198 (last = 0.2744), fitness=-357128238.079655170
17146.34 secs, 1888843 evals, 1889666 steps, improv/step: 0.199 (last = 0.3198), fitness=-357128238.079655170
17176.34 secs, 1891739 evals, 1892565 steps, improv/step: 0.199 (last = 0.2549), fitness=-357128238.079655170
17206.35 secs, 1894472 evals, 1895301 steps, improv/step: 0.199 (last = 0.2456), fitness=-357128238.079655170
17236.35 secs, 1897391 evals, 1898226 steps, improv/step: 0.199 (last = 0.2725), fitness=-357128238.079655170
17266.35 secs, 1900111 evals, 1900952 steps, improv/step: 0.199 (last = 0.2861), fitness=-357128238.079655170
17296.36 secs, 1902828 evals, 1903671 steps, improv/step: 0.199 (last = 0.2670), fitness=-357128238.079655170
17326.36 secs, 1905641 evals, 1906486 steps, improv/step: 0.199 (last = 0.2455), fitness=-357128238.079655170
17356.37 secs, 1908384 evals, 1909234 steps, improv/step: 0.199 (last = 0.2991), fitness=-357128238.079655170
17386.37 secs, 1911274 evals, 1912124 steps, improv/step: 0.199 (last = 0.2595), fitness=-357128238.079655170
17416.38 secs, 1914194 evals, 1915046 steps, improv/step: 0.200 (last = 0.2823), fitness=-357128238.079655170
17446.38 secs, 1917076 evals, 1917929 steps, improv/step: 0.200 (last = 0.2712), fitness=-357128238.079655170
17476.39 secs, 1919929 evals, 1920784 steps, improv/step: 0.200 (last = 0.2256), fitness=-357128238.079655170
17506.40 secs, 1922861 evals, 1923719 steps, improv/step: 0.200 (last = 0.2991), fitness=-357128238.079655170
17536.41 secs, 1925770 evals, 1926629 steps, improv/step: 0.200 (last = 0.2873), fitness=-357128238.079655170
17566.41 secs, 1928648 evals, 1929508 steps, improv/step: 0.200 (last = 0.2657), fitness=-357128238.079655170
17596.62 secs, 1931700 evals, 1932563 steps, improv/step: 0.200 (last = 0.2556), fitness=-357128238.079655170
17626.63 secs, 1934633 evals, 1935496 steps, improv/step: 0.200 (last = 0.2768), fitness=-357128238.079655170
17656.64 secs, 1937539 evals, 1938404 steps, improv/step: 0.200 (last = 0.3428), fitness=-357128238.079655170
17686.91 secs, 1940484 evals, 1941351 steps, improv/step: 0.201 (last = 0.2840), fitness=-357128238.079655170
17716.91 secs, 1943413 evals, 1944282 steps, improv/step: 0.201 (last = 0.2747), fitness=-357128238.079655170
17746.92 secs, 1946279 evals, 1947150 steps, improv/step: 0.201 (last = 0.2427), fitness=-357128238.079655170
17776.93 secs, 1949206 evals, 1950078 steps, improv/step: 0.201 (last = 0.2654), fitness=-357128238.079655170
17807.16 secs, 1952158 evals, 1953034 steps, improv/step: 0.201 (last = 0.2300), fitness=-357128238.079655170
17837.16 secs, 1955093 evals, 1955971 steps, improv/step: 0.201 (last = 0.2400), fitness=-357128238.079655170
17867.17 secs, 1958134 evals, 1959017 steps, improv/step: 0.201 (last = 0.3165), fitness=-357128238.079655170
17897.17 secs, 1961052 evals, 1961935 steps, improv/step: 0.201 (last = 0.3759), fitness=-357128238.079655170
17927.18 secs, 1963980 evals, 1964864 steps, improv/step: 0.202 (last = 0.3537), fitness=-357128238.079655170
17957.18 secs, 1966919 evals, 1967806 steps, improv/step: 0.202 (last = 0.3311), fitness=-357128238.079655170
17987.18 secs, 1969807 evals, 1970695 steps, improv/step: 0.202 (last = 0.2977), fitness=-357128238.079655170
18017.47 secs, 1972814 evals, 1973704 steps, improv/step: 0.202 (last = 0.2639), fitness=-357128238.079655170
18047.48 secs, 1975846 evals, 1976738 steps, improv/step: 0.202 (last = 0.2380), fitness=-357128238.079655170
18077.48 secs, 1978850 evals, 1979744 steps, improv/step: 0.202 (last = 0.2122), fitness=-357128238.079655170
18107.49 secs, 1981727 evals, 1982623 steps, improv/step: 0.202 (last = 0.2008), fitness=-357128238.079655170
18137.51 secs, 1984667 evals, 1985564 steps, improv/step: 0.202 (last = 0.2016), fitness=-357128238.079655170
18167.51 secs, 1987694 evals, 1988592 steps, improv/step: 0.202 (last = 0.1826), fitness=-357128238.079655170
18197.51 secs, 1990725 evals, 1991625 steps, improv/step: 0.202 (last = 0.2199), fitness=-357128238.079655170
18227.51 secs, 1993712 evals, 1994618 steps, improv/step: 0.202 (last = 0.2559), fitness=-357128238.079655170
18257.51 secs, 1996649 evals, 1997555 steps, improv/step: 0.202 (last = 0.2860), fitness=-357128238.079655170
18287.51 secs, 1999650 evals, 2000559 steps, improv/step: 0.202 (last = 0.2736), fitness=-357128238.079655170
18317.52 secs, 2002598 evals, 2003511 steps, improv/step: 0.203 (last = 0.2754), fitness=-357128238.079655170
18347.52 secs, 2005492 evals, 2006406 steps, improv/step: 0.203 (last = 0.2864), fitness=-357128238.079655170
18377.53 secs, 2008475 evals, 2009390 steps, improv/step: 0.203 (last = 0.2138), fitness=-357128238.079655170
18407.53 secs, 2011483 evals, 2012400 steps, improv/step: 0.203 (last = 0.2369), fitness=-357128238.079655170
18437.54 secs, 2014348 evals, 2015267 steps, improv/step: 0.203 (last = 0.2745), fitness=-357128238.079655170
18467.54 secs, 2017186 evals, 2018108 steps, improv/step: 0.203 (last = 0.2355), fitness=-357128238.079655170
18497.55 secs, 2020144 evals, 2021068 steps, improv/step: 0.203 (last = 0.2689), fitness=-357128238.079655170
18527.55 secs, 2023139 evals, 2024066 steps, improv/step: 0.203 (last = 0.2382), fitness=-357128238.079655170
18557.56 secs, 2026028 evals, 2026955 steps, improv/step: 0.203 (last = 0.2766), fitness=-357128238.079655170
18587.56 secs, 2029037 evals, 2029967 steps, improv/step: 0.203 (last = 0.3154), fitness=-357128238.079655170
18617.57 secs, 2031972 evals, 2032906 steps, improv/step: 0.203 (last = 0.2810), fitness=-357128238.079655170
18647.75 secs, 2034813 evals, 2035747 steps, improv/step: 0.204 (last = 0.2798), fitness=-357128238.079655170
18677.76 secs, 2037725 evals, 2038662 steps, improv/step: 0.204 (last = 0.2930), fitness=-357128238.079655170
18707.76 secs, 2040737 evals, 2041678 steps, improv/step: 0.204 (last = 0.2361), fitness=-357128238.079655170
18737.76 secs, 2043676 evals, 2044620 steps, improv/step: 0.204 (last = 0.2661), fitness=-357128238.079655170
18768.00 secs, 2046711 evals, 2047657 steps, improv/step: 0.204 (last = 0.2825), fitness=-357128238.079655170
18798.44 secs, 2049696 evals, 2050644 steps, improv/step: 0.204 (last = 0.2270), fitness=-357128238.079655170
18828.44 secs, 2052751 evals, 2053700 steps, improv/step: 0.204 (last = 0.2601), fitness=-357128238.079655170
18858.45 secs, 2055664 evals, 2056616 steps, improv/step: 0.204 (last = 0.2925), fitness=-357128238.079655170
18888.46 secs, 2058645 evals, 2059598 steps, improv/step: 0.204 (last = 0.3353), fitness=-357128238.079655170
18918.47 secs, 2061438 evals, 2062392 steps, improv/step: 0.204 (last = 0.2881), fitness=-357128238.079655170
18948.72 secs, 2064376 evals, 2065333 steps, improv/step: 0.204 (last = 0.2295), fitness=-357128238.079655170
18978.72 secs, 2067359 evals, 2068316 steps, improv/step: 0.205 (last = 0.2635), fitness=-357128238.079655170
19008.73 secs, 2070150 evals, 2071108 steps, improv/step: 0.205 (last = 0.2597), fitness=-357128238.079655170
19038.73 secs, 2073038 evals, 2074000 steps, improv/step: 0.205 (last = 0.2158), fitness=-357128238.079655170
19068.73 secs, 2076041 evals, 2077003 steps, improv/step: 0.205 (last = 0.1958), fitness=-357128238.079655170
19099.06 secs, 2078853 evals, 2079820 steps, improv/step: 0.205 (last = 0.3106), fitness=-357128238.079655170
19129.06 secs, 2081783 evals, 2082752 steps, improv/step: 0.205 (last = 0.2824), fitness=-357128238.079655170
19159.27 secs, 2084610 evals, 2085583 steps, improv/step: 0.205 (last = 0.2045), fitness=-357128238.079655170
19189.27 secs, 2087556 evals, 2088531 steps, improv/step: 0.205 (last = 0.2415), fitness=-357128238.079655170
19219.28 secs, 2090457 evals, 2091435 steps, improv/step: 0.205 (last = 0.2652), fitness=-357128238.079655170
19249.29 secs, 2093331 evals, 2094312 steps, improv/step: 0.205 (last = 0.3073), fitness=-357128238.079655170
19279.29 secs, 2096221 evals, 2097205 steps, improv/step: 0.205 (last = 0.3477), fitness=-357128238.079655170
19309.30 secs, 2099125 evals, 2100111 steps, improv/step: 0.205 (last = 0.2705), fitness=-357128238.079655170
19339.30 secs, 2102141 evals, 2103133 steps, improv/step: 0.206 (last = 0.2733), fitness=-357128238.079655170
19369.55 secs, 2105025 evals, 2106019 steps, improv/step: 0.206 (last = 0.2280), fitness=-357128238.079655170
19399.56 secs, 2107995 evals, 2108990 steps, improv/step: 0.206 (last = 0.2982), fitness=-357128238.079655170
19429.57 secs, 2110781 evals, 2111776 steps, improv/step: 0.206 (last = 0.2340), fitness=-357128238.079655170
19459.57 secs, 2113673 evals, 2114669 steps, improv/step: 0.206 (last = 0.2316), fitness=-357128238.079655170
19489.88 secs, 2116685 evals, 2117684 steps, improv/step: 0.206 (last = 0.3085), fitness=-357128238.079655170
19519.88 secs, 2119684 evals, 2120686 steps, improv/step: 0.206 (last = 0.3334), fitness=-357128238.079655170
19550.01 secs, 2122538 evals, 2123542 steps, improv/step: 0.206 (last = 0.2871), fitness=-357128238.079655170
19580.01 secs, 2125565 evals, 2126571 steps, improv/step: 0.206 (last = 0.2800), fitness=-357128238.079655170
19610.01 secs, 2128421 evals, 2129427 steps, improv/step: 0.206 (last = 0.2563), fitness=-357128238.079655170
19640.01 secs, 2131243 evals, 2132249 steps, improv/step: 0.206 (last = 0.2314), fitness=-357128238.079655170
19670.01 secs, 2134223 evals, 2135232 steps, improv/step: 0.207 (last = 0.2628), fitness=-357128238.079655170
19700.03 secs, 2137216 evals, 2138227 steps, improv/step: 0.207 (last = 0.2634), fitness=-357128238.079655170
19730.04 secs, 2140137 evals, 2141149 steps, improv/step: 0.207 (last = 0.3049), fitness=-357128238.079655170
19760.04 secs, 2143031 evals, 2144046 steps, improv/step: 0.207 (last = 0.2806), fitness=-357128238.079655170
19790.81 secs, 2145790 evals, 2146809 steps, improv/step: 0.207 (last = 0.2457), fitness=-357128238.079655170
19820.81 secs, 2148571 evals, 2149590 steps, improv/step: 0.207 (last = 0.2859), fitness=-357128238.079655170
19850.81 secs, 2151480 evals, 2152504 steps, improv/step: 0.207 (last = 0.2690), fitness=-357128238.079655170
19880.82 secs, 2154234 evals, 2155260 steps, improv/step: 0.207 (last = 0.3066), fitness=-357128238.079655170
19910.82 secs, 2157124 evals, 2158152 steps, improv/step: 0.207 (last = 0.2701), fitness=-357128238.079655170
19940.83 secs, 2159978 evals, 2161007 steps, improv/step: 0.207 (last = 0.2119), fitness=-357128238.079655170
19970.84 secs, 2162776 evals, 2163806 steps, improv/step: 0.207 (last = 0.2329), fitness=-357128238.079655170
20000.85 secs, 2165712 evals, 2166742 steps, improv/step: 0.207 (last = 0.2224), fitness=-357128238.079655170
20030.85 secs, 2168625 evals, 2169655 steps, improv/step: 0.207 (last = 0.3203), fitness=-357128238.079655170
20060.86 secs, 2171473 evals, 2172505 steps, improv/step: 0.208 (last = 0.2674), fitness=-357128238.079655170
20090.86 secs, 2174234 evals, 2175267 steps, improv/step: 0.208 (last = 0.2788), fitness=-357128238.079655170
20120.86 secs, 2177049 evals, 2178085 steps, improv/step: 0.208 (last = 0.2505), fitness=-357128238.079655170
20150.87 secs, 2179834 evals, 2180872 steps, improv/step: 0.208 (last = 0.2616), fitness=-357128238.079655170
20180.88 secs, 2182532 evals, 2183573 steps, improv/step: 0.208 (last = 0.2836), fitness=-357128238.079655170
20210.88 secs, 2185289 evals, 2186333 steps, improv/step: 0.208 (last = 0.3815), fitness=-357128238.079655170
20240.88 secs, 2188169 evals, 2189214 steps, improv/step: 0.208 (last = 0.3936), fitness=-357128238.079655170
20270.89 secs, 2190944 evals, 2191990 steps, improv/step: 0.209 (last = 0.3804), fitness=-357128238.079655170
20300.89 secs, 2193689 evals, 2194737 steps, improv/step: 0.209 (last = 0.3258), fitness=-357128238.079655170
20330.90 secs, 2196449 evals, 2197497 steps, improv/step: 0.209 (last = 0.3283), fitness=-357128238.079655170
20360.91 secs, 2199132 evals, 2200181 steps, improv/step: 0.209 (last = 0.3409), fitness=-357128238.079655170
20390.92 secs, 2201900 evals, 2202953 steps, improv/step: 0.209 (last = 0.3106), fitness=-357128238.079655170
20420.92 secs, 2204786 evals, 2205841 steps, improv/step: 0.209 (last = 0.1835), fitness=-357128238.079655170
20450.92 secs, 2207595 evals, 2208651 steps, improv/step: 0.209 (last = 0.2399), fitness=-357128238.079655170
20480.92 secs, 2210355 evals, 2211414 steps, improv/step: 0.209 (last = 0.2483), fitness=-357128238.079655170
20510.93 secs, 2213079 evals, 2214144 steps, improv/step: 0.209 (last = 0.2436), fitness=-357128238.079655170
20541.34 secs, 2215678 evals, 2216744 steps, improv/step: 0.209 (last = 0.3315), fitness=-357128238.079655170
20571.73 secs, 2218568 evals, 2219636 steps, improv/step: 0.209 (last = 0.2849), fitness=-357128238.079655170
20601.79 secs, 2221462 evals, 2222533 steps, improv/step: 0.210 (last = 0.2437), fitness=-357128238.079655170
20631.80 secs, 2224535 evals, 2225608 steps, improv/step: 0.210 (last = 0.2364), fitness=-357128238.079655170
20661.80 secs, 2227310 evals, 2228385 steps, improv/step: 0.210 (last = 0.2438), fitness=-357128238.079655170
20691.80 secs, 2230318 evals, 2231395 steps, improv/step: 0.210 (last = 0.2708), fitness=-357128238.079655170
20721.81 secs, 2233189 evals, 2234268 steps, improv/step: 0.210 (last = 0.2499), fitness=-357128238.079655170
20751.81 secs, 2236154 evals, 2237235 steps, improv/step: 0.210 (last = 0.2936), fitness=-357128238.079655170
20782.02 secs, 2238902 evals, 2239985 steps, improv/step: 0.210 (last = 0.2975), fitness=-357128238.079655170
20812.03 secs, 2241795 evals, 2242881 steps, improv/step: 0.210 (last = 0.2935), fitness=-357128238.079655170
20842.03 secs, 2244712 evals, 2245802 steps, improv/step: 0.210 (last = 0.3365), fitness=-357128238.079655170
20872.04 secs, 2247652 evals, 2248746 steps, improv/step: 0.210 (last = 0.2918), fitness=-357128238.079655170
20902.04 secs, 2250676 evals, 2251774 steps, improv/step: 0.210 (last = 0.2903), fitness=-357128238.079655170
20932.05 secs, 2253676 evals, 2254776 steps, improv/step: 0.210 (last = 0.2129), fitness=-357128238.079655170
20962.75 secs, 2256792 evals, 2257894 steps, improv/step: 0.210 (last = 0.2428), fitness=-357128238.079655170
20992.76 secs, 2259874 evals, 2260979 steps, improv/step: 0.211 (last = 0.2438), fitness=-357128238.079655170
21023.21 secs, 2263003 evals, 2264109 steps, improv/step: 0.211 (last = 0.2984), fitness=-357128238.079655170
21053.21 secs, 2266204 evals, 2267312 steps, improv/step: 0.211 (last = 0.2860), fitness=-357128238.079655170
21083.21 secs, 2269379 evals, 2270488 steps, improv/step: 0.211 (last = 0.2582), fitness=-357128238.079655170
21113.31 secs, 2272515 evals, 2273628 steps, improv/step: 0.211 (last = 0.2955), fitness=-357128238.079655170
21143.31 secs, 2275772 evals, 2276886 steps, improv/step: 0.211 (last = 0.2812), fitness=-357128238.079655170
21173.32 secs, 2278980 evals, 2280102 steps, improv/step: 0.211 (last = 0.2836), fitness=-357128238.079655170
21203.32 secs, 2282083 evals, 2283208 steps, improv/step: 0.211 (last = 0.2814), fitness=-357128238.079655170
21233.33 secs, 2285249 evals, 2286377 steps, improv/step: 0.211 (last = 0.2023), fitness=-357128238.079655170
21263.33 secs, 2288462 evals, 2289591 steps, improv/step: 0.211 (last = 0.2134), fitness=-357128238.079655170
21293.33 secs, 2291660 evals, 2292792 steps, improv/step: 0.211 (last = 0.2743), fitness=-357128238.079655170
21323.34 secs, 2294952 evals, 2296086 steps, improv/step: 0.211 (last = 0.2848), fitness=-357128238.079655170
21353.35 secs, 2297944 evals, 2299079 steps, improv/step: 0.212 (last = 0.3034), fitness=-357128238.079655170
21383.35 secs, 2300999 evals, 2302135 steps, improv/step: 0.212 (last = 0.2824), fitness=-357128238.079655170
21413.35 secs, 2304013 evals, 2305150 steps, improv/step: 0.212 (last = 0.2053), fitness=-357128238.079655170
21443.36 secs, 2307076 evals, 2308217 steps, improv/step: 0.212 (last = 0.2132), fitness=-357128238.079655170
21473.71 secs, 2310267 evals, 2311409 steps, improv/step: 0.212 (last = 0.2055), fitness=-357128238.079655170
21503.71 secs, 2313666 evals, 2314814 steps, improv/step: 0.212 (last = 0.1442), fitness=-357128238.079655170
21533.71 secs, 2316964 evals, 2318115 steps, improv/step: 0.212 (last = 0.2242), fitness=-357128238.079655170
21563.72 secs, 2320114 evals, 2321269 steps, improv/step: 0.212 (last = 0.2270), fitness=-357128238.079655170
21593.72 secs, 2323208 evals, 2324365 steps, improv/step: 0.212 (last = 0.2775), fitness=-357128238.079655170
21623.72 secs, 2326244 evals, 2327405 steps, improv/step: 0.212 (last = 0.2918), fitness=-357128238.079655170
21653.72 secs, 2329430 evals, 2330592 steps, improv/step: 0.212 (last = 0.3373), fitness=-357128238.079655170
21683.72 secs, 2332465 evals, 2333628 steps, improv/step: 0.212 (last = 0.2968), fitness=-357128238.079655170
21713.73 secs, 2335546 evals, 2336710 steps, improv/step: 0.212 (last = 0.2985), fitness=-357128238.079655170
21743.73 secs, 2338691 evals, 2339856 steps, improv/step: 0.212 (last = 0.3328), fitness=-357128238.079655170
21773.73 secs, 2341760 evals, 2342925 steps, improv/step: 0.212 (last = 0.2571), fitness=-357128238.079655170
21803.74 secs, 2345027 evals, 2346195 steps, improv/step: 0.212 (last = 0.2587), fitness=-357128238.079655170
21833.75 secs, 2348329 evals, 2349497 steps, improv/step: 0.212 (last = 0.2332), fitness=-357128238.079655170
21863.75 secs, 2351600 evals, 2352771 steps, improv/step: 0.213 (last = 0.2883), fitness=-357128238.079655170
21893.76 secs, 2354747 evals, 2355920 steps, improv/step: 0.213 (last = 0.2118), fitness=-357128238.079655170
21923.76 secs, 2358065 evals, 2359241 steps, improv/step: 0.213 (last = 0.2026), fitness=-357128238.079655170
21953.77 secs, 2361366 evals, 2362544 steps, improv/step: 0.213 (last = 0.2177), fitness=-357128238.079655170
21984.00 secs, 2364580 evals, 2365759 steps, improv/step: 0.213 (last = 0.1742), fitness=-357128238.079655170
22014.01 secs, 2367512 evals, 2368694 steps, improv/step: 0.212 (last = 0.1765), fitness=-357128238.079655170
22044.01 secs, 2370540 evals, 2371723 steps, improv/step: 0.212 (last = 0.2281), fitness=-357128238.079655170
22074.01 secs, 2373614 evals, 2374801 steps, improv/step: 0.213 (last = 0.2466), fitness=-357128238.079655170
22104.32 secs, 2376544 evals, 2377734 steps, improv/step: 0.212 (last = 0.1882), fitness=-357128238.079655170
22134.32 secs, 2379598 evals, 2380792 steps, improv/step: 0.212 (last = 0.1913), fitness=-357128238.079655170
22164.33 secs, 2382649 evals, 2383845 steps, improv/step: 0.212 (last = 0.2050), fitness=-357128238.079655170
22194.33 secs, 2385653 evals, 2386850 steps, improv/step: 0.213 (last = 0.2908), fitness=-357128238.079655170
22224.33 secs, 2388717 evals, 2389915 steps, improv/step: 0.213 (last = 0.2923), fitness=-357128238.079655170
22254.34 secs, 2391814 evals, 2393012 steps, improv/step: 0.213 (last = 0.2996), fitness=-357128238.079655170
22284.34 secs, 2394797 evals, 2395996 steps, improv/step: 0.213 (last = 0.2466), fitness=-357128238.079655170
22314.34 secs, 2397672 evals, 2398873 steps, improv/step: 0.213 (last = 0.2961), fitness=-357128238.079655170
22345.06 secs, 2400641 evals, 2401843 steps, improv/step: 0.213 (last = 0.2761), fitness=-357128238.079655170
22375.07 secs, 2403637 evals, 2404843 steps, improv/step: 0.213 (last = 0.3280), fitness=-357128238.079655170
22405.42 secs, 2406527 evals, 2407733 steps, improv/step: 0.213 (last = 0.3588), fitness=-357128238.079655170
22435.43 secs, 2409361 evals, 2410572 steps, improv/step: 0.213 (last = 0.2659), fitness=-357128238.079655170
22465.87 secs, 2412427 evals, 2413638 steps, improv/step: 0.213 (last = 0.2896), fitness=-357128238.079655170
22496.15 secs, 2415556 evals, 2416768 steps, improv/step: 0.214 (last = 0.2981), fitness=-357128238.079655170
22526.15 secs, 2418610 evals, 2419826 steps, improv/step: 0.214 (last = 0.3116), fitness=-357128238.079655170
22556.15 secs, 2421649 evals, 2422868 steps, improv/step: 0.214 (last = 0.3074), fitness=-357128238.079655170
22586.15 secs, 2424662 evals, 2425883 steps, improv/step: 0.214 (last = 0.2468), fitness=-357128238.079655170
22616.15 secs, 2427583 evals, 2428806 steps, improv/step: 0.214 (last = 0.2364), fitness=-357128238.079655170
22646.16 secs, 2430451 evals, 2431677 steps, improv/step: 0.214 (last = 0.3135), fitness=-357128238.079655170
22676.16 secs, 2433428 evals, 2434656 steps, improv/step: 0.214 (last = 0.2843), fitness=-357128238.079655170
22706.44 secs, 2436513 evals, 2437742 steps, improv/step: 0.214 (last = 0.2262), fitness=-357128238.079655170
22737.24 secs, 2439671 evals, 2440900 steps, improv/step: 0.214 (last = 0.2299), fitness=-357128238.079655170
22767.24 secs, 2442929 evals, 2444158 steps, improv/step: 0.214 (last = 0.3017), fitness=-357128238.079655170
22797.24 secs, 2445727 evals, 2446960 steps, improv/step: 0.214 (last = 0.2759), fitness=-357128238.079655170
22827.25 secs, 2448531 evals, 2449767 steps, improv/step: 0.214 (last = 0.2911), fitness=-357128238.079655170
22857.25 secs, 2451308 evals, 2452547 steps, improv/step: 0.214 (last = 0.2493), fitness=-357128238.079655170
22887.25 secs, 2454123 evals, 2455367 steps, improv/step: 0.214 (last = 0.2574), fitness=-357128238.079655170
22917.25 secs, 2456935 evals, 2458182 steps, improv/step: 0.215 (last = 0.2622), fitness=-357128238.079655170
22947.25 secs, 2459898 evals, 2461147 steps, improv/step: 0.215 (last = 0.2455), fitness=-357128238.079655170
22977.26 secs, 2462856 evals, 2464108 steps, improv/step: 0.215 (last = 0.2709), fitness=-357128238.079655170
23007.26 secs, 2465897 evals, 2467151 steps, improv/step: 0.215 (last = 0.3428), fitness=-357128238.079655170
23037.27 secs, 2468933 evals, 2470189 steps, improv/step: 0.215 (last = 0.3134), fitness=-357128238.079655170
23067.27 secs, 2472125 evals, 2473385 steps, improv/step: 0.215 (last = 0.2566), fitness=-357128238.079655170
23097.28 secs, 2475226 evals, 2476493 steps, improv/step: 0.215 (last = 0.2539), fitness=-357128238.079655170
23127.29 secs, 2478390 evals, 2479659 steps, improv/step: 0.215 (last = 0.2669), fitness=-357128238.079655170
23157.29 secs, 2481572 evals, 2482844 steps, improv/step: 0.215 (last = 0.2791), fitness=-357128238.079655170
23187.40 secs, 2484645 evals, 2485922 steps, improv/step: 0.215 (last = 0.2801), fitness=-357128238.079655170
23217.62 secs, 2487504 evals, 2488783 steps, improv/step: 0.215 (last = 0.2856), fitness=-357128238.079655170
23247.62 secs, 2490421 evals, 2491701 steps, improv/step: 0.215 (last = 0.3228), fitness=-357128238.079655170
23277.62 secs, 2493322 evals, 2494603 steps, improv/step: 0.216 (last = 0.3070), fitness=-357128238.079655170
23307.63 secs, 2496269 evals, 2497554 steps, improv/step: 0.216 (last = 0.3199), fitness=-357128238.079655170
23337.64 secs, 2499330 evals, 2500617 steps, improv/step: 0.216 (last = 0.2210), fitness=-357128238.079655170

Optimization stopped after 2501288 steps and 23343.68 seconds
Termination reason: Max number of function evaluations (2500000) reached
Steps per second = 107.15
Function evals per second = 107.10
Improvements/step = Inf
Total function evaluations = 2500001


Best candidate found: [236.274, 112.511, 7.32297, 168.215, 1.0e9, 1000.0, 38.9535, 254.67, 1000.0, 11027.9, 9.65958e-5, 0.000960993, 0.0109133, 0.096446, 0.766671]

Fitness: -357128238.079655170

-3.571282380796552e8
15-element Vector{Float64}:
   236.27368632716204
   112.51101959030999
     7.322967334014877
   168.2154074557238
     9.999999997354769e8
   999.9999999995889
    38.953474864958004
   254.66955743837832
   999.9999999998519
 11027.860072430647
     9.659582674743183e-5
     0.0009609934084370174
     0.010913321375166212
     0.09644601453632375
     0.7666712196161765
Script has finished
Sat Dec 18 22:32:39 CET 2021

------------------------------------------------------------
Sender: LSF System <schwan@makalu112>
Subject: Job 575449: <Julia_Job_parallel> in cluster <wuerfel> Done

Job <Julia_Job_parallel> was submitted from host <makalu56> by user <magr4985> in cluster <wuerfel> at Sat Dec 18 15:58:23 2021
Job was executed on host(s) <makalu112>, in queue <BatchXL>, as user <magr4985> in cluster <wuerfel> at Sat Dec 18 15:58:34 2021
</usr/scratch4/magr4985> was used as the home directory.
</usr/scratch4/magr4985/TRPL/BatchJobs/C2704_hzb/Run11> was used as the working directory.
Started at Sat Dec 18 15:58:34 2021
Terminated at Sat Dec 18 22:32:39 2021
Results reported at Sat Dec 18 22:32:39 2021

Your job looked like:

------------------------------------------------------------
# LSBATCH: User input
#!/bin/csh 
#BSUB -q BatchXL 
#BSUB -R "mem > 8000 span[hosts=1] && intel_avx2" 
#BSUB -oo lsf_julia_%J.log 
#BSUB -eo lsf_julia_%J.err 
#BSUB -J Julia_Job_parallel 
#BSUB -L /bin/csh 
#BSUB -n 1 
date 
pwd 
module purge 
/usr/scratch4/magr4985/julia-1.6.2/bin/julia -t 4 /usr/scratch4/magr4985/TRPL/Programs/trpl_analysis_real.jl C2704_hzb 5.0e16 2500000 1 /usr/scratch4/magr4985/TRPL/BatchJobs/C2704_hzb/Run11 1.0e-14 3600 "[1.0, 1.0, 1.0, 1.0, 1.0, 1.0, 1.0, 1.0, 1.0, 1.0, 1.0e-6, 1.0e-6, 1.0e-6, 1.0e-6, 1.0e-6, 1.0e-6, 1.0e-6, 1.0e-6, 1.0e-6, 1.0e-6]" "[5000.0, 5000.0, 1000.0, 1000.0, 1.0e9, 1000.0, 10000.0, 10000.0, 1000.0, 1.0e6, 1.0, 1.0, 1.0, 1.0, 1.0, 1.0, 1.0, 1.0, 1.0, 1.0]" 
date
------------------------------------------------------------

Successfully completed.

Resource usage summary:

    CPU time :                                   58897.16 sec.
    Max Memory :                                 4815.97 MB
    Average Memory :                             2143.03 MB
    Total Requested Memory :                     -
    Delta Memory :                               -
    Max Swap :                                   256 KB
    Max Processes :                              4
    Max Threads :                                12
    Run time :                                   23644 sec.
    Turnaround time :                            23656 sec.

The output (if any) is above this job summary.



PS:

Read file <lsf_julia_575449.err> for stderr output of this job.

