Warning: no access to tty (Bad file descriptor).
Thus no job control in this shell.
Warning: no access to tty (Bad file descriptor).
Thus no job control in this shell.
Sat Dec 18 15:37:55 CET 2021
/usr/scratch4/magr4985/TRPL/BatchJobs/C2702_hzb/Run2
# Thread: 4
8862386755277768504 RNG Seed
Run 1
Starting optimization with optimizer DiffEvoOpt{FitPopulation{Float64}, RadiusLimitedSelector, BlackBoxOptim.DiffEvoRandBin{3}, RandomBound{ContinuousRectSearchSpace}}
0.00 secs, 0 evals, 0 steps
30.01 secs, 3082 evals, 3004 steps, improv/step: 0.299 (last = 0.2986), fitness=-253921931.623756021
60.05 secs, 6311 evals, 6233 steps, improv/step: 0.244 (last = 0.1923), fitness=-282404165.028220057
90.06 secs, 9757 evals, 9679 steps, improv/step: 0.204 (last = 0.1317), fitness=-286393985.879641175
120.06 secs, 13176 evals, 13098 steps, improv/step: 0.174 (last = 0.0889), fitness=-286799334.666771114
150.07 secs, 16718 evals, 16640 steps, improv/step: 0.156 (last = 0.0895), fitness=-287092519.268957376
180.07 secs, 20277 evals, 20199 steps, improv/step: 0.145 (last = 0.0936), fitness=-287160582.721681237
210.08 secs, 24097 evals, 24019 steps, improv/step: 0.132 (last = 0.0613), fitness=-287176978.585020423
240.09 secs, 27941 evals, 27863 steps, improv/step: 0.121 (last = 0.0570), fitness=-287181715.497282445
270.10 secs, 31800 evals, 31723 steps, improv/step: 0.115 (last = 0.0663), fitness=-287187461.208009660
300.10 secs, 35621 evals, 35544 steps, improv/step: 0.108 (last = 0.0505), fitness=-287190724.479814768
330.11 secs, 39458 evals, 39382 steps, improv/step: 0.103 (last = 0.0576), fitness=-287192336.589753568
360.15 secs, 43234 evals, 43159 steps, improv/step: 0.099 (last = 0.0598), fitness=-287194645.095533729
390.15 secs, 46965 evals, 46890 steps, improv/step: 0.097 (last = 0.0697), fitness=-287196741.298729599
420.16 secs, 50761 evals, 50686 steps, improv/step: 0.095 (last = 0.0735), fitness=-287197745.637464881
450.16 secs, 54536 evals, 54461 steps, improv/step: 0.093 (last = 0.0707), fitness=-287199435.938023150
480.17 secs, 58279 evals, 58204 steps, improv/step: 0.092 (last = 0.0713), fitness=-287200070.566310823
510.19 secs, 61978 evals, 61903 steps, improv/step: 0.091 (last = 0.0749), fitness=-287200642.274172127
540.19 secs, 65662 evals, 65587 steps, improv/step: 0.089 (last = 0.0643), fitness=-287201276.294685960
570.25 secs, 69312 evals, 69238 steps, improv/step: 0.088 (last = 0.0586), fitness=-287201506.873270988
600.28 secs, 73023 evals, 72951 steps, improv/step: 0.086 (last = 0.0452), fitness=-287201639.170382142
630.29 secs, 76744 evals, 76672 steps, improv/step: 0.084 (last = 0.0449), fitness=-287201701.161656857
660.29 secs, 80428 evals, 80356 steps, improv/step: 0.082 (last = 0.0426), fitness=-287201791.458277583
690.29 secs, 84110 evals, 84038 steps, improv/step: 0.079 (last = 0.0301), fitness=-287201848.945557237
720.30 secs, 87768 evals, 87697 steps, improv/step: 0.077 (last = 0.0230), fitness=-287201885.418305397
750.31 secs, 91384 evals, 91313 steps, improv/step: 0.075 (last = 0.0207), fitness=-287201911.820116997
780.31 secs, 95007 evals, 94936 steps, improv/step: 0.073 (last = 0.0204), fitness=-287201918.722850919
810.31 secs, 98649 evals, 98578 steps, improv/step: 0.071 (last = 0.0217), fitness=-287201942.782384396
840.31 secs, 102249 evals, 102178 steps, improv/step: 0.069 (last = 0.0178), fitness=-287201947.381640077
870.32 secs, 105870 evals, 105799 steps, improv/step: 0.068 (last = 0.0246), fitness=-287201979.901154518
900.32 secs, 109503 evals, 109433 steps, improv/step: 0.066 (last = 0.0275), fitness=-287201997.198996425
930.33 secs, 113177 evals, 113107 steps, improv/step: 0.065 (last = 0.0223), fitness=-287202002.680166543
960.33 secs, 116889 evals, 116819 steps, improv/step: 0.064 (last = 0.0264), fitness=-287202013.739733815
990.34 secs, 120570 evals, 120500 steps, improv/step: 0.062 (last = 0.0291), fitness=-287202032.018554091
1020.34 secs, 124319 evals, 124249 steps, improv/step: 0.061 (last = 0.0267), fitness=-287202040.594545543
1050.34 secs, 127991 evals, 127921 steps, improv/step: 0.060 (last = 0.0234), fitness=-287202040.594545543
1080.35 secs, 131754 evals, 131684 steps, improv/step: 0.059 (last = 0.0229), fitness=-287202044.331684470
1110.35 secs, 135692 evals, 135624 steps, improv/step: 0.058 (last = 0.0218), fitness=-287202047.564877748
1140.35 secs, 139647 evals, 139579 steps, improv/step: 0.057 (last = 0.0278), fitness=-287202053.119364917
1170.39 secs, 143821 evals, 143753 steps, improv/step: 0.056 (last = 0.0235), fitness=-287202053.415826082
1200.40 secs, 147970 evals, 147902 steps, improv/step: 0.056 (last = 0.0292), fitness=-287202056.942860782
1230.40 secs, 152104 evals, 152037 steps, improv/step: 0.055 (last = 0.0249), fitness=-287202059.416901648
1260.40 secs, 156243 evals, 156177 steps, improv/step: 0.054 (last = 0.0290), fitness=-287202060.414804459
1290.40 secs, 160258 evals, 160192 steps, improv/step: 0.054 (last = 0.0329), fitness=-287202061.910520852
1320.41 secs, 164493 evals, 164428 steps, improv/step: 0.053 (last = 0.0279), fitness=-287202064.226007283
1350.41 secs, 168736 evals, 168672 steps, improv/step: 0.052 (last = 0.0283), fitness=-287202065.572902679
1380.42 secs, 172884 evals, 172822 steps, improv/step: 0.051 (last = 0.0210), fitness=-287202065.911995411
1410.42 secs, 176859 evals, 176798 steps, improv/step: 0.051 (last = 0.0201), fitness=-287202066.167731941
1440.42 secs, 180928 evals, 180867 steps, improv/step: 0.050 (last = 0.0147), fitness=-287202066.295730710
1470.43 secs, 184690 evals, 184630 steps, improv/step: 0.049 (last = 0.0173), fitness=-287202066.746717453
1500.43 secs, 188202 evals, 188143 steps, improv/step: 0.049 (last = 0.0142), fitness=-287202066.972622931
1530.44 secs, 192338 evals, 192281 steps, improv/step: 0.048 (last = 0.0201), fitness=-287202067.095941484
1560.44 secs, 196577 evals, 196520 steps, improv/step: 0.047 (last = 0.0125), fitness=-287202067.144340575
1590.44 secs, 200631 evals, 200574 steps, improv/step: 0.047 (last = 0.0143), fitness=-287202067.177866936
1620.51 secs, 204751 evals, 204694 steps, improv/step: 0.046 (last = 0.0148), fitness=-287202067.226540565
1650.51 secs, 208877 evals, 208821 steps, improv/step: 0.045 (last = 0.0121), fitness=-287202067.282696545
1680.51 secs, 212926 evals, 212872 steps, improv/step: 0.045 (last = 0.0143), fitness=-287202067.304681778
1710.52 secs, 216866 evals, 216812 steps, improv/step: 0.044 (last = 0.0137), fitness=-287202067.339631379
1740.52 secs, 220986 evals, 220934 steps, improv/step: 0.043 (last = 0.0085), fitness=-287202067.353930891
1770.53 secs, 225185 evals, 225136 steps, improv/step: 0.043 (last = 0.0119), fitness=-287202067.378353238
1800.53 secs, 229285 evals, 229237 steps, improv/step: 0.042 (last = 0.0188), fitness=-287202067.410326540
1830.53 secs, 233442 evals, 233395 steps, improv/step: 0.042 (last = 0.0178), fitness=-287202067.420404911
1860.54 secs, 237509 evals, 237462 steps, improv/step: 0.042 (last = 0.0167), fitness=-287202067.432424963
1890.54 secs, 241359 evals, 241312 steps, improv/step: 0.041 (last = 0.0216), fitness=-287202067.432424963
1920.55 secs, 245345 evals, 245298 steps, improv/step: 0.041 (last = 0.0196), fitness=-287202067.442029953
1950.55 secs, 249324 evals, 249278 steps, improv/step: 0.041 (last = 0.0284), fitness=-287202067.451423526
1980.55 secs, 253247 evals, 253203 steps, improv/step: 0.041 (last = 0.0275), fitness=-287202067.458183885
2010.56 secs, 257373 evals, 257330 steps, improv/step: 0.040 (last = 0.0342), fitness=-287202067.485166728
2040.66 secs, 261251 evals, 261209 steps, improv/step: 0.040 (last = 0.0343), fitness=-287202067.499855757
2070.67 secs, 265224 evals, 265182 steps, improv/step: 0.040 (last = 0.0322), fitness=-287202067.509227872
2100.67 secs, 269159 evals, 269118 steps, improv/step: 0.040 (last = 0.0307), fitness=-287202067.520905554
2130.72 secs, 273016 evals, 272975 steps, improv/step: 0.040 (last = 0.0267), fitness=-287202067.533504963
2160.72 secs, 277038 evals, 276998 steps, improv/step: 0.040 (last = 0.0249), fitness=-287202067.544066727
2190.73 secs, 281050 evals, 281011 steps, improv/step: 0.039 (last = 0.0279), fitness=-287202067.554215848
2220.73 secs, 284938 evals, 284899 steps, improv/step: 0.039 (last = 0.0283), fitness=-287202067.560944080
2250.80 secs, 288915 evals, 288876 steps, improv/step: 0.039 (last = 0.0317), fitness=-287202067.573204994
2280.81 secs, 292983 evals, 292944 steps, improv/step: 0.039 (last = 0.0391), fitness=-287202067.588863611
2310.81 secs, 296976 evals, 296937 steps, improv/step: 0.039 (last = 0.0316), fitness=-287202067.598550916
2340.81 secs, 300925 evals, 300886 steps, improv/step: 0.039 (last = 0.0301), fitness=-287202067.603936493
2370.81 secs, 304917 evals, 304878 steps, improv/step: 0.039 (last = 0.0436), fitness=-287202067.613461256
2400.81 secs, 308962 evals, 308923 steps, improv/step: 0.039 (last = 0.0381), fitness=-287202067.625285506
2430.81 secs, 312972 evals, 312933 steps, improv/step: 0.039 (last = 0.0394), fitness=-287202067.631599963
2460.81 secs, 317111 evals, 317072 steps, improv/step: 0.039 (last = 0.0403), fitness=-287202067.635776222
2490.82 secs, 321234 evals, 321196 steps, improv/step: 0.039 (last = 0.0480), fitness=-287202067.643413544
2520.82 secs, 325329 evals, 325292 steps, improv/step: 0.039 (last = 0.0422), fitness=-287202067.650769591
2550.92 secs, 329359 evals, 329322 steps, improv/step: 0.039 (last = 0.0432), fitness=-287202067.659301281
2581.00 secs, 333456 evals, 333420 steps, improv/step: 0.039 (last = 0.0434), fitness=-287202067.665084064
2611.00 secs, 337435 evals, 337399 steps, improv/step: 0.040 (last = 0.0563), fitness=-287202067.672557592
2641.00 secs, 341516 evals, 341480 steps, improv/step: 0.040 (last = 0.0392), fitness=-287202067.683572948
2671.01 secs, 345652 evals, 345616 steps, improv/step: 0.039 (last = 0.0358), fitness=-287202067.695959330
2701.01 secs, 349652 evals, 349616 steps, improv/step: 0.039 (last = 0.0338), fitness=-287202067.709172130
2731.01 secs, 353766 evals, 353730 steps, improv/step: 0.039 (last = 0.0277), fitness=-287202067.717480898
2761.02 secs, 357766 evals, 357730 steps, improv/step: 0.039 (last = 0.0215), fitness=-287202067.730075657
2791.02 secs, 361643 evals, 361607 steps, improv/step: 0.039 (last = 0.0237), fitness=-287202067.743952155
2821.03 secs, 365593 evals, 365558 steps, improv/step: 0.039 (last = 0.0258), fitness=-287202067.754354537
2851.03 secs, 369559 evals, 369524 steps, improv/step: 0.039 (last = 0.0308), fitness=-287202067.761216521
2881.03 secs, 373665 evals, 373631 steps, improv/step: 0.039 (last = 0.0360), fitness=-287202067.773322582
2911.03 secs, 377817 evals, 377784 steps, improv/step: 0.039 (last = 0.0383), fitness=-287202067.775442183
2941.04 secs, 381858 evals, 381826 steps, improv/step: 0.039 (last = 0.0344), fitness=-287202067.783989191
2971.04 secs, 385809 evals, 385778 steps, improv/step: 0.039 (last = 0.0331), fitness=-287202067.799017668
3001.07 secs, 389753 evals, 389722 steps, improv/step: 0.038 (last = 0.0325), fitness=-287202067.809894741
3031.20 secs, 393582 evals, 393553 steps, improv/step: 0.038 (last = 0.0303), fitness=-287202067.825248361
3061.21 secs, 397379 evals, 397350 steps, improv/step: 0.038 (last = 0.0369), fitness=-287202067.835795939
3091.21 secs, 401280 evals, 401251 steps, improv/step: 0.038 (last = 0.0367), fitness=-287202067.861947834
3121.21 secs, 405251 evals, 405224 steps, improv/step: 0.038 (last = 0.0337), fitness=-287202067.874617100
3151.23 secs, 409072 evals, 409045 steps, improv/step: 0.038 (last = 0.0387), fitness=-287202067.905277252
3181.23 secs, 413169 evals, 413143 steps, improv/step: 0.038 (last = 0.0259), fitness=-287202067.917823434
3211.23 secs, 417312 evals, 417287 steps, improv/step: 0.038 (last = 0.0290), fitness=-287202067.938450634
3241.24 secs, 421325 evals, 421301 steps, improv/step: 0.038 (last = 0.0224), fitness=-287202067.949402273
3271.25 secs, 425341 evals, 425317 steps, improv/step: 0.038 (last = 0.0222), fitness=-287202067.954777598
3301.25 secs, 429313 evals, 429289 steps, improv/step: 0.038 (last = 0.0219), fitness=-287202067.976271033
3331.25 secs, 433237 evals, 433214 steps, improv/step: 0.038 (last = 0.0280), fitness=-287202068.011292517
3361.25 secs, 437100 evals, 437079 steps, improv/step: 0.037 (last = 0.0251), fitness=-287202068.059667706
3391.29 secs, 441060 evals, 441040 steps, improv/step: 0.037 (last = 0.0288), fitness=-287202068.103503287
3421.29 secs, 444942 evals, 444922 steps, improv/step: 0.037 (last = 0.0242), fitness=-287202068.142332077
3451.29 secs, 448949 evals, 448929 steps, improv/step: 0.037 (last = 0.0225), fitness=-287202068.197922289
3481.30 secs, 452965 evals, 452946 steps, improv/step: 0.037 (last = 0.0159), fitness=-287202068.263227344
3511.34 secs, 457023 evals, 457005 steps, improv/step: 0.037 (last = 0.0153), fitness=-287202068.275052369
3541.34 secs, 460883 evals, 460869 steps, improv/step: 0.037 (last = 0.0176), fitness=-287202068.346692562
3571.35 secs, 464816 evals, 464802 steps, improv/step: 0.036 (last = 0.0132), fitness=-287202068.383858800
3601.35 secs, 468800 evals, 468786 steps, improv/step: 0.036 (last = 0.0161), fitness=-287202068.493346751
3631.50 secs, 472632 evals, 472619 steps, improv/step: 0.036 (last = 0.0117), fitness=-287202068.536687493
3661.56 secs, 476595 evals, 476583 steps, improv/step: 0.036 (last = 0.0139), fitness=-287202068.599071980
3691.56 secs, 480561 evals, 480549 steps, improv/step: 0.036 (last = 0.0119), fitness=-287202068.611062050
3721.56 secs, 484441 evals, 484431 steps, improv/step: 0.035 (last = 0.0139), fitness=-287202068.711890578
3751.57 secs, 488397 evals, 488388 steps, improv/step: 0.035 (last = 0.0154), fitness=-287202068.758449852
3781.57 secs, 492247 evals, 492239 steps, improv/step: 0.035 (last = 0.0140), fitness=-287202068.813596904
3811.58 secs, 496198 evals, 496190 steps, improv/step: 0.035 (last = 0.0170), fitness=-287202068.864652634
3841.62 secs, 500097 evals, 500089 steps, improv/step: 0.035 (last = 0.0136), fitness=-287202068.961760402
3871.62 secs, 504147 evals, 504141 steps, improv/step: 0.035 (last = 0.0121), fitness=-287202069.034196317
3901.63 secs, 508131 evals, 508126 steps, improv/step: 0.034 (last = 0.0130), fitness=-287202069.060670137
3931.63 secs, 511996 evals, 511991 steps, improv/step: 0.034 (last = 0.0101), fitness=-287202069.060723364
3961.63 secs, 515819 evals, 515814 steps, improv/step: 0.034 (last = 0.0115), fitness=-287202069.101245046
3991.64 secs, 519860 evals, 519857 steps, improv/step: 0.034 (last = 0.0168), fitness=-287202069.167908072
4021.64 secs, 523761 evals, 523759 steps, improv/step: 0.034 (last = 0.0167), fitness=-287202069.279201746
4051.64 secs, 527771 evals, 527770 steps, improv/step: 0.034 (last = 0.0147), fitness=-287202069.293644309
4081.65 secs, 531800 evals, 531803 steps, improv/step: 0.034 (last = 0.0159), fitness=-287202069.359286785
4111.65 secs, 535727 evals, 535731 steps, improv/step: 0.033 (last = 0.0112), fitness=-287202069.439782321
4141.65 secs, 539695 evals, 539700 steps, improv/step: 0.033 (last = 0.0139), fitness=-287202069.522002101
4171.66 secs, 543635 evals, 543640 steps, improv/step: 0.033 (last = 0.0135), fitness=-287202069.675269842
4201.66 secs, 547580 evals, 547587 steps, improv/step: 0.033 (last = 0.0119), fitness=-287202069.714376092
4231.70 secs, 551441 evals, 551449 steps, improv/step: 0.033 (last = 0.0127), fitness=-287202069.785549521
4261.72 secs, 555398 evals, 555407 steps, improv/step: 0.033 (last = 0.0091), fitness=-287202069.808636665
4291.73 secs, 559088 evals, 559097 steps, improv/step: 0.033 (last = 0.0138), fitness=-287202069.903437376
4321.73 secs, 563001 evals, 563010 steps, improv/step: 0.032 (last = 0.0095), fitness=-287202069.908645630
4351.74 secs, 567027 evals, 567036 steps, improv/step: 0.032 (last = 0.0092), fitness=-287202069.957916021
4381.74 secs, 570858 evals, 570868 steps, improv/step: 0.032 (last = 0.0081), fitness=-287202070.019824326
4411.81 secs, 574868 evals, 574878 steps, improv/step: 0.032 (last = 0.0090), fitness=-287202070.020818532
4441.81 secs, 578953 evals, 578963 steps, improv/step: 0.032 (last = 0.0130), fitness=-287202070.109612703
4471.93 secs, 582940 evals, 582951 steps, improv/step: 0.032 (last = 0.0148), fitness=-287202070.158359826
4501.93 secs, 587050 evals, 587063 steps, improv/step: 0.032 (last = 0.0170), fitness=-287202070.158359826
4531.94 secs, 591035 evals, 591049 steps, improv/step: 0.031 (last = 0.0146), fitness=-287202070.210596502
4561.94 secs, 595024 evals, 595040 steps, improv/step: 0.031 (last = 0.0145), fitness=-287202070.296389103
4591.94 secs, 599153 evals, 599174 steps, improv/step: 0.031 (last = 0.0133), fitness=-287202070.340148211
4621.94 secs, 603170 evals, 603192 steps, improv/step: 0.031 (last = 0.0090), fitness=-287202070.375869989
4651.94 secs, 607131 evals, 607156 steps, improv/step: 0.031 (last = 0.0106), fitness=-287202070.375869989
4681.95 secs, 611097 evals, 611122 steps, improv/step: 0.031 (last = 0.0113), fitness=-287202070.396664202
4711.95 secs, 614925 evals, 614951 steps, improv/step: 0.031 (last = 0.0115), fitness=-287202070.427310705
4741.97 secs, 618927 evals, 618955 steps, improv/step: 0.031 (last = 0.0100), fitness=-287202070.458342910
4771.97 secs, 622913 evals, 622943 steps, improv/step: 0.030 (last = 0.0108), fitness=-287202070.498321772
4801.97 secs, 626817 evals, 626848 steps, improv/step: 0.030 (last = 0.0100), fitness=-287202070.554395616
4831.97 secs, 630665 evals, 630698 steps, improv/step: 0.030 (last = 0.0182), fitness=-287202070.589315474
4861.98 secs, 634621 evals, 634654 steps, improv/step: 0.030 (last = 0.0137), fitness=-287202070.662753105
4891.98 secs, 638517 evals, 638550 steps, improv/step: 0.030 (last = 0.0103), fitness=-287202070.662753105
4921.98 secs, 642355 evals, 642390 steps, improv/step: 0.030 (last = 0.0122), fitness=-287202070.672050357
4951.98 secs, 646311 evals, 646346 steps, improv/step: 0.030 (last = 0.0142), fitness=-287202070.729894936
4981.99 secs, 650269 evals, 650304 steps, improv/step: 0.030 (last = 0.0116), fitness=-287202070.817550898
5011.99 secs, 654223 evals, 654259 steps, improv/step: 0.030 (last = 0.0126), fitness=-287202070.868173242
5042.12 secs, 658300 evals, 658339 steps, improv/step: 0.029 (last = 0.0135), fitness=-287202070.868173242
5072.12 secs, 662247 evals, 662288 steps, improv/step: 0.029 (last = 0.0132), fitness=-287202070.921842158
5102.13 secs, 666250 evals, 666292 steps, improv/step: 0.029 (last = 0.0077), fitness=-287202070.970423698
5132.13 secs, 670202 evals, 670244 steps, improv/step: 0.029 (last = 0.0114), fitness=-287202071.054142833
5162.13 secs, 674114 evals, 674156 steps, improv/step: 0.029 (last = 0.0105), fitness=-287202071.054142833
5192.23 secs, 677915 evals, 677958 steps, improv/step: 0.029 (last = 0.0129), fitness=-287202071.111891925
5222.24 secs, 681940 evals, 681986 steps, improv/step: 0.029 (last = 0.0107), fitness=-287202071.145677745
5252.24 secs, 685852 evals, 685899 steps, improv/step: 0.029 (last = 0.0133), fitness=-287202071.191464245
5282.24 secs, 689864 evals, 689911 steps, improv/step: 0.029 (last = 0.0085), fitness=-287202071.254190207
5312.24 secs, 693768 evals, 693817 steps, improv/step: 0.029 (last = 0.0131), fitness=-287202071.254190207
5342.24 secs, 697723 evals, 697773 steps, improv/step: 0.028 (last = 0.0094), fitness=-287202071.302667499
5372.24 secs, 701799 evals, 701850 steps, improv/step: 0.028 (last = 0.0125), fitness=-287202071.404460430
5402.25 secs, 705747 evals, 705800 steps, improv/step: 0.028 (last = 0.0142), fitness=-287202071.432792723
5432.25 secs, 709657 evals, 709712 steps, improv/step: 0.028 (last = 0.0148), fitness=-287202071.501856208
5462.25 secs, 713577 evals, 713632 steps, improv/step: 0.028 (last = 0.0138), fitness=-287202071.775675416
5492.26 secs, 717561 evals, 717617 steps, improv/step: 0.028 (last = 0.0173), fitness=-287202071.883639932
5522.26 secs, 721559 evals, 721615 steps, improv/step: 0.028 (last = 0.0135), fitness=-287202071.905307174
5552.26 secs, 725434 evals, 725491 steps, improv/step: 0.028 (last = 0.0168), fitness=-287202071.988814950
5582.27 secs, 729320 evals, 729381 steps, improv/step: 0.028 (last = 0.0121), fitness=-287202071.994618475
5612.27 secs, 733216 evals, 733277 steps, improv/step: 0.028 (last = 0.0172), fitness=-287202072.186081231
5642.28 secs, 737100 evals, 737161 steps, improv/step: 0.028 (last = 0.0165), fitness=-287202072.252413332
5672.28 secs, 741068 evals, 741129 steps, improv/step: 0.028 (last = 0.0144), fitness=-287202072.373597741
5702.28 secs, 745039 evals, 745100 steps, improv/step: 0.028 (last = 0.0146), fitness=-287202072.486830592
5732.29 secs, 748995 evals, 749057 steps, improv/step: 0.027 (last = 0.0116), fitness=-287202072.535213768
5762.29 secs, 753068 evals, 753133 steps, improv/step: 0.027 (last = 0.0115), fitness=-287202072.538371384
5792.29 secs, 756971 evals, 757037 steps, improv/step: 0.027 (last = 0.0169), fitness=-287202072.793677747
5822.30 secs, 760872 evals, 760939 steps, improv/step: 0.027 (last = 0.0126), fitness=-287202072.793677747
5852.30 secs, 764759 evals, 764826 steps, improv/step: 0.027 (last = 0.0123), fitness=-287202072.942571640
5882.31 secs, 768712 evals, 768780 steps, improv/step: 0.027 (last = 0.0142), fitness=-287202073.132414460
5912.31 secs, 772517 evals, 772586 steps, improv/step: 0.027 (last = 0.0158), fitness=-287202073.143237233
5942.31 secs, 776400 evals, 776469 steps, improv/step: 0.027 (last = 0.0162), fitness=-287202073.228660464
5972.50 secs, 780344 evals, 780413 steps, improv/step: 0.027 (last = 0.0150), fitness=-287202073.270518541
6002.50 secs, 784200 evals, 784271 steps, improv/step: 0.027 (last = 0.0166), fitness=-287202073.357369900
6032.50 secs, 788121 evals, 788193 steps, improv/step: 0.027 (last = 0.0204), fitness=-287202073.467456281
6062.51 secs, 792101 evals, 792173 steps, improv/step: 0.027 (last = 0.0158), fitness=-287202073.679816544
6092.51 secs, 796011 evals, 796084 steps, improv/step: 0.027 (last = 0.0164), fitness=-287202073.680169761
6122.51 secs, 799952 evals, 800026 steps, improv/step: 0.027 (last = 0.0162), fitness=-287202073.797241569
6152.51 secs, 803900 evals, 803974 steps, improv/step: 0.027 (last = 0.0139), fitness=-287202073.926078320
6182.51 secs, 807693 evals, 807767 steps, improv/step: 0.027 (last = 0.0129), fitness=-287202074.096657693
6212.59 secs, 811632 evals, 811706 steps, improv/step: 0.027 (last = 0.0124), fitness=-287202074.187830210
6242.59 secs, 815527 evals, 815603 steps, improv/step: 0.026 (last = 0.0128), fitness=-287202074.187830210
6272.59 secs, 819505 evals, 819582 steps, improv/step: 0.026 (last = 0.0108), fitness=-287202074.311547279
6302.59 secs, 823477 evals, 823555 steps, improv/step: 0.026 (last = 0.0151), fitness=-287202074.344173491
6332.60 secs, 827366 evals, 827446 steps, improv/step: 0.026 (last = 0.0121), fitness=-287202074.421124339
6362.79 secs, 831232 evals, 831312 steps, improv/step: 0.026 (last = 0.0116), fitness=-287202074.599823475
6392.79 secs, 835129 evals, 835209 steps, improv/step: 0.026 (last = 0.0128), fitness=-287202074.626665235
6422.79 secs, 839078 evals, 839159 steps, improv/step: 0.026 (last = 0.0089), fitness=-287202074.643381774
6452.79 secs, 843044 evals, 843125 steps, improv/step: 0.026 (last = 0.0119), fitness=-287202074.786553085
6482.80 secs, 847037 evals, 847119 steps, improv/step: 0.026 (last = 0.0145), fitness=-287202074.843434632
6512.80 secs, 850950 evals, 851032 steps, improv/step: 0.026 (last = 0.0156), fitness=-287202075.191916049
6542.80 secs, 854830 evals, 854913 steps, improv/step: 0.026 (last = 0.0095), fitness=-287202075.191916049
6572.80 secs, 858691 evals, 858775 steps, improv/step: 0.026 (last = 0.0119), fitness=-287202075.236555994
6602.81 secs, 862555 evals, 862641 steps, improv/step: 0.026 (last = 0.0116), fitness=-287202075.291763783
6632.99 secs, 866458 evals, 866544 steps, improv/step: 0.026 (last = 0.0126), fitness=-287202075.479846835
6662.99 secs, 870407 evals, 870493 steps, improv/step: 0.026 (last = 0.0142), fitness=-287202075.611436784
6693.00 secs, 874440 evals, 874526 steps, improv/step: 0.025 (last = 0.0121), fitness=-287202075.863885522
6723.23 secs, 878357 evals, 878444 steps, improv/step: 0.025 (last = 0.0117), fitness=-287202076.054493427
6753.24 secs, 882374 evals, 882461 steps, improv/step: 0.025 (last = 0.0144), fitness=-287202076.198911667
6783.25 secs, 886301 evals, 886389 steps, improv/step: 0.025 (last = 0.0102), fitness=-287202076.205587506
6813.40 secs, 890204 evals, 890297 steps, improv/step: 0.025 (last = 0.0102), fitness=-287202076.296422482
6843.60 secs, 894184 evals, 894280 steps, improv/step: 0.025 (last = 0.0115), fitness=-287202076.392103314
6873.60 secs, 898187 evals, 898284 steps, improv/step: 0.025 (last = 0.0132), fitness=-287202076.477739513
6903.61 secs, 902176 evals, 902274 steps, improv/step: 0.025 (last = 0.0118), fitness=-287202076.628397584
6933.61 secs, 906219 evals, 906317 steps, improv/step: 0.025 (last = 0.0148), fitness=-287202076.727449894
6963.61 secs, 910255 evals, 910354 steps, improv/step: 0.025 (last = 0.0136), fitness=-287202076.868377507
6993.62 secs, 914195 evals, 914295 steps, improv/step: 0.025 (last = 0.0183), fitness=-287202076.939675212
7023.62 secs, 918199 evals, 918299 steps, improv/step: 0.025 (last = 0.0152), fitness=-287202077.016265392
7053.62 secs, 922247 evals, 922350 steps, improv/step: 0.025 (last = 0.0170), fitness=-287202077.258085728
7083.63 secs, 926184 evals, 926287 steps, improv/step: 0.025 (last = 0.0124), fitness=-287202077.269903421
7113.63 secs, 930190 evals, 930293 steps, improv/step: 0.025 (last = 0.0152), fitness=-287202077.338740110
7143.64 secs, 934143 evals, 934246 steps, improv/step: 0.025 (last = 0.0144), fitness=-287202077.478373349
7173.64 secs, 938181 evals, 938285 steps, improv/step: 0.025 (last = 0.0114), fitness=-287202077.663144648
7203.82 secs, 942154 evals, 942258 steps, improv/step: 0.025 (last = 0.0131), fitness=-287202077.663144648
7233.83 secs, 946057 evals, 946161 steps, improv/step: 0.025 (last = 0.0164), fitness=-287202077.703447521
7263.83 secs, 950058 evals, 950163 steps, improv/step: 0.025 (last = 0.0172), fitness=-287202077.906455636
7293.83 secs, 954063 evals, 954169 steps, improv/step: 0.025 (last = 0.0112), fitness=-287202077.908455014
7323.83 secs, 958038 evals, 958147 steps, improv/step: 0.024 (last = 0.0106), fitness=-287202077.987594306
7353.84 secs, 961868 evals, 961978 steps, improv/step: 0.024 (last = 0.0133), fitness=-287202078.109252930
7383.93 secs, 965841 evals, 965951 steps, improv/step: 0.024 (last = 0.0126), fitness=-287202078.160528541
7413.93 secs, 969883 evals, 969994 steps, improv/step: 0.024 (last = 0.0198), fitness=-287202078.235371292
7443.93 secs, 973777 evals, 973888 steps, improv/step: 0.024 (last = 0.0157), fitness=-287202078.349321008
7473.94 secs, 977724 evals, 977835 steps, improv/step: 0.024 (last = 0.0182), fitness=-287202078.383931816
7503.94 secs, 981665 evals, 981776 steps, improv/step: 0.024 (last = 0.0221), fitness=-287202078.438817620
7533.94 secs, 985633 evals, 985746 steps, improv/step: 0.024 (last = 0.0146), fitness=-287202078.450243652
7563.99 secs, 989629 evals, 989743 steps, improv/step: 0.024 (last = 0.0138), fitness=-287202078.491145849
7593.99 secs, 993605 evals, 993720 steps, improv/step: 0.024 (last = 0.0179), fitness=-287202078.554875255
7623.99 secs, 997552 evals, 997667 steps, improv/step: 0.024 (last = 0.0185), fitness=-287202078.640234649
7654.00 secs, 1001547 evals, 1001662 steps, improv/step: 0.024 (last = 0.0233), fitness=-287202078.710523367
7684.00 secs, 1005547 evals, 1005662 steps, improv/step: 0.024 (last = 0.0182), fitness=-287202078.739839971
7714.00 secs, 1009527 evals, 1009643 steps, improv/step: 0.024 (last = 0.0171), fitness=-287202078.755664647
7744.01 secs, 1013597 evals, 1013714 steps, improv/step: 0.024 (last = 0.0204), fitness=-287202078.807758331
7774.14 secs, 1017529 evals, 1017646 steps, improv/step: 0.024 (last = 0.0196), fitness=-287202078.815893412
7804.14 secs, 1021485 evals, 1021603 steps, improv/step: 0.024 (last = 0.0195), fitness=-287202078.883045733
7834.15 secs, 1025529 evals, 1025647 steps, improv/step: 0.024 (last = 0.0173), fitness=-287202078.903263628
7864.16 secs, 1029481 evals, 1029603 steps, improv/step: 0.024 (last = 0.0154), fitness=-287202078.908576727
7894.16 secs, 1033372 evals, 1033496 steps, improv/step: 0.024 (last = 0.0185), fitness=-287202078.923588097
7924.16 secs, 1037324 evals, 1037450 steps, improv/step: 0.024 (last = 0.0169), fitness=-287202078.950774074
7954.17 secs, 1041298 evals, 1041426 steps, improv/step: 0.024 (last = 0.0201), fitness=-287202078.972391307
7984.17 secs, 1045279 evals, 1045407 steps, improv/step: 0.024 (last = 0.0138), fitness=-287202079.002322674
8014.17 secs, 1049236 evals, 1049364 steps, improv/step: 0.024 (last = 0.0164), fitness=-287202079.009944022
8044.18 secs, 1053212 evals, 1053341 steps, improv/step: 0.024 (last = 0.0123), fitness=-287202079.017258942
8074.18 secs, 1057223 evals, 1057352 steps, improv/step: 0.024 (last = 0.0160), fitness=-287202079.032216907
8104.18 secs, 1061204 evals, 1061333 steps, improv/step: 0.024 (last = 0.0156), fitness=-287202079.069879055
8134.30 secs, 1065192 evals, 1065324 steps, improv/step: 0.024 (last = 0.0215), fitness=-287202079.102708638
8164.31 secs, 1069242 evals, 1069374 steps, improv/step: 0.024 (last = 0.0195), fitness=-287202079.103285432
8194.31 secs, 1073247 evals, 1073380 steps, improv/step: 0.024 (last = 0.0205), fitness=-287202079.134405732
8224.32 secs, 1077266 evals, 1077399 steps, improv/step: 0.024 (last = 0.0174), fitness=-287202079.144376636
8254.41 secs, 1081212 evals, 1081346 steps, improv/step: 0.024 (last = 0.0215), fitness=-287202079.328572333
8284.42 secs, 1085192 evals, 1085327 steps, improv/step: 0.024 (last = 0.0191), fitness=-287202079.355257630
8314.42 secs, 1089116 evals, 1089251 steps, improv/step: 0.024 (last = 0.0196), fitness=-287202079.417967975
8344.42 secs, 1093096 evals, 1093231 steps, improv/step: 0.024 (last = 0.0198), fitness=-287202079.460747719
8374.43 secs, 1097006 evals, 1097142 steps, improv/step: 0.024 (last = 0.0207), fitness=-287202079.542126119
8404.43 secs, 1101003 evals, 1101139 steps, improv/step: 0.024 (last = 0.0168), fitness=-287202079.606750965
8434.44 secs, 1104954 evals, 1105093 steps, improv/step: 0.024 (last = 0.0157), fitness=-287202079.668896735
8464.45 secs, 1109002 evals, 1109142 steps, improv/step: 0.024 (last = 0.0146), fitness=-287202079.712892652
8494.45 secs, 1112949 evals, 1113090 steps, improv/step: 0.023 (last = 0.0122), fitness=-287202079.888874888
8524.45 secs, 1116993 evals, 1117135 steps, improv/step: 0.023 (last = 0.0124), fitness=-287202079.956574559
8554.45 secs, 1120986 evals, 1121128 steps, improv/step: 0.023 (last = 0.0093), fitness=-287202079.988954246
8584.46 secs, 1124969 evals, 1125112 steps, improv/step: 0.023 (last = 0.0141), fitness=-287202080.049292505
8614.57 secs, 1128925 evals, 1129069 steps, improv/step: 0.023 (last = 0.0096), fitness=-287202080.065241158
8644.58 secs, 1133007 evals, 1133152 steps, improv/step: 0.023 (last = 0.0145), fitness=-287202080.196990132
8674.58 secs, 1137086 evals, 1137231 steps, improv/step: 0.023 (last = 0.0076), fitness=-287202080.196990132
8704.58 secs, 1141055 evals, 1141200 steps, improv/step: 0.023 (last = 0.0091), fitness=-287202080.223393083
8734.58 secs, 1145084 evals, 1145232 steps, improv/step: 0.023 (last = 0.0097), fitness=-287202080.223393083
8764.59 secs, 1149161 evals, 1149309 steps, improv/step: 0.023 (last = 0.0120), fitness=-287202080.262221634
8794.77 secs, 1153118 evals, 1153266 steps, improv/step: 0.023 (last = 0.0109), fitness=-287202080.299772024
8824.77 secs, 1157051 evals, 1157199 steps, improv/step: 0.023 (last = 0.0102), fitness=-287202080.375317931
8854.78 secs, 1161049 evals, 1161198 steps, improv/step: 0.023 (last = 0.0100), fitness=-287202080.375317931
8884.78 secs, 1165039 evals, 1165191 steps, improv/step: 0.023 (last = 0.0103), fitness=-287202080.427261233
8914.78 secs, 1169094 evals, 1169249 steps, improv/step: 0.023 (last = 0.0103), fitness=-287202080.431484282
8944.79 secs, 1173154 evals, 1173309 steps, improv/step: 0.023 (last = 0.0123), fitness=-287202080.494038224
8974.79 secs, 1177030 evals, 1177186 steps, improv/step: 0.023 (last = 0.0119), fitness=-287202080.542481959
9004.80 secs, 1180898 evals, 1181054 steps, improv/step: 0.023 (last = 0.0106), fitness=-287202080.572144270
9034.80 secs, 1184868 evals, 1185026 steps, improv/step: 0.023 (last = 0.0138), fitness=-287202080.640717566
9064.80 secs, 1188758 evals, 1188916 steps, improv/step: 0.023 (last = 0.0180), fitness=-287202080.737506270
9094.81 secs, 1192759 evals, 1192918 steps, improv/step: 0.023 (last = 0.0165), fitness=-287202080.786887705
9124.83 secs, 1196747 evals, 1196907 steps, improv/step: 0.023 (last = 0.0173), fitness=-287202080.947227597
9154.83 secs, 1200765 evals, 1200926 steps, improv/step: 0.023 (last = 0.0152), fitness=-287202080.947227597
9184.84 secs, 1204709 evals, 1204871 steps, improv/step: 0.023 (last = 0.0152), fitness=-287202080.987986565
9214.84 secs, 1208665 evals, 1208827 steps, improv/step: 0.023 (last = 0.0167), fitness=-287202081.076638281
9244.84 secs, 1212725 evals, 1212887 steps, improv/step: 0.023 (last = 0.0140), fitness=-287202081.178726315
9274.84 secs, 1216682 evals, 1216846 steps, improv/step: 0.023 (last = 0.0149), fitness=-287202081.252464235
9304.84 secs, 1220601 evals, 1220766 steps, improv/step: 0.023 (last = 0.0168), fitness=-287202081.303507864
9334.85 secs, 1224680 evals, 1224847 steps, improv/step: 0.023 (last = 0.0162), fitness=-287202081.406528771
9364.85 secs, 1228622 evals, 1228790 steps, improv/step: 0.023 (last = 0.0165), fitness=-287202081.466566324
9394.85 secs, 1232594 evals, 1232763 steps, improv/step: 0.022 (last = 0.0171), fitness=-287202081.521059453
9424.86 secs, 1236535 evals, 1236705 steps, improv/step: 0.022 (last = 0.0188), fitness=-287202081.599556446
9454.86 secs, 1240562 evals, 1240733 steps, improv/step: 0.022 (last = 0.0156), fitness=-287202081.625916541
9484.86 secs, 1244520 evals, 1244691 steps, improv/step: 0.022 (last = 0.0139), fitness=-287202081.757197857
9514.87 secs, 1248496 evals, 1248668 steps, improv/step: 0.022 (last = 0.0158), fitness=-287202081.832702398
9544.87 secs, 1252450 evals, 1252622 steps, improv/step: 0.022 (last = 0.0144), fitness=-287202081.832702398
9574.88 secs, 1256432 evals, 1256607 steps, improv/step: 0.022 (last = 0.0110), fitness=-287202081.840055406
9604.88 secs, 1260342 evals, 1260518 steps, improv/step: 0.022 (last = 0.0082), fitness=-287202081.892950535
9635.02 secs, 1264313 evals, 1264489 steps, improv/step: 0.022 (last = 0.0106), fitness=-287202081.933191359
9665.03 secs, 1268418 evals, 1268595 steps, improv/step: 0.022 (last = 0.0127), fitness=-287202081.971187651
9695.03 secs, 1272467 evals, 1272647 steps, improv/step: 0.022 (last = 0.0153), fitness=-287202082.075888336
9725.03 secs, 1276531 evals, 1276713 steps, improv/step: 0.022 (last = 0.0128), fitness=-287202082.145634770
9755.03 secs, 1280531 evals, 1280717 steps, improv/step: 0.022 (last = 0.0137), fitness=-287202082.240813553
9785.11 secs, 1284532 evals, 1284723 steps, improv/step: 0.022 (last = 0.0142), fitness=-287202082.240813553
9815.11 secs, 1288538 evals, 1288732 steps, improv/step: 0.022 (last = 0.0157), fitness=-287202082.280234754
9845.12 secs, 1292558 evals, 1292752 steps, improv/step: 0.022 (last = 0.0109), fitness=-287202082.280234754
9875.37 secs, 1296592 evals, 1296786 steps, improv/step: 0.022 (last = 0.0092), fitness=-287202082.291757047
9905.37 secs, 1300535 evals, 1300729 steps, improv/step: 0.022 (last = 0.0081), fitness=-287202082.303812087
9935.38 secs, 1304345 evals, 1304540 steps, improv/step: 0.022 (last = 0.0121), fitness=-287202082.387377203
9965.52 secs, 1308223 evals, 1308420 steps, improv/step: 0.022 (last = 0.0131), fitness=-287202082.440134943
9995.53 secs, 1312329 evals, 1312527 steps, improv/step: 0.022 (last = 0.0110), fitness=-287202082.485952139
10025.53 secs, 1316272 evals, 1316471 steps, improv/step: 0.022 (last = 0.0129), fitness=-287202082.491000652
10055.54 secs, 1320245 evals, 1320444 steps, improv/step: 0.022 (last = 0.0126), fitness=-287202082.502622128
10085.54 secs, 1324109 evals, 1324308 steps, improv/step: 0.022 (last = 0.0124), fitness=-287202082.609637380
10115.55 secs, 1327996 evals, 1328197 steps, improv/step: 0.022 (last = 0.0108), fitness=-287202082.746222377
10145.55 secs, 1331939 evals, 1332142 steps, improv/step: 0.022 (last = 0.0137), fitness=-287202082.752135277
10175.66 secs, 1335817 evals, 1336021 steps, improv/step: 0.022 (last = 0.0111), fitness=-287202082.798392773
10205.67 secs, 1339771 evals, 1339977 steps, improv/step: 0.022 (last = 0.0109), fitness=-287202082.850555599
10235.67 secs, 1343829 evals, 1344036 steps, improv/step: 0.022 (last = 0.0118), fitness=-287202082.911189437
10265.67 secs, 1347843 evals, 1348051 steps, improv/step: 0.022 (last = 0.0122), fitness=-287202082.938790679
10295.68 secs, 1351838 evals, 1352047 steps, improv/step: 0.022 (last = 0.0090), fitness=-287202082.938790679
10325.68 secs, 1355872 evals, 1356081 steps, improv/step: 0.022 (last = 0.0129), fitness=-287202082.982936621
10355.68 secs, 1359861 evals, 1360070 steps, improv/step: 0.022 (last = 0.0115), fitness=-287202083.022329211
10385.69 secs, 1363826 evals, 1364037 steps, improv/step: 0.022 (last = 0.0111), fitness=-287202083.126248479
10415.69 secs, 1367597 evals, 1367808 steps, improv/step: 0.021 (last = 0.0127), fitness=-287202083.180601716
10445.70 secs, 1371600 evals, 1371811 steps, improv/step: 0.021 (last = 0.0115), fitness=-287202083.215441883
10475.70 secs, 1375640 evals, 1375851 steps, improv/step: 0.021 (last = 0.0121), fitness=-287202083.280621529
10505.70 secs, 1379656 evals, 1379868 steps, improv/step: 0.021 (last = 0.0162), fitness=-287202083.332429528
10535.84 secs, 1383629 evals, 1383841 steps, improv/step: 0.021 (last = 0.0149), fitness=-287202083.429124475
10565.84 secs, 1387479 evals, 1387691 steps, improv/step: 0.021 (last = 0.0169), fitness=-287202083.451699257
10595.84 secs, 1391485 evals, 1391699 steps, improv/step: 0.021 (last = 0.0185), fitness=-287202083.537149191
10625.84 secs, 1395420 evals, 1395635 steps, improv/step: 0.021 (last = 0.0152), fitness=-287202083.606119931
10655.84 secs, 1399387 evals, 1399603 steps, improv/step: 0.021 (last = 0.0219), fitness=-287202083.707456470
10685.85 secs, 1403221 evals, 1403438 steps, improv/step: 0.021 (last = 0.0154), fitness=-287202083.804082692
10715.85 secs, 1407144 evals, 1407361 steps, improv/step: 0.021 (last = 0.0199), fitness=-287202083.903907835
10745.86 secs, 1411020 evals, 1411238 steps, improv/step: 0.021 (last = 0.0160), fitness=-287202084.007493019
10775.86 secs, 1414943 evals, 1415163 steps, improv/step: 0.021 (last = 0.0122), fitness=-287202084.098590195
10805.86 secs, 1418808 evals, 1419028 steps, improv/step: 0.021 (last = 0.0119), fitness=-287202084.098590195
10836.13 secs, 1422643 evals, 1422864 steps, improv/step: 0.021 (last = 0.0130), fitness=-287202084.227935255
10866.13 secs, 1426615 evals, 1426839 steps, improv/step: 0.021 (last = 0.0118), fitness=-287202084.282026708
10896.13 secs, 1430526 evals, 1430750 steps, improv/step: 0.021 (last = 0.0138), fitness=-287202084.308177888
10926.13 secs, 1434241 evals, 1434466 steps, improv/step: 0.021 (last = 0.0153), fitness=-287202084.392561078
10956.14 secs, 1438181 evals, 1438408 steps, improv/step: 0.021 (last = 0.0137), fitness=-287202084.430204749
10986.56 secs, 1442233 evals, 1442460 steps, improv/step: 0.021 (last = 0.0128), fitness=-287202084.495065689
11016.56 secs, 1446079 evals, 1446308 steps, improv/step: 0.021 (last = 0.0130), fitness=-287202084.739403307
11046.56 secs, 1449988 evals, 1450218 steps, improv/step: 0.021 (last = 0.0097), fitness=-287202084.739403307
11076.77 secs, 1453869 evals, 1454099 steps, improv/step: 0.021 (last = 0.0116), fitness=-287202084.779671788
11106.77 secs, 1457801 evals, 1458033 steps, improv/step: 0.021 (last = 0.0117), fitness=-287202084.843080699
11136.78 secs, 1461777 evals, 1462010 steps, improv/step: 0.021 (last = 0.0083), fitness=-287202084.843080699
11166.78 secs, 1465661 evals, 1465896 steps, improv/step: 0.021 (last = 0.0087), fitness=-287202084.860221386
11196.99 secs, 1469715 evals, 1469950 steps, improv/step: 0.021 (last = 0.0113), fitness=-287202084.972174168
11226.99 secs, 1473412 evals, 1473649 steps, improv/step: 0.021 (last = 0.0119), fitness=-287202084.972174168
11256.99 secs, 1477306 evals, 1477544 steps, improv/step: 0.021 (last = 0.0126), fitness=-287202085.023984909
11287.13 secs, 1481257 evals, 1481495 steps, improv/step: 0.021 (last = 0.0121), fitness=-287202085.182490826
11317.13 secs, 1485197 evals, 1485435 steps, improv/step: 0.021 (last = 0.0112), fitness=-287202085.263341427
11347.13 secs, 1489207 evals, 1489447 steps, improv/step: 0.021 (last = 0.0117), fitness=-287202085.397592545
11377.14 secs, 1493150 evals, 1493390 steps, improv/step: 0.021 (last = 0.0147), fitness=-287202085.767909408
11407.14 secs, 1497025 evals, 1497266 steps, improv/step: 0.021 (last = 0.0137), fitness=-287202085.799948931
11437.14 secs, 1500943 evals, 1501187 steps, improv/step: 0.021 (last = 0.0110), fitness=-287202085.938482642
11467.14 secs, 1504678 evals, 1504925 steps, improv/step: 0.021 (last = 0.0110), fitness=-287202086.063932717
11497.15 secs, 1508460 evals, 1508707 steps, improv/step: 0.021 (last = 0.0098), fitness=-287202086.063932717
11527.15 secs, 1512272 evals, 1512520 steps, improv/step: 0.021 (last = 0.0097), fitness=-287202086.228586733
11557.21 secs, 1516075 evals, 1516323 steps, improv/step: 0.021 (last = 0.0124), fitness=-287202086.228586733
11587.21 secs, 1519901 evals, 1520149 steps, improv/step: 0.021 (last = 0.0141), fitness=-287202086.391683996
11617.21 secs, 1523786 evals, 1524035 steps, improv/step: 0.021 (last = 0.0095), fitness=-287202086.391683996
11647.21 secs, 1527615 evals, 1527864 steps, improv/step: 0.021 (last = 0.0125), fitness=-287202086.485791683
11677.22 secs, 1531367 evals, 1531619 steps, improv/step: 0.021 (last = 0.0061), fitness=-287202086.485791683
11707.23 secs, 1535293 evals, 1535547 steps, improv/step: 0.021 (last = 0.0099), fitness=-287202086.485791683
11737.23 secs, 1539042 evals, 1539297 steps, improv/step: 0.021 (last = 0.0109), fitness=-287202086.595930696
11767.23 secs, 1542880 evals, 1543138 steps, improv/step: 0.020 (last = 0.0078), fitness=-287202086.595930696
11797.23 secs, 1546636 evals, 1546894 steps, improv/step: 0.020 (last = 0.0112), fitness=-287202086.653415680
11827.27 secs, 1550400 evals, 1550658 steps, improv/step: 0.020 (last = 0.0098), fitness=-287202086.697815895
11857.27 secs, 1554118 evals, 1554378 steps, improv/step: 0.020 (last = 0.0094), fitness=-287202086.742311656
11887.28 secs, 1557941 evals, 1558203 steps, improv/step: 0.020 (last = 0.0097), fitness=-287202086.864983678
11917.28 secs, 1561802 evals, 1562064 steps, improv/step: 0.020 (last = 0.0119), fitness=-287202086.978674352
11947.29 secs, 1565538 evals, 1565800 steps, improv/step: 0.020 (last = 0.0120), fitness=-287202086.997201443
11977.29 secs, 1569254 evals, 1569517 steps, improv/step: 0.020 (last = 0.0118), fitness=-287202087.129632473
12007.30 secs, 1573016 evals, 1573280 steps, improv/step: 0.020 (last = 0.0096), fitness=-287202087.145060420
12037.30 secs, 1576817 evals, 1577082 steps, improv/step: 0.020 (last = 0.0092), fitness=-287202087.169381082
12067.30 secs, 1580691 evals, 1580959 steps, improv/step: 0.020 (last = 0.0113), fitness=-287202087.206370115
12097.61 secs, 1584484 evals, 1584753 steps, improv/step: 0.020 (last = 0.0127), fitness=-287202087.355866730
12127.92 secs, 1588278 evals, 1588550 steps, improv/step: 0.020 (last = 0.0100), fitness=-287202087.378522933
12158.22 secs, 1592081 evals, 1592353 steps, improv/step: 0.020 (last = 0.0131), fitness=-287202087.420718014
12188.58 secs, 1595892 evals, 1596166 steps, improv/step: 0.020 (last = 0.0115), fitness=-287202087.462494969
12218.58 secs, 1599830 evals, 1600106 steps, improv/step: 0.020 (last = 0.0119), fitness=-287202087.594838321
12248.59 secs, 1603639 evals, 1603916 steps, improv/step: 0.020 (last = 0.0123), fitness=-287202087.614810407
12278.59 secs, 1607388 evals, 1607665 steps, improv/step: 0.020 (last = 0.0173), fitness=-287202087.637489438
12308.59 secs, 1611248 evals, 1611526 steps, improv/step: 0.020 (last = 0.0153), fitness=-287202087.758748651
12338.59 secs, 1615044 evals, 1615323 steps, improv/step: 0.020 (last = 0.0145), fitness=-287202087.788359940
12368.60 secs, 1618858 evals, 1619138 steps, improv/step: 0.020 (last = 0.0102), fitness=-287202087.940296888
12398.60 secs, 1622703 evals, 1622985 steps, improv/step: 0.020 (last = 0.0156), fitness=-287202088.079009414
12428.81 secs, 1626679 evals, 1626961 steps, improv/step: 0.020 (last = 0.0118), fitness=-287202088.079009414
12458.82 secs, 1630615 evals, 1630899 steps, improv/step: 0.020 (last = 0.0140), fitness=-287202088.163075328
12488.82 secs, 1634383 evals, 1634671 steps, improv/step: 0.020 (last = 0.0127), fitness=-287202088.188848734
12518.82 secs, 1638232 evals, 1638522 steps, improv/step: 0.020 (last = 0.0130), fitness=-287202088.215494275
12548.82 secs, 1642053 evals, 1642343 steps, improv/step: 0.020 (last = 0.0165), fitness=-287202088.311885715
12579.01 secs, 1645870 evals, 1646160 steps, improv/step: 0.020 (last = 0.0134), fitness=-287202088.311885715
12609.01 secs, 1649773 evals, 1650064 steps, improv/step: 0.020 (last = 0.0161), fitness=-287202088.436091721
12639.02 secs, 1653519 evals, 1653811 steps, improv/step: 0.020 (last = 0.0144), fitness=-287202088.447087169
12669.16 secs, 1657354 evals, 1657647 steps, improv/step: 0.020 (last = 0.0180), fitness=-287202088.460784972
12699.17 secs, 1661201 evals, 1661495 steps, improv/step: 0.020 (last = 0.0156), fitness=-287202088.492107213
12729.17 secs, 1665005 evals, 1665300 steps, improv/step: 0.020 (last = 0.0097), fitness=-287202088.497737944
12759.17 secs, 1668837 evals, 1669135 steps, improv/step: 0.020 (last = 0.0130), fitness=-287202088.514539897
12789.17 secs, 1672443 evals, 1672741 steps, improv/step: 0.020 (last = 0.0172), fitness=-287202088.549089968
12819.18 secs, 1676203 evals, 1676502 steps, improv/step: 0.020 (last = 0.0141), fitness=-287202088.572233975
12849.19 secs, 1679924 evals, 1680224 steps, improv/step: 0.020 (last = 0.0164), fitness=-287202088.586307585
12879.67 secs, 1683877 evals, 1684179 steps, improv/step: 0.020 (last = 0.0182), fitness=-287202088.620636940
12909.67 secs, 1687603 evals, 1687906 steps, improv/step: 0.020 (last = 0.0140), fitness=-287202088.626417875
12939.68 secs, 1690855 evals, 1691158 steps, improv/step: 0.020 (last = 0.0188), fitness=-287202088.689550936
12969.68 secs, 1694259 evals, 1694563 steps, improv/step: 0.020 (last = 0.0197), fitness=-287202088.759889066
12999.68 secs, 1697663 evals, 1697968 steps, improv/step: 0.020 (last = 0.0217), fitness=-287202088.862469673
13029.69 secs, 1701164 evals, 1701471 steps, improv/step: 0.020 (last = 0.0197), fitness=-287202088.886038661
13059.69 secs, 1704538 evals, 1704845 steps, improv/step: 0.020 (last = 0.0148), fitness=-287202089.030743480
13089.69 secs, 1708029 evals, 1708336 steps, improv/step: 0.020 (last = 0.0189), fitness=-287202089.149860322
13119.71 secs, 1711002 evals, 1711309 steps, improv/step: 0.020 (last = 0.0235), fitness=-287202089.359830499
13149.71 secs, 1714089 evals, 1714396 steps, improv/step: 0.020 (last = 0.0155), fitness=-287202089.364851236
13180.08 secs, 1716902 evals, 1717210 steps, improv/step: 0.020 (last = 0.0121), fitness=-287202089.418980420
13210.09 secs, 1719745 evals, 1720053 steps, improv/step: 0.020 (last = 0.0186), fitness=-287202089.500576198
13240.09 secs, 1722609 evals, 1722918 steps, improv/step: 0.020 (last = 0.0206), fitness=-287202089.600141466
13270.10 secs, 1725712 evals, 1726022 steps, improv/step: 0.020 (last = 0.0139), fitness=-287202089.600141466
13300.10 secs, 1728667 evals, 1728978 steps, improv/step: 0.020 (last = 0.0135), fitness=-287202089.600141466
13330.10 secs, 1731180 evals, 1731491 steps, improv/step: 0.020 (last = 0.0139), fitness=-287202089.620614886
13360.11 secs, 1733772 evals, 1734084 steps, improv/step: 0.020 (last = 0.0127), fitness=-287202089.718131542
13390.12 secs, 1736061 evals, 1736375 steps, improv/step: 0.020 (last = 0.0131), fitness=-287202089.759182334
13420.12 secs, 1738547 evals, 1738861 steps, improv/step: 0.020 (last = 0.0133), fitness=-287202089.805700302
13450.13 secs, 1741024 evals, 1741339 steps, improv/step: 0.020 (last = 0.0153), fitness=-287202089.858728588
13480.14 secs, 1743559 evals, 1743874 steps, improv/step: 0.020 (last = 0.0087), fitness=-287202089.906060815
13510.15 secs, 1746002 evals, 1746317 steps, improv/step: 0.020 (last = 0.0143), fitness=-287202089.906060815
13540.15 secs, 1748104 evals, 1748419 steps, improv/step: 0.020 (last = 0.0147), fitness=-287202089.922965527
13570.15 secs, 1750350 evals, 1750665 steps, improv/step: 0.020 (last = 0.0138), fitness=-287202089.954329610
13600.16 secs, 1752509 evals, 1752825 steps, improv/step: 0.020 (last = 0.0079), fitness=-287202089.954329610
13630.44 secs, 1754680 evals, 1754997 steps, improv/step: 0.020 (last = 0.0198), fitness=-287202090.037939072
13660.45 secs, 1756966 evals, 1757283 steps, improv/step: 0.020 (last = 0.0131), fitness=-287202090.037939072
13690.45 secs, 1759255 evals, 1759572 steps, improv/step: 0.020 (last = 0.0144), fitness=-287202090.147512317
13720.46 secs, 1761352 evals, 1761669 steps, improv/step: 0.020 (last = 0.0148), fitness=-287202090.190288842
13750.46 secs, 1763444 evals, 1763761 steps, improv/step: 0.020 (last = 0.0158), fitness=-287202090.190288842
13780.47 secs, 1765495 evals, 1765814 steps, improv/step: 0.020 (last = 0.0156), fitness=-287202090.232095599
13810.47 secs, 1767460 evals, 1767779 steps, improv/step: 0.020 (last = 0.0142), fitness=-287202090.235909045
13840.48 secs, 1769450 evals, 1769769 steps, improv/step: 0.020 (last = 0.0106), fitness=-287202090.249854922
13870.89 secs, 1771404 evals, 1771724 steps, improv/step: 0.020 (last = 0.0066), fitness=-287202090.249854922
13900.90 secs, 1773417 evals, 1773737 steps, improv/step: 0.020 (last = 0.0094), fitness=-287202090.271286666
13931.37 secs, 1775258 evals, 1775579 steps, improv/step: 0.020 (last = 0.0119), fitness=-287202090.280680776
13961.38 secs, 1777252 evals, 1777573 steps, improv/step: 0.020 (last = 0.0090), fitness=-287202090.288528204
13991.39 secs, 1779255 evals, 1779576 steps, improv/step: 0.020 (last = 0.0160), fitness=-287202090.301868200
14021.77 secs, 1781228 evals, 1781549 steps, improv/step: 0.020 (last = 0.0172), fitness=-287202090.312268019
14051.77 secs, 1783218 evals, 1783540 steps, improv/step: 0.020 (last = 0.0171), fitness=-287202090.396314263
14081.78 secs, 1785237 evals, 1785559 steps, improv/step: 0.020 (last = 0.0104), fitness=-287202090.396314263
14111.79 secs, 1787279 evals, 1787603 steps, improv/step: 0.020 (last = 0.0157), fitness=-287202090.396314263
14141.81 secs, 1789242 evals, 1789566 steps, improv/step: 0.020 (last = 0.0143), fitness=-287202090.396314263
14171.81 secs, 1791226 evals, 1791550 steps, improv/step: 0.020 (last = 0.0176), fitness=-287202090.499986410
14201.82 secs, 1793181 evals, 1793506 steps, improv/step: 0.020 (last = 0.0138), fitness=-287202090.574533522
14231.82 secs, 1795128 evals, 1795454 steps, improv/step: 0.020 (last = 0.0185), fitness=-287202090.623080969
14261.83 secs, 1797090 evals, 1797416 steps, improv/step: 0.020 (last = 0.0168), fitness=-287202090.623080969
14291.83 secs, 1799009 evals, 1799335 steps, improv/step: 0.020 (last = 0.0141), fitness=-287202090.753351331
14321.84 secs, 1801078 evals, 1801404 steps, improv/step: 0.020 (last = 0.0193), fitness=-287202090.756511390
14351.85 secs, 1803012 evals, 1803339 steps, improv/step: 0.020 (last = 0.0119), fitness=-287202090.766496181
14381.85 secs, 1804984 evals, 1805312 steps, improv/step: 0.020 (last = 0.0101), fitness=-287202090.833024025
14411.86 secs, 1807007 evals, 1807335 steps, improv/step: 0.020 (last = 0.0158), fitness=-287202090.892521441
14441.87 secs, 1808931 evals, 1809259 steps, improv/step: 0.020 (last = 0.0135), fitness=-287202090.923833966
14471.87 secs, 1810862 evals, 1811190 steps, improv/step: 0.020 (last = 0.0145), fitness=-287202091.033173442
14501.87 secs, 1812800 evals, 1813128 steps, improv/step: 0.020 (last = 0.0108), fitness=-287202091.033173442
14531.87 secs, 1814823 evals, 1815151 steps, improv/step: 0.020 (last = 0.0129), fitness=-287202091.033173442
14561.88 secs, 1816770 evals, 1817100 steps, improv/step: 0.020 (last = 0.0139), fitness=-287202091.054907024
14591.89 secs, 1818814 evals, 1819145 steps, improv/step: 0.020 (last = 0.0093), fitness=-287202091.165449381
14621.89 secs, 1820689 evals, 1821021 steps, improv/step: 0.019 (last = 0.0128), fitness=-287202091.187208772
14651.91 secs, 1822596 evals, 1822929 steps, improv/step: 0.019 (last = 0.0079), fitness=-287202091.187208772
14681.91 secs, 1824532 evals, 1824865 steps, improv/step: 0.019 (last = 0.0093), fitness=-287202091.200468779
14711.93 secs, 1826452 evals, 1826785 steps, improv/step: 0.019 (last = 0.0094), fitness=-287202091.200468779
14741.93 secs, 1828392 evals, 1828726 steps, improv/step: 0.019 (last = 0.0165), fitness=-287202091.219947457
14771.94 secs, 1830343 evals, 1830677 steps, improv/step: 0.019 (last = 0.0133), fitness=-287202091.316267014
14801.94 secs, 1832242 evals, 1832576 steps, improv/step: 0.019 (last = 0.0121), fitness=-287202091.317709446
14831.95 secs, 1834212 evals, 1834548 steps, improv/step: 0.019 (last = 0.0132), fitness=-287202091.317709446
14862.05 secs, 1836168 evals, 1836505 steps, improv/step: 0.019 (last = 0.0138), fitness=-287202091.317709446
14892.05 secs, 1838168 evals, 1838505 steps, improv/step: 0.019 (last = 0.0110), fitness=-287202091.345910072
14922.06 secs, 1840126 evals, 1840463 steps, improv/step: 0.019 (last = 0.0163), fitness=-287202091.720088482
14952.07 secs, 1842011 evals, 1842348 steps, improv/step: 0.019 (last = 0.0180), fitness=-287202091.720088482
14982.07 secs, 1843940 evals, 1844277 steps, improv/step: 0.019 (last = 0.0109), fitness=-287202091.720088482
15012.07 secs, 1845929 evals, 1846267 steps, improv/step: 0.019 (last = 0.0171), fitness=-287202091.720088482
15042.08 secs, 1847865 evals, 1848203 steps, improv/step: 0.019 (last = 0.0098), fitness=-287202091.720088482
15072.08 secs, 1849836 evals, 1850174 steps, improv/step: 0.019 (last = 0.0127), fitness=-287202091.785261929
15102.09 secs, 1851805 evals, 1852144 steps, improv/step: 0.019 (last = 0.0117), fitness=-287202091.814710319
15132.10 secs, 1853819 evals, 1854158 steps, improv/step: 0.019 (last = 0.0119), fitness=-287202091.844953239
15162.64 secs, 1855800 evals, 1856139 steps, improv/step: 0.019 (last = 0.0091), fitness=-287202091.844953239
15192.65 secs, 1857749 evals, 1858090 steps, improv/step: 0.019 (last = 0.0164), fitness=-287202091.910679400
15222.65 secs, 1859683 evals, 1860024 steps, improv/step: 0.019 (last = 0.0057), fitness=-287202091.910679400
15252.78 secs, 1861654 evals, 1861997 steps, improv/step: 0.019 (last = 0.0096), fitness=-287202091.936767876
15282.79 secs, 1863571 evals, 1863915 steps, improv/step: 0.019 (last = 0.0120), fitness=-287202092.053966284
15312.80 secs, 1865563 evals, 1865908 steps, improv/step: 0.019 (last = 0.0125), fitness=-287202092.080724239
15343.16 secs, 1867526 evals, 1867871 steps, improv/step: 0.019 (last = 0.0209), fitness=-287202092.215105593
15373.16 secs, 1869469 evals, 1869814 steps, improv/step: 0.019 (last = 0.0144), fitness=-287202092.215105593
15403.18 secs, 1871448 evals, 1871794 steps, improv/step: 0.019 (last = 0.0111), fitness=-287202092.215105593
15433.19 secs, 1873411 evals, 1873757 steps, improv/step: 0.019 (last = 0.0168), fitness=-287202092.253791451
15463.20 secs, 1875325 evals, 1875671 steps, improv/step: 0.019 (last = 0.0152), fitness=-287202092.258130133
15493.20 secs, 1877205 evals, 1877551 steps, improv/step: 0.019 (last = 0.0122), fitness=-287202092.268527508
15523.20 secs, 1879077 evals, 1879424 steps, improv/step: 0.019 (last = 0.0139), fitness=-287202092.320675492
15553.21 secs, 1881033 evals, 1881380 steps, improv/step: 0.019 (last = 0.0092), fitness=-287202092.457899451
15583.23 secs, 1883039 evals, 1883386 steps, improv/step: 0.019 (last = 0.0115), fitness=-287202092.462129354
15613.24 secs, 1884924 evals, 1885272 steps, improv/step: 0.019 (last = 0.0074), fitness=-287202092.474181831
15643.24 secs, 1886938 evals, 1887286 steps, improv/step: 0.019 (last = 0.0129), fitness=-287202092.474181831
15673.24 secs, 1888784 evals, 1889133 steps, improv/step: 0.019 (last = 0.0092), fitness=-287202092.522986710
15703.26 secs, 1890681 evals, 1891031 steps, improv/step: 0.019 (last = 0.0121), fitness=-287202092.522986710
15733.27 secs, 1892617 evals, 1892968 steps, improv/step: 0.019 (last = 0.0139), fitness=-287202092.638140321
15763.27 secs, 1894495 evals, 1894846 steps, improv/step: 0.019 (last = 0.0154), fitness=-287202092.716093659
15793.27 secs, 1896397 evals, 1896748 steps, improv/step: 0.019 (last = 0.0152), fitness=-287202092.850154757
15823.27 secs, 1898359 evals, 1898710 steps, improv/step: 0.019 (last = 0.0143), fitness=-287202092.950476289
15853.27 secs, 1900354 evals, 1900705 steps, improv/step: 0.019 (last = 0.0120), fitness=-287202092.950476289
15883.28 secs, 1902301 evals, 1902652 steps, improv/step: 0.019 (last = 0.0139), fitness=-287202093.022828341
15913.28 secs, 1904211 evals, 1904562 steps, improv/step: 0.019 (last = 0.0110), fitness=-287202093.022828341
15943.29 secs, 1906117 evals, 1906469 steps, improv/step: 0.019 (last = 0.0094), fitness=-287202093.098019481
15973.29 secs, 1908059 evals, 1908412 steps, improv/step: 0.019 (last = 0.0103), fitness=-287202093.111650944
16003.30 secs, 1909950 evals, 1910303 steps, improv/step: 0.019 (last = 0.0159), fitness=-287202093.210349798
16033.30 secs, 1911873 evals, 1912227 steps, improv/step: 0.019 (last = 0.0109), fitness=-287202093.210349798
16063.32 secs, 1913774 evals, 1914131 steps, improv/step: 0.019 (last = 0.0121), fitness=-287202093.281032264
16093.33 secs, 1915648 evals, 1916005 steps, improv/step: 0.019 (last = 0.0139), fitness=-287202093.337193131
16123.33 secs, 1917595 evals, 1917952 steps, improv/step: 0.019 (last = 0.0144), fitness=-287202093.337193131
16153.34 secs, 1919532 evals, 1919889 steps, improv/step: 0.019 (last = 0.0145), fitness=-287202093.403889418
16183.35 secs, 1921460 evals, 1921817 steps, improv/step: 0.019 (last = 0.0135), fitness=-287202093.403889418
16213.35 secs, 1923390 evals, 1923747 steps, improv/step: 0.019 (last = 0.0098), fitness=-287202093.452283025
16243.65 secs, 1925302 evals, 1925659 steps, improv/step: 0.019 (last = 0.0099), fitness=-287202093.452283025
16274.15 secs, 1927193 evals, 1927550 steps, improv/step: 0.019 (last = 0.0116), fitness=-287202093.458557069
16304.16 secs, 1929142 evals, 1929500 steps, improv/step: 0.019 (last = 0.0118), fitness=-287202093.513294518
16334.16 secs, 1931143 evals, 1931501 steps, improv/step: 0.019 (last = 0.0100), fitness=-287202093.537980855
16364.17 secs, 1933080 evals, 1933438 steps, improv/step: 0.019 (last = 0.0155), fitness=-287202093.537980855
16394.17 secs, 1935028 evals, 1935386 steps, improv/step: 0.019 (last = 0.0087), fitness=-287202093.574305356
16424.17 secs, 1937015 evals, 1937375 steps, improv/step: 0.019 (last = 0.0131), fitness=-287202093.609284163
16454.18 secs, 1938913 evals, 1939273 steps, improv/step: 0.019 (last = 0.0137), fitness=-287202093.610342681
16484.19 secs, 1940808 evals, 1941169 steps, improv/step: 0.019 (last = 0.0090), fitness=-287202093.651493251
16514.19 secs, 1942731 evals, 1943093 steps, improv/step: 0.019 (last = 0.0125), fitness=-287202093.651493251
16544.20 secs, 1944665 evals, 1945027 steps, improv/step: 0.019 (last = 0.0098), fitness=-287202093.690085709
16574.22 secs, 1946649 evals, 1947012 steps, improv/step: 0.019 (last = 0.0111), fitness=-287202093.690085709
16604.22 secs, 1948642 evals, 1949005 steps, improv/step: 0.019 (last = 0.0181), fitness=-287202093.709396660
16634.22 secs, 1950601 evals, 1950964 steps, improv/step: 0.019 (last = 0.0214), fitness=-287202093.789806187
16664.22 secs, 1952530 evals, 1952894 steps, improv/step: 0.019 (last = 0.0109), fitness=-287202093.789806187
16694.24 secs, 1954509 evals, 1954874 steps, improv/step: 0.019 (last = 0.0131), fitness=-287202093.789806187
16724.24 secs, 1956502 evals, 1956869 steps, improv/step: 0.019 (last = 0.0125), fitness=-287202093.789806187
16754.25 secs, 1958442 evals, 1958809 steps, improv/step: 0.019 (last = 0.0170), fitness=-287202093.789806187
16784.25 secs, 1960367 evals, 1960734 steps, improv/step: 0.019 (last = 0.0135), fitness=-287202093.830632031
16814.69 secs, 1962300 evals, 1962668 steps, improv/step: 0.019 (last = 0.0140), fitness=-287202093.830632031
16844.72 secs, 1964189 evals, 1964558 steps, improv/step: 0.019 (last = 0.0153), fitness=-287202093.849723935
16874.72 secs, 1966134 evals, 1966505 steps, improv/step: 0.019 (last = 0.0082), fitness=-287202093.888262808
16905.13 secs, 1968080 evals, 1968451 steps, improv/step: 0.019 (last = 0.0108), fitness=-287202093.910405695
16935.70 secs, 1970010 evals, 1970381 steps, improv/step: 0.019 (last = 0.0135), fitness=-287202093.910405695
16965.72 secs, 1972023 evals, 1972394 steps, improv/step: 0.019 (last = 0.0144), fitness=-287202093.926838636
16995.72 secs, 1974005 evals, 1974376 steps, improv/step: 0.019 (last = 0.0151), fitness=-287202093.949985504
17025.72 secs, 1976019 evals, 1976390 steps, improv/step: 0.019 (last = 0.0139), fitness=-287202093.962332368
17055.72 secs, 1978023 evals, 1978394 steps, improv/step: 0.019 (last = 0.0090), fitness=-287202093.962332368
17085.75 secs, 1979976 evals, 1980348 steps, improv/step: 0.019 (last = 0.0118), fitness=-287202093.974800348
17115.76 secs, 1981944 evals, 1982316 steps, improv/step: 0.019 (last = 0.0158), fitness=-287202094.021956623
17146.44 secs, 1983960 evals, 1984334 steps, improv/step: 0.019 (last = 0.0104), fitness=-287202094.021956623
17176.45 secs, 1985951 evals, 1986325 steps, improv/step: 0.019 (last = 0.0166), fitness=-287202094.021956623
17206.45 secs, 1987965 evals, 1988339 steps, improv/step: 0.019 (last = 0.0164), fitness=-287202094.037687898
17236.46 secs, 1989989 evals, 1990363 steps, improv/step: 0.019 (last = 0.0128), fitness=-287202094.046059430
17266.46 secs, 1991936 evals, 1992311 steps, improv/step: 0.019 (last = 0.0200), fitness=-287202094.052144051
17296.47 secs, 1993865 evals, 1994240 steps, improv/step: 0.019 (last = 0.0124), fitness=-287202094.073327184
17326.47 secs, 1995758 evals, 1996133 steps, improv/step: 0.019 (last = 0.0111), fitness=-287202094.073327184
17356.48 secs, 1997654 evals, 1998029 steps, improv/step: 0.019 (last = 0.0090), fitness=-287202094.107617915
17386.48 secs, 1999609 evals, 1999984 steps, improv/step: 0.019 (last = 0.0118), fitness=-287202094.131809235
17416.97 secs, 2001527 evals, 2001902 steps, improv/step: 0.019 (last = 0.0125), fitness=-287202094.137297392
17447.40 secs, 2003487 evals, 2003862 steps, improv/step: 0.019 (last = 0.0122), fitness=-287202094.147931755
17477.41 secs, 2005506 evals, 2005881 steps, improv/step: 0.019 (last = 0.0089), fitness=-287202094.153750658
17507.41 secs, 2007532 evals, 2007908 steps, improv/step: 0.019 (last = 0.0138), fitness=-287202094.198379159
17537.42 secs, 2009476 evals, 2009852 steps, improv/step: 0.019 (last = 0.0175), fitness=-287202094.231921673
17567.42 secs, 2011422 evals, 2011800 steps, improv/step: 0.019 (last = 0.0113), fitness=-287202094.231921673
17597.43 secs, 2013403 evals, 2013782 steps, improv/step: 0.019 (last = 0.0121), fitness=-287202094.231921673
17627.76 secs, 2015289 evals, 2015668 steps, improv/step: 0.019 (last = 0.0106), fitness=-287202094.258503199
17657.77 secs, 2017276 evals, 2017655 steps, improv/step: 0.019 (last = 0.0081), fitness=-287202094.258503199
17688.17 secs, 2019238 evals, 2019617 steps, improv/step: 0.019 (last = 0.0092), fitness=-287202094.277478635
17718.70 secs, 2021215 evals, 2021595 steps, improv/step: 0.019 (last = 0.0081), fitness=-287202094.277478635
17748.70 secs, 2023120 evals, 2023500 steps, improv/step: 0.019 (last = 0.0094), fitness=-287202094.277478635
17778.71 secs, 2024990 evals, 2025370 steps, improv/step: 0.019 (last = 0.0102), fitness=-287202094.286022842
17808.72 secs, 2026970 evals, 2027350 steps, improv/step: 0.019 (last = 0.0101), fitness=-287202094.320535958
17838.73 secs, 2028933 evals, 2029313 steps, improv/step: 0.019 (last = 0.0138), fitness=-287202094.320535958
17868.74 secs, 2030877 evals, 2031257 steps, improv/step: 0.019 (last = 0.0077), fitness=-287202094.331643403
17898.74 secs, 2032819 evals, 2033199 steps, improv/step: 0.019 (last = 0.0134), fitness=-287202094.348772168
17928.75 secs, 2034686 evals, 2035067 steps, improv/step: 0.019 (last = 0.0123), fitness=-287202094.348772168
17958.75 secs, 2036553 evals, 2036935 steps, improv/step: 0.019 (last = 0.0112), fitness=-287202094.363733768
17988.76 secs, 2038528 evals, 2038910 steps, improv/step: 0.019 (last = 0.0111), fitness=-287202094.396475434
18018.76 secs, 2040487 evals, 2040870 steps, improv/step: 0.019 (last = 0.0092), fitness=-287202094.396475434
18048.78 secs, 2042411 evals, 2042795 steps, improv/step: 0.019 (last = 0.0156), fitness=-287202094.419998169
18078.78 secs, 2044357 evals, 2044741 steps, improv/step: 0.019 (last = 0.0134), fitness=-287202094.455462217
18109.80 secs, 2046278 evals, 2046662 steps, improv/step: 0.019 (last = 0.0120), fitness=-287202094.455462217
18140.53 secs, 2048280 evals, 2048665 steps, improv/step: 0.019 (last = 0.0120), fitness=-287202094.455462217
18171.39 secs, 2050283 evals, 2050668 steps, improv/step: 0.019 (last = 0.0100), fitness=-287202094.473065674
18202.14 secs, 2052288 evals, 2052673 steps, improv/step: 0.019 (last = 0.0105), fitness=-287202094.473065674
18232.77 secs, 2054295 evals, 2054681 steps, improv/step: 0.019 (last = 0.0154), fitness=-287202094.521858931
18262.79 secs, 2056294 evals, 2056680 steps, improv/step: 0.019 (last = 0.0125), fitness=-287202094.546449006
18292.81 secs, 2058194 evals, 2058581 steps, improv/step: 0.019 (last = 0.0116), fitness=-287202094.546449006
18322.81 secs, 2060159 evals, 2060546 steps, improv/step: 0.019 (last = 0.0112), fitness=-287202094.546449006
18352.82 secs, 2062068 evals, 2062455 steps, improv/step: 0.019 (last = 0.0079), fitness=-287202094.546449006
18383.07 secs, 2063954 evals, 2064342 steps, improv/step: 0.019 (last = 0.0117), fitness=-287202094.552310586
18413.08 secs, 2065864 evals, 2066253 steps, improv/step: 0.019 (last = 0.0099), fitness=-287202094.559553742
18443.08 secs, 2067606 evals, 2067995 steps, improv/step: 0.019 (last = 0.0115), fitness=-287202094.566750407
18473.08 secs, 2069477 evals, 2069866 steps, improv/step: 0.019 (last = 0.0123), fitness=-287202094.612882197
18503.09 secs, 2071231 evals, 2071621 steps, improv/step: 0.019 (last = 0.0177), fitness=-287202094.626075387
18533.10 secs, 2073067 evals, 2073457 steps, improv/step: 0.019 (last = 0.0114), fitness=-287202094.648982406
18563.10 secs, 2074926 evals, 2075316 steps, improv/step: 0.019 (last = 0.0108), fitness=-287202094.658748269
18593.11 secs, 2076788 evals, 2077178 steps, improv/step: 0.019 (last = 0.0102), fitness=-287202094.668676138
18623.12 secs, 2078536 evals, 2078926 steps, improv/step: 0.019 (last = 0.0086), fitness=-287202094.668676138
18653.12 secs, 2080362 evals, 2080752 steps, improv/step: 0.019 (last = 0.0120), fitness=-287202094.684553981
18683.12 secs, 2082191 evals, 2082583 steps, improv/step: 0.019 (last = 0.0131), fitness=-287202094.684553981
18713.14 secs, 2084018 evals, 2084411 steps, improv/step: 0.019 (last = 0.0131), fitness=-287202094.685056567
18743.15 secs, 2085827 evals, 2086220 steps, improv/step: 0.019 (last = 0.0072), fitness=-287202094.685056567
18773.15 secs, 2087708 evals, 2088101 steps, improv/step: 0.019 (last = 0.0117), fitness=-287202094.703949928
18803.15 secs, 2089510 evals, 2089904 steps, improv/step: 0.019 (last = 0.0094), fitness=-287202094.708388209
18833.18 secs, 2091421 evals, 2091815 steps, improv/step: 0.019 (last = 0.0073), fitness=-287202094.713041186
18863.19 secs, 2093314 evals, 2093710 steps, improv/step: 0.019 (last = 0.0090), fitness=-287202094.713041186
18893.76 secs, 2095224 evals, 2095620 steps, improv/step: 0.019 (last = 0.0110), fitness=-287202094.715236783
18923.77 secs, 2097058 evals, 2097454 steps, improv/step: 0.019 (last = 0.0098), fitness=-287202094.740409791
18954.33 secs, 2098909 evals, 2099306 steps, improv/step: 0.019 (last = 0.0124), fitness=-287202094.757127047
18984.34 secs, 2100759 evals, 2101156 steps, improv/step: 0.019 (last = 0.0173), fitness=-287202094.757127047
19014.34 secs, 2102595 evals, 2102992 steps, improv/step: 0.019 (last = 0.0103), fitness=-287202094.762778640
19044.35 secs, 2104406 evals, 2104803 steps, improv/step: 0.019 (last = 0.0099), fitness=-287202094.777221739
19074.36 secs, 2106288 evals, 2106685 steps, improv/step: 0.019 (last = 0.0159), fitness=-287202094.791314721
19104.37 secs, 2108075 evals, 2108472 steps, improv/step: 0.019 (last = 0.0106), fitness=-287202094.792686045
19134.38 secs, 2109957 evals, 2110354 steps, improv/step: 0.019 (last = 0.0149), fitness=-287202094.802067518
19164.41 secs, 2111778 evals, 2112176 steps, improv/step: 0.019 (last = 0.0137), fitness=-287202094.802925348
19194.42 secs, 2113679 evals, 2114077 steps, improv/step: 0.018 (last = 0.0121), fitness=-287202094.802925348
19224.42 secs, 2115440 evals, 2115841 steps, improv/step: 0.018 (last = 0.0096), fitness=-287202094.807509124
19254.43 secs, 2117325 evals, 2117726 steps, improv/step: 0.018 (last = 0.0133), fitness=-287202094.838830531
19284.44 secs, 2119144 evals, 2119545 steps, improv/step: 0.018 (last = 0.0165), fitness=-287202094.838830531
19314.44 secs, 2121017 evals, 2121418 steps, improv/step: 0.018 (last = 0.0176), fitness=-287202094.838830531
19344.58 secs, 2122794 evals, 2123196 steps, improv/step: 0.018 (last = 0.0079), fitness=-287202094.853318691
19374.59 secs, 2124629 evals, 2125033 steps, improv/step: 0.018 (last = 0.0152), fitness=-287202094.853318691
19404.60 secs, 2126538 evals, 2126943 steps, improv/step: 0.018 (last = 0.0136), fitness=-287202094.859825253
19434.63 secs, 2128366 evals, 2128771 steps, improv/step: 0.018 (last = 0.0142), fitness=-287202094.860780060
19464.63 secs, 2130196 evals, 2130601 steps, improv/step: 0.018 (last = 0.0153), fitness=-287202094.862778246
19494.74 secs, 2131921 evals, 2132328 steps, improv/step: 0.018 (last = 0.0116), fitness=-287202094.867208600
19524.74 secs, 2133738 evals, 2134146 steps, improv/step: 0.018 (last = 0.0154), fitness=-287202094.871721327
19554.74 secs, 2135594 evals, 2136002 steps, improv/step: 0.018 (last = 0.0151), fitness=-287202094.873203874
19584.74 secs, 2137373 evals, 2137782 steps, improv/step: 0.018 (last = 0.0090), fitness=-287202094.881345510
19614.76 secs, 2139171 evals, 2139581 steps, improv/step: 0.018 (last = 0.0133), fitness=-287202094.886964142
19644.77 secs, 2141006 evals, 2141416 steps, improv/step: 0.018 (last = 0.0142), fitness=-287202094.891638637
19674.78 secs, 2142844 evals, 2143255 steps, improv/step: 0.018 (last = 0.0163), fitness=-287202094.896610975
19704.79 secs, 2144700 evals, 2145111 steps, improv/step: 0.018 (last = 0.0156), fitness=-287202094.900879383
19734.91 secs, 2146516 evals, 2146927 steps, improv/step: 0.018 (last = 0.0143), fitness=-287202094.900879383
19764.93 secs, 2148523 evals, 2148935 steps, improv/step: 0.018 (last = 0.0125), fitness=-287202094.908296883
19794.93 secs, 2150362 evals, 2150775 steps, improv/step: 0.018 (last = 0.0185), fitness=-287202094.916676402
19824.93 secs, 2152232 evals, 2152645 steps, improv/step: 0.018 (last = 0.0225), fitness=-287202094.929151893
19855.43 secs, 2154058 evals, 2154473 steps, improv/step: 0.018 (last = 0.0137), fitness=-287202094.938426137
19885.43 secs, 2155871 evals, 2156287 steps, improv/step: 0.018 (last = 0.0099), fitness=-287202094.938426137
19915.44 secs, 2157723 evals, 2158139 steps, improv/step: 0.018 (last = 0.0119), fitness=-287202094.938426137
19945.44 secs, 2159551 evals, 2159967 steps, improv/step: 0.018 (last = 0.0153), fitness=-287202094.949499130
19975.45 secs, 2161427 evals, 2161843 steps, improv/step: 0.018 (last = 0.0165), fitness=-287202094.966988504
20005.46 secs, 2163270 evals, 2163687 steps, improv/step: 0.018 (last = 0.0130), fitness=-287202094.966988504
20035.47 secs, 2165121 evals, 2165538 steps, improv/step: 0.018 (last = 0.0135), fitness=-287202094.966988504
20065.47 secs, 2167078 evals, 2167495 steps, improv/step: 0.018 (last = 0.0164), fitness=-287202094.966988504
20095.48 secs, 2168861 evals, 2169278 steps, improv/step: 0.018 (last = 0.0146), fitness=-287202094.966988504
20125.48 secs, 2170699 evals, 2171116 steps, improv/step: 0.018 (last = 0.0131), fitness=-287202094.966988504
20155.48 secs, 2172558 evals, 2172975 steps, improv/step: 0.018 (last = 0.0161), fitness=-287202094.967145324
20185.49 secs, 2174297 evals, 2174714 steps, improv/step: 0.018 (last = 0.0115), fitness=-287202094.967145324
20215.50 secs, 2176122 evals, 2176539 steps, improv/step: 0.018 (last = 0.0126), fitness=-287202094.969133198
20245.51 secs, 2177933 evals, 2178351 steps, improv/step: 0.018 (last = 0.0182), fitness=-287202094.980597198
20276.28 secs, 2179804 evals, 2180223 steps, improv/step: 0.018 (last = 0.0123), fitness=-287202094.982225537
20306.29 secs, 2181669 evals, 2182088 steps, improv/step: 0.018 (last = 0.0134), fitness=-287202094.990728915
20336.29 secs, 2183397 evals, 2183816 steps, improv/step: 0.018 (last = 0.0127), fitness=-287202094.994772911
20366.30 secs, 2185207 evals, 2185626 steps, improv/step: 0.018 (last = 0.0182), fitness=-287202095.016829371
20396.31 secs, 2187026 evals, 2187445 steps, improv/step: 0.018 (last = 0.0110), fitness=-287202095.016829371
20426.33 secs, 2188860 evals, 2189279 steps, improv/step: 0.018 (last = 0.0169), fitness=-287202095.024266303
20456.33 secs, 2190716 evals, 2191136 steps, improv/step: 0.018 (last = 0.0124), fitness=-287202095.024568617
20486.85 secs, 2192572 evals, 2192993 steps, improv/step: 0.018 (last = 0.0167), fitness=-287202095.030126929
20516.87 secs, 2194478 evals, 2194899 steps, improv/step: 0.018 (last = 0.0189), fitness=-287202095.030126929
20546.88 secs, 2196347 evals, 2196768 steps, improv/step: 0.018 (last = 0.0171), fitness=-287202095.035344243
20577.39 secs, 2198126 evals, 2198547 steps, improv/step: 0.018 (last = 0.0146), fitness=-287202095.040827870
20607.39 secs, 2199949 evals, 2200370 steps, improv/step: 0.018 (last = 0.0197), fitness=-287202095.053099036
20637.40 secs, 2201888 evals, 2202309 steps, improv/step: 0.018 (last = 0.0144), fitness=-287202095.053099036
20667.85 secs, 2203693 evals, 2204114 steps, improv/step: 0.018 (last = 0.0150), fitness=-287202095.053416908
20697.87 secs, 2205544 evals, 2205965 steps, improv/step: 0.018 (last = 0.0157), fitness=-287202095.079648435
20727.88 secs, 2207314 evals, 2207735 steps, improv/step: 0.018 (last = 0.0158), fitness=-287202095.093434036
20757.89 secs, 2209092 evals, 2209514 steps, improv/step: 0.018 (last = 0.0169), fitness=-287202095.099077821
20787.89 secs, 2210993 evals, 2211417 steps, improv/step: 0.018 (last = 0.0131), fitness=-287202095.099077821
20817.89 secs, 2212749 evals, 2213175 steps, improv/step: 0.018 (last = 0.0154), fitness=-287202095.101520419
20847.90 secs, 2214568 evals, 2214995 steps, improv/step: 0.018 (last = 0.0126), fitness=-287202095.109145820
20877.90 secs, 2216411 evals, 2216838 steps, improv/step: 0.018 (last = 0.0190), fitness=-287202095.120290041
20907.91 secs, 2218229 evals, 2218656 steps, improv/step: 0.018 (last = 0.0165), fitness=-287202095.130469263
20937.93 secs, 2220080 evals, 2220507 steps, improv/step: 0.018 (last = 0.0119), fitness=-287202095.130469263
20967.93 secs, 2221947 evals, 2222374 steps, improv/step: 0.018 (last = 0.0145), fitness=-287202095.138699293
20997.94 secs, 2223747 evals, 2224174 steps, improv/step: 0.018 (last = 0.0111), fitness=-287202095.138699293
21027.95 secs, 2225586 evals, 2226013 steps, improv/step: 0.018 (last = 0.0120), fitness=-287202095.144733191
21057.95 secs, 2227458 evals, 2227885 steps, improv/step: 0.018 (last = 0.0160), fitness=-287202095.182630718
21087.96 secs, 2229314 evals, 2229741 steps, improv/step: 0.018 (last = 0.0124), fitness=-287202095.214477956
21117.96 secs, 2231107 evals, 2231534 steps, improv/step: 0.018 (last = 0.0117), fitness=-287202095.214477956
21148.55 secs, 2233031 evals, 2233458 steps, improv/step: 0.018 (last = 0.0151), fitness=-287202095.218758702
21178.55 secs, 2234832 evals, 2235259 steps, improv/step: 0.018 (last = 0.0155), fitness=-287202095.218758702
21208.55 secs, 2236715 evals, 2237142 steps, improv/step: 0.018 (last = 0.0085), fitness=-287202095.233183265
21238.55 secs, 2238604 evals, 2239031 steps, improv/step: 0.018 (last = 0.0143), fitness=-287202095.246683300
21268.55 secs, 2240448 evals, 2240876 steps, improv/step: 0.018 (last = 0.0092), fitness=-287202095.246683300
21298.56 secs, 2242342 evals, 2242770 steps, improv/step: 0.018 (last = 0.0116), fitness=-287202095.246683300
21328.57 secs, 2244174 evals, 2244602 steps, improv/step: 0.018 (last = 0.0158), fitness=-287202095.260658860
21358.58 secs, 2246021 evals, 2246449 steps, improv/step: 0.018 (last = 0.0092), fitness=-287202095.263416290
21388.58 secs, 2247924 evals, 2248352 steps, improv/step: 0.018 (last = 0.0100), fitness=-287202095.263416290
21418.59 secs, 2249843 evals, 2250271 steps, improv/step: 0.018 (last = 0.0109), fitness=-287202095.292127788
21448.59 secs, 2251715 evals, 2252144 steps, improv/step: 0.018 (last = 0.0144), fitness=-287202095.334132969
21478.80 secs, 2253523 evals, 2253952 steps, improv/step: 0.018 (last = 0.0116), fitness=-287202095.341691375
21508.81 secs, 2255385 evals, 2255815 steps, improv/step: 0.018 (last = 0.0123), fitness=-287202095.362800837
21538.81 secs, 2257235 evals, 2257665 steps, improv/step: 0.018 (last = 0.0124), fitness=-287202095.362800837
21568.82 secs, 2259035 evals, 2259465 steps, improv/step: 0.018 (last = 0.0128), fitness=-287202095.372981489
21598.82 secs, 2260930 evals, 2261360 steps, improv/step: 0.018 (last = 0.0090), fitness=-287202095.372981489
21629.12 secs, 2262736 evals, 2263168 steps, improv/step: 0.018 (last = 0.0088), fitness=-287202095.380804002
21659.14 secs, 2264576 evals, 2265009 steps, improv/step: 0.018 (last = 0.0141), fitness=-287202095.380804002
21689.15 secs, 2266381 evals, 2266814 steps, improv/step: 0.018 (last = 0.0094), fitness=-287202095.380804002
21719.16 secs, 2268218 evals, 2268653 steps, improv/step: 0.018 (last = 0.0136), fitness=-287202095.402260900
21749.17 secs, 2270066 evals, 2270501 steps, improv/step: 0.018 (last = 0.0130), fitness=-287202095.411261678
21779.18 secs, 2271870 evals, 2272306 steps, improv/step: 0.018 (last = 0.0072), fitness=-287202095.436237633
21809.18 secs, 2273666 evals, 2274104 steps, improv/step: 0.018 (last = 0.0089), fitness=-287202095.471502364
21839.19 secs, 2275440 evals, 2275878 steps, improv/step: 0.018 (last = 0.0124), fitness=-287202095.496695280
21869.21 secs, 2277287 evals, 2277725 steps, improv/step: 0.018 (last = 0.0076), fitness=-287202095.496695280
21899.22 secs, 2279197 evals, 2279635 steps, improv/step: 0.018 (last = 0.0094), fitness=-287202095.496695280
21929.22 secs, 2281071 evals, 2281509 steps, improv/step: 0.018 (last = 0.0123), fitness=-287202095.496695280
21959.22 secs, 2282971 evals, 2283409 steps, improv/step: 0.018 (last = 0.0095), fitness=-287202095.496695280
21989.57 secs, 2284813 evals, 2285251 steps, improv/step: 0.018 (last = 0.0157), fitness=-287202095.496695280
22019.58 secs, 2286686 evals, 2287124 steps, improv/step: 0.018 (last = 0.0149), fitness=-287202095.496695280
22049.59 secs, 2288529 evals, 2288967 steps, improv/step: 0.018 (last = 0.0109), fitness=-287202095.512497604
22079.59 secs, 2290476 evals, 2290914 steps, improv/step: 0.018 (last = 0.0072), fitness=-287202095.512497604
22109.60 secs, 2292325 evals, 2292763 steps, improv/step: 0.018 (last = 0.0119), fitness=-287202095.512497604
22140.05 secs, 2294147 evals, 2294585 steps, improv/step: 0.018 (last = 0.0088), fitness=-287202095.512497604
22170.06 secs, 2296079 evals, 2296518 steps, improv/step: 0.018 (last = 0.0124), fitness=-287202095.512497604
22200.06 secs, 2298003 evals, 2298442 steps, improv/step: 0.018 (last = 0.0099), fitness=-287202095.522129536
22230.65 secs, 2299943 evals, 2300382 steps, improv/step: 0.018 (last = 0.0093), fitness=-287202095.542799950
22260.66 secs, 2301789 evals, 2302228 steps, improv/step: 0.018 (last = 0.0060), fitness=-287202095.542799950
22290.66 secs, 2303667 evals, 2304107 steps, improv/step: 0.018 (last = 0.0101), fitness=-287202095.546709776
22320.68 secs, 2305514 evals, 2305956 steps, improv/step: 0.018 (last = 0.0135), fitness=-287202095.578114510
22350.68 secs, 2307372 evals, 2307814 steps, improv/step: 0.018 (last = 0.0086), fitness=-287202095.578114510
22380.69 secs, 2309244 evals, 2309686 steps, improv/step: 0.018 (last = 0.0085), fitness=-287202095.585538387
22410.71 secs, 2311164 evals, 2311606 steps, improv/step: 0.018 (last = 0.0167), fitness=-287202095.585538387
22440.72 secs, 2313055 evals, 2313498 steps, improv/step: 0.018 (last = 0.0159), fitness=-287202095.585538387
22470.73 secs, 2314956 evals, 2315399 steps, improv/step: 0.018 (last = 0.0110), fitness=-287202095.601598680
22500.73 secs, 2316849 evals, 2317295 steps, improv/step: 0.018 (last = 0.0127), fitness=-287202095.604179442
22530.74 secs, 2318658 evals, 2319104 steps, improv/step: 0.018 (last = 0.0127), fitness=-287202095.606193304
22560.75 secs, 2320538 evals, 2320984 steps, improv/step: 0.018 (last = 0.0128), fitness=-287202095.616083443
22590.76 secs, 2322384 evals, 2322830 steps, improv/step: 0.018 (last = 0.0184), fitness=-287202095.634039342
22620.77 secs, 2324270 evals, 2324717 steps, improv/step: 0.018 (last = 0.0117), fitness=-287202095.634039342
22650.79 secs, 2326186 evals, 2326633 steps, improv/step: 0.018 (last = 0.0130), fitness=-287202095.649681568
22680.79 secs, 2327977 evals, 2328425 steps, improv/step: 0.018 (last = 0.0117), fitness=-287202095.649681568
22710.80 secs, 2329825 evals, 2330273 steps, improv/step: 0.018 (last = 0.0119), fitness=-287202095.657972276
22740.81 secs, 2331576 evals, 2332024 steps, improv/step: 0.018 (last = 0.0074), fitness=-287202095.657972276
22770.82 secs, 2333517 evals, 2333966 steps, improv/step: 0.018 (last = 0.0093), fitness=-287202095.658138871
22801.18 secs, 2335460 evals, 2335909 steps, improv/step: 0.018 (last = 0.0144), fitness=-287202095.667351425
22831.18 secs, 2337352 evals, 2337801 steps, improv/step: 0.018 (last = 0.0153), fitness=-287202095.684586763
22861.19 secs, 2339189 evals, 2339638 steps, improv/step: 0.018 (last = 0.0093), fitness=-287202095.684586763
22891.20 secs, 2341055 evals, 2341506 steps, improv/step: 0.018 (last = 0.0080), fitness=-287202095.684586763
22921.22 secs, 2342976 evals, 2343427 steps, improv/step: 0.018 (last = 0.0115), fitness=-287202095.695884466
22951.22 secs, 2344818 evals, 2345269 steps, improv/step: 0.018 (last = 0.0152), fitness=-287202095.699949265
22981.22 secs, 2346638 evals, 2347090 steps, improv/step: 0.018 (last = 0.0126), fitness=-287202095.715597749
23011.23 secs, 2348551 evals, 2349003 steps, improv/step: 0.018 (last = 0.0105), fitness=-287202095.717980683
23041.24 secs, 2350394 evals, 2350846 steps, improv/step: 0.018 (last = 0.0152), fitness=-287202095.734543443
23071.24 secs, 2352258 evals, 2352711 steps, improv/step: 0.018 (last = 0.0129), fitness=-287202095.737186909
23101.25 secs, 2354195 evals, 2354651 steps, improv/step: 0.018 (last = 0.0108), fitness=-287202095.739853203
23131.25 secs, 2356046 evals, 2356505 steps, improv/step: 0.018 (last = 0.0119), fitness=-287202095.741517723
23161.25 secs, 2357975 evals, 2358435 steps, improv/step: 0.018 (last = 0.0078), fitness=-287202095.741517723
23191.26 secs, 2359867 evals, 2360328 steps, improv/step: 0.018 (last = 0.0090), fitness=-287202095.741517723
23221.26 secs, 2361771 evals, 2362232 steps, improv/step: 0.018 (last = 0.0105), fitness=-287202095.741517723
23251.27 secs, 2363627 evals, 2364089 steps, improv/step: 0.018 (last = 0.0070), fitness=-287202095.751421690
23281.28 secs, 2365438 evals, 2365901 steps, improv/step: 0.018 (last = 0.0132), fitness=-287202095.764131427
23311.29 secs, 2367235 evals, 2367699 steps, improv/step: 0.018 (last = 0.0128), fitness=-287202095.764131427
23341.29 secs, 2369135 evals, 2369599 steps, improv/step: 0.018 (last = 0.0147), fitness=-287202095.765249491
23371.30 secs, 2370933 evals, 2371397 steps, improv/step: 0.018 (last = 0.0111), fitness=-287202095.786489844
23401.31 secs, 2372766 evals, 2373232 steps, improv/step: 0.018 (last = 0.0158), fitness=-287202095.786489844
23431.33 secs, 2374662 evals, 2375128 steps, improv/step: 0.018 (last = 0.0111), fitness=-287202095.786489844
23461.35 secs, 2376525 evals, 2376991 steps, improv/step: 0.018 (last = 0.0102), fitness=-287202095.799487710
23491.35 secs, 2378360 evals, 2378827 steps, improv/step: 0.018 (last = 0.0071), fitness=-287202095.799487710
23521.36 secs, 2380177 evals, 2380644 steps, improv/step: 0.018 (last = 0.0094), fitness=-287202095.799487710
23551.37 secs, 2382080 evals, 2382547 steps, improv/step: 0.018 (last = 0.0137), fitness=-287202095.799487710
23582.09 secs, 2383929 evals, 2384396 steps, improv/step: 0.018 (last = 0.0173), fitness=-287202095.804896355
23612.10 secs, 2385777 evals, 2386244 steps, improv/step: 0.018 (last = 0.0103), fitness=-287202095.804896355
23642.39 secs, 2387625 evals, 2388093 steps, improv/step: 0.018 (last = 0.0119), fitness=-287202095.809565425
23672.41 secs, 2389504 evals, 2389972 steps, improv/step: 0.018 (last = 0.0128), fitness=-287202095.826233387
23702.42 secs, 2391439 evals, 2391908 steps, improv/step: 0.018 (last = 0.0119), fitness=-287202095.835847497
23732.42 secs, 2393259 evals, 2393728 steps, improv/step: 0.018 (last = 0.0088), fitness=-287202095.835847497
23762.44 secs, 2395091 evals, 2395562 steps, improv/step: 0.018 (last = 0.0109), fitness=-287202095.841711342
23792.44 secs, 2396903 evals, 2397374 steps, improv/step: 0.018 (last = 0.0099), fitness=-287202095.841711342
23822.45 secs, 2398806 evals, 2399281 steps, improv/step: 0.018 (last = 0.0115), fitness=-287202095.855231166
23852.46 secs, 2400792 evals, 2401267 steps, improv/step: 0.018 (last = 0.0106), fitness=-287202095.861828685
23882.46 secs, 2402703 evals, 2403180 steps, improv/step: 0.018 (last = 0.0115), fitness=-287202095.868263721
23912.47 secs, 2404578 evals, 2405055 steps, improv/step: 0.018 (last = 0.0144), fitness=-287202095.877045453
23942.49 secs, 2406335 evals, 2406812 steps, improv/step: 0.018 (last = 0.0114), fitness=-287202095.886566401
23972.49 secs, 2408159 evals, 2408636 steps, improv/step: 0.018 (last = 0.0126), fitness=-287202095.890587926
24002.52 secs, 2410033 evals, 2410511 steps, improv/step: 0.018 (last = 0.0123), fitness=-287202095.895552874
24032.53 secs, 2411870 evals, 2412348 steps, improv/step: 0.018 (last = 0.0191), fitness=-287202095.896579087
24062.53 secs, 2413733 evals, 2414212 steps, improv/step: 0.018 (last = 0.0102), fitness=-287202095.896579087
24092.54 secs, 2415590 evals, 2416069 steps, improv/step: 0.018 (last = 0.0140), fitness=-287202095.904874623
24122.55 secs, 2417401 evals, 2417880 steps, improv/step: 0.018 (last = 0.0116), fitness=-287202095.904874623
24152.56 secs, 2419233 evals, 2419712 steps, improv/step: 0.018 (last = 0.0120), fitness=-287202095.913861513
24182.57 secs, 2421117 evals, 2421596 steps, improv/step: 0.018 (last = 0.0111), fitness=-287202095.926711261
24212.58 secs, 2422976 evals, 2423455 steps, improv/step: 0.018 (last = 0.0102), fitness=-287202095.926711261
24242.60 secs, 2424786 evals, 2425265 steps, improv/step: 0.018 (last = 0.0094), fitness=-287202095.926711261
24272.60 secs, 2426567 evals, 2427046 steps, improv/step: 0.018 (last = 0.0095), fitness=-287202095.927810431
24302.61 secs, 2428336 evals, 2428815 steps, improv/step: 0.018 (last = 0.0113), fitness=-287202095.928637207
24332.62 secs, 2430246 evals, 2430726 steps, improv/step: 0.018 (last = 0.0110), fitness=-287202095.928637207
24362.62 secs, 2432168 evals, 2432648 steps, improv/step: 0.018 (last = 0.0146), fitness=-287202095.938274980
24392.63 secs, 2434057 evals, 2434537 steps, improv/step: 0.018 (last = 0.0101), fitness=-287202095.938274980
24422.64 secs, 2435998 evals, 2436478 steps, improv/step: 0.018 (last = 0.0129), fitness=-287202095.942690372
24452.65 secs, 2437868 evals, 2438348 steps, improv/step: 0.018 (last = 0.0128), fitness=-287202095.945682883
24482.66 secs, 2439788 evals, 2440269 steps, improv/step: 0.018 (last = 0.0078), fitness=-287202095.948908448
24512.67 secs, 2441622 evals, 2442103 steps, improv/step: 0.018 (last = 0.0093), fitness=-287202095.948908448
24542.69 secs, 2443520 evals, 2444002 steps, improv/step: 0.018 (last = 0.0100), fitness=-287202095.951698065
24572.70 secs, 2445339 evals, 2445822 steps, improv/step: 0.018 (last = 0.0088), fitness=-287202095.958568811
24602.71 secs, 2447236 evals, 2447721 steps, improv/step: 0.018 (last = 0.0153), fitness=-287202095.962643683
24632.72 secs, 2449100 evals, 2449585 steps, improv/step: 0.018 (last = 0.0123), fitness=-287202095.962643683
24662.73 secs, 2450899 evals, 2451385 steps, improv/step: 0.018 (last = 0.0144), fitness=-287202095.962643683
24692.74 secs, 2452741 evals, 2453227 steps, improv/step: 0.018 (last = 0.0109), fitness=-287202095.962643683
24722.74 secs, 2454693 evals, 2455180 steps, improv/step: 0.018 (last = 0.0118), fitness=-287202095.964835882
24752.76 secs, 2456606 evals, 2457093 steps, improv/step: 0.018 (last = 0.0084), fitness=-287202095.964835882
24782.77 secs, 2458460 evals, 2458949 steps, improv/step: 0.018 (last = 0.0113), fitness=-287202095.967646897
24812.78 secs, 2460333 evals, 2460823 steps, improv/step: 0.018 (last = 0.0085), fitness=-287202095.967646897
24842.78 secs, 2462254 evals, 2462744 steps, improv/step: 0.018 (last = 0.0120), fitness=-287202095.982099414
24872.78 secs, 2464134 evals, 2464624 steps, improv/step: 0.018 (last = 0.0128), fitness=-287202095.982099414
24902.78 secs, 2466052 evals, 2466542 steps, improv/step: 0.018 (last = 0.0120), fitness=-287202095.982099414
24933.41 secs, 2467931 evals, 2468421 steps, improv/step: 0.018 (last = 0.0128), fitness=-287202095.984281898
24963.86 secs, 2469840 evals, 2470331 steps, improv/step: 0.018 (last = 0.0147), fitness=-287202095.993777633
24994.06 secs, 2471750 evals, 2472241 steps, improv/step: 0.018 (last = 0.0105), fitness=-287202096.005445361
25024.07 secs, 2473649 evals, 2474141 steps, improv/step: 0.018 (last = 0.0142), fitness=-287202096.029109538
25054.08 secs, 2475460 evals, 2475952 steps, improv/step: 0.018 (last = 0.0116), fitness=-287202096.031676531
25084.09 secs, 2477298 evals, 2477790 steps, improv/step: 0.018 (last = 0.0190), fitness=-287202096.042893469
25114.10 secs, 2479113 evals, 2479605 steps, improv/step: 0.018 (last = 0.0182), fitness=-287202096.042893469
25144.11 secs, 2480935 evals, 2481429 steps, improv/step: 0.018 (last = 0.0170), fitness=-287202096.046637356
25174.13 secs, 2482819 evals, 2483313 steps, improv/step: 0.018 (last = 0.0143), fitness=-287202096.048647463
25204.22 secs, 2484680 evals, 2485174 steps, improv/step: 0.018 (last = 0.0156), fitness=-287202096.061660826
25234.23 secs, 2486585 evals, 2487079 steps, improv/step: 0.018 (last = 0.0105), fitness=-287202096.064652264
25264.23 secs, 2488507 evals, 2489003 steps, improv/step: 0.018 (last = 0.0114), fitness=-287202096.064652264
25294.25 secs, 2490286 evals, 2490783 steps, improv/step: 0.018 (last = 0.0107), fitness=-287202096.077076912
25324.25 secs, 2492148 evals, 2492645 steps, improv/step: 0.018 (last = 0.0113), fitness=-287202096.095705450
25354.25 secs, 2493971 evals, 2494468 steps, improv/step: 0.018 (last = 0.0093), fitness=-287202096.095705450
25384.26 secs, 2495949 evals, 2496446 steps, improv/step: 0.018 (last = 0.0101), fitness=-287202096.095705450
25414.26 secs, 2497781 evals, 2498279 steps, improv/step: 0.018 (last = 0.0087), fitness=-287202096.095705450
25444.34 secs, 2499604 evals, 2500102 steps, improv/step: 0.018 (last = 0.0165), fitness=-287202096.108973444

Optimization stopped after 2500499 steps and 25449.56 seconds
Termination reason: Max number of function evaluations (2500000) reached
Steps per second = 98.25
Function evals per second = 98.23
Improvements/step = Inf
Total function evaluations = 2500001


Best candidate found: [143.864, 482.053, 122.509, 7.35345, 2.79783e5, 428.559, 700.029, 524.199, 37.9443, 25018.2, 4.59769e-5, 0.000447225, 0.0047271, 0.0370269, 0.329281]

Fitness: -287202096.108973444

-2.8720209610897344e8
15-element Vector{Float64}:
    143.8636853406574
    482.05281675148774
    122.50901157230619
      7.353453135345692
 279783.29342566436
    428.5590215154856
    700.0293499046269
    524.1993164837712
     37.94430643559148
  25018.18618397379
      4.59769095101434e-5
      0.00044722515557614126
      0.004727103880033197
      0.037026858075428805
      0.3292807912930746
Script has finished
Sat Dec 18 22:46:43 CET 2021

------------------------------------------------------------
Sender: LSF System <schwan@makalu122>
Subject: Job 575414: <Julia_Job_parallel> in cluster <wuerfel> Done

Job <Julia_Job_parallel> was submitted from host <makalu56> by user <magr4985> in cluster <wuerfel> at Sat Dec 18 15:37:43 2021
Job was executed on host(s) <makalu122>, in queue <BatchXL>, as user <magr4985> in cluster <wuerfel> at Sat Dec 18 15:37:53 2021
</usr/scratch4/magr4985> was used as the home directory.
</usr/scratch4/magr4985/TRPL/BatchJobs/C2702_hzb/Run2> was used as the working directory.
Started at Sat Dec 18 15:37:53 2021
Terminated at Sat Dec 18 22:46:43 2021
Results reported at Sat Dec 18 22:46:43 2021

Your job looked like:

------------------------------------------------------------
# LSBATCH: User input
#!/bin/csh 
#BSUB -q BatchXL 
#BSUB -R "mem > 8000 span[hosts=1] && intel_avx2" 
#BSUB -oo lsf_julia_%J.log 
#BSUB -eo lsf_julia_%J.err 
#BSUB -J Julia_Job_parallel 
#BSUB -L /bin/csh 
#BSUB -n 1 
date 
pwd 
module purge 
/usr/scratch4/magr4985/julia-1.6.2/bin/julia -t 4 /usr/scratch4/magr4985/TRPL/Programs/trpl_analysis_real.jl C2702_hzb 1.0e17 2500000 1 /usr/scratch4/magr4985/TRPL/BatchJobs/C2702_hzb/Run2 1.0e-14 3600 "[1.0, 1.0, 1.0, 1.0, 1.0, 1.0, 1.0, 1.0, 1.0, 1.0, 1.0e-6, 1.0e-6, 1.0e-6, 1.0e-6, 1.0e-6, 1.0e-6, 1.0e-6, 1.0e-6, 1.0e-6, 1.0e-6]" "[5000.0, 5000.0, 1000.0, 1000.0, 1.0e9, 1000.0, 10000.0, 10000.0, 1000.0, 1.0e6, 0.5, 0.5, 0.5, 0.5, 0.5, 0.5, 0.5, 0.5, 0.5, 0.5]" 
date
------------------------------------------------------------

Successfully completed.

Resource usage summary:

    CPU time :                                   54578.23 sec.
    Max Memory :                                 6097.66 MB
    Average Memory :                             2454.97 MB
    Total Requested Memory :                     -
    Delta Memory :                               -
    Max Swap :                                   384 KB
    Max Processes :                              4
    Max Threads :                                12
    Run time :                                   25729 sec.
    Turnaround time :                            25740 sec.

The output (if any) is above this job summary.



PS:

Read file <lsf_julia_575414.err> for stderr output of this job.

