Warning: no access to tty (Bad file descriptor).
Thus no job control in this shell.
Warning: no access to tty (Bad file descriptor).
Thus no job control in this shell.
Tue Dec 21 20:14:00 CET 2021
/usr/scratch4/magr4985/TRPL/BatchJobs/syn_data_4/Run13
# Thread: 4
6953753685021441825 RNG Seed
Run 1
Starting optimization with optimizer DiffEvoOpt{FitPopulation{Float64}, RadiusLimitedSelector, BlackBoxOptim.DiffEvoRandBin{3}, RandomBound{ContinuousRectSearchSpace}}
0.00 secs, 0 evals, 0 steps
30.00 secs, 5570 evals, 5448 steps, improv/step: 0.311 (last = 0.3115), fitness=-1794512762.242496729
60.01 secs, 11452 evals, 11330 steps, improv/step: 0.192 (last = 0.0823), fitness=-1794877005.643659353
90.01 secs, 17660 evals, 17539 steps, improv/step: 0.153 (last = 0.0800), fitness=-1795138095.926934719
120.01 secs, 23846 evals, 23725 steps, improv/step: 0.139 (last = 0.1005), fitness=-1795329763.842496872
150.01 secs, 30268 evals, 30147 steps, improv/step: 0.123 (last = 0.0635), fitness=-1795357404.813225985
180.04 secs, 36178 evals, 36059 steps, improv/step: 0.111 (last = 0.0472), fitness=-1795360851.150738239
210.04 secs, 40974 evals, 40857 steps, improv/step: 0.105 (last = 0.0665), fitness=-1795363799.539767027
240.04 secs, 45563 evals, 45446 steps, improv/step: 0.101 (last = 0.0641), fitness=-1795365901.833429337
270.05 secs, 49634 evals, 49517 steps, improv/step: 0.097 (last = 0.0526), fitness=-1795367136.105987072
300.05 secs, 53943 evals, 53826 steps, improv/step: 0.093 (last = 0.0480), fitness=-1795369002.545462608
330.05 secs, 58286 evals, 58169 steps, improv/step: 0.090 (last = 0.0497), fitness=-1795371664.473912954
360.06 secs, 62726 evals, 62609 steps, improv/step: 0.087 (last = 0.0495), fitness=-1795373542.904222965
390.06 secs, 66717 evals, 66600 steps, improv/step: 0.085 (last = 0.0459), fitness=-1795374564.136245489
420.07 secs, 70479 evals, 70363 steps, improv/step: 0.084 (last = 0.0635), fitness=-1795377105.125988483
450.07 secs, 74340 evals, 74224 steps, improv/step: 0.083 (last = 0.0697), fitness=-1795379468.449459076
480.08 secs, 78188 evals, 78072 steps, improv/step: 0.082 (last = 0.0722), fitness=-1795398032.389284134
510.08 secs, 82182 evals, 82067 steps, improv/step: 0.081 (last = 0.0528), fitness=-1795404534.967599154
540.08 secs, 86232 evals, 86117 steps, improv/step: 0.080 (last = 0.0523), fitness=-1795407355.713349104
570.09 secs, 90138 evals, 90023 steps, improv/step: 0.078 (last = 0.0497), fitness=-1795407355.713349104
600.18 secs, 93701 evals, 93586 steps, improv/step: 0.077 (last = 0.0472), fitness=-1795412203.715273142
630.18 secs, 97304 evals, 97189 steps, improv/step: 0.076 (last = 0.0361), fitness=-1795417432.609043360
660.18 secs, 100882 evals, 100767 steps, improv/step: 0.074 (last = 0.0394), fitness=-1795417432.609043360
690.18 secs, 104580 evals, 104465 steps, improv/step: 0.073 (last = 0.0427), fitness=-1795420744.006113291
720.19 secs, 108222 evals, 108107 steps, improv/step: 0.072 (last = 0.0313), fitness=-1795420744.006113291
750.19 secs, 111829 evals, 111715 steps, improv/step: 0.070 (last = 0.0324), fitness=-1795426298.518919945
780.19 secs, 115398 evals, 115284 steps, improv/step: 0.071 (last = 0.0941), fitness=-1795444048.906763792
810.20 secs, 118838 evals, 118724 steps, improv/step: 0.072 (last = 0.1076), fitness=-1795459302.847540140
840.20 secs, 122382 evals, 122268 steps, improv/step: 0.073 (last = 0.0999), fitness=-1795467924.494885445
870.21 secs, 126163 evals, 126049 steps, improv/step: 0.073 (last = 0.0725), fitness=-1795471718.356617689
900.21 secs, 129937 evals, 129823 steps, improv/step: 0.073 (last = 0.0734), fitness=-1795474602.912682056
930.21 secs, 133773 evals, 133659 steps, improv/step: 0.072 (last = 0.0534), fitness=-1795476608.743244648
960.21 secs, 137669 evals, 137555 steps, improv/step: 0.072 (last = 0.0531), fitness=-1795477387.657814741
990.21 secs, 141493 evals, 141379 steps, improv/step: 0.071 (last = 0.0528), fitness=-1795478333.638137102
1020.25 secs, 145410 evals, 145296 steps, improv/step: 0.071 (last = 0.0541), fitness=-1795479282.493494987
1050.25 secs, 149410 evals, 149296 steps, improv/step: 0.070 (last = 0.0355), fitness=-1795479547.351643324
1080.26 secs, 153311 evals, 153197 steps, improv/step: 0.069 (last = 0.0333), fitness=-1795479889.914289236
1110.27 secs, 157211 evals, 157097 steps, improv/step: 0.068 (last = 0.0297), fitness=-1795479897.176240921
1140.27 secs, 161018 evals, 160905 steps, improv/step: 0.067 (last = 0.0231), fitness=-1795480180.106375456
1170.27 secs, 164921 evals, 164811 steps, improv/step: 0.066 (last = 0.0210), fitness=-1795480214.311765909
1200.28 secs, 168955 evals, 168845 steps, improv/step: 0.065 (last = 0.0245), fitness=-1795480275.123075724
1230.28 secs, 172823 evals, 172714 steps, improv/step: 0.064 (last = 0.0186), fitness=-1795480351.033238411
1260.41 secs, 176673 evals, 176564 steps, improv/step: 0.063 (last = 0.0226), fitness=-1795480434.619763851
1290.41 secs, 180447 evals, 180339 steps, improv/step: 0.062 (last = 0.0252), fitness=-1795480452.526427984
1320.42 secs, 184349 evals, 184241 steps, improv/step: 0.061 (last = 0.0190), fitness=-1795480481.416024685
1350.42 secs, 188220 evals, 188112 steps, improv/step: 0.061 (last = 0.0320), fitness=-1795480500.437930346
1380.42 secs, 192006 evals, 191898 steps, improv/step: 0.060 (last = 0.0280), fitness=-1795480527.281394958
1410.43 secs, 195881 evals, 195773 steps, improv/step: 0.059 (last = 0.0206), fitness=-1795480545.943498373
1440.43 secs, 199720 evals, 199612 steps, improv/step: 0.059 (last = 0.0268), fitness=-1795480567.039094925
1470.45 secs, 203492 evals, 203384 steps, improv/step: 0.058 (last = 0.0350), fitness=-1795480576.725606918
1500.45 secs, 207299 evals, 207191 steps, improv/step: 0.058 (last = 0.0297), fitness=-1795480583.555829048
1530.45 secs, 211080 evals, 210972 steps, improv/step: 0.057 (last = 0.0259), fitness=-1795480587.006701469
1560.45 secs, 214788 evals, 214680 steps, improv/step: 0.057 (last = 0.0289), fitness=-1795480612.071147203
1590.46 secs, 218648 evals, 218540 steps, improv/step: 0.056 (last = 0.0280), fitness=-1795480617.357263565
1620.46 secs, 222583 evals, 222475 steps, improv/step: 0.056 (last = 0.0272), fitness=-1795480624.143923283
1650.46 secs, 226555 evals, 226447 steps, improv/step: 0.055 (last = 0.0219), fitness=-1795480631.135323286
1680.47 secs, 230494 evals, 230388 steps, improv/step: 0.054 (last = 0.0167), fitness=-1795480633.138271809
1710.47 secs, 234210 evals, 234105 steps, improv/step: 0.054 (last = 0.0210), fitness=-1795480640.696087837
1740.47 secs, 237954 evals, 237849 steps, improv/step: 0.053 (last = 0.0318), fitness=-1795480644.719682693
1770.47 secs, 241779 evals, 241674 steps, improv/step: 0.053 (last = 0.0227), fitness=-1795480647.655289412
1800.48 secs, 245670 evals, 245565 steps, improv/step: 0.053 (last = 0.0329), fitness=-1795480652.684257746
1830.48 secs, 249470 evals, 249365 steps, improv/step: 0.052 (last = 0.0289), fitness=-1795480658.018925428
1860.49 secs, 253308 evals, 253203 steps, improv/step: 0.052 (last = 0.0287), fitness=-1795480659.964831591
1890.49 secs, 257199 evals, 257094 steps, improv/step: 0.052 (last = 0.0239), fitness=-1795480662.950772762
1920.50 secs, 261063 evals, 260958 steps, improv/step: 0.051 (last = 0.0383), fitness=-1795480664.301624775
1950.50 secs, 264901 evals, 264796 steps, improv/step: 0.051 (last = 0.0328), fitness=-1795480667.028614283
1980.51 secs, 268786 evals, 268681 steps, improv/step: 0.051 (last = 0.0283), fitness=-1795480668.177197218
2010.51 secs, 272667 evals, 272563 steps, improv/step: 0.050 (last = 0.0332), fitness=-1795480669.059215784
2040.51 secs, 276475 evals, 276371 steps, improv/step: 0.050 (last = 0.0355), fitness=-1795480669.904920578
2070.52 secs, 280227 evals, 280124 steps, improv/step: 0.050 (last = 0.0312), fitness=-1795480670.414728880
2100.52 secs, 284080 evals, 283978 steps, improv/step: 0.050 (last = 0.0298), fitness=-1795480671.932210207
2130.52 secs, 287856 evals, 287755 steps, improv/step: 0.049 (last = 0.0185), fitness=-1795480672.911710024
2160.53 secs, 291744 evals, 291643 steps, improv/step: 0.049 (last = 0.0211), fitness=-1795480674.027397394
2190.53 secs, 295551 evals, 295450 steps, improv/step: 0.049 (last = 0.0257), fitness=-1795480675.977476835
2220.60 secs, 299461 evals, 299360 steps, improv/step: 0.048 (last = 0.0233), fitness=-1795480676.786396503
2250.61 secs, 303284 evals, 303183 steps, improv/step: 0.048 (last = 0.0269), fitness=-1795480677.619049072
2280.62 secs, 307069 evals, 306968 steps, improv/step: 0.048 (last = 0.0285), fitness=-1795480679.011933088
2310.62 secs, 311026 evals, 310926 steps, improv/step: 0.048 (last = 0.0240), fitness=-1795480680.278969049
2340.62 secs, 315154 evals, 315054 steps, improv/step: 0.047 (last = 0.0259), fitness=-1795480681.076226473
2370.63 secs, 319140 evals, 319040 steps, improv/step: 0.047 (last = 0.0241), fitness=-1795480681.391394854
2400.63 secs, 323132 evals, 323033 steps, improv/step: 0.047 (last = 0.0213), fitness=-1795480681.639477015
2430.63 secs, 327240 evals, 327141 steps, improv/step: 0.046 (last = 0.0185), fitness=-1795480682.069514990
2460.64 secs, 331173 evals, 331074 steps, improv/step: 0.046 (last = 0.0208), fitness=-1795480682.962568283
2490.71 secs, 334989 evals, 334891 steps, improv/step: 0.046 (last = 0.0215), fitness=-1795480683.528924227
2520.72 secs, 338949 evals, 338852 steps, improv/step: 0.045 (last = 0.0194), fitness=-1795480683.528924227
2550.72 secs, 343061 evals, 342965 steps, improv/step: 0.045 (last = 0.0177), fitness=-1795480683.572154045
2580.72 secs, 347130 evals, 347034 steps, improv/step: 0.045 (last = 0.0263), fitness=-1795480683.863758802
2610.73 secs, 351131 evals, 351035 steps, improv/step: 0.045 (last = 0.0232), fitness=-1795480684.140964985
2640.73 secs, 355090 evals, 354995 steps, improv/step: 0.044 (last = 0.0280), fitness=-1795480684.292939186
2670.74 secs, 358900 evals, 358805 steps, improv/step: 0.044 (last = 0.0325), fitness=-1795480684.382758141
2700.74 secs, 362911 evals, 362816 steps, improv/step: 0.044 (last = 0.0259), fitness=-1795480684.423851013
2730.74 secs, 366919 evals, 366824 steps, improv/step: 0.044 (last = 0.0267), fitness=-1795480684.460178852
2760.75 secs, 370891 evals, 370796 steps, improv/step: 0.044 (last = 0.0347), fitness=-1795480684.481303930
2790.75 secs, 374851 evals, 374756 steps, improv/step: 0.044 (last = 0.0369), fitness=-1795480684.510292053
2820.76 secs, 378901 evals, 378806 steps, improv/step: 0.044 (last = 0.0319), fitness=-1795480684.525869370
2850.76 secs, 382815 evals, 382720 steps, improv/step: 0.043 (last = 0.0281), fitness=-1795480684.538792133
2880.76 secs, 386605 evals, 386510 steps, improv/step: 0.043 (last = 0.0301), fitness=-1795480684.548161507
2910.77 secs, 390567 evals, 390472 steps, improv/step: 0.043 (last = 0.0220), fitness=-1795480684.558662653
2940.77 secs, 394382 evals, 394287 steps, improv/step: 0.043 (last = 0.0225), fitness=-1795480684.570081472
2970.77 secs, 398179 evals, 398084 steps, improv/step: 0.043 (last = 0.0234), fitness=-1795480684.578827858
3000.78 secs, 402105 evals, 402011 steps, improv/step: 0.043 (last = 0.0229), fitness=-1795480684.582792997
3030.78 secs, 405960 evals, 405867 steps, improv/step: 0.042 (last = 0.0303), fitness=-1795480684.586109638
3060.78 secs, 409724 evals, 409631 steps, improv/step: 0.042 (last = 0.0255), fitness=-1795480684.588708401
3090.78 secs, 413689 evals, 413596 steps, improv/step: 0.042 (last = 0.0192), fitness=-1795480684.588708401
3120.80 secs, 417724 evals, 417631 steps, improv/step: 0.042 (last = 0.0198), fitness=-1795480684.589260817
3150.80 secs, 421745 evals, 421652 steps, improv/step: 0.042 (last = 0.0162), fitness=-1795480684.590482950
3180.91 secs, 425715 evals, 425625 steps, improv/step: 0.041 (last = 0.0156), fitness=-1795480684.590641260
3210.91 secs, 429622 evals, 429532 steps, improv/step: 0.041 (last = 0.0143), fitness=-1795480684.591381073
3240.92 secs, 433529 evals, 433439 steps, improv/step: 0.041 (last = 0.0123), fitness=-1795480684.591630697
3270.92 secs, 437387 evals, 437297 steps, improv/step: 0.041 (last = 0.0122), fitness=-1795480684.591942549
3300.92 secs, 441231 evals, 441141 steps, improv/step: 0.040 (last = 0.0148), fitness=-1795480684.593495846
3330.92 secs, 445217 evals, 445128 steps, improv/step: 0.040 (last = 0.0133), fitness=-1795480684.594934940
3360.93 secs, 449097 evals, 449010 steps, improv/step: 0.040 (last = 0.0126), fitness=-1795480684.595716953
3390.93 secs, 452994 evals, 452907 steps, improv/step: 0.040 (last = 0.0154), fitness=-1795480684.595716953
3420.93 secs, 456915 evals, 456828 steps, improv/step: 0.039 (last = 0.0153), fitness=-1795480684.596672773
3450.93 secs, 460733 evals, 460646 steps, improv/step: 0.039 (last = 0.0152), fitness=-1795480684.596672773
3480.94 secs, 464574 evals, 464489 steps, improv/step: 0.039 (last = 0.0141), fitness=-1795480684.598019123
3510.94 secs, 468376 evals, 468292 steps, improv/step: 0.039 (last = 0.0134), fitness=-1795480684.598932505
3540.94 secs, 472242 evals, 472158 steps, improv/step: 0.039 (last = 0.0178), fitness=-1795480684.600757122
3570.94 secs, 476145 evals, 476062 steps, improv/step: 0.038 (last = 0.0120), fitness=-1795480684.604025841
3600.94 secs, 480058 evals, 479975 steps, improv/step: 0.038 (last = 0.0166), fitness=-1795480684.605240583
3630.95 secs, 483914 evals, 483833 steps, improv/step: 0.038 (last = 0.0114), fitness=-1795480684.607476711
3660.95 secs, 487924 evals, 487844 steps, improv/step: 0.038 (last = 0.0155), fitness=-1795480684.609205246
3690.95 secs, 491770 evals, 491690 steps, improv/step: 0.038 (last = 0.0156), fitness=-1795480684.609879494
3720.96 secs, 495591 evals, 495511 steps, improv/step: 0.038 (last = 0.0149), fitness=-1795480684.610165834
3750.96 secs, 499425 evals, 499345 steps, improv/step: 0.037 (last = 0.0123), fitness=-1795480684.611442804
3780.97 secs, 503241 evals, 503162 steps, improv/step: 0.037 (last = 0.0152), fitness=-1795480684.613468885
3810.97 secs, 507115 evals, 507037 steps, improv/step: 0.037 (last = 0.0186), fitness=-1795480684.615098953
3840.99 secs, 511030 evals, 510953 steps, improv/step: 0.037 (last = 0.0151), fitness=-1795480684.617909431
3871.00 secs, 514929 evals, 514853 steps, improv/step: 0.037 (last = 0.0146), fitness=-1795480684.618351936
3901.00 secs, 518896 evals, 518821 steps, improv/step: 0.036 (last = 0.0131), fitness=-1795480684.619030714
3931.01 secs, 522837 evals, 522764 steps, improv/step: 0.036 (last = 0.0188), fitness=-1795480684.622638702
3961.01 secs, 526784 evals, 526712 steps, improv/step: 0.036 (last = 0.0203), fitness=-1795480684.623710871
3991.01 secs, 530635 evals, 530564 steps, improv/step: 0.036 (last = 0.0228), fitness=-1795480684.624754429
4021.02 secs, 534659 evals, 534589 steps, improv/step: 0.036 (last = 0.0229), fitness=-1795480684.625958681
4051.02 secs, 538524 evals, 538454 steps, improv/step: 0.036 (last = 0.0171), fitness=-1795480684.626622438
4081.15 secs, 542483 evals, 542413 steps, improv/step: 0.036 (last = 0.0144), fitness=-1795480684.628985882
4111.20 secs, 546256 evals, 546188 steps, improv/step: 0.036 (last = 0.0143), fitness=-1795480684.630810022
4141.20 secs, 550059 evals, 549992 steps, improv/step: 0.035 (last = 0.0150), fitness=-1795480684.631780148
4171.26 secs, 553890 evals, 553826 steps, improv/step: 0.035 (last = 0.0128), fitness=-1795480684.632933140
4201.26 secs, 557872 evals, 557809 steps, improv/step: 0.035 (last = 0.0151), fitness=-1795480684.636106730
4231.26 secs, 561796 evals, 561734 steps, improv/step: 0.035 (last = 0.0115), fitness=-1795480684.638231516
4261.26 secs, 565588 evals, 565526 steps, improv/step: 0.035 (last = 0.0116), fitness=-1795480684.641878366
4291.27 secs, 569504 evals, 569443 steps, improv/step: 0.035 (last = 0.0107), fitness=-1795480684.641878366
4321.27 secs, 573371 evals, 573310 steps, improv/step: 0.034 (last = 0.0103), fitness=-1795480684.647040367
4351.28 secs, 577318 evals, 577257 steps, improv/step: 0.034 (last = 0.0114), fitness=-1795480684.647248268
4381.29 secs, 581064 evals, 581004 steps, improv/step: 0.034 (last = 0.0136), fitness=-1795480684.651276588
4411.29 secs, 584805 evals, 584745 steps, improv/step: 0.034 (last = 0.0102), fitness=-1795480684.656702280
4441.30 secs, 588612 evals, 588552 steps, improv/step: 0.034 (last = 0.0118), fitness=-1795480684.658813238
4471.30 secs, 592460 evals, 592401 steps, improv/step: 0.034 (last = 0.0101), fitness=-1795480684.667242050
4501.31 secs, 596390 evals, 596333 steps, improv/step: 0.034 (last = 0.0137), fitness=-1795480684.676480293
4531.31 secs, 600191 evals, 600135 steps, improv/step: 0.033 (last = 0.0121), fitness=-1795480684.679748535
4561.32 secs, 603985 evals, 603930 steps, improv/step: 0.033 (last = 0.0121), fitness=-1795480684.684353828
4591.33 secs, 607976 evals, 607923 steps, improv/step: 0.033 (last = 0.0108), fitness=-1795480684.687084675
4621.33 secs, 611894 evals, 611843 steps, improv/step: 0.033 (last = 0.0110), fitness=-1795480684.695200443
4651.33 secs, 615725 evals, 615677 steps, improv/step: 0.033 (last = 0.0125), fitness=-1795480684.695200443
4681.34 secs, 619510 evals, 619462 steps, improv/step: 0.033 (last = 0.0106), fitness=-1795480684.706492901
4711.35 secs, 623320 evals, 623272 steps, improv/step: 0.033 (last = 0.0100), fitness=-1795480684.706492901
4741.35 secs, 627159 evals, 627112 steps, improv/step: 0.033 (last = 0.0143), fitness=-1795480684.707461834
4771.35 secs, 630962 evals, 630917 steps, improv/step: 0.032 (last = 0.0118), fitness=-1795480684.713805914
4801.35 secs, 634909 evals, 634865 steps, improv/step: 0.032 (last = 0.0094), fitness=-1795480684.716937542
4831.36 secs, 638875 evals, 638833 steps, improv/step: 0.032 (last = 0.0096), fitness=-1795480684.718967915
4861.36 secs, 642791 evals, 642749 steps, improv/step: 0.032 (last = 0.0094), fitness=-1795480684.718967915
4891.37 secs, 646686 evals, 646646 steps, improv/step: 0.032 (last = 0.0113), fitness=-1795480684.722776890
4921.38 secs, 650685 evals, 650646 steps, improv/step: 0.032 (last = 0.0120), fitness=-1795480684.723444462
4951.39 secs, 654412 evals, 654375 steps, improv/step: 0.032 (last = 0.0118), fitness=-1795480684.724614382
4981.39 secs, 658246 evals, 658211 steps, improv/step: 0.032 (last = 0.0123), fitness=-1795480684.727541924
5011.39 secs, 661966 evals, 661931 steps, improv/step: 0.031 (last = 0.0118), fitness=-1795480684.730298519
5041.39 secs, 665829 evals, 665795 steps, improv/step: 0.031 (last = 0.0124), fitness=-1795480684.734563589
5071.40 secs, 669738 evals, 669706 steps, improv/step: 0.031 (last = 0.0148), fitness=-1795480684.736835480
5101.40 secs, 673683 evals, 673651 steps, improv/step: 0.031 (last = 0.0139), fitness=-1795480684.738108158
5131.40 secs, 677627 evals, 677598 steps, improv/step: 0.031 (last = 0.0137), fitness=-1795480684.739649773
5161.41 secs, 681439 evals, 681410 steps, improv/step: 0.031 (last = 0.0126), fitness=-1795480684.741977930
5191.41 secs, 685253 evals, 685225 steps, improv/step: 0.031 (last = 0.0170), fitness=-1795480684.746086597
5221.43 secs, 689117 evals, 689089 steps, improv/step: 0.031 (last = 0.0173), fitness=-1795480684.750660419
5251.44 secs, 693020 evals, 692992 steps, improv/step: 0.031 (last = 0.0169), fitness=-1795480684.751704454
5281.51 secs, 697012 evals, 696984 steps, improv/step: 0.031 (last = 0.0133), fitness=-1795480684.755597115
5311.51 secs, 700766 evals, 700738 steps, improv/step: 0.030 (last = 0.0109), fitness=-1795480684.756223679
5341.59 secs, 704607 evals, 704579 steps, improv/step: 0.030 (last = 0.0128), fitness=-1795480684.756223679
5371.60 secs, 708521 evals, 708493 steps, improv/step: 0.030 (last = 0.0164), fitness=-1795480684.759356737
5401.60 secs, 712292 evals, 712264 steps, improv/step: 0.030 (last = 0.0138), fitness=-1795480684.761822939
5431.60 secs, 716177 evals, 716150 steps, improv/step: 0.030 (last = 0.0100), fitness=-1795480684.763583899
5461.60 secs, 719982 evals, 719955 steps, improv/step: 0.030 (last = 0.0108), fitness=-1795480684.765017986
5491.61 secs, 723978 evals, 723951 steps, improv/step: 0.030 (last = 0.0128), fitness=-1795480684.765659332
5521.62 secs, 728008 evals, 727981 steps, improv/step: 0.030 (last = 0.0134), fitness=-1795480684.767377377
5551.62 secs, 731928 evals, 731901 steps, improv/step: 0.030 (last = 0.0122), fitness=-1795480684.771168947
5581.62 secs, 735849 evals, 735823 steps, improv/step: 0.030 (last = 0.0158), fitness=-1795480684.771737814
5611.71 secs, 739857 evals, 739832 steps, improv/step: 0.030 (last = 0.0155), fitness=-1795480684.773567915
5641.71 secs, 743896 evals, 743874 steps, improv/step: 0.029 (last = 0.0114), fitness=-1795480684.777415037
5671.71 secs, 747810 evals, 747788 steps, improv/step: 0.029 (last = 0.0133), fitness=-1795480684.780733109
5701.71 secs, 751681 evals, 751663 steps, improv/step: 0.029 (last = 0.0108), fitness=-1795480684.781216383
5731.71 secs, 755514 evals, 755496 steps, improv/step: 0.029 (last = 0.0086), fitness=-1795480684.783016205
5761.71 secs, 759491 evals, 759473 steps, improv/step: 0.029 (last = 0.0111), fitness=-1795480684.787769794
5791.78 secs, 763466 evals, 763448 steps, improv/step: 0.029 (last = 0.0108), fitness=-1795480684.789383173
5821.79 secs, 767407 evals, 767392 steps, improv/step: 0.029 (last = 0.0129), fitness=-1795480684.793076754
5851.79 secs, 771349 evals, 771334 steps, improv/step: 0.029 (last = 0.0137), fitness=-1795480684.794740200
5881.79 secs, 775326 evals, 775311 steps, improv/step: 0.029 (last = 0.0123), fitness=-1795480684.798484325
5911.80 secs, 779376 evals, 779361 steps, improv/step: 0.029 (last = 0.0119), fitness=-1795480684.801417828
5941.80 secs, 783244 evals, 783230 steps, improv/step: 0.029 (last = 0.0111), fitness=-1795480684.802974939
5971.80 secs, 787296 evals, 787282 steps, improv/step: 0.028 (last = 0.0138), fitness=-1795480684.803246737
6001.80 secs, 791256 evals, 791242 steps, improv/step: 0.028 (last = 0.0146), fitness=-1795480684.805582523
6031.81 secs, 795207 evals, 795194 steps, improv/step: 0.028 (last = 0.0129), fitness=-1795480684.811138630
6061.81 secs, 799157 evals, 799144 steps, improv/step: 0.028 (last = 0.0124), fitness=-1795480684.812747717
6091.82 secs, 803010 evals, 802998 steps, improv/step: 0.028 (last = 0.0148), fitness=-1795480684.815398693
6121.82 secs, 806956 evals, 806944 steps, improv/step: 0.028 (last = 0.0162), fitness=-1795480684.818037987
6151.83 secs, 810742 evals, 810730 steps, improv/step: 0.028 (last = 0.0153), fitness=-1795480684.821139097
6181.83 secs, 814550 evals, 814539 steps, improv/step: 0.028 (last = 0.0100), fitness=-1795480684.821280718
6211.83 secs, 818551 evals, 818541 steps, improv/step: 0.028 (last = 0.0132), fitness=-1795480684.823817730
6241.84 secs, 822505 evals, 822495 steps, improv/step: 0.028 (last = 0.0126), fitness=-1795480684.829990625
6271.84 secs, 826461 evals, 826451 steps, improv/step: 0.028 (last = 0.0139), fitness=-1795480684.838659286
6301.84 secs, 830324 evals, 830315 steps, improv/step: 0.028 (last = 0.0135), fitness=-1795480684.840913057
6331.85 secs, 834165 evals, 834157 steps, improv/step: 0.028 (last = 0.0141), fitness=-1795480684.843936443
6361.89 secs, 838089 evals, 838081 steps, improv/step: 0.028 (last = 0.0148), fitness=-1795480684.848857403
6391.89 secs, 842044 evals, 842038 steps, improv/step: 0.028 (last = 0.0149), fitness=-1795480684.852905989
6421.90 secs, 845930 evals, 845925 steps, improv/step: 0.027 (last = 0.0121), fitness=-1795480684.856423616
6451.91 secs, 849757 evals, 849753 steps, improv/step: 0.027 (last = 0.0115), fitness=-1795480684.858261824
6481.91 secs, 853747 evals, 853745 steps, improv/step: 0.027 (last = 0.0168), fitness=-1795480684.862151623
6511.92 secs, 857484 evals, 857482 steps, improv/step: 0.027 (last = 0.0128), fitness=-1795480684.865732908
6541.96 secs, 861306 evals, 861304 steps, improv/step: 0.027 (last = 0.0128), fitness=-1795480684.871258259
6571.96 secs, 865252 evals, 865250 steps, improv/step: 0.027 (last = 0.0129), fitness=-1795480684.873649836
6601.97 secs, 869290 evals, 869291 steps, improv/step: 0.027 (last = 0.0148), fitness=-1795480684.875887632
6631.97 secs, 873151 evals, 873154 steps, improv/step: 0.027 (last = 0.0129), fitness=-1795480684.885645628
6661.97 secs, 877136 evals, 877140 steps, improv/step: 0.027 (last = 0.0168), fitness=-1795480684.885645628
6691.97 secs, 881192 evals, 881196 steps, improv/step: 0.027 (last = 0.0141), fitness=-1795480684.885645628
6721.98 secs, 885150 evals, 885154 steps, improv/step: 0.027 (last = 0.0134), fitness=-1795480684.893865824
6751.98 secs, 889070 evals, 889074 steps, improv/step: 0.027 (last = 0.0125), fitness=-1795480684.893865824
6781.98 secs, 892950 evals, 892956 steps, improv/step: 0.027 (last = 0.0098), fitness=-1795480684.898076773
6811.99 secs, 896845 evals, 896853 steps, improv/step: 0.027 (last = 0.0126), fitness=-1795480684.899820089
6841.99 secs, 900642 evals, 900652 steps, improv/step: 0.027 (last = 0.0121), fitness=-1795480684.904373407
6871.99 secs, 904486 evals, 904497 steps, improv/step: 0.027 (last = 0.0112), fitness=-1795480684.905878544
6901.99 secs, 908326 evals, 908337 steps, improv/step: 0.026 (last = 0.0146), fitness=-1795480684.909670115
6932.00 secs, 912041 evals, 912052 steps, improv/step: 0.026 (last = 0.0145), fitness=-1795480684.913257122
6962.00 secs, 915819 evals, 915830 steps, improv/step: 0.026 (last = 0.0079), fitness=-1795480684.916923761
6992.01 secs, 919720 evals, 919731 steps, improv/step: 0.026 (last = 0.0128), fitness=-1795480684.925549984
7022.01 secs, 923658 evals, 923670 steps, improv/step: 0.026 (last = 0.0081), fitness=-1795480684.925549984
7052.01 secs, 927517 evals, 927534 steps, improv/step: 0.026 (last = 0.0083), fitness=-1795480684.929007530
7082.01 secs, 931511 evals, 931530 steps, improv/step: 0.026 (last = 0.0108), fitness=-1795480684.931881428
7112.02 secs, 935553 evals, 935572 steps, improv/step: 0.026 (last = 0.0119), fitness=-1795480684.942441225
7142.02 secs, 939510 evals, 939530 steps, improv/step: 0.026 (last = 0.0129), fitness=-1795480684.942441225
7172.02 secs, 943510 evals, 943531 steps, improv/step: 0.026 (last = 0.0085), fitness=-1795480684.942501307
7202.03 secs, 947469 evals, 947490 steps, improv/step: 0.026 (last = 0.0116), fitness=-1795480684.947204590
7232.07 secs, 951422 evals, 951444 steps, improv/step: 0.026 (last = 0.0106), fitness=-1795480684.947204590
7262.07 secs, 955279 evals, 955302 steps, improv/step: 0.026 (last = 0.0148), fitness=-1795480684.955973625
7292.08 secs, 959253 evals, 959279 steps, improv/step: 0.026 (last = 0.0121), fitness=-1795480684.961887360
7322.08 secs, 963300 evals, 963328 steps, improv/step: 0.026 (last = 0.0116), fitness=-1795480684.963070154
7352.11 secs, 967334 evals, 967362 steps, improv/step: 0.026 (last = 0.0104), fitness=-1795480684.964589834
7382.12 secs, 971346 evals, 971374 steps, improv/step: 0.025 (last = 0.0140), fitness=-1795480684.967234612
7412.12 secs, 975436 evals, 975466 steps, improv/step: 0.025 (last = 0.0100), fitness=-1795480684.968559742
7442.12 secs, 979453 evals, 979483 steps, improv/step: 0.025 (last = 0.0110), fitness=-1795480684.973197699
7472.20 secs, 983305 evals, 983336 steps, improv/step: 0.025 (last = 0.0101), fitness=-1795480684.975025415
7502.20 secs, 987359 evals, 987390 steps, improv/step: 0.025 (last = 0.0136), fitness=-1795480684.975924730
7532.20 secs, 991432 evals, 991464 steps, improv/step: 0.025 (last = 0.0093), fitness=-1795480684.983067989
7562.21 secs, 995507 evals, 995540 steps, improv/step: 0.025 (last = 0.0110), fitness=-1795480684.984285355
7592.21 secs, 999661 evals, 999695 steps, improv/step: 0.025 (last = 0.0152), fitness=-1795480684.986933708
7622.21 secs, 1003645 evals, 1003680 steps, improv/step: 0.025 (last = 0.0141), fitness=-1795480684.992105484
7652.21 secs, 1007545 evals, 1007580 steps, improv/step: 0.025 (last = 0.0105), fitness=-1795480684.997279644
7682.21 secs, 1011645 evals, 1011680 steps, improv/step: 0.025 (last = 0.0149), fitness=-1795480684.998314857
7712.22 secs, 1015757 evals, 1015793 steps, improv/step: 0.025 (last = 0.0107), fitness=-1795480685.003252268
7742.22 secs, 1019934 evals, 1019974 steps, improv/step: 0.025 (last = 0.0115), fitness=-1795480685.003735304
7772.22 secs, 1023913 evals, 1023953 steps, improv/step: 0.025 (last = 0.0131), fitness=-1795480685.008942604
7802.23 secs, 1027928 evals, 1027970 steps, improv/step: 0.025 (last = 0.0144), fitness=-1795480685.010248661
7832.23 secs, 1032161 evals, 1032204 steps, improv/step: 0.025 (last = 0.0118), fitness=-1795480685.010674953
7862.23 secs, 1036234 evals, 1036278 steps, improv/step: 0.025 (last = 0.0135), fitness=-1795480685.013295650
7892.23 secs, 1040337 evals, 1040381 steps, improv/step: 0.025 (last = 0.0127), fitness=-1795480685.014177799
7922.23 secs, 1044461 evals, 1044507 steps, improv/step: 0.025 (last = 0.0133), fitness=-1795480685.017320156
7952.24 secs, 1048619 evals, 1048665 steps, improv/step: 0.025 (last = 0.0120), fitness=-1795480685.019097567
7982.24 secs, 1052556 evals, 1052602 steps, improv/step: 0.024 (last = 0.0132), fitness=-1795480685.019521236
8012.29 secs, 1056715 evals, 1056761 steps, improv/step: 0.024 (last = 0.0142), fitness=-1795480685.022077322
8042.30 secs, 1060664 evals, 1060710 steps, improv/step: 0.024 (last = 0.0157), fitness=-1795480685.023725748
8072.30 secs, 1064568 evals, 1064618 steps, improv/step: 0.024 (last = 0.0159), fitness=-1795480685.024209023
8102.31 secs, 1068514 evals, 1068565 steps, improv/step: 0.024 (last = 0.0117), fitness=-1795480685.025005817
8132.31 secs, 1072438 evals, 1072490 steps, improv/step: 0.024 (last = 0.0110), fitness=-1795480685.027132273
8162.31 secs, 1076415 evals, 1076469 steps, improv/step: 0.024 (last = 0.0136), fitness=-1795480685.029758692
8192.31 secs, 1080412 evals, 1080466 steps, improv/step: 0.024 (last = 0.0158), fitness=-1795480685.034818172
8222.31 secs, 1084509 evals, 1084563 steps, improv/step: 0.024 (last = 0.0168), fitness=-1795480685.038789749
8252.32 secs, 1088516 evals, 1088572 steps, improv/step: 0.024 (last = 0.0115), fitness=-1795480685.040356398
8282.32 secs, 1092429 evals, 1092486 steps, improv/step: 0.024 (last = 0.0120), fitness=-1795480685.040978909
8312.39 secs, 1096295 evals, 1096353 steps, improv/step: 0.024 (last = 0.0140), fitness=-1795480685.042762995
8342.40 secs, 1100298 evals, 1100359 steps, improv/step: 0.024 (last = 0.0157), fitness=-1795480685.044064999
8372.40 secs, 1104348 evals, 1104409 steps, improv/step: 0.024 (last = 0.0096), fitness=-1795480685.045260668
8402.45 secs, 1108340 evals, 1108405 steps, improv/step: 0.024 (last = 0.0105), fitness=-1795480685.045579433
8432.48 secs, 1112274 evals, 1112341 steps, improv/step: 0.024 (last = 0.0158), fitness=-1795480685.047612190
8462.49 secs, 1116081 evals, 1116149 steps, improv/step: 0.024 (last = 0.0131), fitness=-1795480685.047612190
8492.49 secs, 1119979 evals, 1120048 steps, improv/step: 0.024 (last = 0.0115), fitness=-1795480685.049093485
8522.50 secs, 1123906 evals, 1123977 steps, improv/step: 0.024 (last = 0.0125), fitness=-1795480685.049440145
8552.50 secs, 1127893 evals, 1127964 steps, improv/step: 0.024 (last = 0.0120), fitness=-1795480685.051356792
8582.51 secs, 1131732 evals, 1131803 steps, improv/step: 0.024 (last = 0.0128), fitness=-1795480685.052588463
8612.52 secs, 1135715 evals, 1135789 steps, improv/step: 0.024 (last = 0.0128), fitness=-1795480685.055140495
8642.58 secs, 1139817 evals, 1139891 steps, improv/step: 0.024 (last = 0.0151), fitness=-1795480685.059835196
8672.59 secs, 1143841 evals, 1143917 steps, improv/step: 0.024 (last = 0.0102), fitness=-1795480685.062593937
8702.59 secs, 1147834 evals, 1147910 steps, improv/step: 0.024 (last = 0.0118), fitness=-1795480685.074076414
8732.60 secs, 1151836 evals, 1151914 steps, improv/step: 0.024 (last = 0.0137), fitness=-1795480685.074549675
8762.60 secs, 1155811 evals, 1155892 steps, improv/step: 0.023 (last = 0.0163), fitness=-1795480685.074677467
8792.61 secs, 1159891 evals, 1159975 steps, improv/step: 0.023 (last = 0.0113), fitness=-1795480685.078796387
8822.61 secs, 1164068 evals, 1164152 steps, improv/step: 0.023 (last = 0.0093), fitness=-1795480685.078796387
8852.61 secs, 1167993 evals, 1168077 steps, improv/step: 0.023 (last = 0.0099), fitness=-1795480685.080593348
8882.68 secs, 1171946 evals, 1172031 steps, improv/step: 0.023 (last = 0.0081), fitness=-1795480685.083398581
8912.68 secs, 1176010 evals, 1176100 steps, improv/step: 0.023 (last = 0.0123), fitness=-1795480685.086267948
8942.68 secs, 1179864 evals, 1179955 steps, improv/step: 0.023 (last = 0.0093), fitness=-1795480685.087793350
8972.68 secs, 1183665 evals, 1183757 steps, improv/step: 0.023 (last = 0.0092), fitness=-1795480685.088346958
9002.68 secs, 1187544 evals, 1187637 steps, improv/step: 0.023 (last = 0.0098), fitness=-1795480685.092754364
9032.69 secs, 1191528 evals, 1191622 steps, improv/step: 0.023 (last = 0.0143), fitness=-1795480685.094765663
9062.69 secs, 1195641 evals, 1195737 steps, improv/step: 0.023 (last = 0.0134), fitness=-1795480685.097448349
9092.70 secs, 1199579 evals, 1199675 steps, improv/step: 0.023 (last = 0.0119), fitness=-1795480685.100688457
9122.70 secs, 1203544 evals, 1203640 steps, improv/step: 0.023 (last = 0.0136), fitness=-1795480685.104648113
9152.70 secs, 1207575 evals, 1207671 steps, improv/step: 0.023 (last = 0.0112), fitness=-1795480685.116641760
9182.70 secs, 1211690 evals, 1211786 steps, improv/step: 0.023 (last = 0.0129), fitness=-1795480685.125532866
9212.71 secs, 1215573 evals, 1215670 steps, improv/step: 0.023 (last = 0.0139), fitness=-1795480685.125532866
9242.71 secs, 1219637 evals, 1219735 steps, improv/step: 0.023 (last = 0.0138), fitness=-1795480685.130556107
9272.71 secs, 1223750 evals, 1223848 steps, improv/step: 0.023 (last = 0.0129), fitness=-1795480685.138877869
9302.72 secs, 1227790 evals, 1227888 steps, improv/step: 0.023 (last = 0.0131), fitness=-1795480685.143799305
9332.72 secs, 1231780 evals, 1231878 steps, improv/step: 0.023 (last = 0.0098), fitness=-1795480685.152809143
9362.73 secs, 1235858 evals, 1235957 steps, improv/step: 0.023 (last = 0.0132), fitness=-1795480685.155493736
9392.73 secs, 1239899 evals, 1239999 steps, improv/step: 0.023 (last = 0.0114), fitness=-1795480685.156779051
9422.73 secs, 1243887 evals, 1243988 steps, improv/step: 0.023 (last = 0.0133), fitness=-1795480685.166570425
9452.74 secs, 1247903 evals, 1248005 steps, improv/step: 0.023 (last = 0.0115), fitness=-1795480685.166570425
9482.74 secs, 1251875 evals, 1251977 steps, improv/step: 0.023 (last = 0.0159), fitness=-1795480685.170760870
9512.74 secs, 1255788 evals, 1255890 steps, improv/step: 0.023 (last = 0.0146), fitness=-1795480685.173726082
9542.74 secs, 1259763 evals, 1259867 steps, improv/step: 0.023 (last = 0.0123), fitness=-1795480685.177066803
9572.75 secs, 1263687 evals, 1263795 steps, improv/step: 0.023 (last = 0.0130), fitness=-1795480685.178838491
9602.75 secs, 1267562 evals, 1267670 steps, improv/step: 0.022 (last = 0.0106), fitness=-1795480685.180402040
9632.75 secs, 1271498 evals, 1271607 steps, improv/step: 0.022 (last = 0.0117), fitness=-1795480685.185429573
9662.76 secs, 1275477 evals, 1275589 steps, improv/step: 0.022 (last = 0.0143), fitness=-1795480685.187855244
9692.76 secs, 1279470 evals, 1279583 steps, improv/step: 0.022 (last = 0.0155), fitness=-1795480685.194431067
9722.76 secs, 1283583 evals, 1283698 steps, improv/step: 0.022 (last = 0.0112), fitness=-1795480685.198141813
9752.76 secs, 1287722 evals, 1287837 steps, improv/step: 0.022 (last = 0.0118), fitness=-1795480685.199672937
9782.76 secs, 1291858 evals, 1291973 steps, improv/step: 0.022 (last = 0.0099), fitness=-1795480685.201208830
9812.77 secs, 1295975 evals, 1296091 steps, improv/step: 0.022 (last = 0.0126), fitness=-1795480685.203158617
9842.77 secs, 1299986 evals, 1300102 steps, improv/step: 0.022 (last = 0.0157), fitness=-1795480685.205458879
9872.78 secs, 1304241 evals, 1304358 steps, improv/step: 0.022 (last = 0.0141), fitness=-1795480685.210654259
9902.78 secs, 1308286 evals, 1308403 steps, improv/step: 0.022 (last = 0.0136), fitness=-1795480685.212554455
9932.90 secs, 1312289 evals, 1312407 steps, improv/step: 0.022 (last = 0.0120), fitness=-1795480685.212892771
9962.90 secs, 1316317 evals, 1316436 steps, improv/step: 0.022 (last = 0.0087), fitness=-1795480685.213159323
9992.91 secs, 1320263 evals, 1320383 steps, improv/step: 0.022 (last = 0.0117), fitness=-1795480685.215420723
10022.92 secs, 1324150 evals, 1324274 steps, improv/step: 0.022 (last = 0.0103), fitness=-1795480685.218146324
10052.92 secs, 1328213 evals, 1328337 steps, improv/step: 0.022 (last = 0.0111), fitness=-1795480685.218146324
10082.93 secs, 1332271 evals, 1332396 steps, improv/step: 0.022 (last = 0.0094), fitness=-1795480685.219775915
10112.93 secs, 1336235 evals, 1336361 steps, improv/step: 0.022 (last = 0.0098), fitness=-1795480685.219962358
10142.93 secs, 1340428 evals, 1340556 steps, improv/step: 0.022 (last = 0.0072), fitness=-1795480685.220360756
10172.94 secs, 1344380 evals, 1344509 steps, improv/step: 0.022 (last = 0.0104), fitness=-1795480685.223191977
10202.94 secs, 1348413 evals, 1348542 steps, improv/step: 0.022 (last = 0.0112), fitness=-1795480685.223296404
10232.94 secs, 1352444 evals, 1352574 steps, improv/step: 0.022 (last = 0.0102), fitness=-1795480685.223721027
10262.95 secs, 1356500 evals, 1356631 steps, improv/step: 0.022 (last = 0.0111), fitness=-1795480685.223795652
10293.00 secs, 1360555 evals, 1360688 steps, improv/step: 0.022 (last = 0.0126), fitness=-1795480685.224953890
10323.00 secs, 1364407 evals, 1364541 steps, improv/step: 0.022 (last = 0.0122), fitness=-1795480685.226323843
10353.00 secs, 1368399 evals, 1368534 steps, improv/step: 0.022 (last = 0.0183), fitness=-1795480685.226954460
10383.00 secs, 1372284 evals, 1372419 steps, improv/step: 0.022 (last = 0.0098), fitness=-1795480685.228185415
10413.01 secs, 1376219 evals, 1376357 steps, improv/step: 0.022 (last = 0.0170), fitness=-1795480685.228773355
10443.01 secs, 1380441 evals, 1380579 steps, improv/step: 0.022 (last = 0.0144), fitness=-1795480685.230117321
10473.03 secs, 1384535 evals, 1384673 steps, improv/step: 0.022 (last = 0.0137), fitness=-1795480685.230528593
10503.04 secs, 1388555 evals, 1388697 steps, improv/step: 0.022 (last = 0.0147), fitness=-1795480685.232401133
10533.04 secs, 1392497 evals, 1392640 steps, improv/step: 0.022 (last = 0.0200), fitness=-1795480685.232497215
10563.04 secs, 1396454 evals, 1396598 steps, improv/step: 0.022 (last = 0.0184), fitness=-1795480685.233260393
10593.08 secs, 1400463 evals, 1400607 steps, improv/step: 0.022 (last = 0.0162), fitness=-1795480685.233974457
10623.08 secs, 1404355 evals, 1404500 steps, improv/step: 0.022 (last = 0.0152), fitness=-1795480685.234714270
10653.09 secs, 1408366 evals, 1408511 steps, improv/step: 0.022 (last = 0.0170), fitness=-1795480685.235026121
10683.09 secs, 1412473 evals, 1412619 steps, improv/step: 0.022 (last = 0.0178), fitness=-1795480685.236227751
10713.10 secs, 1416426 evals, 1416576 steps, improv/step: 0.021 (last = 0.0147), fitness=-1795480685.236459494
10743.10 secs, 1420465 evals, 1420615 steps, improv/step: 0.021 (last = 0.0139), fitness=-1795480685.236728430
10773.21 secs, 1424545 evals, 1424695 steps, improv/step: 0.021 (last = 0.0140), fitness=-1795480685.236870289
10803.22 secs, 1428474 evals, 1428624 steps, improv/step: 0.021 (last = 0.0125), fitness=-1795480685.237123013
10833.22 secs, 1432518 evals, 1432669 steps, improv/step: 0.021 (last = 0.0124), fitness=-1795480685.237794399
10863.22 secs, 1436528 evals, 1436679 steps, improv/step: 0.021 (last = 0.0172), fitness=-1795480685.238968134
10893.23 secs, 1440409 evals, 1440563 steps, improv/step: 0.021 (last = 0.0175), fitness=-1795480685.239918232
10923.23 secs, 1444508 evals, 1444662 steps, improv/step: 0.021 (last = 0.0168), fitness=-1795480685.240339279
10953.24 secs, 1448707 evals, 1448861 steps, improv/step: 0.021 (last = 0.0133), fitness=-1795480685.240339279
10983.29 secs, 1452676 evals, 1452830 steps, improv/step: 0.021 (last = 0.0166), fitness=-1795480685.241818666
11013.30 secs, 1456554 evals, 1456708 steps, improv/step: 0.021 (last = 0.0139), fitness=-1795480685.243042469
11043.30 secs, 1460531 evals, 1460685 steps, improv/step: 0.021 (last = 0.0143), fitness=-1795480685.244099855
11073.30 secs, 1464653 evals, 1464808 steps, improv/step: 0.021 (last = 0.0148), fitness=-1795480685.244099855
11103.30 secs, 1468796 evals, 1468952 steps, improv/step: 0.021 (last = 0.0138), fitness=-1795480685.244236708
11133.30 secs, 1472793 evals, 1472949 steps, improv/step: 0.021 (last = 0.0140), fitness=-1795480685.245663643
11163.31 secs, 1476780 evals, 1476937 steps, improv/step: 0.021 (last = 0.0118), fitness=-1795480685.246016741
11193.31 secs, 1480806 evals, 1480964 steps, improv/step: 0.021 (last = 0.0117), fitness=-1795480685.246863604
11223.31 secs, 1484733 evals, 1484892 steps, improv/step: 0.021 (last = 0.0135), fitness=-1795480685.248044729
11253.32 secs, 1488656 evals, 1488816 steps, improv/step: 0.021 (last = 0.0127), fitness=-1795480685.249246836
11283.32 secs, 1492591 evals, 1492751 steps, improv/step: 0.021 (last = 0.0152), fitness=-1795480685.253318787
11313.33 secs, 1496502 evals, 1496662 steps, improv/step: 0.021 (last = 0.0133), fitness=-1795480685.253745079
11343.33 secs, 1500433 evals, 1500593 steps, improv/step: 0.021 (last = 0.0165), fitness=-1795480685.254441261
11373.33 secs, 1504422 evals, 1504583 steps, improv/step: 0.021 (last = 0.0098), fitness=-1795480685.257004023
11403.38 secs, 1508364 evals, 1508525 steps, improv/step: 0.021 (last = 0.0162), fitness=-1795480685.257031202
11433.39 secs, 1512311 evals, 1512473 steps, improv/step: 0.021 (last = 0.0144), fitness=-1795480685.257657051
11463.39 secs, 1516254 evals, 1516416 steps, improv/step: 0.021 (last = 0.0145), fitness=-1795480685.259013653
11493.40 secs, 1520042 evals, 1520204 steps, improv/step: 0.021 (last = 0.0143), fitness=-1795480685.260290384
11523.40 secs, 1523942 evals, 1524105 steps, improv/step: 0.021 (last = 0.0159), fitness=-1795480685.261413336
11553.40 secs, 1527817 evals, 1527983 steps, improv/step: 0.021 (last = 0.0168), fitness=-1795480685.262301922
11583.40 secs, 1531611 evals, 1531778 steps, improv/step: 0.021 (last = 0.0142), fitness=-1795480685.262456894
11613.41 secs, 1535532 evals, 1535701 steps, improv/step: 0.021 (last = 0.0155), fitness=-1795480685.264848948
11643.41 secs, 1539374 evals, 1539547 steps, improv/step: 0.021 (last = 0.0182), fitness=-1795480685.267024040
11673.41 secs, 1543381 evals, 1543556 steps, improv/step: 0.021 (last = 0.0160), fitness=-1795480685.269587278
11703.41 secs, 1547493 evals, 1547669 steps, improv/step: 0.021 (last = 0.0173), fitness=-1795480685.269728184
11733.41 secs, 1551599 evals, 1551775 steps, improv/step: 0.021 (last = 0.0153), fitness=-1795480685.272035599
11763.41 secs, 1555786 evals, 1555962 steps, improv/step: 0.021 (last = 0.0105), fitness=-1795480685.272809982
11793.42 secs, 1559992 evals, 1560171 steps, improv/step: 0.021 (last = 0.0112), fitness=-1795480685.274398565
11823.42 secs, 1564142 evals, 1564321 steps, improv/step: 0.021 (last = 0.0125), fitness=-1795480685.275214434
11853.42 secs, 1568166 evals, 1568346 steps, improv/step: 0.021 (last = 0.0102), fitness=-1795480685.278462410
11883.43 secs, 1572141 evals, 1572321 steps, improv/step: 0.021 (last = 0.0111), fitness=-1795480685.278957605
11913.43 secs, 1576331 evals, 1576511 steps, improv/step: 0.021 (last = 0.0098), fitness=-1795480685.278957605
11943.44 secs, 1580372 evals, 1580552 steps, improv/step: 0.021 (last = 0.0089), fitness=-1795480685.279169321
11973.44 secs, 1584189 evals, 1584371 steps, improv/step: 0.021 (last = 0.0073), fitness=-1795480685.280074120
12003.44 secs, 1588106 evals, 1588290 steps, improv/step: 0.021 (last = 0.0128), fitness=-1795480685.281455755
12033.45 secs, 1592213 evals, 1592397 steps, improv/step: 0.021 (last = 0.0107), fitness=-1795480685.281756878
12063.45 secs, 1596235 evals, 1596419 steps, improv/step: 0.021 (last = 0.0099), fitness=-1795480685.286553860
12093.45 secs, 1600339 evals, 1600525 steps, improv/step: 0.021 (last = 0.0114), fitness=-1795480685.288450956
12123.46 secs, 1604422 evals, 1604609 steps, improv/step: 0.021 (last = 0.0118), fitness=-1795480685.289831877
12153.46 secs, 1608467 evals, 1608654 steps, improv/step: 0.021 (last = 0.0146), fitness=-1795480685.292328596
12183.49 secs, 1612575 evals, 1612762 steps, improv/step: 0.021 (last = 0.0117), fitness=-1795480685.292854786
12213.50 secs, 1616712 evals, 1616899 steps, improv/step: 0.020 (last = 0.0135), fitness=-1795480685.296091318
12243.50 secs, 1620862 evals, 1621049 steps, improv/step: 0.020 (last = 0.0164), fitness=-1795480685.297156096
12273.51 secs, 1624796 evals, 1624985 steps, improv/step: 0.020 (last = 0.0102), fitness=-1795480685.300651789
12303.51 secs, 1628939 evals, 1629130 steps, improv/step: 0.020 (last = 0.0121), fitness=-1795480685.303939581
12333.51 secs, 1633110 evals, 1633304 steps, improv/step: 0.020 (last = 0.0144), fitness=-1795480685.307329655
12363.52 secs, 1637076 evals, 1637271 steps, improv/step: 0.020 (last = 0.0121), fitness=-1795480685.308940649
12393.52 secs, 1641141 evals, 1641338 steps, improv/step: 0.020 (last = 0.0106), fitness=-1795480685.310563803
12423.53 secs, 1645097 evals, 1645294 steps, improv/step: 0.020 (last = 0.0116), fitness=-1795480685.313359499
12453.53 secs, 1649372 evals, 1649570 steps, improv/step: 0.020 (last = 0.0126), fitness=-1795480685.316869497
12483.55 secs, 1653517 evals, 1653715 steps, improv/step: 0.020 (last = 0.0113), fitness=-1795480685.318294525
12513.55 secs, 1657636 evals, 1657834 steps, improv/step: 0.020 (last = 0.0165), fitness=-1795480685.323237419
12543.55 secs, 1661735 evals, 1661933 steps, improv/step: 0.020 (last = 0.0129), fitness=-1795480685.323237419
12573.56 secs, 1665885 evals, 1666085 steps, improv/step: 0.020 (last = 0.0140), fitness=-1795480685.323683500
12603.56 secs, 1669941 evals, 1670142 steps, improv/step: 0.020 (last = 0.0111), fitness=-1795480685.325480938
12633.56 secs, 1673925 evals, 1674126 steps, improv/step: 0.020 (last = 0.0126), fitness=-1795480685.330321312
12663.62 secs, 1677735 evals, 1677937 steps, improv/step: 0.020 (last = 0.0126), fitness=-1795480685.334896088
12693.63 secs, 1681671 evals, 1681874 steps, improv/step: 0.020 (last = 0.0117), fitness=-1795480685.336641073
12723.63 secs, 1685605 evals, 1685808 steps, improv/step: 0.020 (last = 0.0104), fitness=-1795480685.342834949
12753.63 secs, 1689567 evals, 1689770 steps, improv/step: 0.020 (last = 0.0098), fitness=-1795480685.342834949
12783.64 secs, 1693440 evals, 1693644 steps, improv/step: 0.020 (last = 0.0119), fitness=-1795480685.344712973
12813.68 secs, 1697537 evals, 1697741 steps, improv/step: 0.020 (last = 0.0098), fitness=-1795480685.347197533
12843.68 secs, 1701463 evals, 1701667 steps, improv/step: 0.020 (last = 0.0084), fitness=-1795480685.347775459
12873.68 secs, 1705381 evals, 1705586 steps, improv/step: 0.020 (last = 0.0105), fitness=-1795480685.352644920
12903.71 secs, 1709435 evals, 1709642 steps, improv/step: 0.020 (last = 0.0113), fitness=-1795480685.354285002
12933.72 secs, 1713473 evals, 1713680 steps, improv/step: 0.020 (last = 0.0087), fitness=-1795480685.356719732
12963.73 secs, 1717465 evals, 1717674 steps, improv/step: 0.020 (last = 0.0123), fitness=-1795480685.359904051
12993.73 secs, 1721462 evals, 1721673 steps, improv/step: 0.020 (last = 0.0138), fitness=-1795480685.364954472
13023.73 secs, 1725365 evals, 1725577 steps, improv/step: 0.020 (last = 0.0090), fitness=-1795480685.365698099
13053.74 secs, 1729174 evals, 1729386 steps, improv/step: 0.020 (last = 0.0134), fitness=-1795480685.373443365
13083.74 secs, 1733183 evals, 1733397 steps, improv/step: 0.020 (last = 0.0100), fitness=-1795480685.373443365
13113.77 secs, 1737266 evals, 1737482 steps, improv/step: 0.020 (last = 0.0091), fitness=-1795480685.373706102
13143.77 secs, 1741164 evals, 1741381 steps, improv/step: 0.020 (last = 0.0115), fitness=-1795480685.373934269
13173.77 secs, 1745053 evals, 1745270 steps, improv/step: 0.020 (last = 0.0072), fitness=-1795480685.376560450
13203.78 secs, 1748855 evals, 1749073 steps, improv/step: 0.020 (last = 0.0110), fitness=-1795480685.379291058
13233.79 secs, 1752718 evals, 1752936 steps, improv/step: 0.020 (last = 0.0093), fitness=-1795480685.382073164
13263.79 secs, 1756608 evals, 1756826 steps, improv/step: 0.020 (last = 0.0111), fitness=-1795480685.383560181
13293.79 secs, 1760495 evals, 1760714 steps, improv/step: 0.020 (last = 0.0123), fitness=-1795480685.386802435
13323.80 secs, 1764558 evals, 1764778 steps, improv/step: 0.020 (last = 0.0108), fitness=-1795480685.386802435
13353.80 secs, 1768511 evals, 1768733 steps, improv/step: 0.020 (last = 0.0086), fitness=-1795480685.387520075
13383.81 secs, 1772377 evals, 1772599 steps, improv/step: 0.020 (last = 0.0093), fitness=-1795480685.387520075
13413.81 secs, 1776379 evals, 1776602 steps, improv/step: 0.020 (last = 0.0130), fitness=-1795480685.390665054
13443.82 secs, 1780247 evals, 1780474 steps, improv/step: 0.020 (last = 0.0093), fitness=-1795480685.390701771
13473.82 secs, 1784352 evals, 1784581 steps, improv/step: 0.020 (last = 0.0071), fitness=-1795480685.391906977
13503.83 secs, 1788379 evals, 1788609 steps, improv/step: 0.020 (last = 0.0114), fitness=-1795480685.394331694
13533.83 secs, 1792209 evals, 1792439 steps, improv/step: 0.020 (last = 0.0138), fitness=-1795480685.394860029
13563.83 secs, 1796117 evals, 1796347 steps, improv/step: 0.020 (last = 0.0113), fitness=-1795480685.395499468
13593.83 secs, 1800072 evals, 1800304 steps, improv/step: 0.020 (last = 0.0101), fitness=-1795480685.396194696
13623.84 secs, 1804048 evals, 1804280 steps, improv/step: 0.020 (last = 0.0078), fitness=-1795480685.396194696
13653.84 secs, 1808049 evals, 1808282 steps, improv/step: 0.020 (last = 0.0127), fitness=-1795480685.398108006
13683.85 secs, 1811938 evals, 1812171 steps, improv/step: 0.020 (last = 0.0134), fitness=-1795480685.398519516
13713.85 secs, 1815799 evals, 1816032 steps, improv/step: 0.019 (last = 0.0130), fitness=-1795480685.401261806
13743.87 secs, 1819701 evals, 1819936 steps, improv/step: 0.019 (last = 0.0138), fitness=-1795480685.401261806
13773.87 secs, 1823535 evals, 1823771 steps, improv/step: 0.019 (last = 0.0104), fitness=-1795480685.402412176
13803.96 secs, 1827455 evals, 1827692 steps, improv/step: 0.019 (last = 0.0097), fitness=-1795480685.403206110
13833.96 secs, 1831513 evals, 1831750 steps, improv/step: 0.019 (last = 0.0094), fitness=-1795480685.405191183
13863.96 secs, 1835390 evals, 1835627 steps, improv/step: 0.019 (last = 0.0129), fitness=-1795480685.407220364
13893.96 secs, 1839367 evals, 1839605 steps, improv/step: 0.019 (last = 0.0098), fitness=-1795480685.407220364
13923.97 secs, 1843250 evals, 1843490 steps, improv/step: 0.019 (last = 0.0121), fitness=-1795480685.407960653
13953.97 secs, 1847144 evals, 1847384 steps, improv/step: 0.019 (last = 0.0082), fitness=-1795480685.409012794
13983.99 secs, 1851152 evals, 1851394 steps, improv/step: 0.019 (last = 0.0112), fitness=-1795480685.409520388
14014.04 secs, 1855092 evals, 1855334 steps, improv/step: 0.019 (last = 0.0091), fitness=-1795480685.410218954
14044.05 secs, 1858977 evals, 1859220 steps, improv/step: 0.019 (last = 0.0106), fitness=-1795480685.412673950
14074.05 secs, 1862991 evals, 1863235 steps, improv/step: 0.019 (last = 0.0127), fitness=-1795480685.414146423
14104.05 secs, 1867053 evals, 1867301 steps, improv/step: 0.019 (last = 0.0135), fitness=-1795480685.417183161
14134.07 secs, 1871262 evals, 1871511 steps, improv/step: 0.019 (last = 0.0107), fitness=-1795480685.419195414
14164.11 secs, 1875450 evals, 1875699 steps, improv/step: 0.019 (last = 0.0138), fitness=-1795480685.421929359
14194.11 secs, 1879459 evals, 1879708 steps, improv/step: 0.019 (last = 0.0127), fitness=-1795480685.423246861
14224.36 secs, 1883370 evals, 1883620 steps, improv/step: 0.019 (last = 0.0120), fitness=-1795480685.425750494
14254.37 secs, 1887345 evals, 1887595 steps, improv/step: 0.019 (last = 0.0141), fitness=-1795480685.426790476
14284.37 secs, 1891228 evals, 1891480 steps, improv/step: 0.019 (last = 0.0126), fitness=-1795480685.427025557
14314.38 secs, 1895291 evals, 1895543 steps, improv/step: 0.019 (last = 0.0116), fitness=-1795480685.430867434
14344.38 secs, 1899204 evals, 1899457 steps, improv/step: 0.019 (last = 0.0107), fitness=-1795480685.431129932
14374.38 secs, 1903152 evals, 1903406 steps, improv/step: 0.019 (last = 0.0111), fitness=-1795480685.432247400
14404.39 secs, 1907067 evals, 1907322 steps, improv/step: 0.019 (last = 0.0105), fitness=-1795480685.434154510
14434.39 secs, 1910978 evals, 1911234 steps, improv/step: 0.019 (last = 0.0130), fitness=-1795480685.434178114
14464.40 secs, 1914846 evals, 1915102 steps, improv/step: 0.019 (last = 0.0111), fitness=-1795480685.435218334
14494.40 secs, 1918835 evals, 1919091 steps, improv/step: 0.019 (last = 0.0113), fitness=-1795480685.435459137
14524.41 secs, 1922718 evals, 1922974 steps, improv/step: 0.019 (last = 0.0093), fitness=-1795480685.435459137
14554.46 secs, 1926728 evals, 1926985 steps, improv/step: 0.019 (last = 0.0077), fitness=-1795480685.435613155
14584.46 secs, 1930678 evals, 1930936 steps, improv/step: 0.019 (last = 0.0157), fitness=-1795480685.436930180
14614.47 secs, 1934699 evals, 1934957 steps, improv/step: 0.019 (last = 0.0169), fitness=-1795480685.437885761
14644.49 secs, 1938621 evals, 1938881 steps, improv/step: 0.019 (last = 0.0138), fitness=-1795480685.438214540
14674.50 secs, 1942572 evals, 1942833 steps, improv/step: 0.019 (last = 0.0137), fitness=-1795480685.439775944
14704.50 secs, 1946514 evals, 1946775 steps, improv/step: 0.019 (last = 0.0122), fitness=-1795480685.441381454
14734.50 secs, 1950368 evals, 1950631 steps, improv/step: 0.019 (last = 0.0174), fitness=-1795480685.441398382
14764.51 secs, 1954160 evals, 1954424 steps, improv/step: 0.019 (last = 0.0161), fitness=-1795480685.443160295
14794.51 secs, 1958078 evals, 1958343 steps, improv/step: 0.019 (last = 0.0133), fitness=-1795480685.443522215
14824.51 secs, 1962151 evals, 1962416 steps, improv/step: 0.019 (last = 0.0164), fitness=-1795480685.445166588
14854.52 secs, 1966168 evals, 1966436 steps, improv/step: 0.019 (last = 0.0174), fitness=-1795480685.447479010
14884.52 secs, 1970297 evals, 1970566 steps, improv/step: 0.019 (last = 0.0169), fitness=-1795480685.449477434
14914.53 secs, 1974422 evals, 1974692 steps, improv/step: 0.019 (last = 0.0165), fitness=-1795480685.449824333
14944.53 secs, 1978487 evals, 1978757 steps, improv/step: 0.019 (last = 0.0185), fitness=-1795480685.451717854
14974.53 secs, 1982513 evals, 1982785 steps, improv/step: 0.019 (last = 0.0151), fitness=-1795480685.454160929
15004.64 secs, 1986550 evals, 1986822 steps, improv/step: 0.019 (last = 0.0124), fitness=-1795480685.455912590
15034.67 secs, 1990486 evals, 1990760 steps, improv/step: 0.019 (last = 0.0107), fitness=-1795480685.457408667
15064.68 secs, 1994520 evals, 1994797 steps, improv/step: 0.019 (last = 0.0109), fitness=-1795480685.457481623
15094.68 secs, 1998672 evals, 1998950 steps, improv/step: 0.019 (last = 0.0120), fitness=-1795480685.459661961
15124.70 secs, 2002723 evals, 2003002 steps, improv/step: 0.019 (last = 0.0126), fitness=-1795480685.460160494
15154.70 secs, 2006968 evals, 2007248 steps, improv/step: 0.019 (last = 0.0127), fitness=-1795480685.460225344
15184.70 secs, 2011108 evals, 2011390 steps, improv/step: 0.019 (last = 0.0140), fitness=-1795480685.461491585
15214.71 secs, 2015304 evals, 2015588 steps, improv/step: 0.019 (last = 0.0112), fitness=-1795480685.462887287
15244.72 secs, 2019399 evals, 2019683 steps, improv/step: 0.019 (last = 0.0139), fitness=-1795480685.462887287
15274.72 secs, 2023411 evals, 2023696 steps, improv/step: 0.019 (last = 0.0147), fitness=-1795480685.465696812
15304.75 secs, 2027483 evals, 2027771 steps, improv/step: 0.019 (last = 0.0128), fitness=-1795480685.467811584
15334.75 secs, 2031502 evals, 2031792 steps, improv/step: 0.019 (last = 0.0112), fitness=-1795480685.468475819
15364.75 secs, 2035691 evals, 2035981 steps, improv/step: 0.019 (last = 0.0124), fitness=-1795480685.472115993
15394.76 secs, 2039779 evals, 2040071 steps, improv/step: 0.019 (last = 0.0137), fitness=-1795480685.474303484
15424.76 secs, 2043668 evals, 2043960 steps, improv/step: 0.019 (last = 0.0123), fitness=-1795480685.474303484
15454.77 secs, 2047740 evals, 2048032 steps, improv/step: 0.019 (last = 0.0111), fitness=-1795480685.478752613
15484.77 secs, 2051808 evals, 2052101 steps, improv/step: 0.019 (last = 0.0098), fitness=-1795480685.478752613
15514.77 secs, 2055852 evals, 2056147 steps, improv/step: 0.019 (last = 0.0126), fitness=-1795480685.479937553
15544.78 secs, 2059948 evals, 2060243 steps, improv/step: 0.019 (last = 0.0073), fitness=-1795480685.482461452
15574.78 secs, 2064129 evals, 2064426 steps, improv/step: 0.019 (last = 0.0093), fitness=-1795480685.483949423
15604.79 secs, 2068226 evals, 2068523 steps, improv/step: 0.019 (last = 0.0076), fitness=-1795480685.485707283
15634.79 secs, 2072170 evals, 2072468 steps, improv/step: 0.019 (last = 0.0106), fitness=-1795480685.486370564
15664.79 secs, 2076272 evals, 2076572 steps, improv/step: 0.019 (last = 0.0110), fitness=-1795480685.486920834
15694.80 secs, 2080312 evals, 2080613 steps, improv/step: 0.019 (last = 0.0074), fitness=-1795480685.487467289
15724.80 secs, 2084289 evals, 2084590 steps, improv/step: 0.019 (last = 0.0128), fitness=-1795480685.488084793
15754.80 secs, 2088266 evals, 2088568 steps, improv/step: 0.019 (last = 0.0108), fitness=-1795480685.489380836
15784.80 secs, 2092353 evals, 2092655 steps, improv/step: 0.019 (last = 0.0091), fitness=-1795480685.489380836
15814.81 secs, 2096352 evals, 2096654 steps, improv/step: 0.019 (last = 0.0100), fitness=-1795480685.489841700
15844.81 secs, 2100268 evals, 2100571 steps, improv/step: 0.018 (last = 0.0064), fitness=-1795480685.489841700
15874.81 secs, 2104211 evals, 2104514 steps, improv/step: 0.018 (last = 0.0081), fitness=-1795480685.490770578
15904.82 secs, 2108191 evals, 2108495 steps, improv/step: 0.018 (last = 0.0073), fitness=-1795480685.490770578
15934.82 secs, 2112297 evals, 2112604 steps, improv/step: 0.018 (last = 0.0068), fitness=-1795480685.491029739
15964.86 secs, 2116168 evals, 2116477 steps, improv/step: 0.018 (last = 0.0080), fitness=-1795480685.491029739
15994.87 secs, 2120070 evals, 2120380 steps, improv/step: 0.018 (last = 0.0082), fitness=-1795480685.491183519
16024.87 secs, 2123899 evals, 2124211 steps, improv/step: 0.018 (last = 0.0086), fitness=-1795480685.491580963
16054.88 secs, 2127708 evals, 2128020 steps, improv/step: 0.018 (last = 0.0092), fitness=-1795480685.491921902
16084.88 secs, 2131553 evals, 2131867 steps, improv/step: 0.018 (last = 0.0088), fitness=-1795480685.491921902
16114.94 secs, 2135367 evals, 2135682 steps, improv/step: 0.018 (last = 0.0076), fitness=-1795480685.492024422
16144.95 secs, 2139228 evals, 2139543 steps, improv/step: 0.018 (last = 0.0075), fitness=-1795480685.492555141
16174.95 secs, 2143027 evals, 2143342 steps, improv/step: 0.018 (last = 0.0084), fitness=-1795480685.492583990
16204.95 secs, 2146942 evals, 2147258 steps, improv/step: 0.018 (last = 0.0112), fitness=-1795480685.493086338
16234.95 secs, 2150792 evals, 2151109 steps, improv/step: 0.018 (last = 0.0132), fitness=-1795480685.493833303
16264.95 secs, 2154604 evals, 2154922 steps, improv/step: 0.018 (last = 0.0105), fitness=-1795480685.494384766
16294.96 secs, 2158411 evals, 2158732 steps, improv/step: 0.018 (last = 0.0100), fitness=-1795480685.495160103
16325.04 secs, 2162310 evals, 2162632 steps, improv/step: 0.018 (last = 0.0110), fitness=-1795480685.495867014
16355.05 secs, 2166181 evals, 2166503 steps, improv/step: 0.018 (last = 0.0096), fitness=-1795480685.496205568
16385.05 secs, 2170056 evals, 2170380 steps, improv/step: 0.018 (last = 0.0111), fitness=-1795480685.496963978
16415.05 secs, 2174007 evals, 2174333 steps, improv/step: 0.018 (last = 0.0111), fitness=-1795480685.497653484
16445.05 secs, 2178081 evals, 2178407 steps, improv/step: 0.018 (last = 0.0110), fitness=-1795480685.498872280
16475.06 secs, 2181863 evals, 2182190 steps, improv/step: 0.018 (last = 0.0098), fitness=-1795480685.499476433
16505.14 secs, 2185840 evals, 2186169 steps, improv/step: 0.018 (last = 0.0121), fitness=-1795480685.499988794
16535.15 secs, 2189787 evals, 2190118 steps, improv/step: 0.018 (last = 0.0114), fitness=-1795480685.500006199
16565.15 secs, 2193698 evals, 2194032 steps, improv/step: 0.018 (last = 0.0133), fitness=-1795480685.500602007
16595.15 secs, 2197582 evals, 2197918 steps, improv/step: 0.018 (last = 0.0129), fitness=-1795480685.501158476
16625.16 secs, 2201553 evals, 2201892 steps, improv/step: 0.018 (last = 0.0143), fitness=-1795480685.501531601
16655.16 secs, 2205513 evals, 2205853 steps, improv/step: 0.018 (last = 0.0151), fitness=-1795480685.502590418
16685.17 secs, 2209491 evals, 2209831 steps, improv/step: 0.018 (last = 0.0121), fitness=-1795480685.502590418
16715.18 secs, 2213476 evals, 2213819 steps, improv/step: 0.018 (last = 0.0158), fitness=-1795480685.503043652
16745.19 secs, 2217487 evals, 2217832 steps, improv/step: 0.018 (last = 0.0152), fitness=-1795480685.503590822
16775.20 secs, 2221325 evals, 2221670 steps, improv/step: 0.018 (last = 0.0151), fitness=-1795480685.504204750
16805.24 secs, 2225200 evals, 2225545 steps, improv/step: 0.018 (last = 0.0175), fitness=-1795480685.504376411
16835.24 secs, 2228953 evals, 2229299 steps, improv/step: 0.018 (last = 0.0165), fitness=-1795480685.504743099
16865.25 secs, 2232720 evals, 2233066 steps, improv/step: 0.018 (last = 0.0093), fitness=-1795480685.504798651
16895.25 secs, 2236584 evals, 2236930 steps, improv/step: 0.018 (last = 0.0124), fitness=-1795480685.505027771
16925.25 secs, 2240411 evals, 2240757 steps, improv/step: 0.018 (last = 0.0152), fitness=-1795480685.505567551
16955.25 secs, 2244309 evals, 2244656 steps, improv/step: 0.018 (last = 0.0113), fitness=-1795480685.505650282
16985.26 secs, 2248036 evals, 2248384 steps, improv/step: 0.018 (last = 0.0089), fitness=-1795480685.506083250
17015.27 secs, 2251899 evals, 2252248 steps, improv/step: 0.018 (last = 0.0145), fitness=-1795480685.506638527
17045.28 secs, 2255886 evals, 2256236 steps, improv/step: 0.018 (last = 0.0105), fitness=-1795480685.506928444
17075.28 secs, 2259539 evals, 2259892 steps, improv/step: 0.018 (last = 0.0137), fitness=-1795480685.507244825
17105.28 secs, 2263279 evals, 2263632 steps, improv/step: 0.018 (last = 0.0094), fitness=-1795480685.507833004
17135.29 secs, 2267064 evals, 2267417 steps, improv/step: 0.018 (last = 0.0111), fitness=-1795480685.507925034
17165.29 secs, 2270919 evals, 2271274 steps, improv/step: 0.018 (last = 0.0117), fitness=-1795480685.508125305
17195.29 secs, 2274778 evals, 2275134 steps, improv/step: 0.018 (last = 0.0135), fitness=-1795480685.508656263
17225.29 secs, 2278484 evals, 2278840 steps, improv/step: 0.018 (last = 0.0130), fitness=-1795480685.508879185
17255.30 secs, 2282252 evals, 2282609 steps, improv/step: 0.018 (last = 0.0109), fitness=-1795480685.509101391
17285.30 secs, 2286288 evals, 2286646 steps, improv/step: 0.018 (last = 0.0126), fitness=-1795480685.509139776
17315.30 secs, 2290125 evals, 2290485 steps, improv/step: 0.018 (last = 0.0138), fitness=-1795480685.509327650
17345.31 secs, 2293862 evals, 2294222 steps, improv/step: 0.018 (last = 0.0150), fitness=-1795480685.509778976
17375.31 secs, 2297597 evals, 2297957 steps, improv/step: 0.018 (last = 0.0142), fitness=-1795480685.510333300
17405.31 secs, 2301402 evals, 2301765 steps, improv/step: 0.018 (last = 0.0118), fitness=-1795480685.510767698
17435.57 secs, 2305154 evals, 2305519 steps, improv/step: 0.018 (last = 0.0149), fitness=-1795480685.511530161
17465.57 secs, 2308859 evals, 2309226 steps, improv/step: 0.018 (last = 0.0143), fitness=-1795480685.511530161
17495.58 secs, 2312660 evals, 2313027 steps, improv/step: 0.018 (last = 0.0137), fitness=-1795480685.511640549
17525.58 secs, 2316414 evals, 2316782 steps, improv/step: 0.018 (last = 0.0152), fitness=-1795480685.511899471
17555.58 secs, 2320091 evals, 2320460 steps, improv/step: 0.018 (last = 0.0147), fitness=-1795480685.512181759
17585.59 secs, 2323767 evals, 2324136 steps, improv/step: 0.018 (last = 0.0117), fitness=-1795480685.512680054
17615.59 secs, 2327382 evals, 2327751 steps, improv/step: 0.018 (last = 0.0149), fitness=-1795480685.514512300
17645.59 secs, 2331222 evals, 2331594 steps, improv/step: 0.018 (last = 0.0172), fitness=-1795480685.514756203
17675.65 secs, 2334979 evals, 2335351 steps, improv/step: 0.018 (last = 0.0138), fitness=-1795480685.516080141
17705.66 secs, 2338922 evals, 2339294 steps, improv/step: 0.018 (last = 0.0122), fitness=-1795480685.516080141
17735.66 secs, 2342956 evals, 2343331 steps, improv/step: 0.018 (last = 0.0144), fitness=-1795480685.516889572
17765.66 secs, 2347026 evals, 2347403 steps, improv/step: 0.018 (last = 0.0140), fitness=-1795480685.518711090
17795.67 secs, 2351068 evals, 2351445 steps, improv/step: 0.018 (last = 0.0119), fitness=-1795480685.518711090
17825.68 secs, 2354981 evals, 2355358 steps, improv/step: 0.018 (last = 0.0135), fitness=-1795480685.519649029
17855.68 secs, 2358871 evals, 2359249 steps, improv/step: 0.018 (last = 0.0136), fitness=-1795480685.520575047
17885.68 secs, 2362729 evals, 2363108 steps, improv/step: 0.018 (last = 0.0137), fitness=-1795480685.521773100
17915.69 secs, 2366488 evals, 2366867 steps, improv/step: 0.018 (last = 0.0141), fitness=-1795480685.522473097
17945.70 secs, 2370243 evals, 2370623 steps, improv/step: 0.018 (last = 0.0109), fitness=-1795480685.522763252
17975.71 secs, 2374059 evals, 2374440 steps, improv/step: 0.018 (last = 0.0123), fitness=-1795480685.523079634
18005.73 secs, 2377789 evals, 2378171 steps, improv/step: 0.018 (last = 0.0105), fitness=-1795480685.523895502
18035.73 secs, 2381644 evals, 2382030 steps, improv/step: 0.018 (last = 0.0111), fitness=-1795480685.525034428
18065.73 secs, 2385494 evals, 2385881 steps, improv/step: 0.018 (last = 0.0127), fitness=-1795480685.525881529
18095.74 secs, 2389333 evals, 2389722 steps, improv/step: 0.018 (last = 0.0164), fitness=-1795480685.525881529
18125.74 secs, 2393343 evals, 2393734 steps, improv/step: 0.018 (last = 0.0110), fitness=-1795480685.526514292
18155.74 secs, 2397224 evals, 2397617 steps, improv/step: 0.018 (last = 0.0175), fitness=-1795480685.527049541
18185.75 secs, 2400912 evals, 2401306 steps, improv/step: 0.018 (last = 0.0125), fitness=-1795480685.527168274
18215.76 secs, 2404620 evals, 2405015 steps, improv/step: 0.018 (last = 0.0159), fitness=-1795480685.527828693
18245.76 secs, 2408389 evals, 2408784 steps, improv/step: 0.018 (last = 0.0093), fitness=-1795480685.527900934
18275.78 secs, 2412051 evals, 2412449 steps, improv/step: 0.018 (last = 0.0142), fitness=-1795480685.528031826
18305.78 secs, 2415797 evals, 2416196 steps, improv/step: 0.018 (last = 0.0139), fitness=-1795480685.528353930
18335.79 secs, 2419610 evals, 2420009 steps, improv/step: 0.018 (last = 0.0110), fitness=-1795480685.528353930
18365.80 secs, 2423252 evals, 2423652 steps, improv/step: 0.018 (last = 0.0104), fitness=-1795480685.528466940
18395.80 secs, 2426969 evals, 2427370 steps, improv/step: 0.018 (last = 0.0164), fitness=-1795480685.528830290
18425.80 secs, 2430839 evals, 2431240 steps, improv/step: 0.018 (last = 0.0168), fitness=-1795480685.529375553
18455.81 secs, 2434682 evals, 2435086 steps, improv/step: 0.018 (last = 0.0143), fitness=-1795480685.530001163
18485.87 secs, 2438412 evals, 2438816 steps, improv/step: 0.018 (last = 0.0292), fitness=-1795480685.530709982
18515.88 secs, 2442298 evals, 2442702 steps, improv/step: 0.018 (last = 0.0306), fitness=-1795480685.531465769
18545.88 secs, 2446249 evals, 2446653 steps, improv/step: 0.018 (last = 0.0314), fitness=-1795480685.531724453
18575.88 secs, 2450198 evals, 2450605 steps, improv/step: 0.018 (last = 0.0223), fitness=-1795480685.532121658
18605.89 secs, 2453955 evals, 2454363 steps, improv/step: 0.018 (last = 0.0152), fitness=-1795480685.532397270
18635.89 secs, 2457632 evals, 2458041 steps, improv/step: 0.018 (last = 0.0185), fitness=-1795480685.532701254
18665.89 secs, 2461286 evals, 2461695 steps, improv/step: 0.018 (last = 0.0186), fitness=-1795480685.532885551
18695.99 secs, 2465082 evals, 2465491 steps, improv/step: 0.018 (last = 0.0211), fitness=-1795480685.533101320
18725.99 secs, 2468889 evals, 2469298 steps, improv/step: 0.018 (last = 0.0144), fitness=-1795480685.533192635
18755.99 secs, 2472667 evals, 2473076 steps, improv/step: 0.018 (last = 0.0177), fitness=-1795480685.533334732
18786.00 secs, 2476497 evals, 2476907 steps, improv/step: 0.018 (last = 0.0117), fitness=-1795480685.533411980
18816.00 secs, 2480426 evals, 2480837 steps, improv/step: 0.018 (last = 0.0137), fitness=-1795480685.533488035
18846.07 secs, 2484542 evals, 2484954 steps, improv/step: 0.018 (last = 0.0238), fitness=-1795480685.533750296
18876.07 secs, 2488696 evals, 2489110 steps, improv/step: 0.018 (last = 0.0188), fitness=-1795480685.533803463
18906.07 secs, 2492670 evals, 2493084 steps, improv/step: 0.018 (last = 0.0184), fitness=-1795480685.533918619
18936.08 secs, 2496781 evals, 2497195 steps, improv/step: 0.018 (last = 0.0204), fitness=-1795480685.534050465

Optimization stopped after 2500415 steps and 18959.72 seconds
Termination reason: Max number of function evaluations (2500000) reached
Steps per second = 131.88
Function evals per second = 131.86
Improvements/step = Inf
Total function evaluations = 2500001


Best candidate found: [93.7538, 79.159, 15.4629, 4.95271, 1328.59, 86.1451, 107.733, 115.124, 5.30369, 1368.74, 4.56346e-5, 0.000456583, 0.00456519, 0.466539, 0.466678]

Fitness: -1795480685.534050465

-1.7954806855341375e9

[93.75377779338905, 79.15896138528593, 15.462856683889255, 4.9527139343034365, 1328.5949130910597, 86.14512752738985, 107.73289796013466, 115.12383676015854, 5.303716177642997, 1368.735460881457, 4.5635088867404706e-5, 0.0004565841191951789, 0.00456519343053985, 0.46653879585412356, 0.4666784810761101]

Script has finished
Wed Dec 22 01:33:47 CET 2021

------------------------------------------------------------
Sender: LSF System <schwan@makalu192>
Subject: Job 576401: <Julia_Job_parallel> in cluster <wuerfel> Done

Job <Julia_Job_parallel> was submitted from host <makalu56> by user <magr4985> in cluster <wuerfel> at Tue Dec 21 19:54:41 2021
Job was executed on host(s) <makalu192>, in queue <BatchXL>, as user <magr4985> in cluster <wuerfel> at Tue Dec 21 20:13:58 2021
</usr/scratch4/magr4985> was used as the home directory.
</usr/scratch4/magr4985/TRPL/BatchJobs/syn_data_4/Run13> was used as the working directory.
Started at Tue Dec 21 20:13:58 2021
Terminated at Wed Dec 22 01:33:47 2021
Results reported at Wed Dec 22 01:33:47 2021

Your job looked like:

------------------------------------------------------------
# LSBATCH: User input
#!/bin/csh 
#BSUB -q BatchXL 
#BSUB -R "mem > 8000 span[hosts=1] && intel_avx2" 
#BSUB -oo lsf_julia_%J.log 
#BSUB -eo lsf_julia_%J.err 
#BSUB -J Julia_Job_parallel 
#BSUB -L /bin/csh 
#BSUB -n 1 
date 
pwd 
module purge 
/usr/scratch4/magr4985/julia-1.6.2/bin/julia -t 4 /usr/scratch4/magr4985/TRPL/Programs/trpl_analysis_syn.jl 4 2500000 1 /usr/scratch4/magr4985/TRPL/BatchJobs/syn_data_4/Run13 1.0e-14 3600 "[1.0, 1.0, 1.0, 1.0, 1.0, 1.0, 1.0, 1.0, 1.0, 1.0, 1.0e-6, 1.0e-6, 1.0e-6, 1.0e-6, 1.0e-6, 1.0e-6, 1.0e-6, 1.0e-6, 1.0e-6, 1.0e-6]" "[5000.0, 5000.0, 1000.0, 1000.0, 1.0e9, 1000.0, 10000.0, 10000.0, 1000.0, 1.0e6, 1.0, 1.0, 1.0, 1.0, 1.0, 1.0, 1.0, 1.0, 1.0, 1.0]" 
date
------------------------------------------------------------

Successfully completed.

Resource usage summary:

    CPU time :                                   33076.00 sec.
    Max Memory :                                 2113.53 MB
    Average Memory :                             1202.79 MB
    Total Requested Memory :                     -
    Delta Memory :                               -
    Max Swap :                                   128 KB
    Max Processes :                              4
    Max Threads :                                12
    Run time :                                   19188 sec.
    Turnaround time :                            20346 sec.

The output (if any) is above this job summary.



PS:

Read file <lsf_julia_576401.err> for stderr output of this job.

