Warning: no access to tty (Bad file descriptor).
Thus no job control in this shell.
Warning: no access to tty (Bad file descriptor).
Thus no job control in this shell.
Sat Dec 18 15:38:07 CET 2021
/usr/scratch4/magr4985/TRPL/BatchJobs/C2702_hzb/Run14
# Thread: 4
7661234104811613906 RNG Seed
Run 1
Starting optimization with optimizer DiffEvoOpt{FitPopulation{Float64}, RadiusLimitedSelector, BlackBoxOptim.DiffEvoRandBin{3}, RandomBound{ContinuousRectSearchSpace}}
0.00 secs, 0 evals, 0 steps
30.01 secs, 3131 evals, 3016 steps, improv/step: 0.331 (last = 0.3309), fitness=-264399171.385599375
60.01 secs, 6338 evals, 6223 steps, improv/step: 0.289 (last = 0.2491), fitness=-284525639.786168516
90.05 secs, 9670 evals, 9555 steps, improv/step: 0.243 (last = 0.1567), fitness=-286489003.366623223
120.05 secs, 13219 evals, 13104 steps, improv/step: 0.211 (last = 0.1268), fitness=-287003829.322481513
150.05 secs, 16785 evals, 16670 steps, improv/step: 0.187 (last = 0.0962), fitness=-287130019.992062032
180.05 secs, 20222 evals, 20107 steps, improv/step: 0.166 (last = 0.0646), fitness=-287160584.517931283
210.06 secs, 23650 evals, 23535 steps, improv/step: 0.153 (last = 0.0747), fitness=-287172201.327845335
240.06 secs, 27085 evals, 26970 steps, improv/step: 0.144 (last = 0.0850), fitness=-287181878.132179201
270.11 secs, 30390 evals, 30275 steps, improv/step: 0.139 (last = 0.1032), fitness=-287187534.613996923
300.12 secs, 33772 evals, 33657 steps, improv/step: 0.134 (last = 0.0807), fitness=-287189364.334311366
330.12 secs, 37016 evals, 36902 steps, improv/step: 0.128 (last = 0.0666), fitness=-287190320.012698948
360.13 secs, 40234 evals, 40120 steps, improv/step: 0.123 (last = 0.0705), fitness=-287190642.972447276
390.19 secs, 43449 evals, 43335 steps, improv/step: 0.119 (last = 0.0700), fitness=-287191247.477926254
420.19 secs, 46615 evals, 46501 steps, improv/step: 0.116 (last = 0.0774), fitness=-287191484.348674297
450.20 secs, 49789 evals, 49675 steps, improv/step: 0.114 (last = 0.0803), fitness=-287192010.194105446
480.20 secs, 53027 evals, 52914 steps, improv/step: 0.113 (last = 0.0926), fitness=-287192862.585820854
510.21 secs, 56197 evals, 56084 steps, improv/step: 0.111 (last = 0.0763), fitness=-287193643.309102833
540.27 secs, 59350 evals, 59237 steps, improv/step: 0.109 (last = 0.0825), fitness=-287194703.252893567
570.27 secs, 62605 evals, 62492 steps, improv/step: 0.109 (last = 0.1014), fitness=-287196511.023975253
600.28 secs, 65890 evals, 65777 steps, improv/step: 0.107 (last = 0.0709), fitness=-287197862.434673071
630.28 secs, 69233 evals, 69120 steps, improv/step: 0.105 (last = 0.0682), fitness=-287198968.328199744
660.29 secs, 72501 evals, 72388 steps, improv/step: 0.103 (last = 0.0661), fitness=-287200102.248772144
690.29 secs, 75841 evals, 75728 steps, improv/step: 0.102 (last = 0.0692), fitness=-287200953.657739937
720.30 secs, 79037 evals, 78924 steps, improv/step: 0.101 (last = 0.0760), fitness=-287201533.318586588
750.30 secs, 82416 evals, 82303 steps, improv/step: 0.099 (last = 0.0666), fitness=-287201754.715909541
780.30 secs, 85763 evals, 85650 steps, improv/step: 0.097 (last = 0.0508), fitness=-287201840.513482928
810.31 secs, 89031 evals, 88918 steps, improv/step: 0.096 (last = 0.0474), fitness=-287201888.211840332
840.31 secs, 92315 evals, 92202 steps, improv/step: 0.094 (last = 0.0432), fitness=-287201909.108989000
870.31 secs, 95495 evals, 95382 steps, improv/step: 0.092 (last = 0.0431), fitness=-287201941.651225567
900.31 secs, 98796 evals, 98683 steps, improv/step: 0.090 (last = 0.0285), fitness=-287201958.779583216
930.39 secs, 102019 evals, 101907 steps, improv/step: 0.088 (last = 0.0323), fitness=-287201962.187129617
960.40 secs, 105320 evals, 105209 steps, improv/step: 0.086 (last = 0.0366), fitness=-287202030.601208985
990.45 secs, 108548 evals, 108437 steps, improv/step: 0.085 (last = 0.0384), fitness=-287202037.098515272
1020.46 secs, 111828 evals, 111717 steps, improv/step: 0.084 (last = 0.0375), fitness=-287202038.150239170
1050.46 secs, 115334 evals, 115223 steps, improv/step: 0.083 (last = 0.0542), fitness=-287202052.981534541
1080.47 secs, 118987 evals, 118876 steps, improv/step: 0.083 (last = 0.0769), fitness=-287202058.788437009
1110.47 secs, 122529 evals, 122418 steps, improv/step: 0.081 (last = 0.0463), fitness=-287202060.573419273
1140.51 secs, 125989 evals, 125878 steps, improv/step: 0.080 (last = 0.0408), fitness=-287202061.192116141
1170.51 secs, 129608 evals, 129497 steps, improv/step: 0.079 (last = 0.0384), fitness=-287202061.520140767
1200.62 secs, 133338 evals, 133227 steps, improv/step: 0.078 (last = 0.0397), fitness=-287202061.744819045
1230.62 secs, 136991 evals, 136881 steps, improv/step: 0.077 (last = 0.0367), fitness=-287202061.855076611
1260.62 secs, 140829 evals, 140721 steps, improv/step: 0.076 (last = 0.0294), fitness=-287202061.951970220
1290.62 secs, 144459 evals, 144351 steps, improv/step: 0.075 (last = 0.0292), fitness=-287202061.958075881
1320.63 secs, 148149 evals, 148041 steps, improv/step: 0.073 (last = 0.0263), fitness=-287202061.972020090
1350.63 secs, 151644 evals, 151536 steps, improv/step: 0.072 (last = 0.0283), fitness=-287202061.984130442
1380.64 secs, 155094 evals, 154987 steps, improv/step: 0.071 (last = 0.0255), fitness=-287202061.994901061
1410.64 secs, 158616 evals, 158510 steps, improv/step: 0.070 (last = 0.0270), fitness=-287202061.998687983
1440.65 secs, 162123 evals, 162017 steps, improv/step: 0.070 (last = 0.0391), fitness=-287202062.009075820
1470.65 secs, 165999 evals, 165893 steps, improv/step: 0.069 (last = 0.0330), fitness=-287202062.023481607
1500.65 secs, 169612 evals, 169506 steps, improv/step: 0.068 (last = 0.0291), fitness=-287202062.030668914
1530.66 secs, 173159 evals, 173053 steps, improv/step: 0.067 (last = 0.0361), fitness=-287202062.032533288
1560.66 secs, 176684 evals, 176578 steps, improv/step: 0.067 (last = 0.0338), fitness=-287202062.040694535
1590.66 secs, 180332 evals, 180226 steps, improv/step: 0.066 (last = 0.0277), fitness=-287202062.045926988
1620.67 secs, 183889 evals, 183783 steps, improv/step: 0.065 (last = 0.0247), fitness=-287202062.049223423
1650.67 secs, 187654 evals, 187548 steps, improv/step: 0.064 (last = 0.0244), fitness=-287202062.051860809
1680.67 secs, 191416 evals, 191310 steps, improv/step: 0.063 (last = 0.0300), fitness=-287202062.062510967
1710.67 secs, 194996 evals, 194890 steps, improv/step: 0.063 (last = 0.0458), fitness=-287202062.071874261
1740.67 secs, 198570 evals, 198464 steps, improv/step: 0.063 (last = 0.0434), fitness=-287202062.078111529
1770.68 secs, 202198 evals, 202092 steps, improv/step: 0.063 (last = 0.0485), fitness=-287202062.086610436
1800.69 secs, 205648 evals, 205542 steps, improv/step: 0.062 (last = 0.0339), fitness=-287202062.094339013
1830.69 secs, 209117 evals, 209012 steps, improv/step: 0.062 (last = 0.0441), fitness=-287202062.111555398
1860.70 secs, 212730 evals, 212626 steps, improv/step: 0.061 (last = 0.0371), fitness=-287202062.126114368
1890.78 secs, 216207 evals, 216104 steps, improv/step: 0.061 (last = 0.0377), fitness=-287202062.139175057
1920.78 secs, 219870 evals, 219768 steps, improv/step: 0.061 (last = 0.0363), fitness=-287202062.152395606
1950.78 secs, 223568 evals, 223466 steps, improv/step: 0.060 (last = 0.0279), fitness=-287202062.159885347
1980.79 secs, 227310 evals, 227208 steps, improv/step: 0.059 (last = 0.0254), fitness=-287202062.166074514
2010.79 secs, 230991 evals, 230890 steps, improv/step: 0.059 (last = 0.0315), fitness=-287202062.170134068
2040.79 secs, 234675 evals, 234574 steps, improv/step: 0.059 (last = 0.0375), fitness=-287202062.182636559
2070.88 secs, 238426 evals, 238325 steps, improv/step: 0.059 (last = 0.0483), fitness=-287202062.197294593
2100.88 secs, 242148 evals, 242047 steps, improv/step: 0.058 (last = 0.0376), fitness=-287202062.217922509
2130.88 secs, 245846 evals, 245746 steps, improv/step: 0.058 (last = 0.0381), fitness=-287202062.222086310
2160.89 secs, 249521 evals, 249422 steps, improv/step: 0.057 (last = 0.0277), fitness=-287202062.243247569
2190.89 secs, 253181 evals, 253082 steps, improv/step: 0.057 (last = 0.0205), fitness=-287202062.248666644
2220.90 secs, 256856 evals, 256758 steps, improv/step: 0.056 (last = 0.0283), fitness=-287202062.265910327
2250.90 secs, 260469 evals, 260372 steps, improv/step: 0.056 (last = 0.0224), fitness=-287202062.299984336
2280.90 secs, 264059 evals, 263962 steps, improv/step: 0.056 (last = 0.0181), fitness=-287202062.302910447
2310.91 secs, 267670 evals, 267573 steps, improv/step: 0.055 (last = 0.0246), fitness=-287202062.336908460
2340.91 secs, 271421 evals, 271324 steps, improv/step: 0.055 (last = 0.0256), fitness=-287202062.376462340
2370.91 secs, 275094 evals, 274998 steps, improv/step: 0.054 (last = 0.0250), fitness=-287202062.394953787
2400.91 secs, 278671 evals, 278576 steps, improv/step: 0.054 (last = 0.0243), fitness=-287202062.410494924
2431.01 secs, 282311 evals, 282216 steps, improv/step: 0.054 (last = 0.0255), fitness=-287202062.451596856
2461.02 secs, 286062 evals, 285967 steps, improv/step: 0.053 (last = 0.0181), fitness=-287202062.456867814
2491.02 secs, 289737 evals, 289642 steps, improv/step: 0.053 (last = 0.0199), fitness=-287202062.495265365
2521.03 secs, 293219 evals, 293125 steps, improv/step: 0.052 (last = 0.0181), fitness=-287202062.511207819
2551.03 secs, 296822 evals, 296728 steps, improv/step: 0.052 (last = 0.0233), fitness=-287202062.543702841
2581.03 secs, 300517 evals, 300423 steps, improv/step: 0.052 (last = 0.0211), fitness=-287202062.575863361
2611.03 secs, 304300 evals, 304207 steps, improv/step: 0.051 (last = 0.0209), fitness=-287202062.599328220
2641.03 secs, 307632 evals, 307540 steps, improv/step: 0.051 (last = 0.0168), fitness=-287202062.622365117
2671.04 secs, 310872 evals, 310781 steps, improv/step: 0.050 (last = 0.0197), fitness=-287202062.649839520
2701.04 secs, 314162 evals, 314072 steps, improv/step: 0.050 (last = 0.0143), fitness=-287202062.670003295
2731.04 secs, 317468 evals, 317379 steps, improv/step: 0.050 (last = 0.0157), fitness=-287202062.706167519
2761.12 secs, 320863 evals, 320775 steps, improv/step: 0.049 (last = 0.0141), fitness=-287202062.746479869
2791.12 secs, 324239 evals, 324151 steps, improv/step: 0.049 (last = 0.0118), fitness=-287202062.774950385
2821.13 secs, 327747 evals, 327660 steps, improv/step: 0.049 (last = 0.0194), fitness=-287202062.815093517
2851.13 secs, 331260 evals, 331173 steps, improv/step: 0.048 (last = 0.0145), fitness=-287202062.849557519
2881.14 secs, 334723 evals, 334636 steps, improv/step: 0.048 (last = 0.0127), fitness=-287202062.871932507
2911.14 secs, 338481 evals, 338394 steps, improv/step: 0.048 (last = 0.0181), fitness=-287202062.930021524
2941.14 secs, 342072 evals, 341986 steps, improv/step: 0.047 (last = 0.0167), fitness=-287202062.930021524
2971.15 secs, 345692 evals, 345608 steps, improv/step: 0.047 (last = 0.0160), fitness=-287202062.944003582
3001.19 secs, 349316 evals, 349232 steps, improv/step: 0.047 (last = 0.0121), fitness=-287202062.981675744
3031.20 secs, 353024 evals, 352941 steps, improv/step: 0.046 (last = 0.0105), fitness=-287202063.001369476
3061.20 secs, 356367 evals, 356285 steps, improv/step: 0.046 (last = 0.0156), fitness=-287202063.011056662
3091.35 secs, 359642 evals, 359560 steps, improv/step: 0.046 (last = 0.0134), fitness=-287202063.020918489
3121.36 secs, 363489 evals, 363409 steps, improv/step: 0.045 (last = 0.0223), fitness=-287202063.235859931
3151.36 secs, 367124 evals, 367045 steps, improv/step: 0.045 (last = 0.0165), fitness=-287202063.266542673
3181.37 secs, 371045 evals, 370969 steps, improv/step: 0.045 (last = 0.0145), fitness=-287202063.266542673
3211.37 secs, 374765 evals, 374689 steps, improv/step: 0.044 (last = 0.0132), fitness=-287202063.405331969
3241.37 secs, 378503 evals, 378430 steps, improv/step: 0.044 (last = 0.0166), fitness=-287202063.405436039
3271.37 secs, 382035 evals, 381963 steps, improv/step: 0.044 (last = 0.0173), fitness=-287202063.541885495
3301.37 secs, 386028 evals, 385956 steps, improv/step: 0.044 (last = 0.0155), fitness=-287202063.768501580
3331.45 secs, 389774 evals, 389702 steps, improv/step: 0.043 (last = 0.0152), fitness=-287202063.838589072
3361.45 secs, 393358 evals, 393286 steps, improv/step: 0.043 (last = 0.0145), fitness=-287202063.901662588
3391.45 secs, 397287 evals, 397215 steps, improv/step: 0.043 (last = 0.0120), fitness=-287202064.047801554
3421.46 secs, 400967 evals, 400895 steps, improv/step: 0.042 (last = 0.0117), fitness=-287202064.074141920
3451.46 secs, 404713 evals, 404641 steps, improv/step: 0.042 (last = 0.0147), fitness=-287202064.245860040
3481.46 secs, 408436 evals, 408366 steps, improv/step: 0.042 (last = 0.0126), fitness=-287202064.245860040
3511.63 secs, 411825 evals, 411756 steps, improv/step: 0.042 (last = 0.0139), fitness=-287202064.422527671
3541.63 secs, 415225 evals, 415157 steps, improv/step: 0.041 (last = 0.0118), fitness=-287202064.514630020
3571.63 secs, 418589 evals, 418522 steps, improv/step: 0.041 (last = 0.0149), fitness=-287202064.580310941
3601.64 secs, 422208 evals, 422142 steps, improv/step: 0.041 (last = 0.0130), fitness=-287202064.657576084
3631.64 secs, 425775 evals, 425709 steps, improv/step: 0.041 (last = 0.0115), fitness=-287202064.810460806
3661.64 secs, 429368 evals, 429302 steps, improv/step: 0.041 (last = 0.0117), fitness=-287202064.893755913
3691.65 secs, 432799 evals, 432733 steps, improv/step: 0.040 (last = 0.0122), fitness=-287202064.942112803
3721.65 secs, 436441 evals, 436375 steps, improv/step: 0.040 (last = 0.0099), fitness=-287202064.986767590
3751.65 secs, 440055 evals, 439989 steps, improv/step: 0.040 (last = 0.0130), fitness=-287202065.036853909
3781.65 secs, 443666 evals, 443600 steps, improv/step: 0.040 (last = 0.0119), fitness=-287202065.046994448
3811.65 secs, 447115 evals, 447049 steps, improv/step: 0.039 (last = 0.0119), fitness=-287202065.046994448
3841.65 secs, 450944 evals, 450878 steps, improv/step: 0.039 (last = 0.0136), fitness=-287202065.158840120
3871.84 secs, 454511 evals, 454445 steps, improv/step: 0.039 (last = 0.0126), fitness=-287202065.218828738
3901.84 secs, 457901 evals, 457837 steps, improv/step: 0.039 (last = 0.0112), fitness=-287202065.302360892
3931.84 secs, 461428 evals, 461365 steps, improv/step: 0.039 (last = 0.0133), fitness=-287202065.302360892
3961.84 secs, 465090 evals, 465027 steps, improv/step: 0.038 (last = 0.0147), fitness=-287202065.424784541
3991.85 secs, 468728 evals, 468665 steps, improv/step: 0.038 (last = 0.0121), fitness=-287202065.424784541
4021.85 secs, 472394 evals, 472331 steps, improv/step: 0.038 (last = 0.0175), fitness=-287202065.509438753
4051.85 secs, 476102 evals, 476039 steps, improv/step: 0.038 (last = 0.0200), fitness=-287202065.546139896
4081.86 secs, 479662 evals, 479599 steps, improv/step: 0.038 (last = 0.0154), fitness=-287202065.635321081
4111.97 secs, 483235 evals, 483172 steps, improv/step: 0.038 (last = 0.0179), fitness=-287202065.643444479
4141.97 secs, 486841 evals, 486778 steps, improv/step: 0.037 (last = 0.0153), fitness=-287202065.674891412
4171.97 secs, 490410 evals, 490347 steps, improv/step: 0.037 (last = 0.0126), fitness=-287202065.696122825
4201.98 secs, 494049 evals, 493986 steps, improv/step: 0.037 (last = 0.0115), fitness=-287202065.707573950
4231.98 secs, 497722 evals, 497659 steps, improv/step: 0.037 (last = 0.0147), fitness=-287202065.744886398
4261.99 secs, 501277 evals, 501214 steps, improv/step: 0.037 (last = 0.0121), fitness=-287202065.832998157
4291.99 secs, 504898 evals, 504835 steps, improv/step: 0.036 (last = 0.0124), fitness=-287202065.850746393
4321.99 secs, 508458 evals, 508397 steps, improv/step: 0.036 (last = 0.0160), fitness=-287202065.909458876
4352.00 secs, 512090 evals, 512030 steps, improv/step: 0.036 (last = 0.0162), fitness=-287202066.018349469
4382.00 secs, 515755 evals, 515697 steps, improv/step: 0.036 (last = 0.0095), fitness=-287202066.168590426
4412.01 secs, 519320 evals, 519263 steps, improv/step: 0.036 (last = 0.0140), fitness=-287202066.278611779
4442.02 secs, 522908 evals, 522852 steps, improv/step: 0.036 (last = 0.0145), fitness=-287202066.278611779
4472.02 secs, 526517 evals, 526461 steps, improv/step: 0.036 (last = 0.0155), fitness=-287202066.423380554
4502.03 secs, 530228 evals, 530173 steps, improv/step: 0.035 (last = 0.0151), fitness=-287202066.423380554
4532.03 secs, 533773 evals, 533720 steps, improv/step: 0.035 (last = 0.0152), fitness=-287202066.425605118
4562.04 secs, 537328 evals, 537276 steps, improv/step: 0.035 (last = 0.0141), fitness=-287202066.456423998
4592.04 secs, 540909 evals, 540859 steps, improv/step: 0.035 (last = 0.0148), fitness=-287202066.498728514
4622.04 secs, 544556 evals, 544506 steps, improv/step: 0.035 (last = 0.0151), fitness=-287202066.650040746
4652.04 secs, 548163 evals, 548113 steps, improv/step: 0.035 (last = 0.0130), fitness=-287202066.686531305
4682.05 secs, 551750 evals, 551700 steps, improv/step: 0.035 (last = 0.0145), fitness=-287202066.848760486
4712.05 secs, 555356 evals, 555309 steps, improv/step: 0.034 (last = 0.0108), fitness=-287202066.900874257
4742.05 secs, 558892 evals, 558846 steps, improv/step: 0.034 (last = 0.0096), fitness=-287202066.900874257
4772.06 secs, 562493 evals, 562447 steps, improv/step: 0.034 (last = 0.0144), fitness=-287202067.137845814
4802.25 secs, 566118 evals, 566073 steps, improv/step: 0.034 (last = 0.0132), fitness=-287202067.195865214
4832.26 secs, 569777 evals, 569732 steps, improv/step: 0.034 (last = 0.0118), fitness=-287202067.322015166
4862.26 secs, 573506 evals, 573461 steps, improv/step: 0.034 (last = 0.0113), fitness=-287202067.423203588
4892.26 secs, 577219 evals, 577175 steps, improv/step: 0.034 (last = 0.0105), fitness=-287202067.490496218
4922.27 secs, 580899 evals, 580857 steps, improv/step: 0.033 (last = 0.0122), fitness=-287202067.615796864
4952.27 secs, 584579 evals, 584538 steps, improv/step: 0.033 (last = 0.0133), fitness=-287202067.735251307
4982.32 secs, 588158 evals, 588118 steps, improv/step: 0.033 (last = 0.0128), fitness=-287202067.772268414
5012.32 secs, 591739 evals, 591699 steps, improv/step: 0.033 (last = 0.0131), fitness=-287202067.907149255
5042.32 secs, 595213 evals, 595173 steps, improv/step: 0.033 (last = 0.0101), fitness=-287202067.907149255
5072.33 secs, 598829 evals, 598789 steps, improv/step: 0.033 (last = 0.0122), fitness=-287202067.998300493
5102.33 secs, 602443 evals, 602405 steps, improv/step: 0.033 (last = 0.0108), fitness=-287202068.070495367
5132.42 secs, 606062 evals, 606026 steps, improv/step: 0.033 (last = 0.0108), fitness=-287202068.159104347
5162.42 secs, 609807 evals, 609771 steps, improv/step: 0.032 (last = 0.0083), fitness=-287202068.294231772
5192.43 secs, 613333 evals, 613300 steps, improv/step: 0.032 (last = 0.0145), fitness=-287202068.668393493
5222.43 secs, 617003 evals, 616970 steps, improv/step: 0.032 (last = 0.0123), fitness=-287202068.722085297
5252.43 secs, 620560 evals, 620528 steps, improv/step: 0.032 (last = 0.0132), fitness=-287202068.780072987
5282.44 secs, 624121 evals, 624089 steps, improv/step: 0.032 (last = 0.0104), fitness=-287202068.868369699
5312.44 secs, 627752 evals, 627720 steps, improv/step: 0.032 (last = 0.0138), fitness=-287202069.030895352
5342.44 secs, 631260 evals, 631229 steps, improv/step: 0.032 (last = 0.0111), fitness=-287202069.061802566
5372.45 secs, 634870 evals, 634842 steps, improv/step: 0.032 (last = 0.0108), fitness=-287202069.131786883
5402.45 secs, 638475 evals, 638447 steps, improv/step: 0.032 (last = 0.0119), fitness=-287202069.267332435
5432.46 secs, 642067 evals, 642039 steps, improv/step: 0.031 (last = 0.0136), fitness=-287202069.452701867
5462.46 secs, 645625 evals, 645597 steps, improv/step: 0.031 (last = 0.0129), fitness=-287202069.452701867
5492.47 secs, 649252 evals, 649224 steps, improv/step: 0.031 (last = 0.0108), fitness=-287202069.526630580
5522.47 secs, 652736 evals, 652708 steps, improv/step: 0.031 (last = 0.0121), fitness=-287202069.541773438
5552.47 secs, 656287 evals, 656259 steps, improv/step: 0.031 (last = 0.0113), fitness=-287202069.618482471
5582.47 secs, 659861 evals, 659834 steps, improv/step: 0.031 (last = 0.0182), fitness=-287202069.723219514
5612.47 secs, 663440 evals, 663413 steps, improv/step: 0.031 (last = 0.0131), fitness=-287202069.762997746
5642.47 secs, 667110 evals, 667084 steps, improv/step: 0.031 (last = 0.0125), fitness=-287202069.804627061
5672.48 secs, 670686 evals, 670660 steps, improv/step: 0.031 (last = 0.0115), fitness=-287202069.879615664
5702.59 secs, 674171 evals, 674146 steps, improv/step: 0.031 (last = 0.0146), fitness=-287202069.999416828
5732.60 secs, 677688 evals, 677664 steps, improv/step: 0.030 (last = 0.0122), fitness=-287202070.013982177
5762.73 secs, 681237 evals, 681213 steps, improv/step: 0.030 (last = 0.0127), fitness=-287202070.090162933
5792.73 secs, 684757 evals, 684733 steps, improv/step: 0.030 (last = 0.0156), fitness=-287202070.147920072
5822.73 secs, 688393 evals, 688370 steps, improv/step: 0.030 (last = 0.0121), fitness=-287202070.153437197
5852.74 secs, 691937 evals, 691915 steps, improv/step: 0.030 (last = 0.0181), fitness=-287202070.208426356
5882.74 secs, 695541 evals, 695519 steps, improv/step: 0.030 (last = 0.0158), fitness=-287202070.213144600
5912.74 secs, 699071 evals, 699050 steps, improv/step: 0.030 (last = 0.0178), fitness=-287202070.270071983
5942.75 secs, 702498 evals, 702477 steps, improv/step: 0.030 (last = 0.0190), fitness=-287202070.284413576
5972.75 secs, 705954 evals, 705936 steps, improv/step: 0.030 (last = 0.0197), fitness=-287202070.359096527
6002.76 secs, 709258 evals, 709240 steps, improv/step: 0.030 (last = 0.0197), fitness=-287202070.359096527
6032.76 secs, 712844 evals, 712826 steps, improv/step: 0.030 (last = 0.0145), fitness=-287202070.378300130
6062.76 secs, 716284 evals, 716267 steps, improv/step: 0.030 (last = 0.0151), fitness=-287202070.398673654
6092.77 secs, 719670 evals, 719653 steps, improv/step: 0.030 (last = 0.0124), fitness=-287202070.421398044
6122.77 secs, 722883 evals, 722868 steps, improv/step: 0.030 (last = 0.0199), fitness=-287202070.458939970
6152.78 secs, 726392 evals, 726379 steps, improv/step: 0.030 (last = 0.0205), fitness=-287202070.467186332
6182.91 secs, 729872 evals, 729860 steps, improv/step: 0.029 (last = 0.0236), fitness=-287202070.486568809
6212.92 secs, 733196 evals, 733184 steps, improv/step: 0.029 (last = 0.0190), fitness=-287202070.505155027
6242.92 secs, 736648 evals, 736637 steps, improv/step: 0.029 (last = 0.0229), fitness=-287202070.535308480
6272.93 secs, 740161 evals, 740152 steps, improv/step: 0.029 (last = 0.0284), fitness=-287202070.555039227
6303.09 secs, 743565 evals, 743557 steps, improv/step: 0.029 (last = 0.0188), fitness=-287202070.573965967
6333.09 secs, 746802 evals, 746794 steps, improv/step: 0.029 (last = 0.0201), fitness=-287202070.594925404
6363.10 secs, 750468 evals, 750460 steps, improv/step: 0.029 (last = 0.0210), fitness=-287202070.637054443
6393.10 secs, 754098 evals, 754091 steps, improv/step: 0.029 (last = 0.0240), fitness=-287202070.668027043
6423.10 secs, 757767 evals, 757760 steps, improv/step: 0.029 (last = 0.0240), fitness=-287202070.681352019
6453.11 secs, 761248 evals, 761241 steps, improv/step: 0.029 (last = 0.0330), fitness=-287202070.768842816
6483.11 secs, 764861 evals, 764855 steps, improv/step: 0.029 (last = 0.0279), fitness=-287202070.784473419
6513.12 secs, 768425 evals, 768422 steps, improv/step: 0.029 (last = 0.0294), fitness=-287202070.816881955
6543.12 secs, 772085 evals, 772082 steps, improv/step: 0.029 (last = 0.0273), fitness=-287202070.846486688
6573.12 secs, 775611 evals, 775610 steps, improv/step: 0.029 (last = 0.0244), fitness=-287202070.931575835
6603.23 secs, 779169 evals, 779169 steps, improv/step: 0.029 (last = 0.0129), fitness=-287202070.938723683
6633.23 secs, 782658 evals, 782660 steps, improv/step: 0.029 (last = 0.0169), fitness=-287202070.939166784
6663.24 secs, 786189 evals, 786191 steps, improv/step: 0.029 (last = 0.0153), fitness=-287202071.012765825
6693.24 secs, 789990 evals, 789992 steps, improv/step: 0.029 (last = 0.0132), fitness=-287202071.015969217
6723.49 secs, 793637 evals, 793639 steps, improv/step: 0.029 (last = 0.0186), fitness=-287202071.108251154
6753.49 secs, 797206 evals, 797208 steps, improv/step: 0.029 (last = 0.0174), fitness=-287202071.156762123
6783.49 secs, 800958 evals, 800962 steps, improv/step: 0.029 (last = 0.0123), fitness=-287202071.195932209
6813.50 secs, 804443 evals, 804447 steps, improv/step: 0.029 (last = 0.0149), fitness=-287202071.327958107
6843.50 secs, 807989 evals, 807993 steps, improv/step: 0.029 (last = 0.0135), fitness=-287202071.456715226
6873.56 secs, 811471 evals, 811475 steps, improv/step: 0.029 (last = 0.0164), fitness=-287202071.510238171
6903.57 secs, 815125 evals, 815130 steps, improv/step: 0.029 (last = 0.0134), fitness=-287202071.603583455
6933.57 secs, 818737 evals, 818742 steps, improv/step: 0.028 (last = 0.0138), fitness=-287202071.603583455
6963.57 secs, 822305 evals, 822311 steps, improv/step: 0.028 (last = 0.0095), fitness=-287202071.654103398
6993.57 secs, 825847 evals, 825853 steps, improv/step: 0.028 (last = 0.0113), fitness=-287202071.680428982
7023.71 secs, 829462 evals, 829469 steps, improv/step: 0.028 (last = 0.0144), fitness=-287202071.773871839
7053.72 secs, 833181 evals, 833189 steps, improv/step: 0.028 (last = 0.0116), fitness=-287202071.856820941
7083.72 secs, 836816 evals, 836825 steps, improv/step: 0.028 (last = 0.0118), fitness=-287202072.150525331
7113.72 secs, 840590 evals, 840600 steps, improv/step: 0.028 (last = 0.0119), fitness=-287202072.165406942
7143.72 secs, 844406 evals, 844418 steps, improv/step: 0.028 (last = 0.0120), fitness=-287202072.246534705
7173.72 secs, 848118 evals, 848130 steps, improv/step: 0.028 (last = 0.0113), fitness=-287202072.324198365
7203.94 secs, 851792 evals, 851804 steps, improv/step: 0.028 (last = 0.0122), fitness=-287202072.361546278
7233.94 secs, 855546 evals, 855559 steps, improv/step: 0.028 (last = 0.0130), fitness=-287202072.411838412
7263.94 secs, 859332 evals, 859346 steps, improv/step: 0.028 (last = 0.0116), fitness=-287202072.460165560
7293.95 secs, 863071 evals, 863088 steps, improv/step: 0.028 (last = 0.0088), fitness=-287202072.503977537
7323.95 secs, 866369 evals, 866387 steps, improv/step: 0.028 (last = 0.0106), fitness=-287202072.612334967
7353.96 secs, 869810 evals, 869829 steps, improv/step: 0.027 (last = 0.0099), fitness=-287202072.656777084
7383.96 secs, 873513 evals, 873532 steps, improv/step: 0.027 (last = 0.0119), fitness=-287202072.717324376
7413.97 secs, 877095 evals, 877115 steps, improv/step: 0.027 (last = 0.0098), fitness=-287202072.766298354
7443.97 secs, 880610 evals, 880630 steps, improv/step: 0.027 (last = 0.0114), fitness=-287202072.826971769
7473.97 secs, 884184 evals, 884206 steps, improv/step: 0.027 (last = 0.0115), fitness=-287202072.905471325
7503.98 secs, 887851 evals, 887873 steps, improv/step: 0.027 (last = 0.0158), fitness=-287202072.972082257
7534.15 secs, 891536 evals, 891560 steps, improv/step: 0.027 (last = 0.0100), fitness=-287202073.072428763
7564.26 secs, 895331 evals, 895355 steps, improv/step: 0.027 (last = 0.0119), fitness=-287202073.189213455
7594.27 secs, 898886 evals, 898911 steps, improv/step: 0.027 (last = 0.0107), fitness=-287202073.242834926
7624.61 secs, 902196 evals, 902221 steps, improv/step: 0.027 (last = 0.0103), fitness=-287202073.307831049
7654.61 secs, 905781 evals, 905806 steps, improv/step: 0.027 (last = 0.0139), fitness=-287202073.392935216
7684.61 secs, 909147 evals, 909172 steps, improv/step: 0.027 (last = 0.0092), fitness=-287202073.392935216
7714.62 secs, 912897 evals, 912923 steps, improv/step: 0.027 (last = 0.0125), fitness=-287202073.426036298
7744.62 secs, 916495 evals, 916522 steps, improv/step: 0.027 (last = 0.0156), fitness=-287202073.468454182
7774.63 secs, 919807 evals, 919834 steps, improv/step: 0.027 (last = 0.0163), fitness=-287202073.630538821
7804.63 secs, 923196 evals, 923223 steps, improv/step: 0.027 (last = 0.0156), fitness=-287202073.665973008
7834.63 secs, 926606 evals, 926633 steps, improv/step: 0.027 (last = 0.0173), fitness=-287202073.702251315
7864.64 secs, 929962 evals, 929990 steps, improv/step: 0.026 (last = 0.0110), fitness=-287202073.702251315
7894.64 secs, 933461 evals, 933489 steps, improv/step: 0.026 (last = 0.0100), fitness=-287202073.774305224
7924.65 secs, 936852 evals, 936881 steps, improv/step: 0.026 (last = 0.0106), fitness=-287202073.817532659
7954.65 secs, 940337 evals, 940366 steps, improv/step: 0.026 (last = 0.0141), fitness=-287202073.941345096
7984.65 secs, 943623 evals, 943653 steps, improv/step: 0.026 (last = 0.0106), fitness=-287202073.941345096
8015.05 secs, 947134 evals, 947164 steps, improv/step: 0.026 (last = 0.0105), fitness=-287202073.941345096
8045.05 secs, 950750 evals, 950781 steps, improv/step: 0.026 (last = 0.0119), fitness=-287202074.025385737
8075.06 secs, 954208 evals, 954239 steps, improv/step: 0.026 (last = 0.0136), fitness=-287202074.083076298
8105.32 secs, 957356 evals, 957387 steps, improv/step: 0.026 (last = 0.0121), fitness=-287202074.083076298
8135.32 secs, 960897 evals, 960928 steps, improv/step: 0.026 (last = 0.0121), fitness=-287202074.131095886
8165.33 secs, 964391 evals, 964423 steps, improv/step: 0.026 (last = 0.0152), fitness=-287202074.242627740
8195.33 secs, 967968 evals, 968001 steps, improv/step: 0.026 (last = 0.0106), fitness=-287202074.360198438
8225.59 secs, 971540 evals, 971575 steps, improv/step: 0.026 (last = 0.0095), fitness=-287202074.554091573
8255.59 secs, 975245 evals, 975281 steps, improv/step: 0.026 (last = 0.0108), fitness=-287202074.554091573
8285.59 secs, 978901 evals, 978938 steps, improv/step: 0.026 (last = 0.0096), fitness=-287202074.671650052
8315.60 secs, 982550 evals, 982587 steps, improv/step: 0.026 (last = 0.0090), fitness=-287202074.851607561
8345.60 secs, 986418 evals, 986456 steps, improv/step: 0.026 (last = 0.0085), fitness=-287202074.865537763
8375.60 secs, 990140 evals, 990178 steps, improv/step: 0.026 (last = 0.0150), fitness=-287202075.025866508
8405.60 secs, 993541 evals, 993579 steps, improv/step: 0.026 (last = 0.0103), fitness=-287202075.125071287
8435.61 secs, 996827 evals, 996865 steps, improv/step: 0.025 (last = 0.0107), fitness=-287202075.253131509
8465.61 secs, 1000541 evals, 1000580 steps, improv/step: 0.025 (last = 0.0129), fitness=-287202075.296120763
8495.61 secs, 1004081 evals, 1004120 steps, improv/step: 0.025 (last = 0.0138), fitness=-287202075.392998934
8525.62 secs, 1007766 evals, 1007805 steps, improv/step: 0.025 (last = 0.0095), fitness=-287202075.471333981
8555.62 secs, 1011059 evals, 1011098 steps, improv/step: 0.025 (last = 0.0106), fitness=-287202075.481860936
8585.62 secs, 1014380 evals, 1014419 steps, improv/step: 0.025 (last = 0.0117), fitness=-287202075.623994350
8615.63 secs, 1017897 evals, 1017936 steps, improv/step: 0.025 (last = 0.0114), fitness=-287202075.728079021
8645.63 secs, 1021516 evals, 1021556 steps, improv/step: 0.025 (last = 0.0157), fitness=-287202075.728079021
8675.63 secs, 1024936 evals, 1024976 steps, improv/step: 0.025 (last = 0.0132), fitness=-287202075.762459338
8705.64 secs, 1028436 evals, 1028476 steps, improv/step: 0.025 (last = 0.0137), fitness=-287202075.907730401
8735.64 secs, 1032183 evals, 1032224 steps, improv/step: 0.025 (last = 0.0189), fitness=-287202076.087402940
8765.65 secs, 1035822 evals, 1035864 steps, improv/step: 0.025 (last = 0.0159), fitness=-287202076.120169580
8795.65 secs, 1039328 evals, 1039371 steps, improv/step: 0.025 (last = 0.0114), fitness=-287202076.324606538
8825.65 secs, 1043012 evals, 1043056 steps, improv/step: 0.025 (last = 0.0166), fitness=-287202076.366716504
8855.65 secs, 1046663 evals, 1046707 steps, improv/step: 0.025 (last = 0.0145), fitness=-287202076.378684402
8885.65 secs, 1049915 evals, 1049960 steps, improv/step: 0.025 (last = 0.0138), fitness=-287202076.481631458
8915.65 secs, 1053422 evals, 1053467 steps, improv/step: 0.025 (last = 0.0128), fitness=-287202076.586957812
8945.66 secs, 1056791 evals, 1056836 steps, improv/step: 0.025 (last = 0.0151), fitness=-287202076.794491231
8975.85 secs, 1060124 evals, 1060169 steps, improv/step: 0.025 (last = 0.0108), fitness=-287202076.794491231
9005.85 secs, 1063630 evals, 1063676 steps, improv/step: 0.025 (last = 0.0114), fitness=-287202076.829668522
9036.01 secs, 1066966 evals, 1067012 steps, improv/step: 0.025 (last = 0.0177), fitness=-287202077.004462361
9066.02 secs, 1070339 evals, 1070385 steps, improv/step: 0.025 (last = 0.0133), fitness=-287202077.032974362
9096.02 secs, 1073837 evals, 1073885 steps, improv/step: 0.025 (last = 0.0140), fitness=-287202077.127732694
9126.03 secs, 1077261 evals, 1077309 steps, improv/step: 0.025 (last = 0.0155), fitness=-287202077.241357088
9156.03 secs, 1080898 evals, 1080946 steps, improv/step: 0.025 (last = 0.0151), fitness=-287202077.270971417
9186.03 secs, 1084582 evals, 1084630 steps, improv/step: 0.025 (last = 0.0166), fitness=-287202077.498789072
9216.03 secs, 1088044 evals, 1088095 steps, improv/step: 0.025 (last = 0.0156), fitness=-287202077.552575648
9246.04 secs, 1091545 evals, 1091596 steps, improv/step: 0.024 (last = 0.0126), fitness=-287202077.692990303
9276.04 secs, 1094895 evals, 1094946 steps, improv/step: 0.024 (last = 0.0137), fitness=-287202077.781196237
9306.27 secs, 1098356 evals, 1098409 steps, improv/step: 0.024 (last = 0.0156), fitness=-287202077.872763276
9336.27 secs, 1101976 evals, 1102030 steps, improv/step: 0.024 (last = 0.0122), fitness=-287202078.125557601
9366.28 secs, 1105506 evals, 1105562 steps, improv/step: 0.024 (last = 0.0125), fitness=-287202078.174296439
9396.28 secs, 1109117 evals, 1109173 steps, improv/step: 0.024 (last = 0.0116), fitness=-287202078.185927868
9426.28 secs, 1112625 evals, 1112682 steps, improv/step: 0.024 (last = 0.0088), fitness=-287202078.241140425
9456.28 secs, 1116109 evals, 1116167 steps, improv/step: 0.024 (last = 0.0135), fitness=-287202078.352478206
9486.29 secs, 1119665 evals, 1119726 steps, improv/step: 0.024 (last = 0.0084), fitness=-287202078.352478206
9516.29 secs, 1123313 evals, 1123376 steps, improv/step: 0.024 (last = 0.0126), fitness=-287202078.476473749
9546.48 secs, 1126835 evals, 1126898 steps, improv/step: 0.024 (last = 0.0150), fitness=-287202078.476473749
9576.49 secs, 1130429 evals, 1130494 steps, improv/step: 0.024 (last = 0.0108), fitness=-287202078.540648639
9606.49 secs, 1133998 evals, 1134065 steps, improv/step: 0.024 (last = 0.0126), fitness=-287202078.617532074
9636.49 secs, 1137496 evals, 1137563 steps, improv/step: 0.024 (last = 0.0140), fitness=-287202078.617532074
9666.50 secs, 1141070 evals, 1141138 steps, improv/step: 0.024 (last = 0.0112), fitness=-287202078.629383385
9696.50 secs, 1144571 evals, 1144640 steps, improv/step: 0.024 (last = 0.0100), fitness=-287202078.640252292
9726.50 secs, 1148142 evals, 1148212 steps, improv/step: 0.024 (last = 0.0160), fitness=-287202078.773173332
9756.51 secs, 1151713 evals, 1151784 steps, improv/step: 0.024 (last = 0.0115), fitness=-287202078.897288561
9786.53 secs, 1155255 evals, 1155327 steps, improv/step: 0.024 (last = 0.0090), fitness=-287202078.897288561
9816.76 secs, 1158822 evals, 1158895 steps, improv/step: 0.024 (last = 0.0115), fitness=-287202078.984862030
9846.76 secs, 1161991 evals, 1162064 steps, improv/step: 0.024 (last = 0.0095), fitness=-287202079.009716034
9876.77 secs, 1165303 evals, 1165376 steps, improv/step: 0.024 (last = 0.0097), fitness=-287202079.016071677
9906.77 secs, 1168767 evals, 1168840 steps, improv/step: 0.024 (last = 0.0095), fitness=-287202079.100853503
9936.78 secs, 1172135 evals, 1172208 steps, improv/step: 0.024 (last = 0.0098), fitness=-287202079.162301064
9966.78 secs, 1175662 evals, 1175735 steps, improv/step: 0.024 (last = 0.0150), fitness=-287202079.258151531
9996.78 secs, 1179027 evals, 1179102 steps, improv/step: 0.024 (last = 0.0089), fitness=-287202079.258151531
10026.79 secs, 1182587 evals, 1182662 steps, improv/step: 0.023 (last = 0.0115), fitness=-287202079.292348742
10056.79 secs, 1186087 evals, 1186162 steps, improv/step: 0.023 (last = 0.0134), fitness=-287202079.301583052
10086.79 secs, 1189803 evals, 1189878 steps, improv/step: 0.023 (last = 0.0156), fitness=-287202079.410167992
10116.79 secs, 1193341 evals, 1193416 steps, improv/step: 0.023 (last = 0.0161), fitness=-287202079.412069559
10146.80 secs, 1196817 evals, 1196893 steps, improv/step: 0.023 (last = 0.0170), fitness=-287202079.547893822
10176.80 secs, 1200361 evals, 1200437 steps, improv/step: 0.023 (last = 0.0192), fitness=-287202079.662267745
10206.80 secs, 1203899 evals, 1203976 steps, improv/step: 0.023 (last = 0.0147), fitness=-287202079.674228847
10236.81 secs, 1207425 evals, 1207503 steps, improv/step: 0.023 (last = 0.0181), fitness=-287202079.685854197
10266.81 secs, 1211006 evals, 1211084 steps, improv/step: 0.023 (last = 0.0207), fitness=-287202079.762487829
10296.82 secs, 1214428 evals, 1214506 steps, improv/step: 0.023 (last = 0.0210), fitness=-287202079.828135550
10326.82 secs, 1218037 evals, 1218115 steps, improv/step: 0.023 (last = 0.0105), fitness=-287202079.828135550
10356.82 secs, 1221678 evals, 1221757 steps, improv/step: 0.023 (last = 0.0157), fitness=-287202079.910876513
10387.19 secs, 1225230 evals, 1225309 steps, improv/step: 0.023 (last = 0.0152), fitness=-287202079.989477038
10417.19 secs, 1228824 evals, 1228903 steps, improv/step: 0.023 (last = 0.0142), fitness=-287202080.051263571
10447.19 secs, 1232441 evals, 1232520 steps, improv/step: 0.023 (last = 0.0149), fitness=-287202080.081648469
10477.20 secs, 1235824 evals, 1235905 steps, improv/step: 0.023 (last = 0.0106), fitness=-287202080.086222708
10507.24 secs, 1239316 evals, 1239397 steps, improv/step: 0.023 (last = 0.0149), fitness=-287202080.146127403
10537.24 secs, 1242824 evals, 1242905 steps, improv/step: 0.023 (last = 0.0123), fitness=-287202080.204519451
10567.45 secs, 1246413 evals, 1246495 steps, improv/step: 0.023 (last = 0.0150), fitness=-287202080.209963441
10597.56 secs, 1249975 evals, 1250058 steps, improv/step: 0.023 (last = 0.0160), fitness=-287202080.260896802
10627.74 secs, 1253546 evals, 1253630 steps, improv/step: 0.023 (last = 0.0199), fitness=-287202080.293411314
10657.74 secs, 1257160 evals, 1257246 steps, improv/step: 0.023 (last = 0.0160), fitness=-287202080.346702158
10687.75 secs, 1260675 evals, 1260761 steps, improv/step: 0.023 (last = 0.0154), fitness=-287202080.367261052
10717.76 secs, 1264200 evals, 1264286 steps, improv/step: 0.023 (last = 0.0159), fitness=-287202080.458803415
10747.76 secs, 1267693 evals, 1267779 steps, improv/step: 0.023 (last = 0.0160), fitness=-287202080.461610317
10777.76 secs, 1271199 evals, 1271287 steps, improv/step: 0.023 (last = 0.0154), fitness=-287202080.501429617
10807.76 secs, 1274682 evals, 1274770 steps, improv/step: 0.023 (last = 0.0135), fitness=-287202080.539896071
10837.76 secs, 1278187 evals, 1278276 steps, improv/step: 0.023 (last = 0.0157), fitness=-287202080.552371144
10867.76 secs, 1281812 evals, 1281903 steps, improv/step: 0.023 (last = 0.0187), fitness=-287202080.588387489
10897.76 secs, 1285391 evals, 1285482 steps, improv/step: 0.023 (last = 0.0170), fitness=-287202080.622184277
10927.78 secs, 1288979 evals, 1289071 steps, improv/step: 0.023 (last = 0.0184), fitness=-287202080.629256248
10957.78 secs, 1292523 evals, 1292616 steps, improv/step: 0.023 (last = 0.0178), fitness=-287202080.666862547
10987.79 secs, 1295903 evals, 1295997 steps, improv/step: 0.023 (last = 0.0186), fitness=-287202080.681630850
11017.80 secs, 1299494 evals, 1299588 steps, improv/step: 0.023 (last = 0.0259), fitness=-287202080.724294245
11047.81 secs, 1303101 evals, 1303195 steps, improv/step: 0.023 (last = 0.0130), fitness=-287202080.746288776
11077.81 secs, 1306612 evals, 1306707 steps, improv/step: 0.023 (last = 0.0154), fitness=-287202080.815232515
11107.82 secs, 1310199 evals, 1310294 steps, improv/step: 0.023 (last = 0.0156), fitness=-287202080.851830304
11137.82 secs, 1313737 evals, 1313832 steps, improv/step: 0.023 (last = 0.0167), fitness=-287202080.978436768
11167.82 secs, 1317198 evals, 1317295 steps, improv/step: 0.023 (last = 0.0144), fitness=-287202080.985372782
11197.87 secs, 1320754 evals, 1320851 steps, improv/step: 0.023 (last = 0.0129), fitness=-287202081.015702307
11227.87 secs, 1324365 evals, 1324462 steps, improv/step: 0.023 (last = 0.0197), fitness=-287202081.029314280
11257.87 secs, 1327952 evals, 1328050 steps, improv/step: 0.023 (last = 0.0201), fitness=-287202081.067482114
11287.88 secs, 1331530 evals, 1331628 steps, improv/step: 0.023 (last = 0.0187), fitness=-287202081.073364437
11317.88 secs, 1335178 evals, 1335277 steps, improv/step: 0.023 (last = 0.0175), fitness=-287202081.226008415
11347.88 secs, 1338769 evals, 1338868 steps, improv/step: 0.023 (last = 0.0142), fitness=-287202081.237400770
11378.18 secs, 1342326 evals, 1342425 steps, improv/step: 0.023 (last = 0.0132), fitness=-287202081.305471063
11408.18 secs, 1346052 evals, 1346152 steps, improv/step: 0.023 (last = 0.0121), fitness=-287202081.559582055
11438.58 secs, 1349678 evals, 1349779 steps, improv/step: 0.023 (last = 0.0102), fitness=-287202081.630701423
11468.58 secs, 1353250 evals, 1353352 steps, improv/step: 0.023 (last = 0.0095), fitness=-287202081.787999511
11498.58 secs, 1356898 evals, 1357001 steps, improv/step: 0.023 (last = 0.0164), fitness=-287202081.816557586
11528.59 secs, 1360568 evals, 1360672 steps, improv/step: 0.022 (last = 0.0139), fitness=-287202081.836986482
11558.59 secs, 1364236 evals, 1364342 steps, improv/step: 0.022 (last = 0.0144), fitness=-287202081.895765603
11588.82 secs, 1367803 evals, 1367909 steps, improv/step: 0.022 (last = 0.0104), fitness=-287202082.019294977
11618.98 secs, 1371676 evals, 1371783 steps, improv/step: 0.022 (last = 0.0155), fitness=-287202082.019294977
11648.99 secs, 1375336 evals, 1375443 steps, improv/step: 0.022 (last = 0.0123), fitness=-287202082.023775756
11679.00 secs, 1379012 evals, 1379120 steps, improv/step: 0.022 (last = 0.0128), fitness=-287202082.097331703
11709.00 secs, 1382562 evals, 1382671 steps, improv/step: 0.022 (last = 0.0076), fitness=-287202082.182466030
11739.00 secs, 1386192 evals, 1386302 steps, improv/step: 0.022 (last = 0.0088), fitness=-287202082.292319655
11769.01 secs, 1389781 evals, 1389891 steps, improv/step: 0.022 (last = 0.0089), fitness=-287202082.292319655
11799.01 secs, 1393124 evals, 1393234 steps, improv/step: 0.022 (last = 0.0087), fitness=-287202082.292319655
11829.01 secs, 1396696 evals, 1396806 steps, improv/step: 0.022 (last = 0.0112), fitness=-287202082.298917294
11859.22 secs, 1400192 evals, 1400302 steps, improv/step: 0.022 (last = 0.0103), fitness=-287202082.333245099
11889.22 secs, 1403582 evals, 1403692 steps, improv/step: 0.022 (last = 0.0118), fitness=-287202082.371955037
11919.22 secs, 1407259 evals, 1407369 steps, improv/step: 0.022 (last = 0.0103), fitness=-287202082.415183306
11949.22 secs, 1410861 evals, 1410973 steps, improv/step: 0.022 (last = 0.0089), fitness=-287202082.431474030
11979.23 secs, 1414539 evals, 1414651 steps, improv/step: 0.022 (last = 0.0101), fitness=-287202082.452714920
12009.23 secs, 1418261 evals, 1418374 steps, improv/step: 0.022 (last = 0.0134), fitness=-287202082.496520281
12039.31 secs, 1421789 evals, 1421903 steps, improv/step: 0.022 (last = 0.0136), fitness=-287202082.540804386
12069.31 secs, 1425329 evals, 1425443 steps, improv/step: 0.022 (last = 0.0110), fitness=-287202082.551900148
12099.42 secs, 1428958 evals, 1429072 steps, improv/step: 0.022 (last = 0.0146), fitness=-287202082.696098447
12129.43 secs, 1432555 evals, 1432669 steps, improv/step: 0.022 (last = 0.0108), fitness=-287202082.711314619
12159.43 secs, 1436315 evals, 1436430 steps, improv/step: 0.022 (last = 0.0080), fitness=-287202082.741222978
12189.43 secs, 1439970 evals, 1440085 steps, improv/step: 0.022 (last = 0.0088), fitness=-287202082.836187124
12219.43 secs, 1443551 evals, 1443666 steps, improv/step: 0.022 (last = 0.0101), fitness=-287202082.899874628
12249.44 secs, 1447009 evals, 1447125 steps, improv/step: 0.022 (last = 0.0075), fitness=-287202082.928796291
12279.44 secs, 1450515 evals, 1450633 steps, improv/step: 0.022 (last = 0.0145), fitness=-287202082.946176231
12309.44 secs, 1454141 evals, 1454260 steps, improv/step: 0.022 (last = 0.0132), fitness=-287202083.003177106
12339.45 secs, 1457872 evals, 1457992 steps, improv/step: 0.022 (last = 0.0153), fitness=-287202083.053641260
12369.81 secs, 1461481 evals, 1461601 steps, improv/step: 0.022 (last = 0.0183), fitness=-287202083.069268644
12399.81 secs, 1465068 evals, 1465189 steps, improv/step: 0.022 (last = 0.0145), fitness=-287202083.102538109
12429.81 secs, 1468776 evals, 1468897 steps, improv/step: 0.022 (last = 0.0159), fitness=-287202083.174879253
12459.81 secs, 1472245 evals, 1472367 steps, improv/step: 0.022 (last = 0.0121), fitness=-287202083.222293198
12489.82 secs, 1475805 evals, 1475927 steps, improv/step: 0.022 (last = 0.0140), fitness=-287202083.245753348
12519.82 secs, 1479075 evals, 1479197 steps, improv/step: 0.022 (last = 0.0147), fitness=-287202083.289485455
12549.82 secs, 1482653 evals, 1482776 steps, improv/step: 0.022 (last = 0.0168), fitness=-287202083.329757929
12579.82 secs, 1486271 evals, 1486394 steps, improv/step: 0.022 (last = 0.0163), fitness=-287202083.406874061
12609.83 secs, 1489914 evals, 1490037 steps, improv/step: 0.022 (last = 0.0184), fitness=-287202083.425663710
12639.83 secs, 1493559 evals, 1493684 steps, improv/step: 0.022 (last = 0.0206), fitness=-287202083.450421035
12669.83 secs, 1497143 evals, 1497268 steps, improv/step: 0.022 (last = 0.0184), fitness=-287202083.476131201
12699.83 secs, 1500860 evals, 1500985 steps, improv/step: 0.022 (last = 0.0148), fitness=-287202083.497293293
12729.84 secs, 1504199 evals, 1504324 steps, improv/step: 0.022 (last = 0.0222), fitness=-287202083.556461632
12759.84 secs, 1507998 evals, 1508124 steps, improv/step: 0.022 (last = 0.0263), fitness=-287202083.611119092
12789.85 secs, 1511760 evals, 1511886 steps, improv/step: 0.022 (last = 0.0175), fitness=-287202083.634457767
12819.85 secs, 1515765 evals, 1515891 steps, improv/step: 0.022 (last = 0.0247), fitness=-287202083.665009081
12849.85 secs, 1519746 evals, 1519872 steps, improv/step: 0.022 (last = 0.0246), fitness=-287202083.709354103
12880.00 secs, 1523673 evals, 1523801 steps, improv/step: 0.022 (last = 0.0237), fitness=-287202083.717954278
12910.00 secs, 1527653 evals, 1527781 steps, improv/step: 0.022 (last = 0.0193), fitness=-287202083.748081982
12940.30 secs, 1531615 evals, 1531743 steps, improv/step: 0.022 (last = 0.0217), fitness=-287202083.792619109
12970.30 secs, 1535560 evals, 1535688 steps, improv/step: 0.022 (last = 0.0195), fitness=-287202083.826219916
13000.31 secs, 1539581 evals, 1539709 steps, improv/step: 0.022 (last = 0.0177), fitness=-287202083.853118062
13030.31 secs, 1543459 evals, 1543587 steps, improv/step: 0.022 (last = 0.0199), fitness=-287202083.859727561
13060.31 secs, 1547439 evals, 1547567 steps, improv/step: 0.022 (last = 0.0231), fitness=-287202083.883445621
13090.31 secs, 1551353 evals, 1551483 steps, improv/step: 0.022 (last = 0.0166), fitness=-287202083.903065264
13120.31 secs, 1555350 evals, 1555480 steps, improv/step: 0.022 (last = 0.0150), fitness=-287202083.910297096
13150.32 secs, 1559196 evals, 1559327 steps, improv/step: 0.022 (last = 0.0192), fitness=-287202083.954787612
13180.63 secs, 1563137 evals, 1563269 steps, improv/step: 0.022 (last = 0.0142), fitness=-287202083.954903960
13210.63 secs, 1567125 evals, 1567258 steps, improv/step: 0.022 (last = 0.0191), fitness=-287202083.996301651
13240.64 secs, 1570996 evals, 1571129 steps, improv/step: 0.022 (last = 0.0152), fitness=-287202084.024815619
13270.65 secs, 1574862 evals, 1574997 steps, improv/step: 0.022 (last = 0.0199), fitness=-287202084.032038391
13300.94 secs, 1578805 evals, 1578940 steps, improv/step: 0.021 (last = 0.0183), fitness=-287202084.072899163
13330.94 secs, 1582764 evals, 1582899 steps, improv/step: 0.021 (last = 0.0169), fitness=-287202084.101712227
13360.94 secs, 1586648 evals, 1586783 steps, improv/step: 0.021 (last = 0.0211), fitness=-287202084.109840393
13390.95 secs, 1590491 evals, 1590626 steps, improv/step: 0.021 (last = 0.0203), fitness=-287202084.178317010
13420.95 secs, 1594354 evals, 1594490 steps, improv/step: 0.021 (last = 0.0137), fitness=-287202084.192675591
13450.96 secs, 1598181 evals, 1598318 steps, improv/step: 0.021 (last = 0.0128), fitness=-287202084.205406606
13480.96 secs, 1601961 evals, 1602098 steps, improv/step: 0.021 (last = 0.0151), fitness=-287202084.239097178
13511.08 secs, 1605770 evals, 1605907 steps, improv/step: 0.021 (last = 0.0158), fitness=-287202084.276717544
13541.09 secs, 1609508 evals, 1609646 steps, improv/step: 0.021 (last = 0.0112), fitness=-287202084.276717544
13571.09 secs, 1613403 evals, 1613541 steps, improv/step: 0.021 (last = 0.0136), fitness=-287202084.335499763
13601.09 secs, 1617272 evals, 1617410 steps, improv/step: 0.021 (last = 0.0137), fitness=-287202084.379001617
13631.10 secs, 1621090 evals, 1621230 steps, improv/step: 0.021 (last = 0.0160), fitness=-287202084.437860429
13661.44 secs, 1624734 evals, 1624874 steps, improv/step: 0.021 (last = 0.0151), fitness=-287202084.468898416
13691.44 secs, 1628483 evals, 1628623 steps, improv/step: 0.021 (last = 0.0165), fitness=-287202084.505869389
13721.45 secs, 1632110 evals, 1632250 steps, improv/step: 0.021 (last = 0.0116), fitness=-287202084.505869389
13751.45 secs, 1635728 evals, 1635869 steps, improv/step: 0.021 (last = 0.0113), fitness=-287202084.649682105
13781.45 secs, 1639389 evals, 1639530 steps, improv/step: 0.021 (last = 0.0112), fitness=-287202084.688508749
13811.45 secs, 1643041 evals, 1643183 steps, improv/step: 0.021 (last = 0.0107), fitness=-287202084.716745377
13841.55 secs, 1646518 evals, 1646661 steps, improv/step: 0.021 (last = 0.0115), fitness=-287202084.782372653
13871.55 secs, 1649763 evals, 1649907 steps, improv/step: 0.021 (last = 0.0108), fitness=-287202084.785980523
13901.89 secs, 1653073 evals, 1653217 steps, improv/step: 0.021 (last = 0.0154), fitness=-287202084.785980523
13932.49 secs, 1656031 evals, 1656175 steps, improv/step: 0.021 (last = 0.0115), fitness=-287202084.867398381
13962.49 secs, 1659075 evals, 1659221 steps, improv/step: 0.021 (last = 0.0128), fitness=-287202084.902820647
13992.49 secs, 1662352 evals, 1662498 steps, improv/step: 0.021 (last = 0.0101), fitness=-287202084.977208614
14022.49 secs, 1665576 evals, 1665723 steps, improv/step: 0.021 (last = 0.0189), fitness=-287202085.025129914
14052.50 secs, 1668631 evals, 1668779 steps, improv/step: 0.021 (last = 0.0118), fitness=-287202085.041436911
14082.51 secs, 1671658 evals, 1671806 steps, improv/step: 0.021 (last = 0.0112), fitness=-287202085.084292412
14112.51 secs, 1674835 evals, 1674983 steps, improv/step: 0.021 (last = 0.0167), fitness=-287202085.174358845
14142.59 secs, 1677870 evals, 1678018 steps, improv/step: 0.021 (last = 0.0142), fitness=-287202085.209028125
14172.60 secs, 1681008 evals, 1681158 steps, improv/step: 0.021 (last = 0.0140), fitness=-287202085.263473094
14202.60 secs, 1684150 evals, 1684300 steps, improv/step: 0.021 (last = 0.0175), fitness=-287202085.349913478
14232.96 secs, 1687215 evals, 1687365 steps, improv/step: 0.021 (last = 0.0176), fitness=-287202085.349913478
14263.13 secs, 1690229 evals, 1690379 steps, improv/step: 0.021 (last = 0.0226), fitness=-287202085.349913478
14293.13 secs, 1693323 evals, 1693473 steps, improv/step: 0.021 (last = 0.0213), fitness=-287202085.401402175
14323.13 secs, 1696467 evals, 1696617 steps, improv/step: 0.021 (last = 0.0210), fitness=-287202085.442211330
14353.13 secs, 1699620 evals, 1699771 steps, improv/step: 0.021 (last = 0.0206), fitness=-287202085.528061092
14383.33 secs, 1702671 evals, 1702822 steps, improv/step: 0.021 (last = 0.0239), fitness=-287202085.570703030
14413.34 secs, 1705750 evals, 1705901 steps, improv/step: 0.021 (last = 0.0211), fitness=-287202085.607543766
14443.34 secs, 1708897 evals, 1709048 steps, improv/step: 0.021 (last = 0.0210), fitness=-287202085.651183486
14473.35 secs, 1712065 evals, 1712216 steps, improv/step: 0.021 (last = 0.0186), fitness=-287202085.666324496
14503.35 secs, 1715126 evals, 1715277 steps, improv/step: 0.021 (last = 0.0183), fitness=-287202085.706392705
14533.35 secs, 1718254 evals, 1718407 steps, improv/step: 0.021 (last = 0.0211), fitness=-287202085.708932340
14563.82 secs, 1721322 evals, 1721475 steps, improv/step: 0.021 (last = 0.0186), fitness=-287202085.792605340
14593.83 secs, 1724570 evals, 1724723 steps, improv/step: 0.021 (last = 0.0219), fitness=-287202085.871724129
14623.83 secs, 1727581 evals, 1727734 steps, improv/step: 0.021 (last = 0.0219), fitness=-287202085.914092064
14653.84 secs, 1730691 evals, 1730844 steps, improv/step: 0.021 (last = 0.0190), fitness=-287202085.938516974
14683.84 secs, 1733899 evals, 1734053 steps, improv/step: 0.021 (last = 0.0187), fitness=-287202085.988922119
14713.85 secs, 1737038 evals, 1737192 steps, improv/step: 0.021 (last = 0.0169), fitness=-287202086.057090759
14743.85 secs, 1740090 evals, 1740244 steps, improv/step: 0.021 (last = 0.0213), fitness=-287202086.147897840
14773.85 secs, 1743113 evals, 1743268 steps, improv/step: 0.021 (last = 0.0152), fitness=-287202086.241400003
14803.86 secs, 1746109 evals, 1746264 steps, improv/step: 0.021 (last = 0.0110), fitness=-287202086.264959931
14833.86 secs, 1749304 evals, 1749459 steps, improv/step: 0.021 (last = 0.0200), fitness=-287202086.361681819
14863.86 secs, 1752303 evals, 1752458 steps, improv/step: 0.021 (last = 0.0167), fitness=-287202086.555150747
14893.87 secs, 1755412 evals, 1755567 steps, improv/step: 0.021 (last = 0.0170), fitness=-287202086.585101008
14923.87 secs, 1758480 evals, 1758635 steps, improv/step: 0.021 (last = 0.0150), fitness=-287202086.590277374
14954.50 secs, 1761626 evals, 1761781 steps, improv/step: 0.021 (last = 0.0140), fitness=-287202086.638799965
14984.50 secs, 1764689 evals, 1764845 steps, improv/step: 0.021 (last = 0.0170), fitness=-287202086.638799965
15014.51 secs, 1767716 evals, 1767874 steps, improv/step: 0.021 (last = 0.0119), fitness=-287202086.701782942
15044.51 secs, 1770833 evals, 1770992 steps, improv/step: 0.021 (last = 0.0099), fitness=-287202086.711879492
15074.52 secs, 1773954 evals, 1774114 steps, improv/step: 0.021 (last = 0.0202), fitness=-287202086.845005631
15104.52 secs, 1777079 evals, 1777239 steps, improv/step: 0.021 (last = 0.0170), fitness=-287202086.845005631
15134.53 secs, 1780155 evals, 1780315 steps, improv/step: 0.021 (last = 0.0143), fitness=-287202086.905188084
15164.53 secs, 1783232 evals, 1783392 steps, improv/step: 0.021 (last = 0.0130), fitness=-287202086.926675320
15194.53 secs, 1786252 evals, 1786413 steps, improv/step: 0.021 (last = 0.0172), fitness=-287202087.012579501
15224.53 secs, 1789315 evals, 1789477 steps, improv/step: 0.021 (last = 0.0144), fitness=-287202087.070947528
15254.54 secs, 1792437 evals, 1792600 steps, improv/step: 0.021 (last = 0.0128), fitness=-287202087.112060249
15284.54 secs, 1795536 evals, 1795700 steps, improv/step: 0.021 (last = 0.0132), fitness=-287202087.126019597
15314.55 secs, 1798656 evals, 1798820 steps, improv/step: 0.021 (last = 0.0144), fitness=-287202087.142277122
15344.55 secs, 1801734 evals, 1801898 steps, improv/step: 0.021 (last = 0.0166), fitness=-287202087.247152925
15374.93 secs, 1804932 evals, 1805097 steps, improv/step: 0.021 (last = 0.0119), fitness=-287202087.275683045
15404.93 secs, 1808100 evals, 1808267 steps, improv/step: 0.021 (last = 0.0129), fitness=-287202087.339958966
15434.94 secs, 1811047 evals, 1811216 steps, improv/step: 0.021 (last = 0.0139), fitness=-287202087.379285038
15464.94 secs, 1814152 evals, 1814321 steps, improv/step: 0.021 (last = 0.0138), fitness=-287202087.438276470
15494.94 secs, 1817110 evals, 1817279 steps, improv/step: 0.021 (last = 0.0152), fitness=-287202087.487749338
15524.94 secs, 1820395 evals, 1820565 steps, improv/step: 0.021 (last = 0.0152), fitness=-287202087.606543958
15555.22 secs, 1823535 evals, 1823705 steps, improv/step: 0.021 (last = 0.0143), fitness=-287202087.666811883
15585.22 secs, 1826762 evals, 1826932 steps, improv/step: 0.021 (last = 0.0127), fitness=-287202087.688306868
15615.23 secs, 1829834 evals, 1830005 steps, improv/step: 0.021 (last = 0.0146), fitness=-287202087.927051067
15645.23 secs, 1832971 evals, 1833142 steps, improv/step: 0.021 (last = 0.0140), fitness=-287202088.063863873
15675.80 secs, 1836156 evals, 1836328 steps, improv/step: 0.021 (last = 0.0091), fitness=-287202088.268245578
15705.81 secs, 1839333 evals, 1839505 steps, improv/step: 0.021 (last = 0.0129), fitness=-287202088.268245578
15735.81 secs, 1842401 evals, 1842575 steps, improv/step: 0.021 (last = 0.0121), fitness=-287202088.283548474
15766.00 secs, 1845584 evals, 1845759 steps, improv/step: 0.021 (last = 0.0119), fitness=-287202088.316973448
15796.01 secs, 1848842 evals, 1849017 steps, improv/step: 0.021 (last = 0.0138), fitness=-287202088.316973448
15826.01 secs, 1851888 evals, 1852064 steps, improv/step: 0.021 (last = 0.0092), fitness=-287202088.382390618
15856.02 secs, 1854986 evals, 1855162 steps, improv/step: 0.021 (last = 0.0132), fitness=-287202088.400380552
15886.02 secs, 1858102 evals, 1858279 steps, improv/step: 0.021 (last = 0.0160), fitness=-287202088.498537779
15916.04 secs, 1861275 evals, 1861452 steps, improv/step: 0.021 (last = 0.0173), fitness=-287202088.572296441
15946.05 secs, 1864290 evals, 1864468 steps, improv/step: 0.021 (last = 0.0149), fitness=-287202088.584627032
15976.05 secs, 1867371 evals, 1867550 steps, improv/step: 0.021 (last = 0.0162), fitness=-287202088.633767843
16006.06 secs, 1870355 evals, 1870535 steps, improv/step: 0.021 (last = 0.0208), fitness=-287202088.637511194
16036.40 secs, 1873401 evals, 1873582 steps, improv/step: 0.021 (last = 0.0200), fitness=-287202088.721961021
16066.40 secs, 1876557 evals, 1876738 steps, improv/step: 0.021 (last = 0.0162), fitness=-287202088.763049066
16096.41 secs, 1879362 evals, 1879543 steps, improv/step: 0.021 (last = 0.0185), fitness=-287202088.921477795
16126.41 secs, 1882291 evals, 1882472 steps, improv/step: 0.021 (last = 0.0113), fitness=-287202088.964857697
16156.42 secs, 1885429 evals, 1885612 steps, improv/step: 0.021 (last = 0.0146), fitness=-287202089.088134527
16186.43 secs, 1888310 evals, 1888496 steps, improv/step: 0.021 (last = 0.0125), fitness=-287202089.109070897
16216.43 secs, 1891442 evals, 1891628 steps, improv/step: 0.020 (last = 0.0125), fitness=-287202089.211572289
16246.43 secs, 1894464 evals, 1894650 steps, improv/step: 0.020 (last = 0.0126), fitness=-287202089.296271145
16276.44 secs, 1897430 evals, 1897616 steps, improv/step: 0.020 (last = 0.0169), fitness=-287202089.467280328
16306.44 secs, 1900320 evals, 1900506 steps, improv/step: 0.020 (last = 0.0128), fitness=-287202089.467280328
16336.44 secs, 1903369 evals, 1903556 steps, improv/step: 0.020 (last = 0.0111), fitness=-287202089.467280328
16366.45 secs, 1906358 evals, 1906545 steps, improv/step: 0.020 (last = 0.0127), fitness=-287202089.599870980
16396.46 secs, 1909157 evals, 1909345 steps, improv/step: 0.020 (last = 0.0107), fitness=-287202089.603589892
16426.62 secs, 1912098 evals, 1912289 steps, improv/step: 0.020 (last = 0.0115), fitness=-287202089.654086769
16456.62 secs, 1914952 evals, 1915143 steps, improv/step: 0.020 (last = 0.0098), fitness=-287202089.758514583
16486.63 secs, 1917864 evals, 1918056 steps, improv/step: 0.020 (last = 0.0127), fitness=-287202089.758514583
16516.64 secs, 1921033 evals, 1921225 steps, improv/step: 0.020 (last = 0.0174), fitness=-287202089.912906408
16546.64 secs, 1923953 evals, 1924146 steps, improv/step: 0.020 (last = 0.0110), fitness=-287202090.032721341
16576.64 secs, 1926879 evals, 1927073 steps, improv/step: 0.020 (last = 0.0120), fitness=-287202090.109167218
16606.65 secs, 1929922 evals, 1930116 steps, improv/step: 0.020 (last = 0.0148), fitness=-287202090.199571848
16636.65 secs, 1932881 evals, 1933075 steps, improv/step: 0.020 (last = 0.0139), fitness=-287202090.252174139
16666.65 secs, 1935947 evals, 1936142 steps, improv/step: 0.020 (last = 0.0108), fitness=-287202090.326330423
16696.65 secs, 1939189 evals, 1939385 steps, improv/step: 0.020 (last = 0.0133), fitness=-287202090.399245381
16726.66 secs, 1942362 evals, 1942558 steps, improv/step: 0.020 (last = 0.0104), fitness=-287202090.529873133
16757.19 secs, 1945417 evals, 1945613 steps, improv/step: 0.020 (last = 0.0124), fitness=-287202090.529873133
16787.19 secs, 1948667 evals, 1948863 steps, improv/step: 0.020 (last = 0.0111), fitness=-287202090.594783902
16817.20 secs, 1951776 evals, 1951972 steps, improv/step: 0.020 (last = 0.0100), fitness=-287202090.594783902
16847.20 secs, 1954792 evals, 1954989 steps, improv/step: 0.020 (last = 0.0109), fitness=-287202090.595262647
16877.20 secs, 1957934 evals, 1958132 steps, improv/step: 0.020 (last = 0.0127), fitness=-287202090.714443088
16907.20 secs, 1961069 evals, 1961267 steps, improv/step: 0.020 (last = 0.0124), fitness=-287202090.736772060
16937.21 secs, 1964177 evals, 1964376 steps, improv/step: 0.020 (last = 0.0122), fitness=-287202090.784065604
16967.21 secs, 1967114 evals, 1967314 steps, improv/step: 0.020 (last = 0.0177), fitness=-287202090.859618306
16997.22 secs, 1970067 evals, 1970268 steps, improv/step: 0.020 (last = 0.0132), fitness=-287202090.901952982
17027.22 secs, 1973164 evals, 1973365 steps, improv/step: 0.020 (last = 0.0136), fitness=-287202090.922482789
17057.22 secs, 1976300 evals, 1976502 steps, improv/step: 0.020 (last = 0.0169), fitness=-287202091.004577756
17087.23 secs, 1979371 evals, 1979573 steps, improv/step: 0.020 (last = 0.0127), fitness=-287202091.004577756
17117.23 secs, 1982414 evals, 1982616 steps, improv/step: 0.020 (last = 0.0095), fitness=-287202091.021901309
17147.23 secs, 1985565 evals, 1985767 steps, improv/step: 0.020 (last = 0.0133), fitness=-287202091.043410420
17177.23 secs, 1988621 evals, 1988823 steps, improv/step: 0.020 (last = 0.0124), fitness=-287202091.080269158
17207.24 secs, 1991867 evals, 1992069 steps, improv/step: 0.020 (last = 0.0169), fitness=-287202091.087058067
17237.24 secs, 1994884 evals, 1995088 steps, improv/step: 0.020 (last = 0.0142), fitness=-287202091.124551713
17267.25 secs, 1997876 evals, 1998080 steps, improv/step: 0.020 (last = 0.0104), fitness=-287202091.125517070
17297.25 secs, 2000939 evals, 2001143 steps, improv/step: 0.020 (last = 0.0170), fitness=-287202091.175326884
17327.26 secs, 2003922 evals, 2004126 steps, improv/step: 0.020 (last = 0.0164), fitness=-287202091.230080962
17357.26 secs, 2006599 evals, 2006805 steps, improv/step: 0.020 (last = 0.0101), fitness=-287202091.242289245
17387.27 secs, 2009342 evals, 2009550 steps, improv/step: 0.020 (last = 0.0146), fitness=-287202091.289979577
17417.99 secs, 2012110 evals, 2012318 steps, improv/step: 0.020 (last = 0.0130), fitness=-287202091.323886752
17448.00 secs, 2014947 evals, 2015157 steps, improv/step: 0.020 (last = 0.0137), fitness=-287202091.350480855
17478.00 secs, 2017635 evals, 2017846 steps, improv/step: 0.020 (last = 0.0138), fitness=-287202091.376754284
17508.31 secs, 2020395 evals, 2020606 steps, improv/step: 0.020 (last = 0.0149), fitness=-287202091.425387263
17538.38 secs, 2023164 evals, 2023377 steps, improv/step: 0.020 (last = 0.0130), fitness=-287202091.468742788
17568.39 secs, 2026029 evals, 2026243 steps, improv/step: 0.020 (last = 0.0178), fitness=-287202091.494434655
17598.39 secs, 2028887 evals, 2029102 steps, improv/step: 0.020 (last = 0.0192), fitness=-287202091.534248769
17628.39 secs, 2031747 evals, 2031963 steps, improv/step: 0.020 (last = 0.0154), fitness=-287202091.587530851
17658.39 secs, 2034588 evals, 2034805 steps, improv/step: 0.020 (last = 0.0148), fitness=-287202091.587530851
17688.39 secs, 2037382 evals, 2037600 steps, improv/step: 0.020 (last = 0.0114), fitness=-287202091.620651662
17718.39 secs, 2040251 evals, 2040469 steps, improv/step: 0.020 (last = 0.0136), fitness=-287202091.620651662
17748.40 secs, 2043123 evals, 2043342 steps, improv/step: 0.020 (last = 0.0184), fitness=-287202091.660631597
17778.40 secs, 2045977 evals, 2046196 steps, improv/step: 0.020 (last = 0.0126), fitness=-287202091.674713433
17808.40 secs, 2048937 evals, 2049157 steps, improv/step: 0.020 (last = 0.0105), fitness=-287202091.741973460
17838.41 secs, 2051839 evals, 2052059 steps, improv/step: 0.020 (last = 0.0107), fitness=-287202091.741973460
17868.41 secs, 2054663 evals, 2054883 steps, improv/step: 0.020 (last = 0.0152), fitness=-287202091.748679638
17898.42 secs, 2057563 evals, 2057786 steps, improv/step: 0.020 (last = 0.0152), fitness=-287202091.787469745
17928.42 secs, 2060406 evals, 2060630 steps, improv/step: 0.020 (last = 0.0148), fitness=-287202091.810815573
17958.42 secs, 2063314 evals, 2063539 steps, improv/step: 0.020 (last = 0.0124), fitness=-287202091.821048081
17988.43 secs, 2066315 evals, 2066540 steps, improv/step: 0.020 (last = 0.0127), fitness=-287202091.885901213
18018.44 secs, 2069113 evals, 2069338 steps, improv/step: 0.020 (last = 0.0111), fitness=-287202091.906317413
18048.44 secs, 2071858 evals, 2072083 steps, improv/step: 0.020 (last = 0.0138), fitness=-287202091.923122644
18078.45 secs, 2074740 evals, 2074965 steps, improv/step: 0.020 (last = 0.0139), fitness=-287202091.942513525
18108.45 secs, 2077641 evals, 2077867 steps, improv/step: 0.020 (last = 0.0165), fitness=-287202091.992590666
18138.46 secs, 2080505 evals, 2080731 steps, improv/step: 0.020 (last = 0.0119), fitness=-287202092.004695952
18168.46 secs, 2083291 evals, 2083517 steps, improv/step: 0.020 (last = 0.0176), fitness=-287202092.034564316
18198.47 secs, 2086188 evals, 2086414 steps, improv/step: 0.020 (last = 0.0152), fitness=-287202092.066445827
18229.29 secs, 2089058 evals, 2089284 steps, improv/step: 0.020 (last = 0.0174), fitness=-287202092.106771946
18259.52 secs, 2091914 evals, 2092140 steps, improv/step: 0.020 (last = 0.0158), fitness=-287202092.125434995
18289.52 secs, 2094882 evals, 2095110 steps, improv/step: 0.020 (last = 0.0168), fitness=-287202092.189578295
18319.53 secs, 2097832 evals, 2098060 steps, improv/step: 0.020 (last = 0.0173), fitness=-287202092.234214723
18349.53 secs, 2100631 evals, 2100859 steps, improv/step: 0.020 (last = 0.0136), fitness=-287202092.242749095
18379.54 secs, 2103546 evals, 2103776 steps, improv/step: 0.020 (last = 0.0134), fitness=-287202092.258295834
18409.54 secs, 2106336 evals, 2106568 steps, improv/step: 0.020 (last = 0.0176), fitness=-287202092.300326347
18439.55 secs, 2109161 evals, 2109393 steps, improv/step: 0.020 (last = 0.0131), fitness=-287202092.330937386
18469.55 secs, 2112058 evals, 2112291 steps, improv/step: 0.020 (last = 0.0138), fitness=-287202092.339338243
18500.15 secs, 2114901 evals, 2115134 steps, improv/step: 0.020 (last = 0.0102), fitness=-287202092.339338243
18530.15 secs, 2117609 evals, 2117842 steps, improv/step: 0.020 (last = 0.0089), fitness=-287202092.354849935
18560.16 secs, 2120416 evals, 2120651 steps, improv/step: 0.020 (last = 0.0110), fitness=-287202092.362233102
18590.16 secs, 2123173 evals, 2123408 steps, improv/step: 0.020 (last = 0.0123), fitness=-287202092.363985598
18620.17 secs, 2126044 evals, 2126279 steps, improv/step: 0.020 (last = 0.0115), fitness=-287202092.374545038
18650.73 secs, 2128971 evals, 2129207 steps, improv/step: 0.020 (last = 0.0072), fitness=-287202092.374545038
18680.73 secs, 2131859 evals, 2132095 steps, improv/step: 0.020 (last = 0.0100), fitness=-287202092.396250904
18710.73 secs, 2134667 evals, 2134908 steps, improv/step: 0.020 (last = 0.0135), fitness=-287202092.420439005
18740.73 secs, 2137543 evals, 2137784 steps, improv/step: 0.020 (last = 0.0136), fitness=-287202092.445011437
18771.08 secs, 2140208 evals, 2140449 steps, improv/step: 0.020 (last = 0.0158), fitness=-287202092.467697024
18801.09 secs, 2143032 evals, 2143274 steps, improv/step: 0.020 (last = 0.0166), fitness=-287202092.510789812
18831.09 secs, 2145968 evals, 2146211 steps, improv/step: 0.020 (last = 0.0174), fitness=-287202092.527932405
18861.09 secs, 2148889 evals, 2149134 steps, improv/step: 0.020 (last = 0.0181), fitness=-287202092.555539489
18891.09 secs, 2151761 evals, 2152010 steps, improv/step: 0.020 (last = 0.0118), fitness=-287202092.563642681
18921.10 secs, 2154711 evals, 2154960 steps, improv/step: 0.020 (last = 0.0136), fitness=-287202092.620066285
18951.10 secs, 2157484 evals, 2157734 steps, improv/step: 0.020 (last = 0.0173), fitness=-287202092.638842344
18981.14 secs, 2160321 evals, 2160571 steps, improv/step: 0.020 (last = 0.0155), fitness=-287202092.643000662
19011.15 secs, 2163096 evals, 2163346 steps, improv/step: 0.020 (last = 0.0162), fitness=-287202092.691481352
19041.15 secs, 2166102 evals, 2166354 steps, improv/step: 0.020 (last = 0.0186), fitness=-287202092.708183289
19071.15 secs, 2168963 evals, 2169215 steps, improv/step: 0.020 (last = 0.0136), fitness=-287202092.720099211
19101.59 secs, 2171712 evals, 2171965 steps, improv/step: 0.020 (last = 0.0120), fitness=-287202092.737279892
19131.59 secs, 2174586 evals, 2174839 steps, improv/step: 0.020 (last = 0.0167), fitness=-287202092.750361919
19161.60 secs, 2177423 evals, 2177677 steps, improv/step: 0.020 (last = 0.0109), fitness=-287202092.756683648
19191.61 secs, 2180225 evals, 2180479 steps, improv/step: 0.020 (last = 0.0139), fitness=-287202092.764124751
19221.87 secs, 2183158 evals, 2183412 steps, improv/step: 0.020 (last = 0.0133), fitness=-287202092.793801665
19251.94 secs, 2186135 evals, 2186390 steps, improv/step: 0.020 (last = 0.0154), fitness=-287202092.799932003
19281.95 secs, 2189027 evals, 2189283 steps, improv/step: 0.020 (last = 0.0190), fitness=-287202092.813919604
19311.96 secs, 2191956 evals, 2192212 steps, improv/step: 0.020 (last = 0.0171), fitness=-287202092.837586701
19341.96 secs, 2194987 evals, 2195243 steps, improv/step: 0.020 (last = 0.0214), fitness=-287202092.855891645
19371.97 secs, 2197813 evals, 2198070 steps, improv/step: 0.020 (last = 0.0195), fitness=-287202092.855891645
19401.97 secs, 2200629 evals, 2200886 steps, improv/step: 0.020 (last = 0.0202), fitness=-287202092.873494744
19431.98 secs, 2203280 evals, 2203537 steps, improv/step: 0.020 (last = 0.0211), fitness=-287202092.873494744
19461.98 secs, 2206152 evals, 2206410 steps, improv/step: 0.020 (last = 0.0202), fitness=-287202092.877607465
19491.99 secs, 2208929 evals, 2209188 steps, improv/step: 0.020 (last = 0.0212), fitness=-287202092.891086936
19522.00 secs, 2211793 evals, 2212053 steps, improv/step: 0.020 (last = 0.0237), fitness=-287202092.919828653
19552.00 secs, 2214481 evals, 2214741 steps, improv/step: 0.020 (last = 0.0253), fitness=-287202092.930005491
19582.01 secs, 2217284 evals, 2217545 steps, improv/step: 0.020 (last = 0.0182), fitness=-287202092.930839896
19612.02 secs, 2220172 evals, 2220433 steps, improv/step: 0.020 (last = 0.0201), fitness=-287202092.940046728
19642.02 secs, 2223032 evals, 2223293 steps, improv/step: 0.020 (last = 0.0217), fitness=-287202092.962753773
19672.03 secs, 2225945 evals, 2226206 steps, improv/step: 0.020 (last = 0.0192), fitness=-287202092.973771214
19702.53 secs, 2228649 evals, 2228912 steps, improv/step: 0.020 (last = 0.0244), fitness=-287202093.001724958
19732.53 secs, 2231577 evals, 2231841 steps, improv/step: 0.020 (last = 0.0198), fitness=-287202093.015623212
19762.53 secs, 2234369 evals, 2234633 steps, improv/step: 0.020 (last = 0.0176), fitness=-287202093.043258429
19792.53 secs, 2237130 evals, 2237395 steps, improv/step: 0.020 (last = 0.0177), fitness=-287202093.045322120
19822.61 secs, 2239942 evals, 2240207 steps, improv/step: 0.020 (last = 0.0235), fitness=-287202093.054485619
19852.61 secs, 2242711 evals, 2242977 steps, improv/step: 0.020 (last = 0.0245), fitness=-287202093.057930768
19882.62 secs, 2245459 evals, 2245726 steps, improv/step: 0.020 (last = 0.0196), fitness=-287202093.066877365
19912.62 secs, 2248113 evals, 2248381 steps, improv/step: 0.020 (last = 0.0169), fitness=-287202093.077922821
19942.62 secs, 2250802 evals, 2251070 steps, improv/step: 0.020 (last = 0.0242), fitness=-287202093.084640265
19972.64 secs, 2253477 evals, 2253746 steps, improv/step: 0.020 (last = 0.0250), fitness=-287202093.087594151
20002.64 secs, 2256452 evals, 2256722 steps, improv/step: 0.020 (last = 0.0249), fitness=-287202093.100197792
20032.65 secs, 2259278 evals, 2259548 steps, improv/step: 0.020 (last = 0.0177), fitness=-287202093.108139157
20062.65 secs, 2262088 evals, 2262358 steps, improv/step: 0.020 (last = 0.0217), fitness=-287202093.113128066
20092.88 secs, 2264888 evals, 2265158 steps, improv/step: 0.020 (last = 0.0121), fitness=-287202093.115696907
20122.88 secs, 2267893 evals, 2268167 steps, improv/step: 0.020 (last = 0.0193), fitness=-287202093.128392398
20152.89 secs, 2270808 evals, 2271083 steps, improv/step: 0.020 (last = 0.0165), fitness=-287202093.133936644
20182.89 secs, 2273680 evals, 2273956 steps, improv/step: 0.020 (last = 0.0181), fitness=-287202093.154666781
20212.90 secs, 2276385 evals, 2276662 steps, improv/step: 0.020 (last = 0.0159), fitness=-287202093.159372628
20242.90 secs, 2279401 evals, 2279679 steps, improv/step: 0.020 (last = 0.0156), fitness=-287202093.160759568
20272.90 secs, 2282310 evals, 2282588 steps, improv/step: 0.020 (last = 0.0193), fitness=-287202093.173340023
20302.91 secs, 2285276 evals, 2285555 steps, improv/step: 0.020 (last = 0.0189), fitness=-287202093.179462969
20332.91 secs, 2288056 evals, 2288335 steps, improv/step: 0.020 (last = 0.0209), fitness=-287202093.189714968
20362.92 secs, 2290991 evals, 2291271 steps, improv/step: 0.020 (last = 0.0167), fitness=-287202093.196636915
20392.92 secs, 2293844 evals, 2294126 steps, improv/step: 0.020 (last = 0.0168), fitness=-287202093.204331160
20422.93 secs, 2296670 evals, 2296952 steps, improv/step: 0.020 (last = 0.0188), fitness=-287202093.214334607
20453.24 secs, 2299450 evals, 2299733 steps, improv/step: 0.020 (last = 0.0191), fitness=-287202093.214468598
20483.24 secs, 2302442 evals, 2302725 steps, improv/step: 0.020 (last = 0.0207), fitness=-287202093.234741390
20513.25 secs, 2305329 evals, 2305613 steps, improv/step: 0.020 (last = 0.0215), fitness=-287202093.240448654
20543.25 secs, 2308258 evals, 2308544 steps, improv/step: 0.020 (last = 0.0225), fitness=-287202093.247883677
20573.36 secs, 2311080 evals, 2311366 steps, improv/step: 0.020 (last = 0.0227), fitness=-287202093.269528389
20603.37 secs, 2313934 evals, 2314220 steps, improv/step: 0.020 (last = 0.0259), fitness=-287202093.269730568
20633.37 secs, 2316733 evals, 2317019 steps, improv/step: 0.020 (last = 0.0157), fitness=-287202093.290850997
20663.37 secs, 2319550 evals, 2319836 steps, improv/step: 0.020 (last = 0.0149), fitness=-287202093.291155219
20694.01 secs, 2322314 evals, 2322602 steps, improv/step: 0.020 (last = 0.0148), fitness=-287202093.297171235
20724.02 secs, 2325212 evals, 2325500 steps, improv/step: 0.020 (last = 0.0176), fitness=-287202093.315365255
20754.02 secs, 2327988 evals, 2328276 steps, improv/step: 0.020 (last = 0.0187), fitness=-287202093.317729056
20784.02 secs, 2330865 evals, 2331154 steps, improv/step: 0.020 (last = 0.0167), fitness=-287202093.338636577
20814.02 secs, 2333562 evals, 2333853 steps, improv/step: 0.020 (last = 0.0167), fitness=-287202093.346394062
20844.60 secs, 2336317 evals, 2336608 steps, improv/step: 0.020 (last = 0.0192), fitness=-287202093.349329114
20874.71 secs, 2339036 evals, 2339327 steps, improv/step: 0.020 (last = 0.0154), fitness=-287202093.350712717
20904.71 secs, 2341866 evals, 2342158 steps, improv/step: 0.020 (last = 0.0230), fitness=-287202093.363279402
20934.72 secs, 2344762 evals, 2345055 steps, improv/step: 0.020 (last = 0.0228), fitness=-287202093.366585076
20964.73 secs, 2347588 evals, 2347882 steps, improv/step: 0.020 (last = 0.0191), fitness=-287202093.390367031
20994.73 secs, 2350418 evals, 2350712 steps, improv/step: 0.020 (last = 0.0187), fitness=-287202093.397406697
21024.74 secs, 2353409 evals, 2353703 steps, improv/step: 0.020 (last = 0.0174), fitness=-287202093.415668249
21055.06 secs, 2356328 evals, 2356622 steps, improv/step: 0.020 (last = 0.0178), fitness=-287202093.415668249
21085.07 secs, 2359266 evals, 2359563 steps, improv/step: 0.020 (last = 0.0150), fitness=-287202093.427990615
21115.08 secs, 2362175 evals, 2362474 steps, improv/step: 0.020 (last = 0.0155), fitness=-287202093.429925919
21145.62 secs, 2365019 evals, 2365319 steps, improv/step: 0.020 (last = 0.0137), fitness=-287202093.429925919
21175.63 secs, 2367949 evals, 2368249 steps, improv/step: 0.020 (last = 0.0171), fitness=-287202093.440613389
21205.63 secs, 2370899 evals, 2371200 steps, improv/step: 0.020 (last = 0.0163), fitness=-287202093.447666407
21235.64 secs, 2373825 evals, 2374126 steps, improv/step: 0.020 (last = 0.0188), fitness=-287202093.462498903
21265.65 secs, 2376680 evals, 2376981 steps, improv/step: 0.020 (last = 0.0161), fitness=-287202093.487188578
21295.65 secs, 2379689 evals, 2379990 steps, improv/step: 0.020 (last = 0.0173), fitness=-287202093.487188578
21325.66 secs, 2382643 evals, 2382945 steps, improv/step: 0.020 (last = 0.0261), fitness=-287202093.503925562
21355.66 secs, 2385465 evals, 2385767 steps, improv/step: 0.020 (last = 0.0206), fitness=-287202093.535077810
21385.67 secs, 2388370 evals, 2388672 steps, improv/step: 0.020 (last = 0.0210), fitness=-287202093.539780438
21415.68 secs, 2391127 evals, 2391429 steps, improv/step: 0.020 (last = 0.0149), fitness=-287202093.546768844
21445.68 secs, 2394048 evals, 2394350 steps, improv/step: 0.020 (last = 0.0151), fitness=-287202093.553511620
21475.69 secs, 2396985 evals, 2397287 steps, improv/step: 0.020 (last = 0.0129), fitness=-287202093.556527853
21505.69 secs, 2399915 evals, 2400217 steps, improv/step: 0.020 (last = 0.0188), fitness=-287202093.561461627
21536.51 secs, 2402876 evals, 2403178 steps, improv/step: 0.020 (last = 0.0125), fitness=-287202093.583160520
21566.51 secs, 2405738 evals, 2406041 steps, improv/step: 0.020 (last = 0.0182), fitness=-287202093.611826479
21596.69 secs, 2408463 evals, 2408766 steps, improv/step: 0.020 (last = 0.0198), fitness=-287202093.619383454
21626.69 secs, 2411443 evals, 2411747 steps, improv/step: 0.020 (last = 0.0151), fitness=-287202093.653141856
21656.70 secs, 2414330 evals, 2414636 steps, improv/step: 0.020 (last = 0.0080), fitness=-287202093.653141856
21686.70 secs, 2417158 evals, 2417465 steps, improv/step: 0.020 (last = 0.0180), fitness=-287202093.653141856
21716.71 secs, 2420033 evals, 2420343 steps, improv/step: 0.019 (last = 0.0167), fitness=-287202093.668256879
21746.71 secs, 2422723 evals, 2423034 steps, improv/step: 0.019 (last = 0.0145), fitness=-287202093.681118429
21776.71 secs, 2425653 evals, 2425964 steps, improv/step: 0.019 (last = 0.0092), fitness=-287202093.696582437
21807.17 secs, 2428584 evals, 2428896 steps, improv/step: 0.019 (last = 0.0116), fitness=-287202093.738402188
21837.17 secs, 2431474 evals, 2431786 steps, improv/step: 0.019 (last = 0.0156), fitness=-287202093.738402188
21867.18 secs, 2434415 evals, 2434728 steps, improv/step: 0.019 (last = 0.0156), fitness=-287202093.762829304
21897.18 secs, 2437234 evals, 2437547 steps, improv/step: 0.019 (last = 0.0163), fitness=-287202093.762829304
21927.19 secs, 2439991 evals, 2440305 steps, improv/step: 0.019 (last = 0.0131), fitness=-287202093.764702499
21957.20 secs, 2442811 evals, 2443125 steps, improv/step: 0.019 (last = 0.0117), fitness=-287202093.783827603
21987.20 secs, 2445611 evals, 2445926 steps, improv/step: 0.019 (last = 0.0161), fitness=-287202093.801426172
22017.21 secs, 2448328 evals, 2448643 steps, improv/step: 0.019 (last = 0.0114), fitness=-287202093.803532481
22047.22 secs, 2450873 evals, 2451188 steps, improv/step: 0.019 (last = 0.0134), fitness=-287202093.834971309
22077.73 secs, 2453605 evals, 2453922 steps, improv/step: 0.019 (last = 0.0143), fitness=-287202093.834971309
22107.74 secs, 2456449 evals, 2456769 steps, improv/step: 0.019 (last = 0.0186), fitness=-287202093.839258611
22137.74 secs, 2459207 evals, 2459527 steps, improv/step: 0.019 (last = 0.0163), fitness=-287202093.839258611
22167.74 secs, 2462064 evals, 2462385 steps, improv/step: 0.019 (last = 0.0147), fitness=-287202093.888022661
22197.75 secs, 2464928 evals, 2465249 steps, improv/step: 0.019 (last = 0.0161), fitness=-287202093.888022661
22227.76 secs, 2467748 evals, 2468071 steps, improv/step: 0.019 (last = 0.0181), fitness=-287202093.900148034
22257.77 secs, 2470393 evals, 2470717 steps, improv/step: 0.019 (last = 0.0155), fitness=-287202093.914280057
22287.77 secs, 2473291 evals, 2473616 steps, improv/step: 0.019 (last = 0.0155), fitness=-287202093.935583353
22317.92 secs, 2475997 evals, 2476322 steps, improv/step: 0.019 (last = 0.0118), fitness=-287202093.951442480
22347.92 secs, 2478994 evals, 2479321 steps, improv/step: 0.019 (last = 0.0100), fitness=-287202093.965105116
22377.92 secs, 2482125 evals, 2482452 steps, improv/step: 0.019 (last = 0.0121), fitness=-287202093.968758345
22407.92 secs, 2485207 evals, 2485537 steps, improv/step: 0.019 (last = 0.0139), fitness=-287202093.968758345
22437.93 secs, 2488193 evals, 2488526 steps, improv/step: 0.019 (last = 0.0094), fitness=-287202093.975896835
22467.93 secs, 2491294 evals, 2491629 steps, improv/step: 0.019 (last = 0.0116), fitness=-287202093.978086352
22497.94 secs, 2494191 evals, 2494526 steps, improv/step: 0.019 (last = 0.0117), fitness=-287202093.980190337
22527.94 secs, 2497113 evals, 2497448 steps, improv/step: 0.019 (last = 0.0154), fitness=-287202093.993724108

Optimization stopped after 2500338 steps and 22555.86 seconds
Termination reason: Max number of function evaluations (2500000) reached
Steps per second = 110.85
Function evals per second = 110.84
Improvements/step = Inf
Total function evaluations = 2500001


Best candidate found: [147.116, 453.07, 122.173, 7.3537, 2.76805e5, 427.546, 657.282, 491.179, 31.6937, 23468.9, 4.90066e-5, 0.00047668, 0.00503795, 0.03941, 0.346811]

Fitness: -287202094.005986571

-2.8720209400651926e8
15-element Vector{Float64}:
    147.11627882836538
    453.0700061323976
    122.17257444999026
      7.353699065647216
 276804.816322777
    427.54589738219494
    657.2817434363432
    491.1794607324278
     31.69371423505609
  23468.87957951725
      4.899948219235168e-5
      0.0004766791428019293
      0.005037940362931194
      0.0394099834880964
      0.34681137498260983
Script has finished
Sat Dec 18 21:58:22 CET 2021

------------------------------------------------------------
Sender: LSF System <schwan@makalu126>
Subject: Job 575426: <Julia_Job_parallel> in cluster <wuerfel> Done

Job <Julia_Job_parallel> was submitted from host <makalu56> by user <magr4985> in cluster <wuerfel> at Sat Dec 18 15:37:56 2021
Job was executed on host(s) <makalu126>, in queue <BatchXL>, as user <magr4985> in cluster <wuerfel> at Sat Dec 18 15:38:06 2021
</usr/scratch4/magr4985> was used as the home directory.
</usr/scratch4/magr4985/TRPL/BatchJobs/C2702_hzb/Run14> was used as the working directory.
Started at Sat Dec 18 15:38:06 2021
Terminated at Sat Dec 18 21:58:22 2021
Results reported at Sat Dec 18 21:58:22 2021

Your job looked like:

------------------------------------------------------------
# LSBATCH: User input
#!/bin/csh 
#BSUB -q BatchXL 
#BSUB -R "mem > 8000 span[hosts=1] && intel_avx2" 
#BSUB -oo lsf_julia_%J.log 
#BSUB -eo lsf_julia_%J.err 
#BSUB -J Julia_Job_parallel 
#BSUB -L /bin/csh 
#BSUB -n 1 
date 
pwd 
module purge 
/usr/scratch4/magr4985/julia-1.6.2/bin/julia -t 4 /usr/scratch4/magr4985/TRPL/Programs/trpl_analysis_real.jl C2702_hzb 1.0e17 2500000 1 /usr/scratch4/magr4985/TRPL/BatchJobs/C2702_hzb/Run14 1.0e-14 3600 "[1.0, 1.0, 1.0, 1.0, 1.0, 1.0, 1.0, 1.0, 1.0, 1.0, 1.0e-6, 1.0e-6, 1.0e-6, 1.0e-6, 1.0e-6, 1.0e-6, 1.0e-6, 1.0e-6, 1.0e-6, 1.0e-6]" "[5000.0, 5000.0, 1000.0, 1000.0, 1.0e9, 1000.0, 10000.0, 10000.0, 1000.0, 1.0e6, 0.5, 0.5, 0.5, 0.5, 0.5, 0.5, 0.5, 0.5, 0.5, 0.5]" 
date
------------------------------------------------------------

Successfully completed.

Resource usage summary:

    CPU time :                                   58107.08 sec.
    Max Memory :                                 6938.69 MB
    Average Memory :                             2265.22 MB
    Total Requested Memory :                     -
    Delta Memory :                               -
    Max Swap :                                   256 KB
    Max Processes :                              4
    Max Threads :                                12
    Run time :                                   22816 sec.
    Turnaround time :                            22826 sec.

The output (if any) is above this job summary.



PS:

Read file <lsf_julia_575426.err> for stderr output of this job.

