Warning: no access to tty (Bad file descriptor).
Thus no job control in this shell.
Warning: no access to tty (Bad file descriptor).
Thus no job control in this shell.
Tue Dec 21 20:17:20 CET 2021
/usr/scratch4/magr4985/TRPL/BatchJobs/syn_data_4/Run23
# Thread: 4
2422025690890242275 RNG Seed
Run 1
Starting optimization with optimizer DiffEvoOpt{FitPopulation{Float64}, RadiusLimitedSelector, BlackBoxOptim.DiffEvoRandBin{3}, RandomBound{ContinuousRectSearchSpace}}
0.00 secs, 0 evals, 0 steps
30.00 secs, 5387 evals, 5288 steps, improv/step: 0.299 (last = 0.2992), fitness=-1794080770.868304729
60.03 secs, 10449 evals, 10350 steps, improv/step: 0.200 (last = 0.0968), fitness=-1795124690.059995174
90.04 secs, 16160 evals, 16061 steps, improv/step: 0.164 (last = 0.0975), fitness=-1795210474.751125097
120.04 secs, 22073 evals, 21974 steps, improv/step: 0.152 (last = 0.1192), fitness=-1795324433.785758734
150.04 secs, 27822 evals, 27723 steps, improv/step: 0.138 (last = 0.0856), fitness=-1795356326.130146980
180.04 secs, 33719 evals, 33620 steps, improv/step: 0.128 (last = 0.0814), fitness=-1795422287.836985588
210.05 secs, 38642 evals, 38543 steps, improv/step: 0.118 (last = 0.0500), fitness=-1795424040.486851454
240.05 secs, 43566 evals, 43467 steps, improv/step: 0.113 (last = 0.0703), fitness=-1795442775.653466463
270.05 secs, 48397 evals, 48298 steps, improv/step: 0.113 (last = 0.1124), fitness=-1795454352.385906696
300.05 secs, 53018 evals, 52919 steps, improv/step: 0.111 (last = 0.0939), fitness=-1795463007.818922758
330.06 secs, 57635 evals, 57536 steps, improv/step: 0.108 (last = 0.0749), fitness=-1795467978.126835108
360.06 secs, 62418 evals, 62319 steps, improv/step: 0.105 (last = 0.0696), fitness=-1795471245.756957293
390.06 secs, 66936 evals, 66837 steps, improv/step: 0.103 (last = 0.0691), fitness=-1795473046.634927273
420.06 secs, 71294 evals, 71197 steps, improv/step: 0.100 (last = 0.0610), fitness=-1795474750.969062567
450.07 secs, 75506 evals, 75410 steps, improv/step: 0.098 (last = 0.0598), fitness=-1795475860.655016899
480.07 secs, 79682 evals, 79586 steps, improv/step: 0.095 (last = 0.0512), fitness=-1795477210.030638695
510.07 secs, 83964 evals, 83868 steps, improv/step: 0.093 (last = 0.0511), fitness=-1795477945.035710096
540.13 secs, 88214 evals, 88118 steps, improv/step: 0.092 (last = 0.0626), fitness=-1795478451.327761889
570.14 secs, 92358 evals, 92263 steps, improv/step: 0.090 (last = 0.0485), fitness=-1795478778.838442802
600.14 secs, 96101 evals, 96006 steps, improv/step: 0.088 (last = 0.0510), fitness=-1795478959.136098146
630.15 secs, 100016 evals, 99922 steps, improv/step: 0.086 (last = 0.0419), fitness=-1795479142.062198639
660.16 secs, 103957 evals, 103863 steps, improv/step: 0.085 (last = 0.0426), fitness=-1795479344.168958426
690.16 secs, 107916 evals, 107822 steps, improv/step: 0.083 (last = 0.0386), fitness=-1795479493.871746778
720.17 secs, 111801 evals, 111707 steps, improv/step: 0.081 (last = 0.0345), fitness=-1795479635.523596525
750.17 secs, 115811 evals, 115717 steps, improv/step: 0.080 (last = 0.0357), fitness=-1795479819.649192572
780.17 secs, 119666 evals, 119573 steps, improv/step: 0.078 (last = 0.0376), fitness=-1795479934.054038048
810.18 secs, 123522 evals, 123430 steps, improv/step: 0.077 (last = 0.0327), fitness=-1795480038.650738716
840.18 secs, 127493 evals, 127401 steps, improv/step: 0.075 (last = 0.0264), fitness=-1795480093.386612654
870.19 secs, 131503 evals, 131412 steps, improv/step: 0.074 (last = 0.0302), fitness=-1795480166.825458288
900.19 secs, 135428 evals, 135338 steps, improv/step: 0.073 (last = 0.0341), fitness=-1795480227.279289484
930.19 secs, 139359 evals, 139269 steps, improv/step: 0.072 (last = 0.0379), fitness=-1795480282.321830750
960.20 secs, 143164 evals, 143074 steps, improv/step: 0.071 (last = 0.0300), fitness=-1795480327.934411049
990.21 secs, 147078 evals, 146988 steps, improv/step: 0.070 (last = 0.0347), fitness=-1795480395.029929399
1020.21 secs, 151047 evals, 150957 steps, improv/step: 0.069 (last = 0.0244), fitness=-1795480437.700108051
1050.21 secs, 154883 evals, 154794 steps, improv/step: 0.068 (last = 0.0237), fitness=-1795480461.642590761
1080.22 secs, 158847 evals, 158760 steps, improv/step: 0.067 (last = 0.0270), fitness=-1795480484.450716019
1110.22 secs, 162975 evals, 162888 steps, improv/step: 0.065 (last = 0.0233), fitness=-1795480508.776375294
1140.22 secs, 166929 evals, 166843 steps, improv/step: 0.065 (last = 0.0314), fitness=-1795480533.311025620
1170.23 secs, 170955 evals, 170869 steps, improv/step: 0.064 (last = 0.0310), fitness=-1795480552.745363474
1200.23 secs, 174909 evals, 174823 steps, improv/step: 0.063 (last = 0.0260), fitness=-1795480580.649428844
1230.29 secs, 178827 evals, 178741 steps, improv/step: 0.062 (last = 0.0227), fitness=-1795480588.862946272
1260.29 secs, 182656 evals, 182571 steps, improv/step: 0.061 (last = 0.0277), fitness=-1795480596.036977053
1290.30 secs, 186539 evals, 186456 steps, improv/step: 0.061 (last = 0.0366), fitness=-1795480599.912019730
1320.33 secs, 190404 evals, 190322 steps, improv/step: 0.060 (last = 0.0323), fitness=-1795480606.844191313
1350.33 secs, 194167 evals, 194086 steps, improv/step: 0.060 (last = 0.0340), fitness=-1795480621.589235783
1380.33 secs, 197878 evals, 197799 steps, improv/step: 0.059 (last = 0.0294), fitness=-1795480622.499514341
1410.33 secs, 201785 evals, 201706 steps, improv/step: 0.059 (last = 0.0297), fitness=-1795480632.152080774
1440.34 secs, 205614 evals, 205535 steps, improv/step: 0.058 (last = 0.0311), fitness=-1795480637.989588737
1470.34 secs, 209573 evals, 209495 steps, improv/step: 0.058 (last = 0.0351), fitness=-1795480642.612903833
1500.34 secs, 213698 evals, 213621 steps, improv/step: 0.057 (last = 0.0308), fitness=-1795480647.455662251
1530.35 secs, 217614 evals, 217537 steps, improv/step: 0.057 (last = 0.0335), fitness=-1795480651.750076056
1560.35 secs, 221552 evals, 221475 steps, improv/step: 0.056 (last = 0.0287), fitness=-1795480653.924750566
1590.35 secs, 225414 evals, 225337 steps, improv/step: 0.056 (last = 0.0267), fitness=-1795480655.454359293
1620.36 secs, 229402 evals, 229325 steps, improv/step: 0.055 (last = 0.0243), fitness=-1795480658.363216877
1650.36 secs, 233270 evals, 233193 steps, improv/step: 0.055 (last = 0.0282), fitness=-1795480661.962512732
1680.36 secs, 237247 evals, 237170 steps, improv/step: 0.054 (last = 0.0317), fitness=-1795480663.839040995
1710.37 secs, 241208 evals, 241131 steps, improv/step: 0.054 (last = 0.0465), fitness=-1795480667.125572920
1740.37 secs, 245149 evals, 245072 steps, improv/step: 0.054 (last = 0.0350), fitness=-1795480669.358367920
1770.38 secs, 249088 evals, 249011 steps, improv/step: 0.054 (last = 0.0442), fitness=-1795480674.623504877
1800.38 secs, 253124 evals, 253047 steps, improv/step: 0.054 (last = 0.0389), fitness=-1795480677.308910608
1830.38 secs, 257259 evals, 257182 steps, improv/step: 0.053 (last = 0.0331), fitness=-1795480678.261031151
1860.39 secs, 261358 evals, 261282 steps, improv/step: 0.053 (last = 0.0332), fitness=-1795480679.518986464
1890.39 secs, 265243 evals, 265167 steps, improv/step: 0.053 (last = 0.0386), fitness=-1795480680.805875301
1920.39 secs, 269223 evals, 269148 steps, improv/step: 0.052 (last = 0.0324), fitness=-1795480682.337030411
1950.39 secs, 273289 evals, 273215 steps, improv/step: 0.052 (last = 0.0337), fitness=-1795480683.703897476
1980.40 secs, 277246 evals, 277173 steps, improv/step: 0.052 (last = 0.0349), fitness=-1795480684.252465010
2010.40 secs, 281084 evals, 281014 steps, improv/step: 0.052 (last = 0.0281), fitness=-1795480684.432747126
2040.40 secs, 285180 evals, 285110 steps, improv/step: 0.051 (last = 0.0320), fitness=-1795480684.883778811
2070.45 secs, 289182 evals, 289112 steps, improv/step: 0.051 (last = 0.0315), fitness=-1795480685.158402681
2100.46 secs, 292927 evals, 292857 steps, improv/step: 0.051 (last = 0.0398), fitness=-1795480685.286211729
2130.46 secs, 296695 evals, 296626 steps, improv/step: 0.051 (last = 0.0374), fitness=-1795480685.387835979
2160.47 secs, 300582 evals, 300514 steps, improv/step: 0.050 (last = 0.0327), fitness=-1795480685.423946142
2190.47 secs, 304342 evals, 304274 steps, improv/step: 0.050 (last = 0.0258), fitness=-1795480685.489778280
2220.47 secs, 308211 evals, 308143 steps, improv/step: 0.050 (last = 0.0287), fitness=-1795480685.541760683
2250.47 secs, 312012 evals, 311946 steps, improv/step: 0.050 (last = 0.0260), fitness=-1795480685.546216965
2280.48 secs, 315864 evals, 315799 steps, improv/step: 0.049 (last = 0.0231), fitness=-1795480685.558506012
2310.48 secs, 319571 evals, 319506 steps, improv/step: 0.049 (last = 0.0194), fitness=-1795480685.578936100
2340.48 secs, 323402 evals, 323337 steps, improv/step: 0.049 (last = 0.0201), fitness=-1795480685.583630800
2370.48 secs, 327279 evals, 327215 steps, improv/step: 0.048 (last = 0.0170), fitness=-1795480685.591585875
2400.49 secs, 331113 evals, 331049 steps, improv/step: 0.048 (last = 0.0240), fitness=-1795480685.595774174
2430.49 secs, 334990 evals, 334926 steps, improv/step: 0.048 (last = 0.0152), fitness=-1795480685.598531246
2460.49 secs, 338948 evals, 338884 steps, improv/step: 0.047 (last = 0.0184), fitness=-1795480685.602640390
2490.50 secs, 342883 evals, 342820 steps, improv/step: 0.047 (last = 0.0193), fitness=-1795480685.606378555
2520.50 secs, 346714 evals, 346651 steps, improv/step: 0.047 (last = 0.0219), fitness=-1795480685.606436729
2550.51 secs, 350459 evals, 350396 steps, improv/step: 0.046 (last = 0.0222), fitness=-1795480685.607031345
2580.51 secs, 354264 evals, 354201 steps, improv/step: 0.046 (last = 0.0163), fitness=-1795480685.607716799
2610.51 secs, 358061 evals, 357998 steps, improv/step: 0.046 (last = 0.0158), fitness=-1795480685.608108044
2640.52 secs, 361876 evals, 361813 steps, improv/step: 0.045 (last = 0.0121), fitness=-1795480685.608255148
2670.52 secs, 365731 evals, 365668 steps, improv/step: 0.045 (last = 0.0184), fitness=-1795480685.608795166
2700.52 secs, 369515 evals, 369452 steps, improv/step: 0.045 (last = 0.0193), fitness=-1795480685.608913898
2730.52 secs, 373381 evals, 373319 steps, improv/step: 0.044 (last = 0.0155), fitness=-1795480685.608924627
2760.53 secs, 377102 evals, 377040 steps, improv/step: 0.044 (last = 0.0153), fitness=-1795480685.609163284
2790.60 secs, 380907 evals, 380847 steps, improv/step: 0.044 (last = 0.0121), fitness=-1795480685.609207630
2820.61 secs, 384723 evals, 384663 steps, improv/step: 0.044 (last = 0.0157), fitness=-1795480685.609218121
2850.61 secs, 388564 evals, 388505 steps, improv/step: 0.043 (last = 0.0107), fitness=-1795480685.609226227
2880.61 secs, 392342 evals, 392284 steps, improv/step: 0.043 (last = 0.0159), fitness=-1795480685.609278202
2910.62 secs, 396154 evals, 396096 steps, improv/step: 0.043 (last = 0.0189), fitness=-1795480685.609367132
2940.62 secs, 400048 evals, 399990 steps, improv/step: 0.043 (last = 0.0177), fitness=-1795480685.609389305
2970.63 secs, 403863 evals, 403805 steps, improv/step: 0.042 (last = 0.0173), fitness=-1795480685.609464169
3000.64 secs, 407674 evals, 407616 steps, improv/step: 0.042 (last = 0.0134), fitness=-1795480685.609483004
3030.76 secs, 411488 evals, 411431 steps, improv/step: 0.042 (last = 0.0142), fitness=-1795480685.609495163
3060.77 secs, 415222 evals, 415165 steps, improv/step: 0.041 (last = 0.0118), fitness=-1795480685.609512806
3090.77 secs, 419140 evals, 419084 steps, improv/step: 0.041 (last = 0.0135), fitness=-1795480685.609549284
3120.77 secs, 422881 evals, 422825 steps, improv/step: 0.041 (last = 0.0126), fitness=-1795480685.609657049
3150.77 secs, 426641 evals, 426586 steps, improv/step: 0.041 (last = 0.0133), fitness=-1795480685.609657049
3180.78 secs, 430346 evals, 430291 steps, improv/step: 0.041 (last = 0.0175), fitness=-1795480685.609723091
3210.78 secs, 434269 evals, 434215 steps, improv/step: 0.040 (last = 0.0145), fitness=-1795480685.609734774
3240.78 secs, 438067 evals, 438014 steps, improv/step: 0.040 (last = 0.0171), fitness=-1795480685.609769583
3270.79 secs, 441814 evals, 441761 steps, improv/step: 0.040 (last = 0.0155), fitness=-1795480685.609822750
3300.79 secs, 445705 evals, 445656 steps, improv/step: 0.040 (last = 0.0095), fitness=-1795480685.609835386
3330.80 secs, 449705 evals, 449657 steps, improv/step: 0.039 (last = 0.0145), fitness=-1795480685.609853745
3360.81 secs, 453787 evals, 453740 steps, improv/step: 0.039 (last = 0.0159), fitness=-1795480685.609911442
3390.81 secs, 457673 evals, 457626 steps, improv/step: 0.039 (last = 0.0160), fitness=-1795480685.609944344
3420.81 secs, 461525 evals, 461479 steps, improv/step: 0.039 (last = 0.0148), fitness=-1795480685.609971523
3450.81 secs, 465398 evals, 465353 steps, improv/step: 0.039 (last = 0.0142), fitness=-1795480685.610023737
3480.82 secs, 469291 evals, 469247 steps, improv/step: 0.038 (last = 0.0087), fitness=-1795480685.610033035
3510.82 secs, 473111 evals, 473067 steps, improv/step: 0.038 (last = 0.0107), fitness=-1795480685.610050440
3540.82 secs, 476960 evals, 476918 steps, improv/step: 0.038 (last = 0.0145), fitness=-1795480685.610097647
3570.82 secs, 480920 evals, 480880 steps, improv/step: 0.038 (last = 0.0169), fitness=-1795480685.610158205
3600.82 secs, 484737 evals, 484697 steps, improv/step: 0.038 (last = 0.0155), fitness=-1795480685.610263586
3630.83 secs, 488421 evals, 488381 steps, improv/step: 0.037 (last = 0.0141), fitness=-1795480685.610271692
3660.83 secs, 492176 evals, 492136 steps, improv/step: 0.037 (last = 0.0160), fitness=-1795480685.610297918
3690.84 secs, 495969 evals, 495930 steps, improv/step: 0.037 (last = 0.0140), fitness=-1795480685.610331059
3720.84 secs, 499755 evals, 499717 steps, improv/step: 0.037 (last = 0.0166), fitness=-1795480685.610354185
3750.85 secs, 503594 evals, 503558 steps, improv/step: 0.037 (last = 0.0167), fitness=-1795480685.610382080
3780.85 secs, 507365 evals, 507329 steps, improv/step: 0.037 (last = 0.0125), fitness=-1795480685.610422134
3810.86 secs, 511061 evals, 511025 steps, improv/step: 0.036 (last = 0.0170), fitness=-1795480685.610449314
3840.86 secs, 514900 evals, 514865 steps, improv/step: 0.036 (last = 0.0177), fitness=-1795480685.610464573
3870.87 secs, 518702 evals, 518667 steps, improv/step: 0.036 (last = 0.0242), fitness=-1795480685.610537529
3900.87 secs, 522424 evals, 522390 steps, improv/step: 0.036 (last = 0.0274), fitness=-1795480685.610593081
3930.88 secs, 526249 evals, 526215 steps, improv/step: 0.036 (last = 0.0264), fitness=-1795480685.610631943
3960.88 secs, 530106 evals, 530072 steps, improv/step: 0.036 (last = 0.0303), fitness=-1795480685.610672235
3990.88 secs, 533807 evals, 533773 steps, improv/step: 0.036 (last = 0.0243), fitness=-1795480685.610718727
4020.89 secs, 537551 evals, 537517 steps, improv/step: 0.036 (last = 0.0243), fitness=-1795480685.610770702
4050.89 secs, 541372 evals, 541339 steps, improv/step: 0.036 (last = 0.0191), fitness=-1795480685.610794783
4080.89 secs, 545240 evals, 545208 steps, improv/step: 0.036 (last = 0.0176), fitness=-1795480685.610818386
4111.05 secs, 548965 evals, 548934 steps, improv/step: 0.035 (last = 0.0156), fitness=-1795480685.610877752
4141.05 secs, 552792 evals, 552762 steps, improv/step: 0.035 (last = 0.0206), fitness=-1795480685.610927105
4171.06 secs, 556707 evals, 556680 steps, improv/step: 0.035 (last = 0.0240), fitness=-1795480685.611069202
4201.06 secs, 560605 evals, 560580 steps, improv/step: 0.035 (last = 0.0233), fitness=-1795480685.611069202
4231.21 secs, 564519 evals, 564495 steps, improv/step: 0.035 (last = 0.0192), fitness=-1795480685.611107826
4261.21 secs, 568345 evals, 568321 steps, improv/step: 0.035 (last = 0.0159), fitness=-1795480685.611156940
4291.23 secs, 572205 evals, 572182 steps, improv/step: 0.035 (last = 0.0181), fitness=-1795480685.611228228
4321.23 secs, 575987 evals, 575966 steps, improv/step: 0.035 (last = 0.0172), fitness=-1795480685.611257553
4351.24 secs, 579920 evals, 579899 steps, improv/step: 0.035 (last = 0.0153), fitness=-1795480685.611257553
4381.24 secs, 583731 evals, 583710 steps, improv/step: 0.034 (last = 0.0147), fitness=-1795480685.611300945
4411.24 secs, 587629 evals, 587609 steps, improv/step: 0.034 (last = 0.0162), fitness=-1795480685.611328125
4441.24 secs, 591551 evals, 591531 steps, improv/step: 0.034 (last = 0.0122), fitness=-1795480685.611328125
4471.25 secs, 595406 evals, 595387 steps, improv/step: 0.034 (last = 0.0143), fitness=-1795480685.611361742
4501.26 secs, 599231 evals, 599214 steps, improv/step: 0.034 (last = 0.0112), fitness=-1795480685.611377478
4531.34 secs, 603188 evals, 603171 steps, improv/step: 0.034 (last = 0.0114), fitness=-1795480685.611392260
4561.35 secs, 607215 evals, 607198 steps, improv/step: 0.034 (last = 0.0104), fitness=-1795480685.611396313
4591.37 secs, 611293 evals, 611276 steps, improv/step: 0.034 (last = 0.0174), fitness=-1795480685.611426830
4621.38 secs, 615221 evals, 615204 steps, improv/step: 0.033 (last = 0.0135), fitness=-1795480685.611480713
4651.38 secs, 618964 evals, 618947 steps, improv/step: 0.033 (last = 0.0195), fitness=-1795480685.611480713
4681.39 secs, 622780 evals, 622764 steps, improv/step: 0.033 (last = 0.0162), fitness=-1795480685.611552000
4711.39 secs, 626588 evals, 626573 steps, improv/step: 0.033 (last = 0.0189), fitness=-1795480685.611683130
4741.47 secs, 630522 evals, 630507 steps, improv/step: 0.033 (last = 0.0219), fitness=-1795480685.611773729
4771.47 secs, 634358 evals, 634344 steps, improv/step: 0.033 (last = 0.0167), fitness=-1795480685.611822605
4801.49 secs, 638207 evals, 638196 steps, improv/step: 0.033 (last = 0.0179), fitness=-1795480685.612217903
4831.49 secs, 642033 evals, 642022 steps, improv/step: 0.033 (last = 0.0188), fitness=-1795480685.612400055
4861.50 secs, 645751 evals, 645740 steps, improv/step: 0.033 (last = 0.0164), fitness=-1795480685.612565517
4891.50 secs, 649518 evals, 649507 steps, improv/step: 0.033 (last = 0.0183), fitness=-1795480685.613020897
4921.50 secs, 653215 evals, 653204 steps, improv/step: 0.032 (last = 0.0154), fitness=-1795480685.613036633
4951.51 secs, 656956 evals, 656948 steps, improv/step: 0.032 (last = 0.0166), fitness=-1795480685.613307953
4981.51 secs, 660869 evals, 660862 steps, improv/step: 0.032 (last = 0.0187), fitness=-1795480685.613531113
5011.51 secs, 664838 evals, 664831 steps, improv/step: 0.032 (last = 0.0141), fitness=-1795480685.613674641
5041.51 secs, 668755 evals, 668750 steps, improv/step: 0.032 (last = 0.0145), fitness=-1795480685.613755941
5071.51 secs, 672496 evals, 672491 steps, improv/step: 0.032 (last = 0.0184), fitness=-1795480685.613920689
5101.52 secs, 676282 evals, 676277 steps, improv/step: 0.032 (last = 0.0151), fitness=-1795480685.614081621
5131.53 secs, 680156 evals, 680152 steps, improv/step: 0.032 (last = 0.0196), fitness=-1795480685.614367723
5161.53 secs, 684072 evals, 684069 steps, improv/step: 0.032 (last = 0.0184), fitness=-1795480685.614448547
5191.53 secs, 687868 evals, 687868 steps, improv/step: 0.032 (last = 0.0150), fitness=-1795480685.614615202
5221.54 secs, 691810 evals, 691812 steps, improv/step: 0.032 (last = 0.0114), fitness=-1795480685.614635468
5251.54 secs, 695769 evals, 695773 steps, improv/step: 0.031 (last = 0.0167), fitness=-1795480685.614778042
5281.55 secs, 699577 evals, 699581 steps, improv/step: 0.031 (last = 0.0108), fitness=-1795480685.614883900
5311.55 secs, 703491 evals, 703497 steps, improv/step: 0.031 (last = 0.0148), fitness=-1795480685.615133286
5341.56 secs, 707517 evals, 707524 steps, improv/step: 0.031 (last = 0.0149), fitness=-1795480685.615136147
5371.56 secs, 711506 evals, 711515 steps, improv/step: 0.031 (last = 0.0108), fitness=-1795480685.615150690
5401.56 secs, 715580 evals, 715592 steps, improv/step: 0.031 (last = 0.0120), fitness=-1795480685.615266085
5431.57 secs, 719468 evals, 719482 steps, improv/step: 0.031 (last = 0.0165), fitness=-1795480685.615429401
5461.57 secs, 723242 evals, 723256 steps, improv/step: 0.031 (last = 0.0132), fitness=-1795480685.615676403
5491.57 secs, 726917 evals, 726932 steps, improv/step: 0.031 (last = 0.0141), fitness=-1795480685.615791082
5521.57 secs, 730781 evals, 730796 steps, improv/step: 0.031 (last = 0.0124), fitness=-1795480685.615796804
5551.58 secs, 734587 evals, 734604 steps, improv/step: 0.031 (last = 0.0152), fitness=-1795480685.615875721
5581.58 secs, 738511 evals, 738529 steps, improv/step: 0.030 (last = 0.0138), fitness=-1795480685.616008759
5611.64 secs, 742199 evals, 742217 steps, improv/step: 0.030 (last = 0.0136), fitness=-1795480685.616208553
5641.64 secs, 745974 evals, 745993 steps, improv/step: 0.030 (last = 0.0180), fitness=-1795480685.616257906
5671.65 secs, 749814 evals, 749836 steps, improv/step: 0.030 (last = 0.0180), fitness=-1795480685.616335869
5701.65 secs, 753496 evals, 753518 steps, improv/step: 0.030 (last = 0.0228), fitness=-1795480685.616509676
5731.65 secs, 757244 evals, 757267 steps, improv/step: 0.030 (last = 0.0181), fitness=-1795480685.616631269
5761.65 secs, 760920 evals, 760943 steps, improv/step: 0.030 (last = 0.0163), fitness=-1795480685.616736412
5791.76 secs, 764770 evals, 764793 steps, improv/step: 0.030 (last = 0.0182), fitness=-1795480685.616781950
5821.79 secs, 768651 evals, 768674 steps, improv/step: 0.030 (last = 0.0193), fitness=-1795480685.616865158
5851.79 secs, 772542 evals, 772566 steps, improv/step: 0.030 (last = 0.0198), fitness=-1795480685.616932631
5881.79 secs, 776307 evals, 776331 steps, improv/step: 0.030 (last = 0.0199), fitness=-1795480685.617114305
5911.80 secs, 780148 evals, 780173 steps, improv/step: 0.030 (last = 0.0174), fitness=-1795480685.617114305
5941.83 secs, 783969 evals, 783995 steps, improv/step: 0.030 (last = 0.0178), fitness=-1795480685.617251396
5971.83 secs, 787871 evals, 787898 steps, improv/step: 0.030 (last = 0.0182), fitness=-1795480685.617372513
6001.85 secs, 791825 evals, 791854 steps, improv/step: 0.030 (last = 0.0137), fitness=-1795480685.617649078
6031.85 secs, 795720 evals, 795749 steps, improv/step: 0.030 (last = 0.0182), fitness=-1795480685.617649078
6061.86 secs, 799647 evals, 799677 steps, improv/step: 0.029 (last = 0.0137), fitness=-1795480685.617765188
6091.87 secs, 803816 evals, 803848 steps, improv/step: 0.029 (last = 0.0117), fitness=-1795480685.617804050
6121.87 secs, 807928 evals, 807961 steps, improv/step: 0.029 (last = 0.0124), fitness=-1795480685.618063211
6151.88 secs, 811916 evals, 811950 steps, improv/step: 0.029 (last = 0.0125), fitness=-1795480685.618143797
6181.88 secs, 815890 evals, 815925 steps, improv/step: 0.029 (last = 0.0138), fitness=-1795480685.618239164
6211.88 secs, 819888 evals, 819923 steps, improv/step: 0.029 (last = 0.0125), fitness=-1795480685.618262768
6241.88 secs, 823903 evals, 823939 steps, improv/step: 0.029 (last = 0.0117), fitness=-1795480685.618322134
6271.89 secs, 828030 evals, 828067 steps, improv/step: 0.029 (last = 0.0111), fitness=-1795480685.618373394
6301.89 secs, 832110 evals, 832147 steps, improv/step: 0.029 (last = 0.0100), fitness=-1795480685.618460655
6331.89 secs, 836225 evals, 836263 steps, improv/step: 0.029 (last = 0.0124), fitness=-1795480685.618460655
6361.90 secs, 840326 evals, 840366 steps, improv/step: 0.029 (last = 0.0149), fitness=-1795480685.618586302
6391.90 secs, 844412 evals, 844453 steps, improv/step: 0.029 (last = 0.0142), fitness=-1795480685.618586302
6421.91 secs, 848574 evals, 848616 steps, improv/step: 0.029 (last = 0.0199), fitness=-1795480685.618645191
6451.91 secs, 852671 evals, 852714 steps, improv/step: 0.028 (last = 0.0127), fitness=-1795480685.618679523
6481.92 secs, 856794 evals, 856838 steps, improv/step: 0.028 (last = 0.0129), fitness=-1795480685.618774891
6511.92 secs, 860808 evals, 860852 steps, improv/step: 0.028 (last = 0.0152), fitness=-1795480685.618785143
6541.92 secs, 865051 evals, 865096 steps, improv/step: 0.028 (last = 0.0113), fitness=-1795480685.618849754
6571.94 secs, 869181 evals, 869226 steps, improv/step: 0.028 (last = 0.0153), fitness=-1795480685.619057655
6601.95 secs, 873171 evals, 873217 steps, improv/step: 0.028 (last = 0.0198), fitness=-1795480685.619205952
6631.95 secs, 877212 evals, 877258 steps, improv/step: 0.028 (last = 0.0121), fitness=-1795480685.619206905
6661.95 secs, 881267 evals, 881313 steps, improv/step: 0.028 (last = 0.0173), fitness=-1795480685.619386196
6691.95 secs, 885383 evals, 885430 steps, improv/step: 0.028 (last = 0.0165), fitness=-1795480685.619548082
6721.96 secs, 889546 evals, 889593 steps, improv/step: 0.028 (last = 0.0123), fitness=-1795480685.619775295
6752.00 secs, 893597 evals, 893646 steps, improv/step: 0.028 (last = 0.0180), fitness=-1795480685.620035410
6782.00 secs, 897647 evals, 897697 steps, improv/step: 0.028 (last = 0.0141), fitness=-1795480685.620202065
6812.00 secs, 901577 evals, 901629 steps, improv/step: 0.028 (last = 0.0178), fitness=-1795480685.620587587
6842.02 secs, 905636 evals, 905688 steps, improv/step: 0.028 (last = 0.0148), fitness=-1795480685.620587587
6872.02 secs, 909761 evals, 909814 steps, improv/step: 0.028 (last = 0.0160), fitness=-1795480685.620753288
6902.02 secs, 913700 evals, 913753 steps, improv/step: 0.028 (last = 0.0198), fitness=-1795480685.620997667
6932.03 secs, 917684 evals, 917739 steps, improv/step: 0.028 (last = 0.0186), fitness=-1795480685.621697903
6962.03 secs, 921768 evals, 921825 steps, improv/step: 0.027 (last = 0.0144), fitness=-1795480685.621993065
6992.04 secs, 925745 evals, 925804 steps, improv/step: 0.027 (last = 0.0151), fitness=-1795480685.622902632
7022.04 secs, 929779 evals, 929841 steps, improv/step: 0.027 (last = 0.0144), fitness=-1795480685.622987509
7052.04 secs, 933963 evals, 934026 steps, improv/step: 0.027 (last = 0.0158), fitness=-1795480685.623412132
7082.04 secs, 937969 evals, 938032 steps, improv/step: 0.027 (last = 0.0127), fitness=-1795480685.623541594
7112.04 secs, 941927 evals, 941992 steps, improv/step: 0.027 (last = 0.0131), fitness=-1795480685.623992443
7142.05 secs, 945882 evals, 945947 steps, improv/step: 0.027 (last = 0.0152), fitness=-1795480685.624551058
7172.05 secs, 949816 evals, 949881 steps, improv/step: 0.027 (last = 0.0114), fitness=-1795480685.624659777
7202.06 secs, 953844 evals, 953910 steps, improv/step: 0.027 (last = 0.0151), fitness=-1795480685.625233650
7232.13 secs, 957870 evals, 957936 steps, improv/step: 0.027 (last = 0.0134), fitness=-1795480685.625279903
7262.15 secs, 961818 evals, 961884 steps, improv/step: 0.027 (last = 0.0129), fitness=-1795480685.626341581
7292.15 secs, 965928 evals, 965994 steps, improv/step: 0.027 (last = 0.0105), fitness=-1795480685.626838923
7322.16 secs, 970009 evals, 970075 steps, improv/step: 0.027 (last = 0.0108), fitness=-1795480685.626838923
7352.16 secs, 973962 evals, 974029 steps, improv/step: 0.027 (last = 0.0089), fitness=-1795480685.627217054
7382.17 secs, 978108 evals, 978176 steps, improv/step: 0.027 (last = 0.0116), fitness=-1795480685.627336502
7412.17 secs, 982189 evals, 982258 steps, improv/step: 0.027 (last = 0.0113), fitness=-1795480685.627571344
7442.17 secs, 986078 evals, 986149 steps, improv/step: 0.027 (last = 0.0105), fitness=-1795480685.627853155
7472.17 secs, 990188 evals, 990259 steps, improv/step: 0.026 (last = 0.0075), fitness=-1795480685.627928019
7502.18 secs, 994146 evals, 994218 steps, improv/step: 0.026 (last = 0.0078), fitness=-1795480685.627957582
7532.26 secs, 998129 evals, 998203 steps, improv/step: 0.026 (last = 0.0118), fitness=-1795480685.628407478
7562.27 secs, 1002021 evals, 1002096 steps, improv/step: 0.026 (last = 0.0126), fitness=-1795480685.628861427
7592.27 secs, 1005961 evals, 1006038 steps, improv/step: 0.026 (last = 0.0157), fitness=-1795480685.629157782
7622.29 secs, 1009976 evals, 1010053 steps, improv/step: 0.026 (last = 0.0120), fitness=-1795480685.629157782
7652.29 secs, 1014006 evals, 1014084 steps, improv/step: 0.026 (last = 0.0144), fitness=-1795480685.629199028
7682.29 secs, 1017844 evals, 1017922 steps, improv/step: 0.026 (last = 0.0149), fitness=-1795480685.629374743
7712.29 secs, 1021767 evals, 1021846 steps, improv/step: 0.026 (last = 0.0127), fitness=-1795480685.630039692
7742.30 secs, 1025747 evals, 1025826 steps, improv/step: 0.026 (last = 0.0143), fitness=-1795480685.630519629
7772.31 secs, 1029709 evals, 1029788 steps, improv/step: 0.026 (last = 0.0116), fitness=-1795480685.630540371
7802.32 secs, 1033675 evals, 1033755 steps, improv/step: 0.026 (last = 0.0103), fitness=-1795480685.631132841
7832.33 secs, 1037602 evals, 1037683 steps, improv/step: 0.026 (last = 0.0150), fitness=-1795480685.631291866
7862.33 secs, 1041748 evals, 1041832 steps, improv/step: 0.026 (last = 0.0118), fitness=-1795480685.631302357
7892.33 secs, 1045711 evals, 1045796 steps, improv/step: 0.026 (last = 0.0121), fitness=-1795480685.631464243
7922.34 secs, 1049734 evals, 1049820 steps, improv/step: 0.026 (last = 0.0144), fitness=-1795480685.631788492
7952.34 secs, 1053598 evals, 1053685 steps, improv/step: 0.026 (last = 0.0127), fitness=-1795480685.631861210
7982.35 secs, 1057493 evals, 1057580 steps, improv/step: 0.026 (last = 0.0121), fitness=-1795480685.631957293
8012.39 secs, 1061464 evals, 1061552 steps, improv/step: 0.026 (last = 0.0161), fitness=-1795480685.632439613
8042.40 secs, 1065520 evals, 1065608 steps, improv/step: 0.025 (last = 0.0148), fitness=-1795480685.632763624
8072.40 secs, 1069494 evals, 1069584 steps, improv/step: 0.025 (last = 0.0158), fitness=-1795480685.633380651
8102.42 secs, 1073561 evals, 1073652 steps, improv/step: 0.025 (last = 0.0143), fitness=-1795480685.633380651
8132.42 secs, 1077729 evals, 1077820 steps, improv/step: 0.025 (last = 0.0161), fitness=-1795480685.633883715
8162.43 secs, 1081796 evals, 1081887 steps, improv/step: 0.025 (last = 0.0130), fitness=-1795480685.634462833
8192.43 secs, 1085777 evals, 1085869 steps, improv/step: 0.025 (last = 0.0131), fitness=-1795480685.634462833
8222.44 secs, 1089729 evals, 1089822 steps, improv/step: 0.025 (last = 0.0071), fitness=-1795480685.634768963
8252.44 secs, 1093654 evals, 1093747 steps, improv/step: 0.025 (last = 0.0069), fitness=-1795480685.635145426
8282.45 secs, 1097712 evals, 1097805 steps, improv/step: 0.025 (last = 0.0094), fitness=-1795480685.635380507
8312.45 secs, 1101849 evals, 1101942 steps, improv/step: 0.025 (last = 0.0092), fitness=-1795480685.635913849
8342.45 secs, 1105895 evals, 1105990 steps, improv/step: 0.025 (last = 0.0109), fitness=-1795480685.636036873
8372.45 secs, 1109936 evals, 1110031 steps, improv/step: 0.025 (last = 0.0106), fitness=-1795480685.636432171
8402.46 secs, 1113977 evals, 1114073 steps, improv/step: 0.025 (last = 0.0101), fitness=-1795480685.636626720
8432.46 secs, 1118191 evals, 1118289 steps, improv/step: 0.025 (last = 0.0097), fitness=-1795480685.636686563
8462.46 secs, 1122410 evals, 1122509 steps, improv/step: 0.025 (last = 0.0100), fitness=-1795480685.636900663
8492.46 secs, 1126471 evals, 1126570 steps, improv/step: 0.025 (last = 0.0089), fitness=-1795480685.637206316
8522.47 secs, 1130374 evals, 1130473 steps, improv/step: 0.025 (last = 0.0108), fitness=-1795480685.637878895
8552.47 secs, 1134302 evals, 1134405 steps, improv/step: 0.025 (last = 0.0112), fitness=-1795480685.638078690
8582.47 secs, 1138182 evals, 1138287 steps, improv/step: 0.025 (last = 0.0088), fitness=-1795480685.638319492
8612.54 secs, 1142134 evals, 1142240 steps, improv/step: 0.025 (last = 0.0081), fitness=-1795480685.638338327
8642.55 secs, 1146064 evals, 1146170 steps, improv/step: 0.024 (last = 0.0074), fitness=-1795480685.638377428
8672.55 secs, 1149893 evals, 1150000 steps, improv/step: 0.024 (last = 0.0102), fitness=-1795480685.639099121
8702.55 secs, 1153930 evals, 1154037 steps, improv/step: 0.024 (last = 0.0114), fitness=-1795480685.639101267
8732.55 secs, 1157872 evals, 1157980 steps, improv/step: 0.024 (last = 0.0107), fitness=-1795480685.639327526
8762.56 secs, 1161745 evals, 1161853 steps, improv/step: 0.024 (last = 0.0116), fitness=-1795480685.639492989
8792.56 secs, 1165682 evals, 1165792 steps, improv/step: 0.024 (last = 0.0107), fitness=-1795480685.640033722
8822.56 secs, 1169507 evals, 1169619 steps, improv/step: 0.024 (last = 0.0128), fitness=-1795480685.640086651
8852.59 secs, 1173390 evals, 1173504 steps, improv/step: 0.024 (last = 0.0111), fitness=-1795480685.640132666
8882.59 secs, 1177318 evals, 1177434 steps, improv/step: 0.024 (last = 0.0094), fitness=-1795480685.640216351
8912.60 secs, 1181460 evals, 1181577 steps, improv/step: 0.024 (last = 0.0099), fitness=-1795480685.640263319
8942.60 secs, 1185338 evals, 1185456 steps, improv/step: 0.024 (last = 0.0134), fitness=-1795480685.640489817
8972.60 secs, 1189147 evals, 1189265 steps, improv/step: 0.024 (last = 0.0095), fitness=-1795480685.640706539
9002.62 secs, 1193053 evals, 1193172 steps, improv/step: 0.024 (last = 0.0087), fitness=-1795480685.640866518
9032.62 secs, 1196962 evals, 1197081 steps, improv/step: 0.024 (last = 0.0105), fitness=-1795480685.641170025
9062.62 secs, 1201042 evals, 1201163 steps, improv/step: 0.024 (last = 0.0086), fitness=-1795480685.641170025
9092.62 secs, 1205062 evals, 1205185 steps, improv/step: 0.024 (last = 0.0087), fitness=-1795480685.641443491
9122.62 secs, 1209151 evals, 1209274 steps, improv/step: 0.024 (last = 0.0137), fitness=-1795480685.641802788
9152.63 secs, 1213291 evals, 1213415 steps, improv/step: 0.024 (last = 0.0116), fitness=-1795480685.642127037
9182.64 secs, 1217254 evals, 1217380 steps, improv/step: 0.024 (last = 0.0126), fitness=-1795480685.642436504
9212.64 secs, 1221194 evals, 1221320 steps, improv/step: 0.024 (last = 0.0099), fitness=-1795480685.642585039
9242.64 secs, 1225059 evals, 1225186 steps, improv/step: 0.024 (last = 0.0142), fitness=-1795480685.643295765
9272.64 secs, 1228987 evals, 1229115 steps, improv/step: 0.024 (last = 0.0143), fitness=-1795480685.643335104
9302.64 secs, 1232834 evals, 1232963 steps, improv/step: 0.024 (last = 0.0122), fitness=-1795480685.643718958
9332.64 secs, 1236779 evals, 1236911 steps, improv/step: 0.023 (last = 0.0127), fitness=-1795480685.643810749
9362.64 secs, 1240726 evals, 1240859 steps, improv/step: 0.023 (last = 0.0104), fitness=-1795480685.644193172
9392.65 secs, 1244781 evals, 1244916 steps, improv/step: 0.023 (last = 0.0128), fitness=-1795480685.644392967
9422.65 secs, 1248743 evals, 1248878 steps, improv/step: 0.023 (last = 0.0134), fitness=-1795480685.644725561
9452.65 secs, 1252885 evals, 1253023 steps, improv/step: 0.023 (last = 0.0118), fitness=-1795480685.644759178
9482.66 secs, 1256875 evals, 1257013 steps, improv/step: 0.023 (last = 0.0093), fitness=-1795480685.644865513
9512.66 secs, 1260936 evals, 1261076 steps, improv/step: 0.023 (last = 0.0116), fitness=-1795480685.645149231
9542.67 secs, 1265230 evals, 1265370 steps, improv/step: 0.023 (last = 0.0123), fitness=-1795480685.645437479
9572.67 secs, 1269218 evals, 1269360 steps, improv/step: 0.023 (last = 0.0158), fitness=-1795480685.645529509
9602.71 secs, 1273438 evals, 1273581 steps, improv/step: 0.023 (last = 0.0145), fitness=-1795480685.646311283
9632.72 secs, 1277492 evals, 1277636 steps, improv/step: 0.023 (last = 0.0160), fitness=-1795480685.646493673
9662.75 secs, 1281562 evals, 1281709 steps, improv/step: 0.023 (last = 0.0164), fitness=-1795480685.646961927
9692.76 secs, 1285656 evals, 1285803 steps, improv/step: 0.023 (last = 0.0103), fitness=-1795480685.648298740
9722.76 secs, 1289859 evals, 1290009 steps, improv/step: 0.023 (last = 0.0112), fitness=-1795480685.649039507
9752.76 secs, 1294010 evals, 1294162 steps, improv/step: 0.023 (last = 0.0137), fitness=-1795480685.650247335
9782.76 secs, 1298167 evals, 1298322 steps, improv/step: 0.023 (last = 0.0099), fitness=-1795480685.650653362
9812.79 secs, 1302108 evals, 1302264 steps, improv/step: 0.023 (last = 0.0084), fitness=-1795480685.652162313
9842.79 secs, 1306070 evals, 1306226 steps, improv/step: 0.023 (last = 0.0063), fitness=-1795480685.652538538
9872.80 secs, 1309871 evals, 1310027 steps, improv/step: 0.023 (last = 0.0097), fitness=-1795480685.654062748
9902.81 secs, 1313766 evals, 1313922 steps, improv/step: 0.023 (last = 0.0121), fitness=-1795480685.655042887
9932.82 secs, 1317838 evals, 1317996 steps, improv/step: 0.023 (last = 0.0101), fitness=-1795480685.655379057
9962.82 secs, 1321901 evals, 1322059 steps, improv/step: 0.023 (last = 0.0118), fitness=-1795480685.655913591
9992.89 secs, 1325929 evals, 1326087 steps, improv/step: 0.023 (last = 0.0089), fitness=-1795480685.656956911
10022.89 secs, 1330015 evals, 1330175 steps, improv/step: 0.023 (last = 0.0068), fitness=-1795480685.657934427
10052.89 secs, 1333890 evals, 1334052 steps, improv/step: 0.023 (last = 0.0108), fitness=-1795480685.658327818
10082.89 secs, 1337859 evals, 1338022 steps, improv/step: 0.023 (last = 0.0108), fitness=-1795480685.660469055
10112.90 secs, 1341950 evals, 1342113 steps, improv/step: 0.023 (last = 0.0120), fitness=-1795480685.661406040
10142.90 secs, 1346027 evals, 1346192 steps, improv/step: 0.023 (last = 0.0125), fitness=-1795480685.662045717
10172.90 secs, 1350005 evals, 1350172 steps, improv/step: 0.022 (last = 0.0123), fitness=-1795480685.663322926
10202.91 secs, 1353960 evals, 1354127 steps, improv/step: 0.022 (last = 0.0129), fitness=-1795480685.664108038
10232.91 secs, 1358051 evals, 1358220 steps, improv/step: 0.022 (last = 0.0115), fitness=-1795480685.664641142
10262.91 secs, 1361947 evals, 1362116 steps, improv/step: 0.022 (last = 0.0121), fitness=-1795480685.665143728
10292.92 secs, 1366093 evals, 1366262 steps, improv/step: 0.022 (last = 0.0133), fitness=-1795480685.666612148
10322.92 secs, 1370005 evals, 1370174 steps, improv/step: 0.022 (last = 0.0120), fitness=-1795480685.666871548
10352.93 secs, 1373894 evals, 1374063 steps, improv/step: 0.022 (last = 0.0108), fitness=-1795480685.667228699
10382.94 secs, 1377775 evals, 1377947 steps, improv/step: 0.022 (last = 0.0139), fitness=-1795480685.667248964
10412.94 secs, 1381635 evals, 1381809 steps, improv/step: 0.022 (last = 0.0119), fitness=-1795480685.667537928
10442.95 secs, 1385750 evals, 1385924 steps, improv/step: 0.022 (last = 0.0109), fitness=-1795480685.667715073
10472.95 secs, 1389662 evals, 1389838 steps, improv/step: 0.022 (last = 0.0120), fitness=-1795480685.667898655
10502.96 secs, 1393624 evals, 1393802 steps, improv/step: 0.022 (last = 0.0088), fitness=-1795480685.668056011
10532.96 secs, 1397562 evals, 1397740 steps, improv/step: 0.022 (last = 0.0089), fitness=-1795480685.668355703
10562.97 secs, 1401626 evals, 1401805 steps, improv/step: 0.022 (last = 0.0140), fitness=-1795480685.668746948
10592.97 secs, 1405637 evals, 1405819 steps, improv/step: 0.022 (last = 0.0090), fitness=-1795480685.668845654
10623.00 secs, 1409464 evals, 1409647 steps, improv/step: 0.022 (last = 0.0133), fitness=-1795480685.668998003
10653.00 secs, 1413424 evals, 1413607 steps, improv/step: 0.022 (last = 0.0124), fitness=-1795480685.669361115
10683.00 secs, 1417452 evals, 1417637 steps, improv/step: 0.022 (last = 0.0129), fitness=-1795480685.669568777
10713.00 secs, 1421529 evals, 1421715 steps, improv/step: 0.022 (last = 0.0132), fitness=-1795480685.669766188
10743.00 secs, 1425709 evals, 1425896 steps, improv/step: 0.022 (last = 0.0120), fitness=-1795480685.669966936
10773.00 secs, 1429724 evals, 1429911 steps, improv/step: 0.022 (last = 0.0105), fitness=-1795480685.670010090
10803.02 secs, 1433571 evals, 1433758 steps, improv/step: 0.022 (last = 0.0096), fitness=-1795480685.670414925
10833.04 secs, 1437529 evals, 1437716 steps, improv/step: 0.022 (last = 0.0099), fitness=-1795480685.670414925
10863.04 secs, 1441506 evals, 1441695 steps, improv/step: 0.022 (last = 0.0133), fitness=-1795480685.670884609
10893.04 secs, 1445397 evals, 1445589 steps, improv/step: 0.022 (last = 0.0126), fitness=-1795480685.671088696
10923.04 secs, 1449345 evals, 1449537 steps, improv/step: 0.022 (last = 0.0068), fitness=-1795480685.671239614
10953.05 secs, 1453386 evals, 1453578 steps, improv/step: 0.022 (last = 0.0104), fitness=-1795480685.671439648
10983.05 secs, 1457457 evals, 1457649 steps, improv/step: 0.022 (last = 0.0142), fitness=-1795480685.671513557
11013.11 secs, 1461628 evals, 1461821 steps, improv/step: 0.022 (last = 0.0125), fitness=-1795480685.671557665
11043.12 secs, 1465703 evals, 1465896 steps, improv/step: 0.022 (last = 0.0108), fitness=-1795480685.671713352
11073.13 secs, 1469686 evals, 1469881 steps, improv/step: 0.022 (last = 0.0118), fitness=-1795480685.671818733
11103.13 secs, 1473676 evals, 1473872 steps, improv/step: 0.022 (last = 0.0115), fitness=-1795480685.671920061
11133.14 secs, 1477682 evals, 1477879 steps, improv/step: 0.022 (last = 0.0102), fitness=-1795480685.671963692
11163.17 secs, 1481800 evals, 1481997 steps, improv/step: 0.021 (last = 0.0080), fitness=-1795480685.672018528
11193.18 secs, 1485638 evals, 1485835 steps, improv/step: 0.021 (last = 0.0094), fitness=-1795480685.672162056
11223.18 secs, 1489555 evals, 1489752 steps, improv/step: 0.021 (last = 0.0117), fitness=-1795480685.672174454
11253.18 secs, 1493552 evals, 1493750 steps, improv/step: 0.021 (last = 0.0108), fitness=-1795480685.672398806
11283.19 secs, 1497275 evals, 1497474 steps, improv/step: 0.021 (last = 0.0126), fitness=-1795480685.672441483
11313.19 secs, 1501088 evals, 1501288 steps, improv/step: 0.021 (last = 0.0097), fitness=-1795480685.672546625
11343.19 secs, 1504977 evals, 1505179 steps, improv/step: 0.021 (last = 0.0113), fitness=-1795480685.672656059
11373.20 secs, 1508913 evals, 1509115 steps, improv/step: 0.021 (last = 0.0109), fitness=-1795480685.672764778
11403.29 secs, 1512815 evals, 1513020 steps, improv/step: 0.021 (last = 0.0092), fitness=-1795480685.672847271
11433.31 secs, 1516883 evals, 1517089 steps, improv/step: 0.021 (last = 0.0120), fitness=-1795480685.672987223
11463.31 secs, 1520820 evals, 1521028 steps, improv/step: 0.021 (last = 0.0117), fitness=-1795480685.673040152
11493.32 secs, 1524680 evals, 1524890 steps, improv/step: 0.021 (last = 0.0127), fitness=-1795480685.673112392
11523.34 secs, 1528462 evals, 1528672 steps, improv/step: 0.021 (last = 0.0095), fitness=-1795480685.673243284
11553.35 secs, 1532213 evals, 1532423 steps, improv/step: 0.021 (last = 0.0075), fitness=-1795480685.673500299
11583.40 secs, 1536132 evals, 1536342 steps, improv/step: 0.021 (last = 0.0056), fitness=-1795480685.673500299
11613.47 secs, 1540029 evals, 1540243 steps, improv/step: 0.021 (last = 0.0074), fitness=-1795480685.673509836
11643.47 secs, 1543965 evals, 1544180 steps, improv/step: 0.021 (last = 0.0079), fitness=-1795480685.673513889
11673.47 secs, 1547883 evals, 1548098 steps, improv/step: 0.021 (last = 0.0064), fitness=-1795480685.673568726
11703.48 secs, 1551719 evals, 1551934 steps, improv/step: 0.021 (last = 0.0076), fitness=-1795480685.673655033
11733.48 secs, 1555652 evals, 1555868 steps, improv/step: 0.021 (last = 0.0074), fitness=-1795480685.673704624
11763.48 secs, 1559605 evals, 1559823 steps, improv/step: 0.021 (last = 0.0094), fitness=-1795480685.673932076
11793.48 secs, 1563496 evals, 1563716 steps, improv/step: 0.021 (last = 0.0085), fitness=-1795480685.674067736
11823.48 secs, 1567387 evals, 1567610 steps, improv/step: 0.021 (last = 0.0082), fitness=-1795480685.674074173
11853.49 secs, 1571459 evals, 1571683 steps, improv/step: 0.021 (last = 0.0093), fitness=-1795480685.674147606
11883.49 secs, 1575460 evals, 1575684 steps, improv/step: 0.021 (last = 0.0095), fitness=-1795480685.674187183
11913.49 secs, 1579492 evals, 1579717 steps, improv/step: 0.021 (last = 0.0104), fitness=-1795480685.674332380
11943.50 secs, 1583512 evals, 1583737 steps, improv/step: 0.021 (last = 0.0117), fitness=-1795480685.674377918
11973.50 secs, 1587632 evals, 1587857 steps, improv/step: 0.021 (last = 0.0112), fitness=-1795480685.674413204
12003.50 secs, 1591813 evals, 1592038 steps, improv/step: 0.021 (last = 0.0115), fitness=-1795480685.674428225
12033.51 secs, 1595759 evals, 1595986 steps, improv/step: 0.021 (last = 0.0134), fitness=-1795480685.674640179
12063.51 secs, 1599674 evals, 1599903 steps, improv/step: 0.021 (last = 0.0171), fitness=-1795480685.674830437
12093.51 secs, 1603640 evals, 1603870 steps, improv/step: 0.021 (last = 0.0131), fitness=-1795480685.674972057
12123.59 secs, 1607483 evals, 1607714 steps, improv/step: 0.021 (last = 0.0109), fitness=-1795480685.675134659
12153.59 secs, 1611474 evals, 1611706 steps, improv/step: 0.021 (last = 0.0133), fitness=-1795480685.675183773
12183.60 secs, 1615370 evals, 1615604 steps, improv/step: 0.021 (last = 0.0172), fitness=-1795480685.675340176
12213.60 secs, 1619142 evals, 1619376 steps, improv/step: 0.021 (last = 0.0125), fitness=-1795480685.675606489
12243.60 secs, 1622981 evals, 1623215 steps, improv/step: 0.021 (last = 0.0167), fitness=-1795480685.675795078
12273.60 secs, 1626727 evals, 1626961 steps, improv/step: 0.021 (last = 0.0163), fitness=-1795480685.675808668
12303.61 secs, 1630754 evals, 1630989 steps, improv/step: 0.021 (last = 0.0119), fitness=-1795480685.675983191
12333.61 secs, 1634788 evals, 1635023 steps, improv/step: 0.021 (last = 0.0156), fitness=-1795480685.676258564
12363.62 secs, 1638731 evals, 1638967 steps, improv/step: 0.020 (last = 0.0142), fitness=-1795480685.676570177
12393.67 secs, 1642654 evals, 1642890 steps, improv/step: 0.020 (last = 0.0122), fitness=-1795480685.676620483
12423.68 secs, 1646530 evals, 1646768 steps, improv/step: 0.020 (last = 0.0119), fitness=-1795480685.677038431
12453.68 secs, 1650453 evals, 1650692 steps, improv/step: 0.020 (last = 0.0115), fitness=-1795480685.677131653
12483.68 secs, 1654357 evals, 1654596 steps, improv/step: 0.020 (last = 0.0113), fitness=-1795480685.677214146
12513.69 secs, 1658332 evals, 1658573 steps, improv/step: 0.020 (last = 0.0080), fitness=-1795480685.677321434
12543.70 secs, 1662324 evals, 1662566 steps, improv/step: 0.020 (last = 0.0093), fitness=-1795480685.677574873
12573.71 secs, 1666231 evals, 1666474 steps, improv/step: 0.020 (last = 0.0128), fitness=-1795480685.677901745
12603.71 secs, 1670243 evals, 1670486 steps, improv/step: 0.020 (last = 0.0097), fitness=-1795480685.677901745
12633.71 secs, 1674234 evals, 1674478 steps, improv/step: 0.020 (last = 0.0078), fitness=-1795480685.677901745
12663.72 secs, 1678057 evals, 1678302 steps, improv/step: 0.020 (last = 0.0110), fitness=-1795480685.678177118
12693.72 secs, 1681900 evals, 1682145 steps, improv/step: 0.020 (last = 0.0104), fitness=-1795480685.678177118
12723.73 secs, 1685845 evals, 1686091 steps, improv/step: 0.020 (last = 0.0096), fitness=-1795480685.678233624
12753.73 secs, 1689737 evals, 1689984 steps, improv/step: 0.020 (last = 0.0098), fitness=-1795480685.678283453
12783.73 secs, 1693634 evals, 1693883 steps, improv/step: 0.020 (last = 0.0095), fitness=-1795480685.678479433
12813.74 secs, 1697615 evals, 1697864 steps, improv/step: 0.020 (last = 0.0080), fitness=-1795480685.678479433
12843.74 secs, 1701663 evals, 1701913 steps, improv/step: 0.020 (last = 0.0089), fitness=-1795480685.678592205
12873.75 secs, 1705512 evals, 1705764 steps, improv/step: 0.020 (last = 0.0088), fitness=-1795480685.678602934
12903.83 secs, 1709377 evals, 1709631 steps, improv/step: 0.020 (last = 0.0109), fitness=-1795480685.678658247
12933.84 secs, 1713354 evals, 1713611 steps, improv/step: 0.020 (last = 0.0068), fitness=-1795480685.678702593
12963.86 secs, 1717335 evals, 1717594 steps, improv/step: 0.020 (last = 0.0123), fitness=-1795480685.678727388
12993.87 secs, 1721284 evals, 1721544 steps, improv/step: 0.020 (last = 0.0109), fitness=-1795480685.678744555
13023.90 secs, 1725305 evals, 1725565 steps, improv/step: 0.020 (last = 0.0095), fitness=-1795480685.678791285
13053.91 secs, 1729206 evals, 1729468 steps, improv/step: 0.020 (last = 0.0092), fitness=-1795480685.678846836
13083.91 secs, 1733151 evals, 1733413 steps, improv/step: 0.020 (last = 0.0129), fitness=-1795480685.678925991
13113.91 secs, 1737166 evals, 1737429 steps, improv/step: 0.020 (last = 0.0100), fitness=-1795480685.678992271
13144.01 secs, 1741081 evals, 1741348 steps, improv/step: 0.020 (last = 0.0110), fitness=-1795480685.679117680
13174.02 secs, 1744996 evals, 1745263 steps, improv/step: 0.020 (last = 0.0095), fitness=-1795480685.679177284
13204.11 secs, 1748888 evals, 1749156 steps, improv/step: 0.020 (last = 0.0146), fitness=-1795480685.679372311
13234.12 secs, 1752800 evals, 1753068 steps, improv/step: 0.020 (last = 0.0148), fitness=-1795480685.679493427
13264.12 secs, 1756792 evals, 1757061 steps, improv/step: 0.020 (last = 0.0173), fitness=-1795480685.679558754
13294.12 secs, 1760669 evals, 1760938 steps, improv/step: 0.020 (last = 0.0137), fitness=-1795480685.679586887
13324.18 secs, 1764534 evals, 1764803 steps, improv/step: 0.020 (last = 0.0072), fitness=-1795480685.679644823
13354.22 secs, 1768601 evals, 1768870 steps, improv/step: 0.020 (last = 0.0098), fitness=-1795480685.679739952
13384.22 secs, 1772579 evals, 1772849 steps, improv/step: 0.020 (last = 0.0090), fitness=-1795480685.679740667
13414.22 secs, 1776775 evals, 1777046 steps, improv/step: 0.020 (last = 0.0081), fitness=-1795480685.679767609
13444.23 secs, 1780702 evals, 1780978 steps, improv/step: 0.020 (last = 0.0076), fitness=-1795480685.679839373
13474.23 secs, 1784377 evals, 1784657 steps, improv/step: 0.020 (last = 0.0106), fitness=-1795480685.679886103
13504.24 secs, 1788205 evals, 1788485 steps, improv/step: 0.020 (last = 0.0133), fitness=-1795480685.679978609
13534.29 secs, 1792076 evals, 1792357 steps, improv/step: 0.020 (last = 0.0132), fitness=-1795480685.680098057
13564.29 secs, 1795906 evals, 1796191 steps, improv/step: 0.020 (last = 0.0073), fitness=-1795480685.680110216
13594.29 secs, 1799618 evals, 1799903 steps, improv/step: 0.020 (last = 0.0119), fitness=-1795480685.680283070
13624.30 secs, 1803461 evals, 1803747 steps, improv/step: 0.020 (last = 0.0083), fitness=-1795480685.680302620
13654.30 secs, 1807467 evals, 1807755 steps, improv/step: 0.020 (last = 0.0092), fitness=-1795480685.680334568
13684.30 secs, 1811296 evals, 1811584 steps, improv/step: 0.020 (last = 0.0076), fitness=-1795480685.680334568
13714.31 secs, 1815078 evals, 1815367 steps, improv/step: 0.020 (last = 0.0106), fitness=-1795480685.680349827
13744.31 secs, 1818804 evals, 1819094 steps, improv/step: 0.019 (last = 0.0110), fitness=-1795480685.680384398
13774.31 secs, 1822712 evals, 1823003 steps, improv/step: 0.019 (last = 0.0110), fitness=-1795480685.680471897
13804.32 secs, 1826474 evals, 1826767 steps, improv/step: 0.019 (last = 0.0090), fitness=-1795480685.680487633
13834.33 secs, 1830328 evals, 1830623 steps, improv/step: 0.019 (last = 0.0062), fitness=-1795480685.680541039
13864.33 secs, 1834100 evals, 1834400 steps, improv/step: 0.019 (last = 0.0103), fitness=-1795480685.680574417
13894.33 secs, 1837965 evals, 1838265 steps, improv/step: 0.019 (last = 0.0091), fitness=-1795480685.680600882
13924.36 secs, 1841945 evals, 1842247 steps, improv/step: 0.019 (last = 0.0131), fitness=-1795480685.680714607
13954.39 secs, 1845768 evals, 1846072 steps, improv/step: 0.019 (last = 0.0123), fitness=-1795480685.680767059
13984.39 secs, 1849671 evals, 1849977 steps, improv/step: 0.019 (last = 0.0115), fitness=-1795480685.680819511
14014.40 secs, 1853528 evals, 1853835 steps, improv/step: 0.019 (last = 0.0124), fitness=-1795480685.680892467
14044.40 secs, 1857487 evals, 1857798 steps, improv/step: 0.019 (last = 0.0129), fitness=-1795480685.680929184
14074.40 secs, 1861473 evals, 1861786 steps, improv/step: 0.019 (last = 0.0090), fitness=-1795480685.680959225
14104.46 secs, 1865437 evals, 1865753 steps, improv/step: 0.019 (last = 0.0091), fitness=-1795480685.680983305
14134.46 secs, 1869211 evals, 1869530 steps, improv/step: 0.019 (last = 0.0135), fitness=-1795480685.681120157
14164.47 secs, 1873000 evals, 1873320 steps, improv/step: 0.019 (last = 0.0132), fitness=-1795480685.681224585
14194.48 secs, 1877075 evals, 1877395 steps, improv/step: 0.019 (last = 0.0135), fitness=-1795480685.681327105
14224.48 secs, 1881026 evals, 1881346 steps, improv/step: 0.019 (last = 0.0068), fitness=-1795480685.681342840
14254.48 secs, 1884907 evals, 1885227 steps, improv/step: 0.019 (last = 0.0095), fitness=-1795480685.681442738
14284.48 secs, 1888803 evals, 1889126 steps, improv/step: 0.019 (last = 0.0136), fitness=-1795480685.681645870
14314.49 secs, 1892644 evals, 1892969 steps, improv/step: 0.019 (last = 0.0104), fitness=-1795480685.681669235
14344.49 secs, 1896433 evals, 1896758 steps, improv/step: 0.019 (last = 0.0092), fitness=-1795480685.681669235
14374.50 secs, 1900259 evals, 1900584 steps, improv/step: 0.019 (last = 0.0076), fitness=-1795480685.681693554
14404.50 secs, 1904151 evals, 1904476 steps, improv/step: 0.019 (last = 0.0121), fitness=-1795480685.681767941
14434.50 secs, 1908135 evals, 1908460 steps, improv/step: 0.019 (last = 0.0118), fitness=-1795480685.681853056
14464.56 secs, 1912000 evals, 1912328 steps, improv/step: 0.019 (last = 0.0103), fitness=-1795480685.681948185
14494.57 secs, 1915959 evals, 1916289 steps, improv/step: 0.019 (last = 0.0096), fitness=-1795480685.681951284
14524.57 secs, 1919837 evals, 1920167 steps, improv/step: 0.019 (last = 0.0121), fitness=-1795480685.682042599
14554.58 secs, 1923749 evals, 1924081 steps, improv/step: 0.019 (last = 0.0130), fitness=-1795480685.682042599
14584.58 secs, 1927625 evals, 1927959 steps, improv/step: 0.019 (last = 0.0083), fitness=-1795480685.682071924
14614.58 secs, 1931480 evals, 1931814 steps, improv/step: 0.019 (last = 0.0112), fitness=-1795480685.682109118
14644.59 secs, 1935345 evals, 1935680 steps, improv/step: 0.019 (last = 0.0103), fitness=-1795480685.682148933
14674.59 secs, 1939237 evals, 1939574 steps, improv/step: 0.019 (last = 0.0118), fitness=-1795480685.682297230
14704.59 secs, 1943262 evals, 1943599 steps, improv/step: 0.019 (last = 0.0109), fitness=-1795480685.682412624
14734.59 secs, 1947164 evals, 1947503 steps, improv/step: 0.019 (last = 0.0113), fitness=-1795480685.682419777
14764.59 secs, 1951015 evals, 1951354 steps, improv/step: 0.019 (last = 0.0065), fitness=-1795480685.682419777
14794.60 secs, 1954979 evals, 1955319 steps, improv/step: 0.019 (last = 0.0081), fitness=-1795480685.682700634
14824.60 secs, 1958918 evals, 1959259 steps, improv/step: 0.019 (last = 0.0096), fitness=-1795480685.682700634
14854.60 secs, 1962769 evals, 1963113 steps, improv/step: 0.019 (last = 0.0088), fitness=-1795480685.682701111
14884.60 secs, 1966716 evals, 1967060 steps, improv/step: 0.019 (last = 0.0109), fitness=-1795480685.682753563
14914.64 secs, 1970583 evals, 1970927 steps, improv/step: 0.019 (last = 0.0109), fitness=-1795480685.682779312
14944.65 secs, 1974478 evals, 1974823 steps, improv/step: 0.019 (last = 0.0108), fitness=-1795480685.682779312
14974.65 secs, 1978304 evals, 1978649 steps, improv/step: 0.019 (last = 0.0097), fitness=-1795480685.682823658
15004.66 secs, 1982106 evals, 1982451 steps, improv/step: 0.019 (last = 0.0079), fitness=-1795480685.682865143
15034.67 secs, 1986011 evals, 1986361 steps, improv/step: 0.019 (last = 0.0090), fitness=-1795480685.682932377
15064.67 secs, 1990103 evals, 1990455 steps, improv/step: 0.019 (last = 0.0088), fitness=-1795480685.682960987
15094.77 secs, 1994209 evals, 1994562 steps, improv/step: 0.019 (last = 0.0136), fitness=-1795480685.682979584
15124.85 secs, 1998242 evals, 1998596 steps, improv/step: 0.019 (last = 0.0072), fitness=-1795480685.683000088
15154.85 secs, 2002112 evals, 2002468 steps, improv/step: 0.019 (last = 0.0070), fitness=-1795480685.683001757
15184.85 secs, 2006058 evals, 2006414 steps, improv/step: 0.019 (last = 0.0068), fitness=-1795480685.683027744
15214.86 secs, 2010026 evals, 2010383 steps, improv/step: 0.019 (last = 0.0088), fitness=-1795480685.683027744
15244.86 secs, 2013918 evals, 2014276 steps, improv/step: 0.019 (last = 0.0144), fitness=-1795480685.683058023
15274.94 secs, 2017829 evals, 2018189 steps, improv/step: 0.019 (last = 0.0153), fitness=-1795480685.683097124
15304.95 secs, 2021671 evals, 2022032 steps, improv/step: 0.019 (last = 0.0112), fitness=-1795480685.683135271
15334.95 secs, 2025755 evals, 2026118 steps, improv/step: 0.019 (last = 0.0100), fitness=-1795480685.683144093
15364.96 secs, 2029623 evals, 2029988 steps, improv/step: 0.019 (last = 0.0137), fitness=-1795480685.683147430
15394.98 secs, 2033426 evals, 2033792 steps, improv/step: 0.019 (last = 0.0158), fitness=-1795480685.683202982
15424.98 secs, 2037286 evals, 2037654 steps, improv/step: 0.019 (last = 0.0145), fitness=-1795480685.683221340
15454.98 secs, 2041274 evals, 2041643 steps, improv/step: 0.019 (last = 0.0120), fitness=-1795480685.683250666
15485.00 secs, 2045304 evals, 2045673 steps, improv/step: 0.019 (last = 0.0149), fitness=-1795480685.683268785
15515.01 secs, 2049247 evals, 2049617 steps, improv/step: 0.019 (last = 0.0112), fitness=-1795480685.683273077
15545.08 secs, 2053029 evals, 2053399 steps, improv/step: 0.018 (last = 0.0071), fitness=-1795480685.683273077
15575.08 secs, 2056909 evals, 2057279 steps, improv/step: 0.018 (last = 0.0111), fitness=-1795480685.683299541
15605.09 secs, 2060681 evals, 2061052 steps, improv/step: 0.018 (last = 0.0125), fitness=-1795480685.683305502
15635.09 secs, 2064678 evals, 2065050 steps, improv/step: 0.018 (last = 0.0093), fitness=-1795480685.683349609
15665.09 secs, 2068552 evals, 2068925 steps, improv/step: 0.018 (last = 0.0075), fitness=-1795480685.683355331
15695.09 secs, 2072300 evals, 2072674 steps, improv/step: 0.018 (last = 0.0120), fitness=-1795480685.683361292
15725.09 secs, 2076074 evals, 2076449 steps, improv/step: 0.018 (last = 0.0090), fitness=-1795480685.683369160
15755.10 secs, 2080008 evals, 2080383 steps, improv/step: 0.018 (last = 0.0109), fitness=-1795480685.683400631
15785.11 secs, 2083957 evals, 2084332 steps, improv/step: 0.018 (last = 0.0144), fitness=-1795480685.683400631
15815.21 secs, 2087922 evals, 2088299 steps, improv/step: 0.018 (last = 0.0101), fitness=-1795480685.683404446
15845.21 secs, 2092112 evals, 2092489 steps, improv/step: 0.018 (last = 0.0074), fitness=-1795480685.683413029
15875.21 secs, 2096003 evals, 2096383 steps, improv/step: 0.018 (last = 0.0092), fitness=-1795480685.683419943
15905.21 secs, 2099888 evals, 2100268 steps, improv/step: 0.018 (last = 0.0116), fitness=-1795480685.683433771
15935.22 secs, 2103873 evals, 2104253 steps, improv/step: 0.018 (last = 0.0098), fitness=-1795480685.683450222
15965.22 secs, 2107718 evals, 2108098 steps, improv/step: 0.018 (last = 0.0169), fitness=-1795480685.683481216
15995.22 secs, 2111728 evals, 2112110 steps, improv/step: 0.018 (last = 0.0189), fitness=-1795480685.683501720
16025.22 secs, 2115597 evals, 2115979 steps, improv/step: 0.018 (last = 0.0114), fitness=-1795480685.683501720
16055.22 secs, 2119341 evals, 2119723 steps, improv/step: 0.018 (last = 0.0139), fitness=-1795480685.683513165
16085.23 secs, 2123209 evals, 2123592 steps, improv/step: 0.018 (last = 0.0152), fitness=-1795480685.683549404
16115.23 secs, 2127076 evals, 2127460 steps, improv/step: 0.018 (last = 0.0122), fitness=-1795480685.683566570
16145.24 secs, 2131061 evals, 2131445 steps, improv/step: 0.018 (last = 0.0100), fitness=-1795480685.683573961
16175.24 secs, 2134961 evals, 2135346 steps, improv/step: 0.018 (last = 0.0126), fitness=-1795480685.683582306
16205.25 secs, 2138854 evals, 2139240 steps, improv/step: 0.018 (last = 0.0164), fitness=-1795480685.683606148
16235.25 secs, 2142647 evals, 2143033 steps, improv/step: 0.018 (last = 0.0129), fitness=-1795480685.683619022
16265.25 secs, 2146507 evals, 2146894 steps, improv/step: 0.018 (last = 0.0124), fitness=-1795480685.683653593
16295.26 secs, 2150432 evals, 2150820 steps, improv/step: 0.018 (last = 0.0117), fitness=-1795480685.683653593
16325.26 secs, 2154410 evals, 2154799 steps, improv/step: 0.018 (last = 0.0103), fitness=-1795480685.683670998
16355.28 secs, 2158446 evals, 2158835 steps, improv/step: 0.018 (last = 0.0109), fitness=-1795480685.683676004
16385.28 secs, 2162443 evals, 2162832 steps, improv/step: 0.018 (last = 0.0090), fitness=-1795480685.683678389
16415.28 secs, 2166335 evals, 2166724 steps, improv/step: 0.018 (last = 0.0113), fitness=-1795480685.683691502
16445.29 secs, 2170322 evals, 2170711 steps, improv/step: 0.018 (last = 0.0115), fitness=-1795480685.683711767
16475.29 secs, 2174187 evals, 2174577 steps, improv/step: 0.018 (last = 0.0111), fitness=-1795480685.683725834
16505.35 secs, 2178066 evals, 2178456 steps, improv/step: 0.018 (last = 0.0090), fitness=-1795480685.683726549
16535.35 secs, 2182032 evals, 2182424 steps, improv/step: 0.018 (last = 0.0108), fitness=-1795480685.683752298
16565.35 secs, 2186028 evals, 2186420 steps, improv/step: 0.018 (last = 0.0090), fitness=-1795480685.683752298
16595.35 secs, 2190113 evals, 2190505 steps, improv/step: 0.018 (last = 0.0142), fitness=-1795480685.683769941
16625.36 secs, 2194067 evals, 2194459 steps, improv/step: 0.018 (last = 0.0121), fitness=-1795480685.683773279
16655.36 secs, 2197838 evals, 2198230 steps, improv/step: 0.018 (last = 0.0103), fitness=-1795480685.683789253
16685.37 secs, 2201617 evals, 2202009 steps, improv/step: 0.018 (last = 0.0116), fitness=-1795480685.683802366
16715.37 secs, 2205426 evals, 2205818 steps, improv/step: 0.018 (last = 0.0121), fitness=-1795480685.683805466
16745.38 secs, 2209140 evals, 2209534 steps, improv/step: 0.018 (last = 0.0073), fitness=-1795480685.683817625
16775.38 secs, 2212856 evals, 2213252 steps, improv/step: 0.018 (last = 0.0075), fitness=-1795480685.683827639
16805.38 secs, 2216525 evals, 2216921 steps, improv/step: 0.018 (last = 0.0123), fitness=-1795480685.683834553
16835.39 secs, 2220397 evals, 2220793 steps, improv/step: 0.018 (last = 0.0111), fitness=-1795480685.683836460
16865.40 secs, 2224227 evals, 2224624 steps, improv/step: 0.018 (last = 0.0102), fitness=-1795480685.683847427
16895.40 secs, 2228031 evals, 2228428 steps, improv/step: 0.018 (last = 0.0089), fitness=-1795480685.683850527
16925.41 secs, 2231770 evals, 2232167 steps, improv/step: 0.018 (last = 0.0099), fitness=-1795480685.683853149
16955.42 secs, 2235452 evals, 2235849 steps, improv/step: 0.018 (last = 0.0128), fitness=-1795480685.683874130
16985.42 secs, 2239167 evals, 2239564 steps, improv/step: 0.018 (last = 0.0118), fitness=-1795480685.683874130
17015.42 secs, 2243039 evals, 2243438 steps, improv/step: 0.018 (last = 0.0114), fitness=-1795480685.683881760
17045.42 secs, 2246884 evals, 2247284 steps, improv/step: 0.018 (last = 0.0104), fitness=-1795480685.683893681
17075.51 secs, 2250684 evals, 2251085 steps, improv/step: 0.018 (last = 0.0071), fitness=-1795480685.683893681
17105.52 secs, 2254556 evals, 2254957 steps, improv/step: 0.018 (last = 0.0101), fitness=-1795480685.683905125
17135.52 secs, 2258384 evals, 2258787 steps, improv/step: 0.018 (last = 0.0070), fitness=-1795480685.683917522
17165.52 secs, 2262214 evals, 2262618 steps, improv/step: 0.018 (last = 0.0065), fitness=-1795480685.683917522
17195.52 secs, 2266010 evals, 2266414 steps, improv/step: 0.018 (last = 0.0100), fitness=-1795480685.683923006
17225.58 secs, 2269846 evals, 2270252 steps, improv/step: 0.018 (last = 0.0091), fitness=-1795480685.683933020
17255.58 secs, 2273582 evals, 2273989 steps, improv/step: 0.018 (last = 0.0086), fitness=-1795480685.683933020
17285.59 secs, 2277496 evals, 2277904 steps, improv/step: 0.018 (last = 0.0100), fitness=-1795480685.683933496
17315.60 secs, 2281345 evals, 2281754 steps, improv/step: 0.018 (last = 0.0078), fitness=-1795480685.683950424
17345.61 secs, 2285340 evals, 2285750 steps, improv/step: 0.018 (last = 0.0093), fitness=-1795480685.683951378
17375.62 secs, 2289265 evals, 2289676 steps, improv/step: 0.018 (last = 0.0094), fitness=-1795480685.683952808
17405.62 secs, 2293258 evals, 2293669 steps, improv/step: 0.018 (last = 0.0095), fitness=-1795480685.683969259
17435.63 secs, 2297184 evals, 2297595 steps, improv/step: 0.018 (last = 0.0097), fitness=-1795480685.683972359
17465.63 secs, 2300979 evals, 2301390 steps, improv/step: 0.018 (last = 0.0105), fitness=-1795480685.683994293
17495.63 secs, 2304889 evals, 2305303 steps, improv/step: 0.018 (last = 0.0120), fitness=-1795480685.683994293
17525.64 secs, 2308769 evals, 2309184 steps, improv/step: 0.018 (last = 0.0119), fitness=-1795480685.684013844
17555.64 secs, 2312546 evals, 2312963 steps, improv/step: 0.018 (last = 0.0114), fitness=-1795480685.684013844
17585.64 secs, 2316232 evals, 2316649 steps, improv/step: 0.018 (last = 0.0090), fitness=-1795480685.684013844
17615.65 secs, 2320083 evals, 2320502 steps, improv/step: 0.018 (last = 0.0101), fitness=-1795480685.684015274
17645.65 secs, 2324044 evals, 2324465 steps, improv/step: 0.018 (last = 0.0109), fitness=-1795480685.684015512
17675.68 secs, 2327817 evals, 2328238 steps, improv/step: 0.018 (last = 0.0072), fitness=-1795480685.684022665
17705.69 secs, 2331452 evals, 2331873 steps, improv/step: 0.018 (last = 0.0094), fitness=-1795480685.684022665
17735.70 secs, 2335201 evals, 2335622 steps, improv/step: 0.018 (last = 0.0120), fitness=-1795480685.684028149
17765.76 secs, 2338885 evals, 2339306 steps, improv/step: 0.018 (last = 0.0114), fitness=-1795480685.684035540
17795.76 secs, 2342597 evals, 2343019 steps, improv/step: 0.018 (last = 0.0151), fitness=-1795480685.684038162
17825.77 secs, 2346314 evals, 2346737 steps, improv/step: 0.018 (last = 0.0126), fitness=-1795480685.684038162
17855.83 secs, 2350086 evals, 2350511 steps, improv/step: 0.018 (last = 0.0095), fitness=-1795480685.684042931
17885.86 secs, 2353934 evals, 2354361 steps, improv/step: 0.018 (last = 0.0101), fitness=-1795480685.684050560
17915.86 secs, 2357693 evals, 2358120 steps, improv/step: 0.017 (last = 0.0077), fitness=-1795480685.684050560
17945.87 secs, 2361342 evals, 2361769 steps, improv/step: 0.017 (last = 0.0079), fitness=-1795480685.684060097
17975.87 secs, 2365040 evals, 2365470 steps, improv/step: 0.017 (last = 0.0105), fitness=-1795480685.684062719
18005.88 secs, 2368803 evals, 2369233 steps, improv/step: 0.017 (last = 0.0093), fitness=-1795480685.684067726
18035.88 secs, 2372640 evals, 2373072 steps, improv/step: 0.017 (last = 0.0076), fitness=-1795480685.684070349
18065.88 secs, 2376334 evals, 2376766 steps, improv/step: 0.017 (last = 0.0076), fitness=-1795480685.684070349
18095.89 secs, 2380105 evals, 2380537 steps, improv/step: 0.017 (last = 0.0066), fitness=-1795480685.684071779
18125.96 secs, 2383921 evals, 2384354 steps, improv/step: 0.017 (last = 0.0068), fitness=-1795480685.684071779
18155.97 secs, 2387736 evals, 2388169 steps, improv/step: 0.017 (last = 0.0060), fitness=-1795480685.684072495
18185.97 secs, 2391677 evals, 2392111 steps, improv/step: 0.017 (last = 0.0091), fitness=-1795480685.684087038
18215.97 secs, 2395466 evals, 2395900 steps, improv/step: 0.017 (last = 0.0087), fitness=-1795480685.684087038
18245.97 secs, 2399349 evals, 2399783 steps, improv/step: 0.017 (last = 0.0070), fitness=-1795480685.684087038
18275.98 secs, 2403071 evals, 2403507 steps, improv/step: 0.017 (last = 0.0078), fitness=-1795480685.684087038
18305.99 secs, 2407050 evals, 2407486 steps, improv/step: 0.017 (last = 0.0068), fitness=-1795480685.684090614
18335.99 secs, 2411022 evals, 2411459 steps, improv/step: 0.017 (last = 0.0068), fitness=-1795480685.684091568
18365.99 secs, 2415105 evals, 2415543 steps, improv/step: 0.017 (last = 0.0078), fitness=-1795480685.684096813
18396.00 secs, 2419133 evals, 2419571 steps, improv/step: 0.017 (last = 0.0089), fitness=-1795480685.684098959
18426.00 secs, 2423385 evals, 2423824 steps, improv/step: 0.017 (last = 0.0089), fitness=-1795480685.684101105
18456.00 secs, 2427686 evals, 2428127 steps, improv/step: 0.017 (last = 0.0067), fitness=-1795480685.684101105
18486.01 secs, 2432019 evals, 2432461 steps, improv/step: 0.017 (last = 0.0088), fitness=-1795480685.684102535
18516.01 secs, 2436370 evals, 2436812 steps, improv/step: 0.017 (last = 0.0094), fitness=-1795480685.684104919
18546.01 secs, 2440675 evals, 2441117 steps, improv/step: 0.017 (last = 0.0098), fitness=-1795480685.684110403
18576.02 secs, 2444655 evals, 2445098 steps, improv/step: 0.017 (last = 0.0070), fitness=-1795480685.684112549
18606.02 secs, 2448661 evals, 2449104 steps, improv/step: 0.017 (last = 0.0087), fitness=-1795480685.684113026
18636.02 secs, 2452694 evals, 2453138 steps, improv/step: 0.017 (last = 0.0069), fitness=-1795480685.684113026
18666.02 secs, 2457180 evals, 2457625 steps, improv/step: 0.017 (last = 0.0082), fitness=-1795480685.684113979
18696.02 secs, 2461591 evals, 2462036 steps, improv/step: 0.017 (last = 0.0048), fitness=-1795480685.684114218
18726.03 secs, 2466013 evals, 2466458 steps, improv/step: 0.017 (last = 0.0066), fitness=-1795480685.684114456
18756.03 secs, 2470347 evals, 2470794 steps, improv/step: 0.017 (last = 0.0074), fitness=-1795480685.684115410
18786.03 secs, 2474852 evals, 2475301 steps, improv/step: 0.017 (last = 0.0053), fitness=-1795480685.684116125
18816.03 secs, 2479557 evals, 2480008 steps, improv/step: 0.017 (last = 0.0059), fitness=-1795480685.684117556
18846.03 secs, 2484118 evals, 2484571 steps, improv/step: 0.017 (last = 0.0048), fitness=-1795480685.684117556
18876.04 secs, 2488668 evals, 2489121 steps, improv/step: 0.017 (last = 0.0055), fitness=-1795480685.684119701
18906.04 secs, 2493051 evals, 2493504 steps, improv/step: 0.017 (last = 0.0059), fitness=-1795480685.684119701
18936.04 secs, 2497433 evals, 2497887 steps, improv/step: 0.017 (last = 0.0078), fitness=-1795480685.684119940

Optimization stopped after 2500455 steps and 18952.67 seconds
Termination reason: Max number of function evaluations (2500000) reached
Steps per second = 131.93
Function evals per second = 131.91
Improvements/step = Inf
Total function evaluations = 2500001


Best candidate found: [96.7037, 77.1677, 15.4305, 4.95517, 1328.39, 86.1515, 103.231, 112.192, 5.13442, 1311.36, 4.76383e-5, 0.000476614, 0.00476397, 0.482023, 0.482167]

Fitness: -1795480685.684121132

-1.7954806856841242e9

[96.7036763871692, 77.16769617357008, 15.430452045235656, 4.955170161794045, 1328.387511128199, 86.15153157568534, 103.23140641046709, 112.19178127825434, 5.1344182740017, 1311.3570120223806, 4.7638314054626984e-5, 0.0004766139638685634, 0.00476397019399688, 0.4820230866727939, 0.48216698545145814]

Script has finished
Wed Dec 22 01:36:58 CET 2021

------------------------------------------------------------
Sender: LSF System <schwan@makalu189>
Subject: Job 576411: <Julia_Job_parallel> in cluster <wuerfel> Done

Job <Julia_Job_parallel> was submitted from host <makalu56> by user <magr4985> in cluster <wuerfel> at Tue Dec 21 19:54:42 2021
Job was executed on host(s) <makalu189>, in queue <BatchXL>, as user <magr4985> in cluster <wuerfel> at Tue Dec 21 20:17:18 2021
</usr/scratch4/magr4985> was used as the home directory.
</usr/scratch4/magr4985/TRPL/BatchJobs/syn_data_4/Run23> was used as the working directory.
Started at Tue Dec 21 20:17:18 2021
Terminated at Wed Dec 22 01:36:58 2021
Results reported at Wed Dec 22 01:36:58 2021

Your job looked like:

------------------------------------------------------------
# LSBATCH: User input
#!/bin/csh 
#BSUB -q BatchXL 
#BSUB -R "mem > 8000 span[hosts=1] && intel_avx2" 
#BSUB -oo lsf_julia_%J.log 
#BSUB -eo lsf_julia_%J.err 
#BSUB -J Julia_Job_parallel 
#BSUB -L /bin/csh 
#BSUB -n 1 
date 
pwd 
module purge 
/usr/scratch4/magr4985/julia-1.6.2/bin/julia -t 4 /usr/scratch4/magr4985/TRPL/Programs/trpl_analysis_syn.jl 4 2500000 1 /usr/scratch4/magr4985/TRPL/BatchJobs/syn_data_4/Run23 1.0e-14 3600 "[1.0, 1.0, 1.0, 1.0, 1.0, 1.0, 1.0, 1.0, 1.0, 1.0, 1.0e-6, 1.0e-6, 1.0e-6, 1.0e-6, 1.0e-6, 1.0e-6, 1.0e-6, 1.0e-6, 1.0e-6, 1.0e-6]" "[5000.0, 5000.0, 1000.0, 1000.0, 1.0e9, 1000.0, 10000.0, 10000.0, 1000.0, 1.0e6, 1.0, 1.0, 1.0, 1.0, 1.0, 1.0, 1.0, 1.0, 1.0, 1.0]" 
date
------------------------------------------------------------

Successfully completed.

Resource usage summary:

    CPU time :                                   32796.47 sec.
    Max Memory :                                 1683.86 MB
    Average Memory :                             1422.73 MB
    Total Requested Memory :                     -
    Delta Memory :                               -
    Max Swap :                                   256 KB
    Max Processes :                              4
    Max Threads :                                12
    Run time :                                   19179 sec.
    Turnaround time :                            20536 sec.

The output (if any) is above this job summary.



PS:

Read file <lsf_julia_576411.err> for stderr output of this job.

