Warning: no access to tty (Bad file descriptor).
Thus no job control in this shell.
Warning: no access to tty (Bad file descriptor).
Thus no job control in this shell.
Tue Dec 21 20:04:00 CET 2021
/usr/scratch4/magr4985/TRPL/BatchJobs/syn_data_3/Run12
# Thread: 4
2276771957774983872 RNG Seed
Run 1
Starting optimization with optimizer DiffEvoOpt{FitPopulation{Float64}, RadiusLimitedSelector, BlackBoxOptim.DiffEvoRandBin{3}, RandomBound{ContinuousRectSearchSpace}}
0.00 secs, 0 evals, 0 steps
30.00 secs, 3675 evals, 3577 steps, improv/step: 0.396 (last = 0.3964), fitness=-24349616.141246907
60.00 secs, 8930 evals, 8832 steps, improv/step: 0.328 (last = 0.2807), fitness=-25513858.777258702
90.01 secs, 14556 evals, 14458 steps, improv/step: 0.263 (last = 0.1628), fitness=-25583659.967058711
120.01 secs, 20467 evals, 20369 steps, improv/step: 0.222 (last = 0.1196), fitness=-25587420.976989500
150.04 secs, 26476 evals, 26379 steps, improv/step: 0.196 (last = 0.1075), fitness=-25587579.910001256
180.04 secs, 32312 evals, 32215 steps, improv/step: 0.174 (last = 0.0766), fitness=-25587634.796345565
210.04 secs, 37846 evals, 37749 steps, improv/step: 0.159 (last = 0.0692), fitness=-25587686.306943204
240.04 secs, 43677 evals, 43580 steps, improv/step: 0.146 (last = 0.0617), fitness=-25587757.376040380
270.04 secs, 49732 evals, 49635 steps, improv/step: 0.136 (last = 0.0687), fitness=-25600349.393650312
300.05 secs, 55899 evals, 55802 steps, improv/step: 0.130 (last = 0.0791), fitness=-25600860.903803997
330.05 secs, 61528 evals, 61431 steps, improv/step: 0.143 (last = 0.2762), fitness=-25766839.458158720
360.05 secs, 66177 evals, 66080 steps, improv/step: 0.148 (last = 0.2074), fitness=-25800538.110894144
390.06 secs, 70913 evals, 70816 steps, improv/step: 0.152 (last = 0.2061), fitness=-25817583.981189251
420.07 secs, 75611 evals, 75514 steps, improv/step: 0.153 (last = 0.1652), fitness=-25837488.748898793
450.07 secs, 80301 evals, 80204 steps, improv/step: 0.154 (last = 0.1687), fitness=-25851417.529655322
480.07 secs, 84971 evals, 84874 steps, improv/step: 0.153 (last = 0.1503), fitness=-25871981.161432870
510.08 secs, 89441 evals, 89344 steps, improv/step: 0.152 (last = 0.1336), fitness=-25878934.304236237
540.08 secs, 93946 evals, 93849 steps, improv/step: 0.151 (last = 0.1194), fitness=-25881323.985265985
570.08 secs, 98208 evals, 98112 steps, improv/step: 0.148 (last = 0.0798), fitness=-25881679.192105368
600.09 secs, 102631 evals, 102536 steps, improv/step: 0.144 (last = 0.0520), fitness=-25881745.061119523
630.09 secs, 106780 evals, 106685 steps, improv/step: 0.140 (last = 0.0470), fitness=-25881766.183233898
660.10 secs, 111134 evals, 111039 steps, improv/step: 0.136 (last = 0.0448), fitness=-25881778.087792940
690.10 secs, 115388 evals, 115293 steps, improv/step: 0.133 (last = 0.0428), fitness=-25881780.537896175
720.13 secs, 119714 evals, 119619 steps, improv/step: 0.129 (last = 0.0411), fitness=-25881782.367571902
750.13 secs, 124097 evals, 124003 steps, improv/step: 0.126 (last = 0.0365), fitness=-25881783.761904128
780.14 secs, 128439 evals, 128345 steps, improv/step: 0.123 (last = 0.0357), fitness=-25881784.760493644
810.16 secs, 132620 evals, 132526 steps, improv/step: 0.120 (last = 0.0304), fitness=-25881787.318688888
840.16 secs, 136725 evals, 136631 steps, improv/step: 0.118 (last = 0.0368), fitness=-25881789.188249320
870.17 secs, 140711 evals, 140619 steps, improv/step: 0.115 (last = 0.0434), fitness=-25881790.208241440
900.17 secs, 144778 evals, 144686 steps, improv/step: 0.114 (last = 0.0445), fitness=-25881793.048952833
930.20 secs, 148902 evals, 148810 steps, improv/step: 0.112 (last = 0.0427), fitness=-25881794.666073229
960.21 secs, 153014 evals, 152922 steps, improv/step: 0.110 (last = 0.0428), fitness=-25881796.228816293
990.28 secs, 157091 evals, 156999 steps, improv/step: 0.108 (last = 0.0466), fitness=-25881797.292519242
1020.28 secs, 161005 evals, 160913 steps, improv/step: 0.107 (last = 0.0503), fitness=-25881798.543822326
1050.28 secs, 164958 evals, 164866 steps, improv/step: 0.105 (last = 0.0493), fitness=-25881799.485504728
1080.29 secs, 168921 evals, 168829 steps, improv/step: 0.104 (last = 0.0391), fitness=-25881800.908656761
1110.31 secs, 172912 evals, 172820 steps, improv/step: 0.102 (last = 0.0358), fitness=-25881802.590889741
1140.31 secs, 176806 evals, 176715 steps, improv/step: 0.101 (last = 0.0403), fitness=-25881803.126326453
1170.32 secs, 180713 evals, 180622 steps, improv/step: 0.099 (last = 0.0348), fitness=-25881803.929785103
1200.32 secs, 184585 evals, 184494 steps, improv/step: 0.098 (last = 0.0416), fitness=-25881805.080626450
1230.32 secs, 188266 evals, 188175 steps, improv/step: 0.097 (last = 0.0440), fitness=-25881806.164950542
1260.33 secs, 192039 evals, 191948 steps, improv/step: 0.096 (last = 0.0382), fitness=-25881806.828768242
1290.33 secs, 195681 evals, 195590 steps, improv/step: 0.095 (last = 0.0409), fitness=-25881807.320030041
1320.34 secs, 199355 evals, 199264 steps, improv/step: 0.094 (last = 0.0618), fitness=-25881808.463827327
1350.34 secs, 203162 evals, 203072 steps, improv/step: 0.094 (last = 0.0628), fitness=-25881809.590915240
1380.35 secs, 207083 evals, 206994 steps, improv/step: 0.093 (last = 0.0426), fitness=-25881810.093852971
1410.35 secs, 210759 evals, 210671 steps, improv/step: 0.092 (last = 0.0454), fitness=-25881811.103911698
1440.36 secs, 214419 evals, 214331 steps, improv/step: 0.091 (last = 0.0399), fitness=-25881812.818089001
1470.36 secs, 218033 evals, 217946 steps, improv/step: 0.090 (last = 0.0465), fitness=-25881814.201433025
1500.36 secs, 221665 evals, 221578 steps, improv/step: 0.089 (last = 0.0314), fitness=-25881815.972681876
1530.36 secs, 225242 evals, 225155 steps, improv/step: 0.088 (last = 0.0294), fitness=-25881818.895315342
1560.36 secs, 228865 evals, 228778 steps, improv/step: 0.088 (last = 0.0345), fitness=-25881821.753806375
1590.38 secs, 232701 evals, 232614 steps, improv/step: 0.086 (last = 0.0261), fitness=-25881822.191096563
1620.38 secs, 236390 evals, 236305 steps, improv/step: 0.086 (last = 0.0360), fitness=-25881824.418959741
1650.38 secs, 240102 evals, 240017 steps, improv/step: 0.085 (last = 0.0294), fitness=-25881825.714281693
1680.39 secs, 243837 evals, 243754 steps, improv/step: 0.084 (last = 0.0377), fitness=-25881826.546696275
1710.39 secs, 247576 evals, 247495 steps, improv/step: 0.083 (last = 0.0331), fitness=-25881827.406347387
1740.39 secs, 251322 evals, 251241 steps, improv/step: 0.083 (last = 0.0352), fitness=-25881827.772606671
1770.39 secs, 254972 evals, 254891 steps, improv/step: 0.082 (last = 0.0381), fitness=-25881829.155227326
1800.40 secs, 258716 evals, 258636 steps, improv/step: 0.081 (last = 0.0417), fitness=-25881829.934460785
1830.41 secs, 262427 evals, 262348 steps, improv/step: 0.081 (last = 0.0434), fitness=-25881831.376881756
1860.41 secs, 266225 evals, 266147 steps, improv/step: 0.080 (last = 0.0342), fitness=-25881832.504390221
1890.42 secs, 270082 evals, 270005 steps, improv/step: 0.079 (last = 0.0306), fitness=-25881834.444628499
1920.42 secs, 273766 evals, 273689 steps, improv/step: 0.079 (last = 0.0239), fitness=-25881835.815400463
1950.43 secs, 277447 evals, 277370 steps, improv/step: 0.078 (last = 0.0266), fitness=-25881837.490618587
1980.43 secs, 281211 evals, 281134 steps, improv/step: 0.077 (last = 0.0319), fitness=-25881837.983287156
2010.43 secs, 284902 evals, 284825 steps, improv/step: 0.077 (last = 0.0331), fitness=-25881839.750678141
2040.44 secs, 288642 evals, 288565 steps, improv/step: 0.076 (last = 0.0291), fitness=-25881840.868433647
2070.45 secs, 292476 evals, 292399 steps, improv/step: 0.076 (last = 0.0295), fitness=-25881841.800672039
2100.45 secs, 296243 evals, 296167 steps, improv/step: 0.075 (last = 0.0263), fitness=-25881842.356872782
2130.46 secs, 300059 evals, 299984 steps, improv/step: 0.075 (last = 0.0364), fitness=-25881843.167060185
2160.46 secs, 303812 evals, 303738 steps, improv/step: 0.074 (last = 0.0272), fitness=-25881843.984674059
2190.46 secs, 307594 evals, 307520 steps, improv/step: 0.073 (last = 0.0270), fitness=-25881844.563012362
2220.49 secs, 311380 evals, 311307 steps, improv/step: 0.073 (last = 0.0232), fitness=-25881846.146198649
2250.49 secs, 315270 evals, 315197 steps, improv/step: 0.072 (last = 0.0234), fitness=-25881846.771951810
2280.49 secs, 319102 evals, 319031 steps, improv/step: 0.071 (last = 0.0175), fitness=-25881848.243206527
2310.52 secs, 322926 evals, 322855 steps, improv/step: 0.071 (last = 0.0194), fitness=-25881848.243206527
2340.53 secs, 326732 evals, 326661 steps, improv/step: 0.070 (last = 0.0244), fitness=-25881848.805788144
2370.53 secs, 330540 evals, 330469 steps, improv/step: 0.070 (last = 0.0318), fitness=-25881849.446064375
2400.53 secs, 334211 evals, 334140 steps, improv/step: 0.069 (last = 0.0308), fitness=-25881850.603617910
2430.53 secs, 337883 evals, 337813 steps, improv/step: 0.069 (last = 0.0338), fitness=-25881850.729277998
2460.54 secs, 341643 evals, 341575 steps, improv/step: 0.069 (last = 0.0369), fitness=-25881851.335910063
2490.54 secs, 345267 evals, 345199 steps, improv/step: 0.068 (last = 0.0326), fitness=-25881851.960997522
2520.55 secs, 349121 evals, 349053 steps, improv/step: 0.068 (last = 0.0293), fitness=-25881852.830305345
2550.55 secs, 352958 evals, 352890 steps, improv/step: 0.067 (last = 0.0258), fitness=-25881853.071718723
2580.56 secs, 356750 evals, 356682 steps, improv/step: 0.067 (last = 0.0303), fitness=-25881853.773026451
2610.56 secs, 360433 evals, 360365 steps, improv/step: 0.067 (last = 0.0263), fitness=-25881854.036625862
2640.56 secs, 364202 evals, 364134 steps, improv/step: 0.066 (last = 0.0260), fitness=-25881854.143432975
2670.56 secs, 367908 evals, 367840 steps, improv/step: 0.066 (last = 0.0302), fitness=-25881855.088524997
2700.61 secs, 371650 evals, 371582 steps, improv/step: 0.066 (last = 0.0339), fitness=-25881855.621956140
2730.62 secs, 375398 evals, 375331 steps, improv/step: 0.065 (last = 0.0347), fitness=-25881856.372602746
2760.62 secs, 379332 evals, 379265 steps, improv/step: 0.065 (last = 0.0277), fitness=-25881856.903169394
2790.63 secs, 383107 evals, 383040 steps, improv/step: 0.064 (last = 0.0262), fitness=-25881857.405397020
2820.64 secs, 386950 evals, 386885 steps, improv/step: 0.064 (last = 0.0299), fitness=-25881858.052938178
2850.65 secs, 390837 evals, 390772 steps, improv/step: 0.064 (last = 0.0322), fitness=-25881858.450394381
2880.66 secs, 394830 evals, 394766 steps, improv/step: 0.063 (last = 0.0293), fitness=-25881859.137493558
2910.66 secs, 398545 evals, 398481 steps, improv/step: 0.063 (last = 0.0240), fitness=-25881859.732323848
2940.66 secs, 402389 evals, 402326 steps, improv/step: 0.063 (last = 0.0325), fitness=-25881860.354775682
2970.66 secs, 406153 evals, 406090 steps, improv/step: 0.062 (last = 0.0242), fitness=-25881860.762920715
3000.67 secs, 409740 evals, 409677 steps, improv/step: 0.062 (last = 0.0262), fitness=-25881861.001519591
3030.67 secs, 413568 evals, 413505 steps, improv/step: 0.062 (last = 0.0243), fitness=-25881861.373235367
3060.67 secs, 417293 evals, 417230 steps, improv/step: 0.061 (last = 0.0325), fitness=-25881861.667188175
3090.67 secs, 421004 evals, 420941 steps, improv/step: 0.061 (last = 0.0356), fitness=-25881861.829552133
3120.67 secs, 424642 evals, 424580 steps, improv/step: 0.061 (last = 0.0379), fitness=-25881862.139116067
3150.68 secs, 428380 evals, 428318 steps, improv/step: 0.061 (last = 0.0268), fitness=-25881862.475303136
3180.68 secs, 432273 evals, 432211 steps, improv/step: 0.060 (last = 0.0313), fitness=-25881862.566344850
3210.68 secs, 436086 evals, 436024 steps, improv/step: 0.060 (last = 0.0233), fitness=-25881862.784719393
3240.68 secs, 439857 evals, 439796 steps, improv/step: 0.060 (last = 0.0292), fitness=-25881862.876802217
3270.69 secs, 443556 evals, 443495 steps, improv/step: 0.060 (last = 0.0246), fitness=-25881863.137667183
3300.70 secs, 447389 evals, 447330 steps, improv/step: 0.059 (last = 0.0292), fitness=-25881863.634479094
3330.70 secs, 451176 evals, 451117 steps, improv/step: 0.059 (last = 0.0256), fitness=-25881863.756062012
3360.70 secs, 454877 evals, 454818 steps, improv/step: 0.059 (last = 0.0208), fitness=-25881864.088155493
3390.71 secs, 458586 evals, 458527 steps, improv/step: 0.058 (last = 0.0216), fitness=-25881864.294157639
3420.71 secs, 462303 evals, 462244 steps, improv/step: 0.058 (last = 0.0218), fitness=-25881864.484959006
3450.78 secs, 466061 evals, 466003 steps, improv/step: 0.058 (last = 0.0221), fitness=-25881864.826693110
3480.78 secs, 469798 evals, 469741 steps, improv/step: 0.058 (last = 0.0235), fitness=-25881865.136926632
3510.79 secs, 473457 evals, 473400 steps, improv/step: 0.057 (last = 0.0284), fitness=-25881865.140241392
3540.79 secs, 477121 evals, 477064 steps, improv/step: 0.057 (last = 0.0205), fitness=-25881865.347408820
3570.79 secs, 480849 evals, 480792 steps, improv/step: 0.057 (last = 0.0233), fitness=-25881865.504056066
3600.80 secs, 484509 evals, 484452 steps, improv/step: 0.057 (last = 0.0246), fitness=-25881865.558832206
3630.80 secs, 488320 evals, 488263 steps, improv/step: 0.056 (last = 0.0228), fitness=-25881865.767831009
3660.81 secs, 492030 evals, 491973 steps, improv/step: 0.056 (last = 0.0210), fitness=-25881865.822562635
3690.81 secs, 495755 evals, 495698 steps, improv/step: 0.056 (last = 0.0193), fitness=-25881865.879528910
3720.81 secs, 499456 evals, 499400 steps, improv/step: 0.056 (last = 0.0240), fitness=-25881865.939284340
3750.82 secs, 503023 evals, 502967 steps, improv/step: 0.055 (last = 0.0233), fitness=-25881865.991086453
3780.82 secs, 506695 evals, 506641 steps, improv/step: 0.055 (last = 0.0248), fitness=-25881866.070565596
3810.83 secs, 510332 evals, 510279 steps, improv/step: 0.055 (last = 0.0217), fitness=-25881866.087663088
3840.89 secs, 513996 evals, 513943 steps, improv/step: 0.055 (last = 0.0243), fitness=-25881866.128012341
3870.89 secs, 517645 evals, 517592 steps, improv/step: 0.054 (last = 0.0304), fitness=-25881866.198160026
3900.90 secs, 521237 evals, 521185 steps, improv/step: 0.054 (last = 0.0278), fitness=-25881866.233376544
3930.90 secs, 524808 evals, 524756 steps, improv/step: 0.054 (last = 0.0319), fitness=-25881866.305813808
3960.91 secs, 528387 evals, 528335 steps, improv/step: 0.054 (last = 0.0268), fitness=-25881866.343633369
3990.95 secs, 531985 evals, 531934 steps, improv/step: 0.054 (last = 0.0253), fitness=-25881866.397702307
4020.95 secs, 535680 evals, 535629 steps, improv/step: 0.054 (last = 0.0276), fitness=-25881866.451850284
4050.96 secs, 539375 evals, 539324 steps, improv/step: 0.053 (last = 0.0227), fitness=-25881866.488673702
4080.97 secs, 543165 evals, 543115 steps, improv/step: 0.053 (last = 0.0232), fitness=-25881866.535713457
4110.97 secs, 546932 evals, 546883 steps, improv/step: 0.053 (last = 0.0311), fitness=-25881866.570396334
4140.97 secs, 550690 evals, 550641 steps, improv/step: 0.053 (last = 0.0261), fitness=-25881866.620087206
4170.97 secs, 554304 evals, 554255 steps, improv/step: 0.053 (last = 0.0279), fitness=-25881866.644726750
4200.98 secs, 558024 evals, 557975 steps, improv/step: 0.052 (last = 0.0226), fitness=-25881866.667401761
4230.98 secs, 561679 evals, 561630 steps, improv/step: 0.052 (last = 0.0252), fitness=-25881866.691619560
4260.99 secs, 565510 evals, 565461 steps, improv/step: 0.052 (last = 0.0258), fitness=-25881866.711276487
4291.05 secs, 569309 evals, 569261 steps, improv/step: 0.052 (last = 0.0200), fitness=-25881866.773451731
4321.06 secs, 573175 evals, 573130 steps, improv/step: 0.052 (last = 0.0178), fitness=-25881866.773451731
4351.06 secs, 576966 evals, 576921 steps, improv/step: 0.051 (last = 0.0171), fitness=-25881866.797078103
4381.07 secs, 580687 evals, 580642 steps, improv/step: 0.051 (last = 0.0180), fitness=-25881866.815491721
4411.07 secs, 584470 evals, 584425 steps, improv/step: 0.051 (last = 0.0201), fitness=-25881866.817611940
4441.08 secs, 588426 evals, 588382 steps, improv/step: 0.051 (last = 0.0270), fitness=-25881866.838098992
4471.08 secs, 592094 evals, 592050 steps, improv/step: 0.051 (last = 0.0234), fitness=-25881866.848220509
4501.09 secs, 595839 evals, 595796 steps, improv/step: 0.050 (last = 0.0206), fitness=-25881866.851447172
4531.09 secs, 599574 evals, 599531 steps, improv/step: 0.050 (last = 0.0195), fitness=-25881866.860535391
4561.09 secs, 603379 evals, 603336 steps, improv/step: 0.050 (last = 0.0202), fitness=-25881866.868492275
4591.09 secs, 607173 evals, 607130 steps, improv/step: 0.050 (last = 0.0306), fitness=-25881866.881414764
4621.10 secs, 610861 evals, 610818 steps, improv/step: 0.050 (last = 0.0214), fitness=-25881866.884874370
4651.10 secs, 614565 evals, 614522 steps, improv/step: 0.050 (last = 0.0256), fitness=-25881866.890736155
4681.14 secs, 618313 evals, 618270 steps, improv/step: 0.050 (last = 0.0248), fitness=-25881866.895678643
4711.15 secs, 622109 evals, 622067 steps, improv/step: 0.049 (last = 0.0176), fitness=-25881866.902104542
4741.21 secs, 626065 evals, 626027 steps, improv/step: 0.049 (last = 0.0149), fitness=-25881866.904772583
4771.21 secs, 629974 evals, 629936 steps, improv/step: 0.049 (last = 0.0182), fitness=-25881866.908676513
4801.21 secs, 633692 evals, 633654 steps, improv/step: 0.049 (last = 0.0134), fitness=-25881866.919873402
4831.21 secs, 637519 evals, 637481 steps, improv/step: 0.048 (last = 0.0152), fitness=-25881866.928722367
4861.21 secs, 641304 evals, 641266 steps, improv/step: 0.048 (last = 0.0164), fitness=-25881866.933398157
4891.21 secs, 645211 evals, 645175 steps, improv/step: 0.048 (last = 0.0153), fitness=-25881866.944488585
4921.28 secs, 648959 evals, 648923 steps, improv/step: 0.048 (last = 0.0157), fitness=-25881866.957851030
4951.28 secs, 652839 evals, 652803 steps, improv/step: 0.048 (last = 0.0168), fitness=-25881866.964590903
4981.29 secs, 656703 evals, 656667 steps, improv/step: 0.048 (last = 0.0116), fitness=-25881866.979826581
5011.29 secs, 660628 evals, 660593 steps, improv/step: 0.047 (last = 0.0125), fitness=-25881866.982715346
5041.30 secs, 664434 evals, 664399 steps, improv/step: 0.047 (last = 0.0134), fitness=-25881866.988123097
5071.30 secs, 668178 evals, 668143 steps, improv/step: 0.047 (last = 0.0123), fitness=-25881866.990967534
5101.38 secs, 672007 evals, 671972 steps, improv/step: 0.047 (last = 0.0123), fitness=-25881866.994812377
5131.38 secs, 675819 evals, 675784 steps, improv/step: 0.047 (last = 0.0115), fitness=-25881866.996953163
5161.39 secs, 679647 evals, 679612 steps, improv/step: 0.046 (last = 0.0125), fitness=-25881866.998731889
5191.39 secs, 683434 evals, 683399 steps, improv/step: 0.046 (last = 0.0166), fitness=-25881867.004075047
5221.39 secs, 687350 evals, 687315 steps, improv/step: 0.046 (last = 0.0181), fitness=-25881867.004443429
5251.39 secs, 691243 evals, 691208 steps, improv/step: 0.046 (last = 0.0208), fitness=-25881867.009646777
5281.39 secs, 695074 evals, 695040 steps, improv/step: 0.046 (last = 0.0222), fitness=-25881867.012404114
5311.40 secs, 698845 evals, 698813 steps, improv/step: 0.046 (last = 0.0159), fitness=-25881867.014898106
5341.42 secs, 702621 evals, 702589 steps, improv/step: 0.045 (last = 0.0162), fitness=-25881867.017403066
5371.42 secs, 706357 evals, 706325 steps, improv/step: 0.045 (last = 0.0131), fitness=-25881867.021300320
5401.44 secs, 709994 evals, 709962 steps, improv/step: 0.045 (last = 0.0157), fitness=-25881867.025764581
5431.45 secs, 713669 evals, 713638 steps, improv/step: 0.045 (last = 0.0166), fitness=-25881867.025952332
5461.53 secs, 717359 evals, 717330 steps, improv/step: 0.045 (last = 0.0163), fitness=-25881867.027026102
5491.53 secs, 721151 evals, 721122 steps, improv/step: 0.045 (last = 0.0137), fitness=-25881867.027748458
5521.54 secs, 724979 evals, 724950 steps, improv/step: 0.044 (last = 0.0167), fitness=-25881867.028763153
5551.54 secs, 728766 evals, 728740 steps, improv/step: 0.044 (last = 0.0179), fitness=-25881867.029664233
5581.54 secs, 732671 evals, 732646 steps, improv/step: 0.044 (last = 0.0223), fitness=-25881867.031537425
5611.55 secs, 736344 evals, 736319 steps, improv/step: 0.044 (last = 0.0234), fitness=-25881867.032412734
5641.56 secs, 740098 evals, 740076 steps, improv/step: 0.044 (last = 0.0213), fitness=-25881867.034503482
5671.56 secs, 743894 evals, 743872 steps, improv/step: 0.044 (last = 0.0179), fitness=-25881867.034936454
5701.56 secs, 747747 evals, 747727 steps, improv/step: 0.044 (last = 0.0231), fitness=-25881867.035810947
5731.58 secs, 751439 evals, 751419 steps, improv/step: 0.044 (last = 0.0192), fitness=-25881867.036907814
5761.58 secs, 755142 evals, 755123 steps, improv/step: 0.044 (last = 0.0240), fitness=-25881867.038139679
5791.63 secs, 758901 evals, 758882 steps, improv/step: 0.043 (last = 0.0290), fitness=-25881867.040280730
5821.63 secs, 762534 evals, 762515 steps, improv/step: 0.043 (last = 0.0234), fitness=-25881867.042589191
5851.63 secs, 766148 evals, 766130 steps, improv/step: 0.043 (last = 0.0241), fitness=-25881867.044628493
5881.63 secs, 769842 evals, 769824 steps, improv/step: 0.043 (last = 0.0276), fitness=-25881867.044628493
5911.64 secs, 773552 evals, 773535 steps, improv/step: 0.043 (last = 0.0186), fitness=-25881867.045552887
5941.64 secs, 777427 evals, 777410 steps, improv/step: 0.043 (last = 0.0235), fitness=-25881867.048218064
5971.64 secs, 781256 evals, 781239 steps, improv/step: 0.043 (last = 0.0269), fitness=-25881867.048218064
6001.64 secs, 785068 evals, 785051 steps, improv/step: 0.043 (last = 0.0236), fitness=-25881867.050138500
6031.65 secs, 788749 evals, 788733 steps, improv/step: 0.043 (last = 0.0163), fitness=-25881867.050692245
6061.66 secs, 792372 evals, 792356 steps, improv/step: 0.043 (last = 0.0166), fitness=-25881867.052909292
6091.66 secs, 796095 evals, 796079 steps, improv/step: 0.042 (last = 0.0212), fitness=-25881867.053341344
6121.66 secs, 799859 evals, 799843 steps, improv/step: 0.042 (last = 0.0202), fitness=-25881867.053951204
6151.67 secs, 803649 evals, 803633 steps, improv/step: 0.042 (last = 0.0227), fitness=-25881867.055144016
6181.68 secs, 807415 evals, 807401 steps, improv/step: 0.042 (last = 0.0226), fitness=-25881867.056019623
6211.69 secs, 811237 evals, 811224 steps, improv/step: 0.042 (last = 0.0149), fitness=-25881867.056436315
6241.69 secs, 815013 evals, 815000 steps, improv/step: 0.042 (last = 0.0156), fitness=-25881867.058832631
6271.70 secs, 818887 evals, 818874 steps, improv/step: 0.042 (last = 0.0204), fitness=-25881867.059538756
6301.70 secs, 822660 evals, 822647 steps, improv/step: 0.042 (last = 0.0193), fitness=-25881867.059706245
6331.71 secs, 826399 evals, 826387 steps, improv/step: 0.042 (last = 0.0174), fitness=-25881867.061433382
6361.71 secs, 830087 evals, 830075 steps, improv/step: 0.042 (last = 0.0187), fitness=-25881867.062968850
6391.71 secs, 833940 evals, 833929 steps, improv/step: 0.041 (last = 0.0189), fitness=-25881867.064913366
6421.72 secs, 837728 evals, 837718 steps, improv/step: 0.041 (last = 0.0211), fitness=-25881867.064914212
6451.78 secs, 841504 evals, 841494 steps, improv/step: 0.041 (last = 0.0188), fitness=-25881867.066990510
6481.78 secs, 845177 evals, 845169 steps, improv/step: 0.041 (last = 0.0180), fitness=-25881867.067127325
6511.79 secs, 848716 evals, 848708 steps, improv/step: 0.041 (last = 0.0141), fitness=-25881867.067554012
6541.79 secs, 852438 evals, 852431 steps, improv/step: 0.041 (last = 0.0150), fitness=-25881867.069064509
6571.79 secs, 856254 evals, 856247 steps, improv/step: 0.041 (last = 0.0189), fitness=-25881867.069172323
6601.80 secs, 860022 evals, 860016 steps, improv/step: 0.041 (last = 0.0157), fitness=-25881867.069602128
6631.80 secs, 863755 evals, 863750 steps, improv/step: 0.041 (last = 0.0201), fitness=-25881867.070572712
6661.81 secs, 867474 evals, 867471 steps, improv/step: 0.041 (last = 0.0204), fitness=-25881867.070627920
6691.81 secs, 871054 evals, 871051 steps, improv/step: 0.040 (last = 0.0212), fitness=-25881867.071087591
6721.81 secs, 874657 evals, 874654 steps, improv/step: 0.040 (last = 0.0119), fitness=-25881867.071302645
6751.81 secs, 878282 evals, 878281 steps, improv/step: 0.040 (last = 0.0165), fitness=-25881867.071465295
6781.82 secs, 881833 evals, 881832 steps, improv/step: 0.040 (last = 0.0200), fitness=-25881867.071770005
6811.82 secs, 885503 evals, 885503 steps, improv/step: 0.040 (last = 0.0221), fitness=-25881867.072255928
6841.82 secs, 889157 evals, 889157 steps, improv/step: 0.040 (last = 0.0200), fitness=-25881867.072324954
6871.82 secs, 892735 evals, 892735 steps, improv/step: 0.040 (last = 0.0162), fitness=-25881867.072595522
6901.83 secs, 896315 evals, 896315 steps, improv/step: 0.040 (last = 0.0221), fitness=-25881867.072595522
6931.83 secs, 899907 evals, 899908 steps, improv/step: 0.040 (last = 0.0242), fitness=-25881867.072609074
6961.84 secs, 903554 evals, 903557 steps, improv/step: 0.040 (last = 0.0216), fitness=-25881867.072754338
6991.84 secs, 907245 evals, 907248 steps, improv/step: 0.040 (last = 0.0203), fitness=-25881867.072948374
7021.84 secs, 910878 evals, 910881 steps, improv/step: 0.040 (last = 0.0239), fitness=-25881867.073243409
7051.84 secs, 914653 evals, 914656 steps, improv/step: 0.039 (last = 0.0191), fitness=-25881867.073368236
7081.84 secs, 918452 evals, 918456 steps, improv/step: 0.039 (last = 0.0195), fitness=-25881867.073697202
7111.85 secs, 922073 evals, 922077 steps, improv/step: 0.039 (last = 0.0188), fitness=-25881867.073764183
7141.87 secs, 925734 evals, 925738 steps, improv/step: 0.039 (last = 0.0180), fitness=-25881867.073797576
7171.87 secs, 929401 evals, 929405 steps, improv/step: 0.039 (last = 0.0172), fitness=-25881867.073814265
7201.88 secs, 933028 evals, 933032 steps, improv/step: 0.039 (last = 0.0149), fitness=-25881867.073931966
7231.88 secs, 936734 evals, 936738 steps, improv/step: 0.039 (last = 0.0178), fitness=-25881867.073944107
7261.88 secs, 940437 evals, 940442 steps, improv/step: 0.039 (last = 0.0135), fitness=-25881867.073996715
7291.96 secs, 944138 evals, 944143 steps, improv/step: 0.039 (last = 0.0189), fitness=-25881867.074068800
7321.97 secs, 947885 evals, 947890 steps, improv/step: 0.039 (last = 0.0211), fitness=-25881867.074126400
7352.03 secs, 951563 evals, 951568 steps, improv/step: 0.039 (last = 0.0166), fitness=-25881867.074138913
7382.04 secs, 955163 evals, 955169 steps, improv/step: 0.039 (last = 0.0189), fitness=-25881867.074177850
7412.13 secs, 958690 evals, 958697 steps, improv/step: 0.038 (last = 0.0193), fitness=-25881867.074195333
7442.15 secs, 962368 evals, 962376 steps, improv/step: 0.038 (last = 0.0204), fitness=-25881867.074218769
7472.16 secs, 966150 evals, 966159 steps, improv/step: 0.038 (last = 0.0182), fitness=-25881867.074240588
7502.16 secs, 969792 evals, 969802 steps, improv/step: 0.038 (last = 0.0126), fitness=-25881867.074259691
7532.20 secs, 973497 evals, 973507 steps, improv/step: 0.038 (last = 0.0162), fitness=-25881867.074259691
7562.20 secs, 977162 evals, 977174 steps, improv/step: 0.038 (last = 0.0166), fitness=-25881867.074269265
7592.21 secs, 980806 evals, 980818 steps, improv/step: 0.038 (last = 0.0129), fitness=-25881867.074282192
7622.21 secs, 984597 evals, 984609 steps, improv/step: 0.038 (last = 0.0145), fitness=-25881867.074293587
7652.21 secs, 988141 evals, 988153 steps, improv/step: 0.038 (last = 0.0178), fitness=-25881867.074307859
7682.21 secs, 991826 evals, 991838 steps, improv/step: 0.038 (last = 0.0114), fitness=-25881867.074307859
7712.21 secs, 995662 evals, 995674 steps, improv/step: 0.038 (last = 0.0172), fitness=-25881867.074318066
7742.24 secs, 999442 evals, 999454 steps, improv/step: 0.038 (last = 0.0156), fitness=-25881867.074322540
7772.24 secs, 1003121 evals, 1003133 steps, improv/step: 0.037 (last = 0.0169), fitness=-25881867.074330166
7802.24 secs, 1006881 evals, 1006893 steps, improv/step: 0.037 (last = 0.0149), fitness=-25881867.074331559
7832.29 secs, 1010483 evals, 1010495 steps, improv/step: 0.037 (last = 0.0186), fitness=-25881867.074335076
7862.33 secs, 1014040 evals, 1014052 steps, improv/step: 0.037 (last = 0.0197), fitness=-25881867.074343663
7892.34 secs, 1017751 evals, 1017764 steps, improv/step: 0.037 (last = 0.0180), fitness=-25881867.074350871
7922.34 secs, 1021467 evals, 1021481 steps, improv/step: 0.037 (last = 0.0183), fitness=-25881867.074358284
7952.35 secs, 1025098 evals, 1025112 steps, improv/step: 0.037 (last = 0.0151), fitness=-25881867.074363671
7982.35 secs, 1028843 evals, 1028858 steps, improv/step: 0.037 (last = 0.0163), fitness=-25881867.074363671
8012.35 secs, 1032522 evals, 1032538 steps, improv/step: 0.037 (last = 0.0231), fitness=-25881867.074369252
8042.35 secs, 1036220 evals, 1036236 steps, improv/step: 0.037 (last = 0.0235), fitness=-25881867.074372470
8072.36 secs, 1039924 evals, 1039941 steps, improv/step: 0.037 (last = 0.0213), fitness=-25881867.074372470
8102.36 secs, 1043484 evals, 1043502 steps, improv/step: 0.037 (last = 0.0211), fitness=-25881867.074374992
8132.36 secs, 1047092 evals, 1047111 steps, improv/step: 0.037 (last = 0.0236), fitness=-25881867.074376550
8162.36 secs, 1050766 evals, 1050786 steps, improv/step: 0.037 (last = 0.0199), fitness=-25881867.074379176
8192.37 secs, 1054525 evals, 1054545 steps, improv/step: 0.037 (last = 0.0277), fitness=-25881867.074380923
8222.37 secs, 1058381 evals, 1058401 steps, improv/step: 0.037 (last = 0.0254), fitness=-25881867.074382853
8252.37 secs, 1062214 evals, 1062234 steps, improv/step: 0.037 (last = 0.0201), fitness=-25881867.074385889
8282.46 secs, 1065978 evals, 1065998 steps, improv/step: 0.036 (last = 0.0255), fitness=-25881867.074387211
8312.47 secs, 1069774 evals, 1069794 steps, improv/step: 0.036 (last = 0.0295), fitness=-25881867.074389532
8342.47 secs, 1073565 evals, 1073586 steps, improv/step: 0.036 (last = 0.0258), fitness=-25881867.074391194
8372.47 secs, 1077308 evals, 1077330 steps, improv/step: 0.036 (last = 0.0246), fitness=-25881867.074395478
8402.47 secs, 1081223 evals, 1081245 steps, improv/step: 0.036 (last = 0.0248), fitness=-25881867.074397258
8432.47 secs, 1085060 evals, 1085083 steps, improv/step: 0.036 (last = 0.0214), fitness=-25881867.074397258
8462.48 secs, 1088963 evals, 1088987 steps, improv/step: 0.036 (last = 0.0213), fitness=-25881867.074397653
8492.48 secs, 1092764 evals, 1092788 steps, improv/step: 0.036 (last = 0.0245), fitness=-25881867.074399233
8522.48 secs, 1096433 evals, 1096457 steps, improv/step: 0.036 (last = 0.0281), fitness=-25881867.074400365
8552.49 secs, 1100112 evals, 1100137 steps, improv/step: 0.036 (last = 0.0321), fitness=-25881867.074403007
8582.49 secs, 1103824 evals, 1103849 steps, improv/step: 0.036 (last = 0.0229), fitness=-25881867.074403144
8612.50 secs, 1107514 evals, 1107539 steps, improv/step: 0.036 (last = 0.0274), fitness=-25881867.074404132
8642.50 secs, 1111244 evals, 1111269 steps, improv/step: 0.036 (last = 0.0231), fitness=-25881867.074405015
8672.50 secs, 1114978 evals, 1115004 steps, improv/step: 0.036 (last = 0.0222), fitness=-25881867.074407890
8702.51 secs, 1118912 evals, 1118938 steps, improv/step: 0.036 (last = 0.0305), fitness=-25881867.074407890
8732.51 secs, 1122572 evals, 1122600 steps, improv/step: 0.036 (last = 0.0292), fitness=-25881867.074408222
8762.55 secs, 1126348 evals, 1126377 steps, improv/step: 0.036 (last = 0.0270), fitness=-25881867.074409686
8792.55 secs, 1129938 evals, 1129967 steps, improv/step: 0.036 (last = 0.0240), fitness=-25881867.074410774
8822.55 secs, 1133474 evals, 1133503 steps, improv/step: 0.036 (last = 0.0192), fitness=-25881867.074411623
8852.55 secs, 1137066 evals, 1137095 steps, improv/step: 0.036 (last = 0.0262), fitness=-25881867.074413009
8882.55 secs, 1140733 evals, 1140762 steps, improv/step: 0.036 (last = 0.0202), fitness=-25881867.074414723
8912.56 secs, 1144412 evals, 1144442 steps, improv/step: 0.036 (last = 0.0223), fitness=-25881867.074416146
8942.56 secs, 1147948 evals, 1147978 steps, improv/step: 0.036 (last = 0.0215), fitness=-25881867.074417159
8972.57 secs, 1151645 evals, 1151677 steps, improv/step: 0.036 (last = 0.0203), fitness=-25881867.074417669
9002.57 secs, 1155283 evals, 1155315 steps, improv/step: 0.036 (last = 0.0206), fitness=-25881867.074420188
9032.57 secs, 1158922 evals, 1158955 steps, improv/step: 0.036 (last = 0.0201), fitness=-25881867.074420631
9062.57 secs, 1162599 evals, 1162633 steps, improv/step: 0.035 (last = 0.0228), fitness=-25881867.074421279
9092.58 secs, 1166203 evals, 1166239 steps, improv/step: 0.035 (last = 0.0183), fitness=-25881867.074423555
9122.58 secs, 1169882 evals, 1169919 steps, improv/step: 0.035 (last = 0.0114), fitness=-25881867.074424479
9152.61 secs, 1173522 evals, 1173561 steps, improv/step: 0.035 (last = 0.0154), fitness=-25881867.074425444
9182.61 secs, 1177185 evals, 1177224 steps, improv/step: 0.035 (last = 0.0216), fitness=-25881867.074426278
9212.61 secs, 1180910 evals, 1180952 steps, improv/step: 0.035 (last = 0.0166), fitness=-25881867.074427985
9242.62 secs, 1184591 evals, 1184634 steps, improv/step: 0.035 (last = 0.0171), fitness=-25881867.074428275
9272.62 secs, 1188314 evals, 1188358 steps, improv/step: 0.035 (last = 0.0169), fitness=-25881867.074429244
9302.63 secs, 1192077 evals, 1192122 steps, improv/step: 0.035 (last = 0.0215), fitness=-25881867.074430823
9332.63 secs, 1195716 evals, 1195761 steps, improv/step: 0.035 (last = 0.0198), fitness=-25881867.074431214
9362.63 secs, 1199425 evals, 1199470 steps, improv/step: 0.035 (last = 0.0181), fitness=-25881867.074432280
9392.64 secs, 1203133 evals, 1203179 steps, improv/step: 0.035 (last = 0.0218), fitness=-25881867.074432772
9422.64 secs, 1206822 evals, 1206869 steps, improv/step: 0.035 (last = 0.0244), fitness=-25881867.074433420
9452.65 secs, 1210452 evals, 1210501 steps, improv/step: 0.035 (last = 0.0209), fitness=-25881867.074433748
9482.65 secs, 1214211 evals, 1214261 steps, improv/step: 0.035 (last = 0.0205), fitness=-25881867.074434873
9512.65 secs, 1217876 evals, 1217926 steps, improv/step: 0.035 (last = 0.0202), fitness=-25881867.074435201
9542.65 secs, 1221629 evals, 1221679 steps, improv/step: 0.035 (last = 0.0248), fitness=-25881867.074435428
9572.66 secs, 1225291 evals, 1225341 steps, improv/step: 0.035 (last = 0.0169), fitness=-25881867.074436009
9602.66 secs, 1228971 evals, 1229022 steps, improv/step: 0.035 (last = 0.0139), fitness=-25881867.074436124
9632.66 secs, 1232710 evals, 1232763 steps, improv/step: 0.035 (last = 0.0152), fitness=-25881867.074436367
9662.66 secs, 1236550 evals, 1236603 steps, improv/step: 0.034 (last = 0.0138), fitness=-25881867.074436821
9692.67 secs, 1240374 evals, 1240427 steps, improv/step: 0.034 (last = 0.0167), fitness=-25881867.074437194
9722.67 secs, 1244178 evals, 1244231 steps, improv/step: 0.034 (last = 0.0142), fitness=-25881867.074437678
9752.68 secs, 1247980 evals, 1248033 steps, improv/step: 0.034 (last = 0.0150), fitness=-25881867.074437868
9782.70 secs, 1251671 evals, 1251725 steps, improv/step: 0.034 (last = 0.0103), fitness=-25881867.074438147
9812.70 secs, 1255348 evals, 1255403 steps, improv/step: 0.034 (last = 0.0131), fitness=-25881867.074438147
9842.71 secs, 1259070 evals, 1259126 steps, improv/step: 0.034 (last = 0.0115), fitness=-25881867.074438348
9872.71 secs, 1262798 evals, 1262854 steps, improv/step: 0.034 (last = 0.0196), fitness=-25881867.074438430
9902.72 secs, 1266431 evals, 1266487 steps, improv/step: 0.034 (last = 0.0160), fitness=-25881867.074438632
9932.72 secs, 1270160 evals, 1270217 steps, improv/step: 0.034 (last = 0.0142), fitness=-25881867.074438654
9962.73 secs, 1273923 evals, 1273980 steps, improv/step: 0.034 (last = 0.0128), fitness=-25881867.074438654
9992.74 secs, 1277498 evals, 1277556 steps, improv/step: 0.034 (last = 0.0171), fitness=-25881867.074438766
10022.74 secs, 1281157 evals, 1281216 steps, improv/step: 0.034 (last = 0.0172), fitness=-25881867.074438822
10052.74 secs, 1284999 evals, 1285058 steps, improv/step: 0.034 (last = 0.0169), fitness=-25881867.074438900
10082.75 secs, 1288898 evals, 1288958 steps, improv/step: 0.034 (last = 0.0210), fitness=-25881867.074439019
10112.75 secs, 1292602 evals, 1292662 steps, improv/step: 0.034 (last = 0.0235), fitness=-25881867.074439190
10142.76 secs, 1296263 evals, 1296323 steps, improv/step: 0.034 (last = 0.0148), fitness=-25881867.074439190
10172.89 secs, 1299903 evals, 1299963 steps, improv/step: 0.034 (last = 0.0146), fitness=-25881867.074439198
10202.89 secs, 1303646 evals, 1303706 steps, improv/step: 0.033 (last = 0.0155), fitness=-25881867.074439228
10232.89 secs, 1307339 evals, 1307399 steps, improv/step: 0.033 (last = 0.0144), fitness=-25881867.074439343
10262.90 secs, 1311107 evals, 1311168 steps, improv/step: 0.033 (last = 0.0101), fitness=-25881867.074439343
10292.90 secs, 1315029 evals, 1315090 steps, improv/step: 0.033 (last = 0.0110), fitness=-25881867.074439377
10322.90 secs, 1318941 evals, 1319002 steps, improv/step: 0.033 (last = 0.0151), fitness=-25881867.074439444
10352.91 secs, 1322677 evals, 1322738 steps, improv/step: 0.033 (last = 0.0145), fitness=-25881867.074439518
10382.92 secs, 1326522 evals, 1326584 steps, improv/step: 0.033 (last = 0.0143), fitness=-25881867.074439541
10412.92 secs, 1330469 evals, 1330531 steps, improv/step: 0.033 (last = 0.0172), fitness=-25881867.074439589
10442.93 secs, 1334322 evals, 1334384 steps, improv/step: 0.033 (last = 0.0169), fitness=-25881867.074439611
10472.93 secs, 1338126 evals, 1338188 steps, improv/step: 0.033 (last = 0.0134), fitness=-25881867.074439630
10502.93 secs, 1341949 evals, 1342011 steps, improv/step: 0.033 (last = 0.0118), fitness=-25881867.074439630
10532.94 secs, 1345680 evals, 1345742 steps, improv/step: 0.033 (last = 0.0139), fitness=-25881867.074439634
10562.94 secs, 1349325 evals, 1349387 steps, improv/step: 0.033 (last = 0.0129), fitness=-25881867.074439663
10592.95 secs, 1352992 evals, 1353054 steps, improv/step: 0.033 (last = 0.0125), fitness=-25881867.074439663
10622.96 secs, 1356686 evals, 1356748 steps, improv/step: 0.033 (last = 0.0181), fitness=-25881867.074439675
10652.97 secs, 1360449 evals, 1360511 steps, improv/step: 0.033 (last = 0.0138), fitness=-25881867.074439682
10683.00 secs, 1364106 evals, 1364168 steps, improv/step: 0.033 (last = 0.0153), fitness=-25881867.074439682
10713.01 secs, 1367805 evals, 1367867 steps, improv/step: 0.033 (last = 0.0135), fitness=-25881867.074439690
10743.01 secs, 1371574 evals, 1371636 steps, improv/step: 0.033 (last = 0.0151), fitness=-25881867.074439690
10773.01 secs, 1375292 evals, 1375354 steps, improv/step: 0.032 (last = 0.0145), fitness=-25881867.074439693
10803.02 secs, 1378933 evals, 1378995 steps, improv/step: 0.032 (last = 0.0107), fitness=-25881867.074439693
10833.03 secs, 1382651 evals, 1382713 steps, improv/step: 0.032 (last = 0.0113), fitness=-25881867.074439697
10863.03 secs, 1386354 evals, 1386418 steps, improv/step: 0.032 (last = 0.0103), fitness=-25881867.074439697
10893.03 secs, 1390049 evals, 1390113 steps, improv/step: 0.032 (last = 0.0078), fitness=-25881867.074439697
10923.04 secs, 1393739 evals, 1393803 steps, improv/step: 0.032 (last = 0.0108), fitness=-25881867.074439697
10953.04 secs, 1397566 evals, 1397630 steps, improv/step: 0.032 (last = 0.0107), fitness=-25881867.074439697
10983.05 secs, 1401245 evals, 1401309 steps, improv/step: 0.032 (last = 0.0144), fitness=-25881867.074439697
11013.05 secs, 1405014 evals, 1405078 steps, improv/step: 0.032 (last = 0.0111), fitness=-25881867.074439701
11043.05 secs, 1408733 evals, 1408797 steps, improv/step: 0.032 (last = 0.0089), fitness=-25881867.074439701
11073.06 secs, 1412406 evals, 1412470 steps, improv/step: 0.032 (last = 0.0128), fitness=-25881867.074439701
11103.06 secs, 1416115 evals, 1416181 steps, improv/step: 0.032 (last = 0.0062), fitness=-25881867.074439701
11133.07 secs, 1419762 evals, 1419828 steps, improv/step: 0.032 (last = 0.0088), fitness=-25881867.074439704
11163.08 secs, 1423480 evals, 1423546 steps, improv/step: 0.032 (last = 0.0043), fitness=-25881867.074439704
11193.08 secs, 1427190 evals, 1427256 steps, improv/step: 0.032 (last = 0.0043), fitness=-25881867.074439704
11223.08 secs, 1430995 evals, 1431061 steps, improv/step: 0.032 (last = 0.0066), fitness=-25881867.074439704
11253.09 secs, 1434607 evals, 1434676 steps, improv/step: 0.032 (last = 0.0036), fitness=-25881867.074439704
11283.09 secs, 1438455 evals, 1438528 steps, improv/step: 0.031 (last = 0.0047), fitness=-25881867.074439704
11313.09 secs, 1442230 evals, 1442304 steps, improv/step: 0.031 (last = 0.0042), fitness=-25881867.074439704
11343.10 secs, 1445737 evals, 1445812 steps, improv/step: 0.031 (last = 0.0048), fitness=-25881867.074439704
11373.10 secs, 1449416 evals, 1449491 steps, improv/step: 0.031 (last = 0.0033), fitness=-25881867.074439704
11403.10 secs, 1453234 evals, 1453309 steps, improv/step: 0.031 (last = 0.0034), fitness=-25881867.074439704
11433.15 secs, 1457112 evals, 1457188 steps, improv/step: 0.031 (last = 0.0041), fitness=-25881867.074439704
11463.15 secs, 1460819 evals, 1460896 steps, improv/step: 0.031 (last = 0.0035), fitness=-25881867.074439704
11493.16 secs, 1464509 evals, 1464586 steps, improv/step: 0.031 (last = 0.0049), fitness=-25881867.074439704
11523.16 secs, 1468197 evals, 1468274 steps, improv/step: 0.031 (last = 0.0041), fitness=-25881867.074439704
11553.16 secs, 1471900 evals, 1471977 steps, improv/step: 0.031 (last = 0.0049), fitness=-25881867.074439708
11583.16 secs, 1475522 evals, 1475599 steps, improv/step: 0.031 (last = 0.0033), fitness=-25881867.074439708
11613.17 secs, 1479226 evals, 1479303 steps, improv/step: 0.031 (last = 0.0049), fitness=-25881867.074439708
11643.18 secs, 1482801 evals, 1482878 steps, improv/step: 0.031 (last = 0.0056), fitness=-25881867.074439716
11673.18 secs, 1486487 evals, 1486565 steps, improv/step: 0.031 (last = 0.0038), fitness=-25881867.074439716
11703.18 secs, 1490189 evals, 1490267 steps, improv/step: 0.030 (last = 0.0059), fitness=-25881867.074439716
11733.25 secs, 1493863 evals, 1493942 steps, improv/step: 0.030 (last = 0.0041), fitness=-25881867.074439716
11763.26 secs, 1497425 evals, 1497504 steps, improv/step: 0.030 (last = 0.0081), fitness=-25881867.074439716
11793.27 secs, 1501212 evals, 1501291 steps, improv/step: 0.030 (last = 0.0058), fitness=-25881867.074439716
11823.27 secs, 1504958 evals, 1505039 steps, improv/step: 0.030 (last = 0.0069), fitness=-25881867.074439716
11853.27 secs, 1508652 evals, 1508736 steps, improv/step: 0.030 (last = 0.0035), fitness=-25881867.074439716
11883.27 secs, 1512359 evals, 1512443 steps, improv/step: 0.030 (last = 0.0059), fitness=-25881867.074439716
11913.28 secs, 1515941 evals, 1516025 steps, improv/step: 0.030 (last = 0.0061), fitness=-25881867.074439716
11943.28 secs, 1519599 evals, 1519683 steps, improv/step: 0.030 (last = 0.0074), fitness=-25881867.074439719
11973.28 secs, 1523228 evals, 1523312 steps, improv/step: 0.030 (last = 0.0061), fitness=-25881867.074439719
12003.29 secs, 1527010 evals, 1527094 steps, improv/step: 0.030 (last = 0.0058), fitness=-25881867.074439719
12033.31 secs, 1530643 evals, 1530727 steps, improv/step: 0.030 (last = 0.0044), fitness=-25881867.074439719
12063.31 secs, 1534255 evals, 1534339 steps, improv/step: 0.030 (last = 0.0042), fitness=-25881867.074439719
12093.32 secs, 1537879 evals, 1537963 steps, improv/step: 0.030 (last = 0.0036), fitness=-25881867.074439719
12123.32 secs, 1541526 evals, 1541610 steps, improv/step: 0.030 (last = 0.0044), fitness=-25881867.074439723
12153.32 secs, 1545216 evals, 1545300 steps, improv/step: 0.030 (last = 0.0051), fitness=-25881867.074439723
12183.33 secs, 1548906 evals, 1548991 steps, improv/step: 0.030 (last = 0.0038), fitness=-25881867.074439723
12213.38 secs, 1552679 evals, 1552765 steps, improv/step: 0.029 (last = 0.0037), fitness=-25881867.074439723
12243.38 secs, 1556489 evals, 1556575 steps, improv/step: 0.029 (last = 0.0042), fitness=-25881867.074439723
12273.38 secs, 1560221 evals, 1560307 steps, improv/step: 0.029 (last = 0.0038), fitness=-25881867.074439723
12303.39 secs, 1563874 evals, 1563960 steps, improv/step: 0.029 (last = 0.0047), fitness=-25881867.074439723
12333.39 secs, 1567624 evals, 1567711 steps, improv/step: 0.029 (last = 0.0037), fitness=-25881867.074439723
12363.39 secs, 1571237 evals, 1571324 steps, improv/step: 0.029 (last = 0.0042), fitness=-25881867.074439723
12393.42 secs, 1574854 evals, 1574942 steps, improv/step: 0.029 (last = 0.0039), fitness=-25881867.074439723
12423.42 secs, 1578637 evals, 1578725 steps, improv/step: 0.029 (last = 0.0024), fitness=-25881867.074439723
12453.43 secs, 1582422 evals, 1582510 steps, improv/step: 0.029 (last = 0.0026), fitness=-25881867.074439723
12483.45 secs, 1586218 evals, 1586307 steps, improv/step: 0.029 (last = 0.0037), fitness=-25881867.074439723
12513.45 secs, 1589971 evals, 1590060 steps, improv/step: 0.029 (last = 0.0048), fitness=-25881867.074439723
12543.45 secs, 1593688 evals, 1593777 steps, improv/step: 0.029 (last = 0.0048), fitness=-25881867.074439723
12573.46 secs, 1597420 evals, 1597509 steps, improv/step: 0.029 (last = 0.0072), fitness=-25881867.074439723
12603.46 secs, 1600935 evals, 1601026 steps, improv/step: 0.029 (last = 0.0031), fitness=-25881867.074439723
12633.46 secs, 1604490 evals, 1604581 steps, improv/step: 0.029 (last = 0.0062), fitness=-25881867.074439723
12663.47 secs, 1608206 evals, 1608297 steps, improv/step: 0.029 (last = 0.0051), fitness=-25881867.074439723
12693.47 secs, 1611876 evals, 1611968 steps, improv/step: 0.029 (last = 0.0060), fitness=-25881867.074439723
12723.47 secs, 1615537 evals, 1615629 steps, improv/step: 0.028 (last = 0.0027), fitness=-25881867.074439723
12753.47 secs, 1619124 evals, 1619217 steps, improv/step: 0.028 (last = 0.0025), fitness=-25881867.074439723
12783.48 secs, 1622780 evals, 1622876 steps, improv/step: 0.028 (last = 0.0014), fitness=-25881867.074439723
12813.48 secs, 1626368 evals, 1626464 steps, improv/step: 0.028 (last = 0.0014), fitness=-25881867.074439723
12843.49 secs, 1630236 evals, 1630335 steps, improv/step: 0.028 (last = 0.0021), fitness=-25881867.074439723
12873.49 secs, 1633974 evals, 1634073 steps, improv/step: 0.028 (last = 0.0029), fitness=-25881867.074439723
12903.50 secs, 1637685 evals, 1637784 steps, improv/step: 0.028 (last = 0.0027), fitness=-25881867.074439723
12933.50 secs, 1641418 evals, 1641518 steps, improv/step: 0.028 (last = 0.0024), fitness=-25881867.074439723
12963.55 secs, 1645130 evals, 1645231 steps, improv/step: 0.028 (last = 0.0005), fitness=-25881867.074439727
12993.56 secs, 1648880 evals, 1648981 steps, improv/step: 0.028 (last = 0.0016), fitness=-25881867.074439727
13023.56 secs, 1652772 evals, 1652874 steps, improv/step: 0.028 (last = 0.0015), fitness=-25881867.074439727
13053.56 secs, 1656596 evals, 1656698 steps, improv/step: 0.028 (last = 0.0016), fitness=-25881867.074439727
13083.56 secs, 1660387 evals, 1660490 steps, improv/step: 0.028 (last = 0.0018), fitness=-25881867.074439727
13113.56 secs, 1664124 evals, 1664227 steps, improv/step: 0.028 (last = 0.0016), fitness=-25881867.074439727
13143.57 secs, 1667930 evals, 1668033 steps, improv/step: 0.028 (last = 0.0013), fitness=-25881867.074439727
13173.59 secs, 1671509 evals, 1671612 steps, improv/step: 0.028 (last = 0.0006), fitness=-25881867.074439727
13203.59 secs, 1675219 evals, 1675322 steps, improv/step: 0.028 (last = 0.0016), fitness=-25881867.074439727
13233.70 secs, 1679017 evals, 1679120 steps, improv/step: 0.027 (last = 0.0016), fitness=-25881867.074439727
13263.71 secs, 1682714 evals, 1682817 steps, improv/step: 0.027 (last = 0.0005), fitness=-25881867.074439727
13293.71 secs, 1686374 evals, 1686477 steps, improv/step: 0.027 (last = 0.0016), fitness=-25881867.074439727
13323.71 secs, 1690122 evals, 1690227 steps, improv/step: 0.027 (last = 0.0013), fitness=-25881867.074439727
13353.72 secs, 1693819 evals, 1693924 steps, improv/step: 0.027 (last = 0.0022), fitness=-25881867.074439727
13383.74 secs, 1697484 evals, 1697589 steps, improv/step: 0.027 (last = 0.0008), fitness=-25881867.074439727
13413.74 secs, 1701287 evals, 1701393 steps, improv/step: 0.027 (last = 0.0003), fitness=-25881867.074439727
13443.74 secs, 1705038 evals, 1705144 steps, improv/step: 0.027 (last = 0.0005), fitness=-25881867.074439727
13473.75 secs, 1708894 evals, 1709001 steps, improv/step: 0.027 (last = 0.0016), fitness=-25881867.074439727
13503.75 secs, 1712540 evals, 1712647 steps, improv/step: 0.027 (last = 0.0008), fitness=-25881867.074439727
13533.76 secs, 1716346 evals, 1716455 steps, improv/step: 0.027 (last = 0.0018), fitness=-25881867.074439727
13563.76 secs, 1720190 evals, 1720299 steps, improv/step: 0.027 (last = 0.0016), fitness=-25881867.074439727
13593.77 secs, 1723931 evals, 1724040 steps, improv/step: 0.027 (last = 0.0013), fitness=-25881867.074439727
13623.77 secs, 1727715 evals, 1727825 steps, improv/step: 0.027 (last = 0.0005), fitness=-25881867.074439727
13653.78 secs, 1731518 evals, 1731628 steps, improv/step: 0.027 (last = 0.0011), fitness=-25881867.074439727
13683.78 secs, 1735078 evals, 1735188 steps, improv/step: 0.027 (last = 0.0014), fitness=-25881867.074439727
13713.78 secs, 1738626 evals, 1738736 steps, improv/step: 0.027 (last = 0.0017), fitness=-25881867.074439727
13743.79 secs, 1742174 evals, 1742284 steps, improv/step: 0.027 (last = 0.0006), fitness=-25881867.074439727
13773.80 secs, 1745874 evals, 1745984 steps, improv/step: 0.026 (last = 0.0016), fitness=-25881867.074439727
13803.80 secs, 1749593 evals, 1749704 steps, improv/step: 0.026 (last = 0.0003), fitness=-25881867.074439727
13833.80 secs, 1753292 evals, 1753403 steps, improv/step: 0.026 (last = 0.0016), fitness=-25881867.074439727
13863.84 secs, 1756967 evals, 1757078 steps, improv/step: 0.026 (last = 0.0008), fitness=-25881867.074439727
13893.85 secs, 1760540 evals, 1760652 steps, improv/step: 0.026 (last = 0.0008), fitness=-25881867.074439727
13923.85 secs, 1764269 evals, 1764381 steps, improv/step: 0.026 (last = 0.0008), fitness=-25881867.074439727
13953.86 secs, 1767904 evals, 1768016 steps, improv/step: 0.026 (last = 0.0014), fitness=-25881867.074439727
13983.86 secs, 1771499 evals, 1771611 steps, improv/step: 0.026 (last = 0.0025), fitness=-25881867.074439727
14013.86 secs, 1775178 evals, 1775291 steps, improv/step: 0.026 (last = 0.0014), fitness=-25881867.074439727
14043.86 secs, 1778892 evals, 1779006 steps, improv/step: 0.026 (last = 0.0019), fitness=-25881867.074439727
14073.89 secs, 1782655 evals, 1782769 steps, improv/step: 0.026 (last = 0.0019), fitness=-25881867.074439727
14103.89 secs, 1786475 evals, 1786589 steps, improv/step: 0.026 (last = 0.0010), fitness=-25881867.074439727
14133.90 secs, 1790223 evals, 1790337 steps, improv/step: 0.026 (last = 0.0011), fitness=-25881867.074439727
14163.90 secs, 1794010 evals, 1794124 steps, improv/step: 0.026 (last = 0.0026), fitness=-25881867.074439727
14193.90 secs, 1797638 evals, 1797753 steps, improv/step: 0.026 (last = 0.0030), fitness=-25881867.074439727
14223.91 secs, 1801250 evals, 1801365 steps, improv/step: 0.026 (last = 0.0028), fitness=-25881867.074439727
14253.91 secs, 1805085 evals, 1805200 steps, improv/step: 0.026 (last = 0.0016), fitness=-25881867.074439727
14283.97 secs, 1808781 evals, 1808896 steps, improv/step: 0.026 (last = 0.0016), fitness=-25881867.074439727
14313.98 secs, 1812529 evals, 1812644 steps, improv/step: 0.026 (last = 0.0021), fitness=-25881867.074439727
14343.98 secs, 1816354 evals, 1816469 steps, improv/step: 0.026 (last = 0.0018), fitness=-25881867.074439727
14373.99 secs, 1820106 evals, 1820222 steps, improv/step: 0.025 (last = 0.0011), fitness=-25881867.074439727
14403.99 secs, 1823713 evals, 1823830 steps, improv/step: 0.025 (last = 0.0008), fitness=-25881867.074439730
14433.99 secs, 1827396 evals, 1827514 steps, improv/step: 0.025 (last = 0.0014), fitness=-25881867.074439730
14464.00 secs, 1831015 evals, 1831134 steps, improv/step: 0.025 (last = 0.0022), fitness=-25881867.074439730
14494.08 secs, 1834819 evals, 1834938 steps, improv/step: 0.025 (last = 0.0016), fitness=-25881867.074439730
14524.16 secs, 1838572 evals, 1838693 steps, improv/step: 0.025 (last = 0.0013), fitness=-25881867.074439730
14554.16 secs, 1842297 evals, 1842419 steps, improv/step: 0.025 (last = 0.0016), fitness=-25881867.074439730
14584.16 secs, 1846004 evals, 1846126 steps, improv/step: 0.025 (last = 0.0027), fitness=-25881867.074439730
14614.17 secs, 1849817 evals, 1849939 steps, improv/step: 0.025 (last = 0.0026), fitness=-25881867.074439730
14644.17 secs, 1853576 evals, 1853698 steps, improv/step: 0.025 (last = 0.0013), fitness=-25881867.074439730
14674.17 secs, 1857435 evals, 1857560 steps, improv/step: 0.025 (last = 0.0023), fitness=-25881867.074439730
14704.18 secs, 1861205 evals, 1861330 steps, improv/step: 0.025 (last = 0.0008), fitness=-25881867.074439730
14734.18 secs, 1864977 evals, 1865102 steps, improv/step: 0.025 (last = 0.0027), fitness=-25881867.074439730
14764.19 secs, 1868694 evals, 1868819 steps, improv/step: 0.025 (last = 0.0019), fitness=-25881867.074439730
14794.19 secs, 1872336 evals, 1872462 steps, improv/step: 0.025 (last = 0.0014), fitness=-25881867.074439730
14824.19 secs, 1875960 evals, 1876086 steps, improv/step: 0.025 (last = 0.0011), fitness=-25881867.074439730
14854.19 secs, 1879658 evals, 1879785 steps, improv/step: 0.025 (last = 0.0014), fitness=-25881867.074439730
14884.20 secs, 1883383 evals, 1883510 steps, improv/step: 0.025 (last = 0.0013), fitness=-25881867.074439730
14914.20 secs, 1887084 evals, 1887212 steps, improv/step: 0.025 (last = 0.0016), fitness=-25881867.074439730
14944.21 secs, 1890821 evals, 1890949 steps, improv/step: 0.025 (last = 0.0032), fitness=-25881867.074439730
14974.21 secs, 1894592 evals, 1894721 steps, improv/step: 0.025 (last = 0.0016), fitness=-25881867.074439730
15004.21 secs, 1898326 evals, 1898455 steps, improv/step: 0.024 (last = 0.0013), fitness=-25881867.074439730
15034.22 secs, 1901994 evals, 1902123 steps, improv/step: 0.024 (last = 0.0014), fitness=-25881867.074439730
15064.22 secs, 1905666 evals, 1905795 steps, improv/step: 0.024 (last = 0.0022), fitness=-25881867.074439730
15094.23 secs, 1909435 evals, 1909564 steps, improv/step: 0.024 (last = 0.0016), fitness=-25881867.074439730
15124.23 secs, 1913091 evals, 1913220 steps, improv/step: 0.024 (last = 0.0027), fitness=-25881867.074439730
15154.27 secs, 1916859 evals, 1916988 steps, improv/step: 0.024 (last = 0.0016), fitness=-25881867.074439730
15184.30 secs, 1920566 evals, 1920696 steps, improv/step: 0.024 (last = 0.0016), fitness=-25881867.074439730
15214.31 secs, 1924222 evals, 1924352 steps, improv/step: 0.024 (last = 0.0011), fitness=-25881867.074439730
15244.31 secs, 1927967 evals, 1928097 steps, improv/step: 0.024 (last = 0.0011), fitness=-25881867.074439730
15274.32 secs, 1931625 evals, 1931755 steps, improv/step: 0.024 (last = 0.0005), fitness=-25881867.074439730
15304.33 secs, 1935327 evals, 1935457 steps, improv/step: 0.024 (last = 0.0016), fitness=-25881867.074439730
15334.34 secs, 1939187 evals, 1939317 steps, improv/step: 0.024 (last = 0.0005), fitness=-25881867.074439730
15364.35 secs, 1942983 evals, 1943116 steps, improv/step: 0.024 (last = 0.0013), fitness=-25881867.074439730
15394.35 secs, 1946683 evals, 1946816 steps, improv/step: 0.024 (last = 0.0016), fitness=-25881867.074439730
15424.36 secs, 1950501 evals, 1950634 steps, improv/step: 0.024 (last = 0.0008), fitness=-25881867.074439730
15454.36 secs, 1954251 evals, 1954385 steps, improv/step: 0.024 (last = 0.0013), fitness=-25881867.074439730
15484.37 secs, 1957900 evals, 1958034 steps, improv/step: 0.024 (last = 0.0011), fitness=-25881867.074439730
15514.37 secs, 1961484 evals, 1961618 steps, improv/step: 0.024 (last = 0.0011), fitness=-25881867.074439730
15544.37 secs, 1965168 evals, 1965305 steps, improv/step: 0.024 (last = 0.0016), fitness=-25881867.074439730
15574.38 secs, 1968813 evals, 1968950 steps, improv/step: 0.024 (last = 0.0005), fitness=-25881867.074439730
15604.38 secs, 1972489 evals, 1972626 steps, improv/step: 0.024 (last = 0.0011), fitness=-25881867.074439730
15634.38 secs, 1976269 evals, 1976406 steps, improv/step: 0.024 (last = 0.0019), fitness=-25881867.074439730
15664.43 secs, 1979963 evals, 1980100 steps, improv/step: 0.024 (last = 0.0005), fitness=-25881867.074439730
15694.43 secs, 1983760 evals, 1983897 steps, improv/step: 0.023 (last = 0.0018), fitness=-25881867.074439730
15724.49 secs, 1987533 evals, 1987670 steps, improv/step: 0.023 (last = 0.0005), fitness=-25881867.074439730
15754.55 secs, 1991099 evals, 1991238 steps, improv/step: 0.023 (last = 0.0017), fitness=-25881867.074439730
15784.56 secs, 1994687 evals, 1994826 steps, improv/step: 0.023 (last = 0.0006), fitness=-25881867.074439730
15814.56 secs, 1998230 evals, 1998369 steps, improv/step: 0.023 (last = 0.0008), fitness=-25881867.074439730
15844.57 secs, 2001732 evals, 2001871 steps, improv/step: 0.023 (last = 0.0006), fitness=-25881867.074439730
15874.57 secs, 2005271 evals, 2005410 steps, improv/step: 0.023 (last = 0.0025), fitness=-25881867.074439734
15904.57 secs, 2008897 evals, 2009036 steps, improv/step: 0.023 (last = 0.0003), fitness=-25881867.074439734
15934.58 secs, 2012715 evals, 2012854 steps, improv/step: 0.023 (last = 0.0029), fitness=-25881867.074439734
15964.62 secs, 2016474 evals, 2016613 steps, improv/step: 0.023 (last = 0.0013), fitness=-25881867.074439738
15994.62 secs, 2020002 evals, 2020142 steps, improv/step: 0.023 (last = 0.0028), fitness=-25881867.074439738
16024.62 secs, 2023698 evals, 2023838 steps, improv/step: 0.023 (last = 0.0019), fitness=-25881867.074439738
16054.62 secs, 2027347 evals, 2027487 steps, improv/step: 0.023 (last = 0.0016), fitness=-25881867.074439738
16084.72 secs, 2030901 evals, 2031041 steps, improv/step: 0.023 (last = 0.0008), fitness=-25881867.074439738
16114.72 secs, 2034484 evals, 2034624 steps, improv/step: 0.023 (last = 0.0006), fitness=-25881867.074439738
16144.73 secs, 2038163 evals, 2038303 steps, improv/step: 0.023 (last = 0.0011), fitness=-25881867.074439738
16174.73 secs, 2041898 evals, 2042038 steps, improv/step: 0.023 (last = 0.0016), fitness=-25881867.074439738
16204.74 secs, 2045549 evals, 2045690 steps, improv/step: 0.023 (last = 0.0014), fitness=-25881867.074439738
16234.74 secs, 2049090 evals, 2049232 steps, improv/step: 0.023 (last = 0.0006), fitness=-25881867.074439738
16264.74 secs, 2052775 evals, 2052918 steps, improv/step: 0.023 (last = 0.0014), fitness=-25881867.074439738
16294.82 secs, 2056494 evals, 2056639 steps, improv/step: 0.023 (last = 0.0016), fitness=-25881867.074439738
16324.82 secs, 2060206 evals, 2060351 steps, improv/step: 0.023 (last = 0.0016), fitness=-25881867.074439738
16354.82 secs, 2064095 evals, 2064240 steps, improv/step: 0.023 (last = 0.0026), fitness=-25881867.074439738
16384.82 secs, 2067886 evals, 2068032 steps, improv/step: 0.023 (last = 0.0013), fitness=-25881867.074439738
16414.83 secs, 2071591 evals, 2071737 steps, improv/step: 0.023 (last = 0.0032), fitness=-25881867.074439738
16444.83 secs, 2075332 evals, 2075479 steps, improv/step: 0.023 (last = 0.0016), fitness=-25881867.074439738
16474.83 secs, 2079015 evals, 2079163 steps, improv/step: 0.022 (last = 0.0024), fitness=-25881867.074439738
16504.84 secs, 2082656 evals, 2082806 steps, improv/step: 0.022 (last = 0.0019), fitness=-25881867.074439738
16534.84 secs, 2086212 evals, 2086363 steps, improv/step: 0.022 (last = 0.0025), fitness=-25881867.074439738
16564.85 secs, 2089838 evals, 2089989 steps, improv/step: 0.022 (last = 0.0014), fitness=-25881867.074439738
16594.86 secs, 2093339 evals, 2093490 steps, improv/step: 0.022 (last = 0.0031), fitness=-25881867.074439738
16624.86 secs, 2096954 evals, 2097105 steps, improv/step: 0.022 (last = 0.0028), fitness=-25881867.074439738
16654.86 secs, 2100521 evals, 2100672 steps, improv/step: 0.022 (last = 0.0011), fitness=-25881867.074439738
16684.87 secs, 2104289 evals, 2104440 steps, improv/step: 0.022 (last = 0.0011), fitness=-25881867.074439738
16714.87 secs, 2107924 evals, 2108075 steps, improv/step: 0.022 (last = 0.0025), fitness=-25881867.074439738
16744.87 secs, 2111639 evals, 2111790 steps, improv/step: 0.022 (last = 0.0019), fitness=-25881867.074439738
16774.88 secs, 2115467 evals, 2115618 steps, improv/step: 0.022 (last = 0.0018), fitness=-25881867.074439738
16804.88 secs, 2119208 evals, 2119360 steps, improv/step: 0.022 (last = 0.0005), fitness=-25881867.074439738
16834.88 secs, 2122955 evals, 2123107 steps, improv/step: 0.022 (last = 0.0019), fitness=-25881867.074439738
16864.89 secs, 2126775 evals, 2126927 steps, improv/step: 0.022 (last = 0.0010), fitness=-25881867.074439738
16894.89 secs, 2130623 evals, 2130775 steps, improv/step: 0.022 (last = 0.0021), fitness=-25881867.074439738
16924.89 secs, 2134314 evals, 2134468 steps, improv/step: 0.022 (last = 0.0014), fitness=-25881867.074439738
16954.89 secs, 2138155 evals, 2138309 steps, improv/step: 0.022 (last = 0.0010), fitness=-25881867.074439738
16984.90 secs, 2142275 evals, 2142429 steps, improv/step: 0.022 (last = 0.0017), fitness=-25881867.074439738
17014.90 secs, 2146425 evals, 2146580 steps, improv/step: 0.022 (last = 0.0005), fitness=-25881867.074439738
17044.90 secs, 2150565 evals, 2150720 steps, improv/step: 0.022 (last = 0.0007), fitness=-25881867.074439738
17074.93 secs, 2154663 evals, 2154818 steps, improv/step: 0.022 (last = 0.0022), fitness=-25881867.074439738
17104.94 secs, 2158746 evals, 2158903 steps, improv/step: 0.022 (last = 0.0002), fitness=-25881867.074439738
17134.94 secs, 2162857 evals, 2163014 steps, improv/step: 0.022 (last = 0.0017), fitness=-25881867.074439738
17164.95 secs, 2166952 evals, 2167111 steps, improv/step: 0.022 (last = 0.0020), fitness=-25881867.074439738
17194.95 secs, 2171044 evals, 2171204 steps, improv/step: 0.022 (last = 0.0012), fitness=-25881867.074439738
17224.96 secs, 2175193 evals, 2175353 steps, improv/step: 0.022 (last = 0.0029), fitness=-25881867.074439738
17254.96 secs, 2179387 evals, 2179547 steps, improv/step: 0.022 (last = 0.0017), fitness=-25881867.074439738
17284.97 secs, 2183590 evals, 2183750 steps, improv/step: 0.021 (last = 0.0010), fitness=-25881867.074439738
17314.97 secs, 2187765 evals, 2187925 steps, improv/step: 0.021 (last = 0.0022), fitness=-25881867.074439738
17344.97 secs, 2191909 evals, 2192070 steps, improv/step: 0.021 (last = 0.0024), fitness=-25881867.074439738
17375.02 secs, 2195937 evals, 2196099 steps, improv/step: 0.021 (last = 0.0027), fitness=-25881867.074439738
17405.02 secs, 2200019 evals, 2200182 steps, improv/step: 0.021 (last = 0.0017), fitness=-25881867.074439738
17435.02 secs, 2203922 evals, 2204085 steps, improv/step: 0.021 (last = 0.0020), fitness=-25881867.074439738
17465.03 secs, 2208073 evals, 2208236 steps, improv/step: 0.021 (last = 0.0022), fitness=-25881867.074439738
17495.03 secs, 2212099 evals, 2212262 steps, improv/step: 0.021 (last = 0.0012), fitness=-25881867.074439738
17525.03 secs, 2216098 evals, 2216261 steps, improv/step: 0.021 (last = 0.0028), fitness=-25881867.074439738
17555.04 secs, 2220169 evals, 2220332 steps, improv/step: 0.021 (last = 0.0012), fitness=-25881867.074439738
17585.04 secs, 2224271 evals, 2224434 steps, improv/step: 0.021 (last = 0.0017), fitness=-25881867.074439738
17615.04 secs, 2228512 evals, 2228675 steps, improv/step: 0.021 (last = 0.0012), fitness=-25881867.074439738
17645.04 secs, 2232597 evals, 2232761 steps, improv/step: 0.021 (last = 0.0015), fitness=-25881867.074439738
17675.05 secs, 2236683 evals, 2236847 steps, improv/step: 0.021 (last = 0.0010), fitness=-25881867.074439738
17705.05 secs, 2240635 evals, 2240801 steps, improv/step: 0.021 (last = 0.0003), fitness=-25881867.074439738
17735.05 secs, 2244420 evals, 2244587 steps, improv/step: 0.021 (last = 0.0008), fitness=-25881867.074439738
17765.06 secs, 2248200 evals, 2248369 steps, improv/step: 0.021 (last = 0.0011), fitness=-25881867.074439738
17795.06 secs, 2252304 evals, 2252473 steps, improv/step: 0.021 (last = 0.0015), fitness=-25881867.074439738
17825.07 secs, 2256347 evals, 2256516 steps, improv/step: 0.021 (last = 0.0012), fitness=-25881867.074439738
17855.07 secs, 2260605 evals, 2260774 steps, improv/step: 0.021 (last = 0.0007), fitness=-25881867.074439738
17885.09 secs, 2264882 evals, 2265051 steps, improv/step: 0.021 (last = 0.0021), fitness=-25881867.074439738
17915.09 secs, 2269153 evals, 2269323 steps, improv/step: 0.021 (last = 0.0026), fitness=-25881867.074439738
17945.09 secs, 2273385 evals, 2273555 steps, improv/step: 0.021 (last = 0.0021), fitness=-25881867.074439738
17975.13 secs, 2277245 evals, 2277415 steps, improv/step: 0.021 (last = 0.0016), fitness=-25881867.074439738
18005.14 secs, 2281216 evals, 2281386 steps, improv/step: 0.021 (last = 0.0028), fitness=-25881867.074439738
18035.14 secs, 2285153 evals, 2285323 steps, improv/step: 0.021 (last = 0.0015), fitness=-25881867.074439738
18065.14 secs, 2289358 evals, 2289528 steps, improv/step: 0.021 (last = 0.0017), fitness=-25881867.074439738
18095.18 secs, 2293701 evals, 2293872 steps, improv/step: 0.021 (last = 0.0016), fitness=-25881867.074439738
18125.18 secs, 2297984 evals, 2298155 steps, improv/step: 0.020 (last = 0.0005), fitness=-25881867.074439738
18155.24 secs, 2302394 evals, 2302565 steps, improv/step: 0.020 (last = 0.0011), fitness=-25881867.074439738
18185.30 secs, 2306471 evals, 2306643 steps, improv/step: 0.020 (last = 0.0015), fitness=-25881867.074439738
18215.31 secs, 2310693 evals, 2310866 steps, improv/step: 0.020 (last = 0.0014), fitness=-25881867.074439738
18245.31 secs, 2314818 evals, 2314992 steps, improv/step: 0.020 (last = 0.0007), fitness=-25881867.074439738
18275.32 secs, 2318971 evals, 2319146 steps, improv/step: 0.020 (last = 0.0010), fitness=-25881867.074439738
18305.32 secs, 2323061 evals, 2323237 steps, improv/step: 0.020 (last = 0.0015), fitness=-25881867.074439738
18335.40 secs, 2327075 evals, 2327251 steps, improv/step: 0.020 (last = 0.0007), fitness=-25881867.074439738
18365.40 secs, 2331130 evals, 2331306 steps, improv/step: 0.020 (last = 0.0002), fitness=-25881867.074439738
18395.40 secs, 2335266 evals, 2335442 steps, improv/step: 0.020 (last = 0.0015), fitness=-25881867.074439738
18425.40 secs, 2339194 evals, 2339370 steps, improv/step: 0.020 (last = 0.0008), fitness=-25881867.074439738
18455.41 secs, 2343178 evals, 2343354 steps, improv/step: 0.020 (last = 0.0008), fitness=-25881867.074439738
18485.42 secs, 2347216 evals, 2347392 steps, improv/step: 0.020 (last = 0.0015), fitness=-25881867.074439738
18515.42 secs, 2351231 evals, 2351407 steps, improv/step: 0.020 (last = 0.0007), fitness=-25881867.074439738
18545.42 secs, 2355220 evals, 2355398 steps, improv/step: 0.020 (last = 0.0008), fitness=-25881867.074439738
18575.49 secs, 2359223 evals, 2359401 steps, improv/step: 0.020 (last = 0.0007), fitness=-25881867.074439738
18605.50 secs, 2363481 evals, 2363661 steps, improv/step: 0.020 (last = 0.0007), fitness=-25881867.074439738
18635.50 secs, 2367575 evals, 2367757 steps, improv/step: 0.020 (last = 0.0005), fitness=-25881867.074439738
18665.53 secs, 2371736 evals, 2371918 steps, improv/step: 0.020 (last = 0.0014), fitness=-25881867.074439738
18695.53 secs, 2375746 evals, 2375928 steps, improv/step: 0.020 (last = 0.0005), fitness=-25881867.074439738
18725.58 secs, 2379968 evals, 2380150 steps, improv/step: 0.020 (last = 0.0012), fitness=-25881867.074439738
18755.59 secs, 2384241 evals, 2384423 steps, improv/step: 0.020 (last = 0.0005), fitness=-25881867.074439738
18785.59 secs, 2388214 evals, 2388396 steps, improv/step: 0.020 (last = 0.0020), fitness=-25881867.074439738
18815.59 secs, 2392331 evals, 2392513 steps, improv/step: 0.020 (last = 0.0012), fitness=-25881867.074439738
18845.59 secs, 2396632 evals, 2396814 steps, improv/step: 0.020 (last = 0.0009), fitness=-25881867.074439738
18875.67 secs, 2400758 evals, 2400941 steps, improv/step: 0.020 (last = 0.0007), fitness=-25881867.074439738
18905.67 secs, 2404537 evals, 2404720 steps, improv/step: 0.020 (last = 0.0019), fitness=-25881867.074439738
18935.68 secs, 2408558 evals, 2408743 steps, improv/step: 0.020 (last = 0.0005), fitness=-25881867.074439738
18965.68 secs, 2412835 evals, 2413020 steps, improv/step: 0.020 (last = 0.0009), fitness=-25881867.074439738
18995.68 secs, 2416959 evals, 2417146 steps, improv/step: 0.020 (last = 0.0012), fitness=-25881867.074439738
19025.68 secs, 2420977 evals, 2421166 steps, improv/step: 0.020 (last = 0.0007), fitness=-25881867.074439738
19055.68 secs, 2424879 evals, 2425069 steps, improv/step: 0.019 (last = 0.0010), fitness=-25881867.074439738
19085.69 secs, 2429141 evals, 2429331 steps, improv/step: 0.019 (last = 0.0005), fitness=-25881867.074439738
19115.69 secs, 2433223 evals, 2433413 steps, improv/step: 0.019 (last = 0.0005), fitness=-25881867.074439738
19145.69 secs, 2437592 evals, 2437782 steps, improv/step: 0.019 (last = 0.0009), fitness=-25881867.074439738
19175.70 secs, 2441890 evals, 2442080 steps, improv/step: 0.019 (last = 0.0007), fitness=-25881867.074439738
19205.73 secs, 2446294 evals, 2446484 steps, improv/step: 0.019 (last = 0.0011), fitness=-25881867.074439738
19235.78 secs, 2450538 evals, 2450729 steps, improv/step: 0.019 (last = 0.0007), fitness=-25881867.074439738
19265.78 secs, 2454720 evals, 2454911 steps, improv/step: 0.019 (last = 0.0010), fitness=-25881867.074439738
19295.84 secs, 2458666 evals, 2458857 steps, improv/step: 0.019 (last = 0.0010), fitness=-25881867.074439738
19325.84 secs, 2462607 evals, 2462798 steps, improv/step: 0.019 (last = 0.0015), fitness=-25881867.074439738
19355.84 secs, 2466545 evals, 2466737 steps, improv/step: 0.019 (last = 0.0010), fitness=-25881867.074439738
19385.85 secs, 2470555 evals, 2470747 steps, improv/step: 0.019 (last = 0.0007), fitness=-25881867.074439738
19415.85 secs, 2474305 evals, 2474497 steps, improv/step: 0.019 (last = 0.0005), fitness=-25881867.074439738
19445.85 secs, 2478253 evals, 2478445 steps, improv/step: 0.019 (last = 0.0008), fitness=-25881867.074439738
19475.86 secs, 2482192 evals, 2482384 steps, improv/step: 0.019 (last = 0.0003), fitness=-25881867.074439738
19505.90 secs, 2486057 evals, 2486249 steps, improv/step: 0.019 (last = 0.0013), fitness=-25881867.074439738
19535.90 secs, 2489995 evals, 2490187 steps, improv/step: 0.019 (last = 0.0008), fitness=-25881867.074439738
19565.91 secs, 2493976 evals, 2494168 steps, improv/step: 0.019 (last = 0.0005), fitness=-25881867.074439738
19595.91 secs, 2498157 evals, 2498349 steps, improv/step: 0.019 (last = 0.0002), fitness=-25881867.074439738

Optimization stopped after 2500193 steps and 19608.78 seconds
Termination reason: Max number of function evaluations (2500000) reached
Steps per second = 127.50
Function evals per second = 127.49
Improvements/step = Inf
Total function evaluations = 2500001


Best candidate found: [24.9369, 10.0121, 2.00858, 2.99808, 29.293, 50.197, 20.0599, 206.38, 1.1007, 100.081, 5.16258e-6, 8.23791e-5, 0.00298628, 0.0498106, 0.399621, 1.99871]

Fitness: -25881867.074439738

-2.5881867074439738e7

[24.9369094170779, 10.012050235929479, 2.0085848022021966, 2.998082878926888, 29.293025915580042, 50.19699154551728, 20.059880102381697, 206.3802210345115, 1.100701781895564, 100.08059558887793, 5.162578316843719e-6, 8.237909366275349e-5, 0.002986282685062631, 0.049810598822773416, 0.39962071178057906, 1.9987096858510018]

Script has finished
Wed Dec 22 01:34:25 CET 2021

------------------------------------------------------------
Sender: LSF System <schwan@makalu111>
Subject: Job 576375: <Julia_Job_parallel> in cluster <wuerfel> Done

Job <Julia_Job_parallel> was submitted from host <makalu56> by user <magr4985> in cluster <wuerfel> at Tue Dec 21 19:54:23 2021
Job was executed on host(s) <makalu111>, in queue <BatchXL>, as user <magr4985> in cluster <wuerfel> at Tue Dec 21 20:03:58 2021
</usr/scratch4/magr4985> was used as the home directory.
</usr/scratch4/magr4985/TRPL/BatchJobs/syn_data_3/Run12> was used as the working directory.
Started at Tue Dec 21 20:03:58 2021
Terminated at Wed Dec 22 01:34:25 2021
Results reported at Wed Dec 22 01:34:25 2021

Your job looked like:

------------------------------------------------------------
# LSBATCH: User input
#!/bin/csh 
#BSUB -q BatchXL 
#BSUB -R "mem > 8000 span[hosts=1] && intel_avx2" 
#BSUB -oo lsf_julia_%J.log 
#BSUB -eo lsf_julia_%J.err 
#BSUB -J Julia_Job_parallel 
#BSUB -L /bin/csh 
#BSUB -n 1 
date 
pwd 
module purge 
/usr/scratch4/magr4985/julia-1.6.2/bin/julia -t 4 /usr/scratch4/magr4985/TRPL/Programs/trpl_analysis_syn.jl 3 2500000 1 /usr/scratch4/magr4985/TRPL/BatchJobs/syn_data_3/Run12 1.0e-14 3600 "[1.0, 1.0, 1.0, 1.0, 1.0, 1.0, 1.0, 1.0, 1.0, 1.0, 1.0e-6, 1.0e-6, 1.0e-6, 1.0e-6, 1.0e-6, 1.0e-6, 1.0e-6, 1.0e-6, 1.0e-6, 1.0e-6]" "[5000.0, 5000.0, 1000.0, 1000.0, 1.0e9, 1000.0, 10000.0, 10000.0, 1000.0, 1.0e6, 5.0, 5.0, 5.0, 5.0, 5.0, 5.0, 5.0, 5.0, 5.0, 5.0]" 
date
------------------------------------------------------------

Successfully completed.

Resource usage summary:

    CPU time :                                   42441.75 sec.
    Max Memory :                                 1502.13 MB
    Average Memory :                             1364.86 MB
    Total Requested Memory :                     -
    Delta Memory :                               -
    Max Swap :                                   256 KB
    Max Processes :                              4
    Max Threads :                                12
    Run time :                                   19826 sec.
    Turnaround time :                            20402 sec.

The output (if any) is above this job summary.



PS:

Read file <lsf_julia_576375.err> for stderr output of this job.

