Warning: no access to tty (Bad file descriptor).
Thus no job control in this shell.
Warning: no access to tty (Bad file descriptor).
Thus no job control in this shell.
Sat Dec 18 15:58:44 CET 2021
/usr/scratch4/magr4985/TRPL/BatchJobs/C2704_hzb/Run20
# Thread: 4
6672664044994414837 RNG Seed
Run 1
Starting optimization with optimizer DiffEvoOpt{FitPopulation{Float64}, RadiusLimitedSelector, BlackBoxOptim.DiffEvoRandBin{3}, RandomBound{ContinuousRectSearchSpace}}
0.00 secs, 0 evals, 0 steps
30.00 secs, 2867 evals, 2774 steps, improv/step: 0.335 (last = 0.3345), fitness=-345007495.343826056
60.02 secs, 5944 evals, 5851 steps, improv/step: 0.238 (last = 0.1511), fitness=-356172216.095279157
90.03 secs, 8895 evals, 8802 steps, improv/step: 0.203 (last = 0.1322), fitness=-356733143.384572923
120.03 secs, 12006 evals, 11913 steps, improv/step: 0.177 (last = 0.1041), fitness=-356817155.303383052
150.04 secs, 15111 evals, 15018 steps, improv/step: 0.160 (last = 0.0963), fitness=-356906671.351912498
180.04 secs, 18265 evals, 18172 steps, improv/step: 0.149 (last = 0.0973), fitness=-356985129.612106383
210.05 secs, 21471 evals, 21378 steps, improv/step: 0.139 (last = 0.0839), fitness=-357019463.535474062
240.05 secs, 24622 evals, 24529 steps, improv/step: 0.131 (last = 0.0708), fitness=-357034691.221463859
270.06 secs, 27752 evals, 27659 steps, improv/step: 0.124 (last = 0.0716), fitness=-357040162.686815977
300.07 secs, 30921 evals, 30828 steps, improv/step: 0.118 (last = 0.0701), fitness=-357045096.120863378
330.07 secs, 34177 evals, 34084 steps, improv/step: 0.115 (last = 0.0774), fitness=-357050728.635278165
360.08 secs, 37309 evals, 37216 steps, improv/step: 0.111 (last = 0.0722), fitness=-357058229.446632683
390.08 secs, 40430 evals, 40337 steps, improv/step: 0.108 (last = 0.0743), fitness=-357061977.633240938
420.09 secs, 43527 evals, 43434 steps, improv/step: 0.106 (last = 0.0736), fitness=-357064015.048932433
450.09 secs, 46661 evals, 46568 steps, improv/step: 0.103 (last = 0.0590), fitness=-357065893.265978098
480.10 secs, 49854 evals, 49761 steps, improv/step: 0.100 (last = 0.0598), fitness=-357066764.330291808
510.10 secs, 53058 evals, 52965 steps, improv/step: 0.097 (last = 0.0618), fitness=-357067112.656726122
540.11 secs, 56187 evals, 56094 steps, improv/step: 0.095 (last = 0.0575), fitness=-357067910.456193507
570.11 secs, 59322 evals, 59229 steps, improv/step: 0.093 (last = 0.0577), fitness=-357068152.936157942
600.14 secs, 62512 evals, 62420 steps, improv/step: 0.091 (last = 0.0548), fitness=-357068373.302079678
630.15 secs, 65621 evals, 65529 steps, improv/step: 0.089 (last = 0.0528), fitness=-357068600.500029802
660.15 secs, 68718 evals, 68626 steps, improv/step: 0.088 (last = 0.0659), fitness=-357068721.525016665
690.16 secs, 71985 evals, 71893 steps, improv/step: 0.087 (last = 0.0634), fitness=-357068862.457419395
720.16 secs, 75304 evals, 75212 steps, improv/step: 0.086 (last = 0.0639), fitness=-357068938.073695183
750.17 secs, 78642 evals, 78550 steps, improv/step: 0.085 (last = 0.0575), fitness=-357068991.749473751
780.17 secs, 81933 evals, 81842 steps, improv/step: 0.084 (last = 0.0495), fitness=-357069064.655118465
810.17 secs, 85258 evals, 85167 steps, improv/step: 0.082 (last = 0.0556), fitness=-357069103.517473221
840.18 secs, 88555 evals, 88464 steps, improv/step: 0.082 (last = 0.0570), fitness=-357069150.307622075
870.19 secs, 91863 evals, 91772 steps, improv/step: 0.080 (last = 0.0456), fitness=-357069196.075679421
900.19 secs, 95232 evals, 95143 steps, improv/step: 0.079 (last = 0.0448), fitness=-357069223.924428225
930.20 secs, 98630 evals, 98541 steps, improv/step: 0.078 (last = 0.0371), fitness=-357069237.950292587
960.20 secs, 102019 evals, 101930 steps, improv/step: 0.076 (last = 0.0407), fitness=-357069242.842469811
990.21 secs, 105355 evals, 105266 steps, improv/step: 0.075 (last = 0.0414), fitness=-357069245.818843067
1020.21 secs, 108719 evals, 108630 steps, improv/step: 0.074 (last = 0.0410), fitness=-357069249.727732062
1050.21 secs, 112061 evals, 111972 steps, improv/step: 0.073 (last = 0.0317), fitness=-357069253.104581535
1080.22 secs, 115373 evals, 115285 steps, improv/step: 0.072 (last = 0.0380), fitness=-357069255.904668510
1110.23 secs, 118678 evals, 118590 steps, improv/step: 0.071 (last = 0.0378), fitness=-357069256.722260118
1140.23 secs, 121981 evals, 121894 steps, improv/step: 0.070 (last = 0.0406), fitness=-357069257.547049940
1170.24 secs, 125307 evals, 125220 steps, improv/step: 0.069 (last = 0.0364), fitness=-357069257.960478485
1200.26 secs, 128629 evals, 128542 steps, improv/step: 0.068 (last = 0.0403), fitness=-357069258.361735046
1230.27 secs, 131912 evals, 131826 steps, improv/step: 0.068 (last = 0.0432), fitness=-357069258.508075118
1260.30 secs, 135222 evals, 135136 steps, improv/step: 0.067 (last = 0.0353), fitness=-357069258.559754610
1290.30 secs, 138519 evals, 138434 steps, improv/step: 0.066 (last = 0.0349), fitness=-357069258.598146796
1320.31 secs, 141834 evals, 141750 steps, improv/step: 0.066 (last = 0.0392), fitness=-357069258.626736283
1350.31 secs, 145176 evals, 145092 steps, improv/step: 0.065 (last = 0.0464), fitness=-357069258.657183409
1380.31 secs, 148488 evals, 148405 steps, improv/step: 0.065 (last = 0.0546), fitness=-357069258.693799138
1410.32 secs, 151797 evals, 151714 steps, improv/step: 0.065 (last = 0.0447), fitness=-357069258.718075991
1440.33 secs, 155113 evals, 155030 steps, improv/step: 0.064 (last = 0.0498), fitness=-357069258.741872668
1470.33 secs, 158461 evals, 158379 steps, improv/step: 0.064 (last = 0.0529), fitness=-357069258.770737410
1500.33 secs, 161761 evals, 161679 steps, improv/step: 0.064 (last = 0.0512), fitness=-357069258.791127205
1530.34 secs, 165064 evals, 164982 steps, improv/step: 0.063 (last = 0.0524), fitness=-357069258.825531006
1560.34 secs, 168307 evals, 168225 steps, improv/step: 0.063 (last = 0.0416), fitness=-357069258.874851763
1590.34 secs, 171727 evals, 171646 steps, improv/step: 0.063 (last = 0.0558), fitness=-357069258.942388535
1620.34 secs, 175097 evals, 175016 steps, improv/step: 0.063 (last = 0.0496), fitness=-357069258.973079026
1650.34 secs, 178494 evals, 178413 steps, improv/step: 0.062 (last = 0.0371), fitness=-357069259.020358622
1680.35 secs, 181884 evals, 181803 steps, improv/step: 0.062 (last = 0.0330), fitness=-357069259.065001786
1710.36 secs, 185278 evals, 185197 steps, improv/step: 0.061 (last = 0.0306), fitness=-357069259.077441990
1740.39 secs, 188638 evals, 188557 steps, improv/step: 0.061 (last = 0.0348), fitness=-357069259.130965590
1770.39 secs, 192059 evals, 191978 steps, improv/step: 0.060 (last = 0.0278), fitness=-357069259.157726884
1800.40 secs, 195416 evals, 195335 steps, improv/step: 0.059 (last = 0.0256), fitness=-357069259.226529896
1830.40 secs, 198793 evals, 198712 steps, improv/step: 0.059 (last = 0.0302), fitness=-357069259.300110996
1860.41 secs, 202184 evals, 202103 steps, improv/step: 0.058 (last = 0.0230), fitness=-357069259.432255447
1890.41 secs, 205557 evals, 205476 steps, improv/step: 0.058 (last = 0.0264), fitness=-357069259.471508503
1920.41 secs, 208934 evals, 208854 steps, improv/step: 0.057 (last = 0.0207), fitness=-357069259.512729645
1950.42 secs, 212271 evals, 212191 steps, improv/step: 0.057 (last = 0.0258), fitness=-357069259.640714526
1980.42 secs, 215651 evals, 215572 steps, improv/step: 0.056 (last = 0.0240), fitness=-357069259.765809774
2010.42 secs, 218975 evals, 218896 steps, improv/step: 0.056 (last = 0.0217), fitness=-357069260.170195699
2040.42 secs, 222283 evals, 222204 steps, improv/step: 0.055 (last = 0.0224), fitness=-357069260.170195699
2070.43 secs, 225572 evals, 225494 steps, improv/step: 0.055 (last = 0.0219), fitness=-357069260.328235447
2100.43 secs, 228895 evals, 228818 steps, improv/step: 0.054 (last = 0.0202), fitness=-357069260.402134061
2130.44 secs, 232269 evals, 232192 steps, improv/step: 0.054 (last = 0.0169), fitness=-357069260.465861142
2160.44 secs, 235658 evals, 235581 steps, improv/step: 0.053 (last = 0.0174), fitness=-357069260.609954178
2190.45 secs, 239018 evals, 238941 steps, improv/step: 0.053 (last = 0.0208), fitness=-357069260.956197143
2220.45 secs, 242368 evals, 242292 steps, improv/step: 0.052 (last = 0.0182), fitness=-357069260.983623385
2250.51 secs, 245703 evals, 245627 steps, improv/step: 0.052 (last = 0.0186), fitness=-357069261.183099926
2280.51 secs, 249079 evals, 249003 steps, improv/step: 0.051 (last = 0.0166), fitness=-357069261.491172194
2310.52 secs, 252428 evals, 252352 steps, improv/step: 0.051 (last = 0.0257), fitness=-357069261.528541565
2340.52 secs, 255774 evals, 255698 steps, improv/step: 0.051 (last = 0.0197), fitness=-357069261.916148305
2370.52 secs, 259106 evals, 259031 steps, improv/step: 0.050 (last = 0.0189), fitness=-357069262.267387867
2400.52 secs, 262445 evals, 262371 steps, improv/step: 0.050 (last = 0.0165), fitness=-357069262.322919607
2430.57 secs, 265770 evals, 265696 steps, improv/step: 0.049 (last = 0.0144), fitness=-357069262.718067527
2460.64 secs, 269091 evals, 269017 steps, improv/step: 0.049 (last = 0.0190), fitness=-357069263.022005737
2490.65 secs, 272415 evals, 272342 steps, improv/step: 0.048 (last = 0.0183), fitness=-357069263.399958849
2520.65 secs, 275760 evals, 275688 steps, improv/step: 0.048 (last = 0.0161), fitness=-357069263.507467270
2550.68 secs, 279086 evals, 279015 steps, improv/step: 0.048 (last = 0.0156), fitness=-357069263.867150187
2580.69 secs, 282441 evals, 282372 steps, improv/step: 0.047 (last = 0.0137), fitness=-357069264.299754679
2610.75 secs, 285776 evals, 285707 steps, improv/step: 0.047 (last = 0.0198), fitness=-357069265.082612276
2640.75 secs, 289140 evals, 289071 steps, improv/step: 0.047 (last = 0.0143), fitness=-357069265.555646181
2670.76 secs, 292481 evals, 292413 steps, improv/step: 0.046 (last = 0.0180), fitness=-357069265.632556319
2700.80 secs, 295844 evals, 295776 steps, improv/step: 0.046 (last = 0.0122), fitness=-357069266.013256192
2730.80 secs, 299184 evals, 299118 steps, improv/step: 0.046 (last = 0.0132), fitness=-357069266.332948267
2760.80 secs, 302523 evals, 302459 steps, improv/step: 0.045 (last = 0.0141), fitness=-357069266.456999302
2790.81 secs, 305824 evals, 305762 steps, improv/step: 0.045 (last = 0.0136), fitness=-357069267.148124874
2820.81 secs, 309123 evals, 309061 steps, improv/step: 0.044 (last = 0.0127), fitness=-357069267.309601426
2850.81 secs, 312472 evals, 312410 steps, improv/step: 0.044 (last = 0.0134), fitness=-357069267.525947154
2880.82 secs, 315788 evals, 315726 steps, improv/step: 0.044 (last = 0.0145), fitness=-357069268.480169058
2910.82 secs, 319082 evals, 319020 steps, improv/step: 0.044 (last = 0.0140), fitness=-357069269.193219423
2940.82 secs, 322386 evals, 322324 steps, improv/step: 0.043 (last = 0.0176), fitness=-357069269.267301917
2970.83 secs, 325690 evals, 325629 steps, improv/step: 0.043 (last = 0.0169), fitness=-357069270.202128649
3000.84 secs, 328995 evals, 328935 steps, improv/step: 0.043 (last = 0.0188), fitness=-357069270.362262070
3030.85 secs, 332217 evals, 332157 steps, improv/step: 0.043 (last = 0.0205), fitness=-357069271.004457951
3060.92 secs, 335486 evals, 335428 steps, improv/step: 0.042 (last = 0.0150), fitness=-357069271.265254140
3090.92 secs, 338712 evals, 338655 steps, improv/step: 0.042 (last = 0.0167), fitness=-357069271.472724319
3120.93 secs, 342009 evals, 341952 steps, improv/step: 0.042 (last = 0.0200), fitness=-357069271.557388544
3150.93 secs, 345340 evals, 345284 steps, improv/step: 0.042 (last = 0.0294), fitness=-357069271.892155528
3180.93 secs, 348666 evals, 348611 steps, improv/step: 0.041 (last = 0.0204), fitness=-357069272.342315614
3210.94 secs, 351956 evals, 351902 steps, improv/step: 0.041 (last = 0.0228), fitness=-357069272.822839618
3240.94 secs, 355268 evals, 355215 steps, improv/step: 0.041 (last = 0.0178), fitness=-357069272.930445552
3270.94 secs, 358576 evals, 358523 steps, improv/step: 0.041 (last = 0.0160), fitness=-357069272.956361771
3300.96 secs, 361882 evals, 361829 steps, improv/step: 0.041 (last = 0.0212), fitness=-357069273.169668615
3330.97 secs, 365152 evals, 365100 steps, improv/step: 0.041 (last = 0.0238), fitness=-357069273.546595693
3360.97 secs, 368469 evals, 368417 steps, improv/step: 0.040 (last = 0.0241), fitness=-357069274.158047199
3390.97 secs, 371707 evals, 371655 steps, improv/step: 0.040 (last = 0.0235), fitness=-357069274.290349782
3420.98 secs, 375003 evals, 374953 steps, improv/step: 0.040 (last = 0.0194), fitness=-357069274.822924912
3450.98 secs, 378315 evals, 378265 steps, improv/step: 0.040 (last = 0.0242), fitness=-357069275.067693889
3480.98 secs, 381606 evals, 381556 steps, improv/step: 0.040 (last = 0.0246), fitness=-357069275.518186331
3510.99 secs, 384903 evals, 384853 steps, improv/step: 0.040 (last = 0.0185), fitness=-357069276.415169001
3540.99 secs, 388195 evals, 388145 steps, improv/step: 0.039 (last = 0.0158), fitness=-357069276.526511312
3571.00 secs, 391480 evals, 391431 steps, improv/step: 0.039 (last = 0.0134), fitness=-357069276.880758405
3601.00 secs, 394776 evals, 394729 steps, improv/step: 0.039 (last = 0.0158), fitness=-357069277.935854495
3631.00 secs, 398013 evals, 397967 steps, improv/step: 0.039 (last = 0.0151), fitness=-357069277.975971997
3661.00 secs, 401300 evals, 401254 steps, improv/step: 0.039 (last = 0.0128), fitness=-357069278.764358461
3691.00 secs, 404592 evals, 404547 steps, improv/step: 0.038 (last = 0.0134), fitness=-357069278.764358461
3721.01 secs, 407849 evals, 407804 steps, improv/step: 0.038 (last = 0.0123), fitness=-357069279.775674343
3751.02 secs, 411158 evals, 411114 steps, improv/step: 0.038 (last = 0.0145), fitness=-357069279.917080998
3781.02 secs, 414425 evals, 414381 steps, improv/step: 0.038 (last = 0.0162), fitness=-357069280.319069803
3811.13 secs, 417711 evals, 417669 steps, improv/step: 0.038 (last = 0.0146), fitness=-357069280.710684776
3841.14 secs, 420977 evals, 420936 steps, improv/step: 0.037 (last = 0.0162), fitness=-357069281.359460592
3871.14 secs, 424254 evals, 424214 steps, improv/step: 0.037 (last = 0.0210), fitness=-357069282.199772596
3901.14 secs, 427517 evals, 427477 steps, improv/step: 0.037 (last = 0.0150), fitness=-357069282.972433984
3931.15 secs, 430732 evals, 430693 steps, improv/step: 0.037 (last = 0.0155), fitness=-357069283.215899587
3961.16 secs, 434037 evals, 433999 steps, improv/step: 0.037 (last = 0.0178), fitness=-357069284.172555089
3991.16 secs, 437377 evals, 437341 steps, improv/step: 0.037 (last = 0.0162), fitness=-357069284.472093582
4021.16 secs, 440709 evals, 440674 steps, improv/step: 0.037 (last = 0.0132), fitness=-357069285.075762868
4051.17 secs, 443949 evals, 443915 steps, improv/step: 0.036 (last = 0.0136), fitness=-357069285.374444842
4081.17 secs, 447222 evals, 447190 steps, improv/step: 0.036 (last = 0.0144), fitness=-357069285.427033961
4111.19 secs, 450475 evals, 450443 steps, improv/step: 0.036 (last = 0.0178), fitness=-357069286.093616009
4141.20 secs, 453769 evals, 453737 steps, improv/step: 0.036 (last = 0.0124), fitness=-357069286.339696705
4171.20 secs, 457035 evals, 457003 steps, improv/step: 0.036 (last = 0.0147), fitness=-357069288.344851971
4201.20 secs, 460339 evals, 460307 steps, improv/step: 0.036 (last = 0.0148), fitness=-357069288.344851971
4231.20 secs, 463637 evals, 463606 steps, improv/step: 0.035 (last = 0.0082), fitness=-357069288.344851971
4261.20 secs, 466946 evals, 466915 steps, improv/step: 0.035 (last = 0.0157), fitness=-357069288.985806823
4291.20 secs, 470233 evals, 470202 steps, improv/step: 0.035 (last = 0.0131), fitness=-357069288.985806823
4321.30 secs, 473384 evals, 473353 steps, improv/step: 0.035 (last = 0.0127), fitness=-357069289.385881305
4351.30 secs, 476731 evals, 476700 steps, improv/step: 0.035 (last = 0.0173), fitness=-357069290.847741425
4381.30 secs, 480056 evals, 480025 steps, improv/step: 0.035 (last = 0.0108), fitness=-357069290.847741425
4411.31 secs, 483423 evals, 483393 steps, improv/step: 0.035 (last = 0.0143), fitness=-357069290.847741425
4441.31 secs, 486759 evals, 486729 steps, improv/step: 0.034 (last = 0.0159), fitness=-357069290.847741425
4471.42 secs, 490063 evals, 490034 steps, improv/step: 0.034 (last = 0.0133), fitness=-357069291.579627216
4501.43 secs, 493355 evals, 493326 steps, improv/step: 0.034 (last = 0.0106), fitness=-357069291.579627216
4531.43 secs, 496615 evals, 496586 steps, improv/step: 0.034 (last = 0.0156), fitness=-357069292.159395814
4561.44 secs, 499875 evals, 499846 steps, improv/step: 0.034 (last = 0.0113), fitness=-357069292.159395814
4591.44 secs, 503047 evals, 503019 steps, improv/step: 0.034 (last = 0.0148), fitness=-357069292.844858348
4621.44 secs, 506350 evals, 506322 steps, improv/step: 0.034 (last = 0.0191), fitness=-357069293.657086849
4651.55 secs, 509616 evals, 509588 steps, improv/step: 0.033 (last = 0.0168), fitness=-357069294.009727120
4681.55 secs, 512894 evals, 512867 steps, improv/step: 0.033 (last = 0.0177), fitness=-357069294.558645904
4711.55 secs, 516171 evals, 516144 steps, improv/step: 0.033 (last = 0.0180), fitness=-357069295.692080259
4741.55 secs, 519461 evals, 519434 steps, improv/step: 0.033 (last = 0.0164), fitness=-357069295.988440633
4771.56 secs, 522737 evals, 522710 steps, improv/step: 0.033 (last = 0.0186), fitness=-357069296.519923568
4801.56 secs, 526019 evals, 525993 steps, improv/step: 0.033 (last = 0.0177), fitness=-357069296.949332476
4831.57 secs, 529316 evals, 529291 steps, improv/step: 0.033 (last = 0.0170), fitness=-357069297.323856294
4861.57 secs, 532618 evals, 532594 steps, improv/step: 0.033 (last = 0.0185), fitness=-357069297.708690763
4891.57 secs, 535925 evals, 535902 steps, improv/step: 0.033 (last = 0.0148), fitness=-357069298.187773824
4921.58 secs, 539176 evals, 539153 steps, improv/step: 0.033 (last = 0.0157), fitness=-357069298.537547886
4951.58 secs, 542423 evals, 542400 steps, improv/step: 0.033 (last = 0.0166), fitness=-357069298.842921436
4981.59 secs, 545621 evals, 545599 steps, improv/step: 0.032 (last = 0.0147), fitness=-357069299.373780310
5011.59 secs, 548917 evals, 548896 steps, improv/step: 0.032 (last = 0.0191), fitness=-357069299.440821409
5041.60 secs, 552193 evals, 552172 steps, improv/step: 0.032 (last = 0.0177), fitness=-357069299.767338812
5071.75 secs, 555477 evals, 555456 steps, improv/step: 0.032 (last = 0.0210), fitness=-357069299.971099973
5101.75 secs, 558762 evals, 558741 steps, improv/step: 0.032 (last = 0.0143), fitness=-357069300.529733658
5131.76 secs, 562092 evals, 562074 steps, improv/step: 0.032 (last = 0.0144), fitness=-357069300.727065444
5161.76 secs, 565390 evals, 565372 steps, improv/step: 0.032 (last = 0.0158), fitness=-357069300.761428535
5191.77 secs, 568650 evals, 568634 steps, improv/step: 0.032 (last = 0.0178), fitness=-357069301.004981220
5221.77 secs, 571957 evals, 571941 steps, improv/step: 0.032 (last = 0.0218), fitness=-357069301.183201432
5251.77 secs, 575253 evals, 575238 steps, improv/step: 0.032 (last = 0.0182), fitness=-357069301.504327416
5281.78 secs, 578519 evals, 578504 steps, improv/step: 0.032 (last = 0.0205), fitness=-357069301.671265304
5311.78 secs, 581790 evals, 581776 steps, improv/step: 0.032 (last = 0.0186), fitness=-357069301.926251471
5341.78 secs, 585057 evals, 585044 steps, improv/step: 0.031 (last = 0.0174), fitness=-357069302.013114452
5371.79 secs, 588322 evals, 588310 steps, improv/step: 0.031 (last = 0.0144), fitness=-357069302.368430495
5401.79 secs, 591621 evals, 591611 steps, improv/step: 0.031 (last = 0.0139), fitness=-357069302.368430495
5431.80 secs, 594878 evals, 594870 steps, improv/step: 0.031 (last = 0.0153), fitness=-357069302.476053238
5461.80 secs, 598162 evals, 598155 steps, improv/step: 0.031 (last = 0.0161), fitness=-357069302.724132657
5491.80 secs, 601440 evals, 601434 steps, improv/step: 0.031 (last = 0.0180), fitness=-357069302.724132657
5521.80 secs, 604705 evals, 604699 steps, improv/step: 0.031 (last = 0.0205), fitness=-357069303.036627054
5551.85 secs, 607954 evals, 607949 steps, improv/step: 0.031 (last = 0.0258), fitness=-357069303.120852768
5581.85 secs, 611258 evals, 611254 steps, improv/step: 0.031 (last = 0.0203), fitness=-357069303.313784122
5611.87 secs, 614514 evals, 614510 steps, improv/step: 0.031 (last = 0.0258), fitness=-357069303.505265236
5641.87 secs, 617739 evals, 617735 steps, improv/step: 0.031 (last = 0.0270), fitness=-357069303.838424385
5671.91 secs, 620920 evals, 620917 steps, improv/step: 0.031 (last = 0.0157), fitness=-357069303.838424385
5701.92 secs, 624198 evals, 624195 steps, improv/step: 0.031 (last = 0.0229), fitness=-357069304.054103792
5731.92 secs, 627490 evals, 627487 steps, improv/step: 0.031 (last = 0.0173), fitness=-357069304.459564626
5761.97 secs, 630785 evals, 630782 steps, improv/step: 0.031 (last = 0.0164), fitness=-357069304.459564626
5791.97 secs, 634068 evals, 634066 steps, improv/step: 0.030 (last = 0.0198), fitness=-357069304.545679986
5821.98 secs, 637336 evals, 637334 steps, improv/step: 0.030 (last = 0.0254), fitness=-357069304.959061205
5852.08 secs, 640664 evals, 640664 steps, improv/step: 0.030 (last = 0.0240), fitness=-357069305.269508958
5882.08 secs, 643990 evals, 643990 steps, improv/step: 0.030 (last = 0.0186), fitness=-357069305.324657083
5912.09 secs, 647277 evals, 647277 steps, improv/step: 0.030 (last = 0.0237), fitness=-357069305.840497732
5942.09 secs, 650537 evals, 650537 steps, improv/step: 0.030 (last = 0.0252), fitness=-357069306.039861798
5972.10 secs, 653824 evals, 653824 steps, improv/step: 0.030 (last = 0.0137), fitness=-357069306.476172984
6002.10 secs, 657105 evals, 657106 steps, improv/step: 0.030 (last = 0.0201), fitness=-357069306.532942891
6032.11 secs, 660423 evals, 660424 steps, improv/step: 0.030 (last = 0.0193), fitness=-357069306.671415091
6062.11 secs, 663693 evals, 663694 steps, improv/step: 0.030 (last = 0.0229), fitness=-357069307.047474384
6092.11 secs, 666993 evals, 666994 steps, improv/step: 0.030 (last = 0.0170), fitness=-357069307.540122867
6122.11 secs, 670277 evals, 670279 steps, improv/step: 0.030 (last = 0.0204), fitness=-357069307.832865417
6152.11 secs, 673581 evals, 673584 steps, improv/step: 0.030 (last = 0.0203), fitness=-357069307.837584078
6182.12 secs, 676812 evals, 676815 steps, improv/step: 0.030 (last = 0.0232), fitness=-357069308.143948436
6212.27 secs, 680064 evals, 680067 steps, improv/step: 0.030 (last = 0.0166), fitness=-357069308.440245986
6242.27 secs, 683313 evals, 683317 steps, improv/step: 0.030 (last = 0.0178), fitness=-357069308.549454570
6272.28 secs, 686514 evals, 686518 steps, improv/step: 0.030 (last = 0.0309), fitness=-357069309.023621678
6302.28 secs, 689810 evals, 689814 steps, improv/step: 0.030 (last = 0.0212), fitness=-357069309.381850481
6332.28 secs, 692982 evals, 692986 steps, improv/step: 0.030 (last = 0.0233), fitness=-357069309.581434369
6362.36 secs, 696311 evals, 696315 steps, improv/step: 0.030 (last = 0.0255), fitness=-357069310.034245849
6392.36 secs, 699619 evals, 699623 steps, improv/step: 0.030 (last = 0.0272), fitness=-357069310.446926475
6422.37 secs, 702912 evals, 702918 steps, improv/step: 0.030 (last = 0.0197), fitness=-357069310.716265440
6452.37 secs, 706186 evals, 706192 steps, improv/step: 0.030 (last = 0.0174), fitness=-357069310.848851502
6482.39 secs, 709462 evals, 709468 steps, improv/step: 0.030 (last = 0.0192), fitness=-357069311.405134082
6512.39 secs, 712677 evals, 712684 steps, improv/step: 0.029 (last = 0.0168), fitness=-357069311.448345184
6542.40 secs, 715879 evals, 715888 steps, improv/step: 0.029 (last = 0.0212), fitness=-357069312.460801184
6572.40 secs, 719124 evals, 719134 steps, improv/step: 0.029 (last = 0.0182), fitness=-357069313.070820391
6602.40 secs, 722386 evals, 722398 steps, improv/step: 0.029 (last = 0.0144), fitness=-357069313.070820391
6632.40 secs, 725585 evals, 725599 steps, improv/step: 0.029 (last = 0.0162), fitness=-357069313.668751538
6662.41 secs, 728866 evals, 728882 steps, improv/step: 0.029 (last = 0.0137), fitness=-357069313.703686535
6692.41 secs, 732110 evals, 732127 steps, improv/step: 0.029 (last = 0.0166), fitness=-357069314.264053345
6722.42 secs, 735392 evals, 735410 steps, improv/step: 0.029 (last = 0.0168), fitness=-357069314.416614175
6752.42 secs, 738576 evals, 738594 steps, improv/step: 0.029 (last = 0.0110), fitness=-357069314.808257222
6782.42 secs, 741769 evals, 741787 steps, improv/step: 0.029 (last = 0.0147), fitness=-357069315.114831865
6812.43 secs, 745012 evals, 745030 steps, improv/step: 0.029 (last = 0.0136), fitness=-357069315.275284410
6842.50 secs, 748286 evals, 748305 steps, improv/step: 0.029 (last = 0.0150), fitness=-357069315.689337254
6872.50 secs, 751525 evals, 751545 steps, improv/step: 0.029 (last = 0.0154), fitness=-357069315.971247196
6902.51 secs, 754745 evals, 754767 steps, improv/step: 0.029 (last = 0.0161), fitness=-357069316.204839945
6932.51 secs, 757932 evals, 757955 steps, improv/step: 0.029 (last = 0.0179), fitness=-357069316.715913415
6962.51 secs, 761196 evals, 761220 steps, improv/step: 0.029 (last = 0.0156), fitness=-357069316.715913415
6992.55 secs, 764466 evals, 764491 steps, improv/step: 0.029 (last = 0.0116), fitness=-357069316.929607511
7022.55 secs, 767763 evals, 767788 steps, improv/step: 0.028 (last = 0.0143), fitness=-357069317.260710716
7052.55 secs, 771066 evals, 771092 steps, improv/step: 0.028 (last = 0.0151), fitness=-357069317.758658648
7082.55 secs, 774325 evals, 774351 steps, improv/step: 0.028 (last = 0.0166), fitness=-357069318.159338653
7112.56 secs, 777556 evals, 777582 steps, improv/step: 0.028 (last = 0.0176), fitness=-357069318.255555272
7142.56 secs, 780801 evals, 780828 steps, improv/step: 0.028 (last = 0.0188), fitness=-357069318.678395748
7172.57 secs, 784046 evals, 784073 steps, improv/step: 0.028 (last = 0.0148), fitness=-357069318.678395748
7202.57 secs, 787304 evals, 787331 steps, improv/step: 0.028 (last = 0.0144), fitness=-357069319.235545039
7232.58 secs, 790545 evals, 790573 steps, improv/step: 0.028 (last = 0.0167), fitness=-357069319.299750209
7262.58 secs, 793779 evals, 793807 steps, improv/step: 0.028 (last = 0.0127), fitness=-357069319.446557939
7292.58 secs, 796953 evals, 796981 steps, improv/step: 0.028 (last = 0.0176), fitness=-357069319.652156711
7322.59 secs, 800178 evals, 800206 steps, improv/step: 0.028 (last = 0.0155), fitness=-357069320.140070856
7352.59 secs, 803403 evals, 803431 steps, improv/step: 0.028 (last = 0.0171), fitness=-357069320.398555279
7382.70 secs, 806627 evals, 806655 steps, improv/step: 0.028 (last = 0.0195), fitness=-357069320.676740766
7412.70 secs, 809877 evals, 809905 steps, improv/step: 0.028 (last = 0.0197), fitness=-357069321.270369768
7442.70 secs, 813067 evals, 813095 steps, improv/step: 0.028 (last = 0.0163), fitness=-357069321.330860257
7472.70 secs, 816333 evals, 816362 steps, improv/step: 0.028 (last = 0.0165), fitness=-357069322.119275570
7502.71 secs, 819591 evals, 819623 steps, improv/step: 0.028 (last = 0.0156), fitness=-357069322.181740999
7532.71 secs, 822794 evals, 822827 steps, improv/step: 0.028 (last = 0.0137), fitness=-357069322.815484285
7562.71 secs, 826044 evals, 826077 steps, improv/step: 0.028 (last = 0.0222), fitness=-357069323.153375030
7592.71 secs, 829305 evals, 829340 steps, improv/step: 0.028 (last = 0.0227), fitness=-357069324.269376397
7622.72 secs, 832612 evals, 832647 steps, improv/step: 0.028 (last = 0.0163), fitness=-357069324.671176255
7652.72 secs, 835842 evals, 835879 steps, improv/step: 0.028 (last = 0.0186), fitness=-357069326.109717906
7682.72 secs, 839125 evals, 839162 steps, improv/step: 0.027 (last = 0.0174), fitness=-357069326.472499728
7712.73 secs, 842374 evals, 842411 steps, improv/step: 0.027 (last = 0.0129), fitness=-357069326.472499728
7742.73 secs, 845560 evals, 845597 steps, improv/step: 0.027 (last = 0.0169), fitness=-357069327.159360290
7772.73 secs, 848799 evals, 848838 steps, improv/step: 0.027 (last = 0.0154), fitness=-357069327.596667707
7802.73 secs, 852066 evals, 852107 steps, improv/step: 0.027 (last = 0.0141), fitness=-357069328.190612316
7832.78 secs, 855338 evals, 855379 steps, improv/step: 0.027 (last = 0.0165), fitness=-357069328.445797503
7862.78 secs, 858608 evals, 858649 steps, improv/step: 0.027 (last = 0.0128), fitness=-357069329.201570153
7892.79 secs, 861846 evals, 861887 steps, improv/step: 0.027 (last = 0.0148), fitness=-357069329.905035436
7922.80 secs, 865113 evals, 865155 steps, improv/step: 0.027 (last = 0.0171), fitness=-357069330.164812565
7952.80 secs, 868382 evals, 868425 steps, improv/step: 0.027 (last = 0.0162), fitness=-357069330.225249171
7982.81 secs, 871631 evals, 871675 steps, improv/step: 0.027 (last = 0.0188), fitness=-357069330.485385239
8012.81 secs, 874861 evals, 874905 steps, improv/step: 0.027 (last = 0.0164), fitness=-357069330.834001064
8042.82 secs, 878140 evals, 878185 steps, improv/step: 0.027 (last = 0.0128), fitness=-357069330.938482285
8072.83 secs, 881341 evals, 881386 steps, improv/step: 0.027 (last = 0.0162), fitness=-357069331.255096495
8102.83 secs, 884581 evals, 884626 steps, improv/step: 0.027 (last = 0.0207), fitness=-357069331.522960246
8132.84 secs, 887815 evals, 887860 steps, improv/step: 0.027 (last = 0.0220), fitness=-357069332.053066254
8162.84 secs, 891017 evals, 891062 steps, improv/step: 0.027 (last = 0.0234), fitness=-357069332.642314851
8192.84 secs, 894239 evals, 894284 steps, improv/step: 0.027 (last = 0.0220), fitness=-357069332.828496516
8222.84 secs, 897416 evals, 897461 steps, improv/step: 0.027 (last = 0.0223), fitness=-357069332.998274744
8252.84 secs, 900671 evals, 900718 steps, improv/step: 0.027 (last = 0.0236), fitness=-357069333.237563491
8282.84 secs, 903951 evals, 903998 steps, improv/step: 0.027 (last = 0.0216), fitness=-357069333.814391494
8312.85 secs, 907227 evals, 907274 steps, improv/step: 0.027 (last = 0.0226), fitness=-357069334.082060933
8342.92 secs, 910509 evals, 910556 steps, improv/step: 0.027 (last = 0.0241), fitness=-357069334.699646831
8372.92 secs, 913781 evals, 913830 steps, improv/step: 0.027 (last = 0.0247), fitness=-357069334.703498125
8402.93 secs, 917061 evals, 917111 steps, improv/step: 0.027 (last = 0.0168), fitness=-357069335.216398478
8432.93 secs, 920331 evals, 920381 steps, improv/step: 0.027 (last = 0.0226), fitness=-357069335.648785472
8462.93 secs, 923589 evals, 923639 steps, improv/step: 0.027 (last = 0.0203), fitness=-357069336.312716484
8492.93 secs, 926801 evals, 926851 steps, improv/step: 0.027 (last = 0.0190), fitness=-357069336.427660823
8522.94 secs, 930076 evals, 930126 steps, improv/step: 0.027 (last = 0.0189), fitness=-357069337.253978848
8552.94 secs, 933304 evals, 933354 steps, improv/step: 0.027 (last = 0.0186), fitness=-357069337.535155416
8582.95 secs, 936534 evals, 936584 steps, improv/step: 0.027 (last = 0.0136), fitness=-357069337.806497216
8612.95 secs, 939803 evals, 939853 steps, improv/step: 0.027 (last = 0.0180), fitness=-357069338.301232934
8642.95 secs, 943056 evals, 943106 steps, improv/step: 0.027 (last = 0.0166), fitness=-357069338.758207440
8672.96 secs, 946267 evals, 946317 steps, improv/step: 0.026 (last = 0.0146), fitness=-357069338.902362108
8703.02 secs, 949532 evals, 949583 steps, improv/step: 0.026 (last = 0.0162), fitness=-357069338.902362108
8733.02 secs, 952818 evals, 952870 steps, improv/step: 0.026 (last = 0.0125), fitness=-357069339.214379966
8763.03 secs, 956037 evals, 956089 steps, improv/step: 0.026 (last = 0.0193), fitness=-357069339.420601487
8793.03 secs, 959269 evals, 959321 steps, improv/step: 0.026 (last = 0.0118), fitness=-357069339.702822447
8823.04 secs, 962547 evals, 962599 steps, improv/step: 0.026 (last = 0.0137), fitness=-357069340.299395204
8853.04 secs, 965799 evals, 965852 steps, improv/step: 0.026 (last = 0.0206), fitness=-357069340.459320903
8883.04 secs, 969068 evals, 969122 steps, improv/step: 0.026 (last = 0.0187), fitness=-357069341.062898755
8913.05 secs, 972289 evals, 972343 steps, improv/step: 0.026 (last = 0.0192), fitness=-357069341.197263539
8943.05 secs, 975558 evals, 975612 steps, improv/step: 0.026 (last = 0.0190), fitness=-357069341.454591811
8973.05 secs, 978827 evals, 978881 steps, improv/step: 0.026 (last = 0.0281), fitness=-357069342.096362472
9003.05 secs, 982112 evals, 982167 steps, improv/step: 0.026 (last = 0.0228), fitness=-357069342.368894279
9033.06 secs, 985274 evals, 985332 steps, improv/step: 0.026 (last = 0.0190), fitness=-357069342.407438993
9063.07 secs, 988413 evals, 988472 steps, improv/step: 0.026 (last = 0.0242), fitness=-357069342.595111430
9093.07 secs, 991619 evals, 991680 steps, improv/step: 0.026 (last = 0.0156), fitness=-357069342.869122148
9123.07 secs, 994849 evals, 994911 steps, improv/step: 0.026 (last = 0.0186), fitness=-357069343.251446486
9153.08 secs, 998094 evals, 998156 steps, improv/step: 0.026 (last = 0.0210), fitness=-357069343.494780660
9183.08 secs, 1001354 evals, 1001416 steps, improv/step: 0.026 (last = 0.0206), fitness=-357069343.940457702
9213.21 secs, 1004595 evals, 1004657 steps, improv/step: 0.026 (last = 0.0173), fitness=-357069344.120972157
9243.21 secs, 1007859 evals, 1007922 steps, improv/step: 0.026 (last = 0.0135), fitness=-357069344.273688555
9273.34 secs, 1011036 evals, 1011100 steps, improv/step: 0.026 (last = 0.0126), fitness=-357069344.502691567
9303.34 secs, 1014301 evals, 1014366 steps, improv/step: 0.026 (last = 0.0196), fitness=-357069344.728133082
9333.35 secs, 1017576 evals, 1017641 steps, improv/step: 0.026 (last = 0.0128), fitness=-357069344.998497725
9363.35 secs, 1020815 evals, 1020880 steps, improv/step: 0.026 (last = 0.0170), fitness=-357069345.590927005
9393.36 secs, 1023990 evals, 1024055 steps, improv/step: 0.026 (last = 0.0151), fitness=-357069345.590927005
9423.36 secs, 1027230 evals, 1027295 steps, improv/step: 0.026 (last = 0.0148), fitness=-357069345.658131301
9453.37 secs, 1030510 evals, 1030576 steps, improv/step: 0.026 (last = 0.0131), fitness=-357069345.874276578
9483.37 secs, 1033782 evals, 1033849 steps, improv/step: 0.026 (last = 0.0180), fitness=-357069346.434632003
9513.37 secs, 1037092 evals, 1037160 steps, improv/step: 0.026 (last = 0.0145), fitness=-357069347.114926457
9543.38 secs, 1040331 evals, 1040399 steps, improv/step: 0.026 (last = 0.0167), fitness=-357069347.383892298
9573.38 secs, 1043544 evals, 1043612 steps, improv/step: 0.026 (last = 0.0177), fitness=-357069349.075890779
9603.38 secs, 1046773 evals, 1046844 steps, improv/step: 0.026 (last = 0.0189), fitness=-357069349.449063659
9633.39 secs, 1050026 evals, 1050098 steps, improv/step: 0.026 (last = 0.0169), fitness=-357069350.019495368
9663.39 secs, 1053234 evals, 1053307 steps, improv/step: 0.026 (last = 0.0209), fitness=-357069350.694674253
9693.40 secs, 1056429 evals, 1056502 steps, improv/step: 0.026 (last = 0.0144), fitness=-357069351.724492848
9723.40 secs, 1059669 evals, 1059742 steps, improv/step: 0.026 (last = 0.0204), fitness=-357069352.314634562
9753.40 secs, 1062910 evals, 1062984 steps, improv/step: 0.025 (last = 0.0188), fitness=-357069353.620586038
9783.40 secs, 1066132 evals, 1066206 steps, improv/step: 0.025 (last = 0.0177), fitness=-357069353.837227821
9813.48 secs, 1069296 evals, 1069370 steps, improv/step: 0.025 (last = 0.0164), fitness=-357069354.906529784
9843.48 secs, 1072570 evals, 1072645 steps, improv/step: 0.025 (last = 0.0205), fitness=-357069356.080338836
9873.49 secs, 1075766 evals, 1075842 steps, improv/step: 0.025 (last = 0.0141), fitness=-357069356.547824919
9903.50 secs, 1079035 evals, 1079112 steps, improv/step: 0.025 (last = 0.0144), fitness=-357069356.781936884
9933.50 secs, 1082291 evals, 1082368 steps, improv/step: 0.025 (last = 0.0157), fitness=-357069357.161478758
9963.67 secs, 1085604 evals, 1085681 steps, improv/step: 0.025 (last = 0.0163), fitness=-357069357.640904903
9993.67 secs, 1088870 evals, 1088948 steps, improv/step: 0.025 (last = 0.0205), fitness=-357069358.580670357
10023.68 secs, 1092144 evals, 1092223 steps, improv/step: 0.025 (last = 0.0137), fitness=-357069359.254359126
10053.68 secs, 1095408 evals, 1095487 steps, improv/step: 0.025 (last = 0.0138), fitness=-357069359.844087720
10083.69 secs, 1098622 evals, 1098701 steps, improv/step: 0.025 (last = 0.0156), fitness=-357069360.410817504
10113.69 secs, 1101848 evals, 1101927 steps, improv/step: 0.025 (last = 0.0192), fitness=-357069361.039203167
10143.69 secs, 1105117 evals, 1105196 steps, improv/step: 0.025 (last = 0.0147), fitness=-357069361.555149555
10173.69 secs, 1108258 evals, 1108337 steps, improv/step: 0.025 (last = 0.0162), fitness=-357069361.962975383
10203.70 secs, 1111447 evals, 1111526 steps, improv/step: 0.025 (last = 0.0154), fitness=-357069362.895333588
10233.71 secs, 1114636 evals, 1114715 steps, improv/step: 0.025 (last = 0.0141), fitness=-357069363.301220298
10263.71 secs, 1117877 evals, 1117956 steps, improv/step: 0.025 (last = 0.0105), fitness=-357069363.301220298
10293.72 secs, 1121102 evals, 1121181 steps, improv/step: 0.025 (last = 0.0143), fitness=-357069363.301220298
10323.72 secs, 1124360 evals, 1124439 steps, improv/step: 0.025 (last = 0.0153), fitness=-357069363.729926765
10353.73 secs, 1127576 evals, 1127656 steps, improv/step: 0.025 (last = 0.0140), fitness=-357069363.990946412
10384.01 secs, 1130783 evals, 1130864 steps, improv/step: 0.025 (last = 0.0184), fitness=-357069364.255876303
10414.02 secs, 1134023 evals, 1134104 steps, improv/step: 0.025 (last = 0.0167), fitness=-357069364.445289195
10444.02 secs, 1137292 evals, 1137375 steps, improv/step: 0.025 (last = 0.0141), fitness=-357069364.545747101
10474.02 secs, 1140386 evals, 1140469 steps, improv/step: 0.025 (last = 0.0158), fitness=-357069364.822688460
10504.02 secs, 1143651 evals, 1143735 steps, improv/step: 0.025 (last = 0.0132), fitness=-357069365.139395356
10534.03 secs, 1146887 evals, 1146972 steps, improv/step: 0.025 (last = 0.0179), fitness=-357069365.511060297
10564.03 secs, 1150168 evals, 1150254 steps, improv/step: 0.025 (last = 0.0210), fitness=-357069365.734596193
10594.03 secs, 1153435 evals, 1153521 steps, improv/step: 0.025 (last = 0.0144), fitness=-357069366.029433727
10624.32 secs, 1156721 evals, 1156807 steps, improv/step: 0.025 (last = 0.0149), fitness=-357069366.188683033
10654.32 secs, 1159897 evals, 1159985 steps, improv/step: 0.025 (last = 0.0126), fitness=-357069366.517875433
10684.35 secs, 1163108 evals, 1163197 steps, improv/step: 0.025 (last = 0.0162), fitness=-357069366.634388328
10714.35 secs, 1166280 evals, 1166370 steps, improv/step: 0.025 (last = 0.0126), fitness=-357069366.770956278
10744.51 secs, 1169526 evals, 1169616 steps, improv/step: 0.025 (last = 0.0120), fitness=-357069366.988502324
10774.51 secs, 1172672 evals, 1172762 steps, improv/step: 0.025 (last = 0.0114), fitness=-357069367.264375567
10804.51 secs, 1175832 evals, 1175922 steps, improv/step: 0.025 (last = 0.0130), fitness=-357069367.282925606
10834.51 secs, 1179054 evals, 1179145 steps, improv/step: 0.024 (last = 0.0109), fitness=-357069367.572016239
10864.52 secs, 1182290 evals, 1182383 steps, improv/step: 0.024 (last = 0.0083), fitness=-357069367.572016239
10894.60 secs, 1185522 evals, 1185616 steps, improv/step: 0.024 (last = 0.0139), fitness=-357069367.765826404
10924.61 secs, 1188758 evals, 1188854 steps, improv/step: 0.024 (last = 0.0105), fitness=-357069367.938057840
10954.72 secs, 1191862 evals, 1191958 steps, improv/step: 0.024 (last = 0.0151), fitness=-357069368.161072612
10984.77 secs, 1194952 evals, 1195049 steps, improv/step: 0.024 (last = 0.0097), fitness=-357069368.336253524
11014.77 secs, 1198087 evals, 1198184 steps, improv/step: 0.024 (last = 0.0108), fitness=-357069368.336253524
11044.78 secs, 1201254 evals, 1201351 steps, improv/step: 0.024 (last = 0.0107), fitness=-357069368.344800353
11074.78 secs, 1204432 evals, 1204530 steps, improv/step: 0.024 (last = 0.0157), fitness=-357069368.959180832
11104.79 secs, 1207643 evals, 1207741 steps, improv/step: 0.024 (last = 0.0115), fitness=-357069369.039164841
11134.79 secs, 1210767 evals, 1210866 steps, improv/step: 0.024 (last = 0.0150), fitness=-357069369.275205016
11164.79 secs, 1213889 evals, 1213988 steps, improv/step: 0.024 (last = 0.0173), fitness=-357069369.594165623
11194.80 secs, 1217040 evals, 1217139 steps, improv/step: 0.024 (last = 0.0219), fitness=-357069369.998069286
11224.80 secs, 1220205 evals, 1220305 steps, improv/step: 0.024 (last = 0.0174), fitness=-357069370.047043562
11254.80 secs, 1223439 evals, 1223539 steps, improv/step: 0.024 (last = 0.0176), fitness=-357069370.047043562
11284.80 secs, 1226641 evals, 1226741 steps, improv/step: 0.024 (last = 0.0156), fitness=-357069370.295804143
11314.80 secs, 1229913 evals, 1230013 steps, improv/step: 0.024 (last = 0.0119), fitness=-357069370.642317712
11344.81 secs, 1232996 evals, 1233097 steps, improv/step: 0.024 (last = 0.0152), fitness=-357069371.077066064
11374.81 secs, 1236153 evals, 1236255 steps, improv/step: 0.024 (last = 0.0146), fitness=-357069371.464835525
11404.82 secs, 1239458 evals, 1239560 steps, improv/step: 0.024 (last = 0.0154), fitness=-357069371.921608925
11434.82 secs, 1242693 evals, 1242796 steps, improv/step: 0.024 (last = 0.0189), fitness=-357069372.951169789
11464.83 secs, 1245859 evals, 1245964 steps, improv/step: 0.024 (last = 0.0120), fitness=-357069372.951169789
11495.12 secs, 1248962 evals, 1249068 steps, improv/step: 0.024 (last = 0.0142), fitness=-357069372.951169789
11525.13 secs, 1252044 evals, 1252151 steps, improv/step: 0.024 (last = 0.0139), fitness=-357069373.096315444
11555.14 secs, 1254904 evals, 1255011 steps, improv/step: 0.024 (last = 0.0175), fitness=-357069373.487048507
11585.14 secs, 1257908 evals, 1258015 steps, improv/step: 0.024 (last = 0.0133), fitness=-357069373.601099014
11615.15 secs, 1260867 evals, 1260975 steps, improv/step: 0.024 (last = 0.0115), fitness=-357069373.872707546
11645.15 secs, 1263931 evals, 1264040 steps, improv/step: 0.024 (last = 0.0170), fitness=-357069374.207459807
11675.30 secs, 1266862 evals, 1266974 steps, improv/step: 0.024 (last = 0.0109), fitness=-357069374.674363494
11705.31 secs, 1270098 evals, 1270211 steps, improv/step: 0.024 (last = 0.0108), fitness=-357069375.036307812
11735.31 secs, 1273619 evals, 1273734 steps, improv/step: 0.024 (last = 0.0153), fitness=-357069375.338085115
11765.32 secs, 1277141 evals, 1277256 steps, improv/step: 0.024 (last = 0.0125), fitness=-357069376.195953250
11795.56 secs, 1280726 evals, 1280842 steps, improv/step: 0.024 (last = 0.0145), fitness=-357069376.209759355
11825.56 secs, 1284275 evals, 1284393 steps, improv/step: 0.024 (last = 0.0161), fitness=-357069376.493745804
11855.56 secs, 1287854 evals, 1287972 steps, improv/step: 0.024 (last = 0.0131), fitness=-357069376.615219593
11885.57 secs, 1291383 evals, 1291503 steps, improv/step: 0.024 (last = 0.0150), fitness=-357069377.070942760
11915.57 secs, 1294770 evals, 1294891 steps, improv/step: 0.024 (last = 0.0130), fitness=-357069377.225203037
11945.57 secs, 1298145 evals, 1298267 steps, improv/step: 0.024 (last = 0.0148), fitness=-357069377.481285751
11975.58 secs, 1301547 evals, 1301669 steps, improv/step: 0.023 (last = 0.0112), fitness=-357069377.520287097
12005.58 secs, 1304976 evals, 1305099 steps, improv/step: 0.023 (last = 0.0166), fitness=-357069377.640870154
12035.74 secs, 1308265 evals, 1308388 steps, improv/step: 0.023 (last = 0.0134), fitness=-357069378.135657132
12065.82 secs, 1311620 evals, 1311744 steps, improv/step: 0.023 (last = 0.0146), fitness=-357069378.380316019
12095.83 secs, 1315084 evals, 1315208 steps, improv/step: 0.023 (last = 0.0141), fitness=-357069378.620849431
12125.83 secs, 1318470 evals, 1318594 steps, improv/step: 0.023 (last = 0.0151), fitness=-357069378.814679444
12155.83 secs, 1321848 evals, 1321972 steps, improv/step: 0.023 (last = 0.0151), fitness=-357069378.814679444
12185.84 secs, 1325301 evals, 1325425 steps, improv/step: 0.023 (last = 0.0130), fitness=-357069379.010098398
12215.84 secs, 1328769 evals, 1328895 steps, improv/step: 0.023 (last = 0.0112), fitness=-357069379.257165730
12245.84 secs, 1332212 evals, 1332338 steps, improv/step: 0.023 (last = 0.0139), fitness=-357069379.660521984
12275.84 secs, 1335624 evals, 1335751 steps, improv/step: 0.023 (last = 0.0138), fitness=-357069380.009607732
12305.85 secs, 1339027 evals, 1339156 steps, improv/step: 0.023 (last = 0.0135), fitness=-357069380.296092093
12335.85 secs, 1342443 evals, 1342572 steps, improv/step: 0.023 (last = 0.0161), fitness=-357069380.479938030
12365.85 secs, 1345811 evals, 1345940 steps, improv/step: 0.023 (last = 0.0128), fitness=-357069380.628804147
12396.05 secs, 1349240 evals, 1349369 steps, improv/step: 0.023 (last = 0.0146), fitness=-357069381.024838686
12426.05 secs, 1352554 evals, 1352684 steps, improv/step: 0.023 (last = 0.0115), fitness=-357069381.536609232
12456.05 secs, 1355751 evals, 1355881 steps, improv/step: 0.023 (last = 0.0178), fitness=-357069382.004865110
12486.05 secs, 1358975 evals, 1359106 steps, improv/step: 0.023 (last = 0.0121), fitness=-357069382.004865110
12516.06 secs, 1362100 evals, 1362232 steps, improv/step: 0.023 (last = 0.0154), fitness=-357069382.366495967
12546.07 secs, 1365210 evals, 1365342 steps, improv/step: 0.023 (last = 0.0116), fitness=-357069382.366495967
12576.07 secs, 1368446 evals, 1368581 steps, improv/step: 0.023 (last = 0.0120), fitness=-357069382.777437449
12606.42 secs, 1371695 evals, 1371831 steps, improv/step: 0.023 (last = 0.0129), fitness=-357069383.107301354
12636.43 secs, 1374972 evals, 1375108 steps, improv/step: 0.023 (last = 0.0156), fitness=-357069383.458786726
12666.43 secs, 1378106 evals, 1378242 steps, improv/step: 0.023 (last = 0.0169), fitness=-357069384.303864598
12696.44 secs, 1381378 evals, 1381516 steps, improv/step: 0.023 (last = 0.0147), fitness=-357069384.303864598
12726.44 secs, 1384564 evals, 1384702 steps, improv/step: 0.023 (last = 0.0138), fitness=-357069384.453781843
12756.44 secs, 1387639 evals, 1387777 steps, improv/step: 0.023 (last = 0.0133), fitness=-357069384.619043708
12786.44 secs, 1390789 evals, 1390927 steps, improv/step: 0.023 (last = 0.0171), fitness=-357069385.185290396
12816.47 secs, 1394064 evals, 1394202 steps, improv/step: 0.023 (last = 0.0144), fitness=-357069385.185290396
12846.47 secs, 1397211 evals, 1397349 steps, improv/step: 0.023 (last = 0.0156), fitness=-357069385.693248689
12876.63 secs, 1400335 evals, 1400474 steps, improv/step: 0.023 (last = 0.0163), fitness=-357069385.693248689
12906.63 secs, 1403537 evals, 1403676 steps, improv/step: 0.023 (last = 0.0119), fitness=-357069385.999664187
12936.64 secs, 1406760 evals, 1406899 steps, improv/step: 0.023 (last = 0.0164), fitness=-357069386.151661158
12966.64 secs, 1409964 evals, 1410103 steps, improv/step: 0.023 (last = 0.0165), fitness=-357069386.487004995
12996.64 secs, 1413171 evals, 1413310 steps, improv/step: 0.023 (last = 0.0200), fitness=-357069386.986425161
13026.64 secs, 1416432 evals, 1416571 steps, improv/step: 0.023 (last = 0.0150), fitness=-357069387.366157472
13056.64 secs, 1419618 evals, 1419758 steps, improv/step: 0.023 (last = 0.0166), fitness=-357069387.366157472
13086.64 secs, 1422760 evals, 1422903 steps, improv/step: 0.023 (last = 0.0188), fitness=-357069387.700768352
13116.65 secs, 1425910 evals, 1426053 steps, improv/step: 0.023 (last = 0.0197), fitness=-357069387.881115437
13146.74 secs, 1428866 evals, 1429009 steps, improv/step: 0.023 (last = 0.0142), fitness=-357069388.014670372
13176.74 secs, 1431890 evals, 1432034 steps, improv/step: 0.023 (last = 0.0165), fitness=-357069388.438862741
13206.78 secs, 1435063 evals, 1435207 steps, improv/step: 0.023 (last = 0.0164), fitness=-357069388.495188057
13236.78 secs, 1438278 evals, 1438423 steps, improv/step: 0.023 (last = 0.0168), fitness=-357069388.548280656
13266.79 secs, 1441463 evals, 1441609 steps, improv/step: 0.023 (last = 0.0104), fitness=-357069388.660790801
13296.79 secs, 1444686 evals, 1444832 steps, improv/step: 0.023 (last = 0.0133), fitness=-357069388.870038211
13326.79 secs, 1447871 evals, 1448018 steps, improv/step: 0.023 (last = 0.0129), fitness=-357069388.870038211
13356.79 secs, 1451048 evals, 1451195 steps, improv/step: 0.023 (last = 0.0176), fitness=-357069388.927069545
13386.80 secs, 1454297 evals, 1454445 steps, improv/step: 0.023 (last = 0.0203), fitness=-357069389.003481627
13416.81 secs, 1457555 evals, 1457703 steps, improv/step: 0.023 (last = 0.0184), fitness=-357069389.158958137
13446.81 secs, 1460716 evals, 1460864 steps, improv/step: 0.023 (last = 0.0183), fitness=-357069389.158958137
13476.81 secs, 1463916 evals, 1464064 steps, improv/step: 0.023 (last = 0.0175), fitness=-357069389.189962924
13506.82 secs, 1467117 evals, 1467265 steps, improv/step: 0.023 (last = 0.0197), fitness=-357069389.297519624
13536.82 secs, 1470302 evals, 1470450 steps, improv/step: 0.023 (last = 0.0185), fitness=-357069389.340550780
13566.82 secs, 1473458 evals, 1473607 steps, improv/step: 0.023 (last = 0.0215), fitness=-357069389.428037822
13596.83 secs, 1476638 evals, 1476787 steps, improv/step: 0.023 (last = 0.0226), fitness=-357069389.510389447
13626.83 secs, 1479924 evals, 1480073 steps, improv/step: 0.023 (last = 0.0231), fitness=-357069389.568274021
13657.00 secs, 1483082 evals, 1483231 steps, improv/step: 0.023 (last = 0.0180), fitness=-357069389.649196327
13687.01 secs, 1486308 evals, 1486457 steps, improv/step: 0.023 (last = 0.0236), fitness=-357069389.774126112
13717.34 secs, 1489487 evals, 1489636 steps, improv/step: 0.023 (last = 0.0208), fitness=-357069389.802072048
13747.34 secs, 1492741 evals, 1492890 steps, improv/step: 0.023 (last = 0.0255), fitness=-357069389.850053191
13777.35 secs, 1495910 evals, 1496059 steps, improv/step: 0.023 (last = 0.0230), fitness=-357069389.957472920
13807.69 secs, 1499033 evals, 1499182 steps, improv/step: 0.023 (last = 0.0295), fitness=-357069389.997030973
13837.69 secs, 1502154 evals, 1502303 steps, improv/step: 0.023 (last = 0.0244), fitness=-357069390.242469132
13867.69 secs, 1505346 evals, 1505495 steps, improv/step: 0.023 (last = 0.0238), fitness=-357069390.366149008
13897.70 secs, 1508505 evals, 1508656 steps, improv/step: 0.023 (last = 0.0193), fitness=-357069390.524471641
13927.70 secs, 1511720 evals, 1511872 steps, improv/step: 0.023 (last = 0.0199), fitness=-357069390.884604692
13957.70 secs, 1514889 evals, 1515043 steps, improv/step: 0.023 (last = 0.0151), fitness=-357069390.908902347
13987.70 secs, 1518033 evals, 1518187 steps, improv/step: 0.023 (last = 0.0169), fitness=-357069391.005350769
14017.71 secs, 1521130 evals, 1521284 steps, improv/step: 0.023 (last = 0.0220), fitness=-357069391.172644854
14047.71 secs, 1524321 evals, 1524475 steps, improv/step: 0.023 (last = 0.0191), fitness=-357069391.573078275
14077.71 secs, 1527395 evals, 1527549 steps, improv/step: 0.023 (last = 0.0179), fitness=-357069391.719447374
14107.72 secs, 1530545 evals, 1530699 steps, improv/step: 0.022 (last = 0.0146), fitness=-357069391.733980298
14137.73 secs, 1533790 evals, 1533944 steps, improv/step: 0.022 (last = 0.0139), fitness=-357069391.910554647
14167.73 secs, 1536895 evals, 1537049 steps, improv/step: 0.022 (last = 0.0151), fitness=-357069392.242415905
14197.73 secs, 1540072 evals, 1540226 steps, improv/step: 0.022 (last = 0.0214), fitness=-357069392.564227462
14227.74 secs, 1543210 evals, 1543366 steps, improv/step: 0.022 (last = 0.0191), fitness=-357069392.585637093
14257.74 secs, 1546360 evals, 1546517 steps, improv/step: 0.022 (last = 0.0171), fitness=-357069392.743076146
14287.75 secs, 1549625 evals, 1549782 steps, improv/step: 0.022 (last = 0.0199), fitness=-357069392.953263402
14317.75 secs, 1552762 evals, 1552920 steps, improv/step: 0.022 (last = 0.0188), fitness=-357069393.116302669
14347.76 secs, 1555886 evals, 1556044 steps, improv/step: 0.022 (last = 0.0160), fitness=-357069393.190916896
14378.05 secs, 1559086 evals, 1559245 steps, improv/step: 0.022 (last = 0.0156), fitness=-357069393.405124664
14408.06 secs, 1562397 evals, 1562556 steps, improv/step: 0.022 (last = 0.0205), fitness=-357069393.510624230
14438.06 secs, 1565573 evals, 1565732 steps, improv/step: 0.022 (last = 0.0189), fitness=-357069393.661531806
14468.07 secs, 1568656 evals, 1568815 steps, improv/step: 0.022 (last = 0.0250), fitness=-357069393.714706302
14498.07 secs, 1571774 evals, 1571934 steps, improv/step: 0.022 (last = 0.0202), fitness=-357069393.754785717
14528.08 secs, 1574945 evals, 1575106 steps, improv/step: 0.022 (last = 0.0205), fitness=-357069393.857191622
14558.08 secs, 1578098 evals, 1578260 steps, improv/step: 0.022 (last = 0.0219), fitness=-357069393.941113472
14588.09 secs, 1581165 evals, 1581327 steps, improv/step: 0.022 (last = 0.0245), fitness=-357069394.064070702
14618.32 secs, 1584409 evals, 1584572 steps, improv/step: 0.022 (last = 0.0203), fitness=-357069394.132471025
14648.33 secs, 1587682 evals, 1587847 steps, improv/step: 0.022 (last = 0.0220), fitness=-357069394.338349640
14678.33 secs, 1590852 evals, 1591017 steps, improv/step: 0.022 (last = 0.0227), fitness=-357069394.371378183
14708.35 secs, 1593909 evals, 1594074 steps, improv/step: 0.022 (last = 0.0249), fitness=-357069394.554297209
14738.36 secs, 1597093 evals, 1597258 steps, improv/step: 0.022 (last = 0.0254), fitness=-357069394.719667614
14768.36 secs, 1600200 evals, 1600367 steps, improv/step: 0.022 (last = 0.0241), fitness=-357069394.760222495
14798.36 secs, 1603417 evals, 1603584 steps, improv/step: 0.022 (last = 0.0239), fitness=-357069394.904656291
14828.37 secs, 1606576 evals, 1606743 steps, improv/step: 0.022 (last = 0.0203), fitness=-357069394.976189733
14858.59 secs, 1609630 evals, 1609798 steps, improv/step: 0.022 (last = 0.0187), fitness=-357069395.046472430
14888.59 secs, 1612766 evals, 1612934 steps, improv/step: 0.022 (last = 0.0163), fitness=-357069395.093230844
14918.64 secs, 1615813 evals, 1615982 steps, improv/step: 0.022 (last = 0.0210), fitness=-357069395.113281727
14948.65 secs, 1619021 evals, 1619190 steps, improv/step: 0.022 (last = 0.0178), fitness=-357069395.139874458
14979.06 secs, 1622257 evals, 1622426 steps, improv/step: 0.022 (last = 0.0151), fitness=-357069395.139874458
15009.06 secs, 1625521 evals, 1625690 steps, improv/step: 0.022 (last = 0.0187), fitness=-357069395.181641459
15039.07 secs, 1628557 evals, 1628726 steps, improv/step: 0.022 (last = 0.0310), fitness=-357069395.216379464
15069.07 secs, 1631689 evals, 1631858 steps, improv/step: 0.022 (last = 0.0294), fitness=-357069395.264569938
15099.07 secs, 1634908 evals, 1635077 steps, improv/step: 0.022 (last = 0.0513), fitness=-357069395.417391181
15129.08 secs, 1638078 evals, 1638247 steps, improv/step: 0.022 (last = 0.0457), fitness=-357069395.503197074
15159.08 secs, 1641265 evals, 1641434 steps, improv/step: 0.022 (last = 0.0301), fitness=-357069395.548638701
15189.08 secs, 1644414 evals, 1644583 steps, improv/step: 0.023 (last = 0.0305), fitness=-357069395.573591888
15219.08 secs, 1647475 evals, 1647644 steps, improv/step: 0.023 (last = 0.0238), fitness=-357069395.578411222
15249.09 secs, 1650620 evals, 1650789 steps, improv/step: 0.023 (last = 0.0318), fitness=-357069395.601451039
15279.09 secs, 1653821 evals, 1653990 steps, improv/step: 0.023 (last = 0.0366), fitness=-357069395.625141740
15309.09 secs, 1656954 evals, 1657124 steps, improv/step: 0.023 (last = 0.0290), fitness=-357069395.633506179
15339.09 secs, 1660171 evals, 1660341 steps, improv/step: 0.023 (last = 0.0413), fitness=-357069395.663496137
15369.10 secs, 1663180 evals, 1663350 steps, improv/step: 0.023 (last = 0.0326), fitness=-357069395.689102352
15399.27 secs, 1666301 evals, 1666472 steps, improv/step: 0.023 (last = 0.0445), fitness=-357069395.735889196
15429.27 secs, 1669533 evals, 1669705 steps, improv/step: 0.023 (last = 0.0510), fitness=-357069395.781279564
15459.28 secs, 1672668 evals, 1672840 steps, improv/step: 0.023 (last = 0.0494), fitness=-357069395.820391774
15489.29 secs, 1675549 evals, 1675721 steps, improv/step: 0.023 (last = 0.0489), fitness=-357069395.865065932
15519.29 secs, 1678290 evals, 1678462 steps, improv/step: 0.023 (last = 0.0379), fitness=-357069395.942656815
15549.29 secs, 1681143 evals, 1681315 steps, improv/step: 0.023 (last = 0.0372), fitness=-357069396.018097699
15579.30 secs, 1684202 evals, 1684374 steps, improv/step: 0.023 (last = 0.0271), fitness=-357069396.116079211
15609.30 secs, 1687320 evals, 1687492 steps, improv/step: 0.023 (last = 0.0334), fitness=-357069396.177946210
15639.31 secs, 1690508 evals, 1690682 steps, improv/step: 0.023 (last = 0.0213), fitness=-357069396.209429383
15669.31 secs, 1693746 evals, 1693921 steps, improv/step: 0.023 (last = 0.0219), fitness=-357069396.235530496
15699.31 secs, 1696665 evals, 1696840 steps, improv/step: 0.023 (last = 0.0212), fitness=-357069396.266422272
15729.32 secs, 1699615 evals, 1699791 steps, improv/step: 0.023 (last = 0.0203), fitness=-357069396.291407228
15759.33 secs, 1702713 evals, 1702889 steps, improv/step: 0.023 (last = 0.0184), fitness=-357069396.330653787
15789.33 secs, 1705991 evals, 1706168 steps, improv/step: 0.023 (last = 0.0189), fitness=-357069396.355988979
15819.33 secs, 1709296 evals, 1709473 steps, improv/step: 0.023 (last = 0.0194), fitness=-357069396.414574683
15849.34 secs, 1712622 evals, 1712799 steps, improv/step: 0.023 (last = 0.0216), fitness=-357069396.499046564
15879.35 secs, 1715916 evals, 1716093 steps, improv/step: 0.023 (last = 0.0228), fitness=-357069396.567245126
15909.35 secs, 1719210 evals, 1719389 steps, improv/step: 0.023 (last = 0.0185), fitness=-357069396.599454820
15939.35 secs, 1722428 evals, 1722607 steps, improv/step: 0.023 (last = 0.0193), fitness=-357069396.642022967
15969.35 secs, 1725753 evals, 1725932 steps, improv/step: 0.023 (last = 0.0189), fitness=-357069396.748693585
15999.36 secs, 1728871 evals, 1729050 steps, improv/step: 0.023 (last = 0.0269), fitness=-357069396.803705752
16029.36 secs, 1732139 evals, 1732320 steps, improv/step: 0.023 (last = 0.0272), fitness=-357069396.837488413
16059.36 secs, 1735358 evals, 1735539 steps, improv/step: 0.023 (last = 0.0224), fitness=-357069396.911380947
16089.38 secs, 1738481 evals, 1738663 steps, improv/step: 0.023 (last = 0.0278), fitness=-357069396.950251102
16119.38 secs, 1741757 evals, 1741940 steps, improv/step: 0.023 (last = 0.0238), fitness=-357069397.023490667
16149.39 secs, 1744842 evals, 1745025 steps, improv/step: 0.023 (last = 0.0240), fitness=-357069397.107976675
16179.39 secs, 1747996 evals, 1748179 steps, improv/step: 0.023 (last = 0.0212), fitness=-357069397.139148414
16209.39 secs, 1751024 evals, 1751207 steps, improv/step: 0.023 (last = 0.0248), fitness=-357069397.191402793
16239.40 secs, 1754151 evals, 1754334 steps, improv/step: 0.023 (last = 0.0217), fitness=-357069397.215564430
16269.40 secs, 1757324 evals, 1757507 steps, improv/step: 0.023 (last = 0.0221), fitness=-357069397.270495594
16299.70 secs, 1760502 evals, 1760686 steps, improv/step: 0.023 (last = 0.0201), fitness=-357069397.282582998
16329.70 secs, 1763692 evals, 1763876 steps, improv/step: 0.023 (last = 0.0251), fitness=-357069397.352455199
16359.71 secs, 1766913 evals, 1767097 steps, improv/step: 0.023 (last = 0.0251), fitness=-357069397.599057913
16389.71 secs, 1769970 evals, 1770154 steps, improv/step: 0.023 (last = 0.0239), fitness=-357069397.599057913
16419.71 secs, 1773095 evals, 1773280 steps, improv/step: 0.023 (last = 0.0246), fitness=-357069397.599367857
16449.71 secs, 1776170 evals, 1776356 steps, improv/step: 0.023 (last = 0.0153), fitness=-357069397.634121537
16479.72 secs, 1779207 evals, 1779394 steps, improv/step: 0.023 (last = 0.0135), fitness=-357069397.668498576
16509.72 secs, 1782189 evals, 1782376 steps, improv/step: 0.023 (last = 0.0161), fitness=-357069397.689587295
16539.74 secs, 1785124 evals, 1785311 steps, improv/step: 0.023 (last = 0.0225), fitness=-357069398.024310291
16569.74 secs, 1788247 evals, 1788436 steps, improv/step: 0.023 (last = 0.0221), fitness=-357069398.096345186
16599.74 secs, 1791387 evals, 1791576 steps, improv/step: 0.023 (last = 0.0252), fitness=-357069398.289736867
16629.89 secs, 1794536 evals, 1794725 steps, improv/step: 0.023 (last = 0.0184), fitness=-357069398.448060036
16659.90 secs, 1797690 evals, 1797879 steps, improv/step: 0.023 (last = 0.0219), fitness=-357069398.647795796
16689.90 secs, 1800741 evals, 1800930 steps, improv/step: 0.023 (last = 0.0275), fitness=-357069398.794202149
16719.91 secs, 1803791 evals, 1803981 steps, improv/step: 0.023 (last = 0.0197), fitness=-357069399.226414502
16749.91 secs, 1806929 evals, 1807120 steps, improv/step: 0.023 (last = 0.0258), fitness=-357069399.764493227
16779.92 secs, 1810026 evals, 1810217 steps, improv/step: 0.023 (last = 0.0184), fitness=-357069400.089203238
16809.92 secs, 1813082 evals, 1813274 steps, improv/step: 0.023 (last = 0.0193), fitness=-357069400.297541320
16839.92 secs, 1816236 evals, 1816428 steps, improv/step: 0.023 (last = 0.0168), fitness=-357069400.343801200
16870.01 secs, 1819326 evals, 1819518 steps, improv/step: 0.023 (last = 0.0194), fitness=-357069400.539373934
16900.01 secs, 1822498 evals, 1822690 steps, improv/step: 0.023 (last = 0.0192), fitness=-357069401.061257958
16930.02 secs, 1825627 evals, 1825819 steps, improv/step: 0.023 (last = 0.0137), fitness=-357069401.333659530
16960.02 secs, 1828699 evals, 1828891 steps, improv/step: 0.023 (last = 0.0150), fitness=-357069401.754747212
16990.02 secs, 1831813 evals, 1832005 steps, improv/step: 0.023 (last = 0.0164), fitness=-357069401.934047759
17020.03 secs, 1834796 evals, 1834988 steps, improv/step: 0.023 (last = 0.0218), fitness=-357069402.206621110
17050.03 secs, 1837850 evals, 1838043 steps, improv/step: 0.023 (last = 0.0124), fitness=-357069402.390922248
17080.04 secs, 1840907 evals, 1841100 steps, improv/step: 0.023 (last = 0.0111), fitness=-357069402.390922248
17110.04 secs, 1844015 evals, 1844209 steps, improv/step: 0.023 (last = 0.0170), fitness=-357069402.935484886
17140.05 secs, 1847155 evals, 1847350 steps, improv/step: 0.023 (last = 0.0159), fitness=-357069403.060567498
17170.30 secs, 1850350 evals, 1850545 steps, improv/step: 0.023 (last = 0.0141), fitness=-357069403.267252386
17200.30 secs, 1853553 evals, 1853749 steps, improv/step: 0.023 (last = 0.0134), fitness=-357069403.670235515
17230.30 secs, 1856766 evals, 1856962 steps, improv/step: 0.023 (last = 0.0153), fitness=-357069403.901883602
17260.30 secs, 1859817 evals, 1860014 steps, improv/step: 0.023 (last = 0.0177), fitness=-357069404.268489599
17290.31 secs, 1862851 evals, 1863048 steps, improv/step: 0.023 (last = 0.0155), fitness=-357069404.590611160
17320.31 secs, 1865943 evals, 1866140 steps, improv/step: 0.023 (last = 0.0165), fitness=-357069405.220314860
17350.32 secs, 1868998 evals, 1869195 steps, improv/step: 0.023 (last = 0.0118), fitness=-357069405.246201217
17380.45 secs, 1872029 evals, 1872227 steps, improv/step: 0.023 (last = 0.0158), fitness=-357069405.605890810
17410.45 secs, 1875201 evals, 1875399 steps, improv/step: 0.023 (last = 0.0148), fitness=-357069405.605890810
17440.77 secs, 1878305 evals, 1878503 steps, improv/step: 0.023 (last = 0.0158), fitness=-357069406.111912608
17470.78 secs, 1881407 evals, 1881605 steps, improv/step: 0.023 (last = 0.0158), fitness=-357069406.386547446
17500.78 secs, 1884433 evals, 1884632 steps, improv/step: 0.023 (last = 0.0159), fitness=-357069406.417796910
17530.78 secs, 1887471 evals, 1887670 steps, improv/step: 0.023 (last = 0.0151), fitness=-357069406.766838551
17560.79 secs, 1890659 evals, 1890858 steps, improv/step: 0.023 (last = 0.0185), fitness=-357069406.974107385
17590.79 secs, 1893781 evals, 1893981 steps, improv/step: 0.023 (last = 0.0163), fitness=-357069407.381703436
17620.80 secs, 1896872 evals, 1897073 steps, improv/step: 0.023 (last = 0.0184), fitness=-357069407.482450008
17651.13 secs, 1900009 evals, 1900210 steps, improv/step: 0.022 (last = 0.0194), fitness=-357069408.015551627
17681.13 secs, 1903126 evals, 1903327 steps, improv/step: 0.022 (last = 0.0205), fitness=-357069408.015551627
17711.13 secs, 1906112 evals, 1906313 steps, improv/step: 0.022 (last = 0.0134), fitness=-357069408.232860804
17741.14 secs, 1909162 evals, 1909363 steps, improv/step: 0.022 (last = 0.0230), fitness=-357069408.504991591
17771.14 secs, 1912328 evals, 1912529 steps, improv/step: 0.022 (last = 0.0174), fitness=-357069408.771186471
17801.60 secs, 1915253 evals, 1915454 steps, improv/step: 0.022 (last = 0.0232), fitness=-357069408.836286426
17831.60 secs, 1918381 evals, 1918582 steps, improv/step: 0.022 (last = 0.0208), fitness=-357069409.095081687
17861.61 secs, 1921578 evals, 1921779 steps, improv/step: 0.022 (last = 0.0200), fitness=-357069409.132974982
17891.61 secs, 1924564 evals, 1924765 steps, improv/step: 0.022 (last = 0.0171), fitness=-357069409.512525320
17921.61 secs, 1927653 evals, 1927855 steps, improv/step: 0.022 (last = 0.0133), fitness=-357069409.512525320
17951.65 secs, 1930611 evals, 1930814 steps, improv/step: 0.022 (last = 0.0108), fitness=-357069409.875458062
17982.13 secs, 1933696 evals, 1933900 steps, improv/step: 0.022 (last = 0.0113), fitness=-357069410.062862694
18012.13 secs, 1936797 evals, 1937003 steps, improv/step: 0.022 (last = 0.0177), fitness=-357069410.401953101
18042.14 secs, 1939881 evals, 1940087 steps, improv/step: 0.022 (last = 0.0165), fitness=-357069410.997636259
18072.14 secs, 1942864 evals, 1943070 steps, improv/step: 0.022 (last = 0.0131), fitness=-357069411.206246257
18102.15 secs, 1945978 evals, 1946185 steps, improv/step: 0.022 (last = 0.0164), fitness=-357069411.206246257
18132.15 secs, 1948952 evals, 1949160 steps, improv/step: 0.022 (last = 0.0145), fitness=-357069411.414304614
18162.40 secs, 1952019 evals, 1952227 steps, improv/step: 0.022 (last = 0.0160), fitness=-357069411.995498717
18192.74 secs, 1955135 evals, 1955343 steps, improv/step: 0.022 (last = 0.0112), fitness=-357069412.255962610
18222.74 secs, 1958201 evals, 1958409 steps, improv/step: 0.022 (last = 0.0144), fitness=-357069412.501750112
18252.75 secs, 1961191 evals, 1961401 steps, improv/step: 0.022 (last = 0.0174), fitness=-357069413.008653522
18282.75 secs, 1964126 evals, 1964337 steps, improv/step: 0.022 (last = 0.0191), fitness=-357069413.053062856
18312.76 secs, 1967266 evals, 1967477 steps, improv/step: 0.022 (last = 0.0143), fitness=-357069413.331992745
18342.76 secs, 1970349 evals, 1970560 steps, improv/step: 0.022 (last = 0.0191), fitness=-357069413.474870682
18372.76 secs, 1973351 evals, 1973562 steps, improv/step: 0.022 (last = 0.0133), fitness=-357069413.609876573
18402.77 secs, 1976345 evals, 1976557 steps, improv/step: 0.022 (last = 0.0147), fitness=-357069414.346411943
18432.77 secs, 1979359 evals, 1979572 steps, improv/step: 0.022 (last = 0.0129), fitness=-357069414.346411943
18462.77 secs, 1982288 evals, 1982501 steps, improv/step: 0.022 (last = 0.0229), fitness=-357069414.658903241
18492.78 secs, 1985267 evals, 1985480 steps, improv/step: 0.022 (last = 0.0168), fitness=-357069414.916657984
18522.78 secs, 1988339 evals, 1988553 steps, improv/step: 0.022 (last = 0.0159), fitness=-357069415.260866284
18552.79 secs, 1991325 evals, 1991539 steps, improv/step: 0.022 (last = 0.0157), fitness=-357069415.596189976
18582.79 secs, 1994264 evals, 1994479 steps, improv/step: 0.022 (last = 0.0133), fitness=-357069415.596189976
18612.79 secs, 1997358 evals, 1997574 steps, improv/step: 0.022 (last = 0.0204), fitness=-357069415.879317880
18642.81 secs, 2000408 evals, 2000625 steps, improv/step: 0.022 (last = 0.0164), fitness=-357069416.141827822
18672.81 secs, 2003271 evals, 2003488 steps, improv/step: 0.022 (last = 0.0161), fitness=-357069416.316578388
18703.42 secs, 2006208 evals, 2006425 steps, improv/step: 0.022 (last = 0.0163), fitness=-357069416.479079247
18733.42 secs, 2009139 evals, 2009356 steps, improv/step: 0.022 (last = 0.0177), fitness=-357069417.313466311
18763.42 secs, 2012211 evals, 2012428 steps, improv/step: 0.022 (last = 0.0251), fitness=-357069417.386221886
18793.42 secs, 2015347 evals, 2015566 steps, improv/step: 0.022 (last = 0.0175), fitness=-357069417.684264719
18823.43 secs, 2018429 evals, 2018651 steps, improv/step: 0.022 (last = 0.0162), fitness=-357069417.980197489
18853.43 secs, 2021548 evals, 2021770 steps, improv/step: 0.022 (last = 0.0186), fitness=-357069418.194015324
18883.91 secs, 2024577 evals, 2024799 steps, improv/step: 0.022 (last = 0.0162), fitness=-357069418.373931408
18913.91 secs, 2027750 evals, 2027972 steps, improv/step: 0.022 (last = 0.0173), fitness=-357069418.436027646
18943.91 secs, 2030840 evals, 2031063 steps, improv/step: 0.022 (last = 0.0181), fitness=-357069418.754402101
18973.92 secs, 2033807 evals, 2034032 steps, improv/step: 0.022 (last = 0.0165), fitness=-357069418.979816794
19003.93 secs, 2036770 evals, 2036997 steps, improv/step: 0.022 (last = 0.0162), fitness=-357069419.129538953
19033.93 secs, 2039805 evals, 2040032 steps, improv/step: 0.022 (last = 0.0148), fitness=-357069419.144927680
19063.94 secs, 2042683 evals, 2042910 steps, improv/step: 0.022 (last = 0.0153), fitness=-357069419.428453565
19093.94 secs, 2045685 evals, 2045913 steps, improv/step: 0.022 (last = 0.0200), fitness=-357069419.428453565
19124.19 secs, 2048718 evals, 2048946 steps, improv/step: 0.022 (last = 0.0198), fitness=-357069419.661927462
19154.19 secs, 2051929 evals, 2052158 steps, improv/step: 0.022 (last = 0.0181), fitness=-357069419.932406604
19184.20 secs, 2055192 evals, 2055421 steps, improv/step: 0.022 (last = 0.0159), fitness=-357069420.295972943
19214.20 secs, 2058474 evals, 2058706 steps, improv/step: 0.022 (last = 0.0195), fitness=-357069420.400313616
19244.20 secs, 2061590 evals, 2061822 steps, improv/step: 0.022 (last = 0.0183), fitness=-357069420.529998481
19274.32 secs, 2064762 evals, 2064994 steps, improv/step: 0.022 (last = 0.0186), fitness=-357069421.009503782
19304.32 secs, 2067917 evals, 2068149 steps, improv/step: 0.022 (last = 0.0200), fitness=-357069421.072763205
19334.33 secs, 2071049 evals, 2071282 steps, improv/step: 0.022 (last = 0.0239), fitness=-357069421.604454815
19364.33 secs, 2074299 evals, 2074533 steps, improv/step: 0.022 (last = 0.0148), fitness=-357069421.712891579
19394.34 secs, 2077453 evals, 2077687 steps, improv/step: 0.022 (last = 0.0171), fitness=-357069421.735765278
19424.34 secs, 2080461 evals, 2080695 steps, improv/step: 0.022 (last = 0.0173), fitness=-357069422.205318272
19454.35 secs, 2083618 evals, 2083854 steps, improv/step: 0.022 (last = 0.0203), fitness=-357069422.455496967
19484.35 secs, 2086739 evals, 2086975 steps, improv/step: 0.022 (last = 0.0189), fitness=-357069422.579428136
19514.35 secs, 2089857 evals, 2090093 steps, improv/step: 0.022 (last = 0.0183), fitness=-357069423.117587388
19544.36 secs, 2093026 evals, 2093262 steps, improv/step: 0.022 (last = 0.0129), fitness=-357069423.117587388
19574.37 secs, 2096201 evals, 2096439 steps, improv/step: 0.022 (last = 0.0120), fitness=-357069423.117587388
19604.79 secs, 2099318 evals, 2099557 steps, improv/step: 0.022 (last = 0.0160), fitness=-357069423.327940166
19634.79 secs, 2102357 evals, 2102597 steps, improv/step: 0.022 (last = 0.0187), fitness=-357069423.469291806
19664.79 secs, 2105406 evals, 2105648 steps, improv/step: 0.022 (last = 0.0177), fitness=-357069424.427487135
19694.80 secs, 2108569 evals, 2108812 steps, improv/step: 0.022 (last = 0.0117), fitness=-357069424.427487135
19724.80 secs, 2111710 evals, 2111953 steps, improv/step: 0.022 (last = 0.0140), fitness=-357069424.556022465
19754.81 secs, 2114783 evals, 2115026 steps, improv/step: 0.022 (last = 0.0179), fitness=-357069425.265940726
19784.81 secs, 2117900 evals, 2118143 steps, improv/step: 0.022 (last = 0.0144), fitness=-357069425.505229414
19814.81 secs, 2120909 evals, 2121152 steps, improv/step: 0.022 (last = 0.0169), fitness=-357069425.976482451
19844.81 secs, 2123987 evals, 2124231 steps, improv/step: 0.022 (last = 0.0179), fitness=-357069426.215781152
19874.99 secs, 2127040 evals, 2127284 steps, improv/step: 0.022 (last = 0.0167), fitness=-357069426.449355662
19904.99 secs, 2129985 evals, 2130230 steps, improv/step: 0.022 (last = 0.0156), fitness=-357069426.602851510
19934.99 secs, 2132863 evals, 2133109 steps, improv/step: 0.022 (last = 0.0184), fitness=-357069426.921756923
19964.99 secs, 2135869 evals, 2136115 steps, improv/step: 0.022 (last = 0.0156), fitness=-357069427.134783626
19995.00 secs, 2139000 evals, 2139246 steps, improv/step: 0.022 (last = 0.0176), fitness=-357069427.227112055
20025.01 secs, 2142051 evals, 2142297 steps, improv/step: 0.022 (last = 0.0200), fitness=-357069427.468267143
20055.01 secs, 2145038 evals, 2145285 steps, improv/step: 0.022 (last = 0.0234), fitness=-357069427.768768072
20085.01 secs, 2148206 evals, 2148454 steps, improv/step: 0.022 (last = 0.0234), fitness=-357069428.172312796
20115.02 secs, 2151326 evals, 2151574 steps, improv/step: 0.022 (last = 0.0196), fitness=-357069428.261054695
20145.02 secs, 2154442 evals, 2154690 steps, improv/step: 0.022 (last = 0.0273), fitness=-357069428.352676272
20175.02 secs, 2157574 evals, 2157822 steps, improv/step: 0.022 (last = 0.0233), fitness=-357069428.467724085
20205.63 secs, 2160692 evals, 2160941 steps, improv/step: 0.022 (last = 0.0202), fitness=-357069428.528380096
20235.64 secs, 2163912 evals, 2164162 steps, improv/step: 0.022 (last = 0.0258), fitness=-357069428.864471972
20265.69 secs, 2166920 evals, 2167170 steps, improv/step: 0.022 (last = 0.0216), fitness=-357069428.921285331
20295.70 secs, 2170000 evals, 2170250 steps, improv/step: 0.022 (last = 0.0282), fitness=-357069429.100517154
20326.32 secs, 2173165 evals, 2173416 steps, improv/step: 0.022 (last = 0.0294), fitness=-357069429.214254081
20356.93 secs, 2176294 evals, 2176545 steps, improv/step: 0.022 (last = 0.0284), fitness=-357069429.450920105
20387.27 secs, 2179426 evals, 2179677 steps, improv/step: 0.022 (last = 0.0291), fitness=-357069429.456767857
20417.27 secs, 2182569 evals, 2182821 steps, improv/step: 0.022 (last = 0.0356), fitness=-357069429.581544816
20447.58 secs, 2185705 evals, 2185958 steps, improv/step: 0.022 (last = 0.0252), fitness=-357069429.598469317
20477.66 secs, 2188851 evals, 2189104 steps, improv/step: 0.022 (last = 0.0219), fitness=-357069429.640180945
20507.66 secs, 2191753 evals, 2192007 steps, improv/step: 0.022 (last = 0.0320), fitness=-357069429.689482272
20537.67 secs, 2194946 evals, 2195200 steps, improv/step: 0.022 (last = 0.0241), fitness=-357069429.763030708
20567.68 secs, 2198035 evals, 2198290 steps, improv/step: 0.022 (last = 0.0217), fitness=-357069429.773314595
20597.68 secs, 2201083 evals, 2201338 steps, improv/step: 0.022 (last = 0.0174), fitness=-357069429.796412766
20627.68 secs, 2204147 evals, 2204402 steps, improv/step: 0.022 (last = 0.0284), fitness=-357069429.824261725
20657.68 secs, 2206980 evals, 2207235 steps, improv/step: 0.022 (last = 0.0286), fitness=-357069429.887787938
20687.69 secs, 2209864 evals, 2210119 steps, improv/step: 0.022 (last = 0.0267), fitness=-357069429.888400614
20717.69 secs, 2212756 evals, 2213011 steps, improv/step: 0.022 (last = 0.0273), fitness=-357069429.960087597
20747.70 secs, 2215808 evals, 2216065 steps, improv/step: 0.022 (last = 0.0232), fitness=-357069429.995983243
20778.25 secs, 2218942 evals, 2219199 steps, improv/step: 0.022 (last = 0.0217), fitness=-357069430.040669501
20808.73 secs, 2222132 evals, 2222389 steps, improv/step: 0.022 (last = 0.0251), fitness=-357069430.040669501
20838.73 secs, 2225281 evals, 2225539 steps, improv/step: 0.022 (last = 0.0260), fitness=-357069430.123753548
20868.74 secs, 2228314 evals, 2228573 steps, improv/step: 0.022 (last = 0.0198), fitness=-357069430.152628541
20899.04 secs, 2231405 evals, 2231664 steps, improv/step: 0.022 (last = 0.0207), fitness=-357069430.173365295
20929.04 secs, 2234606 evals, 2234866 steps, improv/step: 0.022 (last = 0.0347), fitness=-357069430.240385056
20959.05 secs, 2237744 evals, 2238004 steps, improv/step: 0.022 (last = 0.0255), fitness=-357069430.309543967
20989.05 secs, 2240934 evals, 2241194 steps, improv/step: 0.022 (last = 0.0179), fitness=-357069430.428339183
21019.05 secs, 2244103 evals, 2244363 steps, improv/step: 0.022 (last = 0.0199), fitness=-357069430.488631248
21049.06 secs, 2247237 evals, 2247498 steps, improv/step: 0.022 (last = 0.0226), fitness=-357069430.495970845
21079.06 secs, 2250398 evals, 2250659 steps, improv/step: 0.022 (last = 0.0193), fitness=-357069430.561943054
21109.43 secs, 2253617 evals, 2253878 steps, improv/step: 0.022 (last = 0.0211), fitness=-357069430.654153109
21139.44 secs, 2256792 evals, 2257053 steps, improv/step: 0.022 (last = 0.0202), fitness=-357069430.691776752
21169.44 secs, 2259789 evals, 2260050 steps, improv/step: 0.022 (last = 0.0190), fitness=-357069430.736335397
21199.44 secs, 2262749 evals, 2263010 steps, improv/step: 0.022 (last = 0.0206), fitness=-357069430.774763942
21229.44 secs, 2265833 evals, 2266095 steps, improv/step: 0.022 (last = 0.0224), fitness=-357069430.861118913
21259.45 secs, 2268909 evals, 2269172 steps, improv/step: 0.022 (last = 0.0211), fitness=-357069430.892505407
21289.45 secs, 2272069 evals, 2272332 steps, improv/step: 0.022 (last = 0.0234), fitness=-357069430.988550425
21319.46 secs, 2275190 evals, 2275454 steps, improv/step: 0.022 (last = 0.0227), fitness=-357069431.029719651
21349.58 secs, 2278321 evals, 2278585 steps, improv/step: 0.022 (last = 0.0303), fitness=-357069431.237907827
21379.58 secs, 2281572 evals, 2281837 steps, improv/step: 0.022 (last = 0.0249), fitness=-357069431.513297439
21409.59 secs, 2284761 evals, 2285026 steps, improv/step: 0.022 (last = 0.0251), fitness=-357069431.513297439
21439.64 secs, 2287813 evals, 2288078 steps, improv/step: 0.022 (last = 0.0216), fitness=-357069431.598685563
21469.64 secs, 2290901 evals, 2291168 steps, improv/step: 0.022 (last = 0.0201), fitness=-357069431.686299801
21499.65 secs, 2293921 evals, 2294188 steps, improv/step: 0.022 (last = 0.0222), fitness=-357069431.727375627
21529.65 secs, 2296913 evals, 2297182 steps, improv/step: 0.022 (last = 0.0224), fitness=-357069431.834769547
21559.65 secs, 2299979 evals, 2300248 steps, improv/step: 0.022 (last = 0.0209), fitness=-357069431.841357172
21589.65 secs, 2303115 evals, 2303384 steps, improv/step: 0.022 (last = 0.0207), fitness=-357069431.979333043
21619.66 secs, 2306137 evals, 2306406 steps, improv/step: 0.022 (last = 0.0205), fitness=-357069432.121193707
21649.66 secs, 2309233 evals, 2309503 steps, improv/step: 0.022 (last = 0.0213), fitness=-357069432.158979118
21679.66 secs, 2312280 evals, 2312550 steps, improv/step: 0.022 (last = 0.0207), fitness=-357069432.158979118
21709.67 secs, 2315427 evals, 2315697 steps, improv/step: 0.022 (last = 0.0194), fitness=-357069432.225356698
21739.67 secs, 2318566 evals, 2318836 steps, improv/step: 0.022 (last = 0.0162), fitness=-357069432.361696839
21769.68 secs, 2321708 evals, 2321979 steps, improv/step: 0.022 (last = 0.0159), fitness=-357069432.361696839
21800.24 secs, 2324822 evals, 2325093 steps, improv/step: 0.022 (last = 0.0148), fitness=-357069432.429660141
21830.25 secs, 2327915 evals, 2328188 steps, improv/step: 0.022 (last = 0.0187), fitness=-357069432.570697844
21860.25 secs, 2331005 evals, 2331278 steps, improv/step: 0.022 (last = 0.0178), fitness=-357069432.577069581
21890.26 secs, 2334093 evals, 2334366 steps, improv/step: 0.022 (last = 0.0207), fitness=-357069432.644878328
21920.26 secs, 2337218 evals, 2337492 steps, improv/step: 0.022 (last = 0.0144), fitness=-357069432.678338528
21950.26 secs, 2340421 evals, 2340695 steps, improv/step: 0.022 (last = 0.0256), fitness=-357069432.803011656
21980.26 secs, 2343511 evals, 2343786 steps, improv/step: 0.022 (last = 0.0210), fitness=-357069432.959796190
22010.45 secs, 2346555 evals, 2346830 steps, improv/step: 0.022 (last = 0.0141), fitness=-357069433.029238343
22040.45 secs, 2349585 evals, 2349861 steps, improv/step: 0.022 (last = 0.0181), fitness=-357069433.066312432
22070.46 secs, 2352700 evals, 2352977 steps, improv/step: 0.022 (last = 0.0193), fitness=-357069433.185117960
22100.47 secs, 2355954 evals, 2356231 steps, improv/step: 0.022 (last = 0.0178), fitness=-357069433.264974833
22130.47 secs, 2359046 evals, 2359324 steps, improv/step: 0.022 (last = 0.0210), fitness=-357069433.329863250
22160.47 secs, 2362233 evals, 2362511 steps, improv/step: 0.022 (last = 0.0173), fitness=-357069433.673880875
22190.48 secs, 2365313 evals, 2365592 steps, improv/step: 0.022 (last = 0.0143), fitness=-357069433.673880875
22220.48 secs, 2368332 evals, 2368611 steps, improv/step: 0.022 (last = 0.0152), fitness=-357069433.885305703
22250.48 secs, 2371402 evals, 2371681 steps, improv/step: 0.022 (last = 0.0176), fitness=-357069433.885305703
22280.49 secs, 2374522 evals, 2374802 steps, improv/step: 0.022 (last = 0.0173), fitness=-357069433.989392936
22310.65 secs, 2377641 evals, 2377921 steps, improv/step: 0.022 (last = 0.0106), fitness=-357069434.025195360
22340.65 secs, 2380876 evals, 2381156 steps, improv/step: 0.022 (last = 0.0155), fitness=-357069434.076229155
22370.65 secs, 2384120 evals, 2384400 steps, improv/step: 0.022 (last = 0.0117), fitness=-357069434.100731373
22400.65 secs, 2387469 evals, 2387749 steps, improv/step: 0.022 (last = 0.0149), fitness=-357069434.180152595
22430.66 secs, 2390890 evals, 2391170 steps, improv/step: 0.022 (last = 0.0196), fitness=-357069434.318601966
22460.66 secs, 2394293 evals, 2394574 steps, improv/step: 0.022 (last = 0.0170), fitness=-357069434.362439275
22490.66 secs, 2397734 evals, 2398015 steps, improv/step: 0.022 (last = 0.0177), fitness=-357069434.804500401
22520.67 secs, 2401066 evals, 2401348 steps, improv/step: 0.022 (last = 0.0210), fitness=-357069434.804500401
22550.67 secs, 2404413 evals, 2404696 steps, improv/step: 0.022 (last = 0.0176), fitness=-357069435.225388706
22581.22 secs, 2407735 evals, 2408018 steps, improv/step: 0.022 (last = 0.0132), fitness=-357069435.553418815
22611.23 secs, 2411121 evals, 2411404 steps, improv/step: 0.022 (last = 0.0148), fitness=-357069435.683139324
22641.23 secs, 2414512 evals, 2414795 steps, improv/step: 0.022 (last = 0.0118), fitness=-357069435.776725590
22671.24 secs, 2417973 evals, 2418257 steps, improv/step: 0.022 (last = 0.0142), fitness=-357069436.192583680
22701.24 secs, 2421375 evals, 2421661 steps, improv/step: 0.022 (last = 0.0132), fitness=-357069436.192583680
22731.24 secs, 2424858 evals, 2425145 steps, improv/step: 0.022 (last = 0.0123), fitness=-357069436.261315107
22761.24 secs, 2428278 evals, 2428565 steps, improv/step: 0.022 (last = 0.0143), fitness=-357069436.891754627
22791.78 secs, 2431580 evals, 2431867 steps, improv/step: 0.022 (last = 0.0197), fitness=-357069437.094943047
22821.79 secs, 2434809 evals, 2435097 steps, improv/step: 0.022 (last = 0.0152), fitness=-357069437.430452704
22851.79 secs, 2438108 evals, 2438397 steps, improv/step: 0.022 (last = 0.0100), fitness=-357069437.583547711
22881.95 secs, 2441318 evals, 2441607 steps, improv/step: 0.022 (last = 0.0181), fitness=-357069437.820724010
22911.96 secs, 2444642 evals, 2444931 steps, improv/step: 0.022 (last = 0.0150), fitness=-357069437.820724010
22941.96 secs, 2447982 evals, 2448272 steps, improv/step: 0.022 (last = 0.0174), fitness=-357069437.989203990
22971.96 secs, 2451394 evals, 2451684 steps, improv/step: 0.022 (last = 0.0170), fitness=-357069437.993939221
23001.97 secs, 2454719 evals, 2455010 steps, improv/step: 0.022 (last = 0.0159), fitness=-357069438.244949579
23032.38 secs, 2458098 evals, 2458390 steps, improv/step: 0.022 (last = 0.0112), fitness=-357069438.475158751
23062.39 secs, 2461342 evals, 2461635 steps, improv/step: 0.022 (last = 0.0120), fitness=-357069438.543179512
23092.77 secs, 2464770 evals, 2465064 steps, improv/step: 0.022 (last = 0.0128), fitness=-357069438.894399226
23122.77 secs, 2468181 evals, 2468475 steps, improv/step: 0.022 (last = 0.0179), fitness=-357069438.894399226
23152.78 secs, 2471529 evals, 2471824 steps, improv/step: 0.022 (last = 0.0155), fitness=-357069439.172328234
23182.81 secs, 2474986 evals, 2475281 steps, improv/step: 0.022 (last = 0.0150), fitness=-357069439.172328234
23212.82 secs, 2478387 evals, 2478682 steps, improv/step: 0.022 (last = 0.0185), fitness=-357069439.444040358
23242.82 secs, 2481715 evals, 2482012 steps, improv/step: 0.022 (last = 0.0216), fitness=-357069439.444040358
23272.83 secs, 2485061 evals, 2485359 steps, improv/step: 0.022 (last = 0.0185), fitness=-357069439.625271857
23303.02 secs, 2488433 evals, 2488732 steps, improv/step: 0.022 (last = 0.0252), fitness=-357069439.906141579
23333.02 secs, 2491870 evals, 2492169 steps, improv/step: 0.022 (last = 0.0175), fitness=-357069440.043375313
23363.02 secs, 2495252 evals, 2495551 steps, improv/step: 0.022 (last = 0.0198), fitness=-357069440.121084750
23393.03 secs, 2498642 evals, 2498941 steps, improv/step: 0.022 (last = 0.0236), fitness=-357069440.395704985

Optimization stopped after 2500300 steps and 23405.20 seconds
Termination reason: Max number of function evaluations (2500000) reached
Steps per second = 106.83
Function evals per second = 106.81
Improvements/step = Inf
Total function evaluations = 2500001


Best candidate found: [224.962, 1195.04, 6.62487, 33.9418, 8.33465e8, 314.015, 369.453, 1130.88, 3.40034, 21081.6, 5.958e-5, 0.000531422, 0.00578008, 0.0459473, 0.446267]

Fitness: -357069440.410835147

-3.5706944041083515e8
15-element Vector{Float64}:
   224.9616218718092
  1195.0399491212406
     6.624871743333493
    33.941769071084074
     8.334652547418865e8
   314.0148223868586
   369.45345912222257
  1130.8765158765539
     3.4003414989238676
 21081.607884857996
     5.958004307698204e-5
     0.0005314219348599058
     0.005780077797427878
     0.045947320251943535
     0.44626690337859676
Script has finished
Sat Dec 18 22:32:31 CET 2021

------------------------------------------------------------
Sender: LSF System <schwan@makalu192>
Subject: Job 575458: <Julia_Job_parallel> in cluster <wuerfel> Done

Job <Julia_Job_parallel> was submitted from host <makalu56> by user <magr4985> in cluster <wuerfel> at Sat Dec 18 15:58:32 2021
Job was executed on host(s) <makalu192>, in queue <BatchXL>, as user <magr4985> in cluster <wuerfel> at Sat Dec 18 15:58:42 2021
</usr/scratch4/magr4985> was used as the home directory.
</usr/scratch4/magr4985/TRPL/BatchJobs/C2704_hzb/Run20> was used as the working directory.
Started at Sat Dec 18 15:58:42 2021
Terminated at Sat Dec 18 22:32:31 2021
Results reported at Sat Dec 18 22:32:31 2021

Your job looked like:

------------------------------------------------------------
# LSBATCH: User input
#!/bin/csh 
#BSUB -q BatchXL 
#BSUB -R "mem > 8000 span[hosts=1] && intel_avx2" 
#BSUB -oo lsf_julia_%J.log 
#BSUB -eo lsf_julia_%J.err 
#BSUB -J Julia_Job_parallel 
#BSUB -L /bin/csh 
#BSUB -n 1 
date 
pwd 
module purge 
/usr/scratch4/magr4985/julia-1.6.2/bin/julia -t 4 /usr/scratch4/magr4985/TRPL/Programs/trpl_analysis_real.jl C2704_hzb 5.0e16 2500000 1 /usr/scratch4/magr4985/TRPL/BatchJobs/C2704_hzb/Run20 1.0e-14 3600 "[1.0, 1.0, 1.0, 1.0, 1.0, 1.0, 1.0, 1.0, 1.0, 1.0, 1.0e-6, 1.0e-6, 1.0e-6, 1.0e-6, 1.0e-6, 1.0e-6, 1.0e-6, 1.0e-6, 1.0e-6, 1.0e-6]" "[5000.0, 5000.0, 1000.0, 1000.0, 1.0e9, 1000.0, 10000.0, 10000.0, 1000.0, 1.0e6, 1.0, 1.0, 1.0, 1.0, 1.0, 1.0, 1.0, 1.0, 1.0, 1.0]" 
date
------------------------------------------------------------

Successfully completed.

Resource usage summary:

    CPU time :                                   62779.73 sec.
    Max Memory :                                 4097.77 MB
    Average Memory :                             2063.03 MB
    Total Requested Memory :                     -
    Delta Memory :                               -
    Max Swap :                                   256 KB
    Max Processes :                              4
    Max Threads :                                12
    Run time :                                   23629 sec.
    Turnaround time :                            23639 sec.

The output (if any) is above this job summary.



PS:

Read file <lsf_julia_575458.err> for stderr output of this job.

