Warning: no access to tty (Bad file descriptor).
Thus no job control in this shell.
Warning: no access to tty (Bad file descriptor).
Thus no job control in this shell.
Sat Dec 18 15:58:30 CET 2021
/usr/scratch4/magr4985/TRPL/BatchJobs/C2704_hzb/Run5
# Thread: 4
8761052112256539033 RNG Seed
Run 1
Starting optimization with optimizer DiffEvoOpt{FitPopulation{Float64}, RadiusLimitedSelector, BlackBoxOptim.DiffEvoRandBin{3}, RandomBound{ContinuousRectSearchSpace}}
0.00 secs, 0 evals, 0 steps
30.00 secs, 3037 evals, 2935 steps, improv/step: 0.327 (last = 0.3274), fitness=-338345031.480109870
60.00 secs, 6222 evals, 6120 steps, improv/step: 0.264 (last = 0.2060), fitness=-353149755.595879197
90.00 secs, 9573 evals, 9471 steps, improv/step: 0.226 (last = 0.1561), fitness=-355984952.548655987
120.01 secs, 12896 evals, 12795 steps, improv/step: 0.197 (last = 0.1164), fitness=-356652538.716515064
150.04 secs, 16215 evals, 16114 steps, improv/step: 0.179 (last = 0.1073), fitness=-356907641.260483682
180.04 secs, 19568 evals, 19467 steps, improv/step: 0.163 (last = 0.0838), fitness=-356940230.419200301
210.04 secs, 22890 evals, 22789 steps, improv/step: 0.149 (last = 0.0680), fitness=-357000155.021162033
240.04 secs, 26272 evals, 26171 steps, improv/step: 0.140 (last = 0.0810), fitness=-357062043.277019441
270.05 secs, 29708 evals, 29607 steps, improv/step: 0.132 (last = 0.0704), fitness=-357092847.312890589
300.05 secs, 33056 evals, 32955 steps, improv/step: 0.129 (last = 0.1013), fitness=-357109797.963724434
330.05 secs, 36395 evals, 36294 steps, improv/step: 0.123 (last = 0.0674), fitness=-357125224.722235084
360.07 secs, 39803 evals, 39702 steps, improv/step: 0.120 (last = 0.0848), fitness=-357138238.166342735
390.07 secs, 43160 evals, 43059 steps, improv/step: 0.116 (last = 0.0730), fitness=-357142210.497832775
420.08 secs, 46524 evals, 46423 steps, improv/step: 0.113 (last = 0.0702), fitness=-357144522.228510559
450.08 secs, 49932 evals, 49832 steps, improv/step: 0.112 (last = 0.1009), fitness=-357145990.247318268
480.08 secs, 53242 evals, 53142 steps, improv/step: 0.109 (last = 0.0647), fitness=-357146171.878795207
510.09 secs, 56593 evals, 56493 steps, improv/step: 0.106 (last = 0.0534), fitness=-357146251.629615128
540.09 secs, 59958 evals, 59858 steps, improv/step: 0.103 (last = 0.0618), fitness=-357146346.804954886
570.09 secs, 63411 evals, 63311 steps, improv/step: 0.101 (last = 0.0626), fitness=-357146360.778610826
600.09 secs, 66862 evals, 66762 steps, improv/step: 0.099 (last = 0.0551), fitness=-357146522.046605527
630.10 secs, 70327 evals, 70227 steps, improv/step: 0.096 (last = 0.0444), fitness=-357146680.310218096
660.14 secs, 73814 evals, 73714 steps, improv/step: 0.095 (last = 0.0657), fitness=-357146694.557734907
690.19 secs, 77285 evals, 77185 steps, improv/step: 0.093 (last = 0.0697), fitness=-357146703.644950032
720.23 secs, 80547 evals, 80447 steps, improv/step: 0.092 (last = 0.0540), fitness=-357146710.289631426
750.24 secs, 83835 evals, 83735 steps, improv/step: 0.090 (last = 0.0468), fitness=-357146712.869037032
780.24 secs, 87089 evals, 86990 steps, improv/step: 0.089 (last = 0.0510), fitness=-357146713.501179576
810.25 secs, 90457 evals, 90358 steps, improv/step: 0.088 (last = 0.0701), fitness=-357146713.934312284
840.25 secs, 93588 evals, 93490 steps, improv/step: 0.087 (last = 0.0517), fitness=-357146714.354115069
870.26 secs, 96935 evals, 96837 steps, improv/step: 0.085 (last = 0.0350), fitness=-357146714.593231738
900.26 secs, 100192 evals, 100094 steps, improv/step: 0.083 (last = 0.0261), fitness=-357146715.011120677
930.26 secs, 103358 evals, 103260 steps, improv/step: 0.081 (last = 0.0265), fitness=-357146715.170118332
960.26 secs, 106355 evals, 106258 steps, improv/step: 0.080 (last = 0.0230), fitness=-357146715.500599504
990.27 secs, 109618 evals, 109522 steps, improv/step: 0.078 (last = 0.0291), fitness=-357146715.733789206
1020.29 secs, 112562 evals, 112467 steps, improv/step: 0.077 (last = 0.0302), fitness=-357146715.867915452
1050.29 secs, 115733 evals, 115639 steps, improv/step: 0.076 (last = 0.0315), fitness=-357146716.080560803
1080.30 secs, 118992 evals, 118898 steps, improv/step: 0.074 (last = 0.0282), fitness=-357146716.380450130
1110.30 secs, 122248 evals, 122155 steps, improv/step: 0.073 (last = 0.0310), fitness=-357146716.541942656
1140.31 secs, 125502 evals, 125409 steps, improv/step: 0.072 (last = 0.0353), fitness=-357146716.879464269
1170.31 secs, 128746 evals, 128653 steps, improv/step: 0.071 (last = 0.0358), fitness=-357146717.241823912
1200.31 secs, 131951 evals, 131859 steps, improv/step: 0.070 (last = 0.0346), fitness=-357146717.698381007
1230.31 secs, 135194 evals, 135102 steps, improv/step: 0.069 (last = 0.0321), fitness=-357146718.057848334
1260.35 secs, 138473 evals, 138381 steps, improv/step: 0.069 (last = 0.0351), fitness=-357146718.603268802
1290.35 secs, 141709 evals, 141618 steps, improv/step: 0.068 (last = 0.0365), fitness=-357146718.981673300
1320.42 secs, 144997 evals, 144906 steps, improv/step: 0.067 (last = 0.0274), fitness=-357146719.802348495
1350.42 secs, 148278 evals, 148187 steps, improv/step: 0.066 (last = 0.0226), fitness=-357146720.006092668
1380.45 secs, 151556 evals, 151466 steps, improv/step: 0.065 (last = 0.0268), fitness=-357146720.539341331
1410.49 secs, 154836 evals, 154746 steps, improv/step: 0.064 (last = 0.0235), fitness=-357146721.020875335
1440.49 secs, 157948 evals, 157858 steps, improv/step: 0.063 (last = 0.0228), fitness=-357146721.774124742
1470.49 secs, 161143 evals, 161053 steps, improv/step: 0.063 (last = 0.0238), fitness=-357146722.582468629
1500.50 secs, 164679 evals, 164589 steps, improv/step: 0.062 (last = 0.0274), fitness=-357146724.217433751
1530.50 secs, 168161 evals, 168072 steps, improv/step: 0.061 (last = 0.0227), fitness=-357146724.610696137
1560.50 secs, 171618 evals, 171530 steps, improv/step: 0.060 (last = 0.0240), fitness=-357146725.350174010
1590.51 secs, 175074 evals, 174986 steps, improv/step: 0.060 (last = 0.0191), fitness=-357146726.233361542
1620.53 secs, 178421 evals, 178333 steps, improv/step: 0.059 (last = 0.0170), fitness=-357146726.702931166
1650.53 secs, 181883 evals, 181795 steps, improv/step: 0.058 (last = 0.0228), fitness=-357146727.968020737
1680.53 secs, 185303 evals, 185215 steps, improv/step: 0.057 (last = 0.0202), fitness=-357146727.968782365
1710.53 secs, 188779 evals, 188692 steps, improv/step: 0.057 (last = 0.0210), fitness=-357146728.660440445
1740.53 secs, 192172 evals, 192085 steps, improv/step: 0.056 (last = 0.0186), fitness=-357146729.793216467
1770.54 secs, 195635 evals, 195548 steps, improv/step: 0.055 (last = 0.0228), fitness=-357146730.127771735
1800.54 secs, 199139 evals, 199052 steps, improv/step: 0.055 (last = 0.0217), fitness=-357146731.395828664
1830.55 secs, 202529 evals, 202442 steps, improv/step: 0.054 (last = 0.0248), fitness=-357146731.993375003
1860.55 secs, 205871 evals, 205785 steps, improv/step: 0.054 (last = 0.0272), fitness=-357146732.649906516
1890.55 secs, 209337 evals, 209251 steps, improv/step: 0.053 (last = 0.0170), fitness=-357146733.006139219
1920.55 secs, 212808 evals, 212722 steps, improv/step: 0.053 (last = 0.0173), fitness=-357146733.734596848
1950.56 secs, 216253 evals, 216167 steps, improv/step: 0.052 (last = 0.0154), fitness=-357146734.703275740
1980.57 secs, 219662 evals, 219577 steps, improv/step: 0.052 (last = 0.0132), fitness=-357146735.191454053
2010.57 secs, 223077 evals, 222993 steps, improv/step: 0.051 (last = 0.0135), fitness=-357146736.043526053
2040.57 secs, 226563 evals, 226480 steps, improv/step: 0.050 (last = 0.0120), fitness=-357146736.363411069
2070.58 secs, 229917 evals, 229834 steps, improv/step: 0.050 (last = 0.0176), fitness=-357146737.728091598
2100.58 secs, 233249 evals, 233166 steps, improv/step: 0.049 (last = 0.0171), fitness=-357146738.674552321
2130.59 secs, 236567 evals, 236484 steps, improv/step: 0.049 (last = 0.0166), fitness=-357146738.822970271
2160.59 secs, 239970 evals, 239887 steps, improv/step: 0.049 (last = 0.0270), fitness=-357146739.411345065
2190.59 secs, 243358 evals, 243275 steps, improv/step: 0.048 (last = 0.0280), fitness=-357146739.907340169
2220.59 secs, 246750 evals, 246669 steps, improv/step: 0.048 (last = 0.0274), fitness=-357146740.052750468
2250.60 secs, 250197 evals, 250116 steps, improv/step: 0.048 (last = 0.0455), fitness=-357146740.304086268
2280.60 secs, 253652 evals, 253572 steps, improv/step: 0.048 (last = 0.0420), fitness=-357146740.699616432
2310.60 secs, 257065 evals, 256985 steps, improv/step: 0.048 (last = 0.0398), fitness=-357146741.118373096
2340.61 secs, 260490 evals, 260410 steps, improv/step: 0.048 (last = 0.0359), fitness=-357146741.454451084
2370.61 secs, 263985 evals, 263905 steps, improv/step: 0.047 (last = 0.0240), fitness=-357146741.609178185
2400.61 secs, 267399 evals, 267319 steps, improv/step: 0.047 (last = 0.0243), fitness=-357146742.086680353
2430.61 secs, 270875 evals, 270795 steps, improv/step: 0.047 (last = 0.0247), fitness=-357146742.219037414
2460.62 secs, 274295 evals, 274216 steps, improv/step: 0.046 (last = 0.0228), fitness=-357146742.360918701
2490.62 secs, 277701 evals, 277623 steps, improv/step: 0.046 (last = 0.0226), fitness=-357146742.591210663
2520.62 secs, 281181 evals, 281103 steps, improv/step: 0.046 (last = 0.0201), fitness=-357146742.978222251
2550.63 secs, 284615 evals, 284537 steps, improv/step: 0.046 (last = 0.0195), fitness=-357146743.479942203
2580.63 secs, 288068 evals, 287990 steps, improv/step: 0.045 (last = 0.0246), fitness=-357146743.774048448
2610.64 secs, 291572 evals, 291495 steps, improv/step: 0.045 (last = 0.0243), fitness=-357146743.961431980
2640.64 secs, 294760 evals, 294683 steps, improv/step: 0.045 (last = 0.0198), fitness=-357146744.322684407
2670.66 secs, 298109 evals, 298033 steps, improv/step: 0.044 (last = 0.0209), fitness=-357146745.091913342
2700.66 secs, 301510 evals, 301435 steps, improv/step: 0.044 (last = 0.0220), fitness=-357146745.284419000
2730.66 secs, 304914 evals, 304840 steps, improv/step: 0.044 (last = 0.0209), fitness=-357146745.928914905
2760.70 secs, 308247 evals, 308173 steps, improv/step: 0.044 (last = 0.0189), fitness=-357146746.439493597
2790.70 secs, 311572 evals, 311499 steps, improv/step: 0.043 (last = 0.0168), fitness=-357146746.716643810
2820.75 secs, 314954 evals, 314881 steps, improv/step: 0.043 (last = 0.0180), fitness=-357146747.130276680
2850.76 secs, 318408 evals, 318336 steps, improv/step: 0.043 (last = 0.0177), fitness=-357146747.756516993
2880.79 secs, 321756 evals, 321684 steps, improv/step: 0.043 (last = 0.0152), fitness=-357146747.756516993
2910.80 secs, 324917 evals, 324845 steps, improv/step: 0.042 (last = 0.0168), fitness=-357146748.501305878
2940.80 secs, 328235 evals, 328163 steps, improv/step: 0.042 (last = 0.0151), fitness=-357146748.786518157
2970.81 secs, 331453 evals, 331381 steps, improv/step: 0.042 (last = 0.0202), fitness=-357146748.992422462
3000.92 secs, 334701 evals, 334629 steps, improv/step: 0.042 (last = 0.0172), fitness=-357146749.041725993
3030.99 secs, 338094 evals, 338024 steps, improv/step: 0.041 (last = 0.0118), fitness=-357146749.435348570
3061.00 secs, 341434 evals, 341367 steps, improv/step: 0.041 (last = 0.0141), fitness=-357146749.456940770
3091.06 secs, 344670 evals, 344603 steps, improv/step: 0.041 (last = 0.0167), fitness=-357146749.688901067
3121.07 secs, 347930 evals, 347863 steps, improv/step: 0.041 (last = 0.0178), fitness=-357146749.846753359
3151.07 secs, 351331 evals, 351265 steps, improv/step: 0.040 (last = 0.0165), fitness=-357146750.208500981
3181.07 secs, 354759 evals, 354694 steps, improv/step: 0.040 (last = 0.0169), fitness=-357146750.379193425
3211.16 secs, 357937 evals, 357873 steps, improv/step: 0.040 (last = 0.0138), fitness=-357146750.526300251
3241.17 secs, 361233 evals, 361170 steps, improv/step: 0.040 (last = 0.0170), fitness=-357146750.834398925
3271.17 secs, 364757 evals, 364694 steps, improv/step: 0.040 (last = 0.0250), fitness=-357146751.054906845
3301.17 secs, 368252 evals, 368190 steps, improv/step: 0.039 (last = 0.0189), fitness=-357146751.414596081
3331.17 secs, 371646 evals, 371585 steps, improv/step: 0.039 (last = 0.0200), fitness=-357146751.724515200
3361.18 secs, 375068 evals, 375007 steps, improv/step: 0.039 (last = 0.0202), fitness=-357146751.857369959
3391.18 secs, 378605 evals, 378544 steps, improv/step: 0.039 (last = 0.0133), fitness=-357146751.857369959
3421.18 secs, 382070 evals, 382010 steps, improv/step: 0.039 (last = 0.0211), fitness=-357146752.303172946
3451.18 secs, 385500 evals, 385440 steps, improv/step: 0.038 (last = 0.0195), fitness=-357146752.481038809
3481.19 secs, 388986 evals, 388926 steps, improv/step: 0.038 (last = 0.0152), fitness=-357146752.629369855
3511.26 secs, 392473 evals, 392413 steps, improv/step: 0.038 (last = 0.0166), fitness=-357146753.425500393
3541.26 secs, 396025 evals, 395965 steps, improv/step: 0.038 (last = 0.0234), fitness=-357146753.543608963
3571.41 secs, 399526 evals, 399466 steps, improv/step: 0.038 (last = 0.0226), fitness=-357146753.609549940
3601.41 secs, 402914 evals, 402854 steps, improv/step: 0.038 (last = 0.0145), fitness=-357146753.919103980
3631.41 secs, 406364 evals, 406304 steps, improv/step: 0.037 (last = 0.0154), fitness=-357146753.968892872
3661.42 secs, 409738 evals, 409680 steps, improv/step: 0.037 (last = 0.0142), fitness=-357146754.070430577
3691.53 secs, 413270 evals, 413213 steps, improv/step: 0.037 (last = 0.0133), fitness=-357146754.201669097
3721.54 secs, 416669 evals, 416614 steps, improv/step: 0.037 (last = 0.0156), fitness=-357146754.409791470
3751.68 secs, 419951 evals, 419898 steps, improv/step: 0.037 (last = 0.0174), fitness=-357146754.728127956
3781.68 secs, 423164 evals, 423111 steps, improv/step: 0.037 (last = 0.0215), fitness=-357146755.408510447
3811.68 secs, 426485 evals, 426432 steps, improv/step: 0.036 (last = 0.0241), fitness=-357146755.408510447
3841.69 secs, 430025 evals, 429973 steps, improv/step: 0.036 (last = 0.0184), fitness=-357146755.542544127
3871.70 secs, 433501 evals, 433452 steps, improv/step: 0.036 (last = 0.0213), fitness=-357146755.679456413
3901.70 secs, 436883 evals, 436834 steps, improv/step: 0.036 (last = 0.0169), fitness=-357146755.879812717
3931.70 secs, 440446 evals, 440397 steps, improv/step: 0.036 (last = 0.0160), fitness=-357146756.082201064
3961.70 secs, 443888 evals, 443840 steps, improv/step: 0.036 (last = 0.0160), fitness=-357146756.082201064
3991.71 secs, 447392 evals, 447344 steps, improv/step: 0.036 (last = 0.0197), fitness=-357146756.082201064
4021.71 secs, 450844 evals, 450796 steps, improv/step: 0.035 (last = 0.0185), fitness=-357146756.419677258
4051.71 secs, 453998 evals, 453951 steps, improv/step: 0.035 (last = 0.0181), fitness=-357146756.423198223
4081.71 secs, 457499 evals, 457454 steps, improv/step: 0.035 (last = 0.0200), fitness=-357146756.557596028
4111.72 secs, 460987 evals, 460943 steps, improv/step: 0.035 (last = 0.0229), fitness=-357146756.622763157
4141.72 secs, 464566 evals, 464522 steps, improv/step: 0.035 (last = 0.0224), fitness=-357146756.716029823
4171.79 secs, 468058 evals, 468014 steps, improv/step: 0.035 (last = 0.0192), fitness=-357146756.791143835
4201.79 secs, 471557 evals, 471514 steps, improv/step: 0.035 (last = 0.0171), fitness=-357146756.917205811
4231.80 secs, 475063 evals, 475021 steps, improv/step: 0.035 (last = 0.0188), fitness=-357146756.917205811
4261.80 secs, 478551 evals, 478509 steps, improv/step: 0.035 (last = 0.0166), fitness=-357146756.983585596
4291.81 secs, 482045 evals, 482005 steps, improv/step: 0.034 (last = 0.0172), fitness=-357146757.018344581
4321.81 secs, 485394 evals, 485354 steps, improv/step: 0.034 (last = 0.0164), fitness=-357146757.071127295
4351.81 secs, 488768 evals, 488729 steps, improv/step: 0.034 (last = 0.0246), fitness=-357146757.125927508
4381.82 secs, 491693 evals, 491655 steps, improv/step: 0.034 (last = 0.0256), fitness=-357146757.217741013
4411.83 secs, 494945 evals, 494909 steps, improv/step: 0.034 (last = 0.0230), fitness=-357146757.217972636
4441.83 secs, 498296 evals, 498261 steps, improv/step: 0.034 (last = 0.0182), fitness=-357146757.298224092
4471.83 secs, 501549 evals, 501514 steps, improv/step: 0.034 (last = 0.0261), fitness=-357146757.327162564
4501.84 secs, 504654 evals, 504619 steps, improv/step: 0.034 (last = 0.0277), fitness=-357146757.403468490
4531.84 secs, 507931 evals, 507896 steps, improv/step: 0.034 (last = 0.0241), fitness=-357146757.439648330
4561.85 secs, 511404 evals, 511370 steps, improv/step: 0.034 (last = 0.0222), fitness=-357146757.458796024
4591.85 secs, 514817 evals, 514784 steps, improv/step: 0.034 (last = 0.0196), fitness=-357146757.504636228
4621.85 secs, 518217 evals, 518184 steps, improv/step: 0.034 (last = 0.0235), fitness=-357146757.575533986
4651.86 secs, 521196 evals, 521164 steps, improv/step: 0.034 (last = 0.0201), fitness=-357146757.588069737
4681.89 secs, 524443 evals, 524411 steps, improv/step: 0.033 (last = 0.0240), fitness=-357146757.662624717
4711.89 secs, 527787 evals, 527755 steps, improv/step: 0.033 (last = 0.0218), fitness=-357146757.718751192
4741.90 secs, 530987 evals, 530955 steps, improv/step: 0.033 (last = 0.0216), fitness=-357146757.798976183
4771.90 secs, 534278 evals, 534248 steps, improv/step: 0.033 (last = 0.0188), fitness=-357146757.837862611
4801.90 secs, 537548 evals, 537519 steps, improv/step: 0.033 (last = 0.0180), fitness=-357146757.980289519
4831.91 secs, 540596 evals, 540568 steps, improv/step: 0.033 (last = 0.0138), fitness=-357146758.003090620
4861.95 secs, 543876 evals, 543848 steps, improv/step: 0.033 (last = 0.0165), fitness=-357146758.044066370
4892.14 secs, 547424 evals, 547396 steps, improv/step: 0.033 (last = 0.0152), fitness=-357146758.081088483
4922.14 secs, 550828 evals, 550800 steps, improv/step: 0.033 (last = 0.0179), fitness=-357146758.101126015
4952.15 secs, 553995 evals, 553968 steps, improv/step: 0.033 (last = 0.0183), fitness=-357146758.168310881
4982.15 secs, 557331 evals, 557304 steps, improv/step: 0.033 (last = 0.0222), fitness=-357146758.261381507
5012.15 secs, 560878 evals, 560851 steps, improv/step: 0.032 (last = 0.0161), fitness=-357146758.275949717
5042.16 secs, 564299 evals, 564273 steps, improv/step: 0.032 (last = 0.0152), fitness=-357146758.275992274
5072.16 secs, 567596 evals, 567571 steps, improv/step: 0.032 (last = 0.0152), fitness=-357146758.376525521
5102.16 secs, 570806 evals, 570781 steps, improv/step: 0.032 (last = 0.0134), fitness=-357146758.426245570
5132.17 secs, 574085 evals, 574060 steps, improv/step: 0.032 (last = 0.0134), fitness=-357146758.456372261
5162.17 secs, 577424 evals, 577401 steps, improv/step: 0.032 (last = 0.0180), fitness=-357146758.499695599
5192.17 secs, 580646 evals, 580624 steps, improv/step: 0.032 (last = 0.0158), fitness=-357146758.536750913
5222.18 secs, 584147 evals, 584125 steps, improv/step: 0.032 (last = 0.0151), fitness=-357146758.536767662
5252.18 secs, 587552 evals, 587531 steps, improv/step: 0.032 (last = 0.0141), fitness=-357146758.595670164
5282.18 secs, 590712 evals, 590691 steps, improv/step: 0.032 (last = 0.0136), fitness=-357146758.622500002
5312.19 secs, 594005 evals, 593985 steps, improv/step: 0.031 (last = 0.0176), fitness=-357146758.648293495
5342.19 secs, 596928 evals, 596909 steps, improv/step: 0.031 (last = 0.0130), fitness=-357146758.655114233
5372.20 secs, 600279 evals, 600260 steps, improv/step: 0.031 (last = 0.0176), fitness=-357146758.686741114
5402.20 secs, 603501 evals, 603484 steps, improv/step: 0.031 (last = 0.0167), fitness=-357146758.710988164
5432.20 secs, 606693 evals, 606677 steps, improv/step: 0.031 (last = 0.0150), fitness=-357146758.780378520
5462.20 secs, 609828 evals, 609812 steps, improv/step: 0.031 (last = 0.0185), fitness=-357146758.787729859
5492.21 secs, 613051 evals, 613036 steps, improv/step: 0.031 (last = 0.0183), fitness=-357146758.794811726
5522.21 secs, 616358 evals, 616343 steps, improv/step: 0.031 (last = 0.0169), fitness=-357146758.821061134
5552.22 secs, 619415 evals, 619400 steps, improv/step: 0.031 (last = 0.0160), fitness=-357146758.834579945
5582.32 secs, 622631 evals, 622616 steps, improv/step: 0.031 (last = 0.0143), fitness=-357146758.842129648
5612.39 secs, 625504 evals, 625490 steps, improv/step: 0.031 (last = 0.0150), fitness=-357146758.862112045
5642.39 secs, 628591 evals, 628577 steps, improv/step: 0.031 (last = 0.0143), fitness=-357146758.862112045
5672.40 secs, 631844 evals, 631832 steps, improv/step: 0.031 (last = 0.0138), fitness=-357146758.871001720
5702.40 secs, 635196 evals, 635184 steps, improv/step: 0.030 (last = 0.0170), fitness=-357146758.874530613
5732.40 secs, 638523 evals, 638512 steps, improv/step: 0.030 (last = 0.0180), fitness=-357146758.876121521
5762.41 secs, 641959 evals, 641948 steps, improv/step: 0.030 (last = 0.0180), fitness=-357146758.881675720
5792.41 secs, 645218 evals, 645207 steps, improv/step: 0.030 (last = 0.0224), fitness=-357146758.884809971
5822.42 secs, 648495 evals, 648484 steps, improv/step: 0.030 (last = 0.0183), fitness=-357146758.890221000
5852.42 secs, 651754 evals, 651743 steps, improv/step: 0.030 (last = 0.0190), fitness=-357146758.903587878
5882.42 secs, 655114 evals, 655103 steps, improv/step: 0.030 (last = 0.0167), fitness=-357146758.908806980
5912.42 secs, 658172 evals, 658161 steps, improv/step: 0.030 (last = 0.0180), fitness=-357146758.910437822
5942.50 secs, 661469 evals, 661459 steps, improv/step: 0.030 (last = 0.0200), fitness=-357146758.916900396
5972.51 secs, 664765 evals, 664755 steps, improv/step: 0.030 (last = 0.0255), fitness=-357146758.925407648
6002.51 secs, 668079 evals, 668070 steps, improv/step: 0.030 (last = 0.0184), fitness=-357146758.928417087
6032.52 secs, 671441 evals, 671434 steps, improv/step: 0.030 (last = 0.0238), fitness=-357146758.934865415
6062.52 secs, 674835 evals, 674828 steps, improv/step: 0.030 (last = 0.0262), fitness=-357146758.938630104
6092.52 secs, 678141 evals, 678134 steps, improv/step: 0.030 (last = 0.0242), fitness=-357146758.945481122
6122.58 secs, 681428 evals, 681421 steps, improv/step: 0.030 (last = 0.0219), fitness=-357146758.952365637
6152.58 secs, 684728 evals, 684722 steps, improv/step: 0.030 (last = 0.0158), fitness=-357146758.952365637
6182.59 secs, 687994 evals, 687989 steps, improv/step: 0.030 (last = 0.0174), fitness=-357146758.958635211
6212.59 secs, 691309 evals, 691305 steps, improv/step: 0.030 (last = 0.0169), fitness=-357146758.965452790
6242.59 secs, 694606 evals, 694602 steps, improv/step: 0.030 (last = 0.0185), fitness=-357146758.979114175
6272.66 secs, 698018 evals, 698014 steps, improv/step: 0.030 (last = 0.0161), fitness=-357146758.980065823
6302.69 secs, 701399 evals, 701395 steps, improv/step: 0.029 (last = 0.0169), fitness=-357146758.987083197
6332.69 secs, 704813 evals, 704809 steps, improv/step: 0.029 (last = 0.0129), fitness=-357146758.989347339
6362.70 secs, 708244 evals, 708241 steps, improv/step: 0.029 (last = 0.0172), fitness=-357146758.996695697
6392.70 secs, 711561 evals, 711558 steps, improv/step: 0.029 (last = 0.0127), fitness=-357146759.009004474
6422.70 secs, 714950 evals, 714947 steps, improv/step: 0.029 (last = 0.0115), fitness=-357146759.009641886
6452.86 secs, 718383 evals, 718381 steps, improv/step: 0.029 (last = 0.0172), fitness=-357146759.025212407
6482.87 secs, 721607 evals, 721605 steps, improv/step: 0.029 (last = 0.0161), fitness=-357146759.061038554
6512.87 secs, 724962 evals, 724960 steps, improv/step: 0.029 (last = 0.0200), fitness=-357146759.070623577
6542.87 secs, 728361 evals, 728359 steps, improv/step: 0.029 (last = 0.0165), fitness=-357146759.076902509
6572.92 secs, 731698 evals, 731696 steps, improv/step: 0.029 (last = 0.0153), fitness=-357146759.088678241
6602.92 secs, 735092 evals, 735091 steps, improv/step: 0.029 (last = 0.0186), fitness=-357146759.092072248
6632.93 secs, 738389 evals, 738389 steps, improv/step: 0.029 (last = 0.0149), fitness=-357146759.101984560
6663.01 secs, 741663 evals, 741665 steps, improv/step: 0.029 (last = 0.0140), fitness=-357146759.112914681
6693.02 secs, 745055 evals, 745058 steps, improv/step: 0.029 (last = 0.0174), fitness=-357146759.116869926
6723.02 secs, 748411 evals, 748414 steps, improv/step: 0.029 (last = 0.0206), fitness=-357146759.125535607
6753.02 secs, 751700 evals, 751703 steps, improv/step: 0.029 (last = 0.0179), fitness=-357146759.136357009
6783.03 secs, 754995 evals, 754999 steps, improv/step: 0.029 (last = 0.0149), fitness=-357146759.136357009
6813.03 secs, 758341 evals, 758345 steps, improv/step: 0.028 (last = 0.0146), fitness=-357146759.140805125
6843.04 secs, 761654 evals, 761658 steps, improv/step: 0.028 (last = 0.0124), fitness=-357146759.140805125
6873.04 secs, 764961 evals, 764965 steps, improv/step: 0.028 (last = 0.0130), fitness=-357146759.152213156
6903.04 secs, 768290 evals, 768295 steps, improv/step: 0.028 (last = 0.0135), fitness=-357146759.155618012
6933.05 secs, 771593 evals, 771598 steps, improv/step: 0.028 (last = 0.0188), fitness=-357146759.158792794
6963.05 secs, 774913 evals, 774919 steps, improv/step: 0.028 (last = 0.0154), fitness=-357146759.158792794
6993.17 secs, 778308 evals, 778314 steps, improv/step: 0.028 (last = 0.0118), fitness=-357146759.161802530
7023.17 secs, 781518 evals, 781524 steps, improv/step: 0.028 (last = 0.0112), fitness=-357146759.162419617
7053.32 secs, 784683 evals, 784690 steps, improv/step: 0.028 (last = 0.0117), fitness=-357146759.164486170
7083.34 secs, 787888 evals, 787897 steps, improv/step: 0.028 (last = 0.0134), fitness=-357146759.167977095
7113.46 secs, 791232 evals, 791243 steps, improv/step: 0.028 (last = 0.0126), fitness=-357146759.170491397
7143.46 secs, 794569 evals, 794580 steps, improv/step: 0.028 (last = 0.0156), fitness=-357146759.175052643
7173.46 secs, 797944 evals, 797956 steps, improv/step: 0.028 (last = 0.0098), fitness=-357146759.175052643
7203.47 secs, 801232 evals, 801244 steps, improv/step: 0.028 (last = 0.0149), fitness=-357146759.176575482
7233.55 secs, 804594 evals, 804606 steps, improv/step: 0.028 (last = 0.0101), fitness=-357146759.179460824
7263.55 secs, 807880 evals, 807893 steps, improv/step: 0.027 (last = 0.0110), fitness=-357146759.181343913
7293.56 secs, 811232 evals, 811247 steps, improv/step: 0.027 (last = 0.0122), fitness=-357146759.183496058
7323.56 secs, 814443 evals, 814458 steps, improv/step: 0.027 (last = 0.0134), fitness=-357146759.184743404
7353.56 secs, 817813 evals, 817828 steps, improv/step: 0.027 (last = 0.0122), fitness=-357146759.186120510
7383.62 secs, 820930 evals, 820945 steps, improv/step: 0.027 (last = 0.0122), fitness=-357146759.186120510
7413.63 secs, 824458 evals, 824474 steps, improv/step: 0.027 (last = 0.0111), fitness=-357146759.186977744
7443.63 secs, 827752 evals, 827768 steps, improv/step: 0.027 (last = 0.0161), fitness=-357146759.187330008
7473.63 secs, 831127 evals, 831143 steps, improv/step: 0.027 (last = 0.0148), fitness=-357146759.187840700
7503.63 secs, 834480 evals, 834498 steps, improv/step: 0.027 (last = 0.0158), fitness=-357146759.189265311
7533.63 secs, 837802 evals, 837820 steps, improv/step: 0.027 (last = 0.0154), fitness=-357146759.190091074
7563.81 secs, 841192 evals, 841210 steps, improv/step: 0.027 (last = 0.0183), fitness=-357146759.191430449
7593.81 secs, 844367 evals, 844385 steps, improv/step: 0.027 (last = 0.0157), fitness=-357146759.192071438
7623.81 secs, 847745 evals, 847763 steps, improv/step: 0.027 (last = 0.0175), fitness=-357146759.192507505
7653.81 secs, 851066 evals, 851086 steps, improv/step: 0.027 (last = 0.0205), fitness=-357146759.192679524
7683.82 secs, 854422 evals, 854444 steps, improv/step: 0.027 (last = 0.0131), fitness=-357146759.192838669
7713.82 secs, 857722 evals, 857746 steps, improv/step: 0.027 (last = 0.0106), fitness=-357146759.192899406
7743.82 secs, 861042 evals, 861066 steps, improv/step: 0.027 (last = 0.0139), fitness=-357146759.193591118
7773.91 secs, 864365 evals, 864390 steps, improv/step: 0.027 (last = 0.0181), fitness=-357146759.194382191
7803.92 secs, 867649 evals, 867675 steps, improv/step: 0.027 (last = 0.0122), fitness=-357146759.194493592
7833.92 secs, 871149 evals, 871175 steps, improv/step: 0.027 (last = 0.0160), fitness=-357146759.195016801
7863.92 secs, 874493 evals, 874521 steps, improv/step: 0.027 (last = 0.0108), fitness=-357146759.195290983
7893.93 secs, 877635 evals, 877663 steps, improv/step: 0.026 (last = 0.0124), fitness=-357146759.195290983
7924.03 secs, 881000 evals, 881028 steps, improv/step: 0.026 (last = 0.0172), fitness=-357146759.195334852
7954.04 secs, 884370 evals, 884398 steps, improv/step: 0.026 (last = 0.0208), fitness=-357146759.195465446
7984.05 secs, 887715 evals, 887745 steps, improv/step: 0.026 (last = 0.0197), fitness=-357146759.195633054
8014.05 secs, 891164 evals, 891194 steps, improv/step: 0.026 (last = 0.0157), fitness=-357146759.195948839
8044.06 secs, 894494 evals, 894525 steps, improv/step: 0.026 (last = 0.0240), fitness=-357146759.195979893
8074.06 secs, 897891 evals, 897922 steps, improv/step: 0.026 (last = 0.0224), fitness=-357146759.196330607
8104.06 secs, 901355 evals, 901387 steps, improv/step: 0.026 (last = 0.0162), fitness=-357146759.196564436
8134.07 secs, 904692 evals, 904724 steps, improv/step: 0.026 (last = 0.0162), fitness=-357146759.196833849
8164.07 secs, 907895 evals, 907927 steps, improv/step: 0.026 (last = 0.0162), fitness=-357146759.197027206
8194.08 secs, 911260 evals, 911292 steps, improv/step: 0.026 (last = 0.0208), fitness=-357146759.197110116
8224.26 secs, 914494 evals, 914526 steps, improv/step: 0.026 (last = 0.0186), fitness=-357146759.197193503
8254.26 secs, 917848 evals, 917880 steps, improv/step: 0.026 (last = 0.0179), fitness=-357146759.197387099
8284.27 secs, 921093 evals, 921125 steps, improv/step: 0.026 (last = 0.0237), fitness=-357146759.197493374
8314.27 secs, 924452 evals, 924485 steps, improv/step: 0.026 (last = 0.0214), fitness=-357146759.197514772
8344.75 secs, 927511 evals, 927544 steps, improv/step: 0.026 (last = 0.0180), fitness=-357146759.197663605
8375.01 secs, 930901 evals, 930934 steps, improv/step: 0.026 (last = 0.0192), fitness=-357146759.197772861
8405.01 secs, 934251 evals, 934284 steps, improv/step: 0.026 (last = 0.0149), fitness=-357146759.197969139
8435.01 secs, 937608 evals, 937641 steps, improv/step: 0.026 (last = 0.0146), fitness=-357146759.197969139
8465.02 secs, 940992 evals, 941026 steps, improv/step: 0.026 (last = 0.0230), fitness=-357146759.198058486
8495.02 secs, 944448 evals, 944482 steps, improv/step: 0.026 (last = 0.0197), fitness=-357146759.198058486
8525.22 secs, 947857 evals, 947892 steps, improv/step: 0.026 (last = 0.0229), fitness=-357146759.198101103
8555.33 secs, 951309 evals, 951346 steps, improv/step: 0.026 (last = 0.0275), fitness=-357146759.198160291
8585.54 secs, 954923 evals, 954961 steps, improv/step: 0.026 (last = 0.0230), fitness=-357146759.198215246
8615.54 secs, 958328 evals, 958366 steps, improv/step: 0.026 (last = 0.0232), fitness=-357146759.198260844
8645.66 secs, 961579 evals, 961617 steps, improv/step: 0.026 (last = 0.0228), fitness=-357146759.198272705
8675.67 secs, 964906 evals, 964944 steps, improv/step: 0.026 (last = 0.0207), fitness=-357146759.198328257
8705.76 secs, 968273 evals, 968311 steps, improv/step: 0.026 (last = 0.0220), fitness=-357146759.198365986
8735.77 secs, 971666 evals, 971704 steps, improv/step: 0.026 (last = 0.0189), fitness=-357146759.198392510
8765.77 secs, 974901 evals, 974939 steps, improv/step: 0.026 (last = 0.0223), fitness=-357146759.198413312
8795.78 secs, 978228 evals, 978267 steps, improv/step: 0.026 (last = 0.0234), fitness=-357146759.198444009
8825.78 secs, 981581 evals, 981620 steps, improv/step: 0.026 (last = 0.0197), fitness=-357146759.198477447
8855.79 secs, 985020 evals, 985059 steps, improv/step: 0.026 (last = 0.0270), fitness=-357146759.198520303
8885.80 secs, 988531 evals, 988570 steps, improv/step: 0.026 (last = 0.0231), fitness=-357146759.198566079
8915.80 secs, 991830 evals, 991870 steps, improv/step: 0.026 (last = 0.0215), fitness=-357146759.198600054
8945.80 secs, 995210 evals, 995250 steps, improv/step: 0.026 (last = 0.0198), fitness=-357146759.198662281
8975.80 secs, 998615 evals, 998656 steps, improv/step: 0.026 (last = 0.0208), fitness=-357146759.198662281
9005.92 secs, 1001722 evals, 1001765 steps, improv/step: 0.026 (last = 0.0212), fitness=-357146759.198669672
9035.92 secs, 1004824 evals, 1004868 steps, improv/step: 0.026 (last = 0.0161), fitness=-357146759.198701739
9065.93 secs, 1008118 evals, 1008163 steps, improv/step: 0.026 (last = 0.0164), fitness=-357146759.198751330
9096.01 secs, 1011344 evals, 1011389 steps, improv/step: 0.026 (last = 0.0155), fitness=-357146759.198751330
9126.01 secs, 1014684 evals, 1014729 steps, improv/step: 0.026 (last = 0.0189), fitness=-357146759.198803723
9156.10 secs, 1018015 evals, 1018060 steps, improv/step: 0.026 (last = 0.0222), fitness=-357146759.198808074
9186.11 secs, 1021334 evals, 1021379 steps, improv/step: 0.026 (last = 0.0232), fitness=-357146759.198823452
9216.11 secs, 1024669 evals, 1024714 steps, improv/step: 0.026 (last = 0.0195), fitness=-357146759.198845029
9246.11 secs, 1027786 evals, 1027832 steps, improv/step: 0.026 (last = 0.0148), fitness=-357146759.198850513
9276.12 secs, 1031047 evals, 1031094 steps, improv/step: 0.026 (last = 0.0178), fitness=-357146759.198883891
9306.12 secs, 1034028 evals, 1034076 steps, improv/step: 0.025 (last = 0.0181), fitness=-357146759.198900104
9336.12 secs, 1037341 evals, 1037389 steps, improv/step: 0.025 (last = 0.0187), fitness=-357146759.198927999
9366.13 secs, 1040680 evals, 1040729 steps, improv/step: 0.025 (last = 0.0213), fitness=-357146759.198966444
9396.29 secs, 1043940 evals, 1043989 steps, improv/step: 0.025 (last = 0.0120), fitness=-357146759.198974490
9426.30 secs, 1047117 evals, 1047167 steps, improv/step: 0.025 (last = 0.0148), fitness=-357146759.198979497
9456.59 secs, 1050469 evals, 1050519 steps, improv/step: 0.025 (last = 0.0137), fitness=-357146759.198988080
9486.60 secs, 1053843 evals, 1053893 steps, improv/step: 0.025 (last = 0.0089), fitness=-357146759.199000955
9516.60 secs, 1057158 evals, 1057209 steps, improv/step: 0.025 (last = 0.0124), fitness=-357146759.199001551
9546.60 secs, 1060670 evals, 1060723 steps, improv/step: 0.025 (last = 0.0111), fitness=-357146759.199009120
9576.61 secs, 1064010 evals, 1064063 steps, improv/step: 0.025 (last = 0.0108), fitness=-357146759.199009120
9606.61 secs, 1067428 evals, 1067481 steps, improv/step: 0.025 (last = 0.0129), fitness=-357146759.199018359
9636.62 secs, 1070761 evals, 1070814 steps, improv/step: 0.025 (last = 0.0099), fitness=-357146759.199020326
9666.62 secs, 1074033 evals, 1074086 steps, improv/step: 0.025 (last = 0.0089), fitness=-357146759.199039042
9696.63 secs, 1077371 evals, 1077424 steps, improv/step: 0.025 (last = 0.0099), fitness=-357146759.199041367
9726.63 secs, 1080749 evals, 1080802 steps, improv/step: 0.025 (last = 0.0139), fitness=-357146759.199045658
9756.63 secs, 1083953 evals, 1084006 steps, improv/step: 0.025 (last = 0.0147), fitness=-357146759.199052334
9786.63 secs, 1087295 evals, 1087349 steps, improv/step: 0.025 (last = 0.0093), fitness=-357146759.199061275
9816.64 secs, 1090600 evals, 1090655 steps, improv/step: 0.025 (last = 0.0133), fitness=-357146759.199061275
9846.65 secs, 1093920 evals, 1093975 steps, improv/step: 0.025 (last = 0.0139), fitness=-357146759.199065268
9876.65 secs, 1097358 evals, 1097413 steps, improv/step: 0.025 (last = 0.0102), fitness=-357146759.199065268
9906.65 secs, 1100803 evals, 1100859 steps, improv/step: 0.025 (last = 0.0139), fitness=-357146759.199069440
9936.66 secs, 1104088 evals, 1104144 steps, improv/step: 0.025 (last = 0.0079), fitness=-357146759.199070334
9966.66 secs, 1107008 evals, 1107064 steps, improv/step: 0.025 (last = 0.0116), fitness=-357146759.199075580
9996.67 secs, 1110233 evals, 1110290 steps, improv/step: 0.025 (last = 0.0087), fitness=-357146759.199075580
10026.67 secs, 1113482 evals, 1113540 steps, improv/step: 0.025 (last = 0.0083), fitness=-357146759.199075818
10056.68 secs, 1116730 evals, 1116790 steps, improv/step: 0.024 (last = 0.0108), fitness=-357146759.199084044
10086.68 secs, 1119797 evals, 1119858 steps, improv/step: 0.024 (last = 0.0108), fitness=-357146759.199084044
10116.78 secs, 1122912 evals, 1122974 steps, improv/step: 0.024 (last = 0.0122), fitness=-357146759.199084044
10146.79 secs, 1126168 evals, 1126232 steps, improv/step: 0.024 (last = 0.0107), fitness=-357146759.199087739
10176.79 secs, 1129468 evals, 1129534 steps, improv/step: 0.024 (last = 0.0121), fitness=-357146759.199090838
10206.79 secs, 1132616 evals, 1132682 steps, improv/step: 0.024 (last = 0.0111), fitness=-357146759.199090838
10236.79 secs, 1135765 evals, 1135831 steps, improv/step: 0.024 (last = 0.0114), fitness=-357146759.199092627
10266.93 secs, 1139138 evals, 1139205 steps, improv/step: 0.024 (last = 0.0083), fitness=-357146759.199094415
10296.93 secs, 1142457 evals, 1142524 steps, improv/step: 0.024 (last = 0.0078), fitness=-357146759.199094772
10326.94 secs, 1145612 evals, 1145679 steps, improv/step: 0.024 (last = 0.0076), fitness=-357146759.199096739
10357.01 secs, 1148652 evals, 1148719 steps, improv/step: 0.024 (last = 0.0072), fitness=-357146759.199098468
10387.02 secs, 1151783 evals, 1151851 steps, improv/step: 0.024 (last = 0.0115), fitness=-357146759.199098468
10417.02 secs, 1154973 evals, 1155041 steps, improv/step: 0.024 (last = 0.0069), fitness=-357146759.199098468
10447.34 secs, 1158055 evals, 1158123 steps, improv/step: 0.024 (last = 0.0120), fitness=-357146759.199100673
10477.38 secs, 1161263 evals, 1161332 steps, improv/step: 0.024 (last = 0.0122), fitness=-357146759.199100912
10507.38 secs, 1164545 evals, 1164616 steps, improv/step: 0.024 (last = 0.0104), fitness=-357146759.199101865
10537.39 secs, 1167730 evals, 1167801 steps, improv/step: 0.024 (last = 0.0100), fitness=-357146759.199103117
10567.40 secs, 1170981 evals, 1171052 steps, improv/step: 0.024 (last = 0.0095), fitness=-357146759.199103594
10597.40 secs, 1174014 evals, 1174086 steps, improv/step: 0.024 (last = 0.0142), fitness=-357146759.199105144
10627.40 secs, 1177287 evals, 1177360 steps, improv/step: 0.024 (last = 0.0116), fitness=-357146759.199105144
10657.40 secs, 1180568 evals, 1180641 steps, improv/step: 0.024 (last = 0.0128), fitness=-357146759.199106872
10687.41 secs, 1183626 evals, 1183699 steps, improv/step: 0.024 (last = 0.0108), fitness=-357146759.199106872
10717.43 secs, 1186847 evals, 1186921 steps, improv/step: 0.024 (last = 0.0140), fitness=-357146759.199106932
10747.43 secs, 1190081 evals, 1190155 steps, improv/step: 0.024 (last = 0.0118), fitness=-357146759.199107230
10777.77 secs, 1193412 evals, 1193486 steps, improv/step: 0.024 (last = 0.0102), fitness=-357146759.199107349
10807.77 secs, 1196632 evals, 1196708 steps, improv/step: 0.024 (last = 0.0078), fitness=-357146759.199107647
10837.78 secs, 1199932 evals, 1200009 steps, improv/step: 0.024 (last = 0.0070), fitness=-357146759.199107766
10867.78 secs, 1202896 evals, 1202973 steps, improv/step: 0.023 (last = 0.0071), fitness=-357146759.199108064
10897.78 secs, 1206018 evals, 1206096 steps, improv/step: 0.023 (last = 0.0045), fitness=-357146759.199108064
10927.79 secs, 1209051 evals, 1209130 steps, improv/step: 0.023 (last = 0.0066), fitness=-357146759.199108064
10957.79 secs, 1212374 evals, 1212453 steps, improv/step: 0.023 (last = 0.0060), fitness=-357146759.199108362
10987.80 secs, 1215689 evals, 1215768 steps, improv/step: 0.023 (last = 0.0066), fitness=-357146759.199108720
11017.80 secs, 1218990 evals, 1219069 steps, improv/step: 0.023 (last = 0.0097), fitness=-357146759.199109256
11047.80 secs, 1222140 evals, 1222219 steps, improv/step: 0.023 (last = 0.0095), fitness=-357146759.199109316
11077.81 secs, 1225512 evals, 1225593 steps, improv/step: 0.023 (last = 0.0124), fitness=-357146759.199109793
11107.81 secs, 1228758 evals, 1228839 steps, improv/step: 0.023 (last = 0.0074), fitness=-357146759.199110031
11137.81 secs, 1231925 evals, 1232007 steps, improv/step: 0.023 (last = 0.0066), fitness=-357146759.199110031
11167.82 secs, 1235125 evals, 1235207 steps, improv/step: 0.023 (last = 0.0056), fitness=-357146759.199110031
11197.89 secs, 1238371 evals, 1238453 steps, improv/step: 0.023 (last = 0.0068), fitness=-357146759.199110508
11227.89 secs, 1241674 evals, 1241756 steps, improv/step: 0.023 (last = 0.0051), fitness=-357146759.199110508
11257.90 secs, 1244921 evals, 1245004 steps, improv/step: 0.023 (last = 0.0068), fitness=-357146759.199110627
11288.24 secs, 1248034 evals, 1248118 steps, improv/step: 0.023 (last = 0.0071), fitness=-357146759.199111104
11318.32 secs, 1251268 evals, 1251352 steps, improv/step: 0.023 (last = 0.0049), fitness=-357146759.199111402
11348.32 secs, 1254578 evals, 1254662 steps, improv/step: 0.023 (last = 0.0060), fitness=-357146759.199111521
11378.32 secs, 1257868 evals, 1257952 steps, improv/step: 0.023 (last = 0.0061), fitness=-357146759.199111581
11408.33 secs, 1261114 evals, 1261198 steps, improv/step: 0.023 (last = 0.0074), fitness=-357146759.199111640
11438.33 secs, 1264459 evals, 1264544 steps, improv/step: 0.023 (last = 0.0030), fitness=-357146759.199111998
11468.34 secs, 1267724 evals, 1267809 steps, improv/step: 0.023 (last = 0.0049), fitness=-357146759.199111998
11498.34 secs, 1270876 evals, 1270962 steps, improv/step: 0.023 (last = 0.0044), fitness=-357146759.199111998
11528.34 secs, 1273739 evals, 1273825 steps, improv/step: 0.023 (last = 0.0084), fitness=-357146759.199112117
11558.35 secs, 1276634 evals, 1276722 steps, improv/step: 0.023 (last = 0.0066), fitness=-357146759.199112117
11588.36 secs, 1280127 evals, 1280216 steps, improv/step: 0.022 (last = 0.0052), fitness=-357146759.199112177
11618.36 secs, 1283591 evals, 1283681 steps, improv/step: 0.022 (last = 0.0052), fitness=-357146759.199112177
11648.36 secs, 1286648 evals, 1286739 steps, improv/step: 0.022 (last = 0.0046), fitness=-357146759.199112177
11678.36 secs, 1289884 evals, 1289978 steps, improv/step: 0.022 (last = 0.0046), fitness=-357146759.199112177
11708.37 secs, 1293418 evals, 1293514 steps, improv/step: 0.022 (last = 0.0082), fitness=-357146759.199113071
11738.37 secs, 1296966 evals, 1297064 steps, improv/step: 0.022 (last = 0.0054), fitness=-357146759.199113071
11768.37 secs, 1300534 evals, 1300635 steps, improv/step: 0.022 (last = 0.0042), fitness=-357146759.199113250
11798.48 secs, 1304054 evals, 1304156 steps, improv/step: 0.022 (last = 0.0045), fitness=-357146759.199113727
11828.80 secs, 1307616 evals, 1307718 steps, improv/step: 0.022 (last = 0.0059), fitness=-357146759.199113727
11858.94 secs, 1311186 evals, 1311289 steps, improv/step: 0.022 (last = 0.0039), fitness=-357146759.199113727
11888.95 secs, 1314740 evals, 1314843 steps, improv/step: 0.022 (last = 0.0028), fitness=-357146759.199113727
11918.96 secs, 1318141 evals, 1318245 steps, improv/step: 0.022 (last = 0.0041), fitness=-357146759.199113727
11949.09 secs, 1321550 evals, 1321654 steps, improv/step: 0.022 (last = 0.0035), fitness=-357146759.199113846
11979.09 secs, 1325027 evals, 1325132 steps, improv/step: 0.022 (last = 0.0040), fitness=-357146759.199114621
12009.10 secs, 1328452 evals, 1328557 steps, improv/step: 0.022 (last = 0.0026), fitness=-357146759.199114621
12039.11 secs, 1331934 evals, 1332040 steps, improv/step: 0.022 (last = 0.0034), fitness=-357146759.199114621
12069.11 secs, 1335386 evals, 1335493 steps, improv/step: 0.022 (last = 0.0023), fitness=-357146759.199114621
12099.12 secs, 1338775 evals, 1338884 steps, improv/step: 0.022 (last = 0.0024), fitness=-357146759.199114621
12129.12 secs, 1342207 evals, 1342317 steps, improv/step: 0.022 (last = 0.0047), fitness=-357146759.199114621
12159.12 secs, 1345542 evals, 1345653 steps, improv/step: 0.022 (last = 0.0051), fitness=-357146759.199114621
12189.13 secs, 1349035 evals, 1349146 steps, improv/step: 0.022 (last = 0.0034), fitness=-357146759.199114621
12219.13 secs, 1352526 evals, 1352639 steps, improv/step: 0.021 (last = 0.0046), fitness=-357146759.199114680
12249.14 secs, 1356059 evals, 1356172 steps, improv/step: 0.021 (last = 0.0028), fitness=-357146759.199114680
12279.14 secs, 1359546 evals, 1359662 steps, improv/step: 0.021 (last = 0.0043), fitness=-357146759.199114680
12309.15 secs, 1362937 evals, 1363053 steps, improv/step: 0.021 (last = 0.0056), fitness=-357146759.199114919
12339.15 secs, 1366342 evals, 1366458 steps, improv/step: 0.021 (last = 0.0029), fitness=-357146759.199115157
12369.15 secs, 1369589 evals, 1369706 steps, improv/step: 0.021 (last = 0.0037), fitness=-357146759.199115157
12399.15 secs, 1372868 evals, 1372986 steps, improv/step: 0.021 (last = 0.0024), fitness=-357146759.199115157
12429.16 secs, 1375946 evals, 1376064 steps, improv/step: 0.021 (last = 0.0036), fitness=-357146759.199115157
12459.39 secs, 1379025 evals, 1379143 steps, improv/step: 0.021 (last = 0.0032), fitness=-357146759.199115157
12489.40 secs, 1382124 evals, 1382244 steps, improv/step: 0.021 (last = 0.0055), fitness=-357146759.199115276
12519.57 secs, 1385060 evals, 1385181 steps, improv/step: 0.021 (last = 0.0041), fitness=-357146759.199115276
12549.57 secs, 1388107 evals, 1388232 steps, improv/step: 0.021 (last = 0.0062), fitness=-357146759.199115276
12580.00 secs, 1391118 evals, 1391243 steps, improv/step: 0.021 (last = 0.0043), fitness=-357146759.199115455
12610.00 secs, 1394249 evals, 1394375 steps, improv/step: 0.021 (last = 0.0061), fitness=-357146759.199115515
12640.22 secs, 1397200 evals, 1397326 steps, improv/step: 0.021 (last = 0.0030), fitness=-357146759.199116170
12670.23 secs, 1400153 evals, 1400280 steps, improv/step: 0.021 (last = 0.0054), fitness=-357146759.199116170
12700.23 secs, 1403045 evals, 1403172 steps, improv/step: 0.021 (last = 0.0038), fitness=-357146759.199116170
12730.49 secs, 1405839 evals, 1405968 steps, improv/step: 0.021 (last = 0.0036), fitness=-357146759.199116170
12760.87 secs, 1408800 evals, 1408930 steps, improv/step: 0.021 (last = 0.0061), fitness=-357146759.199116468
12790.92 secs, 1411766 evals, 1411896 steps, improv/step: 0.021 (last = 0.0037), fitness=-357146759.199116468
12821.22 secs, 1414737 evals, 1414868 steps, improv/step: 0.021 (last = 0.0037), fitness=-357146759.199116468
12851.22 secs, 1417698 evals, 1417829 steps, improv/step: 0.021 (last = 0.0030), fitness=-357146759.199116468
12881.53 secs, 1420698 evals, 1420829 steps, improv/step: 0.021 (last = 0.0040), fitness=-357146759.199116468
12911.85 secs, 1423686 evals, 1423817 steps, improv/step: 0.021 (last = 0.0027), fitness=-357146759.199116468
12941.85 secs, 1426487 evals, 1426618 steps, improv/step: 0.021 (last = 0.0025), fitness=-357146759.199116468
12971.86 secs, 1429288 evals, 1429419 steps, improv/step: 0.021 (last = 0.0029), fitness=-357146759.199116468
13001.86 secs, 1432254 evals, 1432386 steps, improv/step: 0.021 (last = 0.0034), fitness=-357146759.199116468
13031.86 secs, 1435041 evals, 1435175 steps, improv/step: 0.020 (last = 0.0050), fitness=-357146759.199116468
13062.03 secs, 1437853 evals, 1437987 steps, improv/step: 0.020 (last = 0.0039), fitness=-357146759.199116468
13092.04 secs, 1440788 evals, 1440924 steps, improv/step: 0.020 (last = 0.0041), fitness=-357146759.199116468
13122.04 secs, 1443608 evals, 1443746 steps, improv/step: 0.020 (last = 0.0025), fitness=-357146759.199116468
13152.05 secs, 1446508 evals, 1446646 steps, improv/step: 0.020 (last = 0.0031), fitness=-357146759.199116468
13182.44 secs, 1449320 evals, 1449458 steps, improv/step: 0.020 (last = 0.0028), fitness=-357146759.199116468
13212.44 secs, 1452159 evals, 1452299 steps, improv/step: 0.020 (last = 0.0018), fitness=-357146759.199116468
13242.44 secs, 1455077 evals, 1455218 steps, improv/step: 0.020 (last = 0.0014), fitness=-357146759.199116468
13272.94 secs, 1458028 evals, 1458169 steps, improv/step: 0.020 (last = 0.0014), fitness=-357146759.199116468
13302.95 secs, 1460875 evals, 1461018 steps, improv/step: 0.020 (last = 0.0007), fitness=-357146759.199116468
13332.95 secs, 1463757 evals, 1463901 steps, improv/step: 0.020 (last = 0.0003), fitness=-357146759.199116468
13362.96 secs, 1466604 evals, 1466748 steps, improv/step: 0.020 (last = 0.0011), fitness=-357146759.199116528
13392.97 secs, 1469581 evals, 1469725 steps, improv/step: 0.020 (last = 0.0013), fitness=-357146759.199116528
13423.07 secs, 1472499 evals, 1472643 steps, improv/step: 0.020 (last = 0.0010), fitness=-357146759.199116528
13453.07 secs, 1475432 evals, 1475577 steps, improv/step: 0.020 (last = 0.0003), fitness=-357146759.199116528
13483.08 secs, 1478373 evals, 1478519 steps, improv/step: 0.020 (last = 0.0010), fitness=-357146759.199116528
13513.08 secs, 1481099 evals, 1481245 steps, improv/step: 0.020 (last = 0.0015), fitness=-357146759.199116528
13543.09 secs, 1483909 evals, 1484055 steps, improv/step: 0.020 (last = 0.0021), fitness=-357146759.199116528
13573.09 secs, 1486715 evals, 1486864 steps, improv/step: 0.020 (last = 0.0021), fitness=-357146759.199116588
13603.10 secs, 1489563 evals, 1489713 steps, improv/step: 0.020 (last = 0.0032), fitness=-357146759.199116588
13633.44 secs, 1492439 evals, 1492589 steps, improv/step: 0.020 (last = 0.0007), fitness=-357146759.199116588
13663.45 secs, 1495399 evals, 1495549 steps, improv/step: 0.020 (last = 0.0017), fitness=-357146759.199116647
13693.45 secs, 1498122 evals, 1498273 steps, improv/step: 0.020 (last = 0.0026), fitness=-357146759.199116647
13723.91 secs, 1500932 evals, 1501084 steps, improv/step: 0.020 (last = 0.0007), fitness=-357146759.199116647
13753.92 secs, 1503838 evals, 1503991 steps, improv/step: 0.020 (last = 0.0021), fitness=-357146759.199116647
13783.92 secs, 1506750 evals, 1506903 steps, improv/step: 0.020 (last = 0.0027), fitness=-357146759.199116647
13814.26 secs, 1509467 evals, 1509621 steps, improv/step: 0.020 (last = 0.0007), fitness=-357146759.199117005
13844.26 secs, 1512448 evals, 1512603 steps, improv/step: 0.020 (last = 0.0010), fitness=-357146759.199117005
13874.27 secs, 1515489 evals, 1515647 steps, improv/step: 0.019 (last = 0.0023), fitness=-357146759.199117005
13904.27 secs, 1518367 evals, 1518525 steps, improv/step: 0.019 (last = 0.0014), fitness=-357146759.199117005
13934.27 secs, 1521459 evals, 1521618 steps, improv/step: 0.019 (last = 0.0013), fitness=-357146759.199117005
13964.28 secs, 1524452 evals, 1524614 steps, improv/step: 0.019 (last = 0.0013), fitness=-357146759.199117005
13994.28 secs, 1527534 evals, 1527697 steps, improv/step: 0.019 (last = 0.0010), fitness=-357146759.199117005
14024.60 secs, 1530540 evals, 1530705 steps, improv/step: 0.019 (last = 0.0017), fitness=-357146759.199117184
14054.60 secs, 1533669 evals, 1533836 steps, improv/step: 0.019 (last = 0.0019), fitness=-357146759.199117184
14084.61 secs, 1536698 evals, 1536865 steps, improv/step: 0.019 (last = 0.0023), fitness=-357146759.199117184
14114.61 secs, 1539688 evals, 1539856 steps, improv/step: 0.019 (last = 0.0020), fitness=-357146759.199117184
14144.61 secs, 1542744 evals, 1542913 steps, improv/step: 0.019 (last = 0.0033), fitness=-357146759.199117184
14174.62 secs, 1545588 evals, 1545757 steps, improv/step: 0.019 (last = 0.0032), fitness=-357146759.199117243
14204.86 secs, 1548420 evals, 1548590 steps, improv/step: 0.019 (last = 0.0028), fitness=-357146759.199117243
14234.86 secs, 1551452 evals, 1551624 steps, improv/step: 0.019 (last = 0.0033), fitness=-357146759.199117243
14264.87 secs, 1554404 evals, 1554576 steps, improv/step: 0.019 (last = 0.0041), fitness=-357146759.199117243
14294.87 secs, 1557402 evals, 1557574 steps, improv/step: 0.019 (last = 0.0027), fitness=-357146759.199117243
14324.87 secs, 1560415 evals, 1560588 steps, improv/step: 0.019 (last = 0.0027), fitness=-357146759.199117303
14354.88 secs, 1563345 evals, 1563519 steps, improv/step: 0.019 (last = 0.0031), fitness=-357146759.199117303
14384.88 secs, 1566216 evals, 1566391 steps, improv/step: 0.019 (last = 0.0024), fitness=-357146759.199117303
14414.88 secs, 1569126 evals, 1569303 steps, improv/step: 0.019 (last = 0.0027), fitness=-357146759.199117303
14444.89 secs, 1572056 evals, 1572233 steps, improv/step: 0.019 (last = 0.0044), fitness=-357146759.199117303
14474.89 secs, 1574997 evals, 1575176 steps, improv/step: 0.019 (last = 0.0054), fitness=-357146759.199117303
14504.89 secs, 1577950 evals, 1578131 steps, improv/step: 0.019 (last = 0.0047), fitness=-357146759.199117362
14534.89 secs, 1580801 evals, 1580982 steps, improv/step: 0.019 (last = 0.0070), fitness=-357146759.199117422
14564.90 secs, 1583730 evals, 1583912 steps, improv/step: 0.019 (last = 0.0109), fitness=-357146759.199117422
14594.90 secs, 1586602 evals, 1586784 steps, improv/step: 0.019 (last = 0.0338), fitness=-357146759.199117482
14624.91 secs, 1589528 evals, 1589712 steps, improv/step: 0.019 (last = 0.0444), fitness=-357146759.199117541
14654.91 secs, 1592451 evals, 1592636 steps, improv/step: 0.019 (last = 0.0209), fitness=-357146759.199118018
14684.92 secs, 1595224 evals, 1595409 steps, improv/step: 0.019 (last = 0.0227), fitness=-357146759.199118018
14714.93 secs, 1597915 evals, 1598102 steps, improv/step: 0.019 (last = 0.0223), fitness=-357146759.199118018
14744.94 secs, 1600692 evals, 1600881 steps, improv/step: 0.019 (last = 0.0299), fitness=-357146759.199118018
14775.00 secs, 1603433 evals, 1603624 steps, improv/step: 0.019 (last = 0.0226), fitness=-357146759.199118137
14805.00 secs, 1606219 evals, 1606411 steps, improv/step: 0.019 (last = 0.0327), fitness=-357146759.199118137
14835.01 secs, 1608902 evals, 1609094 steps, improv/step: 0.019 (last = 0.0302), fitness=-357146759.199118197
14865.02 secs, 1611700 evals, 1611892 steps, improv/step: 0.019 (last = 0.0211), fitness=-357146759.199118316
14895.02 secs, 1614506 evals, 1614699 steps, improv/step: 0.019 (last = 0.0310), fitness=-357146759.199118316
14925.03 secs, 1617313 evals, 1617508 steps, improv/step: 0.019 (last = 0.0317), fitness=-357146759.199118316
14955.04 secs, 1620069 evals, 1620264 steps, improv/step: 0.019 (last = 0.0316), fitness=-357146759.199118316
14985.04 secs, 1622794 evals, 1622990 steps, improv/step: 0.019 (last = 0.0224), fitness=-357146759.199118316
15015.05 secs, 1625558 evals, 1625756 steps, improv/step: 0.019 (last = 0.0170), fitness=-357146759.199118316
15045.05 secs, 1628302 evals, 1628501 steps, improv/step: 0.019 (last = 0.0106), fitness=-357146759.199118316
15075.06 secs, 1631127 evals, 1631327 steps, improv/step: 0.019 (last = 0.0124), fitness=-357146759.199118376
15105.15 secs, 1633891 evals, 1634092 steps, improv/step: 0.019 (last = 0.0119), fitness=-357146759.199118376
15135.15 secs, 1636671 evals, 1636872 steps, improv/step: 0.019 (last = 0.0126), fitness=-357146759.199118495
15165.16 secs, 1639433 evals, 1639635 steps, improv/step: 0.019 (last = 0.0094), fitness=-357146759.199118495
15195.16 secs, 1642173 evals, 1642377 steps, improv/step: 0.019 (last = 0.0066), fitness=-357146759.199118495
15225.16 secs, 1644895 evals, 1645101 steps, improv/step: 0.019 (last = 0.0114), fitness=-357146759.199118495
15255.61 secs, 1647731 evals, 1647937 steps, improv/step: 0.019 (last = 0.0049), fitness=-357146759.199118495
15285.62 secs, 1650620 evals, 1650827 steps, improv/step: 0.019 (last = 0.0073), fitness=-357146759.199118495
15315.63 secs, 1653395 evals, 1653603 steps, improv/step: 0.019 (last = 0.0068), fitness=-357146759.199118495
15345.63 secs, 1656161 evals, 1656371 steps, improv/step: 0.019 (last = 0.0065), fitness=-357146759.199118495
15375.64 secs, 1658937 evals, 1659147 steps, improv/step: 0.019 (last = 0.0058), fitness=-357146759.199118495
15405.64 secs, 1661742 evals, 1661952 steps, improv/step: 0.019 (last = 0.0057), fitness=-357146759.199118495
15435.65 secs, 1664540 evals, 1664751 steps, improv/step: 0.019 (last = 0.0061), fitness=-357146759.199118495
15465.65 secs, 1667339 evals, 1667550 steps, improv/step: 0.019 (last = 0.0096), fitness=-357146759.199118495
15495.66 secs, 1670265 evals, 1670476 steps, improv/step: 0.019 (last = 0.0065), fitness=-357146759.199118495
15525.67 secs, 1673043 evals, 1673254 steps, improv/step: 0.019 (last = 0.0065), fitness=-357146759.199118495
15555.67 secs, 1675874 evals, 1676085 steps, improv/step: 0.019 (last = 0.0032), fitness=-357146759.199118495
15585.68 secs, 1678679 evals, 1678890 steps, improv/step: 0.019 (last = 0.0053), fitness=-357146759.199118495
15615.68 secs, 1681450 evals, 1681661 steps, improv/step: 0.019 (last = 0.0083), fitness=-357146759.199118495
15645.68 secs, 1684212 evals, 1684424 steps, improv/step: 0.019 (last = 0.0036), fitness=-357146759.199118495
15675.68 secs, 1687033 evals, 1687245 steps, improv/step: 0.019 (last = 0.0050), fitness=-357146759.199118495
15705.74 secs, 1689892 evals, 1690107 steps, improv/step: 0.019 (last = 0.0059), fitness=-357146759.199118495
15735.75 secs, 1692805 evals, 1693020 steps, improv/step: 0.019 (last = 0.0048), fitness=-357146759.199118793
15765.75 secs, 1695611 evals, 1695827 steps, improv/step: 0.019 (last = 0.0050), fitness=-357146759.199118793
15795.76 secs, 1698457 evals, 1698674 steps, improv/step: 0.019 (last = 0.0025), fitness=-357146759.199118793
15825.76 secs, 1701245 evals, 1701462 steps, improv/step: 0.018 (last = 0.0047), fitness=-357146759.199118793
15855.77 secs, 1704122 evals, 1704339 steps, improv/step: 0.018 (last = 0.0024), fitness=-357146759.199118793
15885.77 secs, 1706758 evals, 1706975 steps, improv/step: 0.018 (last = 0.0046), fitness=-357146759.199118793
15915.77 secs, 1709516 evals, 1709733 steps, improv/step: 0.018 (last = 0.0058), fitness=-357146759.199118793
15945.78 secs, 1712246 evals, 1712463 steps, improv/step: 0.018 (last = 0.0026), fitness=-357146759.199118793
15975.78 secs, 1714920 evals, 1715137 steps, improv/step: 0.018 (last = 0.0034), fitness=-357146759.199118793
16005.78 secs, 1717783 evals, 1718000 steps, improv/step: 0.018 (last = 0.0028), fitness=-357146759.199118793
16035.79 secs, 1720555 evals, 1720772 steps, improv/step: 0.018 (last = 0.0018), fitness=-357146759.199118793
16065.79 secs, 1723261 evals, 1723478 steps, improv/step: 0.018 (last = 0.0022), fitness=-357146759.199118793
16095.79 secs, 1725939 evals, 1726156 steps, improv/step: 0.018 (last = 0.0007), fitness=-357146759.199118793
16125.80 secs, 1728757 evals, 1728975 steps, improv/step: 0.018 (last = 0.0014), fitness=-357146759.199118793
16155.80 secs, 1731565 evals, 1731784 steps, improv/step: 0.018 (last = 0.0011), fitness=-357146759.199118853
16185.81 secs, 1734352 evals, 1734571 steps, improv/step: 0.018 (last = 0.0018), fitness=-357146759.199118853
16216.04 secs, 1737121 evals, 1737340 steps, improv/step: 0.018 (last = 0.0018), fitness=-357146759.199118853
16246.05 secs, 1739839 evals, 1740058 steps, improv/step: 0.018 (last = 0.0018), fitness=-357146759.199118853
16276.33 secs, 1742499 evals, 1742719 steps, improv/step: 0.018 (last = 0.0030), fitness=-357146759.199119091
16306.33 secs, 1745200 evals, 1745420 steps, improv/step: 0.018 (last = 0.0048), fitness=-357146759.199119091
16336.34 secs, 1747957 evals, 1748177 steps, improv/step: 0.018 (last = 0.0044), fitness=-357146759.199119091
16366.34 secs, 1750790 evals, 1751010 steps, improv/step: 0.018 (last = 0.0014), fitness=-357146759.199119091
16396.35 secs, 1753621 evals, 1753841 steps, improv/step: 0.018 (last = 0.0046), fitness=-357146759.199119091
16426.55 secs, 1756397 evals, 1756618 steps, improv/step: 0.018 (last = 0.0040), fitness=-357146759.199119091
16456.62 secs, 1759241 evals, 1759462 steps, improv/step: 0.018 (last = 0.0049), fitness=-357146759.199119091
16486.62 secs, 1762078 evals, 1762299 steps, improv/step: 0.018 (last = 0.0039), fitness=-357146759.199119091
16516.62 secs, 1764844 evals, 1765066 steps, improv/step: 0.018 (last = 0.0058), fitness=-357146759.199119091
16546.63 secs, 1767567 evals, 1767789 steps, improv/step: 0.018 (last = 0.0073), fitness=-357146759.199119151
16576.83 secs, 1770136 evals, 1770359 steps, improv/step: 0.018 (last = 0.0066), fitness=-357146759.199119151
16606.83 secs, 1772879 evals, 1773102 steps, improv/step: 0.018 (last = 0.0095), fitness=-357146759.199119270
16636.83 secs, 1775671 evals, 1775895 steps, improv/step: 0.018 (last = 0.0086), fitness=-357146759.199119270
16666.84 secs, 1778602 evals, 1778827 steps, improv/step: 0.018 (last = 0.0116), fitness=-357146759.199119270
16696.85 secs, 1781443 evals, 1781668 steps, improv/step: 0.018 (last = 0.0092), fitness=-357146759.199119270
16727.12 secs, 1784235 evals, 1784460 steps, improv/step: 0.018 (last = 0.0039), fitness=-357146759.199119270
16757.13 secs, 1786880 evals, 1787105 steps, improv/step: 0.018 (last = 0.0113), fitness=-357146759.199119270
16787.13 secs, 1789695 evals, 1789920 steps, improv/step: 0.018 (last = 0.0039), fitness=-357146759.199119329
16817.42 secs, 1792376 evals, 1792601 steps, improv/step: 0.018 (last = 0.0127), fitness=-357146759.199119329
16847.43 secs, 1795214 evals, 1795439 steps, improv/step: 0.018 (last = 0.0123), fitness=-357146759.199119329
16877.43 secs, 1797906 evals, 1798131 steps, improv/step: 0.018 (last = 0.0067), fitness=-357146759.199119329
16907.43 secs, 1800605 evals, 1800830 steps, improv/step: 0.018 (last = 0.0082), fitness=-357146759.199119329
16937.44 secs, 1803200 evals, 1803425 steps, improv/step: 0.018 (last = 0.0096), fitness=-357146759.199119329
16967.44 secs, 1805946 evals, 1806171 steps, improv/step: 0.018 (last = 0.0076), fitness=-357146759.199119329
16997.73 secs, 1808758 evals, 1808983 steps, improv/step: 0.018 (last = 0.0075), fitness=-357146759.199119389
17027.74 secs, 1811600 evals, 1811825 steps, improv/step: 0.018 (last = 0.0070), fitness=-357146759.199119389
17057.74 secs, 1814460 evals, 1814687 steps, improv/step: 0.018 (last = 0.0066), fitness=-357146759.199119389
17087.74 secs, 1817414 evals, 1817641 steps, improv/step: 0.018 (last = 0.0078), fitness=-357146759.199119389
17117.75 secs, 1820258 evals, 1820485 steps, improv/step: 0.018 (last = 0.0039), fitness=-357146759.199119449
17147.75 secs, 1823227 evals, 1823454 steps, improv/step: 0.018 (last = 0.0077), fitness=-357146759.199119449
17177.75 secs, 1826288 evals, 1826515 steps, improv/step: 0.018 (last = 0.0078), fitness=-357146759.199119449
17207.76 secs, 1829189 evals, 1829418 steps, improv/step: 0.018 (last = 0.0079), fitness=-357146759.199119568
17237.76 secs, 1831943 evals, 1832172 steps, improv/step: 0.018 (last = 0.0073), fitness=-357146759.199119568
17267.77 secs, 1834851 evals, 1835081 steps, improv/step: 0.018 (last = 0.0134), fitness=-357146759.199119568
17297.77 secs, 1837744 evals, 1837975 steps, improv/step: 0.018 (last = 0.0114), fitness=-357146759.199119568
17327.77 secs, 1840640 evals, 1840871 steps, improv/step: 0.018 (last = 0.0197), fitness=-357146759.199119627
17357.78 secs, 1843603 evals, 1843835 steps, improv/step: 0.018 (last = 0.0179), fitness=-357146759.199119627
17387.79 secs, 1846554 evals, 1846786 steps, improv/step: 0.018 (last = 0.0139), fitness=-357146759.199119687
17418.03 secs, 1849503 evals, 1849735 steps, improv/step: 0.018 (last = 0.0129), fitness=-357146759.199119687
17448.34 secs, 1852484 evals, 1852717 steps, improv/step: 0.018 (last = 0.0114), fitness=-357146759.199119687
17478.35 secs, 1855498 evals, 1855731 steps, improv/step: 0.018 (last = 0.0109), fitness=-357146759.199119687
17508.35 secs, 1858436 evals, 1858669 steps, improv/step: 0.018 (last = 0.0071), fitness=-357146759.199119806
17538.35 secs, 1861392 evals, 1861625 steps, improv/step: 0.017 (last = 0.0064), fitness=-357146759.199119985
17568.36 secs, 1864282 evals, 1864515 steps, improv/step: 0.017 (last = 0.0069), fitness=-357146759.199119985
17598.76 secs, 1867184 evals, 1867417 steps, improv/step: 0.017 (last = 0.0114), fitness=-357146759.199119985
17629.11 secs, 1870191 evals, 1870424 steps, improv/step: 0.017 (last = 0.0096), fitness=-357146759.199119985
17659.12 secs, 1873125 evals, 1873358 steps, improv/step: 0.017 (last = 0.0116), fitness=-357146759.199119985
17689.12 secs, 1875986 evals, 1876219 steps, improv/step: 0.017 (last = 0.0157), fitness=-357146759.199119985
17719.12 secs, 1878912 evals, 1879145 steps, improv/step: 0.017 (last = 0.0092), fitness=-357146759.199119985
17749.13 secs, 1881766 evals, 1881999 steps, improv/step: 0.017 (last = 0.0063), fitness=-357146759.199119985
17779.13 secs, 1884791 evals, 1885025 steps, improv/step: 0.017 (last = 0.0112), fitness=-357146759.199119985
17809.14 secs, 1887731 evals, 1887965 steps, improv/step: 0.017 (last = 0.0119), fitness=-357146759.199119985
17839.15 secs, 1890568 evals, 1890802 steps, improv/step: 0.017 (last = 0.0106), fitness=-357146759.199119985
17869.15 secs, 1893524 evals, 1893758 steps, improv/step: 0.017 (last = 0.0105), fitness=-357146759.199119985
17899.16 secs, 1896449 evals, 1896683 steps, improv/step: 0.017 (last = 0.0140), fitness=-357146759.199119985
17929.16 secs, 1899341 evals, 1899575 steps, improv/step: 0.017 (last = 0.0107), fitness=-357146759.199119985
17959.17 secs, 1902266 evals, 1902500 steps, improv/step: 0.017 (last = 0.0109), fitness=-357146759.199119985
17989.17 secs, 1905211 evals, 1905446 steps, improv/step: 0.017 (last = 0.0115), fitness=-357146759.199119985
18019.18 secs, 1908162 evals, 1908397 steps, improv/step: 0.017 (last = 0.0119), fitness=-357146759.199120045
18049.18 secs, 1911055 evals, 1911290 steps, improv/step: 0.017 (last = 0.0090), fitness=-357146759.199120045
18079.18 secs, 1913940 evals, 1914175 steps, improv/step: 0.017 (last = 0.0066), fitness=-357146759.199120045
18109.19 secs, 1916780 evals, 1917015 steps, improv/step: 0.017 (last = 0.0074), fitness=-357146759.199120045
18139.19 secs, 1919695 evals, 1919930 steps, improv/step: 0.017 (last = 0.0103), fitness=-357146759.199120045
18169.19 secs, 1922520 evals, 1922755 steps, improv/step: 0.017 (last = 0.0099), fitness=-357146759.199120045
18199.20 secs, 1925306 evals, 1925541 steps, improv/step: 0.017 (last = 0.0101), fitness=-357146759.199120045
18229.21 secs, 1928218 evals, 1928453 steps, improv/step: 0.017 (last = 0.0062), fitness=-357146759.199120045
18259.21 secs, 1931027 evals, 1931262 steps, improv/step: 0.017 (last = 0.0121), fitness=-357146759.199120045
18289.21 secs, 1934007 evals, 1934242 steps, improv/step: 0.017 (last = 0.0060), fitness=-357146759.199120045
18319.33 secs, 1936921 evals, 1937156 steps, improv/step: 0.017 (last = 0.0082), fitness=-357146759.199120045
18349.34 secs, 1939955 evals, 1940191 steps, improv/step: 0.017 (last = 0.0040), fitness=-357146759.199120045
18379.86 secs, 1942863 evals, 1943099 steps, improv/step: 0.017 (last = 0.0048), fitness=-357146759.199120045
18409.87 secs, 1945766 evals, 1946002 steps, improv/step: 0.017 (last = 0.0024), fitness=-357146759.199120045
18439.87 secs, 1948680 evals, 1948916 steps, improv/step: 0.017 (last = 0.0055), fitness=-357146759.199120045
18469.88 secs, 1951612 evals, 1951849 steps, improv/step: 0.017 (last = 0.0065), fitness=-357146759.199120045
18500.19 secs, 1954511 evals, 1954748 steps, improv/step: 0.017 (last = 0.0079), fitness=-357146759.199120045
18530.19 secs, 1957452 evals, 1957689 steps, improv/step: 0.017 (last = 0.0044), fitness=-357146759.199120045
18560.19 secs, 1960335 evals, 1960572 steps, improv/step: 0.017 (last = 0.0055), fitness=-357146759.199120045
18590.20 secs, 1963346 evals, 1963583 steps, improv/step: 0.017 (last = 0.0040), fitness=-357146759.199120045
18620.43 secs, 1966225 evals, 1966462 steps, improv/step: 0.017 (last = 0.0083), fitness=-357146759.199120104
18650.43 secs, 1969179 evals, 1969418 steps, improv/step: 0.017 (last = 0.0074), fitness=-357146759.199120104
18680.44 secs, 1972166 evals, 1972405 steps, improv/step: 0.017 (last = 0.0077), fitness=-357146759.199120104
18710.63 secs, 1975124 evals, 1975363 steps, improv/step: 0.017 (last = 0.0085), fitness=-357146759.199120104
18741.09 secs, 1978003 evals, 1978243 steps, improv/step: 0.017 (last = 0.0066), fitness=-357146759.199120104
18771.09 secs, 1980919 evals, 1981161 steps, improv/step: 0.017 (last = 0.0072), fitness=-357146759.199120104
18801.09 secs, 1983812 evals, 1984054 steps, improv/step: 0.017 (last = 0.0062), fitness=-357146759.199120104
18831.10 secs, 1986678 evals, 1986920 steps, improv/step: 0.017 (last = 0.0133), fitness=-357146759.199120104
18861.42 secs, 1989556 evals, 1989798 steps, improv/step: 0.017 (last = 0.0170), fitness=-357146759.199120104
18891.43 secs, 1992519 evals, 1992761 steps, improv/step: 0.017 (last = 0.0091), fitness=-357146759.199120104
18921.43 secs, 1995488 evals, 1995730 steps, improv/step: 0.017 (last = 0.0148), fitness=-357146759.199120104
18951.44 secs, 1998378 evals, 1998620 steps, improv/step: 0.017 (last = 0.0087), fitness=-357146759.199120104
18982.00 secs, 2001171 evals, 2001415 steps, improv/step: 0.017 (last = 0.0114), fitness=-357146759.199120104
19012.00 secs, 2003829 evals, 2004073 steps, improv/step: 0.017 (last = 0.0083), fitness=-357146759.199120104
19042.01 secs, 2006599 evals, 2006843 steps, improv/step: 0.017 (last = 0.0065), fitness=-357146759.199120104
19072.02 secs, 2009243 evals, 2009487 steps, improv/step: 0.017 (last = 0.0049), fitness=-357146759.199120104
19102.02 secs, 2012078 evals, 2012322 steps, improv/step: 0.017 (last = 0.0085), fitness=-357146759.199120104
19132.20 secs, 2014898 evals, 2015142 steps, improv/step: 0.017 (last = 0.0099), fitness=-357146759.199120104
19162.21 secs, 2017716 evals, 2017960 steps, improv/step: 0.017 (last = 0.0064), fitness=-357146759.199120104
19192.39 secs, 2020472 evals, 2020716 steps, improv/step: 0.017 (last = 0.0065), fitness=-357146759.199120104
19222.40 secs, 2023361 evals, 2023605 steps, improv/step: 0.017 (last = 0.0073), fitness=-357146759.199120104
19252.40 secs, 2026063 evals, 2026307 steps, improv/step: 0.017 (last = 0.0089), fitness=-357146759.199120104
19282.40 secs, 2028932 evals, 2029176 steps, improv/step: 0.017 (last = 0.0059), fitness=-357146759.199120104
19312.41 secs, 2031776 evals, 2032021 steps, improv/step: 0.017 (last = 0.0077), fitness=-357146759.199120104
19342.92 secs, 2034618 evals, 2034863 steps, improv/step: 0.017 (last = 0.0084), fitness=-357146759.199120104
19373.20 secs, 2037280 evals, 2037525 steps, improv/step: 0.017 (last = 0.0068), fitness=-357146759.199120104
19403.21 secs, 2040024 evals, 2040269 steps, improv/step: 0.017 (last = 0.0087), fitness=-357146759.199120104
19433.56 secs, 2042912 evals, 2043157 steps, improv/step: 0.017 (last = 0.0062), fitness=-357146759.199120104
19463.56 secs, 2045761 evals, 2046006 steps, improv/step: 0.017 (last = 0.0095), fitness=-357146759.199120104
19493.57 secs, 2048473 evals, 2048718 steps, improv/step: 0.017 (last = 0.0133), fitness=-357146759.199120104
19523.57 secs, 2051119 evals, 2051364 steps, improv/step: 0.017 (last = 0.0136), fitness=-357146759.199120104
19553.81 secs, 2053920 evals, 2054165 steps, improv/step: 0.017 (last = 0.0157), fitness=-357146759.199120104
19583.82 secs, 2056768 evals, 2057013 steps, improv/step: 0.017 (last = 0.0140), fitness=-357146759.199120104
19613.83 secs, 2059434 evals, 2059679 steps, improv/step: 0.017 (last = 0.0101), fitness=-357146759.199120104
19644.21 secs, 2062286 evals, 2062531 steps, improv/step: 0.017 (last = 0.0119), fitness=-357146759.199120104
19674.22 secs, 2065077 evals, 2065322 steps, improv/step: 0.017 (last = 0.0107), fitness=-357146759.199120104
19704.23 secs, 2067963 evals, 2068208 steps, improv/step: 0.017 (last = 0.0114), fitness=-357146759.199120104
19734.43 secs, 2070684 evals, 2070929 steps, improv/step: 0.017 (last = 0.0125), fitness=-357146759.199120104
19764.43 secs, 2073447 evals, 2073692 steps, improv/step: 0.017 (last = 0.0138), fitness=-357146759.199120104
19794.44 secs, 2076276 evals, 2076522 steps, improv/step: 0.017 (last = 0.0095), fitness=-357146759.199120104
19824.44 secs, 2079103 evals, 2079349 steps, improv/step: 0.017 (last = 0.0113), fitness=-357146759.199120104
19854.44 secs, 2081942 evals, 2082188 steps, improv/step: 0.017 (last = 0.0123), fitness=-357146759.199120104
19884.44 secs, 2084553 evals, 2084799 steps, improv/step: 0.017 (last = 0.0157), fitness=-357146759.199120104
19914.44 secs, 2087241 evals, 2087487 steps, improv/step: 0.017 (last = 0.0123), fitness=-357146759.199120104
19944.45 secs, 2089952 evals, 2090198 steps, improv/step: 0.017 (last = 0.0100), fitness=-357146759.199120104
19974.58 secs, 2092729 evals, 2092975 steps, improv/step: 0.017 (last = 0.0144), fitness=-357146759.199120104
20004.58 secs, 2095590 evals, 2095836 steps, improv/step: 0.017 (last = 0.0059), fitness=-357146759.199120104
20034.59 secs, 2098450 evals, 2098696 steps, improv/step: 0.017 (last = 0.0059), fitness=-357146759.199120104
20064.59 secs, 2101262 evals, 2101508 steps, improv/step: 0.017 (last = 0.0075), fitness=-357146759.199120104
20094.60 secs, 2104252 evals, 2104498 steps, improv/step: 0.017 (last = 0.0080), fitness=-357146759.199120104
20124.60 secs, 2107238 evals, 2107485 steps, improv/step: 0.017 (last = 0.0067), fitness=-357146759.199120104
20154.60 secs, 2110066 evals, 2110313 steps, improv/step: 0.017 (last = 0.0074), fitness=-357146759.199120104
20184.60 secs, 2112974 evals, 2113221 steps, improv/step: 0.016 (last = 0.0072), fitness=-357146759.199120104
20214.61 secs, 2115787 evals, 2116034 steps, improv/step: 0.016 (last = 0.0068), fitness=-357146759.199120104
20244.61 secs, 2118614 evals, 2118861 steps, improv/step: 0.016 (last = 0.0064), fitness=-357146759.199120104
20275.06 secs, 2121433 evals, 2121682 steps, improv/step: 0.016 (last = 0.0064), fitness=-357146759.199120104
20305.06 secs, 2124404 evals, 2124653 steps, improv/step: 0.016 (last = 0.0118), fitness=-357146759.199120104
20335.07 secs, 2127369 evals, 2127619 steps, improv/step: 0.016 (last = 0.0061), fitness=-357146759.199120104
20365.07 secs, 2130221 evals, 2130472 steps, improv/step: 0.016 (last = 0.0035), fitness=-357146759.199120104
20395.08 secs, 2133042 evals, 2133293 steps, improv/step: 0.016 (last = 0.0103), fitness=-357146759.199120104
20425.08 secs, 2135733 evals, 2135984 steps, improv/step: 0.016 (last = 0.0093), fitness=-357146759.199120104
20455.09 secs, 2138578 evals, 2138830 steps, improv/step: 0.016 (last = 0.0063), fitness=-357146759.199120104
20485.10 secs, 2141409 evals, 2141661 steps, improv/step: 0.016 (last = 0.0060), fitness=-357146759.199120104
20515.10 secs, 2144234 evals, 2144486 steps, improv/step: 0.016 (last = 0.0067), fitness=-357146759.199120104
20545.11 secs, 2147080 evals, 2147332 steps, improv/step: 0.016 (last = 0.0067), fitness=-357146759.199120104
20575.12 secs, 2149931 evals, 2150183 steps, improv/step: 0.016 (last = 0.0067), fitness=-357146759.199120104
20605.12 secs, 2152748 evals, 2153001 steps, improv/step: 0.016 (last = 0.0085), fitness=-357146759.199120104
20635.12 secs, 2155489 evals, 2155742 steps, improv/step: 0.016 (last = 0.0062), fitness=-357146759.199120104
20665.13 secs, 2158298 evals, 2158552 steps, improv/step: 0.016 (last = 0.0078), fitness=-357146759.199120104
20695.14 secs, 2161051 evals, 2161305 steps, improv/step: 0.016 (last = 0.0065), fitness=-357146759.199120104
20725.15 secs, 2163690 evals, 2163945 steps, improv/step: 0.016 (last = 0.0072), fitness=-357146759.199120104
20755.16 secs, 2166362 evals, 2166617 steps, improv/step: 0.016 (last = 0.0041), fitness=-357146759.199120104
20785.16 secs, 2168962 evals, 2169217 steps, improv/step: 0.016 (last = 0.0077), fitness=-357146759.199120104
20815.17 secs, 2171729 evals, 2171984 steps, improv/step: 0.016 (last = 0.0087), fitness=-357146759.199120104
20845.53 secs, 2174272 evals, 2174527 steps, improv/step: 0.016 (last = 0.0126), fitness=-357146759.199120104
20875.54 secs, 2176926 evals, 2177181 steps, improv/step: 0.016 (last = 0.0087), fitness=-357146759.199120104
20905.54 secs, 2179677 evals, 2179932 steps, improv/step: 0.016 (last = 0.0069), fitness=-357146759.199120104
20935.54 secs, 2182496 evals, 2182752 steps, improv/step: 0.016 (last = 0.0121), fitness=-357146759.199120104
20965.55 secs, 2185408 evals, 2185664 steps, improv/step: 0.016 (last = 0.0110), fitness=-357146759.199120104
20995.55 secs, 2188199 evals, 2188455 steps, improv/step: 0.016 (last = 0.0079), fitness=-357146759.199120104
21025.55 secs, 2190941 evals, 2191197 steps, improv/step: 0.016 (last = 0.0113), fitness=-357146759.199120104
21055.56 secs, 2193685 evals, 2193942 steps, improv/step: 0.016 (last = 0.0128), fitness=-357146759.199120104
21085.57 secs, 2196330 evals, 2196587 steps, improv/step: 0.016 (last = 0.0129), fitness=-357146759.199120104
21115.62 secs, 2198923 evals, 2199180 steps, improv/step: 0.016 (last = 0.0131), fitness=-357146759.199120104
21145.62 secs, 2201793 evals, 2202050 steps, improv/step: 0.016 (last = 0.0084), fitness=-357146759.199120104
21176.02 secs, 2204649 evals, 2204906 steps, improv/step: 0.016 (last = 0.0088), fitness=-357146759.199120104
21206.03 secs, 2207742 evals, 2207999 steps, improv/step: 0.016 (last = 0.0097), fitness=-357146759.199120104
21236.03 secs, 2210698 evals, 2210955 steps, improv/step: 0.016 (last = 0.0085), fitness=-357146759.199120104
21266.12 secs, 2213582 evals, 2213839 steps, improv/step: 0.016 (last = 0.0087), fitness=-357146759.199120104
21296.45 secs, 2216461 evals, 2216719 steps, improv/step: 0.016 (last = 0.0101), fitness=-357146759.199120104
21326.45 secs, 2219390 evals, 2219648 steps, improv/step: 0.016 (last = 0.0099), fitness=-357146759.199120104
21356.45 secs, 2222309 evals, 2222567 steps, improv/step: 0.016 (last = 0.0086), fitness=-357146759.199120104
21386.46 secs, 2225245 evals, 2225503 steps, improv/step: 0.016 (last = 0.0082), fitness=-357146759.199120104
21416.46 secs, 2228333 evals, 2228591 steps, improv/step: 0.016 (last = 0.0084), fitness=-357146759.199120104
21446.47 secs, 2231345 evals, 2231604 steps, improv/step: 0.016 (last = 0.0133), fitness=-357146759.199120104
21476.47 secs, 2234360 evals, 2234619 steps, improv/step: 0.016 (last = 0.0086), fitness=-357146759.199120104
21506.48 secs, 2237306 evals, 2237566 steps, improv/step: 0.016 (last = 0.0068), fitness=-357146759.199120104
21536.63 secs, 2240261 evals, 2240521 steps, improv/step: 0.016 (last = 0.0078), fitness=-357146759.199120104
21566.63 secs, 2243216 evals, 2243476 steps, improv/step: 0.016 (last = 0.0064), fitness=-357146759.199120104
21596.63 secs, 2246203 evals, 2246463 steps, improv/step: 0.016 (last = 0.0074), fitness=-357146759.199120104
21626.63 secs, 2249217 evals, 2249477 steps, improv/step: 0.016 (last = 0.0053), fitness=-357146759.199120104
21656.64 secs, 2252136 evals, 2252396 steps, improv/step: 0.016 (last = 0.0096), fitness=-357146759.199120104
21686.76 secs, 2255177 evals, 2255437 steps, improv/step: 0.016 (last = 0.0056), fitness=-357146759.199120104
21716.77 secs, 2258024 evals, 2258284 steps, improv/step: 0.016 (last = 0.0095), fitness=-357146759.199120104
21746.77 secs, 2260822 evals, 2261082 steps, improv/step: 0.016 (last = 0.0075), fitness=-357146759.199120104
21776.78 secs, 2263846 evals, 2264106 steps, improv/step: 0.016 (last = 0.0063), fitness=-357146759.199120104
21806.78 secs, 2266774 evals, 2267034 steps, improv/step: 0.016 (last = 0.0051), fitness=-357146759.199120104
21836.79 secs, 2269841 evals, 2270101 steps, improv/step: 0.016 (last = 0.0055), fitness=-357146759.199120104
21867.15 secs, 2272804 evals, 2273064 steps, improv/step: 0.016 (last = 0.0057), fitness=-357146759.199120104
21897.15 secs, 2276006 evals, 2276266 steps, improv/step: 0.016 (last = 0.0056), fitness=-357146759.199120104
21927.15 secs, 2278991 evals, 2279251 steps, improv/step: 0.016 (last = 0.0034), fitness=-357146759.199120104
21957.16 secs, 2281982 evals, 2282243 steps, improv/step: 0.016 (last = 0.0064), fitness=-357146759.199120104
21987.16 secs, 2284973 evals, 2285235 steps, improv/step: 0.016 (last = 0.0050), fitness=-357146759.199120104
22017.16 secs, 2288077 evals, 2288339 steps, improv/step: 0.016 (last = 0.0081), fitness=-357146759.199120104
22047.16 secs, 2291067 evals, 2291329 steps, improv/step: 0.016 (last = 0.0067), fitness=-357146759.199120104
22077.17 secs, 2294079 evals, 2294342 steps, improv/step: 0.016 (last = 0.0070), fitness=-357146759.199120104
22107.17 secs, 2297023 evals, 2297286 steps, improv/step: 0.016 (last = 0.0078), fitness=-357146759.199120104
22137.17 secs, 2299853 evals, 2300116 steps, improv/step: 0.016 (last = 0.0074), fitness=-357146759.199120104
22167.18 secs, 2302863 evals, 2303127 steps, improv/step: 0.016 (last = 0.0063), fitness=-357146759.199120104
22197.20 secs, 2305880 evals, 2306144 steps, improv/step: 0.016 (last = 0.0073), fitness=-357146759.199120104
22227.20 secs, 2308873 evals, 2309137 steps, improv/step: 0.016 (last = 0.0057), fitness=-357146759.199120104
22257.21 secs, 2311825 evals, 2312089 steps, improv/step: 0.016 (last = 0.0088), fitness=-357146759.199120104
22287.21 secs, 2314848 evals, 2315112 steps, improv/step: 0.016 (last = 0.0060), fitness=-357146759.199120104
22317.21 secs, 2317913 evals, 2318178 steps, improv/step: 0.016 (last = 0.0091), fitness=-357146759.199120104
22347.21 secs, 2320891 evals, 2321156 steps, improv/step: 0.016 (last = 0.0054), fitness=-357146759.199120104
22377.22 secs, 2323921 evals, 2324186 steps, improv/step: 0.016 (last = 0.0053), fitness=-357146759.199120104
22407.22 secs, 2326915 evals, 2327180 steps, improv/step: 0.016 (last = 0.0047), fitness=-357146759.199120104
22437.22 secs, 2330100 evals, 2330365 steps, improv/step: 0.016 (last = 0.0053), fitness=-357146759.199120104
22467.83 secs, 2333162 evals, 2333427 steps, improv/step: 0.016 (last = 0.0072), fitness=-357146759.199120164
22497.83 secs, 2336395 evals, 2336660 steps, improv/step: 0.016 (last = 0.0046), fitness=-357146759.199120164
22527.84 secs, 2339458 evals, 2339723 steps, improv/step: 0.016 (last = 0.0026), fitness=-357146759.199120164
22557.88 secs, 2342242 evals, 2342507 steps, improv/step: 0.016 (last = 0.0057), fitness=-357146759.199120164
22587.88 secs, 2345417 evals, 2345682 steps, improv/step: 0.016 (last = 0.0069), fitness=-357146759.199120164
22617.89 secs, 2348577 evals, 2348842 steps, improv/step: 0.016 (last = 0.0085), fitness=-357146759.199120164
22647.89 secs, 2351769 evals, 2352034 steps, improv/step: 0.016 (last = 0.0056), fitness=-357146759.199120164
22677.89 secs, 2354902 evals, 2355167 steps, improv/step: 0.016 (last = 0.0057), fitness=-357146759.199120164
22707.89 secs, 2358026 evals, 2358292 steps, improv/step: 0.016 (last = 0.0045), fitness=-357146759.199120164
22737.90 secs, 2361169 evals, 2361435 steps, improv/step: 0.016 (last = 0.0060), fitness=-357146759.199120164
22768.24 secs, 2364236 evals, 2364502 steps, improv/step: 0.016 (last = 0.0023), fitness=-357146759.199120164
22798.24 secs, 2367461 evals, 2367727 steps, improv/step: 0.016 (last = 0.0047), fitness=-357146759.199120164
22828.24 secs, 2370673 evals, 2370940 steps, improv/step: 0.016 (last = 0.0053), fitness=-357146759.199120164
22858.59 secs, 2373771 evals, 2374038 steps, improv/step: 0.015 (last = 0.0042), fitness=-357146759.199120164
22888.59 secs, 2376847 evals, 2377115 steps, improv/step: 0.015 (last = 0.0052), fitness=-357146759.199120164
22918.60 secs, 2380083 evals, 2380351 steps, improv/step: 0.015 (last = 0.0062), fitness=-357146759.199120164
22948.60 secs, 2383298 evals, 2383566 steps, improv/step: 0.015 (last = 0.0022), fitness=-357146759.199120164
22978.60 secs, 2386277 evals, 2386545 steps, improv/step: 0.015 (last = 0.0050), fitness=-357146759.199120164
23008.61 secs, 2389413 evals, 2389681 steps, improv/step: 0.015 (last = 0.0035), fitness=-357146759.199120164
23038.61 secs, 2392384 evals, 2392652 steps, improv/step: 0.015 (last = 0.0017), fitness=-357146759.199120164
23068.62 secs, 2395402 evals, 2395670 steps, improv/step: 0.015 (last = 0.0033), fitness=-357146759.199120164
23098.62 secs, 2398486 evals, 2398755 steps, improv/step: 0.015 (last = 0.0042), fitness=-357146759.199120164
23128.62 secs, 2401498 evals, 2401767 steps, improv/step: 0.015 (last = 0.0023), fitness=-357146759.199120164
23158.62 secs, 2404476 evals, 2404745 steps, improv/step: 0.015 (last = 0.0047), fitness=-357146759.199120164
23188.63 secs, 2407508 evals, 2407777 steps, improv/step: 0.015 (last = 0.0033), fitness=-357146759.199120164
23218.76 secs, 2410536 evals, 2410805 steps, improv/step: 0.015 (last = 0.0043), fitness=-357146759.199120164
23248.77 secs, 2413653 evals, 2413922 steps, improv/step: 0.015 (last = 0.0029), fitness=-357146759.199120164
23278.97 secs, 2416773 evals, 2417043 steps, improv/step: 0.015 (last = 0.0038), fitness=-357146759.199120164
23309.36 secs, 2419897 evals, 2420168 steps, improv/step: 0.015 (last = 0.0038), fitness=-357146759.199120164
23339.36 secs, 2422949 evals, 2423220 steps, improv/step: 0.015 (last = 0.0033), fitness=-357146759.199120164
23369.36 secs, 2426070 evals, 2426341 steps, improv/step: 0.015 (last = 0.0032), fitness=-357146759.199120164
23399.37 secs, 2429200 evals, 2429471 steps, improv/step: 0.015 (last = 0.0038), fitness=-357146759.199120164
23429.37 secs, 2432396 evals, 2432667 steps, improv/step: 0.015 (last = 0.0047), fitness=-357146759.199120164
23459.38 secs, 2435694 evals, 2435965 steps, improv/step: 0.015 (last = 0.0024), fitness=-357146759.199120164
23489.38 secs, 2438960 evals, 2439231 steps, improv/step: 0.015 (last = 0.0031), fitness=-357146759.199120164
23519.39 secs, 2442206 evals, 2442477 steps, improv/step: 0.015 (last = 0.0037), fitness=-357146759.199120164
23549.39 secs, 2445384 evals, 2445656 steps, improv/step: 0.015 (last = 0.0022), fitness=-357146759.199120164
23579.40 secs, 2448585 evals, 2448857 steps, improv/step: 0.015 (last = 0.0028), fitness=-357146759.199120164
23609.40 secs, 2451903 evals, 2452175 steps, improv/step: 0.015 (last = 0.0027), fitness=-357146759.199120164
23639.41 secs, 2455183 evals, 2455455 steps, improv/step: 0.015 (last = 0.0021), fitness=-357146759.199120164
23669.86 secs, 2458387 evals, 2458659 steps, improv/step: 0.015 (last = 0.0009), fitness=-357146759.199120164
23699.86 secs, 2461534 evals, 2461806 steps, improv/step: 0.015 (last = 0.0022), fitness=-357146759.199120164
23729.87 secs, 2464571 evals, 2464843 steps, improv/step: 0.015 (last = 0.0010), fitness=-357146759.199120164
23759.87 secs, 2467712 evals, 2467984 steps, improv/step: 0.015 (last = 0.0019), fitness=-357146759.199120164
23789.87 secs, 2470655 evals, 2470927 steps, improv/step: 0.015 (last = 0.0031), fitness=-357146759.199120164
23819.87 secs, 2473547 evals, 2473819 steps, improv/step: 0.015 (last = 0.0031), fitness=-357146759.199120164
23849.88 secs, 2476524 evals, 2476796 steps, improv/step: 0.015 (last = 0.0017), fitness=-357146759.199120164
23879.88 secs, 2479596 evals, 2479868 steps, improv/step: 0.015 (last = 0.0023), fitness=-357146759.199120164
23909.88 secs, 2482593 evals, 2482865 steps, improv/step: 0.015 (last = 0.0010), fitness=-357146759.199120164
23939.89 secs, 2485424 evals, 2485696 steps, improv/step: 0.015 (last = 0.0021), fitness=-357146759.199120164
23969.89 secs, 2488352 evals, 2488625 steps, improv/step: 0.015 (last = 0.0024), fitness=-357146759.199120164
23999.90 secs, 2491199 evals, 2491473 steps, improv/step: 0.015 (last = 0.0011), fitness=-357146759.199120164
24029.90 secs, 2494264 evals, 2494539 steps, improv/step: 0.015 (last = 0.0029), fitness=-357146759.199120164
24059.90 secs, 2497411 evals, 2497686 steps, improv/step: 0.015 (last = 0.0025), fitness=-357146759.199120164

Optimization stopped after 2500276 steps and 24087.25 seconds
Termination reason: Max number of function evaluations (2500000) reached
Steps per second = 103.80
Function evals per second = 103.79
Improvements/step = Inf
Total function evaluations = 2500001


Best candidate found: [261.676, 400.123, 192.86, 6.96714, 1.795e5, 1000.0, 259.812, 55.6189, 21.8205, 10510.6, 0.000101208, 0.00100099, 0.0112197, 0.0992094, 0.7704]

Fitness: -357146759.199120164

-3.5714675919912016e8
15-element Vector{Float64}:
    261.6759200430528
    400.1228438503372
    192.86027982282639
      6.967144316037431
 179499.7093149948
    999.9999999998729
    259.8119082027229
     55.618877392998535
     21.820475379569324
  10510.592330569287
      0.00010120816520052631
      0.0010009917047976696
      0.011219660733189715
      0.09920936842020842
      0.7704002123252728
Script has finished
Sat Dec 18 22:44:17 CET 2021

------------------------------------------------------------
Sender: LSF System <schwan@makalu128>
Subject: Job 575443: <Julia_Job_parallel> in cluster <wuerfel> Done

Job <Julia_Job_parallel> was submitted from host <makalu56> by user <magr4985> in cluster <wuerfel> at Sat Dec 18 15:58:17 2021
Job was executed on host(s) <makalu128>, in queue <BatchXL>, as user <magr4985> in cluster <wuerfel> at Sat Dec 18 15:58:27 2021
</usr/scratch4/magr4985> was used as the home directory.
</usr/scratch4/magr4985/TRPL/BatchJobs/C2704_hzb/Run5> was used as the working directory.
Started at Sat Dec 18 15:58:27 2021
Terminated at Sat Dec 18 22:44:17 2021
Results reported at Sat Dec 18 22:44:17 2021

Your job looked like:

------------------------------------------------------------
# LSBATCH: User input
#!/bin/csh 
#BSUB -q BatchXL 
#BSUB -R "mem > 8000 span[hosts=1] && intel_avx2" 
#BSUB -oo lsf_julia_%J.log 
#BSUB -eo lsf_julia_%J.err 
#BSUB -J Julia_Job_parallel 
#BSUB -L /bin/csh 
#BSUB -n 1 
date 
pwd 
module purge 
/usr/scratch4/magr4985/julia-1.6.2/bin/julia -t 4 /usr/scratch4/magr4985/TRPL/Programs/trpl_analysis_real.jl C2704_hzb 5.0e16 2500000 1 /usr/scratch4/magr4985/TRPL/BatchJobs/C2704_hzb/Run5 1.0e-14 3600 "[1.0, 1.0, 1.0, 1.0, 1.0, 1.0, 1.0, 1.0, 1.0, 1.0, 1.0e-6, 1.0e-6, 1.0e-6, 1.0e-6, 1.0e-6, 1.0e-6, 1.0e-6, 1.0e-6, 1.0e-6, 1.0e-6]" "[5000.0, 5000.0, 1000.0, 1000.0, 1.0e9, 1000.0, 10000.0, 10000.0, 1000.0, 1.0e6, 1.0, 1.0, 1.0, 1.0, 1.0, 1.0, 1.0, 1.0, 1.0, 1.0]" 
date
------------------------------------------------------------

Successfully completed.

Resource usage summary:

    CPU time :                                   60529.25 sec.
    Max Memory :                                 5130.02 MB
    Average Memory :                             2118.32 MB
    Total Requested Memory :                     -
    Delta Memory :                               -
    Max Swap :                                   256 KB
    Max Processes :                              4
    Max Threads :                                12
    Run time :                                   24350 sec.
    Turnaround time :                            24360 sec.

The output (if any) is above this job summary.



PS:

Read file <lsf_julia_575443.err> for stderr output of this job.

