Warning: no access to tty (Bad file descriptor).
Thus no job control in this shell.
Warning: no access to tty (Bad file descriptor).
Thus no job control in this shell.
Tue Dec 21 19:53:59 CET 2021
/usr/scratch4/magr4985/TRPL/BatchJobs/syn_data_1/Run20
# Thread: 4
4799121477872632875 RNG Seed
Run 1
Starting optimization with optimizer DiffEvoOpt{FitPopulation{Float64}, RadiusLimitedSelector, BlackBoxOptim.DiffEvoRandBin{3}, RandomBound{ContinuousRectSearchSpace}}
0.00 secs, 0 evals, 0 steps
30.00 secs, 3778 evals, 3680 steps, improv/step: 0.367 (last = 0.3671), fitness=-445315860.877101898
60.00 secs, 7830 evals, 7732 steps, improv/step: 0.248 (last = 0.1397), fitness=-446326165.548996270
90.02 secs, 12078 evals, 11980 steps, improv/step: 0.188 (last = 0.0796), fitness=-446345980.500010490
120.02 secs, 16318 evals, 16220 steps, improv/step: 0.155 (last = 0.0611), fitness=-446399353.520775557
150.02 secs, 20484 evals, 20386 steps, improv/step: 0.136 (last = 0.0627), fitness=-446408378.735825717
180.03 secs, 24662 evals, 24565 steps, improv/step: 0.130 (last = 0.1022), fitness=-446411649.253333151
210.03 secs, 28870 evals, 28773 steps, improv/step: 0.123 (last = 0.0813), fitness=-446412656.604267716
240.05 secs, 33603 evals, 33506 steps, improv/step: 0.114 (last = 0.0581), fitness=-446412997.898489058
270.06 secs, 38610 evals, 38513 steps, improv/step: 0.107 (last = 0.0641), fitness=-446413285.480980575
300.06 secs, 43470 evals, 43375 steps, improv/step: 0.103 (last = 0.0689), fitness=-446413487.380360365
330.09 secs, 48379 evals, 48284 steps, improv/step: 0.102 (last = 0.0886), fitness=-446413671.779844403
360.09 secs, 53354 evals, 53259 steps, improv/step: 0.103 (last = 0.1146), fitness=-446413865.551977038
390.10 secs, 58367 evals, 58272 steps, improv/step: 0.104 (last = 0.1117), fitness=-446414033.783396780
420.10 secs, 62719 evals, 62624 steps, improv/step: 0.103 (last = 0.0940), fitness=-446414109.221428454
450.11 secs, 67521 evals, 67426 steps, improv/step: 0.102 (last = 0.0877), fitness=-446414133.988137424
480.11 secs, 72101 evals, 72006 steps, improv/step: 0.100 (last = 0.0651), fitness=-446414144.909459412
510.11 secs, 76840 evals, 76745 steps, improv/step: 0.097 (last = 0.0627), fitness=-446414156.576031983
540.11 secs, 81575 evals, 81480 steps, improv/step: 0.095 (last = 0.0617), fitness=-446414170.381458879
570.12 secs, 86151 evals, 86058 steps, improv/step: 0.093 (last = 0.0568), fitness=-446414181.372860610
600.12 secs, 90852 evals, 90759 steps, improv/step: 0.091 (last = 0.0585), fitness=-446414195.796474338
630.12 secs, 95451 evals, 95358 steps, improv/step: 0.090 (last = 0.0535), fitness=-446414200.889263809
660.13 secs, 100127 evals, 100035 steps, improv/step: 0.088 (last = 0.0509), fitness=-446414205.526925325
690.13 secs, 104356 evals, 104264 steps, improv/step: 0.087 (last = 0.0617), fitness=-446414210.039942801
720.13 secs, 108857 evals, 108765 steps, improv/step: 0.085 (last = 0.0415), fitness=-446414215.504496455
750.14 secs, 113504 evals, 113414 steps, improv/step: 0.083 (last = 0.0495), fitness=-446414222.164493203
780.14 secs, 118273 evals, 118184 steps, improv/step: 0.082 (last = 0.0514), fitness=-446414224.646797836
810.15 secs, 123010 evals, 122921 steps, improv/step: 0.081 (last = 0.0589), fitness=-446414231.783788621
840.15 secs, 127217 evals, 127128 steps, improv/step: 0.080 (last = 0.0547), fitness=-446414236.024798512
870.15 secs, 131544 evals, 131455 steps, improv/step: 0.079 (last = 0.0344), fitness=-446414238.536084950
900.15 secs, 135767 evals, 135679 steps, improv/step: 0.077 (last = 0.0301), fitness=-446414241.489015043
930.15 secs, 140002 evals, 139914 steps, improv/step: 0.076 (last = 0.0357), fitness=-446414242.368400812
960.22 secs, 144178 evals, 144091 steps, improv/step: 0.075 (last = 0.0285), fitness=-446414242.605602980
990.25 secs, 148357 evals, 148270 steps, improv/step: 0.074 (last = 0.0366), fitness=-446414242.800356388
1020.25 secs, 152515 evals, 152428 steps, improv/step: 0.072 (last = 0.0337), fitness=-446414243.068785548
1050.31 secs, 156546 evals, 156460 steps, improv/step: 0.071 (last = 0.0340), fitness=-446414243.188419104
1080.32 secs, 160479 evals, 160393 steps, improv/step: 0.070 (last = 0.0214), fitness=-446414243.303738892
1110.32 secs, 164427 evals, 164341 steps, improv/step: 0.069 (last = 0.0230), fitness=-446414243.389848590
1140.32 secs, 168364 evals, 168280 steps, improv/step: 0.068 (last = 0.0221), fitness=-446414243.394591868
1170.33 secs, 172380 evals, 172296 steps, improv/step: 0.067 (last = 0.0276), fitness=-446414243.462510228
1200.33 secs, 176315 evals, 176231 steps, improv/step: 0.066 (last = 0.0272), fitness=-446414243.573343873
1230.33 secs, 180023 evals, 179940 steps, improv/step: 0.066 (last = 0.0418), fitness=-446414243.603557587
1260.34 secs, 183788 evals, 183705 steps, improv/step: 0.065 (last = 0.0499), fitness=-446414243.655237973
1290.34 secs, 187430 evals, 187348 steps, improv/step: 0.065 (last = 0.0480), fitness=-446414243.720335364
1320.34 secs, 191311 evals, 191230 steps, improv/step: 0.065 (last = 0.0582), fitness=-446414243.839241385
1350.44 secs, 195226 evals, 195145 steps, improv/step: 0.065 (last = 0.0498), fitness=-446414243.962895215
1380.44 secs, 199013 evals, 198932 steps, improv/step: 0.064 (last = 0.0494), fitness=-446414244.009172499
1410.45 secs, 202615 evals, 202535 steps, improv/step: 0.064 (last = 0.0586), fitness=-446414244.081184149
1440.45 secs, 205958 evals, 205878 steps, improv/step: 0.064 (last = 0.0574), fitness=-446414244.186224043
1470.46 secs, 209275 evals, 209196 steps, improv/step: 0.064 (last = 0.0696), fitness=-446414244.326601028
1500.46 secs, 212452 evals, 212373 steps, improv/step: 0.064 (last = 0.0560), fitness=-446414244.432866335
1530.47 secs, 215895 evals, 215816 steps, improv/step: 0.064 (last = 0.0485), fitness=-446414244.557634652
1560.47 secs, 219285 evals, 219206 steps, improv/step: 0.064 (last = 0.0448), fitness=-446414244.617743671
1590.47 secs, 222638 evals, 222559 steps, improv/step: 0.063 (last = 0.0540), fitness=-446414244.713477433
1620.47 secs, 225791 evals, 225712 steps, improv/step: 0.063 (last = 0.0672), fitness=-446414244.794779599
1650.48 secs, 228941 evals, 228862 steps, improv/step: 0.064 (last = 0.0857), fitness=-446414244.864492655
1680.58 secs, 232026 evals, 231947 steps, improv/step: 0.064 (last = 0.0713), fitness=-446414244.901953697
1710.59 secs, 235216 evals, 235137 steps, improv/step: 0.064 (last = 0.0549), fitness=-446414244.959454596
1740.60 secs, 238474 evals, 238395 steps, improv/step: 0.064 (last = 0.0565), fitness=-446414245.008906782
1770.70 secs, 241783 evals, 241704 steps, improv/step: 0.063 (last = 0.0520), fitness=-446414245.044015527
1800.71 secs, 244881 evals, 244802 steps, improv/step: 0.063 (last = 0.0578), fitness=-446414245.097376943
1830.71 secs, 247897 evals, 247818 steps, improv/step: 0.064 (last = 0.0822), fitness=-446414245.138569951
1860.72 secs, 250847 evals, 250768 steps, improv/step: 0.064 (last = 0.0661), fitness=-446414245.152712643
1890.85 secs, 253523 evals, 253444 steps, improv/step: 0.064 (last = 0.0684), fitness=-446414245.173297286
1920.86 secs, 256400 evals, 256322 steps, improv/step: 0.064 (last = 0.0556), fitness=-446414245.201851308
1950.88 secs, 259133 evals, 259056 steps, improv/step: 0.064 (last = 0.0604), fitness=-446414245.217869818
1980.88 secs, 262146 evals, 262069 steps, improv/step: 0.063 (last = 0.0531), fitness=-446414245.227527142
2010.89 secs, 264891 evals, 264814 steps, improv/step: 0.063 (last = 0.0404), fitness=-446414245.237791479
2040.90 secs, 267706 evals, 267630 steps, improv/step: 0.063 (last = 0.0430), fitness=-446414245.247654736
2070.90 secs, 270597 evals, 270521 steps, improv/step: 0.063 (last = 0.0398), fitness=-446414245.258215547
2100.91 secs, 273389 evals, 273314 steps, improv/step: 0.063 (last = 0.0405), fitness=-446414245.260834277
2130.91 secs, 276122 evals, 276047 steps, improv/step: 0.062 (last = 0.0392), fitness=-446414245.269921243
2161.04 secs, 278895 evals, 278820 steps, improv/step: 0.062 (last = 0.0404), fitness=-446414245.269921243
2191.05 secs, 281641 evals, 281567 steps, improv/step: 0.062 (last = 0.0393), fitness=-446414245.271617353
2221.05 secs, 284307 evals, 284233 steps, improv/step: 0.062 (last = 0.0311), fitness=-446414245.273687840
2251.06 secs, 287021 evals, 286947 steps, improv/step: 0.061 (last = 0.0457), fitness=-446414245.277825773
2281.06 secs, 289719 evals, 289646 steps, improv/step: 0.061 (last = 0.0478), fitness=-446414245.281233788
2311.25 secs, 292478 evals, 292405 steps, improv/step: 0.061 (last = 0.0511), fitness=-446414245.282866001
2341.27 secs, 295305 evals, 295232 steps, improv/step: 0.061 (last = 0.0524), fitness=-446414245.285773098
2371.27 secs, 298039 evals, 297966 steps, improv/step: 0.061 (last = 0.0552), fitness=-446414245.286977291
2401.27 secs, 300843 evals, 300770 steps, improv/step: 0.061 (last = 0.0442), fitness=-446414245.288313448
2431.28 secs, 303532 evals, 303459 steps, improv/step: 0.061 (last = 0.0513), fitness=-446414245.289672792
2461.29 secs, 306264 evals, 306192 steps, improv/step: 0.061 (last = 0.0392), fitness=-446414245.291386962
2491.29 secs, 309034 evals, 308962 steps, improv/step: 0.060 (last = 0.0350), fitness=-446414245.292188108
2521.32 secs, 311840 evals, 311768 steps, improv/step: 0.060 (last = 0.0339), fitness=-446414245.293456316
2551.33 secs, 314633 evals, 314561 steps, improv/step: 0.060 (last = 0.0541), fitness=-446414245.294805586
2581.46 secs, 317452 evals, 317380 steps, improv/step: 0.060 (last = 0.0500), fitness=-446414245.297270179
2611.47 secs, 320123 evals, 320052 steps, improv/step: 0.060 (last = 0.0393), fitness=-446414245.298314869
2641.48 secs, 322955 evals, 322885 steps, improv/step: 0.060 (last = 0.0466), fitness=-446414245.299334466
2671.48 secs, 325769 evals, 325701 steps, improv/step: 0.060 (last = 0.0511), fitness=-446414245.301164508
2701.48 secs, 328447 evals, 328379 steps, improv/step: 0.059 (last = 0.0385), fitness=-446414245.302006483
2731.48 secs, 331177 evals, 331109 steps, improv/step: 0.059 (last = 0.0410), fitness=-446414245.303984582
2761.49 secs, 334014 evals, 333947 steps, improv/step: 0.059 (last = 0.0377), fitness=-446414245.304249585
2791.49 secs, 336771 evals, 336704 steps, improv/step: 0.059 (last = 0.0417), fitness=-446414245.305825174
2821.49 secs, 339538 evals, 339472 steps, improv/step: 0.059 (last = 0.0462), fitness=-446414245.306144953
2851.49 secs, 342355 evals, 342289 steps, improv/step: 0.059 (last = 0.0447), fitness=-446414245.306382239
2881.50 secs, 345031 evals, 344965 steps, improv/step: 0.059 (last = 0.0415), fitness=-446414245.306815445
2911.51 secs, 347684 evals, 347618 steps, improv/step: 0.058 (last = 0.0407), fitness=-446414245.306958497
2941.51 secs, 350391 evals, 350325 steps, improv/step: 0.058 (last = 0.0358), fitness=-446414245.307137132
2971.51 secs, 353079 evals, 353013 steps, improv/step: 0.058 (last = 0.0301), fitness=-446414245.307375371
3001.54 secs, 355870 evals, 355804 steps, improv/step: 0.058 (last = 0.0330), fitness=-446414245.307458520
3031.56 secs, 358756 evals, 358690 steps, improv/step: 0.058 (last = 0.0378), fitness=-446414245.307516456
3061.56 secs, 361534 evals, 361469 steps, improv/step: 0.058 (last = 0.0378), fitness=-446414245.307620287
3091.57 secs, 364252 evals, 364187 steps, improv/step: 0.057 (last = 0.0335), fitness=-446414245.307659805
3121.57 secs, 366995 evals, 366930 steps, improv/step: 0.057 (last = 0.0361), fitness=-446414245.307736993
3151.65 secs, 369625 evals, 369560 steps, improv/step: 0.057 (last = 0.0426), fitness=-446414245.307847381
3181.66 secs, 372394 evals, 372329 steps, improv/step: 0.057 (last = 0.0314), fitness=-446414245.307931840
3211.66 secs, 375083 evals, 375018 steps, improv/step: 0.057 (last = 0.0409), fitness=-446414245.308039308
3241.67 secs, 377773 evals, 377708 steps, improv/step: 0.057 (last = 0.0424), fitness=-446414245.308263063
3271.67 secs, 380415 evals, 380350 steps, improv/step: 0.057 (last = 0.0360), fitness=-446414245.308377504
3301.79 secs, 382921 evals, 382857 steps, improv/step: 0.056 (last = 0.0291), fitness=-446414245.308422089
3331.80 secs, 385566 evals, 385502 steps, improv/step: 0.056 (last = 0.0257), fitness=-446414245.308527768
3361.80 secs, 388295 evals, 388231 steps, improv/step: 0.056 (last = 0.0326), fitness=-446414245.308667600
3391.81 secs, 390893 evals, 390830 steps, improv/step: 0.056 (last = 0.0265), fitness=-446414245.308770776
3421.81 secs, 393544 evals, 393482 steps, improv/step: 0.056 (last = 0.0283), fitness=-446414245.308870554
3451.81 secs, 396173 evals, 396111 steps, improv/step: 0.055 (last = 0.0217), fitness=-446414245.309017003
3481.82 secs, 398808 evals, 398749 steps, improv/step: 0.055 (last = 0.0205), fitness=-446414245.309039712
3511.82 secs, 401423 evals, 401365 steps, improv/step: 0.055 (last = 0.0271), fitness=-446414245.309210300
3541.84 secs, 404005 evals, 403947 steps, improv/step: 0.055 (last = 0.0248), fitness=-446414245.309210300
3571.85 secs, 406608 evals, 406550 steps, improv/step: 0.055 (last = 0.0265), fitness=-446414245.309321046
3601.99 secs, 409261 evals, 409204 steps, improv/step: 0.054 (last = 0.0219), fitness=-446414245.309350848
3631.99 secs, 412007 evals, 411950 steps, improv/step: 0.054 (last = 0.0218), fitness=-446414245.309383631
3662.00 secs, 414733 evals, 414676 steps, improv/step: 0.054 (last = 0.0257), fitness=-446414245.309445262
3692.01 secs, 417443 evals, 417386 steps, improv/step: 0.054 (last = 0.0251), fitness=-446414245.309502840
3722.01 secs, 420100 evals, 420044 steps, improv/step: 0.054 (last = 0.0301), fitness=-446414245.309570968
3752.01 secs, 422682 evals, 422626 steps, improv/step: 0.054 (last = 0.0283), fitness=-446414245.309679747
3782.01 secs, 425320 evals, 425264 steps, improv/step: 0.053 (last = 0.0337), fitness=-446414245.309732378
3812.06 secs, 427924 evals, 427868 steps, improv/step: 0.053 (last = 0.0442), fitness=-446414245.309854388
3842.07 secs, 430585 evals, 430529 steps, improv/step: 0.053 (last = 0.0383), fitness=-446414245.309931159
3872.07 secs, 433176 evals, 433120 steps, improv/step: 0.053 (last = 0.0401), fitness=-446414245.310069382
3902.08 secs, 436004 evals, 435948 steps, improv/step: 0.053 (last = 0.0403), fitness=-446414245.310141087
3932.08 secs, 438845 evals, 438789 steps, improv/step: 0.053 (last = 0.0384), fitness=-446414245.310219288
3962.09 secs, 441626 evals, 441570 steps, improv/step: 0.053 (last = 0.0586), fitness=-446414245.310274601
3992.10 secs, 444358 evals, 444302 steps, improv/step: 0.053 (last = 0.0553), fitness=-446414245.310348690
4022.10 secs, 447072 evals, 447016 steps, improv/step: 0.053 (last = 0.0626), fitness=-446414245.310441911
4052.11 secs, 449870 evals, 449814 steps, improv/step: 0.053 (last = 0.0618), fitness=-446414245.310556769
4082.11 secs, 452540 evals, 452485 steps, improv/step: 0.053 (last = 0.0603), fitness=-446414245.310696423
4112.12 secs, 455165 evals, 455110 steps, improv/step: 0.053 (last = 0.0507), fitness=-446414245.310784280
4142.12 secs, 457813 evals, 457759 steps, improv/step: 0.053 (last = 0.0423), fitness=-446414245.310887814
4172.13 secs, 460432 evals, 460378 steps, improv/step: 0.053 (last = 0.0416), fitness=-446414245.310967088
4202.13 secs, 463162 evals, 463108 steps, improv/step: 0.053 (last = 0.0462), fitness=-446414245.311168849
4232.14 secs, 465992 evals, 465938 steps, improv/step: 0.053 (last = 0.0410), fitness=-446414245.311265707
4262.14 secs, 468661 evals, 468607 steps, improv/step: 0.053 (last = 0.0352), fitness=-446414245.311437130
4292.17 secs, 471400 evals, 471346 steps, improv/step: 0.053 (last = 0.0391), fitness=-446414245.311502099
4322.18 secs, 474180 evals, 474127 steps, improv/step: 0.053 (last = 0.0485), fitness=-446414245.311630070
4352.18 secs, 476736 evals, 476683 steps, improv/step: 0.053 (last = 0.0477), fitness=-446414245.311687350
4382.18 secs, 479408 evals, 479355 steps, improv/step: 0.053 (last = 0.0516), fitness=-446414245.311723709
4412.19 secs, 482184 evals, 482131 steps, improv/step: 0.053 (last = 0.0519), fitness=-446414245.311770380
4442.20 secs, 484846 evals, 484793 steps, improv/step: 0.053 (last = 0.0409), fitness=-446414245.311847925
4472.20 secs, 487470 evals, 487417 steps, improv/step: 0.053 (last = 0.0473), fitness=-446414245.311891317
4502.27 secs, 490015 evals, 489962 steps, improv/step: 0.053 (last = 0.0542), fitness=-446414245.311984599
4532.28 secs, 492662 evals, 492609 steps, improv/step: 0.053 (last = 0.0536), fitness=-446414245.312065959
4562.28 secs, 495374 evals, 495321 steps, improv/step: 0.053 (last = 0.0535), fitness=-446414245.312157452
4592.29 secs, 498090 evals, 498037 steps, improv/step: 0.053 (last = 0.0611), fitness=-446414245.312246263
4622.29 secs, 500689 evals, 500636 steps, improv/step: 0.053 (last = 0.0523), fitness=-446414245.312328696
4652.46 secs, 503241 evals, 503188 steps, improv/step: 0.053 (last = 0.0423), fitness=-446414245.312388420
4682.46 secs, 505763 evals, 505710 steps, improv/step: 0.053 (last = 0.0436), fitness=-446414245.312412500
4712.46 secs, 508360 evals, 508307 steps, improv/step: 0.053 (last = 0.0566), fitness=-446414245.312483847
4742.47 secs, 510937 evals, 510884 steps, improv/step: 0.053 (last = 0.0594), fitness=-446414245.312530160
4772.47 secs, 513501 evals, 513448 steps, improv/step: 0.053 (last = 0.0546), fitness=-446414245.312593222
4802.48 secs, 516079 evals, 516026 steps, improv/step: 0.053 (last = 0.0500), fitness=-446414245.312684059
4832.48 secs, 518603 evals, 518550 steps, improv/step: 0.053 (last = 0.0420), fitness=-446414245.312686920
4862.48 secs, 521237 evals, 521184 steps, improv/step: 0.053 (last = 0.0532), fitness=-446414245.312780797
4892.48 secs, 523924 evals, 523871 steps, improv/step: 0.053 (last = 0.0406), fitness=-446414245.312795043
4922.49 secs, 526671 evals, 526618 steps, improv/step: 0.052 (last = 0.0444), fitness=-446414245.312849998
4952.49 secs, 529441 evals, 529388 steps, improv/step: 0.052 (last = 0.0397), fitness=-446414245.312890053
4982.49 secs, 532163 evals, 532110 steps, improv/step: 0.052 (last = 0.0514), fitness=-446414245.312907398
5012.50 secs, 534841 evals, 534788 steps, improv/step: 0.052 (last = 0.0411), fitness=-446414245.312941015
5042.50 secs, 537492 evals, 537439 steps, improv/step: 0.052 (last = 0.0422), fitness=-446414245.312959790
5072.51 secs, 539993 evals, 539940 steps, improv/step: 0.052 (last = 0.0352), fitness=-446414245.312985957
5102.83 secs, 542581 evals, 542528 steps, improv/step: 0.052 (last = 0.0313), fitness=-446414245.313037217
5132.84 secs, 545264 evals, 545211 steps, improv/step: 0.052 (last = 0.0343), fitness=-446414245.313074708
5162.84 secs, 547816 evals, 547763 steps, improv/step: 0.052 (last = 0.0427), fitness=-446414245.313107967
5192.85 secs, 550337 evals, 550285 steps, improv/step: 0.052 (last = 0.0436), fitness=-446414245.313139439
5222.85 secs, 552917 evals, 552866 steps, improv/step: 0.052 (last = 0.0430), fitness=-446414245.313162386
5252.86 secs, 555516 evals, 555465 steps, improv/step: 0.052 (last = 0.0423), fitness=-446414245.313208997
5283.06 secs, 558155 evals, 558104 steps, improv/step: 0.052 (last = 0.0379), fitness=-446414245.313245237
5313.07 secs, 560885 evals, 560834 steps, improv/step: 0.052 (last = 0.0392), fitness=-446414245.313271880
5343.07 secs, 563511 evals, 563460 steps, improv/step: 0.052 (last = 0.0434), fitness=-446414245.313310146
5373.07 secs, 566196 evals, 566145 steps, improv/step: 0.052 (last = 0.0492), fitness=-446414245.313343406
5403.08 secs, 568715 evals, 568664 steps, improv/step: 0.052 (last = 0.0413), fitness=-446414245.313360274
5433.08 secs, 571246 evals, 571195 steps, improv/step: 0.052 (last = 0.0363), fitness=-446414245.313374460
5463.45 secs, 573900 evals, 573849 steps, improv/step: 0.052 (last = 0.0414), fitness=-446414245.313382566
5493.46 secs, 576452 evals, 576401 steps, improv/step: 0.051 (last = 0.0415), fitness=-446414245.313403845
5523.46 secs, 579019 evals, 578969 steps, improv/step: 0.051 (last = 0.0331), fitness=-446414245.313412666
5553.51 secs, 581607 evals, 581557 steps, improv/step: 0.051 (last = 0.0398), fitness=-446414245.313422203
5583.72 secs, 584264 evals, 584214 steps, improv/step: 0.051 (last = 0.0331), fitness=-446414245.313435435
5613.73 secs, 586842 evals, 586795 steps, improv/step: 0.051 (last = 0.0302), fitness=-446414245.313438475
5643.73 secs, 589329 evals, 589282 steps, improv/step: 0.051 (last = 0.0394), fitness=-446414245.313457072
5673.91 secs, 591881 evals, 591834 steps, improv/step: 0.051 (last = 0.0388), fitness=-446414245.313460469
5703.92 secs, 594556 evals, 594509 steps, improv/step: 0.051 (last = 0.0318), fitness=-446414245.313471496
5733.93 secs, 597225 evals, 597178 steps, improv/step: 0.051 (last = 0.0390), fitness=-446414245.313478410
5763.93 secs, 599794 evals, 599747 steps, improv/step: 0.051 (last = 0.0475), fitness=-446414245.313488781
5794.21 secs, 602310 evals, 602263 steps, improv/step: 0.051 (last = 0.0386), fitness=-446414245.313499510
5824.31 secs, 604835 evals, 604788 steps, improv/step: 0.051 (last = 0.0321), fitness=-446414245.313506782
5854.31 secs, 607372 evals, 607325 steps, improv/step: 0.051 (last = 0.0355), fitness=-446414245.313516557
5884.31 secs, 610167 evals, 610120 steps, improv/step: 0.051 (last = 0.0351), fitness=-446414245.313530624
5914.31 secs, 612732 evals, 612686 steps, improv/step: 0.051 (last = 0.0413), fitness=-446414245.313536346
5944.31 secs, 615362 evals, 615316 steps, improv/step: 0.051 (last = 0.0487), fitness=-446414245.313541293
5974.33 secs, 618079 evals, 618033 steps, improv/step: 0.051 (last = 0.0409), fitness=-446414245.313547730
6004.34 secs, 620792 evals, 620746 steps, improv/step: 0.051 (last = 0.0394), fitness=-446414245.313558877
6034.34 secs, 623338 evals, 623292 steps, improv/step: 0.050 (last = 0.0479), fitness=-446414245.313566923
6064.34 secs, 626113 evals, 626068 steps, improv/step: 0.050 (last = 0.0450), fitness=-446414245.313575685
6094.35 secs, 628773 evals, 628728 steps, improv/step: 0.050 (last = 0.0353), fitness=-446414245.313585281
6124.35 secs, 631530 evals, 631486 steps, improv/step: 0.050 (last = 0.0363), fitness=-446414245.313598990
6154.36 secs, 634080 evals, 634036 steps, improv/step: 0.050 (last = 0.0427), fitness=-446414245.313617885
6184.37 secs, 636674 evals, 636630 steps, improv/step: 0.050 (last = 0.0328), fitness=-446414245.313623726
6214.37 secs, 639230 evals, 639186 steps, improv/step: 0.050 (last = 0.0352), fitness=-446414245.313627064
6244.37 secs, 641891 evals, 641847 steps, improv/step: 0.050 (last = 0.0365), fitness=-446414245.313632309
6274.48 secs, 644485 evals, 644441 steps, improv/step: 0.050 (last = 0.0343), fitness=-446414245.313635528
6304.49 secs, 647076 evals, 647032 steps, improv/step: 0.050 (last = 0.0205), fitness=-446414245.313637793
6334.50 secs, 649490 evals, 649446 steps, improv/step: 0.050 (last = 0.0315), fitness=-446414245.313642025
6364.50 secs, 652082 evals, 652039 steps, improv/step: 0.050 (last = 0.0390), fitness=-446414245.313643575
6394.50 secs, 654709 evals, 654666 steps, improv/step: 0.050 (last = 0.0415), fitness=-446414245.313646376
6424.50 secs, 657377 evals, 657334 steps, improv/step: 0.050 (last = 0.0480), fitness=-446414245.313652933
6454.51 secs, 660093 evals, 660050 steps, improv/step: 0.050 (last = 0.0585), fitness=-446414245.313657463
6484.52 secs, 662795 evals, 662753 steps, improv/step: 0.050 (last = 0.0525), fitness=-446414245.313662767
6514.53 secs, 665518 evals, 665477 steps, improv/step: 0.050 (last = 0.0330), fitness=-446414245.313668668
6544.53 secs, 668215 evals, 668174 steps, improv/step: 0.050 (last = 0.0315), fitness=-446414245.313671470
6574.54 secs, 670833 evals, 670793 steps, improv/step: 0.050 (last = 0.0302), fitness=-446414245.313677311
6604.55 secs, 673601 evals, 673561 steps, improv/step: 0.050 (last = 0.0368), fitness=-446414245.313682377
6634.61 secs, 676308 evals, 676268 steps, improv/step: 0.050 (last = 0.0344), fitness=-446414245.313687205
6664.62 secs, 678962 evals, 678922 steps, improv/step: 0.049 (last = 0.0260), fitness=-446414245.313693583
6694.63 secs, 681588 evals, 681548 steps, improv/step: 0.049 (last = 0.0255), fitness=-446414245.313698351
6724.64 secs, 684191 evals, 684152 steps, improv/step: 0.049 (last = 0.0234), fitness=-446414245.313698828
6754.64 secs, 686926 evals, 686888 steps, improv/step: 0.049 (last = 0.0289), fitness=-446414245.313703775
6784.65 secs, 689713 evals, 689675 steps, improv/step: 0.049 (last = 0.0384), fitness=-446414245.313713312
6814.66 secs, 692351 evals, 692313 steps, improv/step: 0.049 (last = 0.0345), fitness=-446414245.313718915
6844.66 secs, 694915 evals, 694878 steps, improv/step: 0.049 (last = 0.0269), fitness=-446414245.313718915
6874.67 secs, 697545 evals, 697508 steps, improv/step: 0.049 (last = 0.0274), fitness=-446414245.313723028
6904.67 secs, 700155 evals, 700118 steps, improv/step: 0.049 (last = 0.0211), fitness=-446414245.313723087
6934.68 secs, 702711 evals, 702674 steps, improv/step: 0.049 (last = 0.0297), fitness=-446414245.313727736
6964.68 secs, 705272 evals, 705235 steps, improv/step: 0.049 (last = 0.0285), fitness=-446414245.313732743
6994.92 secs, 708033 evals, 707996 steps, improv/step: 0.049 (last = 0.0264), fitness=-446414245.313737392
7025.24 secs, 710694 evals, 710658 steps, improv/step: 0.048 (last = 0.0225), fitness=-446414245.313737392
7055.24 secs, 713300 evals, 713265 steps, improv/step: 0.048 (last = 0.0376), fitness=-446414245.313740551
7085.25 secs, 716002 evals, 715967 steps, improv/step: 0.048 (last = 0.0344), fitness=-446414245.313741088
7115.25 secs, 718601 evals, 718567 steps, improv/step: 0.048 (last = 0.0312), fitness=-446414245.313744545
7145.26 secs, 721136 evals, 721102 steps, improv/step: 0.048 (last = 0.0209), fitness=-446414245.313744545
7175.27 secs, 723812 evals, 723779 steps, improv/step: 0.048 (last = 0.0209), fitness=-446414245.313744724
7205.35 secs, 726348 evals, 726316 steps, improv/step: 0.048 (last = 0.0181), fitness=-446414245.313745856
7235.36 secs, 728946 evals, 728914 steps, improv/step: 0.048 (last = 0.0154), fitness=-446414245.313746512
7265.36 secs, 731700 evals, 731669 steps, improv/step: 0.048 (last = 0.0250), fitness=-446414245.313748300
7295.74 secs, 734287 evals, 734257 steps, improv/step: 0.048 (last = 0.0236), fitness=-446414245.313749313
7325.74 secs, 736896 evals, 736866 steps, improv/step: 0.048 (last = 0.0276), fitness=-446414245.313750267
7355.81 secs, 739289 evals, 739259 steps, improv/step: 0.048 (last = 0.0263), fitness=-446414245.313751101
7385.82 secs, 741952 evals, 741923 steps, improv/step: 0.048 (last = 0.0297), fitness=-446414245.313751638
7415.82 secs, 744434 evals, 744405 steps, improv/step: 0.047 (last = 0.0226), fitness=-446414245.313752413
7445.83 secs, 747006 evals, 746979 steps, improv/step: 0.047 (last = 0.0167), fitness=-446414245.313752413
7475.83 secs, 749591 evals, 749564 steps, improv/step: 0.047 (last = 0.0298), fitness=-446414245.313753247
7505.85 secs, 752150 evals, 752123 steps, improv/step: 0.047 (last = 0.0395), fitness=-446414245.313753605
7535.85 secs, 754677 evals, 754650 steps, improv/step: 0.047 (last = 0.0423), fitness=-446414245.313754618
7566.05 secs, 757278 evals, 757251 steps, improv/step: 0.047 (last = 0.0334), fitness=-446414245.313754737
7596.05 secs, 759850 evals, 759823 steps, improv/step: 0.047 (last = 0.0229), fitness=-446414245.313755393
7626.06 secs, 762476 evals, 762450 steps, improv/step: 0.047 (last = 0.0263), fitness=-446414245.313755751
7656.07 secs, 765136 evals, 765110 steps, improv/step: 0.047 (last = 0.0218), fitness=-446414245.313756049
7686.08 secs, 767639 evals, 767613 steps, improv/step: 0.047 (last = 0.0272), fitness=-446414245.313756645
7716.08 secs, 770177 evals, 770151 steps, improv/step: 0.047 (last = 0.0272), fitness=-446414245.313757718
7746.08 secs, 772825 evals, 772799 steps, improv/step: 0.047 (last = 0.0193), fitness=-446414245.313757956
7776.09 secs, 775472 evals, 775446 steps, improv/step: 0.047 (last = 0.0234), fitness=-446414245.313758135
7806.10 secs, 778001 evals, 777975 steps, improv/step: 0.047 (last = 0.0277), fitness=-446414245.313758612
7836.10 secs, 780629 evals, 780603 steps, improv/step: 0.046 (last = 0.0221), fitness=-446414245.313758969
7866.10 secs, 783277 evals, 783251 steps, improv/step: 0.046 (last = 0.0253), fitness=-446414245.313759983
7896.52 secs, 785906 evals, 785881 steps, improv/step: 0.046 (last = 0.0251), fitness=-446414245.313759983
7926.53 secs, 788387 evals, 788362 steps, improv/step: 0.046 (last = 0.0173), fitness=-446414245.313760042
7956.54 secs, 790917 evals, 790894 steps, improv/step: 0.046 (last = 0.0213), fitness=-446414245.313760757
7986.55 secs, 793522 evals, 793499 steps, improv/step: 0.046 (last = 0.0173), fitness=-446414245.313760877
8016.55 secs, 796048 evals, 796025 steps, improv/step: 0.046 (last = 0.0210), fitness=-446414245.313761294
8046.56 secs, 798579 evals, 798559 steps, improv/step: 0.046 (last = 0.0237), fitness=-446414245.313761294
8076.57 secs, 800988 evals, 800968 steps, improv/step: 0.046 (last = 0.0228), fitness=-446414245.313761532
8106.57 secs, 803584 evals, 803564 steps, improv/step: 0.046 (last = 0.0166), fitness=-446414245.313761711
8137.04 secs, 806236 evals, 806216 steps, improv/step: 0.046 (last = 0.0256), fitness=-446414245.313762009
8167.04 secs, 808802 evals, 808782 steps, improv/step: 0.046 (last = 0.0242), fitness=-446414245.313762009
8197.04 secs, 811344 evals, 811325 steps, improv/step: 0.046 (last = 0.0224), fitness=-446414245.313762069
8227.04 secs, 813900 evals, 813881 steps, improv/step: 0.045 (last = 0.0184), fitness=-446414245.313762248
8257.05 secs, 816561 evals, 816542 steps, improv/step: 0.045 (last = 0.0173), fitness=-446414245.313762426
8287.06 secs, 819093 evals, 819075 steps, improv/step: 0.045 (last = 0.0197), fitness=-446414245.313762426
8317.06 secs, 821731 evals, 821713 steps, improv/step: 0.045 (last = 0.0224), fitness=-446414245.313762665
8347.23 secs, 824268 evals, 824250 steps, improv/step: 0.045 (last = 0.0169), fitness=-446414245.313762665
8377.24 secs, 826835 evals, 826818 steps, improv/step: 0.045 (last = 0.0164), fitness=-446414245.313762724
8407.24 secs, 829450 evals, 829433 steps, improv/step: 0.045 (last = 0.0099), fitness=-446414245.313762724
8437.24 secs, 832032 evals, 832016 steps, improv/step: 0.045 (last = 0.0132), fitness=-446414245.313762724
8467.57 secs, 834533 evals, 834517 steps, improv/step: 0.045 (last = 0.0108), fitness=-446414245.313762724
8497.57 secs, 836987 evals, 836971 steps, improv/step: 0.045 (last = 0.0090), fitness=-446414245.313762724
8527.64 secs, 839568 evals, 839553 steps, improv/step: 0.045 (last = 0.0105), fitness=-446414245.313762724
8557.65 secs, 842270 evals, 842257 steps, improv/step: 0.044 (last = 0.0096), fitness=-446414245.313762724
8587.65 secs, 844807 evals, 844794 steps, improv/step: 0.044 (last = 0.0146), fitness=-446414245.313762844
8617.65 secs, 847247 evals, 847235 steps, improv/step: 0.044 (last = 0.0102), fitness=-446414245.313762844
8647.65 secs, 849727 evals, 849715 steps, improv/step: 0.044 (last = 0.0093), fitness=-446414245.313762844
8677.65 secs, 852208 evals, 852197 steps, improv/step: 0.044 (last = 0.0085), fitness=-446414245.313762844
8707.66 secs, 854733 evals, 854723 steps, improv/step: 0.044 (last = 0.0059), fitness=-446414245.313762844
8737.67 secs, 857142 evals, 857133 steps, improv/step: 0.044 (last = 0.0095), fitness=-446414245.313762844
8767.67 secs, 859596 evals, 859587 steps, improv/step: 0.044 (last = 0.0065), fitness=-446414245.313762903
8797.68 secs, 862011 evals, 862002 steps, improv/step: 0.044 (last = 0.0104), fitness=-446414245.313762903
8827.68 secs, 864549 evals, 864540 steps, improv/step: 0.044 (last = 0.0099), fitness=-446414245.313762903
8857.68 secs, 866932 evals, 866924 steps, improv/step: 0.043 (last = 0.0088), fitness=-446414245.313762963
8887.68 secs, 869530 evals, 869522 steps, improv/step: 0.043 (last = 0.0046), fitness=-446414245.313762963
8917.69 secs, 872133 evals, 872125 steps, improv/step: 0.043 (last = 0.0069), fitness=-446414245.313762963
8947.70 secs, 874554 evals, 874546 steps, improv/step: 0.043 (last = 0.0095), fitness=-446414245.313763022
8977.71 secs, 877094 evals, 877086 steps, improv/step: 0.043 (last = 0.0110), fitness=-446414245.313763022
9007.72 secs, 879659 evals, 879651 steps, improv/step: 0.043 (last = 0.0066), fitness=-446414245.313763022
9037.73 secs, 882273 evals, 882265 steps, improv/step: 0.043 (last = 0.0065), fitness=-446414245.313763082
9067.74 secs, 884728 evals, 884721 steps, improv/step: 0.043 (last = 0.0130), fitness=-446414245.313763142
9097.74 secs, 887305 evals, 887298 steps, improv/step: 0.043 (last = 0.0124), fitness=-446414245.313763261
9128.20 secs, 889943 evals, 889937 steps, improv/step: 0.043 (last = 0.0083), fitness=-446414245.313763261
9158.21 secs, 892398 evals, 892392 steps, improv/step: 0.042 (last = 0.0061), fitness=-446414245.313763261
9188.53 secs, 894978 evals, 894972 steps, improv/step: 0.042 (last = 0.0085), fitness=-446414245.313763261
9218.54 secs, 897554 evals, 897548 steps, improv/step: 0.042 (last = 0.0097), fitness=-446414245.313763261
9248.56 secs, 900138 evals, 900132 steps, improv/step: 0.042 (last = 0.0101), fitness=-446414245.313763261
9278.56 secs, 902791 evals, 902786 steps, improv/step: 0.042 (last = 0.0098), fitness=-446414245.313763380
9308.57 secs, 905374 evals, 905369 steps, improv/step: 0.042 (last = 0.0105), fitness=-446414245.313763380
9338.57 secs, 907877 evals, 907872 steps, improv/step: 0.042 (last = 0.0064), fitness=-446414245.313763380
9368.57 secs, 910309 evals, 910304 steps, improv/step: 0.042 (last = 0.0074), fitness=-446414245.313763380
9398.58 secs, 912875 evals, 912870 steps, improv/step: 0.042 (last = 0.0094), fitness=-446414245.313763380
9428.69 secs, 915372 evals, 915367 steps, improv/step: 0.042 (last = 0.0068), fitness=-446414245.313763380
9458.69 secs, 917900 evals, 917895 steps, improv/step: 0.041 (last = 0.0079), fitness=-446414245.313763380
9488.70 secs, 920432 evals, 920427 steps, improv/step: 0.041 (last = 0.0083), fitness=-446414245.313763380
9518.98 secs, 922975 evals, 922970 steps, improv/step: 0.041 (last = 0.0067), fitness=-446414245.313763380
9548.99 secs, 925636 evals, 925631 steps, improv/step: 0.041 (last = 0.0083), fitness=-446414245.313763380
9578.99 secs, 928225 evals, 928220 steps, improv/step: 0.041 (last = 0.0066), fitness=-446414245.313763380
9609.42 secs, 930940 evals, 930935 steps, improv/step: 0.041 (last = 0.0063), fitness=-446414245.313763440
9639.43 secs, 933503 evals, 933498 steps, improv/step: 0.041 (last = 0.0062), fitness=-446414245.313763440
9669.44 secs, 936018 evals, 936013 steps, improv/step: 0.041 (last = 0.0060), fitness=-446414245.313763440
9699.44 secs, 938547 evals, 938542 steps, improv/step: 0.041 (last = 0.0083), fitness=-446414245.313763440
9729.45 secs, 941213 evals, 941208 steps, improv/step: 0.041 (last = 0.0053), fitness=-446414245.313763440
9759.45 secs, 943758 evals, 943753 steps, improv/step: 0.041 (last = 0.0071), fitness=-446414245.313763440
9789.45 secs, 946416 evals, 946412 steps, improv/step: 0.040 (last = 0.0041), fitness=-446414245.313763440
9819.46 secs, 948956 evals, 948954 steps, improv/step: 0.040 (last = 0.0031), fitness=-446414245.313763440
9849.47 secs, 951493 evals, 951491 steps, improv/step: 0.040 (last = 0.0059), fitness=-446414245.313763440
9879.47 secs, 954080 evals, 954078 steps, improv/step: 0.040 (last = 0.0039), fitness=-446414245.313763440
9909.47 secs, 956566 evals, 956564 steps, improv/step: 0.040 (last = 0.0080), fitness=-446414245.313763440
9939.48 secs, 959128 evals, 959126 steps, improv/step: 0.040 (last = 0.0070), fitness=-446414245.313763440
9969.48 secs, 961854 evals, 961852 steps, improv/step: 0.040 (last = 0.0062), fitness=-446414245.313763440
9999.49 secs, 964494 evals, 964492 steps, improv/step: 0.040 (last = 0.0053), fitness=-446414245.313763440
10029.49 secs, 967039 evals, 967037 steps, improv/step: 0.040 (last = 0.0051), fitness=-446414245.313763440
10059.51 secs, 969611 evals, 969609 steps, improv/step: 0.040 (last = 0.0039), fitness=-446414245.313763440
10089.52 secs, 972265 evals, 972263 steps, improv/step: 0.039 (last = 0.0072), fitness=-446414245.313763440
10119.54 secs, 974912 evals, 974910 steps, improv/step: 0.039 (last = 0.0038), fitness=-446414245.313763440
10149.55 secs, 977515 evals, 977513 steps, improv/step: 0.039 (last = 0.0035), fitness=-446414245.313763440
10179.56 secs, 980208 evals, 980206 steps, improv/step: 0.039 (last = 0.0026), fitness=-446414245.313763440
10209.57 secs, 982903 evals, 982901 steps, improv/step: 0.039 (last = 0.0045), fitness=-446414245.313763440
10240.20 secs, 985537 evals, 985536 steps, improv/step: 0.039 (last = 0.0057), fitness=-446414245.313763440
10270.20 secs, 987982 evals, 987981 steps, improv/step: 0.039 (last = 0.0037), fitness=-446414245.313763440
10300.21 secs, 990471 evals, 990470 steps, improv/step: 0.039 (last = 0.0004), fitness=-446414245.313763440
10330.63 secs, 993009 evals, 993008 steps, improv/step: 0.039 (last = 0.0043), fitness=-446414245.313763440
10360.85 secs, 995620 evals, 995619 steps, improv/step: 0.039 (last = 0.0027), fitness=-446414245.313763440
10391.11 secs, 998237 evals, 998237 steps, improv/step: 0.039 (last = 0.0046), fitness=-446414245.313763440
10421.12 secs, 1000813 evals, 1000813 steps, improv/step: 0.038 (last = 0.0035), fitness=-446414245.313763440
10451.12 secs, 1003288 evals, 1003288 steps, improv/step: 0.038 (last = 0.0024), fitness=-446414245.313763440
10481.13 secs, 1005857 evals, 1005857 steps, improv/step: 0.038 (last = 0.0047), fitness=-446414245.313763440
10511.13 secs, 1008399 evals, 1008400 steps, improv/step: 0.038 (last = 0.0012), fitness=-446414245.313763499
10541.14 secs, 1010850 evals, 1010851 steps, improv/step: 0.038 (last = 0.0033), fitness=-446414245.313763499
10571.14 secs, 1013320 evals, 1013321 steps, improv/step: 0.038 (last = 0.0036), fitness=-446414245.313763499
10601.14 secs, 1015793 evals, 1015794 steps, improv/step: 0.038 (last = 0.0028), fitness=-446414245.313763499
10631.76 secs, 1018400 evals, 1018401 steps, improv/step: 0.038 (last = 0.0023), fitness=-446414245.313763499
10662.18 secs, 1021071 evals, 1021073 steps, improv/step: 0.038 (last = 0.0015), fitness=-446414245.313763499
10692.18 secs, 1023747 evals, 1023749 steps, improv/step: 0.038 (last = 0.0019), fitness=-446414245.313763499
10722.19 secs, 1026165 evals, 1026168 steps, improv/step: 0.038 (last = 0.0025), fitness=-446414245.313763499
10752.19 secs, 1028770 evals, 1028774 steps, improv/step: 0.037 (last = 0.0027), fitness=-446414245.313763499
10782.20 secs, 1031300 evals, 1031304 steps, improv/step: 0.037 (last = 0.0063), fitness=-446414245.313763499
10812.21 secs, 1034035 evals, 1034039 steps, improv/step: 0.037 (last = 0.0051), fitness=-446414245.313763499
10842.75 secs, 1036555 evals, 1036559 steps, improv/step: 0.037 (last = 0.0048), fitness=-446414245.313763499
10872.76 secs, 1039317 evals, 1039321 steps, improv/step: 0.037 (last = 0.0047), fitness=-446414245.313763499
10902.76 secs, 1041900 evals, 1041906 steps, improv/step: 0.037 (last = 0.0066), fitness=-446414245.313763499
10932.76 secs, 1044374 evals, 1044381 steps, improv/step: 0.037 (last = 0.0053), fitness=-446414245.313763499
10962.77 secs, 1046877 evals, 1046888 steps, improv/step: 0.037 (last = 0.0084), fitness=-446414245.313763499
10992.77 secs, 1049501 evals, 1049513 steps, improv/step: 0.037 (last = 0.0034), fitness=-446414245.313763499
11022.78 secs, 1052164 evals, 1052178 steps, improv/step: 0.037 (last = 0.0045), fitness=-446414245.313763499
11052.78 secs, 1054769 evals, 1054783 steps, improv/step: 0.037 (last = 0.0073), fitness=-446414245.313763499
11082.78 secs, 1057336 evals, 1057351 steps, improv/step: 0.037 (last = 0.0070), fitness=-446414245.313763499
11112.79 secs, 1059886 evals, 1059905 steps, improv/step: 0.037 (last = 0.0114), fitness=-446414245.313763499
11142.79 secs, 1062533 evals, 1062552 steps, improv/step: 0.037 (last = 0.0106), fitness=-446414245.313763499
11172.79 secs, 1065084 evals, 1065107 steps, improv/step: 0.036 (last = 0.0055), fitness=-446414245.313763499
11202.79 secs, 1067687 evals, 1067711 steps, improv/step: 0.036 (last = 0.0081), fitness=-446414245.313763499
11232.80 secs, 1070262 evals, 1070290 steps, improv/step: 0.036 (last = 0.0047), fitness=-446414245.313763499
11262.80 secs, 1072944 evals, 1072973 steps, improv/step: 0.036 (last = 0.0075), fitness=-446414245.313763499
11292.80 secs, 1075521 evals, 1075552 steps, improv/step: 0.036 (last = 0.0066), fitness=-446414245.313763499
11322.80 secs, 1078184 evals, 1078215 steps, improv/step: 0.036 (last = 0.0071), fitness=-446414245.313763499
11353.37 secs, 1080767 evals, 1080799 steps, improv/step: 0.036 (last = 0.0112), fitness=-446414245.313763499
11383.37 secs, 1083426 evals, 1083462 steps, improv/step: 0.036 (last = 0.0259), fitness=-446414245.313763499
11413.37 secs, 1085951 evals, 1085993 steps, improv/step: 0.036 (last = 0.0237), fitness=-446414245.313763499
11443.38 secs, 1088410 evals, 1088458 steps, improv/step: 0.036 (last = 0.0389), fitness=-446414245.313763499
11473.39 secs, 1090970 evals, 1091023 steps, improv/step: 0.036 (last = 0.0242), fitness=-446414245.313763499
11503.40 secs, 1093463 evals, 1093519 steps, improv/step: 0.036 (last = 0.0140), fitness=-446414245.313763499
11533.40 secs, 1096107 evals, 1096164 steps, improv/step: 0.036 (last = 0.0280), fitness=-446414245.313763499
11563.41 secs, 1098530 evals, 1098589 steps, improv/step: 0.036 (last = 0.0466), fitness=-446414245.313763499
11593.42 secs, 1101050 evals, 1101109 steps, improv/step: 0.036 (last = 0.0671), fitness=-446414245.313763499
11623.42 secs, 1103670 evals, 1103733 steps, improv/step: 0.036 (last = 0.1059), fitness=-446414245.313763499
11653.43 secs, 1106286 evals, 1106351 steps, improv/step: 0.036 (last = 0.1203), fitness=-446414245.313763499
11683.44 secs, 1108994 evals, 1109061 steps, improv/step: 0.037 (last = 0.1410), fitness=-446414245.313763559
11713.45 secs, 1111712 evals, 1111790 steps, improv/step: 0.037 (last = 0.1799), fitness=-446414245.313763559
11743.45 secs, 1114301 evals, 1114386 steps, improv/step: 0.037 (last = 0.1787), fitness=-446414245.313763559
11773.46 secs, 1116837 evals, 1116924 steps, improv/step: 0.038 (last = 0.1478), fitness=-446414245.313763559
11803.48 secs, 1119263 evals, 1119358 steps, improv/step: 0.038 (last = 0.1586), fitness=-446414245.313763559
11833.48 secs, 1121771 evals, 1121870 steps, improv/step: 0.038 (last = 0.1513), fitness=-446414245.313763559
11863.49 secs, 1124254 evals, 1124356 steps, improv/step: 0.038 (last = 0.1179), fitness=-446414245.313763559
11893.49 secs, 1126727 evals, 1126829 steps, improv/step: 0.038 (last = 0.0999), fitness=-446414245.313763559
11923.50 secs, 1129314 evals, 1129422 steps, improv/step: 0.039 (last = 0.1554), fitness=-446414245.313763559
11953.50 secs, 1131913 evals, 1132026 steps, improv/step: 0.039 (last = 0.1843), fitness=-446414245.313763559
11983.51 secs, 1134408 evals, 1134528 steps, improv/step: 0.039 (last = 0.2030), fitness=-446414245.313763559
12013.51 secs, 1137010 evals, 1137135 steps, improv/step: 0.040 (last = 0.2294), fitness=-446414245.313763559
12043.52 secs, 1139668 evals, 1139802 steps, improv/step: 0.040 (last = 0.2737), fitness=-446414245.313763559
12073.52 secs, 1142236 evals, 1142381 steps, improv/step: 0.041 (last = 0.2896), fitness=-446414245.313763559
12103.53 secs, 1144759 evals, 1144914 steps, improv/step: 0.041 (last = 0.2977), fitness=-446414245.313763559
12133.54 secs, 1147328 evals, 1147495 steps, improv/step: 0.042 (last = 0.3344), fitness=-446414245.313763559
12163.55 secs, 1149911 evals, 1150087 steps, improv/step: 0.043 (last = 0.3345), fitness=-446414245.313763559
12193.56 secs, 1152356 evals, 1152550 steps, improv/step: 0.043 (last = 0.3479), fitness=-446414245.313763559
12223.56 secs, 1154969 evals, 1155176 steps, improv/step: 0.044 (last = 0.3637), fitness=-446414245.313763559
12253.56 secs, 1157564 evals, 1157789 steps, improv/step: 0.045 (last = 0.3728), fitness=-446414245.313763559
12283.57 secs, 1160129 evals, 1160369 steps, improv/step: 0.046 (last = 0.4058), fitness=-446414245.313763559
12313.57 secs, 1162649 evals, 1162902 steps, improv/step: 0.046 (last = 0.3976), fitness=-446414245.313763559
12343.58 secs, 1165161 evals, 1165421 steps, improv/step: 0.047 (last = 0.3656), fitness=-446414245.313763559
12373.58 secs, 1167632 evals, 1167906 steps, improv/step: 0.048 (last = 0.3815), fitness=-446414245.313763559
12403.76 secs, 1170222 evals, 1170508 steps, improv/step: 0.049 (last = 0.3743), fitness=-446414245.313763559
12433.76 secs, 1172810 evals, 1173104 steps, improv/step: 0.049 (last = 0.3567), fitness=-446414245.313763559
12463.77 secs, 1175361 evals, 1175666 steps, improv/step: 0.050 (last = 0.4114), fitness=-446414245.313763559
12493.77 secs, 1177969 evals, 1178284 steps, improv/step: 0.051 (last = 0.3984), fitness=-446414245.313763559
12523.77 secs, 1180724 evals, 1181050 steps, improv/step: 0.052 (last = 0.4281), fitness=-446414245.313763559
12553.78 secs, 1183498 evals, 1183835 steps, improv/step: 0.052 (last = 0.3856), fitness=-446414245.313763559
12583.78 secs, 1185988 evals, 1186336 steps, improv/step: 0.053 (last = 0.4690), fitness=-446414245.313763559
12613.79 secs, 1188521 evals, 1188881 steps, improv/step: 0.054 (last = 0.4951), fitness=-446414245.313763559
12643.79 secs, 1191007 evals, 1191378 steps, improv/step: 0.055 (last = 0.4626), fitness=-446414245.313763559
12674.21 secs, 1193525 evals, 1193910 steps, improv/step: 0.056 (last = 0.4100), fitness=-446414245.313763559
12704.21 secs, 1196188 evals, 1196594 steps, improv/step: 0.057 (last = 0.4404), fitness=-446414245.313763559
12734.21 secs, 1198728 evals, 1199148 steps, improv/step: 0.058 (last = 0.4503), fitness=-446414245.313763559
12764.21 secs, 1201303 evals, 1201738 steps, improv/step: 0.059 (last = 0.4861), fitness=-446414245.313763559
12794.22 secs, 1203782 evals, 1204231 steps, improv/step: 0.059 (last = 0.5150), fitness=-446414245.313763559
12824.55 secs, 1206307 evals, 1206765 steps, improv/step: 0.060 (last = 0.4913), fitness=-446414245.313763559
12854.55 secs, 1209024 evals, 1209499 steps, improv/step: 0.061 (last = 0.5157), fitness=-446414245.313763559
12884.56 secs, 1211693 evals, 1212184 steps, improv/step: 0.062 (last = 0.5099), fitness=-446414245.313763559
12914.56 secs, 1214290 evals, 1214794 steps, improv/step: 0.063 (last = 0.4992), fitness=-446414245.313763559
12944.78 secs, 1216860 evals, 1217385 steps, improv/step: 0.064 (last = 0.5025), fitness=-446414245.313763559
12974.79 secs, 1219499 evals, 1220041 steps, improv/step: 0.065 (last = 0.4228), fitness=-446414245.313763559
13004.80 secs, 1222144 evals, 1222703 steps, improv/step: 0.066 (last = 0.4666), fitness=-446414245.313763559
13034.81 secs, 1224716 evals, 1225291 steps, improv/step: 0.067 (last = 0.5429), fitness=-446414245.313763559
13064.81 secs, 1227237 evals, 1227824 steps, improv/step: 0.068 (last = 0.5266), fitness=-446414245.313763559
13094.82 secs, 1229704 evals, 1230299 steps, improv/step: 0.069 (last = 0.5083), fitness=-446414245.313763559
13125.60 secs, 1232252 evals, 1232867 steps, improv/step: 0.070 (last = 0.4708), fitness=-446414245.313763559
13155.61 secs, 1234960 evals, 1235594 steps, improv/step: 0.071 (last = 0.4815), fitness=-446414245.313763559
13185.61 secs, 1237501 evals, 1238148 steps, improv/step: 0.071 (last = 0.5188), fitness=-446414245.313763559
13215.62 secs, 1240068 evals, 1240735 steps, improv/step: 0.072 (last = 0.5064), fitness=-446414245.313763559
13245.63 secs, 1242694 evals, 1243372 steps, improv/step: 0.073 (last = 0.5195), fitness=-446414245.313763559
13275.63 secs, 1245334 evals, 1246033 steps, improv/step: 0.074 (last = 0.5216), fitness=-446414245.313763559
13305.64 secs, 1247930 evals, 1248645 steps, improv/step: 0.075 (last = 0.4927), fitness=-446414245.313763559
13335.65 secs, 1250510 evals, 1251242 steps, improv/step: 0.076 (last = 0.4594), fitness=-446414245.313763559
13365.65 secs, 1253234 evals, 1253985 steps, improv/step: 0.077 (last = 0.4947), fitness=-446414245.313763559
13395.65 secs, 1255935 evals, 1256706 steps, improv/step: 0.078 (last = 0.5869), fitness=-446414245.313763559
13425.66 secs, 1258479 evals, 1259266 steps, improv/step: 0.079 (last = 0.5098), fitness=-446414245.313763559
13456.07 secs, 1261140 evals, 1261944 steps, improv/step: 0.080 (last = 0.4586), fitness=-446414245.313763559
13486.08 secs, 1263768 evals, 1264589 steps, improv/step: 0.080 (last = 0.4688), fitness=-446414245.313763559
13516.09 secs, 1266429 evals, 1267271 steps, improv/step: 0.081 (last = 0.5093), fitness=-446414245.313763559
13546.10 secs, 1269169 evals, 1270037 steps, improv/step: 0.082 (last = 0.4512), fitness=-446414245.313763559
13576.10 secs, 1271726 evals, 1272615 steps, improv/step: 0.083 (last = 0.4228), fitness=-446414245.313763559
13606.12 secs, 1274285 evals, 1275194 steps, improv/step: 0.084 (last = 0.4587), fitness=-446414245.313763559
13636.12 secs, 1276913 evals, 1277837 steps, improv/step: 0.084 (last = 0.4571), fitness=-446414245.313763559
13666.12 secs, 1279521 evals, 1280453 steps, improv/step: 0.085 (last = 0.4763), fitness=-446414245.313763559
13696.13 secs, 1282132 evals, 1283082 steps, improv/step: 0.086 (last = 0.4591), fitness=-446414245.313763559
13726.13 secs, 1284669 evals, 1285634 steps, improv/step: 0.087 (last = 0.4906), fitness=-446414245.313763559
13756.85 secs, 1287342 evals, 1288320 steps, improv/step: 0.088 (last = 0.4732), fitness=-446414245.313763559
13786.86 secs, 1289991 evals, 1290987 steps, improv/step: 0.088 (last = 0.5253), fitness=-446414245.313763559
13816.87 secs, 1292548 evals, 1293564 steps, improv/step: 0.089 (last = 0.5130), fitness=-446414245.313763559
13846.87 secs, 1295024 evals, 1296052 steps, improv/step: 0.090 (last = 0.5000), fitness=-446414245.313763559
13876.87 secs, 1297683 evals, 1298727 steps, improv/step: 0.091 (last = 0.4804), fitness=-446414245.313763559
13906.88 secs, 1300258 evals, 1301314 steps, improv/step: 0.092 (last = 0.5775), fitness=-446414245.313763559
13936.88 secs, 1302935 evals, 1304011 steps, improv/step: 0.093 (last = 0.5209), fitness=-446414245.313763559
13966.88 secs, 1305421 evals, 1306516 steps, improv/step: 0.093 (last = 0.4475), fitness=-446414245.313763559
13996.89 secs, 1307838 evals, 1308948 steps, improv/step: 0.094 (last = 0.4984), fitness=-446414245.313763559
14026.89 secs, 1310271 evals, 1311396 steps, improv/step: 0.095 (last = 0.4849), fitness=-446414245.313763559
14056.89 secs, 1312796 evals, 1313938 steps, improv/step: 0.096 (last = 0.5185), fitness=-446414245.313763559
14087.31 secs, 1315311 evals, 1316465 steps, improv/step: 0.097 (last = 0.5378), fitness=-446414245.313763559
14117.31 secs, 1317856 evals, 1319028 steps, improv/step: 0.097 (last = 0.5474), fitness=-446414245.313763559
14147.31 secs, 1320470 evals, 1321659 steps, improv/step: 0.098 (last = 0.5105), fitness=-446414245.313763559
14177.31 secs, 1323142 evals, 1324352 steps, improv/step: 0.099 (last = 0.5095), fitness=-446414245.313763559
14207.32 secs, 1325748 evals, 1326971 steps, improv/step: 0.100 (last = 0.4895), fitness=-446414245.313763559
14237.89 secs, 1328441 evals, 1329680 steps, improv/step: 0.101 (last = 0.5234), fitness=-446414245.313763559
14267.89 secs, 1331020 evals, 1332265 steps, improv/step: 0.102 (last = 0.5501), fitness=-446414245.313763559
14297.90 secs, 1333537 evals, 1334793 steps, improv/step: 0.102 (last = 0.4778), fitness=-446414245.313763559
14328.43 secs, 1336121 evals, 1337400 steps, improv/step: 0.103 (last = 0.5155), fitness=-446414245.313763559
14358.43 secs, 1338639 evals, 1339940 steps, improv/step: 0.104 (last = 0.5839), fitness=-446414245.313763559
14388.43 secs, 1341062 evals, 1342380 steps, improv/step: 0.105 (last = 0.4975), fitness=-446414245.313763559
14418.44 secs, 1343744 evals, 1345075 steps, improv/step: 0.106 (last = 0.4831), fitness=-446414245.313763559
14448.45 secs, 1346391 evals, 1347741 steps, improv/step: 0.106 (last = 0.4816), fitness=-446414245.313763559
14478.45 secs, 1348903 evals, 1350273 steps, improv/step: 0.107 (last = 0.4751), fitness=-446414245.313763559
14508.45 secs, 1351511 evals, 1352898 steps, improv/step: 0.108 (last = 0.5310), fitness=-446414245.313763559
14538.46 secs, 1354014 evals, 1355411 steps, improv/step: 0.108 (last = 0.4819), fitness=-446414245.313763559
14568.47 secs, 1356485 evals, 1357897 steps, improv/step: 0.109 (last = 0.5213), fitness=-446414245.313763559
14598.48 secs, 1359039 evals, 1360470 steps, improv/step: 0.110 (last = 0.5251), fitness=-446414245.313763559
14628.49 secs, 1361535 evals, 1362983 steps, improv/step: 0.111 (last = 0.5364), fitness=-446414245.313763559
14658.49 secs, 1364066 evals, 1365535 steps, improv/step: 0.112 (last = 0.5388), fitness=-446414245.313763559
14688.50 secs, 1366569 evals, 1368057 steps, improv/step: 0.112 (last = 0.5230), fitness=-446414245.313763559
14718.68 secs, 1369002 evals, 1370498 steps, improv/step: 0.113 (last = 0.5100), fitness=-446414245.313763559
14748.69 secs, 1371731 evals, 1373245 steps, improv/step: 0.114 (last = 0.5053), fitness=-446414245.313763559
14779.45 secs, 1374262 evals, 1375792 steps, improv/step: 0.114 (last = 0.4519), fitness=-446414245.313763559
14809.45 secs, 1376878 evals, 1378424 steps, improv/step: 0.115 (last = 0.4464), fitness=-446414245.313763559
14839.45 secs, 1379363 evals, 1380918 steps, improv/step: 0.116 (last = 0.4916), fitness=-446414245.313763559
14869.46 secs, 1381929 evals, 1383503 steps, improv/step: 0.116 (last = 0.4576), fitness=-446414245.313763559
14899.46 secs, 1384520 evals, 1386109 steps, improv/step: 0.117 (last = 0.5081), fitness=-446414245.313763559
14929.46 secs, 1387154 evals, 1388761 steps, improv/step: 0.118 (last = 0.4796), fitness=-446414245.313763559
14959.47 secs, 1389790 evals, 1391420 steps, improv/step: 0.119 (last = 0.5043), fitness=-446414245.313763559
14990.13 secs, 1392376 evals, 1394023 steps, improv/step: 0.119 (last = 0.5213), fitness=-446414245.313763559
15020.14 secs, 1394963 evals, 1396629 steps, improv/step: 0.120 (last = 0.4816), fitness=-446414245.313763559
15050.14 secs, 1397469 evals, 1399149 steps, improv/step: 0.121 (last = 0.5071), fitness=-446414245.313763559
15080.15 secs, 1400020 evals, 1401711 steps, improv/step: 0.121 (last = 0.5160), fitness=-446414245.313763559
15110.56 secs, 1402633 evals, 1404343 steps, improv/step: 0.122 (last = 0.5646), fitness=-446414245.313763559
15140.56 secs, 1405317 evals, 1407043 steps, improv/step: 0.123 (last = 0.4889), fitness=-446414245.313763559
15170.56 secs, 1407751 evals, 1409494 steps, improv/step: 0.124 (last = 0.4508), fitness=-446414245.313763559
15200.57 secs, 1410268 evals, 1412027 steps, improv/step: 0.124 (last = 0.4809), fitness=-446414245.313763559
15230.57 secs, 1412975 evals, 1414753 steps, improv/step: 0.125 (last = 0.4453), fitness=-446414245.313763559
15260.58 secs, 1415558 evals, 1417353 steps, improv/step: 0.126 (last = 0.5300), fitness=-446414245.313763559
15290.58 secs, 1418174 evals, 1419991 steps, improv/step: 0.126 (last = 0.5049), fitness=-446414245.313763559
15320.59 secs, 1420806 evals, 1422634 steps, improv/step: 0.127 (last = 0.4930), fitness=-446414245.313763559
15351.39 secs, 1423361 evals, 1425201 steps, improv/step: 0.128 (last = 0.5123), fitness=-446414245.313763559
15381.40 secs, 1425979 evals, 1427837 steps, improv/step: 0.128 (last = 0.4871), fitness=-446414245.313763559
15411.40 secs, 1428545 evals, 1430428 steps, improv/step: 0.129 (last = 0.4952), fitness=-446414245.313763559
15441.41 secs, 1431091 evals, 1432992 steps, improv/step: 0.130 (last = 0.4661), fitness=-446414245.313763559
15471.42 secs, 1433601 evals, 1435531 steps, improv/step: 0.130 (last = 0.4584), fitness=-446414245.313763559
15501.42 secs, 1436267 evals, 1438211 steps, improv/step: 0.131 (last = 0.4373), fitness=-446414245.313763559
15531.42 secs, 1438791 evals, 1440751 steps, improv/step: 0.131 (last = 0.5126), fitness=-446414245.313763559
15561.43 secs, 1441206 evals, 1443185 steps, improv/step: 0.132 (last = 0.4926), fitness=-446414245.313763559
15591.44 secs, 1443694 evals, 1445683 steps, improv/step: 0.133 (last = 0.4888), fitness=-446414245.313763559
15621.45 secs, 1446203 evals, 1448211 steps, improv/step: 0.133 (last = 0.4549), fitness=-446414245.313763559
15651.45 secs, 1448758 evals, 1450781 steps, improv/step: 0.134 (last = 0.4763), fitness=-446414245.313763559
15681.45 secs, 1451200 evals, 1453241 steps, improv/step: 0.134 (last = 0.5110), fitness=-446414245.313763559
15711.46 secs, 1453678 evals, 1455737 steps, improv/step: 0.135 (last = 0.5477), fitness=-446414245.313763559
15741.46 secs, 1456129 evals, 1458201 steps, improv/step: 0.136 (last = 0.4825), fitness=-446414245.313763559
15771.47 secs, 1458764 evals, 1460851 steps, improv/step: 0.136 (last = 0.4811), fitness=-446414245.313763559
15801.48 secs, 1461257 evals, 1463367 steps, improv/step: 0.137 (last = 0.5278), fitness=-446414245.313763559
15831.49 secs, 1463815 evals, 1465946 steps, improv/step: 0.138 (last = 0.4575), fitness=-446414245.313763559
15861.50 secs, 1466436 evals, 1468583 steps, improv/step: 0.138 (last = 0.4668), fitness=-446414245.313763559
15891.51 secs, 1469007 evals, 1471166 steps, improv/step: 0.139 (last = 0.4959), fitness=-446414245.313763559
15922.37 secs, 1471746 evals, 1473916 steps, improv/step: 0.140 (last = 0.5156), fitness=-446414245.313763559
15952.38 secs, 1474396 evals, 1476587 steps, improv/step: 0.140 (last = 0.4949), fitness=-446414245.313763559
15982.83 secs, 1476902 evals, 1479110 steps, improv/step: 0.141 (last = 0.5002), fitness=-446414245.313763559
16012.83 secs, 1479537 evals, 1481758 steps, improv/step: 0.141 (last = 0.4562), fitness=-446414245.313763559
16042.85 secs, 1482022 evals, 1484268 steps, improv/step: 0.142 (last = 0.4936), fitness=-446414245.313763559
16073.48 secs, 1484434 evals, 1486700 steps, improv/step: 0.142 (last = 0.4490), fitness=-446414245.313763559
16103.48 secs, 1486920 evals, 1489205 steps, improv/step: 0.143 (last = 0.4806), fitness=-446414245.313763559
16133.48 secs, 1489411 evals, 1491718 steps, improv/step: 0.143 (last = 0.4234), fitness=-446414245.313763559
16163.48 secs, 1491917 evals, 1494242 steps, improv/step: 0.144 (last = 0.4263), fitness=-446414245.313763559
16193.48 secs, 1494482 evals, 1496832 steps, improv/step: 0.145 (last = 0.4876), fitness=-446414245.313763559
16223.49 secs, 1496939 evals, 1499304 steps, improv/step: 0.145 (last = 0.4264), fitness=-446414245.313763559
16253.50 secs, 1499558 evals, 1501934 steps, improv/step: 0.146 (last = 0.5167), fitness=-446414245.313763559
16283.50 secs, 1502012 evals, 1504402 steps, improv/step: 0.146 (last = 0.5255), fitness=-446414245.313763559
16313.51 secs, 1504620 evals, 1507036 steps, improv/step: 0.147 (last = 0.5194), fitness=-446414245.313763559
16343.52 secs, 1507167 evals, 1509602 steps, improv/step: 0.148 (last = 0.5409), fitness=-446414245.313763559
16373.72 secs, 1509637 evals, 1512089 steps, improv/step: 0.148 (last = 0.4528), fitness=-446414245.313763559
16403.73 secs, 1512245 evals, 1514715 steps, improv/step: 0.149 (last = 0.4996), fitness=-446414245.313763559
16433.76 secs, 1514781 evals, 1517264 steps, improv/step: 0.149 (last = 0.5096), fitness=-446414245.313763559
16463.76 secs, 1517343 evals, 1519842 steps, improv/step: 0.150 (last = 0.5178), fitness=-446414245.313763559
16493.77 secs, 1519986 evals, 1522504 steps, improv/step: 0.151 (last = 0.5571), fitness=-446414245.313763559
16523.77 secs, 1522610 evals, 1525145 steps, improv/step: 0.151 (last = 0.5346), fitness=-446414245.313763559
16553.78 secs, 1525101 evals, 1527648 steps, improv/step: 0.152 (last = 0.4563), fitness=-446414245.313763559
16583.79 secs, 1527767 evals, 1530334 steps, improv/step: 0.152 (last = 0.4702), fitness=-446414245.313763559
16613.79 secs, 1530366 evals, 1532946 steps, improv/step: 0.153 (last = 0.5417), fitness=-446414245.313763559
16643.79 secs, 1532948 evals, 1535546 steps, improv/step: 0.154 (last = 0.5458), fitness=-446414245.313763559
16673.79 secs, 1535603 evals, 1538218 steps, improv/step: 0.154 (last = 0.5007), fitness=-446414245.313763559
16703.80 secs, 1538257 evals, 1540888 steps, improv/step: 0.155 (last = 0.5142), fitness=-446414245.313763559
16733.80 secs, 1540887 evals, 1543528 steps, improv/step: 0.155 (last = 0.4568), fitness=-446414245.313763559
16763.81 secs, 1543392 evals, 1546048 steps, improv/step: 0.156 (last = 0.4790), fitness=-446414245.313763559
16793.81 secs, 1545973 evals, 1548644 steps, improv/step: 0.157 (last = 0.4831), fitness=-446414245.313763559
16823.82 secs, 1548529 evals, 1551217 steps, improv/step: 0.157 (last = 0.4710), fitness=-446414245.313763559
16853.82 secs, 1551119 evals, 1553825 steps, improv/step: 0.158 (last = 0.4567), fitness=-446414245.313763559
16883.82 secs, 1553802 evals, 1556519 steps, improv/step: 0.158 (last = 0.4970), fitness=-446414245.313763559
16914.57 secs, 1556310 evals, 1559049 steps, improv/step: 0.159 (last = 0.5332), fitness=-446414245.313763559
16944.58 secs, 1558956 evals, 1561708 steps, improv/step: 0.159 (last = 0.5322), fitness=-446414245.313763559
16974.58 secs, 1561635 evals, 1564401 steps, improv/step: 0.160 (last = 0.5110), fitness=-446414245.313763559
17004.59 secs, 1564287 evals, 1567067 steps, improv/step: 0.161 (last = 0.4865), fitness=-446414245.313763559
17034.59 secs, 1566924 evals, 1569729 steps, improv/step: 0.161 (last = 0.5008), fitness=-446414245.313763559
17064.59 secs, 1569505 evals, 1572324 steps, improv/step: 0.162 (last = 0.5495), fitness=-446414245.313763559
17095.35 secs, 1572166 evals, 1575006 steps, improv/step: 0.162 (last = 0.5075), fitness=-446414245.313763559
17125.36 secs, 1574810 evals, 1577666 steps, improv/step: 0.163 (last = 0.4703), fitness=-446414245.313763559
17155.36 secs, 1577503 evals, 1580378 steps, improv/step: 0.163 (last = 0.4558), fitness=-446414245.313763559
17185.36 secs, 1580074 evals, 1582970 steps, improv/step: 0.164 (last = 0.5367), fitness=-446414245.313763559
17216.38 secs, 1582653 evals, 1585569 steps, improv/step: 0.165 (last = 0.4956), fitness=-446414245.313763559
17246.39 secs, 1585247 evals, 1588180 steps, improv/step: 0.165 (last = 0.4891), fitness=-446414245.313763559
17276.40 secs, 1587935 evals, 1590884 steps, improv/step: 0.166 (last = 0.5163), fitness=-446414245.313763559
17306.40 secs, 1590625 evals, 1593587 steps, improv/step: 0.166 (last = 0.5438), fitness=-446414245.313763559
17336.63 secs, 1593205 evals, 1596187 steps, improv/step: 0.167 (last = 0.5104), fitness=-446414245.313763559
17366.64 secs, 1595644 evals, 1598635 steps, improv/step: 0.167 (last = 0.4877), fitness=-446414245.313763559
17396.64 secs, 1598160 evals, 1601164 steps, improv/step: 0.168 (last = 0.4698), fitness=-446414245.313763559
17426.64 secs, 1600760 evals, 1603785 steps, improv/step: 0.168 (last = 0.4971), fitness=-446414245.313763559
17456.92 secs, 1603317 evals, 1606359 steps, improv/step: 0.169 (last = 0.4643), fitness=-446414245.313763559
17486.92 secs, 1605925 evals, 1608993 steps, improv/step: 0.169 (last = 0.4355), fitness=-446414245.313763559
17516.93 secs, 1608500 evals, 1611584 steps, improv/step: 0.170 (last = 0.4570), fitness=-446414245.313763559
17546.94 secs, 1610981 evals, 1614084 steps, improv/step: 0.170 (last = 0.4212), fitness=-446414245.313763559
17576.94 secs, 1613489 evals, 1616609 steps, improv/step: 0.171 (last = 0.4879), fitness=-446414245.313763559
17607.21 secs, 1616040 evals, 1619181 steps, improv/step: 0.171 (last = 0.5171), fitness=-446414245.313763559
17637.21 secs, 1618683 evals, 1621841 steps, improv/step: 0.172 (last = 0.4846), fitness=-446414245.313763559
17667.21 secs, 1621407 evals, 1624586 steps, improv/step: 0.172 (last = 0.4936), fitness=-446414245.313763559
17697.22 secs, 1624077 evals, 1627265 steps, improv/step: 0.173 (last = 0.4345), fitness=-446414245.313763559
17727.22 secs, 1626635 evals, 1629847 steps, improv/step: 0.173 (last = 0.5333), fitness=-446414245.313763559
17757.22 secs, 1629225 evals, 1632454 steps, improv/step: 0.174 (last = 0.4749), fitness=-446414245.313763559
17787.22 secs, 1631863 evals, 1635110 steps, improv/step: 0.174 (last = 0.4947), fitness=-446414245.313763559
17817.23 secs, 1634460 evals, 1637724 steps, improv/step: 0.175 (last = 0.5490), fitness=-446414245.313763559
17847.24 secs, 1637087 evals, 1640365 steps, improv/step: 0.175 (last = 0.4911), fitness=-446414245.313763559
17877.24 secs, 1639779 evals, 1643072 steps, improv/step: 0.176 (last = 0.5453), fitness=-446414245.313763559
17907.25 secs, 1642556 evals, 1645864 steps, improv/step: 0.177 (last = 0.5247), fitness=-446414245.313763559
17937.25 secs, 1645222 evals, 1648543 steps, improv/step: 0.177 (last = 0.4483), fitness=-446414245.313763559
17967.26 secs, 1647716 evals, 1651051 steps, improv/step: 0.177 (last = 0.4669), fitness=-446414245.313763559
17997.26 secs, 1650351 evals, 1653695 steps, improv/step: 0.178 (last = 0.4977), fitness=-446414245.313763559
18027.27 secs, 1652975 evals, 1656334 steps, improv/step: 0.178 (last = 0.5051), fitness=-446414245.313763559
18057.29 secs, 1655562 evals, 1658935 steps, improv/step: 0.179 (last = 0.5867), fitness=-446414245.313763559
18087.29 secs, 1658212 evals, 1661599 steps, improv/step: 0.180 (last = 0.5488), fitness=-446414245.313763559
18117.29 secs, 1660797 evals, 1664201 steps, improv/step: 0.180 (last = 0.5380), fitness=-446414245.313763559
18147.29 secs, 1663514 evals, 1666939 steps, improv/step: 0.181 (last = 0.5146), fitness=-446414245.313763559
18177.30 secs, 1666151 evals, 1669593 steps, improv/step: 0.181 (last = 0.4868), fitness=-446414245.313763559
18207.31 secs, 1668679 evals, 1672134 steps, improv/step: 0.182 (last = 0.5710), fitness=-446414245.313763559
18237.32 secs, 1671310 evals, 1674779 steps, improv/step: 0.182 (last = 0.4866), fitness=-446414245.313763559
18267.32 secs, 1673987 evals, 1677474 steps, improv/step: 0.183 (last = 0.4991), fitness=-446414245.313763559
18297.33 secs, 1676650 evals, 1680146 steps, improv/step: 0.183 (last = 0.4251), fitness=-446414245.313763559
18327.33 secs, 1679230 evals, 1682746 steps, improv/step: 0.184 (last = 0.4946), fitness=-446414245.313763559
18357.34 secs, 1681896 evals, 1685428 steps, improv/step: 0.184 (last = 0.4631), fitness=-446414245.313763559
18387.34 secs, 1684685 evals, 1688239 steps, improv/step: 0.185 (last = 0.4956), fitness=-446414245.313763559
18417.35 secs, 1687370 evals, 1690942 steps, improv/step: 0.185 (last = 0.5357), fitness=-446414245.313763559
18447.35 secs, 1689952 evals, 1693543 steps, improv/step: 0.186 (last = 0.5463), fitness=-446414245.313763559
18477.35 secs, 1692524 evals, 1696129 steps, improv/step: 0.186 (last = 0.4478), fitness=-446414245.313763559
18507.36 secs, 1695212 evals, 1698833 steps, improv/step: 0.187 (last = 0.5455), fitness=-446414245.313763559
18537.36 secs, 1697890 evals, 1701535 steps, improv/step: 0.187 (last = 0.5207), fitness=-446414245.313763559
18567.37 secs, 1700470 evals, 1704128 steps, improv/step: 0.188 (last = 0.4747), fitness=-446414245.313763559
18597.38 secs, 1703074 evals, 1706744 steps, improv/step: 0.188 (last = 0.4866), fitness=-446414245.313763559
18627.38 secs, 1705856 evals, 1709547 steps, improv/step: 0.189 (last = 0.5141), fitness=-446414245.313763559
18657.39 secs, 1708503 evals, 1712213 steps, improv/step: 0.189 (last = 0.4842), fitness=-446414245.313763559
18687.40 secs, 1711153 evals, 1714876 steps, improv/step: 0.190 (last = 0.4600), fitness=-446414245.313763559
18717.41 secs, 1713866 evals, 1717608 steps, improv/step: 0.190 (last = 0.4553), fitness=-446414245.313763559
18747.41 secs, 1716550 evals, 1720304 steps, improv/step: 0.190 (last = 0.4325), fitness=-446414245.313763559
18777.41 secs, 1719251 evals, 1723021 steps, improv/step: 0.191 (last = 0.4568), fitness=-446414245.313763559
18807.41 secs, 1722009 evals, 1725796 steps, improv/step: 0.191 (last = 0.5463), fitness=-446414245.313763559
18837.43 secs, 1724847 evals, 1728658 steps, improv/step: 0.192 (last = 0.5314), fitness=-446414245.313763559
18867.43 secs, 1727559 evals, 1731380 steps, improv/step: 0.192 (last = 0.4857), fitness=-446414245.313763559
18897.44 secs, 1730255 evals, 1734093 steps, improv/step: 0.193 (last = 0.5149), fitness=-446414245.313763559
18927.44 secs, 1733077 evals, 1736936 steps, improv/step: 0.193 (last = 0.5083), fitness=-446414245.313763559
18957.45 secs, 1735869 evals, 1739751 steps, improv/step: 0.194 (last = 0.4771), fitness=-446414245.313763559
18987.45 secs, 1738493 evals, 1742399 steps, improv/step: 0.194 (last = 0.4826), fitness=-446414245.313763559
19017.45 secs, 1741094 evals, 1745019 steps, improv/step: 0.195 (last = 0.5477), fitness=-446414245.313763559
19047.45 secs, 1743705 evals, 1747643 steps, improv/step: 0.195 (last = 0.5293), fitness=-446414245.313763559
19077.46 secs, 1746386 evals, 1750341 steps, improv/step: 0.196 (last = 0.4548), fitness=-446414245.313763559
19107.46 secs, 1748959 evals, 1752922 steps, improv/step: 0.196 (last = 0.4870), fitness=-446414245.313763559
19137.47 secs, 1751635 evals, 1755613 steps, improv/step: 0.197 (last = 0.5255), fitness=-446414245.313763559
19167.47 secs, 1754242 evals, 1758232 steps, improv/step: 0.197 (last = 0.5628), fitness=-446414245.313763559
19197.48 secs, 1756871 evals, 1760873 steps, improv/step: 0.198 (last = 0.5865), fitness=-446414245.313763559
19227.48 secs, 1759386 evals, 1763406 steps, improv/step: 0.198 (last = 0.5113), fitness=-446414245.313763559
19257.49 secs, 1761834 evals, 1765867 steps, improv/step: 0.199 (last = 0.4705), fitness=-446414245.313763559
19287.49 secs, 1764308 evals, 1768355 steps, improv/step: 0.199 (last = 0.4827), fitness=-446414245.313763559
19317.49 secs, 1766768 evals, 1770835 steps, improv/step: 0.200 (last = 0.5399), fitness=-446414245.313763559
19347.50 secs, 1769280 evals, 1773360 steps, improv/step: 0.200 (last = 0.4550), fitness=-446414245.313763559
19377.51 secs, 1771944 evals, 1776041 steps, improv/step: 0.200 (last = 0.4793), fitness=-446414245.313763559
19407.52 secs, 1774580 evals, 1778692 steps, improv/step: 0.201 (last = 0.5092), fitness=-446414245.313763559
19437.52 secs, 1777159 evals, 1781282 steps, improv/step: 0.201 (last = 0.5305), fitness=-446414245.313763559
19467.53 secs, 1779942 evals, 1784084 steps, improv/step: 0.202 (last = 0.6074), fitness=-446414245.313763559
19497.54 secs, 1782672 evals, 1786835 steps, improv/step: 0.202 (last = 0.5278), fitness=-446414245.313763559
19527.55 secs, 1785323 evals, 1789501 steps, improv/step: 0.203 (last = 0.4902), fitness=-446414245.313763559
19557.57 secs, 1787856 evals, 1792056 steps, improv/step: 0.203 (last = 0.5147), fitness=-446414245.313763559
19587.76 secs, 1790333 evals, 1794546 steps, improv/step: 0.204 (last = 0.5076), fitness=-446414245.313763559
19617.76 secs, 1792884 evals, 1797114 steps, improv/step: 0.204 (last = 0.4650), fitness=-446414245.313763559
19648.31 secs, 1795403 evals, 1799645 steps, improv/step: 0.204 (last = 0.4745), fitness=-446414245.313763559
19678.31 secs, 1797932 evals, 1802188 steps, improv/step: 0.205 (last = 0.5096), fitness=-446414245.313763559
19708.31 secs, 1800481 evals, 1804750 steps, improv/step: 0.205 (last = 0.5043), fitness=-446414245.313763559
19738.32 secs, 1802894 evals, 1807182 steps, improv/step: 0.206 (last = 0.4836), fitness=-446414245.313763559
19768.33 secs, 1805390 evals, 1809693 steps, improv/step: 0.206 (last = 0.4827), fitness=-446414245.313763559
19798.61 secs, 1807852 evals, 1812173 steps, improv/step: 0.207 (last = 0.5210), fitness=-446414245.313763559
19828.61 secs, 1810463 evals, 1814801 steps, improv/step: 0.207 (last = 0.4802), fitness=-446414245.313763559
19858.62 secs, 1813035 evals, 1817393 steps, improv/step: 0.207 (last = 0.4950), fitness=-446414245.313763559
19888.62 secs, 1815675 evals, 1820048 steps, improv/step: 0.208 (last = 0.4780), fitness=-446414245.313763559
19918.63 secs, 1818482 evals, 1822871 steps, improv/step: 0.208 (last = 0.5158), fitness=-446414245.313763559
19948.63 secs, 1821214 evals, 1825625 steps, improv/step: 0.209 (last = 0.5243), fitness=-446414245.313763559
19978.64 secs, 1823896 evals, 1828317 steps, improv/step: 0.209 (last = 0.5383), fitness=-446414245.313763559
20008.65 secs, 1826755 evals, 1831190 steps, improv/step: 0.209 (last = 0.4076), fitness=-446414245.313763559
20039.07 secs, 1829549 evals, 1834000 steps, improv/step: 0.210 (last = 0.4819), fitness=-446414245.313763559
20069.08 secs, 1832228 evals, 1836697 steps, improv/step: 0.210 (last = 0.5261), fitness=-446414245.313763559
20099.08 secs, 1835038 evals, 1839526 steps, improv/step: 0.211 (last = 0.5320), fitness=-446414245.313763559
20129.09 secs, 1838002 evals, 1842505 steps, improv/step: 0.211 (last = 0.5294), fitness=-446414245.313763559
20159.09 secs, 1840840 evals, 1845359 steps, improv/step: 0.212 (last = 0.4982), fitness=-446414245.313763559
20189.10 secs, 1843839 evals, 1848379 steps, improv/step: 0.212 (last = 0.5172), fitness=-446414245.313763559
20219.10 secs, 1846842 evals, 1851404 steps, improv/step: 0.213 (last = 0.5276), fitness=-446414245.313763559
20249.10 secs, 1849799 evals, 1854384 steps, improv/step: 0.213 (last = 0.5087), fitness=-446414245.313763559
20279.45 secs, 1852653 evals, 1857256 steps, improv/step: 0.214 (last = 0.5338), fitness=-446414245.313763559
20309.45 secs, 1855545 evals, 1860155 steps, improv/step: 0.214 (last = 0.5002), fitness=-446414245.313763559
20339.46 secs, 1858390 evals, 1863021 steps, improv/step: 0.215 (last = 0.4648), fitness=-446414245.313763559
20369.46 secs, 1861133 evals, 1865783 steps, improv/step: 0.215 (last = 0.4786), fitness=-446414245.313763559
20399.47 secs, 1864180 evals, 1868841 steps, improv/step: 0.215 (last = 0.4866), fitness=-446414245.313763559
20429.48 secs, 1866937 evals, 1871616 steps, improv/step: 0.216 (last = 0.5168), fitness=-446414245.313763559
20459.48 secs, 1869788 evals, 1874478 steps, improv/step: 0.216 (last = 0.4843), fitness=-446414245.313763559
20489.76 secs, 1872508 evals, 1877213 steps, improv/step: 0.217 (last = 0.4640), fitness=-446414245.313763559
20519.77 secs, 1875409 evals, 1880138 steps, improv/step: 0.217 (last = 0.5074), fitness=-446414245.313763559
20549.78 secs, 1878307 evals, 1883053 steps, improv/step: 0.218 (last = 0.5602), fitness=-446414245.313763559
20579.79 secs, 1881287 evals, 1886056 steps, improv/step: 0.218 (last = 0.5698), fitness=-446414245.313763559
20609.79 secs, 1884040 evals, 1888830 steps, improv/step: 0.219 (last = 0.4989), fitness=-446414245.313763559
20639.80 secs, 1886883 evals, 1891691 steps, improv/step: 0.219 (last = 0.4610), fitness=-446414245.313763559
20669.95 secs, 1889602 evals, 1894427 steps, improv/step: 0.219 (last = 0.4839), fitness=-446414245.313763559
20700.57 secs, 1892564 evals, 1897421 steps, improv/step: 0.220 (last = 0.5084), fitness=-446414245.313763559
20730.57 secs, 1895481 evals, 1900359 steps, improv/step: 0.220 (last = 0.5511), fitness=-446414245.313763559
20760.58 secs, 1898224 evals, 1903116 steps, improv/step: 0.221 (last = 0.5564), fitness=-446414245.313763559
20790.58 secs, 1901295 evals, 1906208 steps, improv/step: 0.221 (last = 0.5918), fitness=-446414245.313763559
20820.58 secs, 1904173 evals, 1909104 steps, improv/step: 0.222 (last = 0.4955), fitness=-446414245.313763559
20850.59 secs, 1907153 evals, 1912105 steps, improv/step: 0.222 (last = 0.5018), fitness=-446414245.313763559
20880.59 secs, 1909953 evals, 1914923 steps, improv/step: 0.223 (last = 0.5248), fitness=-446414245.313763559
20910.59 secs, 1912984 evals, 1917968 steps, improv/step: 0.223 (last = 0.5071), fitness=-446414245.313763559
20940.60 secs, 1916289 evals, 1921301 steps, improv/step: 0.224 (last = 0.4920), fitness=-446414245.313763559
20970.60 secs, 1919474 evals, 1924505 steps, improv/step: 0.224 (last = 0.4831), fitness=-446414245.313763559
21000.60 secs, 1922700 evals, 1927746 steps, improv/step: 0.225 (last = 0.4631), fitness=-446414245.313763559
21030.61 secs, 1925790 evals, 1930850 steps, improv/step: 0.225 (last = 0.4826), fitness=-446414245.313763559
21060.61 secs, 1929055 evals, 1934121 steps, improv/step: 0.225 (last = 0.4983), fitness=-446414245.313763559
21090.62 secs, 1932270 evals, 1937352 steps, improv/step: 0.226 (last = 0.5720), fitness=-446414245.313763559
21120.63 secs, 1935593 evals, 1940698 steps, improv/step: 0.226 (last = 0.4495), fitness=-446414245.313763559
21150.64 secs, 1938823 evals, 1943954 steps, improv/step: 0.227 (last = 0.4711), fitness=-446414245.313763559
21180.64 secs, 1942067 evals, 1947229 steps, improv/step: 0.227 (last = 0.5218), fitness=-446414245.313763559
21210.67 secs, 1945424 evals, 1950604 steps, improv/step: 0.228 (last = 0.4560), fitness=-446414245.313763559
21240.67 secs, 1948806 evals, 1954002 steps, improv/step: 0.228 (last = 0.4688), fitness=-446414245.313763559
21270.67 secs, 1952005 evals, 1957224 steps, improv/step: 0.228 (last = 0.4752), fitness=-446414245.313763559
21300.68 secs, 1955126 evals, 1960361 steps, improv/step: 0.229 (last = 0.5582), fitness=-446414245.313763559
21330.68 secs, 1958269 evals, 1963520 steps, improv/step: 0.229 (last = 0.4859), fitness=-446414245.313763559
21360.69 secs, 1961408 evals, 1966683 steps, improv/step: 0.230 (last = 0.4316), fitness=-446414245.313763559
21390.69 secs, 1964675 evals, 1969969 steps, improv/step: 0.230 (last = 0.5037), fitness=-446414245.313763559
21420.70 secs, 1967929 evals, 1973243 steps, improv/step: 0.231 (last = 0.5092), fitness=-446414245.313763559
21450.79 secs, 1971144 evals, 1976483 steps, improv/step: 0.231 (last = 0.4651), fitness=-446414245.313763559
21480.79 secs, 1974357 evals, 1979714 steps, improv/step: 0.231 (last = 0.4989), fitness=-446414245.313763559
21510.80 secs, 1977639 evals, 1983014 steps, improv/step: 0.232 (last = 0.4633), fitness=-446414245.313763559
21540.81 secs, 1980712 evals, 1986107 steps, improv/step: 0.232 (last = 0.5209), fitness=-446414245.313763559
21570.81 secs, 1984029 evals, 1989439 steps, improv/step: 0.233 (last = 0.4886), fitness=-446414245.313763559
21600.81 secs, 1987097 evals, 1992531 steps, improv/step: 0.233 (last = 0.4757), fitness=-446414245.313763559
21630.81 secs, 1990207 evals, 1995659 steps, improv/step: 0.234 (last = 0.4933), fitness=-446414245.313763559
21661.77 secs, 1993446 evals, 1998926 steps, improv/step: 0.234 (last = 0.4542), fitness=-446414245.313763559
21691.92 secs, 1996562 evals, 2002065 steps, improv/step: 0.234 (last = 0.5024), fitness=-446414245.313763559
21721.93 secs, 1999731 evals, 2005260 steps, improv/step: 0.235 (last = 0.5255), fitness=-446414245.313763559
21751.93 secs, 2002984 evals, 2008535 steps, improv/step: 0.235 (last = 0.4693), fitness=-446414245.313763559
21781.94 secs, 2006267 evals, 2011842 steps, improv/step: 0.236 (last = 0.5065), fitness=-446414245.313763559
21811.94 secs, 2009613 evals, 2015201 steps, improv/step: 0.236 (last = 0.5082), fitness=-446414245.313763559
21842.56 secs, 2012843 evals, 2018458 steps, improv/step: 0.237 (last = 0.5226), fitness=-446414245.313763559
21872.57 secs, 2015972 evals, 2021604 steps, improv/step: 0.237 (last = 0.4962), fitness=-446414245.313763559
21903.18 secs, 2019138 evals, 2024799 steps, improv/step: 0.237 (last = 0.4836), fitness=-446414245.313763559
21933.19 secs, 2022450 evals, 2028134 steps, improv/step: 0.238 (last = 0.4966), fitness=-446414245.313763559
21963.19 secs, 2025877 evals, 2031580 steps, improv/step: 0.238 (last = 0.4808), fitness=-446414245.313763559
21993.19 secs, 2029039 evals, 2034761 steps, improv/step: 0.239 (last = 0.5058), fitness=-446414245.313763559
22023.20 secs, 2032323 evals, 2038070 steps, improv/step: 0.239 (last = 0.4687), fitness=-446414245.313763559
22053.20 secs, 2035518 evals, 2041284 steps, improv/step: 0.239 (last = 0.5429), fitness=-446414245.313763559
22083.84 secs, 2038771 evals, 2044560 steps, improv/step: 0.240 (last = 0.5098), fitness=-446414245.313763559
22113.85 secs, 2041986 evals, 2047794 steps, improv/step: 0.240 (last = 0.4830), fitness=-446414245.313763559
22143.86 secs, 2045223 evals, 2051049 steps, improv/step: 0.241 (last = 0.4876), fitness=-446414245.313763559
22173.86 secs, 2048400 evals, 2054248 steps, improv/step: 0.241 (last = 0.5383), fitness=-446414245.313763559
22203.87 secs, 2051540 evals, 2057406 steps, improv/step: 0.242 (last = 0.5465), fitness=-446414245.313763559
22233.87 secs, 2054839 evals, 2060734 steps, improv/step: 0.242 (last = 0.5871), fitness=-446414245.313763559
22264.16 secs, 2057946 evals, 2063864 steps, improv/step: 0.243 (last = 0.4936), fitness=-446414245.313763559
22294.17 secs, 2061058 evals, 2066993 steps, improv/step: 0.243 (last = 0.5021), fitness=-446414245.313763559
22324.18 secs, 2064175 evals, 2070131 steps, improv/step: 0.243 (last = 0.4962), fitness=-446414245.313763559
22354.18 secs, 2067352 evals, 2073327 steps, improv/step: 0.244 (last = 0.5009), fitness=-446414245.313763559
22384.19 secs, 2070556 evals, 2076548 steps, improv/step: 0.244 (last = 0.4865), fitness=-446414245.313763559
22414.19 secs, 2073867 evals, 2079881 steps, improv/step: 0.244 (last = 0.4905), fitness=-446414245.313763559
22444.19 secs, 2077188 evals, 2083221 steps, improv/step: 0.245 (last = 0.4946), fitness=-446414245.313763559
22474.19 secs, 2080674 evals, 2086724 steps, improv/step: 0.245 (last = 0.5144), fitness=-446414245.313763559
22504.20 secs, 2084326 evals, 2090399 steps, improv/step: 0.246 (last = 0.5412), fitness=-446414245.313763559
22534.20 secs, 2087801 evals, 2093900 steps, improv/step: 0.246 (last = 0.4950), fitness=-446414245.313763559
22564.70 secs, 2091585 evals, 2097707 steps, improv/step: 0.247 (last = 0.4668), fitness=-446414245.313763559
22594.71 secs, 2095285 evals, 2101426 steps, improv/step: 0.247 (last = 0.4832), fitness=-446414245.313763559
22624.71 secs, 2098773 evals, 2104935 steps, improv/step: 0.247 (last = 0.4828), fitness=-446414245.313763559
22654.72 secs, 2102596 evals, 2108780 steps, improv/step: 0.248 (last = 0.4986), fitness=-446414245.313763559
22684.72 secs, 2106198 evals, 2112413 steps, improv/step: 0.248 (last = 0.5513), fitness=-446414245.313763559
22714.73 secs, 2110130 evals, 2116378 steps, improv/step: 0.249 (last = 0.5231), fitness=-446414245.313763559
22744.74 secs, 2114100 evals, 2120373 steps, improv/step: 0.249 (last = 0.5124), fitness=-446414245.313763559
22774.74 secs, 2118089 evals, 2124383 steps, improv/step: 0.250 (last = 0.5247), fitness=-446414245.313763559
22804.74 secs, 2122038 evals, 2128352 steps, improv/step: 0.250 (last = 0.5127), fitness=-446414245.313763559
22834.74 secs, 2126134 evals, 2132474 steps, improv/step: 0.251 (last = 0.4830), fitness=-446414245.313763559
22864.75 secs, 2130259 evals, 2136625 steps, improv/step: 0.251 (last = 0.4789), fitness=-446414245.313763559
22894.75 secs, 2134272 evals, 2140659 steps, improv/step: 0.252 (last = 0.4631), fitness=-446414245.313763559
22924.75 secs, 2138201 evals, 2144605 steps, improv/step: 0.252 (last = 0.4957), fitness=-446414245.313763559
22954.76 secs, 2142322 evals, 2148749 steps, improv/step: 0.253 (last = 0.4399), fitness=-446414245.313763559
22984.76 secs, 2146182 evals, 2152637 steps, improv/step: 0.253 (last = 0.4486), fitness=-446414245.313763559
23014.76 secs, 2150009 evals, 2156488 steps, improv/step: 0.253 (last = 0.4544), fitness=-446414245.313763559
23044.76 secs, 2154055 evals, 2160559 steps, improv/step: 0.254 (last = 0.4802), fitness=-446414245.313763559
23074.77 secs, 2157970 evals, 2164505 steps, improv/step: 0.254 (last = 0.4830), fitness=-446414245.313763559
23105.51 secs, 2161789 evals, 2168350 steps, improv/step: 0.255 (last = 0.4882), fitness=-446414245.313763559
23136.01 secs, 2165829 evals, 2172400 steps, improv/step: 0.255 (last = 0.4491), fitness=-446414245.313763559
23166.34 secs, 2169875 evals, 2176475 steps, improv/step: 0.255 (last = 0.5207), fitness=-446414245.313763559
23196.34 secs, 2173888 evals, 2180515 steps, improv/step: 0.256 (last = 0.5639), fitness=-446414245.313763559
23226.35 secs, 2177953 evals, 2184605 steps, improv/step: 0.257 (last = 0.5694), fitness=-446414245.313763559
23256.35 secs, 2181669 evals, 2188351 steps, improv/step: 0.257 (last = 0.4912), fitness=-446414245.313763559
23286.36 secs, 2185462 evals, 2192165 steps, improv/step: 0.257 (last = 0.4735), fitness=-446414245.313763559
23316.36 secs, 2189521 evals, 2196256 steps, improv/step: 0.258 (last = 0.4402), fitness=-446414245.313763559
23346.37 secs, 2193495 evals, 2200258 steps, improv/step: 0.258 (last = 0.5205), fitness=-446414245.313763559
23376.37 secs, 2197385 evals, 2204179 steps, improv/step: 0.259 (last = 0.4723), fitness=-446414245.313763559
23406.37 secs, 2201328 evals, 2208143 steps, improv/step: 0.259 (last = 0.4856), fitness=-446414245.313763559
23436.37 secs, 2205508 evals, 2212350 steps, improv/step: 0.259 (last = 0.4913), fitness=-446414245.313763559
23466.37 secs, 2209377 evals, 2216244 steps, improv/step: 0.260 (last = 0.5067), fitness=-446414245.313763559
23496.38 secs, 2213397 evals, 2220287 steps, improv/step: 0.260 (last = 0.4873), fitness=-446414245.313763559
23526.38 secs, 2217326 evals, 2224249 steps, improv/step: 0.261 (last = 0.4955), fitness=-446414245.313763559
23556.38 secs, 2221168 evals, 2228108 steps, improv/step: 0.261 (last = 0.5193), fitness=-446414245.313763559
23586.79 secs, 2225227 evals, 2232194 steps, improv/step: 0.262 (last = 0.5264), fitness=-446414245.313763559
23616.80 secs, 2229223 evals, 2236216 steps, improv/step: 0.262 (last = 0.5010), fitness=-446414245.313763559
23646.80 secs, 2233293 evals, 2240309 steps, improv/step: 0.262 (last = 0.4759), fitness=-446414245.313763559
23676.80 secs, 2237127 evals, 2244170 steps, improv/step: 0.263 (last = 0.4908), fitness=-446414245.313763559
23706.81 secs, 2241174 evals, 2248243 steps, improv/step: 0.263 (last = 0.4974), fitness=-446414245.313763559
23736.81 secs, 2244922 evals, 2252017 steps, improv/step: 0.264 (last = 0.4732), fitness=-446414245.313763559
23766.82 secs, 2248835 evals, 2255949 steps, improv/step: 0.264 (last = 0.5417), fitness=-446414245.313763559
23796.82 secs, 2252768 evals, 2259901 steps, improv/step: 0.265 (last = 0.5448), fitness=-446414245.313763559
23826.82 secs, 2256880 evals, 2264048 steps, improv/step: 0.265 (last = 0.5438), fitness=-446414245.313763559
23856.82 secs, 2260943 evals, 2268132 steps, improv/step: 0.265 (last = 0.4647), fitness=-446414245.313763559
23886.82 secs, 2264803 evals, 2272024 steps, improv/step: 0.266 (last = 0.5003), fitness=-446414245.313763559
23916.83 secs, 2268716 evals, 2275956 steps, improv/step: 0.266 (last = 0.4580), fitness=-446414245.313763559
23946.84 secs, 2272698 evals, 2279961 steps, improv/step: 0.267 (last = 0.4662), fitness=-446414245.313763559
23976.84 secs, 2276737 evals, 2284035 steps, improv/step: 0.267 (last = 0.4980), fitness=-446414245.313763559
24006.84 secs, 2280748 evals, 2288076 steps, improv/step: 0.267 (last = 0.5348), fitness=-446414245.313763559
24036.85 secs, 2284967 evals, 2292321 steps, improv/step: 0.268 (last = 0.5446), fitness=-446414245.313763559
24066.85 secs, 2289053 evals, 2296430 steps, improv/step: 0.268 (last = 0.4631), fitness=-446414245.313763559
24097.39 secs, 2293284 evals, 2300690 steps, improv/step: 0.269 (last = 0.4899), fitness=-446414245.313763559
24127.40 secs, 2297320 evals, 2304748 steps, improv/step: 0.269 (last = 0.5140), fitness=-446414245.313763559
24157.40 secs, 2301224 evals, 2308674 steps, improv/step: 0.269 (last = 0.5005), fitness=-446414245.313763559
24187.41 secs, 2305304 evals, 2312779 steps, improv/step: 0.270 (last = 0.4443), fitness=-446414245.313763559
24217.41 secs, 2309208 evals, 2316710 steps, improv/step: 0.270 (last = 0.4727), fitness=-446414245.313763559
24247.41 secs, 2313055 evals, 2320579 steps, improv/step: 0.271 (last = 0.5068), fitness=-446414245.313763559
24277.42 secs, 2316894 evals, 2324444 steps, improv/step: 0.271 (last = 0.5006), fitness=-446414245.313763559
24307.42 secs, 2320891 evals, 2328474 steps, improv/step: 0.271 (last = 0.5065), fitness=-446414245.313763559
24337.42 secs, 2324683 evals, 2332290 steps, improv/step: 0.272 (last = 0.4963), fitness=-446414245.313763559
24367.43 secs, 2328317 evals, 2335948 steps, improv/step: 0.272 (last = 0.4992), fitness=-446414245.313763559
24397.43 secs, 2332161 evals, 2339816 steps, improv/step: 0.272 (last = 0.4902), fitness=-446414245.313763559
24427.43 secs, 2335948 evals, 2343627 steps, improv/step: 0.273 (last = 0.4681), fitness=-446414245.313763559
24457.43 secs, 2339730 evals, 2347433 steps, improv/step: 0.273 (last = 0.5455), fitness=-446414245.313763559
24487.43 secs, 2343494 evals, 2351218 steps, improv/step: 0.274 (last = 0.5326), fitness=-446414245.313763559
24517.44 secs, 2347216 evals, 2354958 steps, improv/step: 0.274 (last = 0.4684), fitness=-446414245.313763559
24548.31 secs, 2350909 evals, 2358672 steps, improv/step: 0.274 (last = 0.4128), fitness=-446414245.313763559
24578.31 secs, 2354822 evals, 2362602 steps, improv/step: 0.274 (last = 0.4774), fitness=-446414245.313763559
24608.31 secs, 2358533 evals, 2366339 steps, improv/step: 0.275 (last = 0.4787), fitness=-446414245.313763559
24638.31 secs, 2362346 evals, 2370176 steps, improv/step: 0.275 (last = 0.5577), fitness=-446414245.313763559
24668.31 secs, 2366228 evals, 2374081 steps, improv/step: 0.276 (last = 0.5093), fitness=-446414245.313763559
24698.32 secs, 2369989 evals, 2377863 steps, improv/step: 0.276 (last = 0.5095), fitness=-446414245.313763559
24728.32 secs, 2373791 evals, 2381679 steps, improv/step: 0.276 (last = 0.4830), fitness=-446414245.313763559
24758.33 secs, 2377757 evals, 2385674 steps, improv/step: 0.277 (last = 0.4648), fitness=-446414245.313763559
24788.33 secs, 2381524 evals, 2389461 steps, improv/step: 0.277 (last = 0.4867), fitness=-446414245.313763559
24818.45 secs, 2385407 evals, 2393374 steps, improv/step: 0.277 (last = 0.5295), fitness=-446414245.313763559
24848.45 secs, 2389271 evals, 2397263 steps, improv/step: 0.278 (last = 0.4837), fitness=-446414245.313763559
24878.46 secs, 2392994 evals, 2401011 steps, improv/step: 0.278 (last = 0.5216), fitness=-446414245.313763559
24908.46 secs, 2396963 evals, 2405005 steps, improv/step: 0.278 (last = 0.4662), fitness=-446414245.313763559
24938.46 secs, 2401390 evals, 2409459 steps, improv/step: 0.279 (last = 0.4636), fitness=-446414245.313763559
24968.46 secs, 2405726 evals, 2413818 steps, improv/step: 0.279 (last = 0.4948), fitness=-446414245.313763559
24998.46 secs, 2410155 evals, 2418272 steps, improv/step: 0.280 (last = 0.5431), fitness=-446414245.313763559
25028.46 secs, 2414542 evals, 2422675 steps, improv/step: 0.280 (last = 0.4411), fitness=-446414245.313763559
25058.46 secs, 2418740 evals, 2426903 steps, improv/step: 0.280 (last = 0.5106), fitness=-446414245.313763559
25088.47 secs, 2422913 evals, 2431091 steps, improv/step: 0.281 (last = 0.5162), fitness=-446414245.313763559
25118.47 secs, 2427182 evals, 2435384 steps, improv/step: 0.281 (last = 0.4412), fitness=-446414245.313763559
25148.48 secs, 2431495 evals, 2439723 steps, improv/step: 0.281 (last = 0.4720), fitness=-446414245.313763559
25178.49 secs, 2435784 evals, 2444037 steps, improv/step: 0.282 (last = 0.4958), fitness=-446414245.313763559
25208.50 secs, 2439919 evals, 2448199 steps, improv/step: 0.282 (last = 0.4844), fitness=-446414245.313763559
25238.50 secs, 2444178 evals, 2452481 steps, improv/step: 0.282 (last = 0.4816), fitness=-446414245.313763559
25268.51 secs, 2448368 evals, 2456694 steps, improv/step: 0.283 (last = 0.4982), fitness=-446414245.313763559
25298.51 secs, 2452684 evals, 2461029 steps, improv/step: 0.283 (last = 0.5036), fitness=-446414245.313763559
25328.51 secs, 2456971 evals, 2465352 steps, improv/step: 0.284 (last = 0.4943), fitness=-446414245.313763559
25358.52 secs, 2460979 evals, 2469382 steps, improv/step: 0.284 (last = 0.4806), fitness=-446414245.313763559
25388.52 secs, 2464850 evals, 2473276 steps, improv/step: 0.284 (last = 0.4602), fitness=-446414245.313763559
25418.53 secs, 2468884 evals, 2477337 steps, improv/step: 0.284 (last = 0.4728), fitness=-446414245.313763559
25448.53 secs, 2472905 evals, 2481380 steps, improv/step: 0.285 (last = 0.5132), fitness=-446414245.313763559
25478.54 secs, 2476992 evals, 2485499 steps, improv/step: 0.285 (last = 0.5149), fitness=-446414245.313763559
25508.54 secs, 2481068 evals, 2489606 steps, improv/step: 0.286 (last = 0.5164), fitness=-446414245.313763559
25538.56 secs, 2485016 evals, 2493581 steps, improv/step: 0.286 (last = 0.4616), fitness=-446414245.313763559
25568.57 secs, 2489186 evals, 2497777 steps, improv/step: 0.286 (last = 0.5360), fitness=-446414245.313763559
25598.58 secs, 2493468 evals, 2502088 steps, improv/step: 0.287 (last = 0.5569), fitness=-446414245.313763559
25628.58 secs, 2497754 evals, 2506402 steps, improv/step: 0.287 (last = 0.4877), fitness=-446414245.313763559

Optimization stopped after 2508670 steps and 25645.69 seconds
Termination reason: Max number of function evaluations (2500000) reached
Steps per second = 97.82
Function evals per second = 97.48
Improvements/step = Inf
Total function evaluations = 2500001


Best candidate found: [94.5007, 365.116, 24.9355, 10.2985, 645.459, 156.719, 155.187, 252.225, 927.511, 250.542, 3.61523e-5, 0.00035901, 0.00359107, 0.463075, 0.463315]

Fitness: -446414245.313763559

-4.4641424531376356e8

[94.50069725851199, 365.1159858022769, 24.93548576416307, 10.298510485543225, 645.4585816644764, 156.71922744462097, 155.18711664155245, 252.2250636949698, 927.5114416356065, 250.54241694735603, 3.615228909415362e-5, 0.00035901008338661927, 0.003591066306859998, 0.4630754905387941, 0.46331490501272765]

Script has finished
Wed Dec 22 03:04:58 CET 2021

------------------------------------------------------------
Sender: LSF System <schwan@makalu194>
Subject: Job 576333: <Julia_Job_parallel> in cluster <wuerfel> Done

Job <Julia_Job_parallel> was submitted from host <makalu56> by user <magr4985> in cluster <wuerfel> at Tue Dec 21 19:53:46 2021
Job was executed on host(s) <makalu194>, in queue <BatchXL>, as user <magr4985> in cluster <wuerfel> at Tue Dec 21 19:53:58 2021
</usr/scratch4/magr4985> was used as the home directory.
</usr/scratch4/magr4985/TRPL/BatchJobs/syn_data_1/Run20> was used as the working directory.
Started at Tue Dec 21 19:53:58 2021
Terminated at Wed Dec 22 03:04:58 2021
Results reported at Wed Dec 22 03:04:58 2021

Your job looked like:

------------------------------------------------------------
# LSBATCH: User input
#!/bin/csh 
#BSUB -q BatchXL 
#BSUB -R "mem > 8000 span[hosts=1] && intel_avx2" 
#BSUB -oo lsf_julia_%J.log 
#BSUB -eo lsf_julia_%J.err 
#BSUB -J Julia_Job_parallel 
#BSUB -L /bin/csh 
#BSUB -n 1 
date 
pwd 
module purge 
/usr/scratch4/magr4985/julia-1.6.2/bin/julia -t 4 /usr/scratch4/magr4985/TRPL/Programs/trpl_analysis_syn.jl 1 2500000 1 /usr/scratch4/magr4985/TRPL/BatchJobs/syn_data_1/Run20 1.0e-14 3600 "[1.0, 1.0, 1.0, 1.0, 1.0, 1.0, 1.0, 1.0, 1.0, 1.0, 1.0e-6, 1.0e-6, 1.0e-6, 1.0e-6, 1.0e-6, 1.0e-6, 1.0e-6, 1.0e-6, 1.0e-6, 1.0e-6]" "[5000.0, 5000.0, 1000.0, 1000.0, 1.0e9, 1000.0, 10000.0, 10000.0, 1000.0, 1.0e6, 1.0, 1.0, 1.0, 1.0, 1.0, 1.0, 1.0, 1.0, 1.0, 1.0]" 
date
------------------------------------------------------------

Successfully completed.

Resource usage summary:

    CPU time :                                   50629.62 sec.
    Max Memory :                                 6060.71 MB
    Average Memory :                             2685.10 MB
    Total Requested Memory :                     -
    Delta Memory :                               -
    Max Swap :                                   256 KB
    Max Processes :                              4
    Max Threads :                                12
    Run time :                                   25860 sec.
    Turnaround time :                            25872 sec.

The output (if any) is above this job summary.



PS:

Read file <lsf_julia_576333.err> for stderr output of this job.

