Warning: no access to tty (Bad file descriptor).
Thus no job control in this shell.
Warning: no access to tty (Bad file descriptor).
Thus no job control in this shell.
Tue Dec 21 20:07:19 CET 2021
/usr/scratch4/magr4985/TRPL/BatchJobs/syn_data_3/Run21
# Thread: 4
6541353408051773250 RNG Seed
Run 1
Starting optimization with optimizer DiffEvoOpt{FitPopulation{Float64}, RadiusLimitedSelector, BlackBoxOptim.DiffEvoRandBin{3}, RandomBound{ContinuousRectSearchSpace}}
0.00 secs, 0 evals, 0 steps
30.00 secs, 4613 evals, 4529 steps, improv/step: 0.373 (last = 0.3729), fitness=-25147146.371063080
60.01 secs, 9570 evals, 9487 steps, improv/step: 0.292 (last = 0.2188), fitness=-25542525.290317565
90.04 secs, 15310 evals, 15227 steps, improv/step: 0.250 (last = 0.1793), fitness=-25586442.579205625
120.04 secs, 21392 evals, 21310 steps, improv/step: 0.219 (last = 0.1419), fitness=-25587025.017523948
150.04 secs, 27576 evals, 27494 steps, improv/step: 0.202 (last = 0.1425), fitness=-25587320.945045590
180.08 secs, 33657 evals, 33575 steps, improv/step: 0.186 (last = 0.1131), fitness=-25601387.687941894
210.08 secs, 39514 evals, 39432 steps, improv/step: 0.171 (last = 0.0900), fitness=-25602609.944176614
240.08 secs, 44804 evals, 44722 steps, improv/step: 0.176 (last = 0.2091), fitness=-25794039.647307720
270.08 secs, 49364 evals, 49283 steps, improv/step: 0.174 (last = 0.1598), fitness=-25826865.343608480
300.09 secs, 54244 evals, 54163 steps, improv/step: 0.171 (last = 0.1395), fitness=-25846065.279565275
330.09 secs, 58967 evals, 58886 steps, improv/step: 0.166 (last = 0.1027), fitness=-25856837.878340624
360.09 secs, 63861 evals, 63780 steps, improv/step: 0.160 (last = 0.0899), fitness=-25863028.604202438
390.09 secs, 68454 evals, 68373 steps, improv/step: 0.156 (last = 0.0965), fitness=-25869147.938131459
420.10 secs, 72923 evals, 72842 steps, improv/step: 0.153 (last = 0.1049), fitness=-25873872.862303533
450.10 secs, 77358 evals, 77277 steps, improv/step: 0.151 (last = 0.1328), fitness=-25876491.876269892
480.11 secs, 81756 evals, 81675 steps, improv/step: 0.150 (last = 0.1180), fitness=-25878055.511778582
510.11 secs, 86317 evals, 86236 steps, improv/step: 0.147 (last = 0.0936), fitness=-25879185.807281502
540.12 secs, 90757 evals, 90676 steps, improv/step: 0.144 (last = 0.0824), fitness=-25879756.651081447
570.12 secs, 95277 evals, 95196 steps, improv/step: 0.141 (last = 0.0954), fitness=-25880726.457574677
600.12 secs, 99461 evals, 99380 steps, improv/step: 0.140 (last = 0.1001), fitness=-25881010.014850561
630.13 secs, 103355 evals, 103275 steps, improv/step: 0.138 (last = 0.1065), fitness=-25881285.224481478
660.14 secs, 107327 evals, 107247 steps, improv/step: 0.137 (last = 0.0959), fitness=-25881480.063150026
690.14 secs, 111292 evals, 111212 steps, improv/step: 0.135 (last = 0.0941), fitness=-25881632.974069752
720.14 secs, 115324 evals, 115244 steps, improv/step: 0.133 (last = 0.0751), fitness=-25881691.728266850
750.14 secs, 119410 evals, 119331 steps, improv/step: 0.131 (last = 0.0854), fitness=-25881735.620060917
780.18 secs, 123342 evals, 123263 steps, improv/step: 0.130 (last = 0.0804), fitness=-25881762.110920969
810.18 secs, 126761 evals, 126682 steps, improv/step: 0.129 (last = 0.0828), fitness=-25881770.632165667
840.18 secs, 130353 evals, 130274 steps, improv/step: 0.127 (last = 0.0849), fitness=-25881776.453089025
870.18 secs, 133966 evals, 133887 steps, improv/step: 0.126 (last = 0.0767), fitness=-25881781.232815027
900.18 secs, 137443 evals, 137364 steps, improv/step: 0.125 (last = 0.0754), fitness=-25881784.158337586
930.19 secs, 140946 evals, 140867 steps, improv/step: 0.124 (last = 0.1090), fitness=-25881785.167542435
960.19 secs, 144486 evals, 144407 steps, improv/step: 0.124 (last = 0.0966), fitness=-25881785.362187058
990.19 secs, 147960 evals, 147881 steps, improv/step: 0.123 (last = 0.0990), fitness=-25881785.689093247
1020.20 secs, 151289 evals, 151210 steps, improv/step: 0.123 (last = 0.1057), fitness=-25881786.281707227
1050.22 secs, 154445 evals, 154366 steps, improv/step: 0.121 (last = 0.0583), fitness=-25881786.650258396
1080.22 secs, 157770 evals, 157691 steps, improv/step: 0.120 (last = 0.0719), fitness=-25881787.105676040
1110.23 secs, 161031 evals, 160952 steps, improv/step: 0.119 (last = 0.0721), fitness=-25881787.556392238
1140.23 secs, 164324 evals, 164245 steps, improv/step: 0.119 (last = 0.0793), fitness=-25881788.083468616
1170.24 secs, 167693 evals, 167614 steps, improv/step: 0.118 (last = 0.0994), fitness=-25881788.529063199
1200.25 secs, 170931 evals, 170852 steps, improv/step: 0.118 (last = 0.0877), fitness=-25881789.488189679
1230.25 secs, 174090 evals, 174012 steps, improv/step: 0.117 (last = 0.0794), fitness=-25881790.078773171
1260.25 secs, 177276 evals, 177198 steps, improv/step: 0.116 (last = 0.0728), fitness=-25881790.747800171
1290.26 secs, 180481 evals, 180403 steps, improv/step: 0.115 (last = 0.0699), fitness=-25881791.418654788
1320.26 secs, 183741 evals, 183663 steps, improv/step: 0.115 (last = 0.0794), fitness=-25881791.952184130
1350.26 secs, 187093 evals, 187015 steps, improv/step: 0.114 (last = 0.0943), fitness=-25881792.464269470
1380.26 secs, 190430 evals, 190352 steps, improv/step: 0.114 (last = 0.0788), fitness=-25881792.968606878
1410.27 secs, 193668 evals, 193590 steps, improv/step: 0.113 (last = 0.0645), fitness=-25881793.646367468
1440.27 secs, 196895 evals, 196817 steps, improv/step: 0.112 (last = 0.0629), fitness=-25881794.284862578
1470.32 secs, 200060 evals, 199983 steps, improv/step: 0.111 (last = 0.0648), fitness=-25881796.078795917
1500.32 secs, 203358 evals, 203282 steps, improv/step: 0.110 (last = 0.0494), fitness=-25881797.128122862
1530.32 secs, 206588 evals, 206512 steps, improv/step: 0.109 (last = 0.0551), fitness=-25881798.898071107
1560.33 secs, 209867 evals, 209791 steps, improv/step: 0.108 (last = 0.0457), fitness=-25881800.479325887
1590.33 secs, 213161 evals, 213085 steps, improv/step: 0.107 (last = 0.0361), fitness=-25881802.756013725
1620.33 secs, 216366 evals, 216291 steps, improv/step: 0.106 (last = 0.0399), fitness=-25881804.446864858
1650.33 secs, 219614 evals, 219539 steps, improv/step: 0.105 (last = 0.0505), fitness=-25881805.595616270
1680.34 secs, 222782 evals, 222708 steps, improv/step: 0.105 (last = 0.0464), fitness=-25881807.949462198
1710.34 secs, 226069 evals, 225995 steps, improv/step: 0.104 (last = 0.0383), fitness=-25881809.268705271
1740.36 secs, 229386 evals, 229312 steps, improv/step: 0.103 (last = 0.0428), fitness=-25881811.589072552
1770.36 secs, 232662 evals, 232588 steps, improv/step: 0.102 (last = 0.0403), fitness=-25881812.479265738
1800.37 secs, 235878 evals, 235804 steps, improv/step: 0.101 (last = 0.0463), fitness=-25881814.478712030
1830.37 secs, 239079 evals, 239005 steps, improv/step: 0.100 (last = 0.0490), fitness=-25881816.211185049
1860.38 secs, 242287 evals, 242213 steps, improv/step: 0.100 (last = 0.0408), fitness=-25881817.358235784
1890.40 secs, 245460 evals, 245386 steps, improv/step: 0.099 (last = 0.0457), fitness=-25881818.644288566
1920.41 secs, 248636 evals, 248562 steps, improv/step: 0.098 (last = 0.0394), fitness=-25881819.578418970
1950.41 secs, 251892 evals, 251818 steps, improv/step: 0.097 (last = 0.0436), fitness=-25881820.897494189
1980.41 secs, 255218 evals, 255144 steps, improv/step: 0.097 (last = 0.0373), fitness=-25881821.939051662
2010.49 secs, 258469 evals, 258395 steps, improv/step: 0.096 (last = 0.0455), fitness=-25881822.988493774
2040.49 secs, 261685 evals, 261611 steps, improv/step: 0.095 (last = 0.0280), fitness=-25881823.470793918
2070.49 secs, 264982 evals, 264908 steps, improv/step: 0.094 (last = 0.0349), fitness=-25881824.408790663
2100.50 secs, 268415 evals, 268341 steps, improv/step: 0.094 (last = 0.0379), fitness=-25881825.814031608
2130.50 secs, 271712 evals, 271638 steps, improv/step: 0.093 (last = 0.0449), fitness=-25881827.791961532
2160.51 secs, 275005 evals, 274932 steps, improv/step: 0.093 (last = 0.0407), fitness=-25881829.153593466
2190.51 secs, 278178 evals, 278105 steps, improv/step: 0.092 (last = 0.0407), fitness=-25881830.309373729
2220.53 secs, 281373 evals, 281300 steps, improv/step: 0.091 (last = 0.0407), fitness=-25881831.810429364
2250.53 secs, 284501 evals, 284428 steps, improv/step: 0.091 (last = 0.0368), fitness=-25881833.433103535
2280.54 secs, 287710 evals, 287637 steps, improv/step: 0.090 (last = 0.0427), fitness=-25881835.080486435
2310.54 secs, 290962 evals, 290889 steps, improv/step: 0.090 (last = 0.0409), fitness=-25881836.304080468
2340.54 secs, 294229 evals, 294156 steps, improv/step: 0.089 (last = 0.0410), fitness=-25881836.494912971
2370.55 secs, 297407 evals, 297334 steps, improv/step: 0.089 (last = 0.0343), fitness=-25881837.650013767
2400.56 secs, 300590 evals, 300517 steps, improv/step: 0.088 (last = 0.0361), fitness=-25881839.652891558
2430.56 secs, 303802 evals, 303729 steps, improv/step: 0.087 (last = 0.0355), fitness=-25881841.297175467
2460.57 secs, 307036 evals, 306963 steps, improv/step: 0.087 (last = 0.0291), fitness=-25881841.624304809
2490.57 secs, 310238 evals, 310166 steps, improv/step: 0.086 (last = 0.0340), fitness=-25881842.965857811
2520.58 secs, 313464 evals, 313393 steps, improv/step: 0.086 (last = 0.0366), fitness=-25881843.905927602
2550.58 secs, 316678 evals, 316608 steps, improv/step: 0.085 (last = 0.0386), fitness=-25881845.355082944
2580.58 secs, 319816 evals, 319746 steps, improv/step: 0.085 (last = 0.0363), fitness=-25881846.986985929
2610.59 secs, 323014 evals, 322944 steps, improv/step: 0.084 (last = 0.0341), fitness=-25881847.916224141
2640.61 secs, 326233 evals, 326163 steps, improv/step: 0.084 (last = 0.0311), fitness=-25881850.207604162
2670.62 secs, 329419 evals, 329349 steps, improv/step: 0.083 (last = 0.0336), fitness=-25881850.281473510
2700.69 secs, 332659 evals, 332590 steps, improv/step: 0.083 (last = 0.0293), fitness=-25881851.670896176
2730.69 secs, 335964 evals, 335895 steps, improv/step: 0.082 (last = 0.0306), fitness=-25881852.373206414
2760.70 secs, 339151 evals, 339083 steps, improv/step: 0.082 (last = 0.0317), fitness=-25881854.049056776
2790.71 secs, 342314 evals, 342246 steps, improv/step: 0.081 (last = 0.0313), fitness=-25881856.038045965
2820.71 secs, 345490 evals, 345422 steps, improv/step: 0.081 (last = 0.0327), fitness=-25881856.534693003
2850.72 secs, 348621 evals, 348553 steps, improv/step: 0.080 (last = 0.0310), fitness=-25881857.274379700
2880.75 secs, 351854 evals, 351787 steps, improv/step: 0.080 (last = 0.0374), fitness=-25881858.106087863
2910.75 secs, 355184 evals, 355118 steps, improv/step: 0.079 (last = 0.0231), fitness=-25881858.334467776
2940.75 secs, 358364 evals, 358299 steps, improv/step: 0.079 (last = 0.0314), fitness=-25881858.659794938
2970.76 secs, 361570 evals, 361505 steps, improv/step: 0.079 (last = 0.0303), fitness=-25881859.123287302
3000.76 secs, 364701 evals, 364636 steps, improv/step: 0.078 (last = 0.0284), fitness=-25881859.604228765
3030.77 secs, 367724 evals, 367659 steps, improv/step: 0.078 (last = 0.0301), fitness=-25881859.909292594
3060.77 secs, 370820 evals, 370755 steps, improv/step: 0.077 (last = 0.0317), fitness=-25881860.320591997
3090.78 secs, 373962 evals, 373897 steps, improv/step: 0.077 (last = 0.0363), fitness=-25881860.624244556
3120.78 secs, 377182 evals, 377118 steps, improv/step: 0.077 (last = 0.0348), fitness=-25881860.807288989
3150.79 secs, 380428 evals, 380364 steps, improv/step: 0.076 (last = 0.0283), fitness=-25881860.993326928
3180.79 secs, 383620 evals, 383557 steps, improv/step: 0.076 (last = 0.0345), fitness=-25881861.072329659
3210.80 secs, 386838 evals, 386775 steps, improv/step: 0.076 (last = 0.0336), fitness=-25881861.149103116
3240.80 secs, 390074 evals, 390011 steps, improv/step: 0.075 (last = 0.0439), fitness=-25881861.388733320
3270.83 secs, 393296 evals, 393233 steps, improv/step: 0.075 (last = 0.0565), fitness=-25881861.499184929
3300.84 secs, 396553 evals, 396490 steps, improv/step: 0.075 (last = 0.0510), fitness=-25881861.684080727
3330.84 secs, 399686 evals, 399623 steps, improv/step: 0.075 (last = 0.0405), fitness=-25881861.873106189
3360.91 secs, 402814 evals, 402751 steps, improv/step: 0.074 (last = 0.0448), fitness=-25881861.964291047
3390.92 secs, 405974 evals, 405912 steps, improv/step: 0.074 (last = 0.0459), fitness=-25881862.187434733
3420.93 secs, 409115 evals, 409054 steps, improv/step: 0.074 (last = 0.0436), fitness=-25881862.334757932
3451.00 secs, 412279 evals, 412218 steps, improv/step: 0.074 (last = 0.0414), fitness=-25881862.644756235
3481.00 secs, 415473 evals, 415412 steps, improv/step: 0.073 (last = 0.0348), fitness=-25881862.896005757
3511.09 secs, 418665 evals, 418604 steps, improv/step: 0.073 (last = 0.0329), fitness=-25881862.955165505
3541.09 secs, 421916 evals, 421856 steps, improv/step: 0.073 (last = 0.0366), fitness=-25881863.192236088
3571.09 secs, 425242 evals, 425183 steps, improv/step: 0.073 (last = 0.0340), fitness=-25881863.495491289
3601.14 secs, 428566 evals, 428507 steps, improv/step: 0.072 (last = 0.0232), fitness=-25881863.669272818
3631.15 secs, 431969 evals, 431910 steps, improv/step: 0.072 (last = 0.0250), fitness=-25881863.909079686
3661.15 secs, 435259 evals, 435200 steps, improv/step: 0.072 (last = 0.0316), fitness=-25881864.022994503
3691.16 secs, 438485 evals, 438426 steps, improv/step: 0.071 (last = 0.0332), fitness=-25881864.155905530
3721.17 secs, 441722 evals, 441665 steps, improv/step: 0.071 (last = 0.0327), fitness=-25881864.431539275
3751.18 secs, 444850 evals, 444793 steps, improv/step: 0.071 (last = 0.0291), fitness=-25881864.487067778
3781.19 secs, 448081 evals, 448025 steps, improv/step: 0.070 (last = 0.0275), fitness=-25881864.673943318
3811.20 secs, 451329 evals, 451273 steps, improv/step: 0.070 (last = 0.0265), fitness=-25881864.790193971
3841.21 secs, 454513 evals, 454457 steps, improv/step: 0.070 (last = 0.0223), fitness=-25881864.854826912
3871.23 secs, 457833 evals, 457777 steps, improv/step: 0.069 (last = 0.0232), fitness=-25881864.934981834
3901.37 secs, 460946 evals, 460890 steps, improv/step: 0.069 (last = 0.0318), fitness=-25881865.071500942
3931.37 secs, 464176 evals, 464121 steps, improv/step: 0.069 (last = 0.0269), fitness=-25881865.198907405
3961.39 secs, 467385 evals, 467330 steps, improv/step: 0.069 (last = 0.0302), fitness=-25881865.327714857
3991.39 secs, 470593 evals, 470539 steps, improv/step: 0.068 (last = 0.0206), fitness=-25881865.407809243
4021.40 secs, 473915 evals, 473862 steps, improv/step: 0.068 (last = 0.0259), fitness=-25881865.446412098
4051.40 secs, 477072 evals, 477019 steps, improv/step: 0.068 (last = 0.0345), fitness=-25881865.530704096
4081.41 secs, 480283 evals, 480230 steps, improv/step: 0.067 (last = 0.0308), fitness=-25881865.609200485
4111.41 secs, 483483 evals, 483430 steps, improv/step: 0.067 (last = 0.0294), fitness=-25881865.632727031
4141.41 secs, 486773 evals, 486720 steps, improv/step: 0.067 (last = 0.0480), fitness=-25881865.674858749
4171.41 secs, 489999 evals, 489948 steps, improv/step: 0.067 (last = 0.0471), fitness=-25881865.706602689
4201.42 secs, 493278 evals, 493227 steps, improv/step: 0.067 (last = 0.0540), fitness=-25881865.730686314
4231.42 secs, 496513 evals, 496462 steps, improv/step: 0.067 (last = 0.0637), fitness=-25881865.748017691
4261.42 secs, 499808 evals, 499757 steps, improv/step: 0.067 (last = 0.0537), fitness=-25881865.761241384
4291.51 secs, 503040 evals, 502989 steps, improv/step: 0.067 (last = 0.0492), fitness=-25881865.788803775
4321.51 secs, 506163 evals, 506112 steps, improv/step: 0.066 (last = 0.0349), fitness=-25881865.797529735
4351.52 secs, 509314 evals, 509263 steps, improv/step: 0.066 (last = 0.0378), fitness=-25881865.819942996
4381.53 secs, 512518 evals, 512469 steps, improv/step: 0.066 (last = 0.0334), fitness=-25881865.831573397
4411.53 secs, 515768 evals, 515719 steps, improv/step: 0.066 (last = 0.0345), fitness=-25881865.893805984
4441.57 secs, 519098 evals, 519049 steps, improv/step: 0.066 (last = 0.0315), fitness=-25881865.906091236
4471.58 secs, 522383 evals, 522334 steps, improv/step: 0.065 (last = 0.0362), fitness=-25881865.924200885
4501.58 secs, 525585 evals, 525536 steps, improv/step: 0.065 (last = 0.0253), fitness=-25881865.938598588
4531.58 secs, 528830 evals, 528781 steps, improv/step: 0.065 (last = 0.0277), fitness=-25881865.955634601
4561.59 secs, 532070 evals, 532021 steps, improv/step: 0.065 (last = 0.0324), fitness=-25881866.001402378
4591.59 secs, 535283 evals, 535234 steps, improv/step: 0.065 (last = 0.0246), fitness=-25881866.015242759
4621.67 secs, 538496 evals, 538448 steps, improv/step: 0.064 (last = 0.0205), fitness=-25881866.039278943
4651.67 secs, 541843 evals, 541796 steps, improv/step: 0.064 (last = 0.0302), fitness=-25881866.053890638
4681.68 secs, 545212 evals, 545165 steps, improv/step: 0.064 (last = 0.0258), fitness=-25881866.079573344
4711.71 secs, 548536 evals, 548490 steps, improv/step: 0.064 (last = 0.0235), fitness=-25881866.107280623
4741.71 secs, 551782 evals, 551736 steps, improv/step: 0.063 (last = 0.0182), fitness=-25881866.118127000
4771.77 secs, 554933 evals, 554887 steps, improv/step: 0.063 (last = 0.0292), fitness=-25881866.147488344
4801.77 secs, 558234 evals, 558188 steps, improv/step: 0.063 (last = 0.0291), fitness=-25881866.166219883
4831.77 secs, 561481 evals, 561435 steps, improv/step: 0.063 (last = 0.0237), fitness=-25881866.189497817
4861.78 secs, 564702 evals, 564656 steps, improv/step: 0.062 (last = 0.0217), fitness=-25881866.207144111
4891.79 secs, 567850 evals, 567804 steps, improv/step: 0.062 (last = 0.0314), fitness=-25881866.218422804
4921.79 secs, 571008 evals, 570962 steps, improv/step: 0.062 (last = 0.0307), fitness=-25881866.255514987
4951.79 secs, 574217 evals, 574172 steps, improv/step: 0.062 (last = 0.0296), fitness=-25881866.315186929
4981.79 secs, 577539 evals, 577494 steps, improv/step: 0.062 (last = 0.0331), fitness=-25881866.334843483
5011.80 secs, 580842 evals, 580797 steps, improv/step: 0.062 (last = 0.0282), fitness=-25881866.357709110
5041.80 secs, 584120 evals, 584075 steps, improv/step: 0.061 (last = 0.0207), fitness=-25881866.373883154
5071.81 secs, 587339 evals, 587296 steps, improv/step: 0.061 (last = 0.0189), fitness=-25881866.389873542
5101.82 secs, 590466 evals, 590423 steps, improv/step: 0.061 (last = 0.0262), fitness=-25881866.412069634
5131.83 secs, 593689 evals, 593646 steps, improv/step: 0.061 (last = 0.0258), fitness=-25881866.434471250
5161.83 secs, 596868 evals, 596825 steps, improv/step: 0.061 (last = 0.0299), fitness=-25881866.447759666
5191.92 secs, 600328 evals, 600285 steps, improv/step: 0.060 (last = 0.0260), fitness=-25881866.473724648
5221.94 secs, 603663 evals, 603620 steps, improv/step: 0.060 (last = 0.0249), fitness=-25881866.487339173
5251.95 secs, 606994 evals, 606951 steps, improv/step: 0.060 (last = 0.0222), fitness=-25881866.517077215
5281.95 secs, 610252 evals, 610210 steps, improv/step: 0.060 (last = 0.0307), fitness=-25881866.518976294
5311.96 secs, 613405 evals, 613363 steps, improv/step: 0.060 (last = 0.0219), fitness=-25881866.530134141
5341.96 secs, 616654 evals, 616612 steps, improv/step: 0.059 (last = 0.0225), fitness=-25881866.551762588
5372.14 secs, 619853 evals, 619811 steps, improv/step: 0.059 (last = 0.0222), fitness=-25881866.572499093
5402.15 secs, 622946 evals, 622904 steps, improv/step: 0.059 (last = 0.0236), fitness=-25881866.572499093
5432.15 secs, 626181 evals, 626139 steps, improv/step: 0.059 (last = 0.0272), fitness=-25881866.579787381
5462.16 secs, 629357 evals, 629316 steps, improv/step: 0.059 (last = 0.0220), fitness=-25881866.587504700
5492.16 secs, 632577 evals, 632536 steps, improv/step: 0.058 (last = 0.0196), fitness=-25881866.592879903
5522.17 secs, 635737 evals, 635697 steps, improv/step: 0.058 (last = 0.0247), fitness=-25881866.628800023
5552.17 secs, 639005 evals, 638966 steps, improv/step: 0.058 (last = 0.0245), fitness=-25881866.636110228
5582.17 secs, 642196 evals, 642158 steps, improv/step: 0.058 (last = 0.0276), fitness=-25881866.650114425
5612.17 secs, 645409 evals, 645372 steps, improv/step: 0.058 (last = 0.0199), fitness=-25881866.651161730
5642.18 secs, 648683 evals, 648647 steps, improv/step: 0.058 (last = 0.0290), fitness=-25881866.667516325
5672.18 secs, 652078 evals, 652042 steps, improv/step: 0.057 (last = 0.0203), fitness=-25881866.669479758
5702.18 secs, 655368 evals, 655332 steps, improv/step: 0.057 (last = 0.0234), fitness=-25881866.681662329
5732.19 secs, 658711 evals, 658675 steps, improv/step: 0.057 (last = 0.0153), fitness=-25881866.703608908
5762.19 secs, 661981 evals, 661945 steps, improv/step: 0.057 (last = 0.0131), fitness=-25881866.703608908
5792.35 secs, 665241 evals, 665206 steps, improv/step: 0.057 (last = 0.0172), fitness=-25881866.714685738
5822.36 secs, 668499 evals, 668464 steps, improv/step: 0.056 (last = 0.0169), fitness=-25881866.723407298
5852.36 secs, 671768 evals, 671734 steps, improv/step: 0.056 (last = 0.0196), fitness=-25881866.727963287
5882.37 secs, 674914 evals, 674881 steps, improv/step: 0.056 (last = 0.0200), fitness=-25881866.736652158
5912.39 secs, 678289 evals, 678256 steps, improv/step: 0.056 (last = 0.0210), fitness=-25881866.749787897
5942.40 secs, 681533 evals, 681500 steps, improv/step: 0.056 (last = 0.0163), fitness=-25881866.751851708
5972.40 secs, 684720 evals, 684687 steps, improv/step: 0.056 (last = 0.0191), fitness=-25881866.768632039
6002.41 secs, 688033 evals, 688000 steps, improv/step: 0.055 (last = 0.0202), fitness=-25881866.770763524
6032.41 secs, 691300 evals, 691267 steps, improv/step: 0.055 (last = 0.0211), fitness=-25881866.784815297
6062.42 secs, 694495 evals, 694462 steps, improv/step: 0.055 (last = 0.0250), fitness=-25881866.799711920
6092.42 secs, 697742 evals, 697711 steps, improv/step: 0.055 (last = 0.0179), fitness=-25881866.802474871
6122.44 secs, 701003 evals, 700972 steps, improv/step: 0.055 (last = 0.0199), fitness=-25881866.818065785
6152.44 secs, 704265 evals, 704234 steps, improv/step: 0.055 (last = 0.0230), fitness=-25881866.828374147
6182.45 secs, 707527 evals, 707496 steps, improv/step: 0.055 (last = 0.0285), fitness=-25881866.833172608
6212.45 secs, 710686 evals, 710655 steps, improv/step: 0.054 (last = 0.0298), fitness=-25881866.840937328
6242.54 secs, 713856 evals, 713825 steps, improv/step: 0.054 (last = 0.0259), fitness=-25881866.846341297
6272.55 secs, 717046 evals, 717016 steps, improv/step: 0.054 (last = 0.0257), fitness=-25881866.853404075
6302.55 secs, 720135 evals, 720106 steps, improv/step: 0.054 (last = 0.0204), fitness=-25881866.858316019
6332.55 secs, 723284 evals, 723255 steps, improv/step: 0.054 (last = 0.0225), fitness=-25881866.864418719
6362.55 secs, 726455 evals, 726426 steps, improv/step: 0.054 (last = 0.0237), fitness=-25881866.875159658
6392.55 secs, 729642 evals, 729613 steps, improv/step: 0.054 (last = 0.0232), fitness=-25881866.882144362
6422.58 secs, 732952 evals, 732924 steps, improv/step: 0.053 (last = 0.0220), fitness=-25881866.890955254
6452.58 secs, 736202 evals, 736176 steps, improv/step: 0.053 (last = 0.0221), fitness=-25881866.895975731
6482.59 secs, 739531 evals, 739505 steps, improv/step: 0.053 (last = 0.0246), fitness=-25881866.898223545
6512.59 secs, 742892 evals, 742866 steps, improv/step: 0.053 (last = 0.0226), fitness=-25881866.902224634
6542.67 secs, 746219 evals, 746194 steps, improv/step: 0.053 (last = 0.0237), fitness=-25881866.903067671
6572.67 secs, 749494 evals, 749469 steps, improv/step: 0.053 (last = 0.0272), fitness=-25881866.913449053
6602.68 secs, 752673 evals, 752648 steps, improv/step: 0.053 (last = 0.0271), fitness=-25881866.913449053
6632.74 secs, 755878 evals, 755853 steps, improv/step: 0.053 (last = 0.0290), fitness=-25881866.917544004
6662.74 secs, 759148 evals, 759123 steps, improv/step: 0.053 (last = 0.0330), fitness=-25881866.924893685
6692.75 secs, 762426 evals, 762401 steps, improv/step: 0.052 (last = 0.0326), fitness=-25881866.935662143
6722.76 secs, 765643 evals, 765618 steps, improv/step: 0.052 (last = 0.0320), fitness=-25881866.942396890
6752.77 secs, 768909 evals, 768884 steps, improv/step: 0.052 (last = 0.0364), fitness=-25881866.947195370
6782.77 secs, 772204 evals, 772180 steps, improv/step: 0.052 (last = 0.0273), fitness=-25881866.950756542
6812.77 secs, 775550 evals, 775526 steps, improv/step: 0.052 (last = 0.0236), fitness=-25881866.955996390
6842.78 secs, 778898 evals, 778874 steps, improv/step: 0.052 (last = 0.0230), fitness=-25881866.962411106
6872.78 secs, 782090 evals, 782066 steps, improv/step: 0.052 (last = 0.0207), fitness=-25881866.962411106
6902.79 secs, 785343 evals, 785319 steps, improv/step: 0.052 (last = 0.0224), fitness=-25881866.970177747
6932.79 secs, 788650 evals, 788627 steps, improv/step: 0.052 (last = 0.0224), fitness=-25881866.972300131
6962.79 secs, 791976 evals, 791954 steps, improv/step: 0.051 (last = 0.0274), fitness=-25881866.978883080
6992.79 secs, 795286 evals, 795264 steps, improv/step: 0.051 (last = 0.0215), fitness=-25881866.983234789
7022.80 secs, 798599 evals, 798578 steps, improv/step: 0.051 (last = 0.0250), fitness=-25881866.985604629
7052.80 secs, 801882 evals, 801862 steps, improv/step: 0.051 (last = 0.0247), fitness=-25881866.989103720
7082.81 secs, 805218 evals, 805198 steps, improv/step: 0.051 (last = 0.0186), fitness=-25881866.999878310
7112.91 secs, 808448 evals, 808429 steps, improv/step: 0.051 (last = 0.0180), fitness=-25881867.000094905
7142.92 secs, 811602 evals, 811585 steps, improv/step: 0.051 (last = 0.0184), fitness=-25881867.008797724
7172.92 secs, 814798 evals, 814783 steps, improv/step: 0.051 (last = 0.0159), fitness=-25881867.012926772
7202.93 secs, 817961 evals, 817947 steps, improv/step: 0.050 (last = 0.0164), fitness=-25881867.013447419
7232.93 secs, 821076 evals, 821062 steps, improv/step: 0.050 (last = 0.0173), fitness=-25881867.018546835
7262.94 secs, 824195 evals, 824183 steps, improv/step: 0.050 (last = 0.0141), fitness=-25881867.022592641
7292.97 secs, 827323 evals, 827312 steps, improv/step: 0.050 (last = 0.0160), fitness=-25881867.026439764
7322.97 secs, 830560 evals, 830549 steps, improv/step: 0.050 (last = 0.0108), fitness=-25881867.026439764
7352.97 secs, 833735 evals, 833724 steps, improv/step: 0.050 (last = 0.0142), fitness=-25881867.028615914
7382.98 secs, 836898 evals, 836887 steps, improv/step: 0.050 (last = 0.0190), fitness=-25881867.031676956
7412.99 secs, 840103 evals, 840092 steps, improv/step: 0.050 (last = 0.0125), fitness=-25881867.031984739
7443.01 secs, 843300 evals, 843289 steps, improv/step: 0.049 (last = 0.0138), fitness=-25881867.034030229
7473.03 secs, 846546 evals, 846535 steps, improv/step: 0.049 (last = 0.0166), fitness=-25881867.039251134
7503.03 secs, 849797 evals, 849786 steps, improv/step: 0.049 (last = 0.0218), fitness=-25881867.043464079
7533.03 secs, 852984 evals, 852973 steps, improv/step: 0.049 (last = 0.0198), fitness=-25881867.043464079
7563.04 secs, 856243 evals, 856232 steps, improv/step: 0.049 (last = 0.0221), fitness=-25881867.043464079
7593.04 secs, 859604 evals, 859594 steps, improv/step: 0.049 (last = 0.0164), fitness=-25881867.045223597
7623.04 secs, 862819 evals, 862809 steps, improv/step: 0.049 (last = 0.0196), fitness=-25881867.047408499
7653.05 secs, 865977 evals, 865970 steps, improv/step: 0.049 (last = 0.0206), fitness=-25881867.048030488
7683.05 secs, 869171 evals, 869164 steps, improv/step: 0.048 (last = 0.0213), fitness=-25881867.050831091
7713.06 secs, 872297 evals, 872291 steps, improv/step: 0.048 (last = 0.0195), fitness=-25881867.050831091
7743.07 secs, 875381 evals, 875377 steps, improv/step: 0.048 (last = 0.0181), fitness=-25881867.052077156
7773.07 secs, 878488 evals, 878485 steps, improv/step: 0.048 (last = 0.0177), fitness=-25881867.053392857
7803.08 secs, 881572 evals, 881570 steps, improv/step: 0.048 (last = 0.0204), fitness=-25881867.053392857
7833.08 secs, 884739 evals, 884737 steps, improv/step: 0.048 (last = 0.0212), fitness=-25881867.054597531
7863.08 secs, 887878 evals, 887877 steps, improv/step: 0.048 (last = 0.0166), fitness=-25881867.055518087
7893.08 secs, 891045 evals, 891045 steps, improv/step: 0.048 (last = 0.0196), fitness=-25881867.056629583
7923.09 secs, 894284 evals, 894284 steps, improv/step: 0.048 (last = 0.0219), fitness=-25881867.058325291
7953.13 secs, 897578 evals, 897579 steps, improv/step: 0.048 (last = 0.0158), fitness=-25881867.058325291
7983.13 secs, 900767 evals, 900768 steps, improv/step: 0.047 (last = 0.0210), fitness=-25881867.060493033
8013.14 secs, 904025 evals, 904026 steps, improv/step: 0.047 (last = 0.0273), fitness=-25881867.060606197
8043.22 secs, 907180 evals, 907182 steps, improv/step: 0.047 (last = 0.0165), fitness=-25881867.060669538
8073.22 secs, 910420 evals, 910422 steps, improv/step: 0.047 (last = 0.0164), fitness=-25881867.061793927
8103.30 secs, 913664 evals, 913667 steps, improv/step: 0.047 (last = 0.0188), fitness=-25881867.062254295
8133.37 secs, 916721 evals, 916724 steps, improv/step: 0.047 (last = 0.0177), fitness=-25881867.062638566
8163.37 secs, 919854 evals, 919858 steps, improv/step: 0.047 (last = 0.0207), fitness=-25881867.063515969
8193.38 secs, 922989 evals, 922993 steps, improv/step: 0.047 (last = 0.0214), fitness=-25881867.063836709
8223.38 secs, 926197 evals, 926202 steps, improv/step: 0.047 (last = 0.0212), fitness=-25881867.064506430
8253.38 secs, 929372 evals, 929377 steps, improv/step: 0.047 (last = 0.0227), fitness=-25881867.065342698
8283.39 secs, 932516 evals, 932521 steps, improv/step: 0.047 (last = 0.0188), fitness=-25881867.065531127
8313.39 secs, 935720 evals, 935725 steps, improv/step: 0.046 (last = 0.0194), fitness=-25881867.066537224
8343.40 secs, 938856 evals, 938861 steps, improv/step: 0.046 (last = 0.0179), fitness=-25881867.066543877
8373.40 secs, 942054 evals, 942059 steps, improv/step: 0.046 (last = 0.0153), fitness=-25881867.066818655
8403.41 secs, 945340 evals, 945345 steps, improv/step: 0.046 (last = 0.0131), fitness=-25881867.066890076
8433.48 secs, 948581 evals, 948588 steps, improv/step: 0.046 (last = 0.0191), fitness=-25881867.067546397
8463.48 secs, 951810 evals, 951817 steps, improv/step: 0.046 (last = 0.0161), fitness=-25881867.067870934
8493.49 secs, 954865 evals, 954872 steps, improv/step: 0.046 (last = 0.0167), fitness=-25881867.068087678
8523.49 secs, 958006 evals, 958013 steps, improv/step: 0.046 (last = 0.0181), fitness=-25881867.068584137
8553.49 secs, 961137 evals, 961144 steps, improv/step: 0.046 (last = 0.0176), fitness=-25881867.068584137
8583.50 secs, 964294 evals, 964301 steps, improv/step: 0.046 (last = 0.0279), fitness=-25881867.069006503
8613.50 secs, 967421 evals, 967428 steps, improv/step: 0.046 (last = 0.0205), fitness=-25881867.069103558
8643.50 secs, 970664 evals, 970671 steps, improv/step: 0.045 (last = 0.0271), fitness=-25881867.069351032
8673.51 secs, 973822 evals, 973829 steps, improv/step: 0.045 (last = 0.0291), fitness=-25881867.069389865
8703.52 secs, 977052 evals, 977059 steps, improv/step: 0.045 (last = 0.0276), fitness=-25881867.069535173
8733.52 secs, 980237 evals, 980244 steps, improv/step: 0.045 (last = 0.0217), fitness=-25881867.069738366
8763.52 secs, 983409 evals, 983417 steps, improv/step: 0.045 (last = 0.0208), fitness=-25881867.069924459
8793.52 secs, 986675 evals, 986683 steps, improv/step: 0.045 (last = 0.0245), fitness=-25881867.070382666
8823.53 secs, 989866 evals, 989874 steps, improv/step: 0.045 (last = 0.0185), fitness=-25881867.070465688
8853.54 secs, 993096 evals, 993104 steps, improv/step: 0.045 (last = 0.0180), fitness=-25881867.070550308
8883.56 secs, 996265 evals, 996274 steps, improv/step: 0.045 (last = 0.0218), fitness=-25881867.071097367
8913.56 secs, 999439 evals, 999449 steps, improv/step: 0.045 (last = 0.0211), fitness=-25881867.071164712
8943.56 secs, 1002684 evals, 1002694 steps, improv/step: 0.045 (last = 0.0216), fitness=-25881867.071250454
8973.57 secs, 1005905 evals, 1005915 steps, improv/step: 0.045 (last = 0.0211), fitness=-25881867.071625128
9003.57 secs, 1009042 evals, 1009052 steps, improv/step: 0.045 (last = 0.0163), fitness=-25881867.071625128
9033.57 secs, 1012174 evals, 1012185 steps, improv/step: 0.044 (last = 0.0239), fitness=-25881867.071902163
9063.58 secs, 1015334 evals, 1015347 steps, improv/step: 0.044 (last = 0.0193), fitness=-25881867.072055515
9093.59 secs, 1018574 evals, 1018587 steps, improv/step: 0.044 (last = 0.0160), fitness=-25881867.072473958
9123.67 secs, 1021862 evals, 1021875 steps, improv/step: 0.044 (last = 0.0213), fitness=-25881867.072514389
9153.68 secs, 1025268 evals, 1025281 steps, improv/step: 0.044 (last = 0.0211), fitness=-25881867.072614782
9183.68 secs, 1028642 evals, 1028655 steps, improv/step: 0.044 (last = 0.0210), fitness=-25881867.072855182
9213.68 secs, 1032033 evals, 1032046 steps, improv/step: 0.044 (last = 0.0171), fitness=-25881867.072912030
9243.70 secs, 1035266 evals, 1035280 steps, improv/step: 0.044 (last = 0.0182), fitness=-25881867.073159486
9273.71 secs, 1038446 evals, 1038461 steps, improv/step: 0.044 (last = 0.0163), fitness=-25881867.073159486
9303.71 secs, 1041663 evals, 1041678 steps, improv/step: 0.044 (last = 0.0187), fitness=-25881867.073279012
9333.72 secs, 1044984 evals, 1044999 steps, improv/step: 0.044 (last = 0.0181), fitness=-25881867.073368043
9363.72 secs, 1048286 evals, 1048301 steps, improv/step: 0.044 (last = 0.0130), fitness=-25881867.073516976
9393.72 secs, 1051557 evals, 1051572 steps, improv/step: 0.044 (last = 0.0159), fitness=-25881867.073635165
9423.73 secs, 1054746 evals, 1054761 steps, improv/step: 0.043 (last = 0.0169), fitness=-25881867.073654603
9453.82 secs, 1057984 evals, 1058000 steps, improv/step: 0.043 (last = 0.0108), fitness=-25881867.073655672
9483.82 secs, 1061302 evals, 1061318 steps, improv/step: 0.043 (last = 0.0108), fitness=-25881867.073697630
9513.83 secs, 1064546 evals, 1064562 steps, improv/step: 0.043 (last = 0.0145), fitness=-25881867.073905155
9543.84 secs, 1067690 evals, 1067706 steps, improv/step: 0.043 (last = 0.0153), fitness=-25881867.073905155
9573.84 secs, 1070970 evals, 1070986 steps, improv/step: 0.043 (last = 0.0195), fitness=-25881867.073905155
9603.85 secs, 1074321 evals, 1074338 steps, improv/step: 0.043 (last = 0.0131), fitness=-25881867.073914301
9633.85 secs, 1077478 evals, 1077497 steps, improv/step: 0.043 (last = 0.0209), fitness=-25881867.073991071
9663.85 secs, 1080679 evals, 1080698 steps, improv/step: 0.043 (last = 0.0159), fitness=-25881867.074020822
9693.85 secs, 1083842 evals, 1083861 steps, improv/step: 0.043 (last = 0.0145), fitness=-25881867.074050263
9723.86 secs, 1087008 evals, 1087027 steps, improv/step: 0.043 (last = 0.0177), fitness=-25881867.074080169
9753.92 secs, 1090241 evals, 1090260 steps, improv/step: 0.043 (last = 0.0189), fitness=-25881867.074108921
9783.92 secs, 1093496 evals, 1093516 steps, improv/step: 0.042 (last = 0.0163), fitness=-25881867.074194182
9813.92 secs, 1096920 evals, 1096940 steps, improv/step: 0.042 (last = 0.0149), fitness=-25881867.074201897
9843.93 secs, 1100235 evals, 1100257 steps, improv/step: 0.042 (last = 0.0193), fitness=-25881867.074255534
9873.93 secs, 1103569 evals, 1103591 steps, improv/step: 0.042 (last = 0.0162), fitness=-25881867.074271642
9903.94 secs, 1106888 evals, 1106910 steps, improv/step: 0.042 (last = 0.0160), fitness=-25881867.074279685
9933.94 secs, 1110156 evals, 1110178 steps, improv/step: 0.042 (last = 0.0138), fitness=-25881867.074286446
9963.95 secs, 1113352 evals, 1113374 steps, improv/step: 0.042 (last = 0.0144), fitness=-25881867.074303932
9993.95 secs, 1116650 evals, 1116674 steps, improv/step: 0.042 (last = 0.0155), fitness=-25881867.074321512
10023.96 secs, 1119888 evals, 1119913 steps, improv/step: 0.042 (last = 0.0108), fitness=-25881867.074331671
10053.97 secs, 1123072 evals, 1123099 steps, improv/step: 0.042 (last = 0.0163), fitness=-25881867.074348841
10084.11 secs, 1126281 evals, 1126308 steps, improv/step: 0.042 (last = 0.0143), fitness=-25881867.074365918
10114.12 secs, 1129418 evals, 1129445 steps, improv/step: 0.042 (last = 0.0131), fitness=-25881867.074365918
10144.12 secs, 1132631 evals, 1132658 steps, improv/step: 0.041 (last = 0.0115), fitness=-25881867.074370865
10174.13 secs, 1135763 evals, 1135792 steps, improv/step: 0.041 (last = 0.0112), fitness=-25881867.074372973
10204.16 secs, 1139080 evals, 1139109 steps, improv/step: 0.041 (last = 0.0096), fitness=-25881867.074373849
10234.17 secs, 1142272 evals, 1142301 steps, improv/step: 0.041 (last = 0.0113), fitness=-25881867.074381612
10264.17 secs, 1145399 evals, 1145429 steps, improv/step: 0.041 (last = 0.0105), fitness=-25881867.074381612
10294.27 secs, 1148661 evals, 1148691 steps, improv/step: 0.041 (last = 0.0172), fitness=-25881867.074385032
10324.27 secs, 1151833 evals, 1151864 steps, improv/step: 0.041 (last = 0.0224), fitness=-25881867.074391201
10354.27 secs, 1155110 evals, 1155143 steps, improv/step: 0.041 (last = 0.0235), fitness=-25881867.074392699
10384.29 secs, 1158410 evals, 1158443 steps, improv/step: 0.041 (last = 0.0264), fitness=-25881867.074396476
10414.29 secs, 1161654 evals, 1161687 steps, improv/step: 0.041 (last = 0.0333), fitness=-25881867.074400298
10444.30 secs, 1164953 evals, 1164986 steps, improv/step: 0.041 (last = 0.0285), fitness=-25881867.074407823
10474.30 secs, 1168152 evals, 1168189 steps, improv/step: 0.041 (last = 0.0256), fitness=-25881867.074408930
10504.31 secs, 1171298 evals, 1171335 steps, improv/step: 0.041 (last = 0.0149), fitness=-25881867.074409395
10534.31 secs, 1174700 evals, 1174737 steps, improv/step: 0.041 (last = 0.0132), fitness=-25881867.074409451
10564.31 secs, 1178085 evals, 1178122 steps, improv/step: 0.041 (last = 0.0121), fitness=-25881867.074411243
10594.32 secs, 1181540 evals, 1181578 steps, improv/step: 0.041 (last = 0.0148), fitness=-25881867.074411243
10624.32 secs, 1184766 evals, 1184805 steps, improv/step: 0.040 (last = 0.0158), fitness=-25881867.074413963
10654.33 secs, 1188067 evals, 1188106 steps, improv/step: 0.040 (last = 0.0097), fitness=-25881867.074414935
10684.52 secs, 1191318 evals, 1191357 steps, improv/step: 0.040 (last = 0.0148), fitness=-25881867.074414935
10714.53 secs, 1194606 evals, 1194647 steps, improv/step: 0.040 (last = 0.0125), fitness=-25881867.074415118
10744.53 secs, 1197929 evals, 1197970 steps, improv/step: 0.040 (last = 0.0153), fitness=-25881867.074416079
10774.53 secs, 1201322 evals, 1201365 steps, improv/step: 0.040 (last = 0.0197), fitness=-25881867.074417084
10804.53 secs, 1204537 evals, 1204580 steps, improv/step: 0.040 (last = 0.0317), fitness=-25881867.074419528
10834.54 secs, 1207766 evals, 1207809 steps, improv/step: 0.040 (last = 0.0279), fitness=-25881867.074420463
10864.54 secs, 1210970 evals, 1211013 steps, improv/step: 0.040 (last = 0.0300), fitness=-25881867.074421152
10894.54 secs, 1214226 evals, 1214269 steps, improv/step: 0.040 (last = 0.0295), fitness=-25881867.074422233
10924.59 secs, 1217363 evals, 1217406 steps, improv/step: 0.040 (last = 0.0475), fitness=-25881867.074423570
10954.60 secs, 1220637 evals, 1220680 steps, improv/step: 0.040 (last = 0.0660), fitness=-25881867.074424405
10984.60 secs, 1223853 evals, 1223897 steps, improv/step: 0.040 (last = 0.0463), fitness=-25881867.074425075
11014.60 secs, 1227005 evals, 1227049 steps, improv/step: 0.040 (last = 0.0279), fitness=-25881867.074425355
11044.61 secs, 1230237 evals, 1230281 steps, improv/step: 0.040 (last = 0.0291), fitness=-25881867.074425977
11074.61 secs, 1233539 evals, 1233583 steps, improv/step: 0.040 (last = 0.0354), fitness=-25881867.074426442
11104.61 secs, 1236732 evals, 1236776 steps, improv/step: 0.040 (last = 0.0391), fitness=-25881867.074426934
11134.68 secs, 1239977 evals, 1240023 steps, improv/step: 0.040 (last = 0.0388), fitness=-25881867.074427176
11164.68 secs, 1243234 evals, 1243280 steps, improv/step: 0.040 (last = 0.0362), fitness=-25881867.074427575
11194.69 secs, 1246408 evals, 1246456 steps, improv/step: 0.040 (last = 0.0290), fitness=-25881867.074428134
11224.69 secs, 1249639 evals, 1249687 steps, improv/step: 0.040 (last = 0.0229), fitness=-25881867.074428737
11254.73 secs, 1252845 evals, 1252896 steps, improv/step: 0.040 (last = 0.0309), fitness=-25881867.074428886
11284.73 secs, 1256106 evals, 1256157 steps, improv/step: 0.040 (last = 0.0236), fitness=-25881867.074429937
11314.73 secs, 1259353 evals, 1259404 steps, improv/step: 0.040 (last = 0.0268), fitness=-25881867.074429937
11344.73 secs, 1262562 evals, 1262614 steps, improv/step: 0.040 (last = 0.0193), fitness=-25881867.074430063
11374.73 secs, 1265666 evals, 1265718 steps, improv/step: 0.040 (last = 0.0187), fitness=-25881867.074430570
11404.74 secs, 1268858 evals, 1268910 steps, improv/step: 0.040 (last = 0.0273), fitness=-25881867.074430760
11434.74 secs, 1272108 evals, 1272161 steps, improv/step: 0.040 (last = 0.0191), fitness=-25881867.074431341
11464.78 secs, 1275341 evals, 1275394 steps, improv/step: 0.040 (last = 0.0204), fitness=-25881867.074431784
11494.79 secs, 1278605 evals, 1278658 steps, improv/step: 0.040 (last = 0.0221), fitness=-25881867.074432228
11524.79 secs, 1282057 evals, 1282111 steps, improv/step: 0.039 (last = 0.0209), fitness=-25881867.074432965
11554.87 secs, 1285362 evals, 1285417 steps, improv/step: 0.039 (last = 0.0209), fitness=-25881867.074433651
11584.88 secs, 1288500 evals, 1288555 steps, improv/step: 0.039 (last = 0.0169), fitness=-25881867.074434012
11614.88 secs, 1291672 evals, 1291727 steps, improv/step: 0.039 (last = 0.0199), fitness=-25881867.074434489
11644.88 secs, 1294791 evals, 1294846 steps, improv/step: 0.039 (last = 0.0189), fitness=-25881867.074434865
11674.88 secs, 1297926 evals, 1297982 steps, improv/step: 0.039 (last = 0.0210), fitness=-25881867.074434947
11704.93 secs, 1301089 evals, 1301145 steps, improv/step: 0.039 (last = 0.0247), fitness=-25881867.074435256
11734.93 secs, 1304202 evals, 1304258 steps, improv/step: 0.039 (last = 0.0154), fitness=-25881867.074435487
11764.94 secs, 1307393 evals, 1307450 steps, improv/step: 0.039 (last = 0.0150), fitness=-25881867.074435942
11794.94 secs, 1310654 evals, 1310711 steps, improv/step: 0.039 (last = 0.0202), fitness=-25881867.074436188
11824.94 secs, 1313869 evals, 1313926 steps, improv/step: 0.039 (last = 0.0205), fitness=-25881867.074436449
11854.94 secs, 1317128 evals, 1317185 steps, improv/step: 0.039 (last = 0.0233), fitness=-25881867.074436761
11884.94 secs, 1320381 evals, 1320438 steps, improv/step: 0.039 (last = 0.0188), fitness=-25881867.074437026
11914.95 secs, 1323639 evals, 1323697 steps, improv/step: 0.039 (last = 0.0190), fitness=-25881867.074437149
11944.95 secs, 1326905 evals, 1326964 steps, improv/step: 0.039 (last = 0.0233), fitness=-25881867.074437529
11974.96 secs, 1330229 evals, 1330289 steps, improv/step: 0.039 (last = 0.0165), fitness=-25881867.074437689
12004.96 secs, 1333527 evals, 1333587 steps, improv/step: 0.039 (last = 0.0170), fitness=-25881867.074437909
12034.96 secs, 1336773 evals, 1336834 steps, improv/step: 0.039 (last = 0.0172), fitness=-25881867.074437909
12064.97 secs, 1340106 evals, 1340167 steps, improv/step: 0.039 (last = 0.0183), fitness=-25881867.074438009
12095.04 secs, 1343231 evals, 1343292 steps, improv/step: 0.039 (last = 0.0179), fitness=-25881867.074438091
12125.04 secs, 1346475 evals, 1346536 steps, improv/step: 0.039 (last = 0.0228), fitness=-25881867.074438192
12155.05 secs, 1349629 evals, 1349691 steps, improv/step: 0.039 (last = 0.0285), fitness=-25881867.074438334
12185.06 secs, 1352867 evals, 1352930 steps, improv/step: 0.038 (last = 0.0318), fitness=-25881867.074438505
12215.11 secs, 1356143 evals, 1356206 steps, improv/step: 0.038 (last = 0.0275), fitness=-25881867.074438550
12245.11 secs, 1359333 evals, 1359397 steps, improv/step: 0.038 (last = 0.0226), fitness=-25881867.074438594
12275.11 secs, 1362497 evals, 1362562 steps, improv/step: 0.038 (last = 0.0215), fitness=-25881867.074438643
12305.12 secs, 1365780 evals, 1365845 steps, improv/step: 0.038 (last = 0.0186), fitness=-25881867.074438788
12335.13 secs, 1368984 evals, 1369049 steps, improv/step: 0.038 (last = 0.0175), fitness=-25881867.074438900
12365.13 secs, 1372159 evals, 1372224 steps, improv/step: 0.038 (last = 0.0164), fitness=-25881867.074438907
12395.14 secs, 1375387 evals, 1375452 steps, improv/step: 0.038 (last = 0.0180), fitness=-25881867.074438948
12425.15 secs, 1378677 evals, 1378742 steps, improv/step: 0.038 (last = 0.0204), fitness=-25881867.074438978
12455.16 secs, 1381908 evals, 1381973 steps, improv/step: 0.038 (last = 0.0130), fitness=-25881867.074439012
12485.22 secs, 1385170 evals, 1385237 steps, improv/step: 0.038 (last = 0.0181), fitness=-25881867.074439026
12515.23 secs, 1388471 evals, 1388539 steps, improv/step: 0.038 (last = 0.0115), fitness=-25881867.074439079
12545.23 secs, 1391749 evals, 1391817 steps, improv/step: 0.038 (last = 0.0153), fitness=-25881867.074439116
12575.24 secs, 1394978 evals, 1395046 steps, improv/step: 0.038 (last = 0.0192), fitness=-25881867.074439179
12605.24 secs, 1398248 evals, 1398316 steps, improv/step: 0.038 (last = 0.0187), fitness=-25881867.074439224
12635.25 secs, 1401400 evals, 1401469 steps, improv/step: 0.038 (last = 0.0181), fitness=-25881867.074439283
12665.26 secs, 1404509 evals, 1404578 steps, improv/step: 0.038 (last = 0.0151), fitness=-25881867.074439283
12695.28 secs, 1407599 evals, 1407670 steps, improv/step: 0.038 (last = 0.0194), fitness=-25881867.074439317
12725.28 secs, 1410780 evals, 1410852 steps, improv/step: 0.038 (last = 0.0170), fitness=-25881867.074439332
12755.29 secs, 1413837 evals, 1413911 steps, improv/step: 0.038 (last = 0.0173), fitness=-25881867.074439362
12785.31 secs, 1416892 evals, 1416967 steps, improv/step: 0.038 (last = 0.0157), fitness=-25881867.074439406
12815.31 secs, 1419962 evals, 1420037 steps, improv/step: 0.038 (last = 0.0140), fitness=-25881867.074439459
12845.36 secs, 1423019 evals, 1423094 steps, improv/step: 0.037 (last = 0.0154), fitness=-25881867.074439459
12875.36 secs, 1426187 evals, 1426262 steps, improv/step: 0.037 (last = 0.0123), fitness=-25881867.074439507
12905.37 secs, 1429395 evals, 1429470 steps, improv/step: 0.037 (last = 0.0184), fitness=-25881867.074439514
12935.39 secs, 1432430 evals, 1432505 steps, improv/step: 0.037 (last = 0.0138), fitness=-25881867.074439552
12965.39 secs, 1435557 evals, 1435632 steps, improv/step: 0.037 (last = 0.0176), fitness=-25881867.074439600
12995.40 secs, 1438676 evals, 1438751 steps, improv/step: 0.037 (last = 0.0202), fitness=-25881867.074439600
13025.42 secs, 1441896 evals, 1441972 steps, improv/step: 0.037 (last = 0.0177), fitness=-25881867.074439615
13055.42 secs, 1445086 evals, 1445163 steps, improv/step: 0.037 (last = 0.0132), fitness=-25881867.074439615
13085.42 secs, 1448242 evals, 1448319 steps, improv/step: 0.037 (last = 0.0174), fitness=-25881867.074439615
13115.43 secs, 1451443 evals, 1451520 steps, improv/step: 0.037 (last = 0.0109), fitness=-25881867.074439615
13145.44 secs, 1454678 evals, 1454755 steps, improv/step: 0.037 (last = 0.0155), fitness=-25881867.074439626
13175.44 secs, 1457829 evals, 1457906 steps, improv/step: 0.037 (last = 0.0111), fitness=-25881867.074439637
13205.44 secs, 1461034 evals, 1461111 steps, improv/step: 0.037 (last = 0.0156), fitness=-25881867.074439649
13235.44 secs, 1464262 evals, 1464339 steps, improv/step: 0.037 (last = 0.0121), fitness=-25881867.074439652
13265.45 secs, 1467559 evals, 1467636 steps, improv/step: 0.037 (last = 0.0121), fitness=-25881867.074439663
13295.45 secs, 1470655 evals, 1470734 steps, improv/step: 0.037 (last = 0.0129), fitness=-25881867.074439671
13325.46 secs, 1473814 evals, 1473893 steps, improv/step: 0.037 (last = 0.0158), fitness=-25881867.074439671
13355.46 secs, 1476892 evals, 1476971 steps, improv/step: 0.037 (last = 0.0140), fitness=-25881867.074439671
13385.46 secs, 1480064 evals, 1480143 steps, improv/step: 0.037 (last = 0.0126), fitness=-25881867.074439678
13415.46 secs, 1483164 evals, 1483243 steps, improv/step: 0.037 (last = 0.0087), fitness=-25881867.074439678
13445.47 secs, 1486346 evals, 1486426 steps, improv/step: 0.036 (last = 0.0129), fitness=-25881867.074439678
13475.48 secs, 1489489 evals, 1489569 steps, improv/step: 0.036 (last = 0.0127), fitness=-25881867.074439682
13505.48 secs, 1492703 evals, 1492783 steps, improv/step: 0.036 (last = 0.0168), fitness=-25881867.074439690
13535.48 secs, 1495892 evals, 1495973 steps, improv/step: 0.036 (last = 0.0113), fitness=-25881867.074439690
13565.49 secs, 1499097 evals, 1499179 steps, improv/step: 0.036 (last = 0.0100), fitness=-25881867.074439690
13595.50 secs, 1502313 evals, 1502395 steps, improv/step: 0.036 (last = 0.0121), fitness=-25881867.074439697
13625.59 secs, 1505533 evals, 1505615 steps, improv/step: 0.036 (last = 0.0099), fitness=-25881867.074439697
13655.60 secs, 1508710 evals, 1508793 steps, improv/step: 0.036 (last = 0.0072), fitness=-25881867.074439697
13685.61 secs, 1511837 evals, 1511921 steps, improv/step: 0.036 (last = 0.0077), fitness=-25881867.074439701
13715.61 secs, 1514958 evals, 1515042 steps, improv/step: 0.036 (last = 0.0067), fitness=-25881867.074439701
13745.62 secs, 1518091 evals, 1518175 steps, improv/step: 0.036 (last = 0.0073), fitness=-25881867.074439701
13775.72 secs, 1521286 evals, 1521370 steps, improv/step: 0.036 (last = 0.0072), fitness=-25881867.074439701
13805.72 secs, 1524488 evals, 1524572 steps, improv/step: 0.036 (last = 0.0094), fitness=-25881867.074439704
13835.72 secs, 1527774 evals, 1527858 steps, improv/step: 0.036 (last = 0.0100), fitness=-25881867.074439712
13865.73 secs, 1531039 evals, 1531124 steps, improv/step: 0.036 (last = 0.0067), fitness=-25881867.074439712
13895.73 secs, 1534312 evals, 1534398 steps, improv/step: 0.036 (last = 0.0095), fitness=-25881867.074439712
13925.74 secs, 1537471 evals, 1537558 steps, improv/step: 0.036 (last = 0.0063), fitness=-25881867.074439712
13955.75 secs, 1540702 evals, 1540791 steps, improv/step: 0.036 (last = 0.0071), fitness=-25881867.074439712
13985.75 secs, 1543919 evals, 1544008 steps, improv/step: 0.035 (last = 0.0084), fitness=-25881867.074439712
14015.76 secs, 1547153 evals, 1547243 steps, improv/step: 0.035 (last = 0.0077), fitness=-25881867.074439712
14045.76 secs, 1550470 evals, 1550560 steps, improv/step: 0.035 (last = 0.0078), fitness=-25881867.074439712
14075.77 secs, 1553650 evals, 1553741 steps, improv/step: 0.035 (last = 0.0091), fitness=-25881867.074439712
14105.77 secs, 1556834 evals, 1556926 steps, improv/step: 0.035 (last = 0.0082), fitness=-25881867.074439712
14135.79 secs, 1560042 evals, 1560134 steps, improv/step: 0.035 (last = 0.0050), fitness=-25881867.074439719
14165.80 secs, 1563286 evals, 1563378 steps, improv/step: 0.035 (last = 0.0052), fitness=-25881867.074439719
14195.90 secs, 1566535 evals, 1566627 steps, improv/step: 0.035 (last = 0.0058), fitness=-25881867.074439719
14225.91 secs, 1569911 evals, 1570004 steps, improv/step: 0.035 (last = 0.0065), fitness=-25881867.074439727
14255.92 secs, 1573199 evals, 1573292 steps, improv/step: 0.035 (last = 0.0027), fitness=-25881867.074439727
14285.93 secs, 1576452 evals, 1576547 steps, improv/step: 0.035 (last = 0.0037), fitness=-25881867.074439727
14315.94 secs, 1579686 evals, 1579781 steps, improv/step: 0.035 (last = 0.0059), fitness=-25881867.074439727
14345.95 secs, 1582915 evals, 1583010 steps, improv/step: 0.035 (last = 0.0028), fitness=-25881867.074439727
14375.95 secs, 1586042 evals, 1586137 steps, improv/step: 0.035 (last = 0.0029), fitness=-25881867.074439727
14405.95 secs, 1589180 evals, 1589277 steps, improv/step: 0.035 (last = 0.0041), fitness=-25881867.074439727
14435.96 secs, 1592352 evals, 1592452 steps, improv/step: 0.035 (last = 0.0031), fitness=-25881867.074439727
14465.97 secs, 1595539 evals, 1595639 steps, improv/step: 0.034 (last = 0.0041), fitness=-25881867.074439727
14495.97 secs, 1598714 evals, 1598814 steps, improv/step: 0.034 (last = 0.0028), fitness=-25881867.074439727
14525.98 secs, 1601957 evals, 1602057 steps, improv/step: 0.034 (last = 0.0046), fitness=-25881867.074439727
14555.98 secs, 1605162 evals, 1605263 steps, improv/step: 0.034 (last = 0.0047), fitness=-25881867.074439727
14585.98 secs, 1608399 evals, 1608500 steps, improv/step: 0.034 (last = 0.0108), fitness=-25881867.074439727
14616.03 secs, 1611495 evals, 1611596 steps, improv/step: 0.034 (last = 0.0065), fitness=-25881867.074439727
14646.04 secs, 1614670 evals, 1614771 steps, improv/step: 0.034 (last = 0.0054), fitness=-25881867.074439727
14676.04 secs, 1617991 evals, 1618092 steps, improv/step: 0.034 (last = 0.0039), fitness=-25881867.074439727
14706.05 secs, 1621222 evals, 1621323 steps, improv/step: 0.034 (last = 0.0040), fitness=-25881867.074439727
14736.05 secs, 1624419 evals, 1624520 steps, improv/step: 0.034 (last = 0.0047), fitness=-25881867.074439727
14766.06 secs, 1627669 evals, 1627770 steps, improv/step: 0.034 (last = 0.0037), fitness=-25881867.074439727
14796.07 secs, 1630930 evals, 1631032 steps, improv/step: 0.034 (last = 0.0043), fitness=-25881867.074439727
14826.07 secs, 1634061 evals, 1634164 steps, improv/step: 0.034 (last = 0.0057), fitness=-25881867.074439727
14856.07 secs, 1637250 evals, 1637354 steps, improv/step: 0.034 (last = 0.0041), fitness=-25881867.074439727
14886.08 secs, 1640407 evals, 1640511 steps, improv/step: 0.034 (last = 0.0025), fitness=-25881867.074439727
14916.09 secs, 1643604 evals, 1643709 steps, improv/step: 0.034 (last = 0.0059), fitness=-25881867.074439727
14946.25 secs, 1646920 evals, 1647026 steps, improv/step: 0.034 (last = 0.0042), fitness=-25881867.074439727
14976.27 secs, 1650126 evals, 1650234 steps, improv/step: 0.034 (last = 0.0047), fitness=-25881867.074439727
15006.28 secs, 1653221 evals, 1653329 steps, improv/step: 0.033 (last = 0.0032), fitness=-25881867.074439727
15036.28 secs, 1656372 evals, 1656480 steps, improv/step: 0.033 (last = 0.0032), fitness=-25881867.074439727
15066.28 secs, 1659525 evals, 1659633 steps, improv/step: 0.033 (last = 0.0041), fitness=-25881867.074439727
15096.28 secs, 1662684 evals, 1662792 steps, improv/step: 0.033 (last = 0.0009), fitness=-25881867.074439727
15126.33 secs, 1665905 evals, 1666013 steps, improv/step: 0.033 (last = 0.0037), fitness=-25881867.074439727
15156.34 secs, 1669217 evals, 1669325 steps, improv/step: 0.033 (last = 0.0045), fitness=-25881867.074439727
15186.34 secs, 1672464 evals, 1672572 steps, improv/step: 0.033 (last = 0.0025), fitness=-25881867.074439727
15216.35 secs, 1675605 evals, 1675713 steps, improv/step: 0.033 (last = 0.0032), fitness=-25881867.074439727
15246.35 secs, 1678844 evals, 1678952 steps, improv/step: 0.033 (last = 0.0034), fitness=-25881867.074439727
15276.45 secs, 1681929 evals, 1682037 steps, improv/step: 0.033 (last = 0.0032), fitness=-25881867.074439727
15306.45 secs, 1685207 evals, 1685315 steps, improv/step: 0.033 (last = 0.0018), fitness=-25881867.074439727
15336.46 secs, 1688340 evals, 1688448 steps, improv/step: 0.033 (last = 0.0022), fitness=-25881867.074439727
15366.46 secs, 1691475 evals, 1691583 steps, improv/step: 0.033 (last = 0.0032), fitness=-25881867.074439727
15396.47 secs, 1694659 evals, 1694768 steps, improv/step: 0.033 (last = 0.0003), fitness=-25881867.074439727
15426.47 secs, 1697843 evals, 1697952 steps, improv/step: 0.033 (last = 0.0016), fitness=-25881867.074439727
15456.47 secs, 1701066 evals, 1701175 steps, improv/step: 0.033 (last = 0.0012), fitness=-25881867.074439727
15486.48 secs, 1704351 evals, 1704460 steps, improv/step: 0.033 (last = 0.0021), fitness=-25881867.074439727
15516.48 secs, 1707649 evals, 1707758 steps, improv/step: 0.032 (last = 0.0024), fitness=-25881867.074439727
15546.49 secs, 1710910 evals, 1711019 steps, improv/step: 0.032 (last = 0.0006), fitness=-25881867.074439727
15576.49 secs, 1714120 evals, 1714229 steps, improv/step: 0.032 (last = 0.0012), fitness=-25881867.074439727
15606.49 secs, 1717480 evals, 1717589 steps, improv/step: 0.032 (last = 0.0015), fitness=-25881867.074439727
15636.50 secs, 1720804 evals, 1720914 steps, improv/step: 0.032 (last = 0.0024), fitness=-25881867.074439727
15666.51 secs, 1724038 evals, 1724148 steps, improv/step: 0.032 (last = 0.0025), fitness=-25881867.074439727
15696.51 secs, 1727195 evals, 1727305 steps, improv/step: 0.032 (last = 0.0035), fitness=-25881867.074439727
15726.52 secs, 1730385 evals, 1730497 steps, improv/step: 0.032 (last = 0.0016), fitness=-25881867.074439727
15756.52 secs, 1733654 evals, 1733766 steps, improv/step: 0.032 (last = 0.0028), fitness=-25881867.074439727
15786.61 secs, 1736954 evals, 1737067 steps, improv/step: 0.032 (last = 0.0009), fitness=-25881867.074439727
15816.61 secs, 1740256 evals, 1740369 steps, improv/step: 0.032 (last = 0.0024), fitness=-25881867.074439727
15846.62 secs, 1743473 evals, 1743586 steps, improv/step: 0.032 (last = 0.0019), fitness=-25881867.074439727
15876.62 secs, 1746726 evals, 1746840 steps, improv/step: 0.032 (last = 0.0031), fitness=-25881867.074439727
15906.63 secs, 1749915 evals, 1750029 steps, improv/step: 0.032 (last = 0.0022), fitness=-25881867.074439727
15936.63 secs, 1753149 evals, 1753263 steps, improv/step: 0.032 (last = 0.0034), fitness=-25881867.074439727
15966.63 secs, 1756272 evals, 1756386 steps, improv/step: 0.032 (last = 0.0010), fitness=-25881867.074439727
15996.64 secs, 1759432 evals, 1759546 steps, improv/step: 0.032 (last = 0.0041), fitness=-25881867.074439727
16026.64 secs, 1762624 evals, 1762739 steps, improv/step: 0.032 (last = 0.0041), fitness=-25881867.074439727
16056.64 secs, 1765699 evals, 1765814 steps, improv/step: 0.031 (last = 0.0033), fitness=-25881867.074439727
16086.65 secs, 1768926 evals, 1769041 steps, improv/step: 0.031 (last = 0.0012), fitness=-25881867.074439727
16116.65 secs, 1772134 evals, 1772249 steps, improv/step: 0.031 (last = 0.0012), fitness=-25881867.074439727
16146.74 secs, 1775362 evals, 1775477 steps, improv/step: 0.031 (last = 0.0022), fitness=-25881867.074439727
16176.74 secs, 1778505 evals, 1778620 steps, improv/step: 0.031 (last = 0.0019), fitness=-25881867.074439727
16206.75 secs, 1781637 evals, 1781752 steps, improv/step: 0.031 (last = 0.0019), fitness=-25881867.074439727
16236.75 secs, 1784895 evals, 1785011 steps, improv/step: 0.031 (last = 0.0009), fitness=-25881867.074439727
16266.76 secs, 1788219 evals, 1788335 steps, improv/step: 0.031 (last = 0.0012), fitness=-25881867.074439727
16296.76 secs, 1791423 evals, 1791540 steps, improv/step: 0.031 (last = 0.0031), fitness=-25881867.074439727
16326.76 secs, 1794598 evals, 1794715 steps, improv/step: 0.031 (last = 0.0016), fitness=-25881867.074439727
16356.77 secs, 1797778 evals, 1797895 steps, improv/step: 0.031 (last = 0.0022), fitness=-25881867.074439727
16386.81 secs, 1801054 evals, 1801171 steps, improv/step: 0.031 (last = 0.0018), fitness=-25881867.074439727
16416.83 secs, 1804285 evals, 1804402 steps, improv/step: 0.031 (last = 0.0009), fitness=-25881867.074439727
16446.84 secs, 1807448 evals, 1807565 steps, improv/step: 0.031 (last = 0.0013), fitness=-25881867.074439727
16476.84 secs, 1810632 evals, 1810751 steps, improv/step: 0.031 (last = 0.0019), fitness=-25881867.074439727
16506.84 secs, 1813771 evals, 1813890 steps, improv/step: 0.031 (last = 0.0016), fitness=-25881867.074439730
16536.84 secs, 1816900 evals, 1817019 steps, improv/step: 0.031 (last = 0.0006), fitness=-25881867.074439730
16566.95 secs, 1820013 evals, 1820132 steps, improv/step: 0.031 (last = 0.0022), fitness=-25881867.074439730
16596.96 secs, 1823268 evals, 1823387 steps, improv/step: 0.031 (last = 0.0009), fitness=-25881867.074439730
16626.96 secs, 1826486 evals, 1826605 steps, improv/step: 0.030 (last = 0.0006), fitness=-25881867.074439730
16656.97 secs, 1829721 evals, 1829840 steps, improv/step: 0.030 (last = 0.0006), fitness=-25881867.074439730
16686.97 secs, 1832920 evals, 1833039 steps, improv/step: 0.030 (last = 0.0019), fitness=-25881867.074439730
16716.98 secs, 1836129 evals, 1836248 steps, improv/step: 0.030 (last = 0.0022), fitness=-25881867.074439730
16746.98 secs, 1839430 evals, 1839549 steps, improv/step: 0.030 (last = 0.0012), fitness=-25881867.074439730
16776.98 secs, 1842587 evals, 1842706 steps, improv/step: 0.030 (last = 0.0022), fitness=-25881867.074439734
16806.98 secs, 1845743 evals, 1845863 steps, improv/step: 0.030 (last = 0.0025), fitness=-25881867.074439734
16837.08 secs, 1848936 evals, 1849056 steps, improv/step: 0.030 (last = 0.0013), fitness=-25881867.074439734
16867.08 secs, 1852205 evals, 1852325 steps, improv/step: 0.030 (last = 0.0012), fitness=-25881867.074439734
16897.09 secs, 1855564 evals, 1855684 steps, improv/step: 0.030 (last = 0.0018), fitness=-25881867.074439734
16927.09 secs, 1858835 evals, 1858955 steps, improv/step: 0.030 (last = 0.0012), fitness=-25881867.074439734
16957.10 secs, 1861941 evals, 1862061 steps, improv/step: 0.030 (last = 0.0016), fitness=-25881867.074439734
16987.21 secs, 1865279 evals, 1865400 steps, improv/step: 0.030 (last = 0.0027), fitness=-25881867.074439734
17017.30 secs, 1868534 evals, 1868655 steps, improv/step: 0.030 (last = 0.0012), fitness=-25881867.074439734
17047.34 secs, 1871704 evals, 1871825 steps, improv/step: 0.030 (last = 0.0009), fitness=-25881867.074439734
17077.35 secs, 1874877 evals, 1874998 steps, improv/step: 0.030 (last = 0.0013), fitness=-25881867.074439734
17107.40 secs, 1878051 evals, 1878172 steps, improv/step: 0.030 (last = 0.0006), fitness=-25881867.074439734
17137.40 secs, 1881159 evals, 1881280 steps, improv/step: 0.030 (last = 0.0010), fitness=-25881867.074439734
17167.41 secs, 1884389 evals, 1884510 steps, improv/step: 0.030 (last = 0.0012), fitness=-25881867.074439734
17197.43 secs, 1887690 evals, 1887811 steps, improv/step: 0.030 (last = 0.0015), fitness=-25881867.074439734
17227.43 secs, 1890938 evals, 1891059 steps, improv/step: 0.029 (last = 0.0009), fitness=-25881867.074439734
17257.44 secs, 1894067 evals, 1894188 steps, improv/step: 0.029 (last = 0.0003), fitness=-25881867.074439734
17287.44 secs, 1897121 evals, 1897242 steps, improv/step: 0.029 (last = 0.0016), fitness=-25881867.074439734
17317.60 secs, 1900145 evals, 1900267 steps, improv/step: 0.029 (last = 0.0023), fitness=-25881867.074439734
17347.60 secs, 1903144 evals, 1903267 steps, improv/step: 0.029 (last = 0.0010), fitness=-25881867.074439734
17377.61 secs, 1906291 evals, 1906414 steps, improv/step: 0.029 (last = 0.0032), fitness=-25881867.074439734
17407.62 secs, 1909391 evals, 1909514 steps, improv/step: 0.029 (last = 0.0013), fitness=-25881867.074439734
17437.72 secs, 1912547 evals, 1912670 steps, improv/step: 0.029 (last = 0.0029), fitness=-25881867.074439734
17467.72 secs, 1915701 evals, 1915824 steps, improv/step: 0.029 (last = 0.0025), fitness=-25881867.074439734
17497.73 secs, 1918750 evals, 1918873 steps, improv/step: 0.029 (last = 0.0007), fitness=-25881867.074439734
17527.76 secs, 1921779 evals, 1921903 steps, improv/step: 0.029 (last = 0.0023), fitness=-25881867.074439734
17557.76 secs, 1924858 evals, 1924982 steps, improv/step: 0.029 (last = 0.0019), fitness=-25881867.074439734
17587.76 secs, 1927931 evals, 1928056 steps, improv/step: 0.029 (last = 0.0020), fitness=-25881867.074439734
17617.77 secs, 1931069 evals, 1931195 steps, improv/step: 0.029 (last = 0.0025), fitness=-25881867.074439734
17647.78 secs, 1934258 evals, 1934385 steps, improv/step: 0.029 (last = 0.0013), fitness=-25881867.074439734
17677.78 secs, 1937325 evals, 1937452 steps, improv/step: 0.029 (last = 0.0039), fitness=-25881867.074439734
17707.79 secs, 1940407 evals, 1940536 steps, improv/step: 0.029 (last = 0.0023), fitness=-25881867.074439734
17737.79 secs, 1943502 evals, 1943631 steps, improv/step: 0.029 (last = 0.0026), fitness=-25881867.074439734
17767.80 secs, 1946604 evals, 1946733 steps, improv/step: 0.029 (last = 0.0016), fitness=-25881867.074439734
17797.80 secs, 1949724 evals, 1949853 steps, improv/step: 0.029 (last = 0.0019), fitness=-25881867.074439734
17827.80 secs, 1952804 evals, 1952933 steps, improv/step: 0.029 (last = 0.0023), fitness=-25881867.074439734
17857.80 secs, 1955934 evals, 1956063 steps, improv/step: 0.029 (last = 0.0022), fitness=-25881867.074439734
17887.80 secs, 1958995 evals, 1959124 steps, improv/step: 0.029 (last = 0.0016), fitness=-25881867.074439734
17917.81 secs, 1962160 evals, 1962290 steps, improv/step: 0.028 (last = 0.0022), fitness=-25881867.074439734
17947.82 secs, 1965240 evals, 1965370 steps, improv/step: 0.028 (last = 0.0016), fitness=-25881867.074439734
17977.83 secs, 1968341 evals, 1968471 steps, improv/step: 0.028 (last = 0.0010), fitness=-25881867.074439734
18007.83 secs, 1971458 evals, 1971588 steps, improv/step: 0.028 (last = 0.0016), fitness=-25881867.074439734
18037.84 secs, 1974515 evals, 1974646 steps, improv/step: 0.028 (last = 0.0023), fitness=-25881867.074439734
18067.92 secs, 1977667 evals, 1977798 steps, improv/step: 0.028 (last = 0.0013), fitness=-25881867.074439734
18097.92 secs, 1980715 evals, 1980846 steps, improv/step: 0.028 (last = 0.0016), fitness=-25881867.074439734
18127.93 secs, 1983840 evals, 1983971 steps, improv/step: 0.028 (last = 0.0013), fitness=-25881867.074439734
18157.93 secs, 1986872 evals, 1987003 steps, improv/step: 0.028 (last = 0.0020), fitness=-25881867.074439734
18187.94 secs, 1989917 evals, 1990048 steps, improv/step: 0.028 (last = 0.0007), fitness=-25881867.074439734
18218.12 secs, 1992987 evals, 1993118 steps, improv/step: 0.028 (last = 0.0013), fitness=-25881867.074439734
18248.12 secs, 1996041 evals, 1996172 steps, improv/step: 0.028 (last = 0.0016), fitness=-25881867.074439734
18278.13 secs, 1999031 evals, 1999162 steps, improv/step: 0.028 (last = 0.0010), fitness=-25881867.074439734
18308.13 secs, 2002146 evals, 2002277 steps, improv/step: 0.028 (last = 0.0013), fitness=-25881867.074439734
18338.13 secs, 2005235 evals, 2005366 steps, improv/step: 0.028 (last = 0.0013), fitness=-25881867.074439734
18368.22 secs, 2008249 evals, 2008381 steps, improv/step: 0.028 (last = 0.0010), fitness=-25881867.074439734
18398.22 secs, 2011391 evals, 2011523 steps, improv/step: 0.028 (last = 0.0006), fitness=-25881867.074439734
18428.23 secs, 2014516 evals, 2014648 steps, improv/step: 0.028 (last = 0.0032), fitness=-25881867.074439734
18458.23 secs, 2017563 evals, 2017695 steps, improv/step: 0.028 (last = 0.0003), fitness=-25881867.074439734
18488.23 secs, 2020625 evals, 2020757 steps, improv/step: 0.028 (last = 0.0007), fitness=-25881867.074439734
18518.34 secs, 2023632 evals, 2023764 steps, improv/step: 0.028 (last = 0.0010), fitness=-25881867.074439734
18548.38 secs, 2026782 evals, 2026915 steps, improv/step: 0.028 (last = 0.0003), fitness=-25881867.074439734
18578.39 secs, 2029940 evals, 2030073 steps, improv/step: 0.028 (last = 0.0003), fitness=-25881867.074439734
18608.39 secs, 2033039 evals, 2033172 steps, improv/step: 0.028 (last = 0.0023), fitness=-25881867.074439734
18638.40 secs, 2036169 evals, 2036302 steps, improv/step: 0.028 (last = 0.0013), fitness=-25881867.074439734
18668.40 secs, 2039334 evals, 2039467 steps, improv/step: 0.027 (last = 0.0016), fitness=-25881867.074439734
18698.41 secs, 2042510 evals, 2042643 steps, improv/step: 0.027 (last = 0.0009), fitness=-25881867.074439734
18728.41 secs, 2045542 evals, 2045675 steps, improv/step: 0.027 (last = 0.0013), fitness=-25881867.074439734
18758.42 secs, 2048796 evals, 2048930 steps, improv/step: 0.027 (last = 0.0025), fitness=-25881867.074439734
18788.42 secs, 2051936 evals, 2052070 steps, improv/step: 0.027 (last = 0.0013), fitness=-25881867.074439734
18818.43 secs, 2054941 evals, 2055076 steps, improv/step: 0.027 (last = 0.0013), fitness=-25881867.074439734
18848.43 secs, 2057971 evals, 2058107 steps, improv/step: 0.027 (last = 0.0007), fitness=-25881867.074439734
18878.55 secs, 2060993 evals, 2061129 steps, improv/step: 0.027 (last = 0.0007), fitness=-25881867.074439734
18908.55 secs, 2064080 evals, 2064216 steps, improv/step: 0.027 (last = 0.0010), fitness=-25881867.074439734
18938.56 secs, 2067378 evals, 2067514 steps, improv/step: 0.027 (last = 0.0024), fitness=-25881867.074439734
18968.57 secs, 2070503 evals, 2070639 steps, improv/step: 0.027 (last = 0.0010), fitness=-25881867.074439734
18998.57 secs, 2073504 evals, 2073640 steps, improv/step: 0.027 (last = 0.0020), fitness=-25881867.074439734
19028.57 secs, 2076531 evals, 2076667 steps, improv/step: 0.027 (last = 0.0010), fitness=-25881867.074439734
19058.57 secs, 2079564 evals, 2079700 steps, improv/step: 0.027 (last = 0.0016), fitness=-25881867.074439734
19088.58 secs, 2082570 evals, 2082706 steps, improv/step: 0.027 (last = 0.0013), fitness=-25881867.074439734
19118.58 secs, 2085593 evals, 2085730 steps, improv/step: 0.027 (last = 0.0017), fitness=-25881867.074439734
19148.59 secs, 2088700 evals, 2088838 steps, improv/step: 0.027 (last = 0.0019), fitness=-25881867.074439734
19178.59 secs, 2091755 evals, 2091894 steps, improv/step: 0.027 (last = 0.0007), fitness=-25881867.074439734
19208.59 secs, 2094871 evals, 2095010 steps, improv/step: 0.027 (last = 0.0022), fitness=-25881867.074439734
19238.60 secs, 2097961 evals, 2098100 steps, improv/step: 0.027 (last = 0.0016), fitness=-25881867.074439734
19268.60 secs, 2101110 evals, 2101250 steps, improv/step: 0.027 (last = 0.0019), fitness=-25881867.074439734
19298.65 secs, 2104191 evals, 2104331 steps, improv/step: 0.027 (last = 0.0010), fitness=-25881867.074439734
19328.65 secs, 2107205 evals, 2107345 steps, improv/step: 0.027 (last = 0.0010), fitness=-25881867.074439734
19358.66 secs, 2110345 evals, 2110485 steps, improv/step: 0.027 (last = 0.0013), fitness=-25881867.074439734
19388.66 secs, 2113587 evals, 2113728 steps, improv/step: 0.027 (last = 0.0025), fitness=-25881867.074439734
19418.67 secs, 2116835 evals, 2116977 steps, improv/step: 0.027 (last = 0.0028), fitness=-25881867.074439734
19448.67 secs, 2119946 evals, 2120088 steps, improv/step: 0.026 (last = 0.0019), fitness=-25881867.074439734
19478.68 secs, 2123154 evals, 2123297 steps, improv/step: 0.026 (last = 0.0022), fitness=-25881867.074439734
19508.68 secs, 2126405 evals, 2126549 steps, improv/step: 0.026 (last = 0.0006), fitness=-25881867.074439734
19538.68 secs, 2129445 evals, 2129590 steps, improv/step: 0.026 (last = 0.0030), fitness=-25881867.074439734
19568.68 secs, 2132533 evals, 2132679 steps, improv/step: 0.026 (last = 0.0019), fitness=-25881867.074439734
19598.70 secs, 2135674 evals, 2135820 steps, improv/step: 0.026 (last = 0.0019), fitness=-25881867.074439734
19628.70 secs, 2138929 evals, 2139076 steps, improv/step: 0.026 (last = 0.0021), fitness=-25881867.074439734
19658.71 secs, 2142272 evals, 2142419 steps, improv/step: 0.026 (last = 0.0006), fitness=-25881867.074439734
19688.71 secs, 2145706 evals, 2145853 steps, improv/step: 0.026 (last = 0.0017), fitness=-25881867.074439734
19718.72 secs, 2149117 evals, 2149264 steps, improv/step: 0.026 (last = 0.0009), fitness=-25881867.074439734
19748.72 secs, 2152484 evals, 2152631 steps, improv/step: 0.026 (last = 0.0021), fitness=-25881867.074439734
19778.73 secs, 2155783 evals, 2155932 steps, improv/step: 0.026 (last = 0.0006), fitness=-25881867.074439734
19808.75 secs, 2159113 evals, 2159262 steps, improv/step: 0.026 (last = 0.0006), fitness=-25881867.074439734
19838.80 secs, 2162496 evals, 2162645 steps, improv/step: 0.026 (last = 0.0009), fitness=-25881867.074439734
19868.80 secs, 2165920 evals, 2166070 steps, improv/step: 0.026 (last = 0.0018), fitness=-25881867.074439734
19898.80 secs, 2169301 evals, 2169451 steps, improv/step: 0.026 (last = 0.0006), fitness=-25881867.074439734
19928.81 secs, 2172635 evals, 2172786 steps, improv/step: 0.026 (last = 0.0006), fitness=-25881867.074439734
19958.91 secs, 2176045 evals, 2176196 steps, improv/step: 0.026 (last = 0.0021), fitness=-25881867.074439734
19988.91 secs, 2179625 evals, 2179776 steps, improv/step: 0.026 (last = 0.0017), fitness=-25881867.074439734
20018.92 secs, 2183186 evals, 2183337 steps, improv/step: 0.026 (last = 0.0008), fitness=-25881867.074439734
20048.92 secs, 2186835 evals, 2186986 steps, improv/step: 0.026 (last = 0.0003), fitness=-25881867.074439734
20078.92 secs, 2190387 evals, 2190538 steps, improv/step: 0.026 (last = 0.0008), fitness=-25881867.074439734
20108.93 secs, 2194005 evals, 2194156 steps, improv/step: 0.026 (last = 0.0008), fitness=-25881867.074439734
20138.93 secs, 2197623 evals, 2197775 steps, improv/step: 0.026 (last = 0.0014), fitness=-25881867.074439734
20168.94 secs, 2201071 evals, 2201223 steps, improv/step: 0.026 (last = 0.0009), fitness=-25881867.074439734
20198.94 secs, 2204648 evals, 2204800 steps, improv/step: 0.026 (last = 0.0000), fitness=-25881867.074439734
20228.94 secs, 2208407 evals, 2208559 steps, improv/step: 0.025 (last = 0.0011), fitness=-25881867.074439734
20258.95 secs, 2212360 evals, 2212513 steps, improv/step: 0.025 (last = 0.0005), fitness=-25881867.074439734
20288.95 secs, 2216239 evals, 2216392 steps, improv/step: 0.025 (last = 0.0021), fitness=-25881867.074439734
20318.95 secs, 2220075 evals, 2220229 steps, improv/step: 0.025 (last = 0.0018), fitness=-25881867.074439734
20348.96 secs, 2223722 evals, 2223876 steps, improv/step: 0.025 (last = 0.0003), fitness=-25881867.074439734
20378.96 secs, 2227325 evals, 2227479 steps, improv/step: 0.025 (last = 0.0031), fitness=-25881867.074439734
20408.97 secs, 2230966 evals, 2231120 steps, improv/step: 0.025 (last = 0.0005), fitness=-25881867.074439734
20438.97 secs, 2234687 evals, 2234841 steps, improv/step: 0.025 (last = 0.0003), fitness=-25881867.074439734
20469.06 secs, 2238211 evals, 2238365 steps, improv/step: 0.025 (last = 0.0006), fitness=-25881867.074439734
20499.06 secs, 2241736 evals, 2241890 steps, improv/step: 0.025 (last = 0.0003), fitness=-25881867.074439734
20529.07 secs, 2245228 evals, 2245382 steps, improv/step: 0.025 (last = 0.0017), fitness=-25881867.074439734
20559.07 secs, 2248874 evals, 2249028 steps, improv/step: 0.025 (last = 0.0003), fitness=-25881867.074439734
20589.17 secs, 2252343 evals, 2252497 steps, improv/step: 0.025 (last = 0.0012), fitness=-25881867.074439738
20619.17 secs, 2255877 evals, 2256031 steps, improv/step: 0.025 (last = 0.0008), fitness=-25881867.074439738
20649.17 secs, 2259436 evals, 2259590 steps, improv/step: 0.025 (last = 0.0008), fitness=-25881867.074439738
20679.19 secs, 2263004 evals, 2263158 steps, improv/step: 0.025 (last = 0.0022), fitness=-25881867.074439738
20709.20 secs, 2266609 evals, 2266763 steps, improv/step: 0.025 (last = 0.0025), fitness=-25881867.074439738
20739.20 secs, 2270055 evals, 2270210 steps, improv/step: 0.025 (last = 0.0012), fitness=-25881867.074439738
20769.21 secs, 2273631 evals, 2273786 steps, improv/step: 0.025 (last = 0.0000), fitness=-25881867.074439738
20799.21 secs, 2277225 evals, 2277380 steps, improv/step: 0.025 (last = 0.0011), fitness=-25881867.074439738
20829.22 secs, 2280771 evals, 2280926 steps, improv/step: 0.025 (last = 0.0011), fitness=-25881867.074439738
20859.22 secs, 2284348 evals, 2284503 steps, improv/step: 0.025 (last = 0.0003), fitness=-25881867.074439738
20889.22 secs, 2287926 evals, 2288082 steps, improv/step: 0.025 (last = 0.0008), fitness=-25881867.074439738
20919.22 secs, 2291647 evals, 2291803 steps, improv/step: 0.025 (last = 0.0005), fitness=-25881867.074439738
20949.22 secs, 2295176 evals, 2295332 steps, improv/step: 0.025 (last = 0.0011), fitness=-25881867.074439738
20979.23 secs, 2298797 evals, 2298953 steps, improv/step: 0.025 (last = 0.0003), fitness=-25881867.074439738
21009.23 secs, 2302543 evals, 2302699 steps, improv/step: 0.024 (last = 0.0011), fitness=-25881867.074439738
21039.24 secs, 2306224 evals, 2306382 steps, improv/step: 0.024 (last = 0.0011), fitness=-25881867.074439738
21069.32 secs, 2309845 evals, 2310003 steps, improv/step: 0.024 (last = 0.0003), fitness=-25881867.074439738
21099.33 secs, 2313434 evals, 2313592 steps, improv/step: 0.024 (last = 0.0008), fitness=-25881867.074439738
21129.33 secs, 2316989 evals, 2317149 steps, improv/step: 0.024 (last = 0.0006), fitness=-25881867.074439738
21159.39 secs, 2320652 evals, 2320813 steps, improv/step: 0.024 (last = 0.0016), fitness=-25881867.074439738
21189.40 secs, 2324467 evals, 2324629 steps, improv/step: 0.024 (last = 0.0005), fitness=-25881867.074439738
21219.40 secs, 2328075 evals, 2328237 steps, improv/step: 0.024 (last = 0.0017), fitness=-25881867.074439738
21249.41 secs, 2331552 evals, 2331714 steps, improv/step: 0.024 (last = 0.0014), fitness=-25881867.074439738
21279.41 secs, 2335063 evals, 2335225 steps, improv/step: 0.024 (last = 0.0020), fitness=-25881867.074439738
21309.41 secs, 2338398 evals, 2338560 steps, improv/step: 0.024 (last = 0.0009), fitness=-25881867.074439738
21339.42 secs, 2341955 evals, 2342117 steps, improv/step: 0.024 (last = 0.0011), fitness=-25881867.074439738
21369.50 secs, 2345591 evals, 2345753 steps, improv/step: 0.024 (last = 0.0014), fitness=-25881867.074439738
21399.50 secs, 2349217 evals, 2349380 steps, improv/step: 0.024 (last = 0.0011), fitness=-25881867.074439738
21429.51 secs, 2352790 evals, 2352953 steps, improv/step: 0.024 (last = 0.0017), fitness=-25881867.074439738
21459.56 secs, 2356263 evals, 2356426 steps, improv/step: 0.024 (last = 0.0006), fitness=-25881867.074439738
21489.56 secs, 2360233 evals, 2360396 steps, improv/step: 0.024 (last = 0.0010), fitness=-25881867.074439738
21519.57 secs, 2364135 evals, 2364298 steps, improv/step: 0.024 (last = 0.0013), fitness=-25881867.074439738
21549.57 secs, 2368150 evals, 2368314 steps, improv/step: 0.024 (last = 0.0012), fitness=-25881867.074439738
21579.60 secs, 2371981 evals, 2372145 steps, improv/step: 0.024 (last = 0.0005), fitness=-25881867.074439738
21609.68 secs, 2375915 evals, 2376079 steps, improv/step: 0.024 (last = 0.0003), fitness=-25881867.074439738
21639.68 secs, 2379884 evals, 2380048 steps, improv/step: 0.024 (last = 0.0010), fitness=-25881867.074439738
21669.68 secs, 2383870 evals, 2384034 steps, improv/step: 0.024 (last = 0.0008), fitness=-25881867.074439738
21699.69 secs, 2387747 evals, 2387911 steps, improv/step: 0.024 (last = 0.0008), fitness=-25881867.074439738
21729.69 secs, 2391737 evals, 2391901 steps, improv/step: 0.024 (last = 0.0005), fitness=-25881867.074439738
21759.69 secs, 2395714 evals, 2395878 steps, improv/step: 0.024 (last = 0.0000), fitness=-25881867.074439738
21789.69 secs, 2399637 evals, 2399801 steps, improv/step: 0.024 (last = 0.0003), fitness=-25881867.074439738
21819.69 secs, 2403592 evals, 2403756 steps, improv/step: 0.023 (last = 0.0008), fitness=-25881867.074439738
21849.70 secs, 2407603 evals, 2407767 steps, improv/step: 0.023 (last = 0.0005), fitness=-25881867.074439738
21879.70 secs, 2411572 evals, 2411736 steps, improv/step: 0.023 (last = 0.0005), fitness=-25881867.074439738
21909.70 secs, 2415577 evals, 2415741 steps, improv/step: 0.023 (last = 0.0005), fitness=-25881867.074439738
21939.71 secs, 2419600 evals, 2419764 steps, improv/step: 0.023 (last = 0.0012), fitness=-25881867.074439738
21969.71 secs, 2423599 evals, 2423764 steps, improv/step: 0.023 (last = 0.0005), fitness=-25881867.074439738
21999.74 secs, 2427228 evals, 2427393 steps, improv/step: 0.023 (last = 0.0006), fitness=-25881867.074439738
22029.74 secs, 2431155 evals, 2431321 steps, improv/step: 0.023 (last = 0.0003), fitness=-25881867.074439738
22059.75 secs, 2434960 evals, 2435126 steps, improv/step: 0.023 (last = 0.0011), fitness=-25881867.074439738
22089.75 secs, 2438826 evals, 2438992 steps, improv/step: 0.023 (last = 0.0008), fitness=-25881867.074439738
22119.75 secs, 2442802 evals, 2442968 steps, improv/step: 0.023 (last = 0.0005), fitness=-25881867.074439738
22149.75 secs, 2446630 evals, 2446796 steps, improv/step: 0.023 (last = 0.0005), fitness=-25881867.074439738
22179.76 secs, 2450518 evals, 2450684 steps, improv/step: 0.023 (last = 0.0010), fitness=-25881867.074439738
22209.76 secs, 2454485 evals, 2454651 steps, improv/step: 0.023 (last = 0.0005), fitness=-25881867.074439738
22239.77 secs, 2458425 evals, 2458591 steps, improv/step: 0.023 (last = 0.0013), fitness=-25881867.074439738
22269.77 secs, 2462293 evals, 2462461 steps, improv/step: 0.023 (last = 0.0016), fitness=-25881867.074439738
22299.77 secs, 2466181 evals, 2466350 steps, improv/step: 0.023 (last = 0.0013), fitness=-25881867.074439738
22329.78 secs, 2470186 evals, 2470357 steps, improv/step: 0.023 (last = 0.0017), fitness=-25881867.074439738
22359.79 secs, 2474144 evals, 2474315 steps, improv/step: 0.023 (last = 0.0003), fitness=-25881867.074439738
22389.88 secs, 2478127 evals, 2478299 steps, improv/step: 0.023 (last = 0.0000), fitness=-25881867.074439738
22419.88 secs, 2482189 evals, 2482362 steps, improv/step: 0.023 (last = 0.0007), fitness=-25881867.074439738
22449.97 secs, 2486284 evals, 2486457 steps, improv/step: 0.023 (last = 0.0002), fitness=-25881867.074439738
22479.98 secs, 2489525 evals, 2489698 steps, improv/step: 0.023 (last = 0.0003), fitness=-25881867.074439738
22509.98 secs, 2491777 evals, 2491950 steps, improv/step: 0.023 (last = 0.0013), fitness=-25881867.074439738
22539.98 secs, 2494158 evals, 2494331 steps, improv/step: 0.023 (last = 0.0004), fitness=-25881867.074439738
22569.98 secs, 2496630 evals, 2496803 steps, improv/step: 0.023 (last = 0.0000), fitness=-25881867.074439738
22599.99 secs, 2499071 evals, 2499247 steps, improv/step: 0.023 (last = 0.0004), fitness=-25881867.074439738

Optimization stopped after 2500178 steps and 22611.62 seconds
Termination reason: Max number of function evaluations (2500000) reached
Steps per second = 110.57
Function evals per second = 110.56
Improvements/step = Inf
Total function evaluations = 2500001


Best candidate found: [24.9367, 10.0121, 2.00859, 2.99808, 29.293, 50.197, 20.0599, 206.38, 1.10071, 100.081, 5.16256e-6, 8.2379e-5, 0.00298628, 0.0498105, 0.39962, 1.99871]

Fitness: -25881867.074439738

-2.588186707443974e7

[24.936704151142187, 10.012076675992837, 2.00858518619942, 2.9980840279945506, 29.293016398659027, 50.19701436954344, 20.05990109850121, 206.38044806003842, 1.1007097992723436, 100.08069999084294, 5.16256382735279e-6, 8.237901490858488e-5, 0.0029862789896619225, 0.04981054584157106, 0.39962036011100066, 1.9987087364210765]

Script has finished
Wed Dec 22 02:28:07 CET 2021

------------------------------------------------------------
Sender: LSF System <schwan@makalu119>
Subject: Job 576384: <Julia_Job_parallel> in cluster <wuerfel> Done

Job <Julia_Job_parallel> was submitted from host <makalu56> by user <magr4985> in cluster <wuerfel> at Tue Dec 21 19:54:24 2021
Job was executed on host(s) <makalu119>, in queue <BatchXL>, as user <magr4985> in cluster <wuerfel> at Tue Dec 21 20:07:17 2021
</usr/scratch4/magr4985> was used as the home directory.
</usr/scratch4/magr4985/TRPL/BatchJobs/syn_data_3/Run21> was used as the working directory.
Started at Tue Dec 21 20:07:17 2021
Terminated at Wed Dec 22 02:28:07 2021
Results reported at Wed Dec 22 02:28:07 2021

Your job looked like:

------------------------------------------------------------
# LSBATCH: User input
#!/bin/csh 
#BSUB -q BatchXL 
#BSUB -R "mem > 8000 span[hosts=1] && intel_avx2" 
#BSUB -oo lsf_julia_%J.log 
#BSUB -eo lsf_julia_%J.err 
#BSUB -J Julia_Job_parallel 
#BSUB -L /bin/csh 
#BSUB -n 1 
date 
pwd 
module purge 
/usr/scratch4/magr4985/julia-1.6.2/bin/julia -t 4 /usr/scratch4/magr4985/TRPL/Programs/trpl_analysis_syn.jl 3 2500000 1 /usr/scratch4/magr4985/TRPL/BatchJobs/syn_data_3/Run21 1.0e-14 3600 "[1.0, 1.0, 1.0, 1.0, 1.0, 1.0, 1.0, 1.0, 1.0, 1.0, 1.0e-6, 1.0e-6, 1.0e-6, 1.0e-6, 1.0e-6, 1.0e-6, 1.0e-6, 1.0e-6, 1.0e-6, 1.0e-6]" "[5000.0, 5000.0, 1000.0, 1000.0, 1.0e9, 1000.0, 10000.0, 10000.0, 1000.0, 1.0e6, 5.0, 5.0, 5.0, 5.0, 5.0, 5.0, 5.0, 5.0, 5.0, 5.0]" 
date
------------------------------------------------------------

Successfully completed.

Resource usage summary:

    CPU time :                                   42447.14 sec.
    Max Memory :                                 1218.77 MB
    Average Memory :                             1065.50 MB
    Total Requested Memory :                     -
    Delta Memory :                               -
    Max Swap :                                   256 KB
    Max Processes :                              4
    Max Threads :                                12
    Run time :                                   22850 sec.
    Turnaround time :                            23623 sec.

The output (if any) is above this job summary.



PS:

Read file <lsf_julia_576384.err> for stderr output of this job.

