Warning: no access to tty (Bad file descriptor).
Thus no job control in this shell.
Warning: no access to tty (Bad file descriptor).
Thus no job control in this shell.
Tue Dec 21 20:03:56 CET 2021
/usr/scratch4/magr4985/TRPL/BatchJobs/syn_data_3/Run3
# Thread: 4
4341290170865543985 RNG Seed
Run 1
Starting optimization with optimizer DiffEvoOpt{FitPopulation{Float64}, RadiusLimitedSelector, BlackBoxOptim.DiffEvoRandBin{3}, RandomBound{ContinuousRectSearchSpace}}
0.00 secs, 0 evals, 0 steps
30.00 secs, 2641 evals, 2528 steps, improv/step: 0.381 (last = 0.3809), fitness=-22341149.854623433
60.01 secs, 5444 evals, 5331 steps, improv/step: 0.346 (last = 0.3139), fitness=-24993749.087861456
90.01 secs, 8328 evals, 8215 steps, improv/step: 0.320 (last = 0.2725), fitness=-25482680.951482497
120.06 secs, 11330 evals, 11217 steps, improv/step: 0.278 (last = 0.1642), fitness=-25584209.772393197
150.06 secs, 14408 evals, 14295 steps, improv/step: 0.247 (last = 0.1348), fitness=-25588033.782507282
180.07 secs, 17290 evals, 17178 steps, improv/step: 0.224 (last = 0.1058), fitness=-25588498.358078718
210.07 secs, 20408 evals, 20296 steps, improv/step: 0.204 (last = 0.0930), fitness=-25589100.752717718
240.07 secs, 23540 evals, 23428 steps, improv/step: 0.204 (last = 0.2043), fitness=-25592460.679274715
270.07 secs, 26666 evals, 26554 steps, improv/step: 0.210 (last = 0.2540), fitness=-25601051.011290558
300.08 secs, 29816 evals, 29704 steps, improv/step: 0.209 (last = 0.2038), fitness=-25607540.036584038
330.08 secs, 32892 evals, 32780 steps, improv/step: 0.205 (last = 0.1638), fitness=-25610389.569130931
360.09 secs, 36004 evals, 35892 steps, improv/step: 0.200 (last = 0.1497), fitness=-25612423.869456768
390.09 secs, 39086 evals, 38974 steps, improv/step: 0.196 (last = 0.1476), fitness=-25613898.676581345
420.10 secs, 42156 evals, 42044 steps, improv/step: 0.192 (last = 0.1446), fitness=-25614438.182917818
450.17 secs, 45372 evals, 45260 steps, improv/step: 0.190 (last = 0.1648), fitness=-25614609.367914662
480.18 secs, 48563 evals, 48451 steps, improv/step: 0.187 (last = 0.1395), fitness=-25614702.338142656
510.19 secs, 51645 evals, 51533 steps, improv/step: 0.183 (last = 0.1288), fitness=-25614729.650222789
540.20 secs, 54781 evals, 54669 steps, improv/step: 0.181 (last = 0.1390), fitness=-25614740.727207910
570.20 secs, 57830 evals, 57718 steps, improv/step: 0.180 (last = 0.1620), fitness=-25614745.997338481
600.21 secs, 60936 evals, 60825 steps, improv/step: 0.177 (last = 0.1339), fitness=-25614748.135672614
630.21 secs, 64098 evals, 63987 steps, improv/step: 0.175 (last = 0.1328), fitness=-25614784.498359598
660.22 secs, 66956 evals, 66845 steps, improv/step: 0.180 (last = 0.2960), fitness=-25639718.914315224
690.23 secs, 70129 evals, 70018 steps, improv/step: 0.184 (last = 0.2524), fitness=-25646118.112225167
720.23 secs, 73489 evals, 73378 steps, improv/step: 0.189 (last = 0.3024), fitness=-25836386.046454385
750.24 secs, 76627 evals, 76516 steps, improv/step: 0.189 (last = 0.1960), fitness=-25869662.964184161
780.25 secs, 79730 evals, 79619 steps, improv/step: 0.187 (last = 0.1360), fitness=-25874552.887091927
810.25 secs, 82831 evals, 82720 steps, improv/step: 0.185 (last = 0.1283), fitness=-25876263.184989907
840.26 secs, 85991 evals, 85882 steps, improv/step: 0.183 (last = 0.1331), fitness=-25876972.682667736
870.26 secs, 89128 evals, 89019 steps, improv/step: 0.182 (last = 0.1368), fitness=-25877346.108143058
900.26 secs, 92119 evals, 92010 steps, improv/step: 0.180 (last = 0.1214), fitness=-25877636.295493551
930.27 secs, 95269 evals, 95160 steps, improv/step: 0.179 (last = 0.1667), fitness=-25877984.262549471
960.28 secs, 98388 evals, 98279 steps, improv/step: 0.179 (last = 0.1674), fitness=-25878352.457511280
990.28 secs, 101442 evals, 101333 steps, improv/step: 0.178 (last = 0.1372), fitness=-25878655.452083066
1020.29 secs, 104638 evals, 104529 steps, improv/step: 0.176 (last = 0.1105), fitness=-25878957.265343998
1050.29 secs, 107720 evals, 107611 steps, improv/step: 0.174 (last = 0.1136), fitness=-25879401.878071819
1080.29 secs, 110908 evals, 110799 steps, improv/step: 0.173 (last = 0.1317), fitness=-25879860.453890122
1110.30 secs, 113897 evals, 113788 steps, improv/step: 0.171 (last = 0.1214), fitness=-25880198.360758584
1140.31 secs, 116899 evals, 116791 steps, improv/step: 0.170 (last = 0.1279), fitness=-25880459.689803962
1170.32 secs, 120037 evals, 119929 steps, improv/step: 0.169 (last = 0.1160), fitness=-25880814.490567349
1200.32 secs, 122926 evals, 122818 steps, improv/step: 0.168 (last = 0.1295), fitness=-25881067.792449255
1230.33 secs, 125896 evals, 125789 steps, improv/step: 0.166 (last = 0.1117), fitness=-25881148.734845713
1260.38 secs, 128978 evals, 128871 steps, improv/step: 0.165 (last = 0.1136), fitness=-25881242.062931091
1290.39 secs, 131783 evals, 131677 steps, improv/step: 0.163 (last = 0.0837), fitness=-25881275.094256546
1320.40 secs, 134628 evals, 134522 steps, improv/step: 0.162 (last = 0.0854), fitness=-25881303.596624389
1350.47 secs, 137464 evals, 137358 steps, improv/step: 0.160 (last = 0.0712), fitness=-25881314.761803299
1380.48 secs, 140552 evals, 140446 steps, improv/step: 0.158 (last = 0.0910), fitness=-25881328.378406111
1410.49 secs, 143539 evals, 143433 steps, improv/step: 0.157 (last = 0.0770), fitness=-25881339.559120893
1440.49 secs, 146594 evals, 146488 steps, improv/step: 0.155 (last = 0.0573), fitness=-25881348.301609382
1470.49 secs, 149587 evals, 149481 steps, improv/step: 0.153 (last = 0.0581), fitness=-25881356.211290065
1500.50 secs, 152736 evals, 152630 steps, improv/step: 0.150 (last = 0.0416), fitness=-25881363.675130866
1530.50 secs, 155773 evals, 155667 steps, improv/step: 0.148 (last = 0.0369), fitness=-25881371.579587311
1560.51 secs, 158793 evals, 158687 steps, improv/step: 0.146 (last = 0.0354), fitness=-25881378.426814236
1590.51 secs, 161923 evals, 161817 steps, improv/step: 0.144 (last = 0.0438), fitness=-25881387.270753559
1620.51 secs, 165021 evals, 164915 steps, improv/step: 0.142 (last = 0.0439), fitness=-25881394.500830621
1650.52 secs, 168051 evals, 167946 steps, improv/step: 0.141 (last = 0.0505), fitness=-25881399.262038752
1680.52 secs, 170942 evals, 170837 steps, improv/step: 0.139 (last = 0.0439), fitness=-25881402.324500211
1710.54 secs, 174144 evals, 174040 steps, improv/step: 0.137 (last = 0.0478), fitness=-25881404.841514796
1740.54 secs, 177192 evals, 177090 steps, improv/step: 0.136 (last = 0.0459), fitness=-25881410.715822585
1770.55 secs, 180394 evals, 180292 steps, improv/step: 0.134 (last = 0.0493), fitness=-25881413.454126954
1800.61 secs, 183546 evals, 183444 steps, improv/step: 0.133 (last = 0.0530), fitness=-25881415.345888477
1830.61 secs, 186622 evals, 186520 steps, improv/step: 0.132 (last = 0.0647), fitness=-25881418.988568403
1860.61 secs, 189704 evals, 189602 steps, improv/step: 0.130 (last = 0.0529), fitness=-25881421.265586473
1890.62 secs, 192948 evals, 192846 steps, improv/step: 0.129 (last = 0.0435), fitness=-25881422.785580445
1920.63 secs, 196070 evals, 195969 steps, improv/step: 0.128 (last = 0.0580), fitness=-25881424.648815706
1950.63 secs, 199050 evals, 198949 steps, improv/step: 0.126 (last = 0.0466), fitness=-25881427.135717195
1980.64 secs, 202047 evals, 201946 steps, improv/step: 0.125 (last = 0.0494), fitness=-25881429.433557536
2010.65 secs, 204888 evals, 204787 steps, improv/step: 0.124 (last = 0.0444), fitness=-25881430.396809459
2040.65 secs, 207895 evals, 207794 steps, improv/step: 0.123 (last = 0.0372), fitness=-25881431.918784127
2070.70 secs, 210802 evals, 210702 steps, improv/step: 0.122 (last = 0.0437), fitness=-25881433.867091887
2100.71 secs, 213677 evals, 213577 steps, improv/step: 0.121 (last = 0.0504), fitness=-25881438.666702501
2130.71 secs, 216434 evals, 216334 steps, improv/step: 0.120 (last = 0.0776), fitness=-25881443.797839358
2160.71 secs, 219098 evals, 218998 steps, improv/step: 0.120 (last = 0.0664), fitness=-25881448.923243918
2190.71 secs, 221723 evals, 221624 steps, improv/step: 0.119 (last = 0.0541), fitness=-25881456.761854254
2220.71 secs, 224458 evals, 224359 steps, improv/step: 0.118 (last = 0.0464), fitness=-25881462.845694400
2250.71 secs, 227188 evals, 227089 steps, improv/step: 0.117 (last = 0.0538), fitness=-25881468.993255850
2280.72 secs, 229865 evals, 229766 steps, improv/step: 0.117 (last = 0.0616), fitness=-25881473.776320413
2310.72 secs, 232553 evals, 232454 steps, improv/step: 0.116 (last = 0.0632), fitness=-25881479.693093047
2340.73 secs, 235224 evals, 235125 steps, improv/step: 0.115 (last = 0.0547), fitness=-25881481.494997874
2370.74 secs, 237924 evals, 237825 steps, improv/step: 0.115 (last = 0.0574), fitness=-25881483.721221417
2400.74 secs, 240625 evals, 240526 steps, improv/step: 0.114 (last = 0.0552), fitness=-25881485.919397160
2430.82 secs, 243191 evals, 243092 steps, improv/step: 0.113 (last = 0.0464), fitness=-25881488.083036844
2460.83 secs, 245919 evals, 245820 steps, improv/step: 0.113 (last = 0.0685), fitness=-25881488.975059886
2490.84 secs, 248588 evals, 248489 steps, improv/step: 0.112 (last = 0.0622), fitness=-25881490.589784563
2520.84 secs, 251274 evals, 251175 steps, improv/step: 0.112 (last = 0.0692), fitness=-25881492.938142363
2550.85 secs, 254094 evals, 253996 steps, improv/step: 0.111 (last = 0.0613), fitness=-25881497.424736667
2580.85 secs, 256836 evals, 256738 steps, improv/step: 0.111 (last = 0.0584), fitness=-25881498.995782092
2610.85 secs, 259447 evals, 259349 steps, improv/step: 0.110 (last = 0.0440), fitness=-25881504.245028622
2640.95 secs, 262131 evals, 262033 steps, improv/step: 0.109 (last = 0.0391), fitness=-25881509.060608141
2670.96 secs, 264819 evals, 264721 steps, improv/step: 0.109 (last = 0.0387), fitness=-25881510.549692780
2700.99 secs, 267411 evals, 267313 steps, improv/step: 0.108 (last = 0.0444), fitness=-25881514.719782453
2730.99 secs, 269967 evals, 269869 steps, improv/step: 0.107 (last = 0.0462), fitness=-25881516.658980548
2761.00 secs, 272743 evals, 272645 steps, improv/step: 0.107 (last = 0.0490), fitness=-25881522.983558841
2791.03 secs, 275514 evals, 275416 steps, improv/step: 0.106 (last = 0.0404), fitness=-25881524.710027944
2821.16 secs, 278060 evals, 277962 steps, improv/step: 0.106 (last = 0.0534), fitness=-25881529.929248191
2851.16 secs, 280684 evals, 280586 steps, improv/step: 0.105 (last = 0.0377), fitness=-25881531.270667799
2881.16 secs, 283357 evals, 283259 steps, improv/step: 0.104 (last = 0.0445), fitness=-25881536.229567274
2911.17 secs, 286053 evals, 285955 steps, improv/step: 0.104 (last = 0.0430), fitness=-25881540.560331702
2941.18 secs, 288592 evals, 288494 steps, improv/step: 0.103 (last = 0.0362), fitness=-25881548.405104153
2971.18 secs, 291238 evals, 291140 steps, improv/step: 0.103 (last = 0.0389), fitness=-25881554.033908676
3001.19 secs, 293959 evals, 293861 steps, improv/step: 0.102 (last = 0.0390), fitness=-25881561.829285990
3031.19 secs, 296626 evals, 296529 steps, improv/step: 0.101 (last = 0.0409), fitness=-25881572.875081051
3061.19 secs, 299292 evals, 299195 steps, improv/step: 0.101 (last = 0.0375), fitness=-25881586.549592786
3091.19 secs, 301870 evals, 301773 steps, improv/step: 0.100 (last = 0.0423), fitness=-25881591.893246390
3121.20 secs, 304606 evals, 304509 steps, improv/step: 0.100 (last = 0.0347), fitness=-25881604.447212316
3151.20 secs, 307312 evals, 307215 steps, improv/step: 0.099 (last = 0.0351), fitness=-25881608.399152458
3181.26 secs, 309973 evals, 309876 steps, improv/step: 0.099 (last = 0.0417), fitness=-25881614.996817563
3211.27 secs, 312617 evals, 312520 steps, improv/step: 0.098 (last = 0.0507), fitness=-25881617.847543009
3241.27 secs, 315323 evals, 315226 steps, improv/step: 0.098 (last = 0.0440), fitness=-25881620.876333587
3271.27 secs, 318105 evals, 318008 steps, improv/step: 0.098 (last = 0.0625), fitness=-25881625.110366341
3301.27 secs, 320973 evals, 320876 steps, improv/step: 0.097 (last = 0.0453), fitness=-25881628.146249071
3331.27 secs, 323743 evals, 323646 steps, improv/step: 0.097 (last = 0.0404), fitness=-25881632.073742408
3361.28 secs, 326601 evals, 326504 steps, improv/step: 0.096 (last = 0.0581), fitness=-25881635.027453333
3391.29 secs, 329445 evals, 329348 steps, improv/step: 0.096 (last = 0.0545), fitness=-25881638.781706825
3421.29 secs, 332324 evals, 332227 steps, improv/step: 0.096 (last = 0.0552), fitness=-25881640.855653424
3451.30 secs, 335109 evals, 335012 steps, improv/step: 0.095 (last = 0.0467), fitness=-25881643.474615529
3481.30 secs, 337948 evals, 337851 steps, improv/step: 0.095 (last = 0.0585), fitness=-25881644.455271326
3511.31 secs, 340783 evals, 340686 steps, improv/step: 0.095 (last = 0.0737), fitness=-25881647.482267007
3541.33 secs, 343470 evals, 343373 steps, improv/step: 0.095 (last = 0.0808), fitness=-25881649.283090234
3571.34 secs, 346171 evals, 346075 steps, improv/step: 0.094 (last = 0.0792), fitness=-25881650.419765834
3601.34 secs, 348928 evals, 348832 steps, improv/step: 0.094 (last = 0.0700), fitness=-25881652.245114893
3631.35 secs, 351809 evals, 351713 steps, improv/step: 0.094 (last = 0.0628), fitness=-25881655.046694942
3661.35 secs, 354840 evals, 354744 steps, improv/step: 0.094 (last = 0.0505), fitness=-25881661.179746792
3691.38 secs, 357699 evals, 357604 steps, improv/step: 0.093 (last = 0.0406), fitness=-25881663.970456656
3721.39 secs, 360550 evals, 360455 steps, improv/step: 0.093 (last = 0.0442), fitness=-25881671.081759468
3751.39 secs, 363372 evals, 363277 steps, improv/step: 0.092 (last = 0.0340), fitness=-25881672.795286164
3781.41 secs, 366329 evals, 366235 steps, improv/step: 0.092 (last = 0.0294), fitness=-25881680.019190870
3811.42 secs, 369202 evals, 369108 steps, improv/step: 0.091 (last = 0.0359), fitness=-25881684.571311034
3841.42 secs, 372204 evals, 372110 steps, improv/step: 0.091 (last = 0.0386), fitness=-25881685.981144615
3871.42 secs, 375121 evals, 375027 steps, improv/step: 0.091 (last = 0.0333), fitness=-25881688.997125451
3901.43 secs, 378057 evals, 377963 steps, improv/step: 0.090 (last = 0.0378), fitness=-25881690.707480118
3931.43 secs, 380848 evals, 380755 steps, improv/step: 0.090 (last = 0.0401), fitness=-25881692.475619495
3961.44 secs, 383698 evals, 383605 steps, improv/step: 0.089 (last = 0.0414), fitness=-25881696.243002251
3991.45 secs, 386626 evals, 386533 steps, improv/step: 0.089 (last = 0.0396), fitness=-25881698.769970920
4021.57 secs, 389537 evals, 389445 steps, improv/step: 0.089 (last = 0.0357), fitness=-25881703.968301930
4051.57 secs, 392433 evals, 392341 steps, improv/step: 0.088 (last = 0.0421), fitness=-25881708.445624020
4081.57 secs, 395395 evals, 395303 steps, improv/step: 0.088 (last = 0.0348), fitness=-25881709.859263368
4111.58 secs, 398379 evals, 398287 steps, improv/step: 0.087 (last = 0.0345), fitness=-25881713.275261872
4141.58 secs, 401172 evals, 401080 steps, improv/step: 0.087 (last = 0.0340), fitness=-25881714.605435159
4171.58 secs, 404009 evals, 403917 steps, improv/step: 0.087 (last = 0.0409), fitness=-25881719.397142492
4201.59 secs, 406925 evals, 406833 steps, improv/step: 0.086 (last = 0.0346), fitness=-25881721.898703679
4231.59 secs, 409784 evals, 409692 steps, improv/step: 0.086 (last = 0.0357), fitness=-25881725.197973534
4261.59 secs, 412684 evals, 412592 steps, improv/step: 0.086 (last = 0.0341), fitness=-25881729.754514039
4291.59 secs, 415621 evals, 415529 steps, improv/step: 0.085 (last = 0.0402), fitness=-25881734.486607291
4321.60 secs, 418474 evals, 418382 steps, improv/step: 0.085 (last = 0.0322), fitness=-25881736.316647191
4351.60 secs, 421161 evals, 421069 steps, improv/step: 0.085 (last = 0.0298), fitness=-25881737.409032084
4381.60 secs, 424035 evals, 423943 steps, improv/step: 0.084 (last = 0.0393), fitness=-25881741.822458722
4411.67 secs, 426856 evals, 426764 steps, improv/step: 0.084 (last = 0.0425), fitness=-25881741.822458722
4441.68 secs, 429701 evals, 429609 steps, improv/step: 0.084 (last = 0.0397), fitness=-25881745.198755160
4471.68 secs, 432480 evals, 432388 steps, improv/step: 0.083 (last = 0.0356), fitness=-25881747.458872139
4501.70 secs, 435428 evals, 435336 steps, improv/step: 0.083 (last = 0.0299), fitness=-25881750.262887631
4531.73 secs, 438371 evals, 438279 steps, improv/step: 0.083 (last = 0.0323), fitness=-25881754.642897122
4561.75 secs, 441331 evals, 441239 steps, improv/step: 0.082 (last = 0.0358), fitness=-25881755.974694245
4591.75 secs, 444213 evals, 444121 steps, improv/step: 0.082 (last = 0.0416), fitness=-25881757.832038000
4621.77 secs, 447078 evals, 446986 steps, improv/step: 0.082 (last = 0.0328), fitness=-25881760.271548711
4651.77 secs, 450064 evals, 449972 steps, improv/step: 0.082 (last = 0.0395), fitness=-25881763.286454018
4681.77 secs, 452963 evals, 452872 steps, improv/step: 0.081 (last = 0.0386), fitness=-25881764.851875484
4711.79 secs, 455860 evals, 455769 steps, improv/step: 0.081 (last = 0.0456), fitness=-25881769.712372072
4741.80 secs, 458695 evals, 458604 steps, improv/step: 0.081 (last = 0.0480), fitness=-25881771.206616774
4771.89 secs, 461518 evals, 461427 steps, improv/step: 0.081 (last = 0.0446), fitness=-25881772.989233263
4801.97 secs, 464429 evals, 464338 steps, improv/step: 0.080 (last = 0.0423), fitness=-25881774.015840262
4831.98 secs, 467444 evals, 467353 steps, improv/step: 0.080 (last = 0.0428), fitness=-25881774.603265032
4861.98 secs, 470353 evals, 470262 steps, improv/step: 0.080 (last = 0.0433), fitness=-25881776.687641121
4891.99 secs, 473227 evals, 473136 steps, improv/step: 0.080 (last = 0.0456), fitness=-25881777.874012910
4921.99 secs, 476192 evals, 476101 steps, improv/step: 0.080 (last = 0.0438), fitness=-25881779.224877805
4951.99 secs, 479216 evals, 479125 steps, improv/step: 0.079 (last = 0.0423), fitness=-25881781.456327893
4982.00 secs, 482080 evals, 481989 steps, improv/step: 0.079 (last = 0.0311), fitness=-25881782.172102563
5012.00 secs, 485032 evals, 484941 steps, improv/step: 0.079 (last = 0.0298), fitness=-25881783.297189068
5042.01 secs, 487939 evals, 487848 steps, improv/step: 0.078 (last = 0.0341), fitness=-25881785.488135323
5072.01 secs, 490819 evals, 490728 steps, improv/step: 0.078 (last = 0.0347), fitness=-25881788.509033076
5102.02 secs, 493592 evals, 493501 steps, improv/step: 0.078 (last = 0.0328), fitness=-25881788.509033076
5132.04 secs, 496272 evals, 496181 steps, improv/step: 0.078 (last = 0.0347), fitness=-25881790.488022216
5162.05 secs, 498953 evals, 498862 steps, improv/step: 0.078 (last = 0.0470), fitness=-25881794.007088616
5192.05 secs, 501676 evals, 501585 steps, improv/step: 0.077 (last = 0.0320), fitness=-25881795.595995791
5222.06 secs, 504379 evals, 504288 steps, improv/step: 0.077 (last = 0.0370), fitness=-25881799.284952872
5252.07 secs, 507161 evals, 507071 steps, improv/step: 0.077 (last = 0.0331), fitness=-25881801.304005418
5282.07 secs, 509885 evals, 509796 steps, improv/step: 0.077 (last = 0.0283), fitness=-25881804.490677197
5312.07 secs, 512557 evals, 512468 steps, improv/step: 0.076 (last = 0.0326), fitness=-25881805.759946451
5342.08 secs, 515365 evals, 515276 steps, improv/step: 0.076 (last = 0.0296), fitness=-25881810.443376716
5372.09 secs, 518092 evals, 518003 steps, improv/step: 0.076 (last = 0.0345), fitness=-25881812.097147468
5402.09 secs, 520822 evals, 520733 steps, improv/step: 0.076 (last = 0.0403), fitness=-25881813.082773905
5432.10 secs, 523720 evals, 523631 steps, improv/step: 0.075 (last = 0.0345), fitness=-25881815.018936317
5462.10 secs, 526373 evals, 526284 steps, improv/step: 0.075 (last = 0.0275), fitness=-25881817.579805531
5492.11 secs, 529166 evals, 529077 steps, improv/step: 0.075 (last = 0.0308), fitness=-25881819.987099916
5522.17 secs, 531954 evals, 531865 steps, improv/step: 0.075 (last = 0.0344), fitness=-25881821.222808436
5552.17 secs, 534699 evals, 534610 steps, improv/step: 0.075 (last = 0.0390), fitness=-25881823.326523401
5582.20 secs, 537349 evals, 537260 steps, improv/step: 0.074 (last = 0.0366), fitness=-25881823.933467150
5612.24 secs, 540085 evals, 539996 steps, improv/step: 0.074 (last = 0.0398), fitness=-25881824.528857276
5642.24 secs, 542796 evals, 542707 steps, improv/step: 0.074 (last = 0.0387), fitness=-25881825.331087735
5672.26 secs, 545700 evals, 545611 steps, improv/step: 0.074 (last = 0.0324), fitness=-25881825.845621437
5702.27 secs, 548579 evals, 548490 steps, improv/step: 0.074 (last = 0.0420), fitness=-25881826.670966268
5732.27 secs, 551474 evals, 551385 steps, improv/step: 0.073 (last = 0.0287), fitness=-25881827.813329499
5762.28 secs, 554408 evals, 554320 steps, improv/step: 0.073 (last = 0.0429), fitness=-25881829.061366256
5792.35 secs, 557238 evals, 557150 steps, improv/step: 0.073 (last = 0.0353), fitness=-25881829.110915016
5822.36 secs, 560201 evals, 560113 steps, improv/step: 0.073 (last = 0.0364), fitness=-25881830.189001605
5852.36 secs, 563197 evals, 563109 steps, improv/step: 0.073 (last = 0.0354), fitness=-25881830.976033933
5882.37 secs, 566179 evals, 566091 steps, improv/step: 0.072 (last = 0.0339), fitness=-25881832.470639400
5912.38 secs, 569067 evals, 568980 steps, improv/step: 0.072 (last = 0.0412), fitness=-25881832.470639400
5942.38 secs, 571934 evals, 571847 steps, improv/step: 0.072 (last = 0.0321), fitness=-25881833.181300368
5972.38 secs, 574791 evals, 574704 steps, improv/step: 0.072 (last = 0.0399), fitness=-25881834.690545738
6002.38 secs, 577661 evals, 577574 steps, improv/step: 0.072 (last = 0.0436), fitness=-25881835.402938183
6032.39 secs, 580609 evals, 580522 steps, improv/step: 0.072 (last = 0.0295), fitness=-25881835.956565689
6062.39 secs, 583472 evals, 583386 steps, improv/step: 0.071 (last = 0.0297), fitness=-25881836.357226256
6092.40 secs, 586264 evals, 586178 steps, improv/step: 0.071 (last = 0.0337), fitness=-25881836.823605448
6122.40 secs, 589098 evals, 589012 steps, improv/step: 0.071 (last = 0.0254), fitness=-25881837.491575949
6152.41 secs, 591936 evals, 591850 steps, improv/step: 0.071 (last = 0.0264), fitness=-25881837.899862871
6182.48 secs, 594740 evals, 594654 steps, improv/step: 0.071 (last = 0.0289), fitness=-25881838.579305179
6212.48 secs, 597503 evals, 597417 steps, improv/step: 0.070 (last = 0.0293), fitness=-25881839.240221702
6242.49 secs, 600389 evals, 600303 steps, improv/step: 0.070 (last = 0.0333), fitness=-25881840.556894325
6272.49 secs, 603382 evals, 603296 steps, improv/step: 0.070 (last = 0.0247), fitness=-25881840.556894325
6302.58 secs, 606377 evals, 606291 steps, improv/step: 0.070 (last = 0.0290), fitness=-25881840.772383846
6332.60 secs, 609384 evals, 609298 steps, improv/step: 0.070 (last = 0.0422), fitness=-25881842.949763123
6362.60 secs, 612268 evals, 612182 steps, improv/step: 0.069 (last = 0.0291), fitness=-25881843.067544360
6392.61 secs, 615100 evals, 615014 steps, improv/step: 0.069 (last = 0.0258), fitness=-25881844.109619197
6422.61 secs, 617967 evals, 617882 steps, improv/step: 0.069 (last = 0.0265), fitness=-25881844.638836298
6452.61 secs, 620936 evals, 620851 steps, improv/step: 0.069 (last = 0.0229), fitness=-25881844.688225836
6482.79 secs, 623792 evals, 623707 steps, improv/step: 0.069 (last = 0.0214), fitness=-25881845.220275193
6512.79 secs, 626571 evals, 626486 steps, improv/step: 0.068 (last = 0.0299), fitness=-25881846.039967246
6542.81 secs, 629389 evals, 629305 steps, improv/step: 0.068 (last = 0.0270), fitness=-25881846.155314617
6572.83 secs, 632267 evals, 632183 steps, improv/step: 0.068 (last = 0.0257), fitness=-25881846.245337918
6602.83 secs, 635146 evals, 635062 steps, improv/step: 0.068 (last = 0.0212), fitness=-25881846.884419952
6632.84 secs, 638190 evals, 638106 steps, improv/step: 0.068 (last = 0.0217), fitness=-25881846.925703526
6662.84 secs, 641019 evals, 640936 steps, improv/step: 0.067 (last = 0.0219), fitness=-25881847.096202016
6692.85 secs, 643842 evals, 643759 steps, improv/step: 0.067 (last = 0.0294), fitness=-25881847.337457340
6722.87 secs, 646717 evals, 646634 steps, improv/step: 0.067 (last = 0.0205), fitness=-25881847.755392291
6752.88 secs, 649721 evals, 649638 steps, improv/step: 0.067 (last = 0.0276), fitness=-25881848.084978338
6782.89 secs, 652637 evals, 652554 steps, improv/step: 0.067 (last = 0.0288), fitness=-25881848.671587534
6812.89 secs, 655543 evals, 655461 steps, improv/step: 0.067 (last = 0.0279), fitness=-25881848.769139387
6842.90 secs, 658441 evals, 658359 steps, improv/step: 0.066 (last = 0.0359), fitness=-25881849.231502373
6872.91 secs, 661380 evals, 661298 steps, improv/step: 0.066 (last = 0.0350), fitness=-25881849.983178891
6902.91 secs, 664307 evals, 664225 steps, improv/step: 0.066 (last = 0.0246), fitness=-25881850.515574466
6932.92 secs, 667288 evals, 667206 steps, improv/step: 0.066 (last = 0.0191), fitness=-25881850.799558081
6962.93 secs, 670232 evals, 670150 steps, improv/step: 0.066 (last = 0.0238), fitness=-25881851.471943032
6992.93 secs, 673154 evals, 673072 steps, improv/step: 0.065 (last = 0.0233), fitness=-25881851.688406125
7022.93 secs, 675972 evals, 675890 steps, improv/step: 0.065 (last = 0.0227), fitness=-25881852.390360847
7052.94 secs, 678931 evals, 678851 steps, improv/step: 0.065 (last = 0.0257), fitness=-25881852.785470583
7082.94 secs, 681782 evals, 681702 steps, improv/step: 0.065 (last = 0.0260), fitness=-25881853.547010936
7112.94 secs, 684757 evals, 684677 steps, improv/step: 0.065 (last = 0.0235), fitness=-25881854.179696422
7142.95 secs, 687777 evals, 687697 steps, improv/step: 0.065 (last = 0.0162), fitness=-25881854.371674832
7172.95 secs, 690767 evals, 690688 steps, improv/step: 0.064 (last = 0.0231), fitness=-25881854.979669403
7202.96 secs, 693783 evals, 693704 steps, improv/step: 0.064 (last = 0.0199), fitness=-25881855.033647791
7233.05 secs, 696785 evals, 696707 steps, improv/step: 0.064 (last = 0.0183), fitness=-25881855.295389723
7263.06 secs, 699737 evals, 699659 steps, improv/step: 0.064 (last = 0.0234), fitness=-25881855.666500356
7293.06 secs, 702542 evals, 702465 steps, improv/step: 0.064 (last = 0.0282), fitness=-25881856.053953744
7323.08 secs, 705509 evals, 705433 steps, improv/step: 0.064 (last = 0.0263), fitness=-25881856.331437394
7353.08 secs, 708387 evals, 708311 steps, improv/step: 0.063 (last = 0.0281), fitness=-25881856.562773235
7383.08 secs, 711313 evals, 711237 steps, improv/step: 0.063 (last = 0.0263), fitness=-25881857.117716771
7413.09 secs, 714303 evals, 714228 steps, improv/step: 0.063 (last = 0.0304), fitness=-25881857.148270357
7443.10 secs, 717254 evals, 717179 steps, improv/step: 0.063 (last = 0.0251), fitness=-25881857.423427127
7473.10 secs, 720188 evals, 720113 steps, improv/step: 0.063 (last = 0.0249), fitness=-25881857.756207727
7503.10 secs, 723132 evals, 723057 steps, improv/step: 0.063 (last = 0.0316), fitness=-25881857.878057241
7533.11 secs, 726061 evals, 725986 steps, improv/step: 0.063 (last = 0.0294), fitness=-25881858.113699351
7563.11 secs, 729058 evals, 728983 steps, improv/step: 0.062 (last = 0.0310), fitness=-25881858.499111626
7593.11 secs, 732074 evals, 731999 steps, improv/step: 0.062 (last = 0.0232), fitness=-25881858.801653065
7623.13 secs, 735030 evals, 734955 steps, improv/step: 0.062 (last = 0.0244), fitness=-25881859.099970646
7653.15 secs, 738003 evals, 737928 steps, improv/step: 0.062 (last = 0.0276), fitness=-25881859.302012138
7683.15 secs, 740931 evals, 740856 steps, improv/step: 0.062 (last = 0.0232), fitness=-25881859.441791154
7713.16 secs, 743878 evals, 743803 steps, improv/step: 0.062 (last = 0.0271), fitness=-25881859.676139753
7743.16 secs, 746732 evals, 746657 steps, improv/step: 0.062 (last = 0.0308), fitness=-25881859.950934350
7773.16 secs, 749618 evals, 749543 steps, improv/step: 0.061 (last = 0.0419), fitness=-25881860.868408103
7803.17 secs, 752603 evals, 752528 steps, improv/step: 0.061 (last = 0.0325), fitness=-25881861.173982695
7833.18 secs, 755522 evals, 755448 steps, improv/step: 0.061 (last = 0.0257), fitness=-25881861.789681349
7863.18 secs, 758458 evals, 758385 steps, improv/step: 0.061 (last = 0.0266), fitness=-25881861.920294501
7893.19 secs, 761545 evals, 761472 steps, improv/step: 0.061 (last = 0.0298), fitness=-25881862.340963095
7923.21 secs, 764424 evals, 764351 steps, improv/step: 0.061 (last = 0.0271), fitness=-25881862.411949251
7953.21 secs, 767289 evals, 767216 steps, improv/step: 0.061 (last = 0.0307), fitness=-25881863.278261032
7983.21 secs, 770168 evals, 770095 steps, improv/step: 0.061 (last = 0.0191), fitness=-25881863.278261032
8013.22 secs, 773115 evals, 773042 steps, improv/step: 0.060 (last = 0.0217), fitness=-25881863.278261032
8043.23 secs, 776025 evals, 775952 steps, improv/step: 0.060 (last = 0.0292), fitness=-25881863.504286192
8073.23 secs, 778990 evals, 778917 steps, improv/step: 0.060 (last = 0.0327), fitness=-25881864.005989641
8103.23 secs, 781790 evals, 781717 steps, improv/step: 0.060 (last = 0.0300), fitness=-25881864.171667464
8133.23 secs, 784565 evals, 784492 steps, improv/step: 0.060 (last = 0.0245), fitness=-25881864.326180726
8163.24 secs, 787486 evals, 787414 steps, improv/step: 0.060 (last = 0.0352), fitness=-25881864.553338394
8193.24 secs, 790406 evals, 790335 steps, improv/step: 0.060 (last = 0.0270), fitness=-25881864.749936815
8223.24 secs, 793175 evals, 793104 steps, improv/step: 0.060 (last = 0.0260), fitness=-25881864.883325987
8253.24 secs, 796069 evals, 795999 steps, improv/step: 0.060 (last = 0.0373), fitness=-25881864.952407263
8283.25 secs, 798991 evals, 798922 steps, improv/step: 0.059 (last = 0.0263), fitness=-25881865.107079349
8313.26 secs, 801864 evals, 801795 steps, improv/step: 0.059 (last = 0.0265), fitness=-25881865.264522906
8343.26 secs, 804750 evals, 804681 steps, improv/step: 0.059 (last = 0.0340), fitness=-25881865.481631830
8373.29 secs, 807690 evals, 807622 steps, improv/step: 0.059 (last = 0.0374), fitness=-25881865.504751615
8403.29 secs, 810515 evals, 810447 steps, improv/step: 0.059 (last = 0.0273), fitness=-25881865.545361977
8433.32 secs, 813489 evals, 813422 steps, improv/step: 0.059 (last = 0.0356), fitness=-25881865.588238731
8463.32 secs, 816373 evals, 816306 steps, improv/step: 0.059 (last = 0.0361), fitness=-25881865.626631852
8493.33 secs, 819156 evals, 819090 steps, improv/step: 0.059 (last = 0.0280), fitness=-25881865.680308405
8523.37 secs, 822016 evals, 821950 steps, improv/step: 0.059 (last = 0.0311), fitness=-25881865.720464136
8553.37 secs, 824869 evals, 824804 steps, improv/step: 0.059 (last = 0.0277), fitness=-25881865.735929430
8583.38 secs, 827792 evals, 827727 steps, improv/step: 0.058 (last = 0.0304), fitness=-25881865.766204618
8613.38 secs, 830786 evals, 830721 steps, improv/step: 0.058 (last = 0.0297), fitness=-25881865.800633274
8643.39 secs, 833635 evals, 833571 steps, improv/step: 0.058 (last = 0.0204), fitness=-25881865.813048672
8673.40 secs, 836494 evals, 836430 steps, improv/step: 0.058 (last = 0.0245), fitness=-25881865.848009553
8703.40 secs, 839335 evals, 839271 steps, improv/step: 0.058 (last = 0.0232), fitness=-25881865.883321218
8733.40 secs, 842258 evals, 842194 steps, improv/step: 0.058 (last = 0.0308), fitness=-25881865.947998244
8763.40 secs, 845136 evals, 845072 steps, improv/step: 0.058 (last = 0.0240), fitness=-25881866.005857952
8793.41 secs, 848109 evals, 848047 steps, improv/step: 0.058 (last = 0.0306), fitness=-25881866.121911731
8823.42 secs, 851017 evals, 850955 steps, improv/step: 0.058 (last = 0.0251), fitness=-25881866.123177003
8853.43 secs, 853977 evals, 853915 steps, improv/step: 0.057 (last = 0.0260), fitness=-25881866.139202259
8883.44 secs, 857019 evals, 856957 steps, improv/step: 0.057 (last = 0.0296), fitness=-25881866.230414204
8913.45 secs, 859897 evals, 859835 steps, improv/step: 0.057 (last = 0.0264), fitness=-25881866.232710365
8943.46 secs, 862841 evals, 862779 steps, improv/step: 0.057 (last = 0.0248), fitness=-25881866.348019395
8973.46 secs, 865802 evals, 865741 steps, improv/step: 0.057 (last = 0.0246), fitness=-25881866.382202722
9003.47 secs, 868802 evals, 868741 steps, improv/step: 0.057 (last = 0.0237), fitness=-25881866.395516247
9033.47 secs, 871691 evals, 871631 steps, improv/step: 0.057 (last = 0.0208), fitness=-25881866.458952837
9063.61 secs, 874685 evals, 874627 steps, improv/step: 0.057 (last = 0.0174), fitness=-25881866.478478841
9093.61 secs, 877632 evals, 877576 steps, improv/step: 0.057 (last = 0.0217), fitness=-25881866.519067273
9123.62 secs, 880535 evals, 880479 steps, improv/step: 0.056 (last = 0.0217), fitness=-25881866.561841160
9153.63 secs, 883480 evals, 883424 steps, improv/step: 0.056 (last = 0.0211), fitness=-25881866.600160286
9183.63 secs, 886420 evals, 886364 steps, improv/step: 0.056 (last = 0.0238), fitness=-25881866.607370801
9213.63 secs, 889350 evals, 889294 steps, improv/step: 0.056 (last = 0.0256), fitness=-25881866.641182747
9243.64 secs, 892341 evals, 892286 steps, improv/step: 0.056 (last = 0.0214), fitness=-25881866.656097941
9273.64 secs, 895303 evals, 895248 steps, improv/step: 0.056 (last = 0.0179), fitness=-25881866.682291258
9303.64 secs, 898298 evals, 898243 steps, improv/step: 0.056 (last = 0.0207), fitness=-25881866.705173507
9333.64 secs, 901213 evals, 901158 steps, improv/step: 0.056 (last = 0.0172), fitness=-25881866.725886602
9363.67 secs, 904131 evals, 904076 steps, improv/step: 0.056 (last = 0.0264), fitness=-25881866.754803509
9393.68 secs, 906949 evals, 906894 steps, improv/step: 0.055 (last = 0.0181), fitness=-25881866.754803509
9423.68 secs, 909807 evals, 909752 steps, improv/step: 0.055 (last = 0.0203), fitness=-25881866.790235981
9453.69 secs, 912654 evals, 912599 steps, improv/step: 0.055 (last = 0.0200), fitness=-25881866.795222983
9483.70 secs, 915590 evals, 915535 steps, improv/step: 0.055 (last = 0.0218), fitness=-25881866.818297505
9513.70 secs, 918440 evals, 918385 steps, improv/step: 0.055 (last = 0.0291), fitness=-25881866.833753888
9543.71 secs, 921262 evals, 921208 steps, improv/step: 0.055 (last = 0.0198), fitness=-25881866.840281118
9573.71 secs, 924116 evals, 924063 steps, improv/step: 0.055 (last = 0.0277), fitness=-25881866.848331086
9603.71 secs, 926962 evals, 926909 steps, improv/step: 0.055 (last = 0.0288), fitness=-25881866.861316867
9633.72 secs, 929813 evals, 929761 steps, improv/step: 0.055 (last = 0.0259), fitness=-25881866.869524665
9663.79 secs, 932739 evals, 932687 steps, improv/step: 0.055 (last = 0.0222), fitness=-25881866.893980883
9693.80 secs, 935688 evals, 935637 steps, improv/step: 0.054 (last = 0.0200), fitness=-25881866.905181527
9723.80 secs, 938729 evals, 938678 steps, improv/step: 0.054 (last = 0.0263), fitness=-25881866.928968150
9753.81 secs, 941718 evals, 941667 steps, improv/step: 0.054 (last = 0.0211), fitness=-25881866.940213360
9783.81 secs, 944659 evals, 944608 steps, improv/step: 0.054 (last = 0.0211), fitness=-25881866.946795024
9813.82 secs, 947509 evals, 947458 steps, improv/step: 0.054 (last = 0.0221), fitness=-25881866.951060109
9843.82 secs, 950326 evals, 950275 steps, improv/step: 0.054 (last = 0.0153), fitness=-25881866.966476433
9873.83 secs, 953207 evals, 953158 steps, improv/step: 0.054 (last = 0.0243), fitness=-25881866.993816148
9903.83 secs, 956053 evals, 956004 steps, improv/step: 0.054 (last = 0.0179), fitness=-25881866.993816148
9933.84 secs, 958955 evals, 958906 steps, improv/step: 0.054 (last = 0.0203), fitness=-25881867.010438021
9963.85 secs, 961842 evals, 961794 steps, improv/step: 0.053 (last = 0.0166), fitness=-25881867.017580140
9993.85 secs, 964723 evals, 964675 steps, improv/step: 0.053 (last = 0.0180), fitness=-25881867.017580140
10023.85 secs, 967628 evals, 967580 steps, improv/step: 0.053 (last = 0.0196), fitness=-25881867.029033601
10053.86 secs, 970584 evals, 970536 steps, improv/step: 0.053 (last = 0.0118), fitness=-25881867.029967941
10083.86 secs, 973530 evals, 973483 steps, improv/step: 0.053 (last = 0.0129), fitness=-25881867.035156183
10113.87 secs, 976488 evals, 976441 steps, improv/step: 0.053 (last = 0.0183), fitness=-25881867.039681278
10143.87 secs, 979327 evals, 979280 steps, improv/step: 0.053 (last = 0.0127), fitness=-25881867.041757852
10173.87 secs, 982164 evals, 982117 steps, improv/step: 0.053 (last = 0.0141), fitness=-25881867.045404430
10204.01 secs, 985147 evals, 985100 steps, improv/step: 0.053 (last = 0.0168), fitness=-25881867.052558057
10234.01 secs, 987935 evals, 987888 steps, improv/step: 0.052 (last = 0.0172), fitness=-25881867.053119004
10264.01 secs, 990730 evals, 990683 steps, improv/step: 0.052 (last = 0.0168), fitness=-25881867.055726375
10294.02 secs, 993539 evals, 993492 steps, improv/step: 0.052 (last = 0.0182), fitness=-25881867.056303602
10324.04 secs, 996408 evals, 996362 steps, improv/step: 0.052 (last = 0.0181), fitness=-25881867.057828214
10354.06 secs, 999284 evals, 999239 steps, improv/step: 0.052 (last = 0.0229), fitness=-25881867.059467431
10384.12 secs, 1002160 evals, 1002115 steps, improv/step: 0.052 (last = 0.0233), fitness=-25881867.062662348
10414.13 secs, 1005067 evals, 1005022 steps, improv/step: 0.052 (last = 0.0234), fitness=-25881867.063789859
10444.18 secs, 1007991 evals, 1007946 steps, improv/step: 0.052 (last = 0.0209), fitness=-25881867.064534277
10474.19 secs, 1010938 evals, 1010893 steps, improv/step: 0.052 (last = 0.0187), fitness=-25881867.065048736
10504.19 secs, 1013812 evals, 1013768 steps, improv/step: 0.052 (last = 0.0205), fitness=-25881867.065803044
10534.20 secs, 1016706 evals, 1016663 steps, improv/step: 0.052 (last = 0.0197), fitness=-25881867.066827573
10564.20 secs, 1019706 evals, 1019664 steps, improv/step: 0.051 (last = 0.0193), fitness=-25881867.067066673
10594.21 secs, 1022669 evals, 1022629 steps, improv/step: 0.051 (last = 0.0196), fitness=-25881867.067239791
10624.22 secs, 1025600 evals, 1025561 steps, improv/step: 0.051 (last = 0.0211), fitness=-25881867.068183329
10654.23 secs, 1028539 evals, 1028501 steps, improv/step: 0.051 (last = 0.0231), fitness=-25881867.068546161
10684.23 secs, 1031428 evals, 1031392 steps, improv/step: 0.051 (last = 0.0336), fitness=-25881867.069110762
10714.23 secs, 1034248 evals, 1034212 steps, improv/step: 0.051 (last = 0.0223), fitness=-25881867.069199540
10744.27 secs, 1037156 evals, 1037120 steps, improv/step: 0.051 (last = 0.0179), fitness=-25881867.069369704
10774.33 secs, 1040050 evals, 1040014 steps, improv/step: 0.051 (last = 0.0187), fitness=-25881867.069641449
10804.33 secs, 1042922 evals, 1042887 steps, improv/step: 0.051 (last = 0.0164), fitness=-25881867.069805145
10834.34 secs, 1045794 evals, 1045759 steps, improv/step: 0.051 (last = 0.0198), fitness=-25881867.069998447
10864.34 secs, 1048595 evals, 1048560 steps, improv/step: 0.051 (last = 0.0175), fitness=-25881867.070128284
10894.35 secs, 1051466 evals, 1051431 steps, improv/step: 0.051 (last = 0.0293), fitness=-25881867.070278786
10924.36 secs, 1054374 evals, 1054339 steps, improv/step: 0.051 (last = 0.0275), fitness=-25881867.070415754
10954.36 secs, 1057129 evals, 1057095 steps, improv/step: 0.050 (last = 0.0229), fitness=-25881867.070518762
10984.37 secs, 1059992 evals, 1059960 steps, improv/step: 0.050 (last = 0.0199), fitness=-25881867.070742518
11014.38 secs, 1062892 evals, 1062860 steps, improv/step: 0.050 (last = 0.0186), fitness=-25881867.070742518
11044.39 secs, 1065751 evals, 1065719 steps, improv/step: 0.050 (last = 0.0199), fitness=-25881867.070771407
11074.39 secs, 1068734 evals, 1068702 steps, improv/step: 0.050 (last = 0.0164), fitness=-25881867.070848957
11104.39 secs, 1071740 evals, 1071708 steps, improv/step: 0.050 (last = 0.0163), fitness=-25881867.071080759
11134.39 secs, 1074596 evals, 1074564 steps, improv/step: 0.050 (last = 0.0263), fitness=-25881867.071080759
11164.41 secs, 1077537 evals, 1077505 steps, improv/step: 0.050 (last = 0.0201), fitness=-25881867.071155086
11194.42 secs, 1080477 evals, 1080446 steps, improv/step: 0.050 (last = 0.0177), fitness=-25881867.071273744
11224.42 secs, 1083355 evals, 1083324 steps, improv/step: 0.050 (last = 0.0219), fitness=-25881867.071422555
11254.54 secs, 1086140 evals, 1086109 steps, improv/step: 0.050 (last = 0.0219), fitness=-25881867.071422555
11284.54 secs, 1088992 evals, 1088961 steps, improv/step: 0.050 (last = 0.0168), fitness=-25881867.071503229
11314.55 secs, 1091837 evals, 1091806 steps, improv/step: 0.049 (last = 0.0218), fitness=-25881867.071566265
11344.55 secs, 1094695 evals, 1094664 steps, improv/step: 0.049 (last = 0.0224), fitness=-25881867.071680337
11374.55 secs, 1097578 evals, 1097548 steps, improv/step: 0.049 (last = 0.0212), fitness=-25881867.071716219
11404.55 secs, 1100407 evals, 1100377 steps, improv/step: 0.049 (last = 0.0163), fitness=-25881867.071871791
11434.56 secs, 1103367 evals, 1103337 steps, improv/step: 0.049 (last = 0.0189), fitness=-25881867.071902771
11464.57 secs, 1106319 evals, 1106289 steps, improv/step: 0.049 (last = 0.0247), fitness=-25881867.071990844
11494.57 secs, 1109404 evals, 1109375 steps, improv/step: 0.049 (last = 0.0198), fitness=-25881867.072078194
11524.57 secs, 1112317 evals, 1112288 steps, improv/step: 0.049 (last = 0.0158), fitness=-25881867.072078194
11554.57 secs, 1115113 evals, 1115084 steps, improv/step: 0.049 (last = 0.0157), fitness=-25881867.072078194
11584.60 secs, 1117896 evals, 1117867 steps, improv/step: 0.049 (last = 0.0176), fitness=-25881867.072109684
11614.61 secs, 1120794 evals, 1120766 steps, improv/step: 0.049 (last = 0.0159), fitness=-25881867.072138473
11644.61 secs, 1123604 evals, 1123577 steps, improv/step: 0.049 (last = 0.0164), fitness=-25881867.072156698
11674.62 secs, 1126556 evals, 1126529 steps, improv/step: 0.049 (last = 0.0169), fitness=-25881867.072172455
11704.63 secs, 1129394 evals, 1129367 steps, improv/step: 0.048 (last = 0.0155), fitness=-25881867.072196968
11734.64 secs, 1132306 evals, 1132279 steps, improv/step: 0.048 (last = 0.0168), fitness=-25881867.072217777
11764.84 secs, 1135342 evals, 1135316 steps, improv/step: 0.048 (last = 0.0138), fitness=-25881867.072273776
11794.84 secs, 1138208 evals, 1138182 steps, improv/step: 0.048 (last = 0.0167), fitness=-25881867.072288688
11824.84 secs, 1141201 evals, 1141175 steps, improv/step: 0.048 (last = 0.0261), fitness=-25881867.072327051
11854.84 secs, 1144039 evals, 1144013 steps, improv/step: 0.048 (last = 0.0271), fitness=-25881867.072363671
11884.85 secs, 1147017 evals, 1146993 steps, improv/step: 0.048 (last = 0.0268), fitness=-25881867.072398715
11914.88 secs, 1149964 evals, 1149940 steps, improv/step: 0.048 (last = 0.0271), fitness=-25881867.072439704
11944.88 secs, 1152797 evals, 1152773 steps, improv/step: 0.048 (last = 0.0205), fitness=-25881867.072510425
11974.89 secs, 1155629 evals, 1155606 steps, improv/step: 0.048 (last = 0.0258), fitness=-25881867.072558939
12004.90 secs, 1158405 evals, 1158382 steps, improv/step: 0.048 (last = 0.0202), fitness=-25881867.072603602
12034.90 secs, 1161216 evals, 1161193 steps, improv/step: 0.048 (last = 0.0267), fitness=-25881867.072638832
12064.92 secs, 1164043 evals, 1164020 steps, improv/step: 0.048 (last = 0.0297), fitness=-25881867.072673880
12095.02 secs, 1166948 evals, 1166925 steps, improv/step: 0.048 (last = 0.0217), fitness=-25881867.072732061
12125.02 secs, 1169778 evals, 1169755 steps, improv/step: 0.048 (last = 0.0240), fitness=-25881867.072740637
12155.03 secs, 1172642 evals, 1172619 steps, improv/step: 0.048 (last = 0.0203), fitness=-25881867.072801977
12185.03 secs, 1175530 evals, 1175507 steps, improv/step: 0.047 (last = 0.0170), fitness=-25881867.072819449
12215.03 secs, 1178427 evals, 1178404 steps, improv/step: 0.047 (last = 0.0211), fitness=-25881867.072879337
12245.03 secs, 1181208 evals, 1181185 steps, improv/step: 0.047 (last = 0.0191), fitness=-25881867.072907872
12275.04 secs, 1184089 evals, 1184067 steps, improv/step: 0.047 (last = 0.0222), fitness=-25881867.072990257
12305.05 secs, 1187015 evals, 1186993 steps, improv/step: 0.047 (last = 0.0154), fitness=-25881867.073044926
12335.05 secs, 1190039 evals, 1190017 steps, improv/step: 0.047 (last = 0.0192), fitness=-25881867.073133342
12365.06 secs, 1193030 evals, 1193011 steps, improv/step: 0.047 (last = 0.0167), fitness=-25881867.073133342
12395.06 secs, 1196006 evals, 1195987 steps, improv/step: 0.047 (last = 0.0188), fitness=-25881867.073160306
12425.07 secs, 1198778 evals, 1198760 steps, improv/step: 0.047 (last = 0.0155), fitness=-25881867.073197536
12455.07 secs, 1201623 evals, 1201605 steps, improv/step: 0.047 (last = 0.0144), fitness=-25881867.073287167
12485.07 secs, 1204356 evals, 1204338 steps, improv/step: 0.047 (last = 0.0157), fitness=-25881867.073289528
12515.08 secs, 1207221 evals, 1207205 steps, improv/step: 0.047 (last = 0.0164), fitness=-25881867.073334783
12545.08 secs, 1210061 evals, 1210045 steps, improv/step: 0.047 (last = 0.0289), fitness=-25881867.073463924
12575.09 secs, 1212830 evals, 1212814 steps, improv/step: 0.047 (last = 0.0152), fitness=-25881867.073519342
12605.14 secs, 1215662 evals, 1215646 steps, improv/step: 0.046 (last = 0.0169), fitness=-25881867.073519342
12635.15 secs, 1218491 evals, 1218476 steps, improv/step: 0.046 (last = 0.0208), fitness=-25881867.073526818
12665.15 secs, 1221403 evals, 1221389 steps, improv/step: 0.046 (last = 0.0233), fitness=-25881867.073587406
12695.15 secs, 1224382 evals, 1224368 steps, improv/step: 0.046 (last = 0.0222), fitness=-25881867.073638983
12725.16 secs, 1227272 evals, 1227258 steps, improv/step: 0.046 (last = 0.0201), fitness=-25881867.073643513
12755.16 secs, 1230180 evals, 1230167 steps, improv/step: 0.046 (last = 0.0193), fitness=-25881867.073681220
12785.17 secs, 1233207 evals, 1233194 steps, improv/step: 0.046 (last = 0.0202), fitness=-25881867.073714860
12815.23 secs, 1236190 evals, 1236177 steps, improv/step: 0.046 (last = 0.0215), fitness=-25881867.073758941
12845.24 secs, 1239155 evals, 1239142 steps, improv/step: 0.046 (last = 0.0266), fitness=-25881867.073812775
12875.25 secs, 1242008 evals, 1241995 steps, improv/step: 0.046 (last = 0.0245), fitness=-25881867.073838141
12905.27 secs, 1244906 evals, 1244893 steps, improv/step: 0.046 (last = 0.0276), fitness=-25881867.073873088
12935.27 secs, 1247830 evals, 1247817 steps, improv/step: 0.046 (last = 0.0284), fitness=-25881867.073929928
12965.28 secs, 1250722 evals, 1250709 steps, improv/step: 0.046 (last = 0.0204), fitness=-25881867.073974308
12995.28 secs, 1253591 evals, 1253579 steps, improv/step: 0.046 (last = 0.0188), fitness=-25881867.073974308
13025.29 secs, 1256449 evals, 1256437 steps, improv/step: 0.046 (last = 0.0231), fitness=-25881867.074001037
13055.29 secs, 1259339 evals, 1259328 steps, improv/step: 0.046 (last = 0.0194), fitness=-25881867.074052669
13085.30 secs, 1262150 evals, 1262139 steps, improv/step: 0.046 (last = 0.0189), fitness=-25881867.074076794
13115.30 secs, 1264968 evals, 1264957 steps, improv/step: 0.046 (last = 0.0224), fitness=-25881867.074076794
13145.31 secs, 1267946 evals, 1267936 steps, improv/step: 0.045 (last = 0.0164), fitness=-25881867.074089117
13175.31 secs, 1270900 evals, 1270890 steps, improv/step: 0.045 (last = 0.0234), fitness=-25881867.074135117
13205.32 secs, 1273975 evals, 1273965 steps, improv/step: 0.045 (last = 0.0189), fitness=-25881867.074135117
13235.33 secs, 1277016 evals, 1277007 steps, improv/step: 0.045 (last = 0.0168), fitness=-25881867.074142829
13265.33 secs, 1280054 evals, 1280045 steps, improv/step: 0.045 (last = 0.0161), fitness=-25881867.074163385
13295.34 secs, 1283005 evals, 1282996 steps, improv/step: 0.045 (last = 0.0251), fitness=-25881867.074172497
13325.35 secs, 1285868 evals, 1285859 steps, improv/step: 0.045 (last = 0.0220), fitness=-25881867.074189942
13355.35 secs, 1288790 evals, 1288781 steps, improv/step: 0.045 (last = 0.0329), fitness=-25881867.074197993
13385.36 secs, 1291700 evals, 1291691 steps, improv/step: 0.045 (last = 0.0278), fitness=-25881867.074215550
13415.36 secs, 1294595 evals, 1294586 steps, improv/step: 0.045 (last = 0.0280), fitness=-25881867.074217074
13445.37 secs, 1297469 evals, 1297460 steps, improv/step: 0.045 (last = 0.0219), fitness=-25881867.074221149
13475.37 secs, 1300471 evals, 1300462 steps, improv/step: 0.045 (last = 0.0237), fitness=-25881867.074228995
13505.37 secs, 1303351 evals, 1303344 steps, improv/step: 0.045 (last = 0.0191), fitness=-25881867.074238010
13535.37 secs, 1306292 evals, 1306286 steps, improv/step: 0.045 (last = 0.0177), fitness=-25881867.074244089
13565.37 secs, 1309322 evals, 1309317 steps, improv/step: 0.045 (last = 0.0241), fitness=-25881867.074249059
13595.51 secs, 1312345 evals, 1312341 steps, improv/step: 0.045 (last = 0.0218), fitness=-25881867.074259095
13625.52 secs, 1315392 evals, 1315388 steps, improv/step: 0.045 (last = 0.0253), fitness=-25881867.074259095
13655.52 secs, 1318418 evals, 1318415 steps, improv/step: 0.045 (last = 0.0198), fitness=-25881867.074263860
13685.53 secs, 1321501 evals, 1321498 steps, improv/step: 0.045 (last = 0.0217), fitness=-25881867.074267395
13715.53 secs, 1324511 evals, 1324509 steps, improv/step: 0.044 (last = 0.0249), fitness=-25881867.074270476
13745.54 secs, 1327451 evals, 1327449 steps, improv/step: 0.044 (last = 0.0299), fitness=-25881867.074272059
13775.54 secs, 1330470 evals, 1330468 steps, improv/step: 0.044 (last = 0.0245), fitness=-25881867.074276745
13805.55 secs, 1333440 evals, 1333438 steps, improv/step: 0.044 (last = 0.0286), fitness=-25881867.074278697
13835.55 secs, 1336342 evals, 1336341 steps, improv/step: 0.044 (last = 0.0300), fitness=-25881867.074283164
13865.56 secs, 1339329 evals, 1339329 steps, improv/step: 0.044 (last = 0.0351), fitness=-25881867.074285768
13895.56 secs, 1342297 evals, 1342297 steps, improv/step: 0.044 (last = 0.0229), fitness=-25881867.074287534
13925.57 secs, 1345259 evals, 1345259 steps, improv/step: 0.044 (last = 0.0287), fitness=-25881867.074289680
13955.57 secs, 1348194 evals, 1348194 steps, improv/step: 0.044 (last = 0.0232), fitness=-25881867.074292503
13985.57 secs, 1351108 evals, 1351108 steps, improv/step: 0.044 (last = 0.0254), fitness=-25881867.074297857
14015.58 secs, 1354105 evals, 1354106 steps, improv/step: 0.044 (last = 0.0337), fitness=-25881867.074302454
14045.58 secs, 1357070 evals, 1357072 steps, improv/step: 0.044 (last = 0.0300), fitness=-25881867.074306127
14075.58 secs, 1360059 evals, 1360061 steps, improv/step: 0.044 (last = 0.0288), fitness=-25881867.074308708
14105.59 secs, 1363127 evals, 1363129 steps, improv/step: 0.044 (last = 0.0244), fitness=-25881867.074310195
14135.62 secs, 1366215 evals, 1366217 steps, improv/step: 0.044 (last = 0.0175), fitness=-25881867.074310556
14165.62 secs, 1369191 evals, 1369194 steps, improv/step: 0.044 (last = 0.0188), fitness=-25881867.074312847
14195.62 secs, 1372067 evals, 1372070 steps, improv/step: 0.044 (last = 0.0271), fitness=-25881867.074314412
14225.63 secs, 1374889 evals, 1374894 steps, improv/step: 0.044 (last = 0.0205), fitness=-25881867.074327592
14255.64 secs, 1377808 evals, 1377813 steps, improv/step: 0.044 (last = 0.0257), fitness=-25881867.074327592
14285.64 secs, 1380785 evals, 1380790 steps, improv/step: 0.044 (last = 0.0191), fitness=-25881867.074330617
14315.65 secs, 1383716 evals, 1383721 steps, improv/step: 0.044 (last = 0.0184), fitness=-25881867.074333780
14345.66 secs, 1386671 evals, 1386676 steps, improv/step: 0.044 (last = 0.0190), fitness=-25881867.074334912
14375.66 secs, 1389620 evals, 1389628 steps, improv/step: 0.044 (last = 0.0224), fitness=-25881867.074340254
14405.67 secs, 1392533 evals, 1392541 steps, improv/step: 0.044 (last = 0.0227), fitness=-25881867.074346460
14435.69 secs, 1395476 evals, 1395484 steps, improv/step: 0.043 (last = 0.0245), fitness=-25881867.074356213
14465.69 secs, 1398441 evals, 1398449 steps, improv/step: 0.043 (last = 0.0189), fitness=-25881867.074363414
14495.69 secs, 1401345 evals, 1401353 steps, improv/step: 0.043 (last = 0.0258), fitness=-25881867.074367121
14525.70 secs, 1404270 evals, 1404278 steps, improv/step: 0.043 (last = 0.0157), fitness=-25881867.074371241
14555.71 secs, 1407208 evals, 1407217 steps, improv/step: 0.043 (last = 0.0150), fitness=-25881867.074373014
14585.82 secs, 1410122 evals, 1410131 steps, improv/step: 0.043 (last = 0.0161), fitness=-25881867.074379958
14615.82 secs, 1413045 evals, 1413054 steps, improv/step: 0.043 (last = 0.0178), fitness=-25881867.074379958
14645.83 secs, 1415990 evals, 1416000 steps, improv/step: 0.043 (last = 0.0173), fitness=-25881867.074382301
14675.83 secs, 1418956 evals, 1418967 steps, improv/step: 0.043 (last = 0.0189), fitness=-25881867.074394390
14705.83 secs, 1421980 evals, 1421991 steps, improv/step: 0.043 (last = 0.0172), fitness=-25881867.074394390
14735.85 secs, 1424886 evals, 1424897 steps, improv/step: 0.043 (last = 0.0169), fitness=-25881867.074397154
14765.85 secs, 1427839 evals, 1427850 steps, improv/step: 0.043 (last = 0.0176), fitness=-25881867.074401475
14795.86 secs, 1430799 evals, 1430810 steps, improv/step: 0.043 (last = 0.0139), fitness=-25881867.074404649
14825.86 secs, 1433729 evals, 1433741 steps, improv/step: 0.043 (last = 0.0191), fitness=-25881867.074405327
14855.86 secs, 1436619 evals, 1436631 steps, improv/step: 0.043 (last = 0.0149), fitness=-25881867.074407168
14885.87 secs, 1439610 evals, 1439622 steps, improv/step: 0.043 (last = 0.0137), fitness=-25881867.074410848
14915.87 secs, 1442632 evals, 1442645 steps, improv/step: 0.043 (last = 0.0155), fitness=-25881867.074410848
14945.87 secs, 1445639 evals, 1445652 steps, improv/step: 0.043 (last = 0.0116), fitness=-25881867.074415267
14975.88 secs, 1448697 evals, 1448710 steps, improv/step: 0.043 (last = 0.0196), fitness=-25881867.074415267
15005.88 secs, 1451526 evals, 1451539 steps, improv/step: 0.042 (last = 0.0166), fitness=-25881867.074417800
15035.89 secs, 1454415 evals, 1454429 steps, improv/step: 0.042 (last = 0.0125), fitness=-25881867.074418232
15065.90 secs, 1457349 evals, 1457363 steps, improv/step: 0.042 (last = 0.0136), fitness=-25881867.074419290
15095.90 secs, 1460211 evals, 1460225 steps, improv/step: 0.042 (last = 0.0147), fitness=-25881867.074421015
15125.91 secs, 1463076 evals, 1463090 steps, improv/step: 0.042 (last = 0.0161), fitness=-25881867.074423462
15155.91 secs, 1466083 evals, 1466097 steps, improv/step: 0.042 (last = 0.0143), fitness=-25881867.074423917
15185.92 secs, 1469068 evals, 1469083 steps, improv/step: 0.042 (last = 0.0090), fitness=-25881867.074423917
15215.92 secs, 1472035 evals, 1472052 steps, improv/step: 0.042 (last = 0.0155), fitness=-25881867.074426569
15245.93 secs, 1475026 evals, 1475043 steps, improv/step: 0.042 (last = 0.0150), fitness=-25881867.074427702
15275.93 secs, 1478009 evals, 1478026 steps, improv/step: 0.042 (last = 0.0154), fitness=-25881867.074428316
15305.93 secs, 1480848 evals, 1480865 steps, improv/step: 0.042 (last = 0.0141), fitness=-25881867.074429587
15335.94 secs, 1483807 evals, 1483825 steps, improv/step: 0.042 (last = 0.0182), fitness=-25881867.074429587
15365.94 secs, 1486743 evals, 1486761 steps, improv/step: 0.042 (last = 0.0191), fitness=-25881867.074429881
15395.94 secs, 1489754 evals, 1489772 steps, improv/step: 0.042 (last = 0.0242), fitness=-25881867.074430503
15425.95 secs, 1492648 evals, 1492666 steps, improv/step: 0.042 (last = 0.0266), fitness=-25881867.074431106
15455.95 secs, 1495535 evals, 1495553 steps, improv/step: 0.042 (last = 0.0218), fitness=-25881867.074431978
15485.96 secs, 1498450 evals, 1498468 steps, improv/step: 0.042 (last = 0.0209), fitness=-25881867.074432723
15515.96 secs, 1501406 evals, 1501425 steps, improv/step: 0.042 (last = 0.0328), fitness=-25881867.074432798
15545.97 secs, 1504271 evals, 1504290 steps, improv/step: 0.042 (last = 0.0328), fitness=-25881867.074432962
15575.97 secs, 1507097 evals, 1507118 steps, improv/step: 0.042 (last = 0.0216), fitness=-25881867.074433260
15605.99 secs, 1510055 evals, 1510076 steps, improv/step: 0.042 (last = 0.0162), fitness=-25881867.074433465
15635.99 secs, 1513063 evals, 1513084 steps, improv/step: 0.041 (last = 0.0150), fitness=-25881867.074433673
15666.00 secs, 1515874 evals, 1515895 steps, improv/step: 0.041 (last = 0.0114), fitness=-25881867.074433748
15696.01 secs, 1518769 evals, 1518791 steps, improv/step: 0.041 (last = 0.0131), fitness=-25881867.074434169
15726.01 secs, 1521695 evals, 1521717 steps, improv/step: 0.041 (last = 0.0167), fitness=-25881867.074434213
15756.02 secs, 1524574 evals, 1524596 steps, improv/step: 0.041 (last = 0.0122), fitness=-25881867.074434627
15786.02 secs, 1527558 evals, 1527580 steps, improv/step: 0.041 (last = 0.0204), fitness=-25881867.074434765
15816.03 secs, 1530381 evals, 1530404 steps, improv/step: 0.041 (last = 0.0181), fitness=-25881867.074435137
15846.03 secs, 1533284 evals, 1533307 steps, improv/step: 0.041 (last = 0.0172), fitness=-25881867.074435480
15876.03 secs, 1536215 evals, 1536238 steps, improv/step: 0.041 (last = 0.0130), fitness=-25881867.074435756
15906.04 secs, 1539020 evals, 1539043 steps, improv/step: 0.041 (last = 0.0157), fitness=-25881867.074436013
15936.04 secs, 1541850 evals, 1541873 steps, improv/step: 0.041 (last = 0.0166), fitness=-25881867.074436199
15966.06 secs, 1544638 evals, 1544661 steps, improv/step: 0.041 (last = 0.0187), fitness=-25881867.074436251
15996.06 secs, 1547481 evals, 1547504 steps, improv/step: 0.041 (last = 0.0229), fitness=-25881867.074436568
16026.06 secs, 1550386 evals, 1550409 steps, improv/step: 0.041 (last = 0.0162), fitness=-25881867.074436821
16056.06 secs, 1553242 evals, 1553265 steps, improv/step: 0.041 (last = 0.0144), fitness=-25881867.074436910
16086.08 secs, 1556145 evals, 1556168 steps, improv/step: 0.041 (last = 0.0155), fitness=-25881867.074437119
16116.08 secs, 1559115 evals, 1559138 steps, improv/step: 0.041 (last = 0.0172), fitness=-25881867.074437119
16146.16 secs, 1562100 evals, 1562123 steps, improv/step: 0.041 (last = 0.0194), fitness=-25881867.074437298
16176.17 secs, 1565104 evals, 1565127 steps, improv/step: 0.041 (last = 0.0226), fitness=-25881867.074437357
16206.17 secs, 1568059 evals, 1568082 steps, improv/step: 0.041 (last = 0.0213), fitness=-25881867.074437506
16236.17 secs, 1571097 evals, 1571120 steps, improv/step: 0.041 (last = 0.0224), fitness=-25881867.074437607
16266.19 secs, 1574034 evals, 1574057 steps, improv/step: 0.041 (last = 0.0180), fitness=-25881867.074437685
16296.26 secs, 1576930 evals, 1576953 steps, improv/step: 0.041 (last = 0.0176), fitness=-25881867.074437749
16326.29 secs, 1579983 evals, 1580006 steps, improv/step: 0.040 (last = 0.0131), fitness=-25881867.074437838
16356.30 secs, 1583024 evals, 1583047 steps, improv/step: 0.040 (last = 0.0194), fitness=-25881867.074437890
16386.30 secs, 1586067 evals, 1586090 steps, improv/step: 0.040 (last = 0.0174), fitness=-25881867.074437890
16416.30 secs, 1589038 evals, 1589062 steps, improv/step: 0.040 (last = 0.0195), fitness=-25881867.074437968
16446.31 secs, 1592008 evals, 1592033 steps, improv/step: 0.040 (last = 0.0165), fitness=-25881867.074438006
16476.31 secs, 1594865 evals, 1594890 steps, improv/step: 0.040 (last = 0.0168), fitness=-25881867.074438091
16506.35 secs, 1597740 evals, 1597766 steps, improv/step: 0.040 (last = 0.0174), fitness=-25881867.074438177
16536.36 secs, 1600616 evals, 1600642 steps, improv/step: 0.040 (last = 0.0184), fitness=-25881867.074438177
16566.37 secs, 1603536 evals, 1603562 steps, improv/step: 0.040 (last = 0.0137), fitness=-25881867.074438326
16596.38 secs, 1606556 evals, 1606582 steps, improv/step: 0.040 (last = 0.0166), fitness=-25881867.074438427
16626.38 secs, 1609563 evals, 1609589 steps, improv/step: 0.040 (last = 0.0180), fitness=-25881867.074438468
16656.39 secs, 1612537 evals, 1612563 steps, improv/step: 0.040 (last = 0.0168), fitness=-25881867.074438520
16686.39 secs, 1615616 evals, 1615644 steps, improv/step: 0.040 (last = 0.0169), fitness=-25881867.074438520
16716.40 secs, 1618605 evals, 1618633 steps, improv/step: 0.040 (last = 0.0174), fitness=-25881867.074438535
16746.40 secs, 1621538 evals, 1621567 steps, improv/step: 0.040 (last = 0.0194), fitness=-25881867.074438613
16776.41 secs, 1624380 evals, 1624409 steps, improv/step: 0.040 (last = 0.0186), fitness=-25881867.074438613
16806.41 secs, 1627352 evals, 1627381 steps, improv/step: 0.040 (last = 0.0199), fitness=-25881867.074438654
16836.42 secs, 1630232 evals, 1630261 steps, improv/step: 0.040 (last = 0.0181), fitness=-25881867.074438795
16866.42 secs, 1633114 evals, 1633143 steps, improv/step: 0.040 (last = 0.0205), fitness=-25881867.074438829
16896.43 secs, 1636054 evals, 1636083 steps, improv/step: 0.040 (last = 0.0160), fitness=-25881867.074438829
16926.43 secs, 1638904 evals, 1638934 steps, improv/step: 0.040 (last = 0.0175), fitness=-25881867.074438863
16956.44 secs, 1641708 evals, 1641738 steps, improv/step: 0.040 (last = 0.0207), fitness=-25881867.074438877
16986.44 secs, 1644578 evals, 1644609 steps, improv/step: 0.040 (last = 0.0181), fitness=-25881867.074438877
17016.45 secs, 1647483 evals, 1647514 steps, improv/step: 0.040 (last = 0.0155), fitness=-25881867.074438993
17046.45 secs, 1650444 evals, 1650475 steps, improv/step: 0.039 (last = 0.0203), fitness=-25881867.074438997
17076.46 secs, 1653508 evals, 1653540 steps, improv/step: 0.039 (last = 0.0179), fitness=-25881867.074439064
17106.46 secs, 1656505 evals, 1656537 steps, improv/step: 0.039 (last = 0.0180), fitness=-25881867.074439123
17136.47 secs, 1659430 evals, 1659463 steps, improv/step: 0.039 (last = 0.0195), fitness=-25881867.074439146
17166.47 secs, 1662396 evals, 1662429 steps, improv/step: 0.039 (last = 0.0165), fitness=-25881867.074439187
17196.47 secs, 1665270 evals, 1665303 steps, improv/step: 0.039 (last = 0.0205), fitness=-25881867.074439231
17226.48 secs, 1668151 evals, 1668184 steps, improv/step: 0.039 (last = 0.0191), fitness=-25881867.074439332
17256.48 secs, 1671096 evals, 1671129 steps, improv/step: 0.039 (last = 0.0211), fitness=-25881867.074439343
17286.49 secs, 1673899 evals, 1673932 steps, improv/step: 0.039 (last = 0.0289), fitness=-25881867.074439421
17316.49 secs, 1676869 evals, 1676903 steps, improv/step: 0.039 (last = 0.0205), fitness=-25881867.074439462
17346.49 secs, 1679787 evals, 1679821 steps, improv/step: 0.039 (last = 0.0158), fitness=-25881867.074439477
17376.49 secs, 1682844 evals, 1682878 steps, improv/step: 0.039 (last = 0.0137), fitness=-25881867.074439541
17406.50 secs, 1685764 evals, 1685798 steps, improv/step: 0.039 (last = 0.0168), fitness=-25881867.074439555
17436.50 secs, 1688731 evals, 1688765 steps, improv/step: 0.039 (last = 0.0128), fitness=-25881867.074439600
17466.51 secs, 1691639 evals, 1691674 steps, improv/step: 0.039 (last = 0.0107), fitness=-25881867.074439608
17496.51 secs, 1694579 evals, 1694614 steps, improv/step: 0.039 (last = 0.0146), fitness=-25881867.074439608
17526.63 secs, 1697442 evals, 1697477 steps, improv/step: 0.039 (last = 0.0196), fitness=-25881867.074439611
17556.63 secs, 1700387 evals, 1700422 steps, improv/step: 0.039 (last = 0.0200), fitness=-25881867.074439611
17586.64 secs, 1703311 evals, 1703346 steps, improv/step: 0.039 (last = 0.0195), fitness=-25881867.074439622
17616.71 secs, 1706259 evals, 1706295 steps, improv/step: 0.039 (last = 0.0159), fitness=-25881867.074439634
17646.72 secs, 1709171 evals, 1709208 steps, improv/step: 0.039 (last = 0.0141), fitness=-25881867.074439637
17676.72 secs, 1712119 evals, 1712158 steps, improv/step: 0.039 (last = 0.0149), fitness=-25881867.074439649
17706.73 secs, 1715010 evals, 1715049 steps, improv/step: 0.039 (last = 0.0166), fitness=-25881867.074439652
17736.73 secs, 1717858 evals, 1717897 steps, improv/step: 0.039 (last = 0.0137), fitness=-25881867.074439656
17766.74 secs, 1720762 evals, 1720801 steps, improv/step: 0.039 (last = 0.0145), fitness=-25881867.074439660
17796.74 secs, 1723621 evals, 1723660 steps, improv/step: 0.039 (last = 0.0147), fitness=-25881867.074439667
17826.78 secs, 1726524 evals, 1726564 steps, improv/step: 0.039 (last = 0.0158), fitness=-25881867.074439667
17856.78 secs, 1729489 evals, 1729529 steps, improv/step: 0.038 (last = 0.0132), fitness=-25881867.074439675
17886.78 secs, 1732463 evals, 1732504 steps, improv/step: 0.038 (last = 0.0145), fitness=-25881867.074439678
17916.79 secs, 1735456 evals, 1735497 steps, improv/step: 0.038 (last = 0.0120), fitness=-25881867.074439686
17946.80 secs, 1738293 evals, 1738334 steps, improv/step: 0.038 (last = 0.0113), fitness=-25881867.074439686
17976.80 secs, 1741265 evals, 1741307 steps, improv/step: 0.038 (last = 0.0101), fitness=-25881867.074439686
18006.90 secs, 1744234 evals, 1744277 steps, improv/step: 0.038 (last = 0.0131), fitness=-25881867.074439686
18036.91 secs, 1747236 evals, 1747281 steps, improv/step: 0.038 (last = 0.0097), fitness=-25881867.074439690
18066.91 secs, 1750169 evals, 1750214 steps, improv/step: 0.038 (last = 0.0095), fitness=-25881867.074439690
18096.91 secs, 1753057 evals, 1753102 steps, improv/step: 0.038 (last = 0.0080), fitness=-25881867.074439690
18126.92 secs, 1755995 evals, 1756043 steps, improv/step: 0.038 (last = 0.0082), fitness=-25881867.074439693
18156.93 secs, 1758937 evals, 1758986 steps, improv/step: 0.038 (last = 0.0054), fitness=-25881867.074439693
18186.94 secs, 1761918 evals, 1761969 steps, improv/step: 0.038 (last = 0.0070), fitness=-25881867.074439697
18216.95 secs, 1764894 evals, 1764946 steps, improv/step: 0.038 (last = 0.0087), fitness=-25881867.074439704
18246.96 secs, 1767777 evals, 1767829 steps, improv/step: 0.038 (last = 0.0097), fitness=-25881867.074439704
18276.96 secs, 1770624 evals, 1770676 steps, improv/step: 0.038 (last = 0.0091), fitness=-25881867.074439712
18306.98 secs, 1773587 evals, 1773640 steps, improv/step: 0.038 (last = 0.0084), fitness=-25881867.074439712
18337.05 secs, 1776385 evals, 1776438 steps, improv/step: 0.038 (last = 0.0136), fitness=-25881867.074439712
18367.06 secs, 1779183 evals, 1779237 steps, improv/step: 0.038 (last = 0.0132), fitness=-25881867.074439712
18397.07 secs, 1782106 evals, 1782160 steps, improv/step: 0.038 (last = 0.0106), fitness=-25881867.074439712
18427.07 secs, 1785036 evals, 1785090 steps, improv/step: 0.038 (last = 0.0089), fitness=-25881867.074439712
18457.08 secs, 1788095 evals, 1788150 steps, improv/step: 0.038 (last = 0.0088), fitness=-25881867.074439712
18487.09 secs, 1791097 evals, 1791153 steps, improv/step: 0.037 (last = 0.0087), fitness=-25881867.074439712
18517.09 secs, 1794097 evals, 1794154 steps, improv/step: 0.037 (last = 0.0060), fitness=-25881867.074439712
18547.10 secs, 1797044 evals, 1797102 steps, improv/step: 0.037 (last = 0.0115), fitness=-25881867.074439712
18577.17 secs, 1799913 evals, 1799971 steps, improv/step: 0.037 (last = 0.0105), fitness=-25881867.074439712
18607.24 secs, 1802805 evals, 1802863 steps, improv/step: 0.037 (last = 0.0076), fitness=-25881867.074439716
18637.24 secs, 1805668 evals, 1805726 steps, improv/step: 0.037 (last = 0.0084), fitness=-25881867.074439716
18667.27 secs, 1808590 evals, 1808648 steps, improv/step: 0.037 (last = 0.0055), fitness=-25881867.074439716
18697.27 secs, 1811545 evals, 1811603 steps, improv/step: 0.037 (last = 0.0064), fitness=-25881867.074439719
18727.28 secs, 1814435 evals, 1814493 steps, improv/step: 0.037 (last = 0.0076), fitness=-25881867.074439719
18757.28 secs, 1817393 evals, 1817451 steps, improv/step: 0.037 (last = 0.0044), fitness=-25881867.074439719
18787.28 secs, 1820297 evals, 1820356 steps, improv/step: 0.037 (last = 0.0059), fitness=-25881867.074439719
18817.29 secs, 1823141 evals, 1823201 steps, improv/step: 0.037 (last = 0.0077), fitness=-25881867.074439719
18847.29 secs, 1825897 evals, 1825957 steps, improv/step: 0.037 (last = 0.0047), fitness=-25881867.074439719
18877.36 secs, 1828632 evals, 1828692 steps, improv/step: 0.037 (last = 0.0095), fitness=-25881867.074439727
18907.42 secs, 1831537 evals, 1831597 steps, improv/step: 0.037 (last = 0.0083), fitness=-25881867.074439727
18937.42 secs, 1834357 evals, 1834418 steps, improv/step: 0.037 (last = 0.0092), fitness=-25881867.074439727
18967.42 secs, 1837252 evals, 1837313 steps, improv/step: 0.037 (last = 0.0083), fitness=-25881867.074439727
18997.43 secs, 1840185 evals, 1840246 steps, improv/step: 0.037 (last = 0.0051), fitness=-25881867.074439727
19027.44 secs, 1843055 evals, 1843116 steps, improv/step: 0.037 (last = 0.0056), fitness=-25881867.074439727
19057.44 secs, 1845962 evals, 1846024 steps, improv/step: 0.037 (last = 0.0045), fitness=-25881867.074439727
19087.44 secs, 1848815 evals, 1848877 steps, improv/step: 0.037 (last = 0.0049), fitness=-25881867.074439727
19117.46 secs, 1851784 evals, 1851846 steps, improv/step: 0.036 (last = 0.0064), fitness=-25881867.074439727
19147.46 secs, 1854675 evals, 1854739 steps, improv/step: 0.036 (last = 0.0059), fitness=-25881867.074439727
19177.49 secs, 1857552 evals, 1857616 steps, improv/step: 0.036 (last = 0.0049), fitness=-25881867.074439727
19207.50 secs, 1860420 evals, 1860484 steps, improv/step: 0.036 (last = 0.0056), fitness=-25881867.074439727
19237.50 secs, 1863324 evals, 1863389 steps, improv/step: 0.036 (last = 0.0031), fitness=-25881867.074439727
19267.50 secs, 1866101 evals, 1866166 steps, improv/step: 0.036 (last = 0.0029), fitness=-25881867.074439727
19297.50 secs, 1869020 evals, 1869085 steps, improv/step: 0.036 (last = 0.0034), fitness=-25881867.074439727
19327.52 secs, 1871924 evals, 1871989 steps, improv/step: 0.036 (last = 0.0045), fitness=-25881867.074439727
19357.52 secs, 1874875 evals, 1874940 steps, improv/step: 0.036 (last = 0.0054), fitness=-25881867.074439727
19387.53 secs, 1877798 evals, 1877863 steps, improv/step: 0.036 (last = 0.0031), fitness=-25881867.074439727
19417.54 secs, 1880811 evals, 1880876 steps, improv/step: 0.036 (last = 0.0030), fitness=-25881867.074439727
19447.54 secs, 1883666 evals, 1883731 steps, improv/step: 0.036 (last = 0.0028), fitness=-25881867.074439727
19477.54 secs, 1886608 evals, 1886673 steps, improv/step: 0.036 (last = 0.0020), fitness=-25881867.074439727
19507.55 secs, 1889412 evals, 1889477 steps, improv/step: 0.036 (last = 0.0050), fitness=-25881867.074439727
19537.55 secs, 1892257 evals, 1892322 steps, improv/step: 0.036 (last = 0.0021), fitness=-25881867.074439727
19567.56 secs, 1895004 evals, 1895069 steps, improv/step: 0.036 (last = 0.0025), fitness=-25881867.074439727
19597.57 secs, 1897871 evals, 1897936 steps, improv/step: 0.036 (last = 0.0031), fitness=-25881867.074439727
19627.57 secs, 1900648 evals, 1900713 steps, improv/step: 0.036 (last = 0.0022), fitness=-25881867.074439727
19657.57 secs, 1903561 evals, 1903626 steps, improv/step: 0.036 (last = 0.0034), fitness=-25881867.074439727
19687.59 secs, 1906410 evals, 1906475 steps, improv/step: 0.036 (last = 0.0028), fitness=-25881867.074439727
19717.59 secs, 1909280 evals, 1909345 steps, improv/step: 0.035 (last = 0.0021), fitness=-25881867.074439727
19747.59 secs, 1912254 evals, 1912319 steps, improv/step: 0.035 (last = 0.0037), fitness=-25881867.074439727
19777.62 secs, 1915127 evals, 1915192 steps, improv/step: 0.035 (last = 0.0028), fitness=-25881867.074439727
19807.63 secs, 1918017 evals, 1918082 steps, improv/step: 0.035 (last = 0.0031), fitness=-25881867.074439727
19837.63 secs, 1920999 evals, 1921064 steps, improv/step: 0.035 (last = 0.0044), fitness=-25881867.074439727
19867.67 secs, 1923856 evals, 1923921 steps, improv/step: 0.035 (last = 0.0007), fitness=-25881867.074439727
19897.67 secs, 1926800 evals, 1926865 steps, improv/step: 0.035 (last = 0.0058), fitness=-25881867.074439727
19927.68 secs, 1929683 evals, 1929749 steps, improv/step: 0.035 (last = 0.0031), fitness=-25881867.074439727
19957.68 secs, 1932542 evals, 1932608 steps, improv/step: 0.035 (last = 0.0038), fitness=-25881867.074439727
19987.68 secs, 1935500 evals, 1935566 steps, improv/step: 0.035 (last = 0.0037), fitness=-25881867.074439730
20017.68 secs, 1938426 evals, 1938492 steps, improv/step: 0.035 (last = 0.0038), fitness=-25881867.074439730
20047.68 secs, 1941296 evals, 1941362 steps, improv/step: 0.035 (last = 0.0028), fitness=-25881867.074439730
20077.68 secs, 1944184 evals, 1944250 steps, improv/step: 0.035 (last = 0.0038), fitness=-25881867.074439730
20107.69 secs, 1947109 evals, 1947175 steps, improv/step: 0.035 (last = 0.0027), fitness=-25881867.074439730
20137.69 secs, 1949869 evals, 1949935 steps, improv/step: 0.035 (last = 0.0033), fitness=-25881867.074439730
20167.70 secs, 1952667 evals, 1952734 steps, improv/step: 0.035 (last = 0.0014), fitness=-25881867.074439730
20197.70 secs, 1955642 evals, 1955709 steps, improv/step: 0.035 (last = 0.0024), fitness=-25881867.074439730
20227.70 secs, 1958541 evals, 1958608 steps, improv/step: 0.035 (last = 0.0021), fitness=-25881867.074439730
20257.71 secs, 1961456 evals, 1961523 steps, improv/step: 0.035 (last = 0.0031), fitness=-25881867.074439730
20287.71 secs, 1964532 evals, 1964599 steps, improv/step: 0.035 (last = 0.0016), fitness=-25881867.074439730
20317.72 secs, 1967424 evals, 1967491 steps, improv/step: 0.035 (last = 0.0017), fitness=-25881867.074439730
20347.74 secs, 1970322 evals, 1970389 steps, improv/step: 0.034 (last = 0.0028), fitness=-25881867.074439730
20377.74 secs, 1973119 evals, 1973186 steps, improv/step: 0.034 (last = 0.0029), fitness=-25881867.074439730
20407.74 secs, 1976030 evals, 1976097 steps, improv/step: 0.034 (last = 0.0031), fitness=-25881867.074439730
20437.74 secs, 1978881 evals, 1978948 steps, improv/step: 0.034 (last = 0.0021), fitness=-25881867.074439730
20467.74 secs, 1981784 evals, 1981851 steps, improv/step: 0.034 (last = 0.0024), fitness=-25881867.074439730
20497.75 secs, 1984815 evals, 1984882 steps, improv/step: 0.034 (last = 0.0016), fitness=-25881867.074439730
20527.75 secs, 1987760 evals, 1987827 steps, improv/step: 0.034 (last = 0.0014), fitness=-25881867.074439730
20557.85 secs, 1990658 evals, 1990725 steps, improv/step: 0.034 (last = 0.0031), fitness=-25881867.074439730
20587.85 secs, 1993632 evals, 1993699 steps, improv/step: 0.034 (last = 0.0024), fitness=-25881867.074439730
20617.86 secs, 1996632 evals, 1996701 steps, improv/step: 0.034 (last = 0.0027), fitness=-25881867.074439730
20647.86 secs, 1999493 evals, 1999563 steps, improv/step: 0.034 (last = 0.0007), fitness=-25881867.074439730
20677.86 secs, 2002434 evals, 2002504 steps, improv/step: 0.034 (last = 0.0031), fitness=-25881867.074439730
20707.87 secs, 2005311 evals, 2005381 steps, improv/step: 0.034 (last = 0.0017), fitness=-25881867.074439730
20737.88 secs, 2008305 evals, 2008375 steps, improv/step: 0.034 (last = 0.0013), fitness=-25881867.074439730
20767.96 secs, 2011105 evals, 2011175 steps, improv/step: 0.034 (last = 0.0025), fitness=-25881867.074439730
20797.96 secs, 2013926 evals, 2013996 steps, improv/step: 0.034 (last = 0.0043), fitness=-25881867.074439730
20827.97 secs, 2016811 evals, 2016881 steps, improv/step: 0.034 (last = 0.0028), fitness=-25881867.074439730
20857.98 secs, 2019803 evals, 2019873 steps, improv/step: 0.034 (last = 0.0017), fitness=-25881867.074439730
20887.99 secs, 2022676 evals, 2022747 steps, improv/step: 0.034 (last = 0.0021), fitness=-25881867.074439730
20917.99 secs, 2025576 evals, 2025647 steps, improv/step: 0.034 (last = 0.0014), fitness=-25881867.074439730
20947.99 secs, 2028522 evals, 2028593 steps, improv/step: 0.034 (last = 0.0020), fitness=-25881867.074439730
20978.00 secs, 2031390 evals, 2031461 steps, improv/step: 0.034 (last = 0.0021), fitness=-25881867.074439730
21008.00 secs, 2034302 evals, 2034373 steps, improv/step: 0.033 (last = 0.0027), fitness=-25881867.074439730
21038.01 secs, 2037234 evals, 2037305 steps, improv/step: 0.033 (last = 0.0010), fitness=-25881867.074439730
21068.01 secs, 2040128 evals, 2040199 steps, improv/step: 0.033 (last = 0.0017), fitness=-25881867.074439730
21098.03 secs, 2042987 evals, 2043058 steps, improv/step: 0.033 (last = 0.0035), fitness=-25881867.074439730
21128.03 secs, 2045805 evals, 2045876 steps, improv/step: 0.033 (last = 0.0025), fitness=-25881867.074439734
21158.04 secs, 2048738 evals, 2048809 steps, improv/step: 0.033 (last = 0.0034), fitness=-25881867.074439734
21188.05 secs, 2051898 evals, 2051969 steps, improv/step: 0.033 (last = 0.0013), fitness=-25881867.074439734
21218.05 secs, 2054822 evals, 2054893 steps, improv/step: 0.033 (last = 0.0031), fitness=-25881867.074439734
21248.06 secs, 2057760 evals, 2057831 steps, improv/step: 0.033 (last = 0.0020), fitness=-25881867.074439734
21278.09 secs, 2060613 evals, 2060684 steps, improv/step: 0.033 (last = 0.0035), fitness=-25881867.074439734
21308.10 secs, 2063438 evals, 2063510 steps, improv/step: 0.033 (last = 0.0021), fitness=-25881867.074439734
21338.10 secs, 2066427 evals, 2066500 steps, improv/step: 0.033 (last = 0.0037), fitness=-25881867.074439734
21368.10 secs, 2069473 evals, 2069547 steps, improv/step: 0.033 (last = 0.0013), fitness=-25881867.074439734
21398.10 secs, 2072476 evals, 2072550 steps, improv/step: 0.033 (last = 0.0023), fitness=-25881867.074439734
21428.11 secs, 2075314 evals, 2075390 steps, improv/step: 0.033 (last = 0.0021), fitness=-25881867.074439734
21458.11 secs, 2078161 evals, 2078237 steps, improv/step: 0.033 (last = 0.0014), fitness=-25881867.074439734
21488.11 secs, 2081084 evals, 2081160 steps, improv/step: 0.033 (last = 0.0017), fitness=-25881867.074439734
21518.12 secs, 2083982 evals, 2084058 steps, improv/step: 0.033 (last = 0.0014), fitness=-25881867.074439734
21548.13 secs, 2086857 evals, 2086935 steps, improv/step: 0.033 (last = 0.0010), fitness=-25881867.074439734
21578.13 secs, 2089772 evals, 2089850 steps, improv/step: 0.033 (last = 0.0021), fitness=-25881867.074439734
21608.14 secs, 2092725 evals, 2092803 steps, improv/step: 0.033 (last = 0.0010), fitness=-25881867.074439734
21638.15 secs, 2095642 evals, 2095720 steps, improv/step: 0.033 (last = 0.0007), fitness=-25881867.074439734
21668.15 secs, 2098352 evals, 2098430 steps, improv/step: 0.033 (last = 0.0018), fitness=-25881867.074439734
21698.15 secs, 2101167 evals, 2101245 steps, improv/step: 0.032 (last = 0.0014), fitness=-25881867.074439734
21728.15 secs, 2104025 evals, 2104103 steps, improv/step: 0.032 (last = 0.0021), fitness=-25881867.074439734
21758.15 secs, 2106918 evals, 2106997 steps, improv/step: 0.032 (last = 0.0014), fitness=-25881867.074439734
21788.17 secs, 2109789 evals, 2109868 steps, improv/step: 0.032 (last = 0.0024), fitness=-25881867.074439734
21818.18 secs, 2112683 evals, 2112762 steps, improv/step: 0.032 (last = 0.0028), fitness=-25881867.074439734
21848.19 secs, 2115522 evals, 2115601 steps, improv/step: 0.032 (last = 0.0018), fitness=-25881867.074439734
21878.27 secs, 2118334 evals, 2118413 steps, improv/step: 0.032 (last = 0.0032), fitness=-25881867.074439734
21908.28 secs, 2121237 evals, 2121316 steps, improv/step: 0.032 (last = 0.0014), fitness=-25881867.074439734
21938.29 secs, 2124124 evals, 2124203 steps, improv/step: 0.032 (last = 0.0017), fitness=-25881867.074439734
21968.29 secs, 2126983 evals, 2127062 steps, improv/step: 0.032 (last = 0.0010), fitness=-25881867.074439734
21998.30 secs, 2129871 evals, 2129950 steps, improv/step: 0.032 (last = 0.0031), fitness=-25881867.074439734
22028.31 secs, 2132613 evals, 2132692 steps, improv/step: 0.032 (last = 0.0022), fitness=-25881867.074439734
22058.32 secs, 2135414 evals, 2135494 steps, improv/step: 0.032 (last = 0.0021), fitness=-25881867.074439734
22088.32 secs, 2138424 evals, 2138504 steps, improv/step: 0.032 (last = 0.0013), fitness=-25881867.074439734
22118.33 secs, 2141388 evals, 2141469 steps, improv/step: 0.032 (last = 0.0020), fitness=-25881867.074439734
22148.34 secs, 2144186 evals, 2144267 steps, improv/step: 0.032 (last = 0.0039), fitness=-25881867.074439734
22178.35 secs, 2147165 evals, 2147246 steps, improv/step: 0.032 (last = 0.0007), fitness=-25881867.074439734
22208.36 secs, 2149959 evals, 2150040 steps, improv/step: 0.032 (last = 0.0021), fitness=-25881867.074439734
22238.36 secs, 2152777 evals, 2152858 steps, improv/step: 0.032 (last = 0.0032), fitness=-25881867.074439734
22268.36 secs, 2155780 evals, 2155861 steps, improv/step: 0.032 (last = 0.0007), fitness=-25881867.074439734
22298.37 secs, 2158717 evals, 2158798 steps, improv/step: 0.032 (last = 0.0020), fitness=-25881867.074439734
22328.37 secs, 2161528 evals, 2161609 steps, improv/step: 0.032 (last = 0.0007), fitness=-25881867.074439734
22358.38 secs, 2164404 evals, 2164487 steps, improv/step: 0.032 (last = 0.0028), fitness=-25881867.074439734
22388.43 secs, 2167285 evals, 2167369 steps, improv/step: 0.032 (last = 0.0014), fitness=-25881867.074439734
22418.43 secs, 2170286 evals, 2170371 steps, improv/step: 0.031 (last = 0.0007), fitness=-25881867.074439734
22448.44 secs, 2173121 evals, 2173206 steps, improv/step: 0.031 (last = 0.0018), fitness=-25881867.074439734
22478.45 secs, 2176052 evals, 2176139 steps, improv/step: 0.031 (last = 0.0000), fitness=-25881867.074439734
22508.45 secs, 2179006 evals, 2179095 steps, improv/step: 0.031 (last = 0.0014), fitness=-25881867.074439734
22538.45 secs, 2181861 evals, 2181950 steps, improv/step: 0.031 (last = 0.0025), fitness=-25881867.074439734
22568.46 secs, 2184821 evals, 2184910 steps, improv/step: 0.031 (last = 0.0014), fitness=-25881867.074439734
22598.47 secs, 2187790 evals, 2187880 steps, improv/step: 0.031 (last = 0.0007), fitness=-25881867.074439734
22628.47 secs, 2190671 evals, 2190761 steps, improv/step: 0.031 (last = 0.0028), fitness=-25881867.074439734
22658.47 secs, 2193556 evals, 2193646 steps, improv/step: 0.031 (last = 0.0024), fitness=-25881867.074439734
22688.47 secs, 2196441 evals, 2196531 steps, improv/step: 0.031 (last = 0.0017), fitness=-25881867.074439734
22718.48 secs, 2199365 evals, 2199456 steps, improv/step: 0.031 (last = 0.0021), fitness=-25881867.074439734
22748.48 secs, 2202253 evals, 2202345 steps, improv/step: 0.031 (last = 0.0024), fitness=-25881867.074439734
22778.50 secs, 2205079 evals, 2205171 steps, improv/step: 0.031 (last = 0.0011), fitness=-25881867.074439734
22808.50 secs, 2208039 evals, 2208131 steps, improv/step: 0.031 (last = 0.0024), fitness=-25881867.074439734
22838.51 secs, 2210957 evals, 2211050 steps, improv/step: 0.031 (last = 0.0007), fitness=-25881867.074439734
22868.51 secs, 2213954 evals, 2214047 steps, improv/step: 0.031 (last = 0.0023), fitness=-25881867.074439734
22898.51 secs, 2216925 evals, 2217018 steps, improv/step: 0.031 (last = 0.0050), fitness=-25881867.074439734
22928.53 secs, 2219781 evals, 2219874 steps, improv/step: 0.031 (last = 0.0011), fitness=-25881867.074439734
22958.53 secs, 2222744 evals, 2222837 steps, improv/step: 0.031 (last = 0.0013), fitness=-25881867.074439734
22988.53 secs, 2225828 evals, 2225921 steps, improv/step: 0.031 (last = 0.0023), fitness=-25881867.074439734
23018.54 secs, 2228702 evals, 2228795 steps, improv/step: 0.031 (last = 0.0021), fitness=-25881867.074439734
23048.55 secs, 2231543 evals, 2231636 steps, improv/step: 0.031 (last = 0.0060), fitness=-25881867.074439734
23078.56 secs, 2234209 evals, 2234302 steps, improv/step: 0.031 (last = 0.0034), fitness=-25881867.074439734
23108.61 secs, 2236969 evals, 2237062 steps, improv/step: 0.031 (last = 0.0029), fitness=-25881867.074439734
23138.61 secs, 2239811 evals, 2239904 steps, improv/step: 0.031 (last = 0.0035), fitness=-25881867.074439734
23168.62 secs, 2242737 evals, 2242830 steps, improv/step: 0.031 (last = 0.0024), fitness=-25881867.074439734
23198.63 secs, 2245581 evals, 2245676 steps, improv/step: 0.031 (last = 0.0032), fitness=-25881867.074439734
23228.64 secs, 2248363 evals, 2248458 steps, improv/step: 0.030 (last = 0.0043), fitness=-25881867.074439734
23258.74 secs, 2251213 evals, 2251308 steps, improv/step: 0.030 (last = 0.0028), fitness=-25881867.074439734
23288.81 secs, 2253920 evals, 2254015 steps, improv/step: 0.030 (last = 0.0033), fitness=-25881867.074439734
23318.82 secs, 2256690 evals, 2256786 steps, improv/step: 0.030 (last = 0.0025), fitness=-25881867.074439734
23348.83 secs, 2259468 evals, 2259567 steps, improv/step: 0.030 (last = 0.0014), fitness=-25881867.074439734
23378.85 secs, 2262332 evals, 2262432 steps, improv/step: 0.030 (last = 0.0045), fitness=-25881867.074439734
23408.86 secs, 2265158 evals, 2265258 steps, improv/step: 0.030 (last = 0.0025), fitness=-25881867.074439734
23438.86 secs, 2268099 evals, 2268200 steps, improv/step: 0.030 (last = 0.0024), fitness=-25881867.074439734
23468.86 secs, 2270934 evals, 2271036 steps, improv/step: 0.030 (last = 0.0025), fitness=-25881867.074439734
23498.86 secs, 2273771 evals, 2273873 steps, improv/step: 0.030 (last = 0.0018), fitness=-25881867.074439734
23528.86 secs, 2276589 evals, 2276691 steps, improv/step: 0.030 (last = 0.0004), fitness=-25881867.074439734
23558.86 secs, 2279356 evals, 2279459 steps, improv/step: 0.030 (last = 0.0022), fitness=-25881867.074439734
23588.87 secs, 2282307 evals, 2282410 steps, improv/step: 0.030 (last = 0.0024), fitness=-25881867.074439734
23618.87 secs, 2285170 evals, 2285273 steps, improv/step: 0.030 (last = 0.0024), fitness=-25881867.074439734
23648.88 secs, 2288148 evals, 2288251 steps, improv/step: 0.030 (last = 0.0030), fitness=-25881867.074439734
23678.88 secs, 2290919 evals, 2291022 steps, improv/step: 0.030 (last = 0.0011), fitness=-25881867.074439734
23708.88 secs, 2293717 evals, 2293820 steps, improv/step: 0.030 (last = 0.0021), fitness=-25881867.074439734
23738.91 secs, 2296558 evals, 2296661 steps, improv/step: 0.030 (last = 0.0021), fitness=-25881867.074439734
23768.91 secs, 2299483 evals, 2299586 steps, improv/step: 0.030 (last = 0.0014), fitness=-25881867.074439734
23799.06 secs, 2302459 evals, 2302562 steps, improv/step: 0.030 (last = 0.0030), fitness=-25881867.074439734
23829.07 secs, 2305443 evals, 2305546 steps, improv/step: 0.030 (last = 0.0027), fitness=-25881867.074439734
23859.07 secs, 2308477 evals, 2308580 steps, improv/step: 0.030 (last = 0.0026), fitness=-25881867.074439734
23889.08 secs, 2311424 evals, 2311527 steps, improv/step: 0.030 (last = 0.0017), fitness=-25881867.074439734
23919.08 secs, 2314453 evals, 2314556 steps, improv/step: 0.030 (last = 0.0013), fitness=-25881867.074439734
23949.15 secs, 2317376 evals, 2317479 steps, improv/step: 0.030 (last = 0.0017), fitness=-25881867.074439734
23979.15 secs, 2320221 evals, 2320324 steps, improv/step: 0.030 (last = 0.0028), fitness=-25881867.074439734
24009.15 secs, 2323063 evals, 2323166 steps, improv/step: 0.030 (last = 0.0028), fitness=-25881867.074439738
24039.16 secs, 2325961 evals, 2326064 steps, improv/step: 0.030 (last = 0.0010), fitness=-25881867.074439738
24069.16 secs, 2328732 evals, 2328835 steps, improv/step: 0.030 (last = 0.0025), fitness=-25881867.074439738
24099.16 secs, 2331496 evals, 2331599 steps, improv/step: 0.029 (last = 0.0018), fitness=-25881867.074439738
24129.17 secs, 2334497 evals, 2334600 steps, improv/step: 0.029 (last = 0.0020), fitness=-25881867.074439738
24159.17 secs, 2337396 evals, 2337499 steps, improv/step: 0.029 (last = 0.0017), fitness=-25881867.074439738
24189.17 secs, 2340250 evals, 2340353 steps, improv/step: 0.029 (last = 0.0014), fitness=-25881867.074439738
24219.18 secs, 2343175 evals, 2343278 steps, improv/step: 0.029 (last = 0.0007), fitness=-25881867.074439738
24249.18 secs, 2346085 evals, 2346188 steps, improv/step: 0.029 (last = 0.0021), fitness=-25881867.074439738
24279.19 secs, 2349047 evals, 2349150 steps, improv/step: 0.029 (last = 0.0027), fitness=-25881867.074439738
24309.20 secs, 2351946 evals, 2352049 steps, improv/step: 0.029 (last = 0.0014), fitness=-25881867.074439738
24339.27 secs, 2354960 evals, 2355063 steps, improv/step: 0.029 (last = 0.0010), fitness=-25881867.074439738
24369.28 secs, 2357941 evals, 2358044 steps, improv/step: 0.029 (last = 0.0013), fitness=-25881867.074439738
24399.28 secs, 2360801 evals, 2360905 steps, improv/step: 0.029 (last = 0.0014), fitness=-25881867.074439738
24429.33 secs, 2363742 evals, 2363846 steps, improv/step: 0.029 (last = 0.0020), fitness=-25881867.074439738
24459.33 secs, 2366616 evals, 2366720 steps, improv/step: 0.029 (last = 0.0014), fitness=-25881867.074439738
24489.34 secs, 2369396 evals, 2369500 steps, improv/step: 0.029 (last = 0.0022), fitness=-25881867.074439738
24519.34 secs, 2372208 evals, 2372312 steps, improv/step: 0.029 (last = 0.0021), fitness=-25881867.074439738
24549.35 secs, 2375085 evals, 2375189 steps, improv/step: 0.029 (last = 0.0010), fitness=-25881867.074439738
24579.35 secs, 2377904 evals, 2378008 steps, improv/step: 0.029 (last = 0.0021), fitness=-25881867.074439738
24609.37 secs, 2380828 evals, 2380932 steps, improv/step: 0.029 (last = 0.0027), fitness=-25881867.074439738
24639.40 secs, 2383719 evals, 2383823 steps, improv/step: 0.029 (last = 0.0007), fitness=-25881867.074439738
24669.40 secs, 2386564 evals, 2386668 steps, improv/step: 0.029 (last = 0.0028), fitness=-25881867.074439738
24699.41 secs, 2389518 evals, 2389622 steps, improv/step: 0.029 (last = 0.0030), fitness=-25881867.074439738
24729.42 secs, 2392400 evals, 2392505 steps, improv/step: 0.029 (last = 0.0028), fitness=-25881867.074439738
24759.42 secs, 2395309 evals, 2395414 steps, improv/step: 0.029 (last = 0.0045), fitness=-25881867.074439738
24789.42 secs, 2398336 evals, 2398441 steps, improv/step: 0.029 (last = 0.0010), fitness=-25881867.074439738
24819.43 secs, 2401218 evals, 2401323 steps, improv/step: 0.029 (last = 0.0014), fitness=-25881867.074439738
24849.44 secs, 2404155 evals, 2404260 steps, improv/step: 0.029 (last = 0.0020), fitness=-25881867.074439738
24879.44 secs, 2407064 evals, 2407169 steps, improv/step: 0.029 (last = 0.0014), fitness=-25881867.074439738
24909.44 secs, 2409921 evals, 2410026 steps, improv/step: 0.029 (last = 0.0028), fitness=-25881867.074439738
24939.44 secs, 2412687 evals, 2412792 steps, improv/step: 0.029 (last = 0.0022), fitness=-25881867.074439738
24969.45 secs, 2415544 evals, 2415649 steps, improv/step: 0.029 (last = 0.0025), fitness=-25881867.074439738
24999.45 secs, 2418397 evals, 2418502 steps, improv/step: 0.028 (last = 0.0011), fitness=-25881867.074439738
25029.50 secs, 2421252 evals, 2421357 steps, improv/step: 0.028 (last = 0.0004), fitness=-25881867.074439738
25059.51 secs, 2424162 evals, 2424267 steps, improv/step: 0.028 (last = 0.0007), fitness=-25881867.074439738
25089.51 secs, 2427192 evals, 2427297 steps, improv/step: 0.028 (last = 0.0013), fitness=-25881867.074439738
25119.53 secs, 2430108 evals, 2430213 steps, improv/step: 0.028 (last = 0.0014), fitness=-25881867.074439738
25149.60 secs, 2433063 evals, 2433168 steps, improv/step: 0.028 (last = 0.0017), fitness=-25881867.074439738
25179.60 secs, 2435961 evals, 2436066 steps, improv/step: 0.028 (last = 0.0014), fitness=-25881867.074439738
25209.61 secs, 2438820 evals, 2438926 steps, improv/step: 0.028 (last = 0.0031), fitness=-25881867.074439738
25239.61 secs, 2441798 evals, 2441904 steps, improv/step: 0.028 (last = 0.0007), fitness=-25881867.074439738
25269.63 secs, 2444614 evals, 2444720 steps, improv/step: 0.028 (last = 0.0007), fitness=-25881867.074439738
25299.64 secs, 2447481 evals, 2447587 steps, improv/step: 0.028 (last = 0.0007), fitness=-25881867.074439738
25329.65 secs, 2450594 evals, 2450701 steps, improv/step: 0.028 (last = 0.0006), fitness=-25881867.074439738
25359.65 secs, 2453583 evals, 2453690 steps, improv/step: 0.028 (last = 0.0010), fitness=-25881867.074439738
25389.66 secs, 2456724 evals, 2456831 steps, improv/step: 0.028 (last = 0.0000), fitness=-25881867.074439738
25419.66 secs, 2459919 evals, 2460026 steps, improv/step: 0.028 (last = 0.0006), fitness=-25881867.074439738
25449.67 secs, 2463001 evals, 2463110 steps, improv/step: 0.028 (last = 0.0013), fitness=-25881867.074439738
25479.67 secs, 2466229 evals, 2466338 steps, improv/step: 0.028 (last = 0.0012), fitness=-25881867.074439738
25509.68 secs, 2469517 evals, 2469626 steps, improv/step: 0.028 (last = 0.0006), fitness=-25881867.074439738
25539.69 secs, 2472632 evals, 2472741 steps, improv/step: 0.028 (last = 0.0003), fitness=-25881867.074439738
25569.69 secs, 2475693 evals, 2475802 steps, improv/step: 0.028 (last = 0.0003), fitness=-25881867.074439738
25599.70 secs, 2478841 evals, 2478950 steps, improv/step: 0.028 (last = 0.0013), fitness=-25881867.074439738
25629.70 secs, 2481974 evals, 2482083 steps, improv/step: 0.028 (last = 0.0006), fitness=-25881867.074439738
25659.70 secs, 2485230 evals, 2485339 steps, improv/step: 0.028 (last = 0.0009), fitness=-25881867.074439738
25689.75 secs, 2488462 evals, 2488571 steps, improv/step: 0.028 (last = 0.0015), fitness=-25881867.074439738
25719.76 secs, 2491734 evals, 2491843 steps, improv/step: 0.028 (last = 0.0012), fitness=-25881867.074439738
25749.76 secs, 2494824 evals, 2494933 steps, improv/step: 0.028 (last = 0.0000), fitness=-25881867.074439738
25779.77 secs, 2498078 evals, 2498187 steps, improv/step: 0.028 (last = 0.0006), fitness=-25881867.074439738

Optimization stopped after 2500110 steps and 25798.40 seconds
Termination reason: Max number of function evaluations (2500000) reached
Steps per second = 96.91
Function evals per second = 96.91
Improvements/step = Inf
Total function evaluations = 2500001


Best candidate found: [24.9369, 10.0121, 2.00859, 2.99808, 29.293, 50.197, 20.0599, 206.38, 1.1007, 100.081, 5.16258e-6, 8.23791e-5, 0.00298628, 0.0498106, 0.399621, 1.99871]

Fitness: -25881867.074439738

-2.5881867074439738e7

[24.936876566128653, 10.012054338041745, 2.008585758532355, 2.998083187629352, 29.293029634082114, 50.19700228396343, 20.059873591701646, 206.38023419142561, 1.1007037652626852, 100.08056987817946, 5.162576560016024e-6, 8.237908146078626e-5, 0.0029862825086040337, 0.049810610965527996, 0.39962079118666616, 1.9987100211987578]

Script has finished
Wed Dec 22 03:18:33 CET 2021

------------------------------------------------------------
Sender: LSF System <schwan@makalu125>
Subject: Job 576366: <Julia_Job_parallel> in cluster <wuerfel> Done

Job <Julia_Job_parallel> was submitted from host <makalu56> by user <magr4985> in cluster <wuerfel> at Tue Dec 21 19:54:22 2021
Job was executed on host(s) <makalu125>, in queue <BatchXL>, as user <magr4985> in cluster <wuerfel> at Tue Dec 21 20:03:54 2021
</usr/scratch4/magr4985> was used as the home directory.
</usr/scratch4/magr4985/TRPL/BatchJobs/syn_data_3/Run3> was used as the working directory.
Started at Tue Dec 21 20:03:54 2021
Terminated at Wed Dec 22 03:18:33 2021
Results reported at Wed Dec 22 03:18:33 2021

Your job looked like:

------------------------------------------------------------
# LSBATCH: User input
#!/bin/csh 
#BSUB -q BatchXL 
#BSUB -R "mem > 8000 span[hosts=1] && intel_avx2" 
#BSUB -oo lsf_julia_%J.log 
#BSUB -eo lsf_julia_%J.err 
#BSUB -J Julia_Job_parallel 
#BSUB -L /bin/csh 
#BSUB -n 1 
date 
pwd 
module purge 
/usr/scratch4/magr4985/julia-1.6.2/bin/julia -t 4 /usr/scratch4/magr4985/TRPL/Programs/trpl_analysis_syn.jl 3 2500000 1 /usr/scratch4/magr4985/TRPL/BatchJobs/syn_data_3/Run3 1.0e-14 3600 "[1.0, 1.0, 1.0, 1.0, 1.0, 1.0, 1.0, 1.0, 1.0, 1.0, 1.0e-6, 1.0e-6, 1.0e-6, 1.0e-6, 1.0e-6, 1.0e-6, 1.0e-6, 1.0e-6, 1.0e-6, 1.0e-6]" "[5000.0, 5000.0, 1000.0, 1000.0, 1.0e9, 1000.0, 10000.0, 10000.0, 1000.0, 1.0e6, 5.0, 5.0, 5.0, 5.0, 5.0, 5.0, 5.0, 5.0, 5.0, 5.0]" 
date
------------------------------------------------------------

Successfully completed.

Resource usage summary:

    CPU time :                                   38051.00 sec.
    Max Memory :                                 1545.55 MB
    Average Memory :                             1150.79 MB
    Total Requested Memory :                     -
    Delta Memory :                               -
    Max Swap :                                   128 KB
    Max Processes :                              4
    Max Threads :                                12
    Run time :                                   26079 sec.
    Turnaround time :                            26651 sec.

The output (if any) is above this job summary.



PS:

Read file <lsf_julia_576366.err> for stderr output of this job.

