Warning: no access to tty (Bad file descriptor).
Thus no job control in this shell.
Warning: no access to tty (Bad file descriptor).
Thus no job control in this shell.
Sat Dec 18 15:38:00 CET 2021
/usr/scratch4/magr4985/TRPL/BatchJobs/C2702_hzb/Run7
# Thread: 4
1395566127381729158 RNG Seed
Run 1
Starting optimization with optimizer DiffEvoOpt{FitPopulation{Float64}, RadiusLimitedSelector, BlackBoxOptim.DiffEvoRandBin{3}, RandomBound{ContinuousRectSearchSpace}}
0.00 secs, 0 evals, 0 steps
30.00 secs, 3333 evals, 3225 steps, improv/step: 0.352 (last = 0.3522), fitness=-264271470.923969090
60.01 secs, 6905 evals, 6797 steps, improv/step: 0.265 (last = 0.1862), fitness=-285967433.427323997
90.02 secs, 10256 evals, 10148 steps, improv/step: 0.211 (last = 0.1006), fitness=-286867168.283833563
120.02 secs, 13709 evals, 13601 steps, improv/step: 0.182 (last = 0.0988), fitness=-287111288.358844995
150.02 secs, 17203 evals, 17095 steps, improv/step: 0.160 (last = 0.0753), fitness=-287139297.231225669
180.03 secs, 20697 evals, 20589 steps, improv/step: 0.141 (last = 0.0452), fitness=-287156352.779294550
210.03 secs, 24161 evals, 24053 steps, improv/step: 0.129 (last = 0.0612), fitness=-287174457.044482410
240.03 secs, 27743 evals, 27635 steps, improv/step: 0.122 (last = 0.0692), fitness=-287182822.309806705
270.03 secs, 31227 evals, 31119 steps, improv/step: 0.116 (last = 0.0700), fitness=-287189505.645510793
300.04 secs, 34805 evals, 34697 steps, improv/step: 0.111 (last = 0.0735), fitness=-287192146.980220318
330.04 secs, 38342 evals, 38234 steps, improv/step: 0.109 (last = 0.0843), fitness=-287196417.574746132
360.04 secs, 41850 evals, 41742 steps, improv/step: 0.107 (last = 0.0887), fitness=-287198488.285475671
390.05 secs, 45382 evals, 45274 steps, improv/step: 0.106 (last = 0.0855), fitness=-287200340.603482306
420.11 secs, 48966 evals, 48858 steps, improv/step: 0.102 (last = 0.0625), fitness=-287200910.399169087
450.11 secs, 52522 evals, 52414 steps, improv/step: 0.099 (last = 0.0554), fitness=-287201485.818798900
480.12 secs, 56172 evals, 56064 steps, improv/step: 0.097 (last = 0.0597), fitness=-287201606.187464476
510.12 secs, 59557 evals, 59449 steps, improv/step: 0.094 (last = 0.0573), fitness=-287201665.295048535
540.13 secs, 62797 evals, 62689 steps, improv/step: 0.092 (last = 0.0512), fitness=-287201713.967122018
570.13 secs, 66122 evals, 66015 steps, improv/step: 0.090 (last = 0.0472), fitness=-287201748.903016269
600.13 secs, 69378 evals, 69271 steps, improv/step: 0.088 (last = 0.0473), fitness=-287201788.641744673
630.14 secs, 72666 evals, 72559 steps, improv/step: 0.086 (last = 0.0468), fitness=-287201828.700113356
660.15 secs, 76039 evals, 75932 steps, improv/step: 0.084 (last = 0.0451), fitness=-287201870.555025160
690.16 secs, 79449 evals, 79342 steps, improv/step: 0.082 (last = 0.0393), fitness=-287201882.202572465
720.16 secs, 82873 evals, 82766 steps, improv/step: 0.081 (last = 0.0403), fitness=-287201893.181522608
750.16 secs, 86347 evals, 86241 steps, improv/step: 0.079 (last = 0.0397), fitness=-287201899.376457930
780.17 secs, 89784 evals, 89678 steps, improv/step: 0.078 (last = 0.0614), fitness=-287201928.148431361
810.17 secs, 93238 evals, 93132 steps, improv/step: 0.078 (last = 0.0686), fitness=-287202002.298682749
840.18 secs, 96740 evals, 96634 steps, improv/step: 0.078 (last = 0.0820), fitness=-287202026.549313188
870.18 secs, 100119 evals, 100013 steps, improv/step: 0.078 (last = 0.0855), fitness=-287202042.774610281
900.19 secs, 103593 evals, 103487 steps, improv/step: 0.078 (last = 0.0676), fitness=-287202050.910859644
930.20 secs, 107073 evals, 106967 steps, improv/step: 0.077 (last = 0.0517), fitness=-287202056.371443212
960.20 secs, 110401 evals, 110295 steps, improv/step: 0.076 (last = 0.0469), fitness=-287202057.862675428
990.20 secs, 113850 evals, 113744 steps, improv/step: 0.075 (last = 0.0362), fitness=-287202058.916829348
1020.24 secs, 117219 evals, 117114 steps, improv/step: 0.074 (last = 0.0386), fitness=-287202059.410444260
1050.46 secs, 120537 evals, 120432 steps, improv/step: 0.073 (last = 0.0344), fitness=-287202059.703125298
1080.46 secs, 123847 evals, 123742 steps, improv/step: 0.072 (last = 0.0396), fitness=-287202059.826685965
1110.46 secs, 127325 evals, 127220 steps, improv/step: 0.071 (last = 0.0403), fitness=-287202059.860034645
1140.50 secs, 130602 evals, 130497 steps, improv/step: 0.070 (last = 0.0360), fitness=-287202059.904596686
1170.50 secs, 134131 evals, 134026 steps, improv/step: 0.069 (last = 0.0346), fitness=-287202059.948800027
1200.50 secs, 137587 evals, 137482 steps, improv/step: 0.068 (last = 0.0356), fitness=-287202059.972603858
1230.51 secs, 141099 evals, 140996 steps, improv/step: 0.068 (last = 0.0333), fitness=-287202059.985036731
1260.51 secs, 144919 evals, 144816 steps, improv/step: 0.066 (last = 0.0230), fitness=-287202059.986596525
1290.51 secs, 148808 evals, 148705 steps, improv/step: 0.065 (last = 0.0311), fitness=-287202060.002314687
1320.51 secs, 152853 evals, 152750 steps, improv/step: 0.064 (last = 0.0304), fitness=-287202060.008997917
1350.51 secs, 156850 evals, 156747 steps, improv/step: 0.064 (last = 0.0350), fitness=-287202060.014493108
1380.52 secs, 160723 evals, 160621 steps, improv/step: 0.063 (last = 0.0426), fitness=-287202060.021660805
1410.52 secs, 164645 evals, 164543 steps, improv/step: 0.063 (last = 0.0388), fitness=-287202060.027414024
1440.53 secs, 168591 evals, 168489 steps, improv/step: 0.062 (last = 0.0466), fitness=-287202060.034313679
1470.53 secs, 172610 evals, 172508 steps, improv/step: 0.062 (last = 0.0453), fitness=-287202060.064883351
1500.53 secs, 176509 evals, 176407 steps, improv/step: 0.061 (last = 0.0400), fitness=-287202060.095991611
1530.54 secs, 180307 evals, 180206 steps, improv/step: 0.061 (last = 0.0311), fitness=-287202060.103992999
1560.54 secs, 184170 evals, 184071 steps, improv/step: 0.060 (last = 0.0233), fitness=-287202060.117947459
1590.54 secs, 187980 evals, 187883 steps, improv/step: 0.059 (last = 0.0205), fitness=-287202060.130180657
1620.54 secs, 191868 evals, 191771 steps, improv/step: 0.058 (last = 0.0229), fitness=-287202060.147934139
1650.54 secs, 195796 evals, 195699 steps, improv/step: 0.058 (last = 0.0199), fitness=-287202060.157520413
1680.62 secs, 199611 evals, 199514 steps, improv/step: 0.057 (last = 0.0199), fitness=-287202060.173625112
1710.63 secs, 203396 evals, 203299 steps, improv/step: 0.056 (last = 0.0217), fitness=-287202060.183273673
1740.63 secs, 207302 evals, 207207 steps, improv/step: 0.056 (last = 0.0251), fitness=-287202060.212059498
1770.63 secs, 211115 evals, 211021 steps, improv/step: 0.055 (last = 0.0210), fitness=-287202060.219520509
1800.64 secs, 214892 evals, 214798 steps, improv/step: 0.054 (last = 0.0225), fitness=-287202060.232502341
1830.64 secs, 218639 evals, 218545 steps, improv/step: 0.054 (last = 0.0291), fitness=-287202060.246614933
1860.65 secs, 222325 evals, 222231 steps, improv/step: 0.054 (last = 0.0244), fitness=-287202060.260740399
1890.65 secs, 226070 evals, 225977 steps, improv/step: 0.053 (last = 0.0216), fitness=-287202060.277131677
1920.66 secs, 229863 evals, 229771 steps, improv/step: 0.053 (last = 0.0269), fitness=-287202060.328660071
1950.66 secs, 233674 evals, 233582 steps, improv/step: 0.052 (last = 0.0289), fitness=-287202060.351519763
1980.66 secs, 237439 evals, 237347 steps, improv/step: 0.052 (last = 0.0255), fitness=-287202060.377858877
2010.66 secs, 241202 evals, 241110 steps, improv/step: 0.051 (last = 0.0247), fitness=-287202060.399496675
2040.69 secs, 244943 evals, 244851 steps, improv/step: 0.051 (last = 0.0241), fitness=-287202060.412442803
2070.73 secs, 248746 evals, 248654 steps, improv/step: 0.051 (last = 0.0279), fitness=-287202060.422613502
2100.79 secs, 252656 evals, 252564 steps, improv/step: 0.050 (last = 0.0256), fitness=-287202060.433212996
2130.79 secs, 256462 evals, 256370 steps, improv/step: 0.050 (last = 0.0265), fitness=-287202060.449570000
2160.80 secs, 260259 evals, 260167 steps, improv/step: 0.049 (last = 0.0182), fitness=-287202060.460116327
2190.80 secs, 264029 evals, 263937 steps, improv/step: 0.049 (last = 0.0204), fitness=-287202060.476514816
2220.86 secs, 267784 evals, 267692 steps, improv/step: 0.049 (last = 0.0205), fitness=-287202060.495791435
2250.87 secs, 271544 evals, 271453 steps, improv/step: 0.048 (last = 0.0245), fitness=-287202060.528001904
2280.87 secs, 275261 evals, 275170 steps, improv/step: 0.048 (last = 0.0231), fitness=-287202060.535758078
2310.87 secs, 278961 evals, 278871 steps, improv/step: 0.048 (last = 0.0227), fitness=-287202060.556367159
2340.88 secs, 282770 evals, 282680 steps, improv/step: 0.047 (last = 0.0210), fitness=-287202060.575798154
2370.88 secs, 286614 evals, 286525 steps, improv/step: 0.047 (last = 0.0224), fitness=-287202060.585948467
2400.96 secs, 290525 evals, 290438 steps, improv/step: 0.047 (last = 0.0253), fitness=-287202060.601261973
2430.97 secs, 294350 evals, 294263 steps, improv/step: 0.046 (last = 0.0267), fitness=-287202060.621236682
2460.97 secs, 298172 evals, 298086 steps, improv/step: 0.046 (last = 0.0262), fitness=-287202060.630073786
2490.97 secs, 301946 evals, 301862 steps, improv/step: 0.046 (last = 0.0267), fitness=-287202060.642415762
2520.98 secs, 305598 evals, 305515 steps, improv/step: 0.046 (last = 0.0238), fitness=-287202060.644643605
2550.98 secs, 309144 evals, 309061 steps, improv/step: 0.045 (last = 0.0341), fitness=-287202060.647944033
2580.99 secs, 312830 evals, 312747 steps, improv/step: 0.045 (last = 0.0410), fitness=-287202060.653779984
2610.99 secs, 316594 evals, 316512 steps, improv/step: 0.045 (last = 0.0292), fitness=-287202060.659735560
2641.00 secs, 320309 evals, 320227 steps, improv/step: 0.045 (last = 0.0331), fitness=-287202060.667062521
2671.00 secs, 323987 evals, 323906 steps, improv/step: 0.045 (last = 0.0356), fitness=-287202060.672861338
2701.01 secs, 327716 evals, 327635 steps, improv/step: 0.045 (last = 0.0402), fitness=-287202060.678747237
2731.01 secs, 331427 evals, 331346 steps, improv/step: 0.045 (last = 0.0323), fitness=-287202060.686724305
2761.01 secs, 335117 evals, 335036 steps, improv/step: 0.045 (last = 0.0333), fitness=-287202060.695120752
2791.01 secs, 338762 evals, 338681 steps, improv/step: 0.045 (last = 0.0373), fitness=-287202060.697858930
2821.10 secs, 342580 evals, 342499 steps, improv/step: 0.044 (last = 0.0306), fitness=-287202060.702289999
2851.19 secs, 346253 evals, 346174 steps, improv/step: 0.044 (last = 0.0354), fitness=-287202060.706505656
2881.19 secs, 349978 evals, 349899 steps, improv/step: 0.044 (last = 0.0376), fitness=-287202060.709328949
2911.20 secs, 353704 evals, 353625 steps, improv/step: 0.044 (last = 0.0349), fitness=-287202060.711892843
2941.20 secs, 357484 evals, 357406 steps, improv/step: 0.044 (last = 0.0317), fitness=-287202060.716864705
2971.20 secs, 361089 evals, 361011 steps, improv/step: 0.044 (last = 0.0333), fitness=-287202060.721853793
3001.20 secs, 364905 evals, 364827 steps, improv/step: 0.044 (last = 0.0464), fitness=-287202060.729826033
3031.21 secs, 368504 evals, 368426 steps, improv/step: 0.044 (last = 0.0475), fitness=-287202060.733478606
3061.21 secs, 372127 evals, 372050 steps, improv/step: 0.044 (last = 0.0326), fitness=-287202060.737109065
3091.21 secs, 375723 evals, 375646 steps, improv/step: 0.044 (last = 0.0309), fitness=-287202060.744443595
3121.22 secs, 379364 evals, 379288 steps, improv/step: 0.044 (last = 0.0354), fitness=-287202060.752556920
3151.22 secs, 383069 evals, 382993 steps, improv/step: 0.044 (last = 0.0316), fitness=-287202060.761045516
3181.22 secs, 386820 evals, 386744 steps, improv/step: 0.043 (last = 0.0352), fitness=-287202060.767837644
3211.22 secs, 390500 evals, 390424 steps, improv/step: 0.043 (last = 0.0470), fitness=-287202060.773695111
3241.23 secs, 394160 evals, 394084 steps, improv/step: 0.043 (last = 0.0440), fitness=-287202060.778282285
3271.24 secs, 397833 evals, 397758 steps, improv/step: 0.043 (last = 0.0411), fitness=-287202060.787845612
3301.24 secs, 401544 evals, 401469 steps, improv/step: 0.043 (last = 0.0340), fitness=-287202060.797827721
3331.25 secs, 405092 evals, 405018 steps, improv/step: 0.043 (last = 0.0411), fitness=-287202060.801719904
3361.25 secs, 408671 evals, 408597 steps, improv/step: 0.043 (last = 0.0374), fitness=-287202060.815551281
3391.36 secs, 411942 evals, 411869 steps, improv/step: 0.043 (last = 0.0348), fitness=-287202060.823701382
3421.36 secs, 415148 evals, 415076 steps, improv/step: 0.043 (last = 0.0408), fitness=-287202060.830247402
3451.36 secs, 418550 evals, 418478 steps, improv/step: 0.043 (last = 0.0423), fitness=-287202060.836171508
3481.37 secs, 422137 evals, 422067 steps, improv/step: 0.043 (last = 0.0362), fitness=-287202060.845553577
3511.37 secs, 425691 evals, 425621 steps, improv/step: 0.043 (last = 0.0402), fitness=-287202060.850735366
3541.38 secs, 429327 evals, 429258 steps, improv/step: 0.043 (last = 0.0374), fitness=-287202060.859929323
3571.38 secs, 432899 evals, 432831 steps, improv/step: 0.043 (last = 0.0252), fitness=-287202060.862110555
3601.38 secs, 436564 evals, 436498 steps, improv/step: 0.043 (last = 0.0265), fitness=-287202060.867713451
3631.38 secs, 440205 evals, 440139 steps, improv/step: 0.043 (last = 0.0266), fitness=-287202060.872943699
3661.38 secs, 443591 evals, 443525 steps, improv/step: 0.043 (last = 0.0411), fitness=-287202060.881003022
3691.39 secs, 447237 evals, 447171 steps, improv/step: 0.043 (last = 0.0450), fitness=-287202060.887191176
3721.39 secs, 450927 evals, 450862 steps, improv/step: 0.043 (last = 0.0425), fitness=-287202060.891518593
3751.39 secs, 454539 evals, 454475 steps, improv/step: 0.043 (last = 0.0421), fitness=-287202060.895409226
3781.40 secs, 458088 evals, 458024 steps, improv/step: 0.043 (last = 0.0437), fitness=-287202060.907452345
3811.40 secs, 461756 evals, 461692 steps, improv/step: 0.043 (last = 0.0376), fitness=-287202060.926298261
3841.40 secs, 465447 evals, 465385 steps, improv/step: 0.043 (last = 0.0287), fitness=-287202060.943651795
3871.40 secs, 469068 evals, 469006 steps, improv/step: 0.042 (last = 0.0304), fitness=-287202060.964420855
3901.50 secs, 472890 evals, 472828 steps, improv/step: 0.042 (last = 0.0235), fitness=-287202060.975076079
3931.53 secs, 476630 evals, 476568 steps, improv/step: 0.042 (last = 0.0235), fitness=-287202060.984931290
3961.55 secs, 480278 evals, 480218 steps, improv/step: 0.042 (last = 0.0225), fitness=-287202060.999761343
3991.55 secs, 483924 evals, 483865 steps, improv/step: 0.042 (last = 0.0293), fitness=-287202061.019401968
4021.56 secs, 487531 evals, 487472 steps, improv/step: 0.042 (last = 0.0238), fitness=-287202061.025371790
4051.56 secs, 491145 evals, 491086 steps, improv/step: 0.042 (last = 0.0288), fitness=-287202061.040780067
4081.57 secs, 494746 evals, 494688 steps, improv/step: 0.042 (last = 0.0247), fitness=-287202061.046926558
4111.57 secs, 498429 evals, 498371 steps, improv/step: 0.041 (last = 0.0312), fitness=-287202061.059216976
4141.57 secs, 502097 evals, 502039 steps, improv/step: 0.041 (last = 0.0311), fitness=-287202061.077166200
4171.58 secs, 505743 evals, 505685 steps, improv/step: 0.041 (last = 0.0225), fitness=-287202061.085584402
4201.59 secs, 509401 evals, 509344 steps, improv/step: 0.041 (last = 0.0262), fitness=-287202061.098804414
4231.59 secs, 513094 evals, 513037 steps, improv/step: 0.041 (last = 0.0192), fitness=-287202061.108127058
4261.60 secs, 516598 evals, 516542 steps, improv/step: 0.041 (last = 0.0234), fitness=-287202061.132917047
4291.60 secs, 520010 evals, 519954 steps, improv/step: 0.041 (last = 0.0305), fitness=-287202061.141340137
4321.61 secs, 523504 evals, 523449 steps, improv/step: 0.041 (last = 0.0272), fitness=-287202061.162723780
4351.61 secs, 527091 evals, 527037 steps, improv/step: 0.041 (last = 0.0348), fitness=-287202061.184436083
4381.61 secs, 530503 evals, 530450 steps, improv/step: 0.041 (last = 0.0296), fitness=-287202061.208020568
4411.61 secs, 533933 evals, 533880 steps, improv/step: 0.040 (last = 0.0239), fitness=-287202061.223199725
4441.62 secs, 537489 evals, 537437 steps, improv/step: 0.040 (last = 0.0253), fitness=-287202061.246881843
4471.62 secs, 540930 evals, 540878 steps, improv/step: 0.040 (last = 0.0198), fitness=-287202061.273907125
4501.63 secs, 544680 evals, 544628 steps, improv/step: 0.040 (last = 0.0235), fitness=-287202061.340086341
4531.64 secs, 548059 evals, 548007 steps, improv/step: 0.040 (last = 0.0237), fitness=-287202061.347132802
4561.66 secs, 551361 evals, 551311 steps, improv/step: 0.040 (last = 0.0248), fitness=-287202061.368102193
4591.66 secs, 554961 evals, 554912 steps, improv/step: 0.040 (last = 0.0225), fitness=-287202061.438984573
4621.67 secs, 558521 evals, 558473 steps, improv/step: 0.040 (last = 0.0213), fitness=-287202061.464647293
4651.67 secs, 561846 evals, 561798 steps, improv/step: 0.040 (last = 0.0208), fitness=-287202061.501220644
4681.68 secs, 565275 evals, 565229 steps, improv/step: 0.039 (last = 0.0175), fitness=-287202061.546705246
4711.68 secs, 568896 evals, 568850 steps, improv/step: 0.039 (last = 0.0124), fitness=-287202061.645750880
4741.68 secs, 572523 evals, 572479 steps, improv/step: 0.039 (last = 0.0146), fitness=-287202061.697096705
4771.68 secs, 576106 evals, 576063 steps, improv/step: 0.039 (last = 0.0134), fitness=-287202061.754305124
4801.68 secs, 579559 evals, 579517 steps, improv/step: 0.039 (last = 0.0133), fitness=-287202061.754305124
4831.68 secs, 583120 evals, 583078 steps, improv/step: 0.039 (last = 0.0152), fitness=-287202061.770513833
4861.69 secs, 586903 evals, 586861 steps, improv/step: 0.038 (last = 0.0116), fitness=-287202061.885473728
4891.69 secs, 590580 evals, 590539 steps, improv/step: 0.038 (last = 0.0166), fitness=-287202061.964063466
4921.69 secs, 594210 evals, 594171 steps, improv/step: 0.038 (last = 0.0143), fitness=-287202062.018927038
4951.70 secs, 597697 evals, 597659 steps, improv/step: 0.038 (last = 0.0129), fitness=-287202062.018927038
4981.81 secs, 601316 evals, 601278 steps, improv/step: 0.038 (last = 0.0124), fitness=-287202062.081316471
5011.81 secs, 604904 evals, 604866 steps, improv/step: 0.038 (last = 0.0123), fitness=-287202062.087666690
5041.81 secs, 608500 evals, 608463 steps, improv/step: 0.038 (last = 0.0158), fitness=-287202062.200629354
5071.81 secs, 612039 evals, 612002 steps, improv/step: 0.037 (last = 0.0127), fitness=-287202062.200629354
5101.81 secs, 615566 evals, 615531 steps, improv/step: 0.037 (last = 0.0113), fitness=-287202062.205354393
5131.82 secs, 619172 evals, 619138 steps, improv/step: 0.037 (last = 0.0141), fitness=-287202062.260008872
5161.82 secs, 622742 evals, 622708 steps, improv/step: 0.037 (last = 0.0092), fitness=-287202062.279059589
5191.83 secs, 626278 evals, 626245 steps, improv/step: 0.037 (last = 0.0099), fitness=-287202062.296327949
5221.86 secs, 629810 evals, 629779 steps, improv/step: 0.037 (last = 0.0136), fitness=-287202062.430300295
5251.86 secs, 633429 evals, 633402 steps, improv/step: 0.037 (last = 0.0127), fitness=-287202062.528166533
5281.87 secs, 637037 evals, 637011 steps, improv/step: 0.036 (last = 0.0094), fitness=-287202062.555173934
5311.87 secs, 640738 evals, 640712 steps, improv/step: 0.036 (last = 0.0141), fitness=-287202062.624238908
5341.87 secs, 644332 evals, 644307 steps, improv/step: 0.036 (last = 0.0108), fitness=-287202062.682333887
5371.87 secs, 648017 evals, 647993 steps, improv/step: 0.036 (last = 0.0174), fitness=-287202062.799460888
5401.87 secs, 651690 evals, 651666 steps, improv/step: 0.036 (last = 0.0131), fitness=-287202062.890779436
5431.87 secs, 655368 evals, 655345 steps, improv/step: 0.036 (last = 0.0169), fitness=-287202062.952318549
5462.01 secs, 659097 evals, 659074 steps, improv/step: 0.036 (last = 0.0150), fitness=-287202062.971684515
5492.01 secs, 662749 evals, 662726 steps, improv/step: 0.036 (last = 0.0137), fitness=-287202063.113229990
5522.23 secs, 666478 evals, 666456 steps, improv/step: 0.035 (last = 0.0155), fitness=-287202063.141815245
5552.23 secs, 670128 evals, 670106 steps, improv/step: 0.035 (last = 0.0101), fitness=-287202063.143308163
5582.23 secs, 673705 evals, 673683 steps, improv/step: 0.035 (last = 0.0140), fitness=-287202063.184828162
5612.23 secs, 677372 evals, 677350 steps, improv/step: 0.035 (last = 0.0117), fitness=-287202063.293625593
5642.23 secs, 681037 evals, 681015 steps, improv/step: 0.035 (last = 0.0117), fitness=-287202063.373407662
5672.23 secs, 684710 evals, 684689 steps, improv/step: 0.035 (last = 0.0147), fitness=-287202063.399398208
5702.24 secs, 688404 evals, 688385 steps, improv/step: 0.035 (last = 0.0176), fitness=-287202063.477124751
5732.24 secs, 692093 evals, 692074 steps, improv/step: 0.035 (last = 0.0125), fitness=-287202063.485807776
5762.24 secs, 695774 evals, 695755 steps, improv/step: 0.035 (last = 0.0114), fitness=-287202063.516226411
5792.25 secs, 699383 evals, 699364 steps, improv/step: 0.034 (last = 0.0086), fitness=-287202063.540263176
5822.25 secs, 703066 evals, 703048 steps, improv/step: 0.034 (last = 0.0141), fitness=-287202063.560658336
5852.26 secs, 706794 evals, 706777 steps, improv/step: 0.034 (last = 0.0129), fitness=-287202063.609760165
5882.26 secs, 710429 evals, 710412 steps, improv/step: 0.034 (last = 0.0206), fitness=-287202063.681517780
5912.26 secs, 714092 evals, 714076 steps, improv/step: 0.034 (last = 0.0166), fitness=-287202063.728219748
5942.27 secs, 717739 evals, 717724 steps, improv/step: 0.034 (last = 0.0159), fitness=-287202063.847346008
5972.40 secs, 721503 evals, 721489 steps, improv/step: 0.034 (last = 0.0181), fitness=-287202063.860809088
6002.41 secs, 725167 evals, 725155 steps, improv/step: 0.034 (last = 0.0210), fitness=-287202063.915219843
6032.41 secs, 728874 evals, 728863 steps, improv/step: 0.034 (last = 0.0159), fitness=-287202063.997480154
6062.44 secs, 732658 evals, 732649 steps, improv/step: 0.034 (last = 0.0172), fitness=-287202064.050308704
6092.45 secs, 736442 evals, 736433 steps, improv/step: 0.034 (last = 0.0140), fitness=-287202064.066563010
6122.46 secs, 740064 evals, 740056 steps, improv/step: 0.033 (last = 0.0201), fitness=-287202064.082481265
6152.46 secs, 743490 evals, 743484 steps, improv/step: 0.033 (last = 0.0155), fitness=-287202064.117691040
6182.62 secs, 747213 evals, 747208 steps, improv/step: 0.033 (last = 0.0132), fitness=-287202064.180524766
6212.63 secs, 750975 evals, 750970 steps, improv/step: 0.033 (last = 0.0109), fitness=-287202064.220795035
6242.63 secs, 754910 evals, 754907 steps, improv/step: 0.033 (last = 0.0160), fitness=-287202064.237089157
6272.63 secs, 758820 evals, 758818 steps, improv/step: 0.033 (last = 0.0143), fitness=-287202064.275217891
6302.63 secs, 762436 evals, 762434 steps, improv/step: 0.033 (last = 0.0116), fitness=-287202064.372251034
6332.64 secs, 766067 evals, 766065 steps, improv/step: 0.033 (last = 0.0124), fitness=-287202064.386138201
6362.64 secs, 769750 evals, 769749 steps, improv/step: 0.033 (last = 0.0168), fitness=-287202064.418707430
6392.64 secs, 773188 evals, 773187 steps, improv/step: 0.033 (last = 0.0198), fitness=-287202064.470620155
6422.65 secs, 776787 evals, 776786 steps, improv/step: 0.033 (last = 0.0181), fitness=-287202064.542019188
6452.90 secs, 780594 evals, 780593 steps, improv/step: 0.033 (last = 0.0189), fitness=-287202064.654122531
6482.91 secs, 784356 evals, 784356 steps, improv/step: 0.032 (last = 0.0162), fitness=-287202064.691962600
6512.91 secs, 788041 evals, 788042 steps, improv/step: 0.032 (last = 0.0160), fitness=-287202064.755724549
6542.91 secs, 791955 evals, 791956 steps, improv/step: 0.032 (last = 0.0161), fitness=-287202064.867821753
6572.92 secs, 795829 evals, 795832 steps, improv/step: 0.032 (last = 0.0142), fitness=-287202064.946979403
6602.92 secs, 799709 evals, 799712 steps, improv/step: 0.032 (last = 0.0175), fitness=-287202064.971476614
6633.01 secs, 803539 evals, 803542 steps, improv/step: 0.032 (last = 0.0157), fitness=-287202065.027419269
6663.01 secs, 807354 evals, 807359 steps, improv/step: 0.032 (last = 0.0134), fitness=-287202065.088308930
6693.02 secs, 810998 evals, 811003 steps, improv/step: 0.032 (last = 0.0145), fitness=-287202065.251752734
6723.02 secs, 814668 evals, 814673 steps, improv/step: 0.032 (last = 0.0128), fitness=-287202065.251752734
6753.06 secs, 818564 evals, 818570 steps, improv/step: 0.032 (last = 0.0123), fitness=-287202065.251752734
6783.06 secs, 822444 evals, 822452 steps, improv/step: 0.032 (last = 0.0131), fitness=-287202065.255278945
6813.07 secs, 826209 evals, 826218 steps, improv/step: 0.032 (last = 0.0106), fitness=-287202065.364437580
6843.07 secs, 830006 evals, 830016 steps, improv/step: 0.031 (last = 0.0126), fitness=-287202065.406553864
6873.07 secs, 833800 evals, 833812 steps, improv/step: 0.031 (last = 0.0126), fitness=-287202065.459575534
6903.08 secs, 837613 evals, 837627 steps, improv/step: 0.031 (last = 0.0131), fitness=-287202065.534309149
6933.08 secs, 841604 evals, 841618 steps, improv/step: 0.031 (last = 0.0148), fitness=-287202065.722723842
6963.08 secs, 845419 evals, 845433 steps, improv/step: 0.031 (last = 0.0136), fitness=-287202065.756464779
6993.22 secs, 849148 evals, 849164 steps, improv/step: 0.031 (last = 0.0180), fitness=-287202065.810450375
7023.22 secs, 852986 evals, 853004 steps, improv/step: 0.031 (last = 0.0138), fitness=-287202065.965924442
7053.23 secs, 856780 evals, 856798 steps, improv/step: 0.031 (last = 0.0116), fitness=-287202066.027117252
7083.30 secs, 860658 evals, 860677 steps, improv/step: 0.031 (last = 0.0137), fitness=-287202066.213712394
7113.31 secs, 864276 evals, 864296 steps, improv/step: 0.031 (last = 0.0141), fitness=-287202066.251081705
7143.31 secs, 868038 evals, 868058 steps, improv/step: 0.031 (last = 0.0159), fitness=-287202066.281174779
7173.31 secs, 871878 evals, 871900 steps, improv/step: 0.031 (last = 0.0112), fitness=-287202066.395713925
7203.31 secs, 875560 evals, 875582 steps, improv/step: 0.030 (last = 0.0133), fitness=-287202066.514555216
7233.32 secs, 879241 evals, 879264 steps, improv/step: 0.030 (last = 0.0120), fitness=-287202066.606292248
7263.32 secs, 882937 evals, 882961 steps, improv/step: 0.030 (last = 0.0173), fitness=-287202066.606292248
7293.33 secs, 886790 evals, 886814 steps, improv/step: 0.030 (last = 0.0161), fitness=-287202066.752634525
7323.33 secs, 890475 evals, 890500 steps, improv/step: 0.030 (last = 0.0182), fitness=-287202066.752634525
7353.33 secs, 894202 evals, 894230 steps, improv/step: 0.030 (last = 0.0147), fitness=-287202066.799275994
7383.34 secs, 898023 evals, 898053 steps, improv/step: 0.030 (last = 0.0222), fitness=-287202066.897338510
7413.34 secs, 901667 evals, 901697 steps, improv/step: 0.030 (last = 0.0206), fitness=-287202066.980099857
7443.34 secs, 905177 evals, 905208 steps, improv/step: 0.030 (last = 0.0159), fitness=-287202066.980099857
7473.35 secs, 908655 evals, 908686 steps, improv/step: 0.030 (last = 0.0184), fitness=-287202067.047322869
7503.58 secs, 912289 evals, 912320 steps, improv/step: 0.030 (last = 0.0154), fitness=-287202067.099597692
7533.58 secs, 915653 evals, 915684 steps, improv/step: 0.030 (last = 0.0166), fitness=-287202067.229943633
7563.59 secs, 919224 evals, 919258 steps, improv/step: 0.030 (last = 0.0132), fitness=-287202067.324061394
7593.59 secs, 922907 evals, 922943 steps, improv/step: 0.030 (last = 0.0125), fitness=-287202067.324061394
7623.60 secs, 926723 evals, 926760 steps, improv/step: 0.030 (last = 0.0173), fitness=-287202067.371269405
7653.60 secs, 930294 evals, 930332 steps, improv/step: 0.030 (last = 0.0137), fitness=-287202067.431795061
7683.60 secs, 933918 evals, 933956 steps, improv/step: 0.030 (last = 0.0124), fitness=-287202067.501381874
7713.81 secs, 937504 evals, 937542 steps, improv/step: 0.030 (last = 0.0125), fitness=-287202067.513370872
7743.82 secs, 940894 evals, 940932 steps, improv/step: 0.029 (last = 0.0139), fitness=-287202067.602198660
7773.82 secs, 944408 evals, 944448 steps, improv/step: 0.029 (last = 0.0142), fitness=-287202067.640744388
7803.82 secs, 947966 evals, 948006 steps, improv/step: 0.029 (last = 0.0121), fitness=-287202067.676328123
7833.89 secs, 951438 evals, 951478 steps, improv/step: 0.029 (last = 0.0141), fitness=-287202067.866023779
7864.09 secs, 955050 evals, 955090 steps, improv/step: 0.029 (last = 0.0136), fitness=-287202067.866023779
7894.09 secs, 958512 evals, 958554 steps, improv/step: 0.029 (last = 0.0133), fitness=-287202068.017653883
7924.10 secs, 962308 evals, 962351 steps, improv/step: 0.029 (last = 0.0176), fitness=-287202068.190234423
7954.10 secs, 965958 evals, 966002 steps, improv/step: 0.029 (last = 0.0126), fitness=-287202068.335786581
7984.10 secs, 969713 evals, 969757 steps, improv/step: 0.029 (last = 0.0146), fitness=-287202068.539811969
8014.11 secs, 973272 evals, 973316 steps, improv/step: 0.029 (last = 0.0118), fitness=-287202068.633185863
8044.44 secs, 976762 evals, 976807 steps, improv/step: 0.029 (last = 0.0103), fitness=-287202068.813635528
8074.45 secs, 979996 evals, 980041 steps, improv/step: 0.029 (last = 0.0142), fitness=-287202069.049486279
8104.64 secs, 983544 evals, 983591 steps, improv/step: 0.029 (last = 0.0163), fitness=-287202069.247479618
8134.81 secs, 987053 evals, 987101 steps, improv/step: 0.029 (last = 0.0108), fitness=-287202069.247479618
8164.90 secs, 990573 evals, 990622 steps, improv/step: 0.029 (last = 0.0111), fitness=-287202069.451242566
8194.90 secs, 994067 evals, 994118 steps, improv/step: 0.029 (last = 0.0163), fitness=-287202069.573289692
8224.91 secs, 997730 evals, 997782 steps, improv/step: 0.029 (last = 0.0096), fitness=-287202069.642395079
8254.91 secs, 1000935 evals, 1000987 steps, improv/step: 0.028 (last = 0.0109), fitness=-287202069.715477943
8285.13 secs, 1004344 evals, 1004396 steps, improv/step: 0.028 (last = 0.0161), fitness=-287202069.749207795
8315.13 secs, 1007820 evals, 1007873 steps, improv/step: 0.028 (last = 0.0115), fitness=-287202069.774948359
8345.55 secs, 1011293 evals, 1011347 steps, improv/step: 0.028 (last = 0.0184), fitness=-287202069.839840233
8375.55 secs, 1014840 evals, 1014894 steps, improv/step: 0.028 (last = 0.0195), fitness=-287202069.951049447
8405.56 secs, 1018297 evals, 1018352 steps, improv/step: 0.028 (last = 0.0205), fitness=-287202069.951049447
8435.56 secs, 1021729 evals, 1021784 steps, improv/step: 0.028 (last = 0.0189), fitness=-287202069.988239586
8465.57 secs, 1025418 evals, 1025474 steps, improv/step: 0.028 (last = 0.0176), fitness=-287202070.008556724
8495.57 secs, 1029025 evals, 1029081 steps, improv/step: 0.028 (last = 0.0180), fitness=-287202070.030732870
8525.58 secs, 1032546 evals, 1032602 steps, improv/step: 0.028 (last = 0.0196), fitness=-287202070.072535813
8555.58 secs, 1036220 evals, 1036277 steps, improv/step: 0.028 (last = 0.0169), fitness=-287202070.130576372
8585.59 secs, 1039891 evals, 1039948 steps, improv/step: 0.028 (last = 0.0185), fitness=-287202070.269392133
8615.59 secs, 1043579 evals, 1043637 steps, improv/step: 0.028 (last = 0.0173), fitness=-287202070.306779742
8645.59 secs, 1047165 evals, 1047225 steps, improv/step: 0.028 (last = 0.0123), fitness=-287202070.357201993
8675.60 secs, 1050628 evals, 1050689 steps, improv/step: 0.028 (last = 0.0124), fitness=-287202070.519107401
8705.60 secs, 1054123 evals, 1054184 steps, improv/step: 0.028 (last = 0.0192), fitness=-287202070.566993952
8735.60 secs, 1057843 evals, 1057905 steps, improv/step: 0.028 (last = 0.0177), fitness=-287202070.609047830
8765.61 secs, 1061382 evals, 1061445 steps, improv/step: 0.028 (last = 0.0175), fitness=-287202070.672216356
8795.61 secs, 1065217 evals, 1065281 steps, improv/step: 0.028 (last = 0.0154), fitness=-287202070.740663290
8825.61 secs, 1068947 evals, 1069011 steps, improv/step: 0.028 (last = 0.0134), fitness=-287202070.910890579
8855.78 secs, 1072407 evals, 1072471 steps, improv/step: 0.028 (last = 0.0168), fitness=-287202070.966297090
8885.78 secs, 1075711 evals, 1075775 steps, improv/step: 0.028 (last = 0.0127), fitness=-287202070.999216199
8915.79 secs, 1079271 evals, 1079335 steps, improv/step: 0.028 (last = 0.0121), fitness=-287202071.137270689
8945.79 secs, 1082868 evals, 1082932 steps, improv/step: 0.028 (last = 0.0117), fitness=-287202071.172366917
8975.79 secs, 1086299 evals, 1086363 steps, improv/step: 0.028 (last = 0.0105), fitness=-287202071.216495037
9005.80 secs, 1089969 evals, 1090033 steps, improv/step: 0.027 (last = 0.0079), fitness=-287202071.384289384
9035.80 secs, 1093731 evals, 1093797 steps, improv/step: 0.027 (last = 0.0101), fitness=-287202071.384289384
9065.80 secs, 1097572 evals, 1097639 steps, improv/step: 0.027 (last = 0.0107), fitness=-287202071.479690790
9095.81 secs, 1101355 evals, 1101424 steps, improv/step: 0.027 (last = 0.0108), fitness=-287202071.479690790
9125.81 secs, 1105030 evals, 1105100 steps, improv/step: 0.027 (last = 0.0163), fitness=-287202071.602789879
9155.82 secs, 1108670 evals, 1108740 steps, improv/step: 0.027 (last = 0.0107), fitness=-287202071.618711174
9186.01 secs, 1112406 evals, 1112476 steps, improv/step: 0.027 (last = 0.0120), fitness=-287202071.618711174
9216.01 secs, 1115876 evals, 1115946 steps, improv/step: 0.027 (last = 0.0107), fitness=-287202071.749189138
9246.01 secs, 1119589 evals, 1119659 steps, improv/step: 0.027 (last = 0.0108), fitness=-287202071.757401586
9276.02 secs, 1123256 evals, 1123326 steps, improv/step: 0.027 (last = 0.0109), fitness=-287202071.815067172
9306.02 secs, 1126877 evals, 1126949 steps, improv/step: 0.027 (last = 0.0116), fitness=-287202071.917136848
9336.02 secs, 1130536 evals, 1130610 steps, improv/step: 0.027 (last = 0.0134), fitness=-287202072.191043675
9366.03 secs, 1134181 evals, 1134255 steps, improv/step: 0.027 (last = 0.0137), fitness=-287202072.234932661
9396.03 secs, 1137950 evals, 1138025 steps, improv/step: 0.027 (last = 0.0098), fitness=-287202072.369757175
9426.03 secs, 1141675 evals, 1141752 steps, improv/step: 0.027 (last = 0.0134), fitness=-287202072.396555722
9456.03 secs, 1145302 evals, 1145380 steps, improv/step: 0.027 (last = 0.0141), fitness=-287202072.436414540
9486.40 secs, 1148984 evals, 1149063 steps, improv/step: 0.027 (last = 0.0109), fitness=-287202072.582086086
9516.40 secs, 1152755 evals, 1152834 steps, improv/step: 0.027 (last = 0.0143), fitness=-287202072.582086086
9546.40 secs, 1156240 evals, 1156319 steps, improv/step: 0.027 (last = 0.0164), fitness=-287202072.725673199
9576.50 secs, 1159900 evals, 1159979 steps, improv/step: 0.027 (last = 0.0142), fitness=-287202072.802491426
9606.50 secs, 1163741 evals, 1163821 steps, improv/step: 0.026 (last = 0.0120), fitness=-287202072.894403338
9636.50 secs, 1167462 evals, 1167542 steps, improv/step: 0.026 (last = 0.0161), fitness=-287202072.895955384
9666.51 secs, 1171256 evals, 1171336 steps, improv/step: 0.026 (last = 0.0142), fitness=-287202072.905369282
9696.51 secs, 1174906 evals, 1174987 steps, improv/step: 0.026 (last = 0.0099), fitness=-287202072.910054564
9726.51 secs, 1178528 evals, 1178609 steps, improv/step: 0.026 (last = 0.0099), fitness=-287202072.946186602
9756.52 secs, 1182111 evals, 1182193 steps, improv/step: 0.026 (last = 0.0134), fitness=-287202073.127970219
9786.73 secs, 1185896 evals, 1185982 steps, improv/step: 0.026 (last = 0.0129), fitness=-287202073.151936471
9816.74 secs, 1189559 evals, 1189645 steps, improv/step: 0.026 (last = 0.0169), fitness=-287202073.210878015
9846.74 secs, 1193252 evals, 1193340 steps, improv/step: 0.026 (last = 0.0168), fitness=-287202073.264629066
9876.74 secs, 1196979 evals, 1197069 steps, improv/step: 0.026 (last = 0.0158), fitness=-287202073.330617726
9907.13 secs, 1200562 evals, 1200652 steps, improv/step: 0.026 (last = 0.0162), fitness=-287202073.473642170
9937.14 secs, 1204080 evals, 1204172 steps, improv/step: 0.026 (last = 0.0182), fitness=-287202073.540426433
9967.14 secs, 1207716 evals, 1207809 steps, improv/step: 0.026 (last = 0.0203), fitness=-287202073.672203720
9997.14 secs, 1211250 evals, 1211343 steps, improv/step: 0.026 (last = 0.0164), fitness=-287202073.674014628
10027.14 secs, 1214819 evals, 1214913 steps, improv/step: 0.026 (last = 0.0140), fitness=-287202073.922815561
10057.37 secs, 1218124 evals, 1218218 steps, improv/step: 0.026 (last = 0.0127), fitness=-287202073.965532720
10087.37 secs, 1221622 evals, 1221716 steps, improv/step: 0.026 (last = 0.0117), fitness=-287202074.016924441
10117.37 secs, 1224939 evals, 1225033 steps, improv/step: 0.026 (last = 0.0172), fitness=-287202074.159896135
10147.37 secs, 1228538 evals, 1228632 steps, improv/step: 0.026 (last = 0.0147), fitness=-287202074.216727734
10177.38 secs, 1232099 evals, 1232194 steps, improv/step: 0.026 (last = 0.0211), fitness=-287202074.216727734
10207.38 secs, 1235609 evals, 1235704 steps, improv/step: 0.026 (last = 0.0142), fitness=-287202074.253741384
10237.39 secs, 1239188 evals, 1239283 steps, improv/step: 0.026 (last = 0.0106), fitness=-287202074.340183496
10267.39 secs, 1242703 evals, 1242799 steps, improv/step: 0.026 (last = 0.0131), fitness=-287202074.419325650
10297.40 secs, 1246000 evals, 1246096 steps, improv/step: 0.026 (last = 0.0155), fitness=-287202074.492550552
10327.40 secs, 1249229 evals, 1249325 steps, improv/step: 0.026 (last = 0.0127), fitness=-287202074.578407526
10357.57 secs, 1252915 evals, 1253011 steps, improv/step: 0.026 (last = 0.0119), fitness=-287202074.620131612
10387.57 secs, 1256575 evals, 1256672 steps, improv/step: 0.026 (last = 0.0123), fitness=-287202074.667947948
10417.57 secs, 1260357 evals, 1260454 steps, improv/step: 0.026 (last = 0.0132), fitness=-287202074.769041896
10447.58 secs, 1264036 evals, 1264134 steps, improv/step: 0.026 (last = 0.0130), fitness=-287202074.911526442
10477.84 secs, 1267543 evals, 1267641 steps, improv/step: 0.026 (last = 0.0131), fitness=-287202074.911526442
10507.84 secs, 1271099 evals, 1271198 steps, improv/step: 0.025 (last = 0.0127), fitness=-287202074.960058689
10537.85 secs, 1274634 evals, 1274733 steps, improv/step: 0.025 (last = 0.0136), fitness=-287202075.060569644
10567.85 secs, 1278167 evals, 1278266 steps, improv/step: 0.025 (last = 0.0139), fitness=-287202075.128939033
10597.86 secs, 1281842 evals, 1281944 steps, improv/step: 0.025 (last = 0.0171), fitness=-287202075.174909234
10628.13 secs, 1285457 evals, 1285560 steps, improv/step: 0.025 (last = 0.0100), fitness=-287202075.275534630
10658.13 secs, 1289025 evals, 1289131 steps, improv/step: 0.025 (last = 0.0168), fitness=-287202075.353925526
10688.13 secs, 1292679 evals, 1292789 steps, improv/step: 0.025 (last = 0.0164), fitness=-287202075.402256846
10718.14 secs, 1296333 evals, 1296444 steps, improv/step: 0.025 (last = 0.0145), fitness=-287202075.589153051
10748.14 secs, 1299832 evals, 1299944 steps, improv/step: 0.025 (last = 0.0140), fitness=-287202075.799283683
10778.14 secs, 1303539 evals, 1303654 steps, improv/step: 0.025 (last = 0.0148), fitness=-287202075.817558765
10808.15 secs, 1307062 evals, 1307177 steps, improv/step: 0.025 (last = 0.0128), fitness=-287202075.836464465
10838.15 secs, 1310295 evals, 1310411 steps, improv/step: 0.025 (last = 0.0139), fitness=-287202075.897153974
10868.16 secs, 1314110 evals, 1314226 steps, improv/step: 0.025 (last = 0.0168), fitness=-287202076.015528560
10898.16 secs, 1317494 evals, 1317610 steps, improv/step: 0.025 (last = 0.0171), fitness=-287202076.142207265
10928.51 secs, 1321164 evals, 1321280 steps, improv/step: 0.025 (last = 0.0106), fitness=-287202076.164073229
10958.77 secs, 1324917 evals, 1325033 steps, improv/step: 0.025 (last = 0.0171), fitness=-287202076.213557541
10988.77 secs, 1328383 evals, 1328499 steps, improv/step: 0.025 (last = 0.0144), fitness=-287202076.330950499
11018.95 secs, 1332184 evals, 1332301 steps, improv/step: 0.025 (last = 0.0163), fitness=-287202076.469578862
11048.95 secs, 1335733 evals, 1335851 steps, improv/step: 0.025 (last = 0.0138), fitness=-287202076.505089283
11078.96 secs, 1339265 evals, 1339384 steps, improv/step: 0.025 (last = 0.0133), fitness=-287202076.566558957
11108.97 secs, 1342832 evals, 1342951 steps, improv/step: 0.025 (last = 0.0129), fitness=-287202076.686087847
11138.97 secs, 1346446 evals, 1346566 steps, improv/step: 0.025 (last = 0.0116), fitness=-287202076.772980928
11169.10 secs, 1350097 evals, 1350218 steps, improv/step: 0.025 (last = 0.0151), fitness=-287202076.809461594
11199.12 secs, 1353651 evals, 1353773 steps, improv/step: 0.025 (last = 0.0118), fitness=-287202077.011749744
11229.12 secs, 1357254 evals, 1357377 steps, improv/step: 0.025 (last = 0.0111), fitness=-287202077.148957372
11259.12 secs, 1361015 evals, 1361141 steps, improv/step: 0.025 (last = 0.0143), fitness=-287202077.227955520
11289.12 secs, 1364803 evals, 1364929 steps, improv/step: 0.025 (last = 0.0148), fitness=-287202077.235997558
11319.13 secs, 1368583 evals, 1368710 steps, improv/step: 0.025 (last = 0.0124), fitness=-287202077.338277996
11349.13 secs, 1372254 evals, 1372381 steps, improv/step: 0.025 (last = 0.0104), fitness=-287202077.388655961
11379.13 secs, 1375887 evals, 1376014 steps, improv/step: 0.025 (last = 0.0121), fitness=-287202077.480693281
11409.46 secs, 1379601 evals, 1379731 steps, improv/step: 0.025 (last = 0.0132), fitness=-287202077.587758899
11439.46 secs, 1383457 evals, 1383587 steps, improv/step: 0.025 (last = 0.0166), fitness=-287202077.652367294
11469.46 secs, 1387308 evals, 1387439 steps, improv/step: 0.025 (last = 0.0132), fitness=-287202077.685007691
11499.47 secs, 1390906 evals, 1391037 steps, improv/step: 0.024 (last = 0.0122), fitness=-287202077.760895371
11529.48 secs, 1394555 evals, 1394686 steps, improv/step: 0.024 (last = 0.0181), fitness=-287202077.815487146
11559.48 secs, 1398086 evals, 1398218 steps, improv/step: 0.024 (last = 0.0159), fitness=-287202077.873538911
11589.60 secs, 1401473 evals, 1401605 steps, improv/step: 0.024 (last = 0.0142), fitness=-287202077.877583027
11619.61 secs, 1405000 evals, 1405132 steps, improv/step: 0.024 (last = 0.0133), fitness=-287202077.937781215
11649.61 secs, 1408586 evals, 1408718 steps, improv/step: 0.024 (last = 0.0162), fitness=-287202078.043493569
11679.73 secs, 1412243 evals, 1412379 steps, improv/step: 0.024 (last = 0.0139), fitness=-287202078.052424669
11709.73 secs, 1415734 evals, 1415872 steps, improv/step: 0.024 (last = 0.0157), fitness=-287202078.102313101
11740.02 secs, 1419083 evals, 1419223 steps, improv/step: 0.024 (last = 0.0167), fitness=-287202078.137475133
11770.02 secs, 1422715 evals, 1422856 steps, improv/step: 0.024 (last = 0.0184), fitness=-287202078.205897927
11800.02 secs, 1426234 evals, 1426376 steps, improv/step: 0.024 (last = 0.0153), fitness=-287202078.253802657
11830.34 secs, 1429687 evals, 1429830 steps, improv/step: 0.024 (last = 0.0168), fitness=-287202078.273901820
11860.34 secs, 1433193 evals, 1433337 steps, improv/step: 0.024 (last = 0.0157), fitness=-287202078.329245746
11890.35 secs, 1437119 evals, 1437263 steps, improv/step: 0.024 (last = 0.0115), fitness=-287202078.343553007
11920.35 secs, 1440784 evals, 1440929 steps, improv/step: 0.024 (last = 0.0147), fitness=-287202078.466971695
11950.35 secs, 1444162 evals, 1444308 steps, improv/step: 0.024 (last = 0.0175), fitness=-287202078.500477612
11980.35 secs, 1447751 evals, 1447898 steps, improv/step: 0.024 (last = 0.0145), fitness=-287202078.504646897
12010.36 secs, 1451100 evals, 1451247 steps, improv/step: 0.024 (last = 0.0143), fitness=-287202078.573974490
12040.61 secs, 1454613 evals, 1454760 steps, improv/step: 0.024 (last = 0.0165), fitness=-287202078.682169020
12070.62 secs, 1458020 evals, 1458167 steps, improv/step: 0.024 (last = 0.0144), fitness=-287202078.707210839
12100.63 secs, 1461347 evals, 1461494 steps, improv/step: 0.024 (last = 0.0156), fitness=-287202078.785752952
12130.63 secs, 1464848 evals, 1464995 steps, improv/step: 0.024 (last = 0.0169), fitness=-287202078.876115739
12160.87 secs, 1468401 evals, 1468548 steps, improv/step: 0.024 (last = 0.0177), fitness=-287202078.960496426
12190.87 secs, 1471866 evals, 1472013 steps, improv/step: 0.024 (last = 0.0167), fitness=-287202079.034550190
12220.87 secs, 1475373 evals, 1475520 steps, improv/step: 0.024 (last = 0.0094), fitness=-287202079.119584918
12250.88 secs, 1479057 evals, 1479204 steps, improv/step: 0.024 (last = 0.0090), fitness=-287202079.173685789
12281.08 secs, 1482605 evals, 1482754 steps, improv/step: 0.024 (last = 0.0107), fitness=-287202079.222696364
12311.08 secs, 1486169 evals, 1486319 steps, improv/step: 0.024 (last = 0.0123), fitness=-287202079.253461957
12341.09 secs, 1489426 evals, 1489576 steps, improv/step: 0.024 (last = 0.0123), fitness=-287202079.330060601
12371.10 secs, 1493144 evals, 1493296 steps, improv/step: 0.024 (last = 0.0134), fitness=-287202079.414162159
12401.10 secs, 1496864 evals, 1497016 steps, improv/step: 0.024 (last = 0.0134), fitness=-287202079.457605898
12431.10 secs, 1500365 evals, 1500517 steps, improv/step: 0.024 (last = 0.0117), fitness=-287202079.527164817
12461.11 secs, 1504130 evals, 1504282 steps, improv/step: 0.024 (last = 0.0127), fitness=-287202079.614914954
12491.11 secs, 1507747 evals, 1507899 steps, improv/step: 0.024 (last = 0.0122), fitness=-287202079.645914018
12521.11 secs, 1511330 evals, 1511482 steps, improv/step: 0.024 (last = 0.0095), fitness=-287202079.733794272
12551.12 secs, 1515022 evals, 1515174 steps, improv/step: 0.024 (last = 0.0154), fitness=-287202079.768202662
12581.12 secs, 1518619 evals, 1518772 steps, improv/step: 0.024 (last = 0.0156), fitness=-287202079.848055661
12611.13 secs, 1522121 evals, 1522275 steps, improv/step: 0.024 (last = 0.0137), fitness=-287202079.978146076
12641.13 secs, 1525928 evals, 1526083 steps, improv/step: 0.024 (last = 0.0179), fitness=-287202080.033488691
12671.14 secs, 1529349 evals, 1529504 steps, improv/step: 0.024 (last = 0.0161), fitness=-287202080.033488691
12701.14 secs, 1533256 evals, 1533412 steps, improv/step: 0.024 (last = 0.0148), fitness=-287202080.065796137
12731.15 secs, 1537059 evals, 1537217 steps, improv/step: 0.024 (last = 0.0158), fitness=-287202080.144231319
12761.15 secs, 1540912 evals, 1541071 steps, improv/step: 0.024 (last = 0.0156), fitness=-287202080.247025609
12791.26 secs, 1544695 evals, 1544855 steps, improv/step: 0.023 (last = 0.0201), fitness=-287202080.342732966
12821.27 secs, 1548647 evals, 1548808 steps, improv/step: 0.023 (last = 0.0129), fitness=-287202080.568164945
12851.27 secs, 1552492 evals, 1552653 steps, improv/step: 0.023 (last = 0.0138), fitness=-287202080.601252913
12881.51 secs, 1556461 evals, 1556624 steps, improv/step: 0.023 (last = 0.0118), fitness=-287202080.760677338
12911.66 secs, 1560194 evals, 1560358 steps, improv/step: 0.023 (last = 0.0137), fitness=-287202080.878250241
12941.66 secs, 1564221 evals, 1564386 steps, improv/step: 0.023 (last = 0.0142), fitness=-287202080.921119452
12971.67 secs, 1568129 evals, 1568296 steps, improv/step: 0.023 (last = 0.0141), fitness=-287202081.114843667
13001.67 secs, 1572155 evals, 1572322 steps, improv/step: 0.023 (last = 0.0139), fitness=-287202081.219357491
13031.78 secs, 1576150 evals, 1576317 steps, improv/step: 0.023 (last = 0.0118), fitness=-287202081.372800171
13061.78 secs, 1580152 evals, 1580320 steps, improv/step: 0.023 (last = 0.0125), fitness=-287202081.401392579
13091.78 secs, 1584100 evals, 1584269 steps, improv/step: 0.023 (last = 0.0104), fitness=-287202081.587214172
13121.78 secs, 1588102 evals, 1588271 steps, improv/step: 0.023 (last = 0.0150), fitness=-287202081.736853540
13151.82 secs, 1591937 evals, 1592110 steps, improv/step: 0.023 (last = 0.0133), fitness=-287202081.898729086
13181.82 secs, 1595845 evals, 1596018 steps, improv/step: 0.023 (last = 0.0110), fitness=-287202081.898729086
13211.83 secs, 1599612 evals, 1599786 steps, improv/step: 0.023 (last = 0.0096), fitness=-287202081.966405809
13241.83 secs, 1603505 evals, 1603680 steps, improv/step: 0.023 (last = 0.0128), fitness=-287202082.045403779
13272.21 secs, 1607228 evals, 1607403 steps, improv/step: 0.023 (last = 0.0142), fitness=-287202082.077478170
13302.22 secs, 1611008 evals, 1611183 steps, improv/step: 0.023 (last = 0.0130), fitness=-287202082.164549828
13332.22 secs, 1614751 evals, 1614928 steps, improv/step: 0.023 (last = 0.0131), fitness=-287202082.259913325
13362.23 secs, 1618556 evals, 1618733 steps, improv/step: 0.023 (last = 0.0139), fitness=-287202082.371560276
13392.24 secs, 1622498 evals, 1622675 steps, improv/step: 0.023 (last = 0.0188), fitness=-287202082.681661069
13422.24 secs, 1626343 evals, 1626520 steps, improv/step: 0.023 (last = 0.0153), fitness=-287202082.818880737
13452.24 secs, 1630115 evals, 1630292 steps, improv/step: 0.023 (last = 0.0127), fitness=-287202082.842388391
13482.24 secs, 1633771 evals, 1633949 steps, improv/step: 0.023 (last = 0.0150), fitness=-287202083.025801241
13512.25 secs, 1637464 evals, 1637643 steps, improv/step: 0.023 (last = 0.0125), fitness=-287202083.155307055
13542.25 secs, 1640751 evals, 1640933 steps, improv/step: 0.023 (last = 0.0134), fitness=-287202083.643265903
13572.26 secs, 1644277 evals, 1644464 steps, improv/step: 0.023 (last = 0.0142), fitness=-287202083.713284552
13602.31 secs, 1647683 evals, 1647871 steps, improv/step: 0.023 (last = 0.0120), fitness=-287202083.823549867
13632.31 secs, 1651097 evals, 1651286 steps, improv/step: 0.023 (last = 0.0173), fitness=-287202083.896747470
13662.31 secs, 1654570 evals, 1654760 steps, improv/step: 0.023 (last = 0.0112), fitness=-287202083.918249309
13692.32 secs, 1657975 evals, 1658165 steps, improv/step: 0.023 (last = 0.0115), fitness=-287202084.034461617
13722.49 secs, 1661156 evals, 1661347 steps, improv/step: 0.023 (last = 0.0110), fitness=-287202084.053166270
13752.49 secs, 1664525 evals, 1664716 steps, improv/step: 0.023 (last = 0.0101), fitness=-287202084.168214738
13782.50 secs, 1667936 evals, 1668127 steps, improv/step: 0.023 (last = 0.0120), fitness=-287202084.284090638
13812.50 secs, 1671281 evals, 1671472 steps, improv/step: 0.023 (last = 0.0129), fitness=-287202084.425152779
13842.50 secs, 1674528 evals, 1674722 steps, improv/step: 0.023 (last = 0.0086), fitness=-287202084.565887272
13872.51 secs, 1677756 evals, 1677950 steps, improv/step: 0.023 (last = 0.0133), fitness=-287202084.645708144
13902.92 secs, 1681053 evals, 1681248 steps, improv/step: 0.023 (last = 0.0112), fitness=-287202084.855148077
13932.93 secs, 1684334 evals, 1684530 steps, improv/step: 0.023 (last = 0.0146), fitness=-287202084.947583437
13962.93 secs, 1687588 evals, 1687785 steps, improv/step: 0.023 (last = 0.0120), fitness=-287202085.098186970
13992.94 secs, 1690829 evals, 1691027 steps, improv/step: 0.023 (last = 0.0114), fitness=-287202085.098186970
14022.94 secs, 1694132 evals, 1694330 steps, improv/step: 0.023 (last = 0.0176), fitness=-287202085.186807096
14052.95 secs, 1697377 evals, 1697575 steps, improv/step: 0.023 (last = 0.0139), fitness=-287202085.226566672
14083.09 secs, 1700496 evals, 1700694 steps, improv/step: 0.023 (last = 0.0122), fitness=-287202085.511974812
14113.10 secs, 1703698 evals, 1703896 steps, improv/step: 0.023 (last = 0.0128), fitness=-287202085.511974812
14143.11 secs, 1706955 evals, 1707153 steps, improv/step: 0.022 (last = 0.0104), fitness=-287202085.511974812
14173.11 secs, 1710190 evals, 1710389 steps, improv/step: 0.022 (last = 0.0090), fitness=-287202085.520688534
14203.12 secs, 1713391 evals, 1713590 steps, improv/step: 0.022 (last = 0.0103), fitness=-287202085.602518022
14233.13 secs, 1716539 evals, 1716738 steps, improv/step: 0.022 (last = 0.0127), fitness=-287202085.792926669
14263.14 secs, 1719757 evals, 1719956 steps, improv/step: 0.022 (last = 0.0137), fitness=-287202085.845268607
14293.53 secs, 1722873 evals, 1723073 steps, improv/step: 0.022 (last = 0.0099), fitness=-287202085.991228640
14323.54 secs, 1725975 evals, 1726175 steps, improv/step: 0.022 (last = 0.0126), fitness=-287202085.991228640
14353.54 secs, 1729208 evals, 1729408 steps, improv/step: 0.022 (last = 0.0105), fitness=-287202086.045981944
14384.01 secs, 1732449 evals, 1732650 steps, improv/step: 0.022 (last = 0.0096), fitness=-287202086.152667880
14414.02 secs, 1735652 evals, 1735853 steps, improv/step: 0.022 (last = 0.0131), fitness=-287202086.186003327
14444.02 secs, 1738860 evals, 1739062 steps, improv/step: 0.022 (last = 0.0212), fitness=-287202086.208101094
14474.03 secs, 1741971 evals, 1742173 steps, improv/step: 0.022 (last = 0.0215), fitness=-287202086.335895479
14504.17 secs, 1745177 evals, 1745381 steps, improv/step: 0.022 (last = 0.0196), fitness=-287202086.398846626
14534.17 secs, 1748408 evals, 1748613 steps, improv/step: 0.022 (last = 0.0179), fitness=-287202086.565723777
14564.17 secs, 1751565 evals, 1751770 steps, improv/step: 0.022 (last = 0.0130), fitness=-287202086.565723777
14594.18 secs, 1754805 evals, 1755011 steps, improv/step: 0.022 (last = 0.0173), fitness=-287202086.886522174
14624.18 secs, 1757919 evals, 1758127 steps, improv/step: 0.022 (last = 0.0141), fitness=-287202086.942226648
14654.19 secs, 1761033 evals, 1761242 steps, improv/step: 0.022 (last = 0.0170), fitness=-287202086.996591806
14684.19 secs, 1764163 evals, 1764372 steps, improv/step: 0.022 (last = 0.0147), fitness=-287202087.178587794
14714.19 secs, 1767389 evals, 1767598 steps, improv/step: 0.022 (last = 0.0102), fitness=-287202087.206870556
14744.20 secs, 1770412 evals, 1770622 steps, improv/step: 0.022 (last = 0.0132), fitness=-287202087.293498337
14774.20 secs, 1773553 evals, 1773765 steps, improv/step: 0.022 (last = 0.0115), fitness=-287202087.329920530
14804.20 secs, 1776668 evals, 1776880 steps, improv/step: 0.022 (last = 0.0138), fitness=-287202087.411316156
14834.20 secs, 1779783 evals, 1779995 steps, improv/step: 0.022 (last = 0.0173), fitness=-287202087.533580422
14864.20 secs, 1783026 evals, 1783242 steps, improv/step: 0.022 (last = 0.0160), fitness=-287202087.588082552
14894.20 secs, 1786196 evals, 1786412 steps, improv/step: 0.022 (last = 0.0177), fitness=-287202087.626578331
14924.21 secs, 1789279 evals, 1789499 steps, improv/step: 0.022 (last = 0.0136), fitness=-287202087.694674492
14954.66 secs, 1792353 evals, 1792575 steps, improv/step: 0.022 (last = 0.0120), fitness=-287202087.848469436
14984.76 secs, 1795540 evals, 1795763 steps, improv/step: 0.022 (last = 0.0122), fitness=-287202087.894063592
15015.21 secs, 1798732 evals, 1798955 steps, improv/step: 0.022 (last = 0.0135), fitness=-287202087.899956882
15045.56 secs, 1801930 evals, 1802153 steps, improv/step: 0.022 (last = 0.0156), fitness=-287202087.899956882
15075.57 secs, 1804948 evals, 1805172 steps, improv/step: 0.022 (last = 0.0103), fitness=-287202087.961899459
15105.57 secs, 1808062 evals, 1808286 steps, improv/step: 0.022 (last = 0.0148), fitness=-287202088.243852019
15135.58 secs, 1811319 evals, 1811543 steps, improv/step: 0.022 (last = 0.0154), fitness=-287202088.243852019
15165.59 secs, 1814413 evals, 1814637 steps, improv/step: 0.022 (last = 0.0110), fitness=-287202088.243852019
15195.95 secs, 1817636 evals, 1817860 steps, improv/step: 0.022 (last = 0.0121), fitness=-287202088.243852019
15225.95 secs, 1820750 evals, 1820975 steps, improv/step: 0.022 (last = 0.0106), fitness=-287202088.243852019
15255.96 secs, 1823894 evals, 1824119 steps, improv/step: 0.022 (last = 0.0089), fitness=-287202088.282092333
15285.96 secs, 1827055 evals, 1827281 steps, improv/step: 0.022 (last = 0.0108), fitness=-287202088.478325844
15316.44 secs, 1830220 evals, 1830447 steps, improv/step: 0.022 (last = 0.0126), fitness=-287202088.563639820
15346.45 secs, 1833478 evals, 1833706 steps, improv/step: 0.022 (last = 0.0144), fitness=-287202088.570056677
15376.45 secs, 1836684 evals, 1836913 steps, improv/step: 0.022 (last = 0.0162), fitness=-287202088.680956662
15406.45 secs, 1839834 evals, 1840064 steps, improv/step: 0.022 (last = 0.0156), fitness=-287202088.680956662
15436.45 secs, 1842987 evals, 1843217 steps, improv/step: 0.022 (last = 0.0073), fitness=-287202088.680956662
15466.46 secs, 1846137 evals, 1846367 steps, improv/step: 0.022 (last = 0.0127), fitness=-287202088.711659014
15496.47 secs, 1849278 evals, 1849508 steps, improv/step: 0.022 (last = 0.0083), fitness=-287202088.808600724
15526.48 secs, 1852356 evals, 1852586 steps, improv/step: 0.022 (last = 0.0136), fitness=-287202088.834143698
15556.48 secs, 1855612 evals, 1855842 steps, improv/step: 0.022 (last = 0.0120), fitness=-287202088.898478031
15586.76 secs, 1858554 evals, 1858784 steps, improv/step: 0.022 (last = 0.0136), fitness=-287202088.898478031
15616.78 secs, 1861679 evals, 1861910 steps, improv/step: 0.022 (last = 0.0112), fitness=-287202088.953870177
15646.78 secs, 1864803 evals, 1865034 steps, improv/step: 0.022 (last = 0.0109), fitness=-287202089.040609717
15676.79 secs, 1867953 evals, 1868185 steps, improv/step: 0.022 (last = 0.0165), fitness=-287202089.102060139
15706.79 secs, 1871047 evals, 1871279 steps, improv/step: 0.022 (last = 0.0155), fitness=-287202089.161233783
15736.80 secs, 1874096 evals, 1874328 steps, improv/step: 0.022 (last = 0.0108), fitness=-287202089.213650942
15766.80 secs, 1877081 evals, 1877314 steps, improv/step: 0.022 (last = 0.0131), fitness=-287202089.219174743
15796.80 secs, 1880043 evals, 1880278 steps, improv/step: 0.022 (last = 0.0148), fitness=-287202089.430854261
15826.81 secs, 1883000 evals, 1883236 steps, improv/step: 0.022 (last = 0.0162), fitness=-287202089.437671065
15856.82 secs, 1886039 evals, 1886277 steps, improv/step: 0.022 (last = 0.0158), fitness=-287202089.500777781
15886.82 secs, 1889070 evals, 1889308 steps, improv/step: 0.022 (last = 0.0122), fitness=-287202089.547271788
15916.83 secs, 1892088 evals, 1892328 steps, improv/step: 0.022 (last = 0.0103), fitness=-287202089.705045700
15946.83 secs, 1895062 evals, 1895302 steps, improv/step: 0.022 (last = 0.0158), fitness=-287202089.747312129
15976.84 secs, 1897963 evals, 1898204 steps, improv/step: 0.022 (last = 0.0169), fitness=-287202090.027675271
16006.85 secs, 1900871 evals, 1901113 steps, improv/step: 0.022 (last = 0.0107), fitness=-287202090.119098961
16036.85 secs, 1903990 evals, 1904233 steps, improv/step: 0.022 (last = 0.0154), fitness=-287202090.138806760
16066.85 secs, 1907037 evals, 1907281 steps, improv/step: 0.022 (last = 0.0197), fitness=-287202090.188428342
16096.86 secs, 1909859 evals, 1910105 steps, improv/step: 0.022 (last = 0.0142), fitness=-287202090.291216612
16126.86 secs, 1912750 evals, 1912998 steps, improv/step: 0.022 (last = 0.0156), fitness=-287202090.524086595
16156.87 secs, 1915782 evals, 1916033 steps, improv/step: 0.022 (last = 0.0112), fitness=-287202090.529778123
16186.88 secs, 1918922 evals, 1919174 steps, improv/step: 0.022 (last = 0.0169), fitness=-287202090.596723199
16216.88 secs, 1922018 evals, 1922271 steps, improv/step: 0.022 (last = 0.0103), fitness=-287202090.712411761
16246.88 secs, 1925071 evals, 1925326 steps, improv/step: 0.021 (last = 0.0115), fitness=-287202090.720898867
16277.79 secs, 1928153 evals, 1928408 steps, improv/step: 0.021 (last = 0.0159), fitness=-287202090.867429256
16307.80 secs, 1931252 evals, 1931508 steps, improv/step: 0.021 (last = 0.0155), fitness=-287202091.036698818
16337.80 secs, 1934276 evals, 1934532 steps, improv/step: 0.021 (last = 0.0146), fitness=-287202091.085612059
16367.81 secs, 1937281 evals, 1937540 steps, improv/step: 0.021 (last = 0.0133), fitness=-287202091.104851961
16397.81 secs, 1940518 evals, 1940780 steps, improv/step: 0.021 (last = 0.0130), fitness=-287202091.207923532
16427.81 secs, 1943650 evals, 1943913 steps, improv/step: 0.021 (last = 0.0137), fitness=-287202091.324155152
16457.81 secs, 1946743 evals, 1947007 steps, improv/step: 0.021 (last = 0.0133), fitness=-287202091.324155152
16487.82 secs, 1949882 evals, 1950146 steps, improv/step: 0.021 (last = 0.0127), fitness=-287202091.348350525
16517.82 secs, 1952967 evals, 1953231 steps, improv/step: 0.021 (last = 0.0110), fitness=-287202091.348350525
16547.82 secs, 1956027 evals, 1956292 steps, improv/step: 0.021 (last = 0.0095), fitness=-287202091.389386117
16577.83 secs, 1958970 evals, 1959235 steps, improv/step: 0.021 (last = 0.0129), fitness=-287202091.445316613
16607.83 secs, 1962000 evals, 1962265 steps, improv/step: 0.021 (last = 0.0112), fitness=-287202091.488272011
16638.06 secs, 1965198 evals, 1965463 steps, improv/step: 0.021 (last = 0.0109), fitness=-287202091.488272011
16668.09 secs, 1968283 evals, 1968548 steps, improv/step: 0.021 (last = 0.0156), fitness=-287202091.587617874
16698.10 secs, 1971461 evals, 1971726 steps, improv/step: 0.021 (last = 0.0167), fitness=-287202091.621026158
16728.11 secs, 1974684 evals, 1974950 steps, improv/step: 0.021 (last = 0.0136), fitness=-287202091.657115340
16758.11 secs, 1977886 evals, 1978153 steps, improv/step: 0.021 (last = 0.0197), fitness=-287202091.720405221
16788.12 secs, 1981051 evals, 1981318 steps, improv/step: 0.021 (last = 0.0126), fitness=-287202091.720405221
16818.12 secs, 1984164 evals, 1984431 steps, improv/step: 0.021 (last = 0.0141), fitness=-287202091.890370190
16848.13 secs, 1987283 evals, 1987550 steps, improv/step: 0.021 (last = 0.0112), fitness=-287202091.890370190
16878.14 secs, 1990376 evals, 1990644 steps, improv/step: 0.021 (last = 0.0142), fitness=-287202091.929713130
16908.67 secs, 1993515 evals, 1993784 steps, improv/step: 0.021 (last = 0.0131), fitness=-287202091.937601745
16939.09 secs, 1996641 evals, 1996911 steps, improv/step: 0.021 (last = 0.0118), fitness=-287202091.937601745
16969.09 secs, 1999818 evals, 2000088 steps, improv/step: 0.021 (last = 0.0145), fitness=-287202092.030358553
16999.10 secs, 2002991 evals, 2003262 steps, improv/step: 0.021 (last = 0.0151), fitness=-287202092.101237595
17029.10 secs, 2006208 evals, 2006480 steps, improv/step: 0.021 (last = 0.0152), fitness=-287202092.101237595
17059.10 secs, 2009399 evals, 2009671 steps, improv/step: 0.021 (last = 0.0138), fitness=-287202092.101237595
17089.10 secs, 2012576 evals, 2012848 steps, improv/step: 0.021 (last = 0.0138), fitness=-287202092.156542599
17119.11 secs, 2015623 evals, 2015896 steps, improv/step: 0.021 (last = 0.0151), fitness=-287202092.169296801
17149.60 secs, 2018652 evals, 2018925 steps, improv/step: 0.021 (last = 0.0099), fitness=-287202092.169296801
17179.61 secs, 2021787 evals, 2022060 steps, improv/step: 0.021 (last = 0.0112), fitness=-287202092.205006957
17209.84 secs, 2024982 evals, 2025256 steps, improv/step: 0.021 (last = 0.0116), fitness=-287202092.290312886
17239.85 secs, 2028207 evals, 2028483 steps, improv/step: 0.021 (last = 0.0136), fitness=-287202092.294005632
17269.85 secs, 2031376 evals, 2031653 steps, improv/step: 0.021 (last = 0.0189), fitness=-287202092.315161347
17299.86 secs, 2034505 evals, 2034782 steps, improv/step: 0.021 (last = 0.0157), fitness=-287202092.432842493
17329.86 secs, 2037494 evals, 2037771 steps, improv/step: 0.021 (last = 0.0104), fitness=-287202092.432842493
17359.87 secs, 2040650 evals, 2040927 steps, improv/step: 0.021 (last = 0.0111), fitness=-287202092.432842493
17389.87 secs, 2043688 evals, 2043965 steps, improv/step: 0.021 (last = 0.0165), fitness=-287202092.531986952
17420.18 secs, 2046884 evals, 2047164 steps, improv/step: 0.021 (last = 0.0134), fitness=-287202092.561948538
17450.18 secs, 2050033 evals, 2050313 steps, improv/step: 0.021 (last = 0.0130), fitness=-287202092.561948538
17480.18 secs, 2053158 evals, 2053439 steps, improv/step: 0.021 (last = 0.0102), fitness=-287202092.567595124
17510.19 secs, 2056285 evals, 2056567 steps, improv/step: 0.021 (last = 0.0090), fitness=-287202092.619871259
17540.19 secs, 2059404 evals, 2059687 steps, improv/step: 0.021 (last = 0.0192), fitness=-287202092.647144139
17570.19 secs, 2062447 evals, 2062732 steps, improv/step: 0.021 (last = 0.0115), fitness=-287202092.667819619
17600.19 secs, 2065435 evals, 2065720 steps, improv/step: 0.021 (last = 0.0147), fitness=-287202092.705296159
17630.20 secs, 2068336 evals, 2068623 steps, improv/step: 0.021 (last = 0.0165), fitness=-287202092.709124088
17660.20 secs, 2071312 evals, 2071599 steps, improv/step: 0.021 (last = 0.0151), fitness=-287202092.777083158
17690.21 secs, 2074241 evals, 2074529 steps, improv/step: 0.021 (last = 0.0225), fitness=-287202092.781590104
17720.82 secs, 2077105 evals, 2077393 steps, improv/step: 0.021 (last = 0.0189), fitness=-287202092.796574414
17750.83 secs, 2080144 evals, 2080435 steps, improv/step: 0.021 (last = 0.0243), fitness=-287202092.811615348
17780.84 secs, 2082907 evals, 2083201 steps, improv/step: 0.021 (last = 0.0300), fitness=-287202092.873045325
17810.84 secs, 2085827 evals, 2086121 steps, improv/step: 0.021 (last = 0.0250), fitness=-287202092.883443713
17840.84 secs, 2088698 evals, 2088992 steps, improv/step: 0.021 (last = 0.0136), fitness=-287202092.895754158
17871.38 secs, 2091757 evals, 2092051 steps, improv/step: 0.021 (last = 0.0177), fitness=-287202092.957322717
17901.38 secs, 2094815 evals, 2095109 steps, improv/step: 0.021 (last = 0.0183), fitness=-287202092.983257473
17931.38 secs, 2097704 evals, 2097998 steps, improv/step: 0.021 (last = 0.0152), fitness=-287202092.983257473
17961.38 secs, 2100645 evals, 2100939 steps, improv/step: 0.021 (last = 0.0167), fitness=-287202093.019232035
17991.39 secs, 2103408 evals, 2103703 steps, improv/step: 0.021 (last = 0.0199), fitness=-287202093.045890629
18021.40 secs, 2106092 evals, 2106388 steps, improv/step: 0.021 (last = 0.0119), fitness=-287202093.078404367
18051.40 secs, 2108784 evals, 2109082 steps, improv/step: 0.021 (last = 0.0171), fitness=-287202093.078404367
18081.40 secs, 2111586 evals, 2111884 steps, improv/step: 0.021 (last = 0.0171), fitness=-287202093.078404367
18111.41 secs, 2114520 evals, 2114819 steps, improv/step: 0.021 (last = 0.0170), fitness=-287202093.113058090
18141.42 secs, 2117353 evals, 2117653 steps, improv/step: 0.021 (last = 0.0138), fitness=-287202093.129565477
18171.43 secs, 2120217 evals, 2120517 steps, improv/step: 0.021 (last = 0.0119), fitness=-287202093.182100892
18201.43 secs, 2123088 evals, 2123388 steps, improv/step: 0.021 (last = 0.0098), fitness=-287202093.222458363
18232.02 secs, 2125908 evals, 2126208 steps, improv/step: 0.021 (last = 0.0156), fitness=-287202093.266266227
18262.36 secs, 2128811 evals, 2129111 steps, improv/step: 0.021 (last = 0.0145), fitness=-287202093.299730182
18292.55 secs, 2131719 evals, 2132019 steps, improv/step: 0.021 (last = 0.0189), fitness=-287202093.332427144
18322.68 secs, 2134630 evals, 2134930 steps, improv/step: 0.021 (last = 0.0165), fitness=-287202093.332427144
18352.68 secs, 2137603 evals, 2137905 steps, improv/step: 0.021 (last = 0.0155), fitness=-287202093.363863826
18382.69 secs, 2140720 evals, 2141022 steps, improv/step: 0.021 (last = 0.0141), fitness=-287202093.378649950
18412.70 secs, 2143764 evals, 2144066 steps, improv/step: 0.021 (last = 0.0115), fitness=-287202093.393254161
18442.72 secs, 2146717 evals, 2147019 steps, improv/step: 0.021 (last = 0.0149), fitness=-287202093.415901661
18472.72 secs, 2149642 evals, 2149945 steps, improv/step: 0.021 (last = 0.0116), fitness=-287202093.482759953
18502.89 secs, 2152593 evals, 2152897 steps, improv/step: 0.021 (last = 0.0146), fitness=-287202093.501527786
18532.89 secs, 2155531 evals, 2155835 steps, improv/step: 0.021 (last = 0.0174), fitness=-287202093.519309521
18562.89 secs, 2158551 evals, 2158855 steps, improv/step: 0.021 (last = 0.0242), fitness=-287202093.552156448
18592.89 secs, 2161625 evals, 2161930 steps, improv/step: 0.021 (last = 0.0159), fitness=-287202093.603463590
18622.89 secs, 2164595 evals, 2164900 steps, improv/step: 0.021 (last = 0.0209), fitness=-287202093.643671155
18652.90 secs, 2167487 evals, 2167792 steps, improv/step: 0.021 (last = 0.0180), fitness=-287202093.661084056
18682.90 secs, 2170589 evals, 2170894 steps, improv/step: 0.021 (last = 0.0200), fitness=-287202093.685118556
18712.90 secs, 2173449 evals, 2173756 steps, improv/step: 0.021 (last = 0.0122), fitness=-287202093.733753800
18742.91 secs, 2176360 evals, 2176667 steps, improv/step: 0.021 (last = 0.0113), fitness=-287202093.733753800
18772.92 secs, 2179131 evals, 2179438 steps, improv/step: 0.021 (last = 0.0119), fitness=-287202093.797671974
18802.92 secs, 2181899 evals, 2182209 steps, improv/step: 0.021 (last = 0.0155), fitness=-287202093.840448022
18832.98 secs, 2184693 evals, 2185004 steps, improv/step: 0.021 (last = 0.0140), fitness=-287202093.840448022
18862.99 secs, 2187557 evals, 2187868 steps, improv/step: 0.021 (last = 0.0129), fitness=-287202093.864312172
18893.00 secs, 2190360 evals, 2190673 steps, improv/step: 0.021 (last = 0.0157), fitness=-287202093.889692843
18923.11 secs, 2193215 evals, 2193528 steps, improv/step: 0.021 (last = 0.0165), fitness=-287202093.904906034
18953.12 secs, 2196072 evals, 2196385 steps, improv/step: 0.021 (last = 0.0112), fitness=-287202093.923051596
18983.12 secs, 2198794 evals, 2199108 steps, improv/step: 0.021 (last = 0.0125), fitness=-287202093.962528825
19013.13 secs, 2201538 evals, 2201855 steps, improv/step: 0.021 (last = 0.0131), fitness=-287202093.964631259
19043.58 secs, 2204339 evals, 2204657 steps, improv/step: 0.021 (last = 0.0107), fitness=-287202093.999877095
19074.42 secs, 2207344 evals, 2207662 steps, improv/step: 0.021 (last = 0.0120), fitness=-287202094.033831596
19104.42 secs, 2210149 evals, 2210468 steps, improv/step: 0.021 (last = 0.0100), fitness=-287202094.088629723
19134.43 secs, 2212918 evals, 2213238 steps, improv/step: 0.021 (last = 0.0108), fitness=-287202094.088629723
19164.43 secs, 2215538 evals, 2215859 steps, improv/step: 0.021 (last = 0.0126), fitness=-287202094.102531612
19194.43 secs, 2218170 evals, 2218491 steps, improv/step: 0.021 (last = 0.0118), fitness=-287202094.102531612
19224.43 secs, 2220773 evals, 2221095 steps, improv/step: 0.021 (last = 0.0088), fitness=-287202094.125474036
19254.44 secs, 2223354 evals, 2223676 steps, improv/step: 0.021 (last = 0.0108), fitness=-287202094.152500093
19284.45 secs, 2225908 evals, 2226231 steps, improv/step: 0.021 (last = 0.0117), fitness=-287202094.163073778
19314.46 secs, 2228536 evals, 2228859 steps, improv/step: 0.021 (last = 0.0118), fitness=-287202094.183282256
19344.46 secs, 2231268 evals, 2231591 steps, improv/step: 0.021 (last = 0.0139), fitness=-287202094.183282256
19374.46 secs, 2234114 evals, 2234437 steps, improv/step: 0.021 (last = 0.0098), fitness=-287202094.183282256
19404.46 secs, 2237042 evals, 2237366 steps, improv/step: 0.021 (last = 0.0137), fitness=-287202094.199707627
19434.47 secs, 2239962 evals, 2240286 steps, improv/step: 0.020 (last = 0.0103), fitness=-287202094.199707627
19464.48 secs, 2242977 evals, 2243301 steps, improv/step: 0.020 (last = 0.0149), fitness=-287202094.207581520
19495.11 secs, 2245874 evals, 2246201 steps, improv/step: 0.020 (last = 0.0117), fitness=-287202094.213876665
19525.12 secs, 2248779 evals, 2249106 steps, improv/step: 0.020 (last = 0.0162), fitness=-287202094.227040410
19555.12 secs, 2251588 evals, 2251915 steps, improv/step: 0.020 (last = 0.0157), fitness=-287202094.260182798
19585.13 secs, 2254360 evals, 2254688 steps, improv/step: 0.020 (last = 0.0133), fitness=-287202094.265582621
19615.13 secs, 2257246 evals, 2257575 steps, improv/step: 0.020 (last = 0.0114), fitness=-287202094.307937443
19645.13 secs, 2260071 evals, 2260400 steps, improv/step: 0.020 (last = 0.0131), fitness=-287202094.311160207
19675.14 secs, 2262975 evals, 2263305 steps, improv/step: 0.020 (last = 0.0124), fitness=-287202094.311160207
19705.14 secs, 2265992 evals, 2266323 steps, improv/step: 0.020 (last = 0.0096), fitness=-287202094.327301502
19736.10 secs, 2268679 evals, 2269010 steps, improv/step: 0.020 (last = 0.0145), fitness=-287202094.345261693
19767.12 secs, 2271324 evals, 2271655 steps, improv/step: 0.020 (last = 0.0204), fitness=-287202094.357908249
19797.12 secs, 2274143 evals, 2274474 steps, improv/step: 0.020 (last = 0.0153), fitness=-287202094.379868865
19827.12 secs, 2277028 evals, 2277359 steps, improv/step: 0.020 (last = 0.0198), fitness=-287202094.403013468
19857.12 secs, 2279882 evals, 2280213 steps, improv/step: 0.020 (last = 0.0200), fitness=-287202094.430225849
19887.13 secs, 2282763 evals, 2283095 steps, improv/step: 0.020 (last = 0.0177), fitness=-287202094.442151070
19917.60 secs, 2285481 evals, 2285813 steps, improv/step: 0.020 (last = 0.0125), fitness=-287202094.452653229
19947.60 secs, 2288282 evals, 2288615 steps, improv/step: 0.020 (last = 0.0121), fitness=-287202094.556183696
19977.61 secs, 2291109 evals, 2291442 steps, improv/step: 0.020 (last = 0.0156), fitness=-287202094.591302872
20007.61 secs, 2293804 evals, 2294138 steps, improv/step: 0.020 (last = 0.0115), fitness=-287202094.619408369
20037.62 secs, 2296651 evals, 2296985 steps, improv/step: 0.020 (last = 0.0169), fitness=-287202094.620256603
20067.62 secs, 2299511 evals, 2299846 steps, improv/step: 0.020 (last = 0.0161), fitness=-287202094.702020884
20097.68 secs, 2302400 evals, 2302735 steps, improv/step: 0.020 (last = 0.0145), fitness=-287202094.732348800
20127.69 secs, 2305499 evals, 2305835 steps, improv/step: 0.020 (last = 0.0148), fitness=-287202094.842506647
20157.69 secs, 2308382 evals, 2308718 steps, improv/step: 0.020 (last = 0.0125), fitness=-287202094.842506647
20187.70 secs, 2311199 evals, 2311535 steps, improv/step: 0.020 (last = 0.0160), fitness=-287202094.872676969
20217.85 secs, 2314045 evals, 2314381 steps, improv/step: 0.020 (last = 0.0109), fitness=-287202094.888250232
20247.86 secs, 2316982 evals, 2317319 steps, improv/step: 0.020 (last = 0.0187), fitness=-287202094.892970264
20277.87 secs, 2319789 evals, 2320128 steps, improv/step: 0.020 (last = 0.0174), fitness=-287202094.926364481
20307.87 secs, 2322600 evals, 2322940 steps, improv/step: 0.020 (last = 0.0121), fitness=-287202094.945689917
20337.88 secs, 2325602 evals, 2325943 steps, improv/step: 0.020 (last = 0.0137), fitness=-287202094.979972601
20367.88 secs, 2328539 evals, 2328880 steps, improv/step: 0.020 (last = 0.0112), fitness=-287202094.982177079
20397.88 secs, 2331517 evals, 2331859 steps, improv/step: 0.020 (last = 0.0138), fitness=-287202095.012064517
20427.89 secs, 2334466 evals, 2334809 steps, improv/step: 0.020 (last = 0.0112), fitness=-287202095.084784269
20457.89 secs, 2337503 evals, 2337846 steps, improv/step: 0.020 (last = 0.0168), fitness=-287202095.141340852
20487.89 secs, 2340361 evals, 2340705 steps, improv/step: 0.020 (last = 0.0098), fitness=-287202095.141340852
20517.89 secs, 2343027 evals, 2343371 steps, improv/step: 0.020 (last = 0.0135), fitness=-287202095.167051852
20547.90 secs, 2346089 evals, 2346435 steps, improv/step: 0.020 (last = 0.0114), fitness=-287202095.167051852
20577.90 secs, 2349050 evals, 2349396 steps, improv/step: 0.020 (last = 0.0172), fitness=-287202095.175246239
20607.90 secs, 2352009 evals, 2352355 steps, improv/step: 0.020 (last = 0.0166), fitness=-287202095.214189053
20637.90 secs, 2354909 evals, 2355255 steps, improv/step: 0.020 (last = 0.0131), fitness=-287202095.270985842
20667.91 secs, 2357946 evals, 2358295 steps, improv/step: 0.020 (last = 0.0164), fitness=-287202095.270985842
20698.43 secs, 2360721 evals, 2361073 steps, improv/step: 0.020 (last = 0.0169), fitness=-287202095.289054751
20729.40 secs, 2363468 evals, 2363821 steps, improv/step: 0.020 (last = 0.0131), fitness=-287202095.291361928
20759.41 secs, 2366216 evals, 2366570 steps, improv/step: 0.020 (last = 0.0146), fitness=-287202095.318534255
20789.41 secs, 2369161 evals, 2369516 steps, improv/step: 0.020 (last = 0.0126), fitness=-287202095.348851025
20819.42 secs, 2371959 evals, 2372315 steps, improv/step: 0.020 (last = 0.0104), fitness=-287202095.376536429
20849.43 secs, 2374762 evals, 2375119 steps, improv/step: 0.020 (last = 0.0103), fitness=-287202095.376536429
20879.78 secs, 2377703 evals, 2378060 steps, improv/step: 0.020 (last = 0.0136), fitness=-287202095.383885205
20909.78 secs, 2380594 evals, 2380951 steps, improv/step: 0.020 (last = 0.0076), fitness=-287202095.399461031
20939.78 secs, 2383384 evals, 2383742 steps, improv/step: 0.020 (last = 0.0107), fitness=-287202095.407268345
20969.79 secs, 2386319 evals, 2386677 steps, improv/step: 0.020 (last = 0.0133), fitness=-287202095.434131145
20999.79 secs, 2389106 evals, 2389465 steps, improv/step: 0.020 (last = 0.0165), fitness=-287202095.442270279
21029.79 secs, 2391973 evals, 2392333 steps, improv/step: 0.020 (last = 0.0160), fitness=-287202095.477284551
21059.80 secs, 2394915 evals, 2395275 steps, improv/step: 0.020 (last = 0.0156), fitness=-287202095.506374240
21089.81 secs, 2397706 evals, 2398066 steps, improv/step: 0.020 (last = 0.0107), fitness=-287202095.506374240
21119.81 secs, 2400611 evals, 2400971 steps, improv/step: 0.020 (last = 0.0107), fitness=-287202095.516234040
21149.81 secs, 2403462 evals, 2403823 steps, improv/step: 0.020 (last = 0.0137), fitness=-287202095.519211709
21180.18 secs, 2406418 evals, 2406780 steps, improv/step: 0.020 (last = 0.0098), fitness=-287202095.566973448
21210.18 secs, 2409423 evals, 2409786 steps, improv/step: 0.020 (last = 0.0110), fitness=-287202095.578925133
21240.19 secs, 2412460 evals, 2412824 steps, improv/step: 0.020 (last = 0.0105), fitness=-287202095.578925133
21270.19 secs, 2415345 evals, 2415710 steps, improv/step: 0.020 (last = 0.0090), fitness=-287202095.578925133
21300.20 secs, 2418387 evals, 2418754 steps, improv/step: 0.020 (last = 0.0118), fitness=-287202095.596845329
21330.20 secs, 2421468 evals, 2421838 steps, improv/step: 0.020 (last = 0.0081), fitness=-287202095.596845329
21360.21 secs, 2424375 evals, 2424746 steps, improv/step: 0.020 (last = 0.0083), fitness=-287202095.599799275
21390.21 secs, 2427349 evals, 2427721 steps, improv/step: 0.020 (last = 0.0108), fitness=-287202095.604140997
21420.22 secs, 2430143 evals, 2430516 steps, improv/step: 0.020 (last = 0.0114), fitness=-287202095.604140997
21450.23 secs, 2433107 evals, 2433480 steps, improv/step: 0.020 (last = 0.0125), fitness=-287202095.620389700
21480.25 secs, 2436239 evals, 2436614 steps, improv/step: 0.020 (last = 0.0102), fitness=-287202095.625890553
21511.02 secs, 2439231 evals, 2439608 steps, improv/step: 0.020 (last = 0.0104), fitness=-287202095.642487049
21541.03 secs, 2442097 evals, 2442476 steps, improv/step: 0.020 (last = 0.0094), fitness=-287202095.660042584
21571.04 secs, 2445001 evals, 2445380 steps, improv/step: 0.020 (last = 0.0083), fitness=-287202095.661812425
21601.78 secs, 2447736 evals, 2448115 steps, improv/step: 0.020 (last = 0.0088), fitness=-287202095.677693486
21631.78 secs, 2450491 evals, 2450870 steps, improv/step: 0.020 (last = 0.0076), fitness=-287202095.677693486
21662.55 secs, 2452948 evals, 2453328 steps, improv/step: 0.020 (last = 0.0110), fitness=-287202095.691893220
21692.55 secs, 2455678 evals, 2456058 steps, improv/step: 0.020 (last = 0.0117), fitness=-287202095.699972034
21723.10 secs, 2458170 evals, 2458550 steps, improv/step: 0.020 (last = 0.0080), fitness=-287202095.714656353
21753.10 secs, 2460856 evals, 2461237 steps, improv/step: 0.020 (last = 0.0097), fitness=-287202095.714656353
21783.10 secs, 2463443 evals, 2463824 steps, improv/step: 0.020 (last = 0.0104), fitness=-287202095.719261765
21813.11 secs, 2466151 evals, 2466532 steps, improv/step: 0.020 (last = 0.0096), fitness=-287202095.737724006
21843.11 secs, 2468798 evals, 2469179 steps, improv/step: 0.020 (last = 0.0087), fitness=-287202095.740996122
21874.11 secs, 2471510 evals, 2471891 steps, improv/step: 0.020 (last = 0.0096), fitness=-287202095.755873680
21904.11 secs, 2474322 evals, 2474706 steps, improv/step: 0.020 (last = 0.0107), fitness=-287202095.771182537
21934.12 secs, 2477165 evals, 2477550 steps, improv/step: 0.020 (last = 0.0169), fitness=-287202095.771182537
21964.12 secs, 2480003 evals, 2480388 steps, improv/step: 0.020 (last = 0.0134), fitness=-287202095.801860154
21994.13 secs, 2482765 evals, 2483150 steps, improv/step: 0.020 (last = 0.0167), fitness=-287202095.804044485
22024.13 secs, 2485620 evals, 2486005 steps, improv/step: 0.020 (last = 0.0088), fitness=-287202095.804044485
22054.13 secs, 2488295 evals, 2488680 steps, improv/step: 0.020 (last = 0.0090), fitness=-287202095.804044485
22084.13 secs, 2491197 evals, 2491582 steps, improv/step: 0.020 (last = 0.0124), fitness=-287202095.810245514
22114.23 secs, 2494055 evals, 2494440 steps, improv/step: 0.020 (last = 0.0122), fitness=-287202095.816710949
22144.24 secs, 2497029 evals, 2497414 steps, improv/step: 0.020 (last = 0.0108), fitness=-287202095.828841329
22174.24 secs, 2499929 evals, 2500315 steps, improv/step: 0.020 (last = 0.0128), fitness=-287202095.828841329

Optimization stopped after 2500387 steps and 22174.88 seconds
Termination reason: Max number of function evaluations (2500000) reached
Steps per second = 112.76
Function evals per second = 112.74
Improvements/step = Inf
Total function evaluations = 2500001


Best candidate found: [144.57, 475.681, 122.527, 7.35366, 2.79183e5, 428.536, 689.637, 515.928, 36.3747, 24657.9, 4.6642e-5, 0.000453767, 0.00479659, 0.0375565, 0.333192]

Fitness: -287202095.828841329

-2.872020958288413e8
15-element Vector{Float64}:
    144.56998642269903
    475.6809724473389
    122.52736398977054
      7.3536631634850655
 279183.2959208984
    428.5356302305594
    689.6366878271085
    515.9275590386792
     36.374666443424665
  24657.938287084373
      4.6642038829699755e-5
      0.0004537674502397612
      0.004796586476414076
      0.03755652976725923
      0.3331921143992058
Script has finished
Sat Dec 18 21:52:32 CET 2021

------------------------------------------------------------
Sender: LSF System <schwan@makalu129>
Subject: Job 575419: <Julia_Job_parallel> in cluster <wuerfel> Done

Job <Julia_Job_parallel> was submitted from host <makalu56> by user <magr4985> in cluster <wuerfel> at Sat Dec 18 15:37:48 2021
Job was executed on host(s) <makalu129>, in queue <BatchXL>, as user <magr4985> in cluster <wuerfel> at Sat Dec 18 15:37:58 2021
</usr/scratch4/magr4985> was used as the home directory.
</usr/scratch4/magr4985/TRPL/BatchJobs/C2702_hzb/Run7> was used as the working directory.
Started at Sat Dec 18 15:37:58 2021
Terminated at Sat Dec 18 21:52:32 2021
Results reported at Sat Dec 18 21:52:32 2021

Your job looked like:

------------------------------------------------------------
# LSBATCH: User input
#!/bin/csh 
#BSUB -q BatchXL 
#BSUB -R "mem > 8000 span[hosts=1] && intel_avx2" 
#BSUB -oo lsf_julia_%J.log 
#BSUB -eo lsf_julia_%J.err 
#BSUB -J Julia_Job_parallel 
#BSUB -L /bin/csh 
#BSUB -n 1 
date 
pwd 
module purge 
/usr/scratch4/magr4985/julia-1.6.2/bin/julia -t 4 /usr/scratch4/magr4985/TRPL/Programs/trpl_analysis_real.jl C2702_hzb 1.0e17 2500000 1 /usr/scratch4/magr4985/TRPL/BatchJobs/C2702_hzb/Run7 1.0e-14 3600 "[1.0, 1.0, 1.0, 1.0, 1.0, 1.0, 1.0, 1.0, 1.0, 1.0, 1.0e-6, 1.0e-6, 1.0e-6, 1.0e-6, 1.0e-6, 1.0e-6, 1.0e-6, 1.0e-6, 1.0e-6, 1.0e-6]" "[5000.0, 5000.0, 1000.0, 1000.0, 1.0e9, 1000.0, 10000.0, 10000.0, 1000.0, 1.0e6, 0.5, 0.5, 0.5, 0.5, 0.5, 0.5, 0.5, 0.5, 0.5, 0.5]" 
date
------------------------------------------------------------

Successfully completed.

Resource usage summary:

    CPU time :                                   57226.00 sec.
    Max Memory :                                 6812.23 MB
    Average Memory :                             2334.01 MB
    Total Requested Memory :                     -
    Delta Memory :                               -
    Max Swap :                                   404 KB
    Max Processes :                              4
    Max Threads :                                12
    Run time :                                   22473 sec.
    Turnaround time :                            22484 sec.

The output (if any) is above this job summary.



PS:

Read file <lsf_julia_575419.err> for stderr output of this job.

